remark: /home/ayvol/accelerator_wrapper/src/alveo_hls4ml.cpp:67:19: Loop 'VITIS_LOOP_67_5' is marked as complete unroll implied by the pipeline pragma
remark: /home/ayvol/accelerator_wrapper/src/alveo_hls4ml.cpp:52:19: Loop 'VITIS_LOOP_52_2' is marked as complete unroll implied by the pipeline pragma
remark: /home/ayvol/accelerator_wrapper/src/ereg_v1.cpp:113:15: Loop 'anonymous' is marked as complete unroll implied by the pipeline pragma
remark: /home/ayvol/accelerator_wrapper/src/ereg_v1.cpp:109:14: Loop 'anonymous' is marked as complete unroll implied by the pipeline pragma
remark: /home/ayvol/accelerator_wrapper/src/ereg_v1.cpp:105:14: Loop 'anonymous' is marked as complete unroll implied by the pipeline pragma
remark: /home/ayvol/accelerator_wrapper/src/ereg_v1.cpp:101:14: Loop 'anonymous' is marked as complete unroll implied by the pipeline pragma
remark: /home/ayvol/accelerator_wrapper/src/ereg_v1.cpp:97:14: Loop 'anonymous' is marked as complete unroll implied by the pipeline pragma
remark: /home/ayvol/accelerator_wrapper/src/ereg_v1.cpp:93:14: Loop 'anonymous' is marked as complete unroll implied by the pipeline pragma
remark: /home/ayvol/accelerator_wrapper/src/ereg_v1.cpp:89:14: Loop 'anonymous' is marked as complete unroll implied by the pipeline pragma
remark: /home/ayvol/accelerator_wrapper/src/ereg_v1.cpp:85:14: Loop 'anonymous' is marked as complete unroll implied by the pipeline pragma
remark: /home/ayvol/accelerator_wrapper/src/ereg_v1.cpp:81:11: Loop 'anonymous' is marked as complete unroll implied by the pipeline pragma
remark: /home/ayvol/accelerator_wrapper/src/nnet_utils/nnet_dense.h:195:13: Loop 'Result' is marked as complete unroll implied by the pipeline pragma
remark: /home/ayvol/accelerator_wrapper/src/nnet_utils/nnet_dense.h:184:13: Loop 'Accum1' is marked as complete unroll implied by the pipeline pragma
remark: /home/ayvol/accelerator_wrapper/src/nnet_utils/nnet_dense.h:188:17: Loop 'Accum2' is marked as complete unroll implied by the pipeline pragma
remark: /home/ayvol/accelerator_wrapper/src/nnet_utils/nnet_dense.h:176:17: Loop 'ResetAccum' is marked as complete unroll implied by the pipeline pragma
remark: /home/ayvol/accelerator_wrapper/src/nnet_utils/nnet_dense.h:160:15: Loop 'Product1' is marked as complete unroll implied by the pipeline pragma
remark: /home/ayvol/accelerator_wrapper/src/nnet_utils/nnet_dense.h:165:19: Loop 'Product2' is marked as complete unroll implied by the pipeline pragma
remark: /home/ayvol/accelerator_wrapper/src/nnet_utils/nnet_dense.h:115:32: Loop 'anonymous' is marked as complete unroll implied by the pipeline pragma
remark: /home/ayvol/accelerator_wrapper/src/nnet_utils/nnet_dense.h:114:32: Loop 'anonymous' is marked as complete unroll implied by the pipeline pragma
remark: /home/ayvol/accelerator_wrapper/src/nnet_utils/nnet_activation.h:78:22: Loop 'VITIS_LOOP_78_1' is marked as complete unroll implied by the pipeline pragma
remark: /home/ayvol/accelerator_wrapper/src/nnet_utils/nnet_dense.h:195:13: Loop 'Result' is marked as complete unroll implied by the pipeline pragma
remark: /home/ayvol/accelerator_wrapper/src/nnet_utils/nnet_dense.h:184:13: Loop 'Accum1' is marked as complete unroll implied by the pipeline pragma
remark: /home/ayvol/accelerator_wrapper/src/nnet_utils/nnet_dense.h:188:17: Loop 'Accum2' is marked as complete unroll implied by the pipeline pragma
remark: /home/ayvol/accelerator_wrapper/src/nnet_utils/nnet_dense.h:176:17: Loop 'ResetAccum' is marked as complete unroll implied by the pipeline pragma
remark: /home/ayvol/accelerator_wrapper/src/nnet_utils/nnet_dense.h:160:15: Loop 'Product1' is marked as complete unroll implied by the pipeline pragma
remark: /home/ayvol/accelerator_wrapper/src/nnet_utils/nnet_dense.h:165:19: Loop 'Product2' is marked as complete unroll implied by the pipeline pragma
remark: /home/ayvol/accelerator_wrapper/src/nnet_utils/nnet_dense.h:115:32: Loop 'anonymous' is marked as complete unroll implied by the pipeline pragma
remark: /home/ayvol/accelerator_wrapper/src/nnet_utils/nnet_dense.h:114:32: Loop 'anonymous' is marked as complete unroll implied by the pipeline pragma
remark: /home/ayvol/accelerator_wrapper/src/nnet_utils/nnet_batchnorm.h:80:13: Loop 'Result' is marked as complete unroll implied by the pipeline pragma
remark: /home/ayvol/accelerator_wrapper/src/nnet_utils/nnet_activation.h:78:22: Loop 'VITIS_LOOP_78_1' is marked as complete unroll implied by the pipeline pragma
remark: /home/ayvol/accelerator_wrapper/src/nnet_utils/nnet_dense.h:195:13: Loop 'Result' is marked as complete unroll implied by the pipeline pragma
remark: /home/ayvol/accelerator_wrapper/src/nnet_utils/nnet_dense.h:184:13: Loop 'Accum1' is marked as complete unroll implied by the pipeline pragma
remark: /home/ayvol/accelerator_wrapper/src/nnet_utils/nnet_dense.h:188:17: Loop 'Accum2' is marked as complete unroll implied by the pipeline pragma
remark: /home/ayvol/accelerator_wrapper/src/nnet_utils/nnet_dense.h:176:17: Loop 'ResetAccum' is marked as complete unroll implied by the pipeline pragma
remark: /home/ayvol/accelerator_wrapper/src/nnet_utils/nnet_dense.h:160:15: Loop 'Product1' is marked as complete unroll implied by the pipeline pragma
remark: /home/ayvol/accelerator_wrapper/src/nnet_utils/nnet_dense.h:165:19: Loop 'Product2' is marked as complete unroll implied by the pipeline pragma
remark: /home/ayvol/accelerator_wrapper/src/nnet_utils/nnet_dense.h:115:32: Loop 'anonymous' is marked as complete unroll implied by the pipeline pragma
remark: /home/ayvol/accelerator_wrapper/src/nnet_utils/nnet_dense.h:114:32: Loop 'anonymous' is marked as complete unroll implied by the pipeline pragma
remark: /home/ayvol/accelerator_wrapper/src/nnet_utils/nnet_batchnorm.h:80:13: Loop 'Result' is marked as complete unroll implied by the pipeline pragma
remark: /home/ayvol/accelerator_wrapper/src/nnet_utils/nnet_activation.h:78:22: Loop 'VITIS_LOOP_78_1' is marked as complete unroll implied by the pipeline pragma
remark: /home/ayvol/accelerator_wrapper/src/nnet_utils/nnet_dense.h:195:13: Loop 'Result' is marked as complete unroll implied by the pipeline pragma
remark: /home/ayvol/accelerator_wrapper/src/nnet_utils/nnet_dense.h:184:13: Loop 'Accum1' is marked as complete unroll implied by the pipeline pragma
remark: /home/ayvol/accelerator_wrapper/src/nnet_utils/nnet_dense.h:188:17: Loop 'Accum2' is marked as complete unroll implied by the pipeline pragma
remark: /home/ayvol/accelerator_wrapper/src/nnet_utils/nnet_dense.h:176:17: Loop 'ResetAccum' is marked as complete unroll implied by the pipeline pragma
remark: /home/ayvol/accelerator_wrapper/src/nnet_utils/nnet_dense.h:160:15: Loop 'Product1' is marked as complete unroll implied by the pipeline pragma
remark: /home/ayvol/accelerator_wrapper/src/nnet_utils/nnet_dense.h:165:19: Loop 'Product2' is marked as complete unroll implied by the pipeline pragma
remark: /home/ayvol/accelerator_wrapper/src/nnet_utils/nnet_dense.h:115:32: Loop 'anonymous' is marked as complete unroll implied by the pipeline pragma
remark: /home/ayvol/accelerator_wrapper/src/nnet_utils/nnet_dense.h:114:32: Loop 'anonymous' is marked as complete unroll implied by the pipeline pragma
remark: /home/ayvol/accelerator_wrapper/src/nnet_utils/nnet_batchnorm.h:80:13: Loop 'Result' is marked as complete unroll implied by the pipeline pragma
remark: /home/ayvol/accelerator_wrapper/src/alveo_hls4ml.cpp:40:0: Unrolling loop 'VITIS_LOOP_67_5' (/home/ayvol/accelerator_wrapper/src/alveo_hls4ml.cpp:67:19) in function 'alveo_hls4ml' completely with a factor of 1
remark: /home/ayvol/accelerator_wrapper/src/alveo_hls4ml.cpp:40:0: Unrolling loop 'VITIS_LOOP_52_2' (/home/ayvol/accelerator_wrapper/src/alveo_hls4ml.cpp:52:19) in function 'alveo_hls4ml' completely with a factor of 18
remark: /home/ayvol/accelerator_wrapper/src/ereg_v1.cpp:44:0: Unrolling loop 'anonymous' (/home/ayvol/accelerator_wrapper/src/ereg_v1.cpp:113:15) in function 'ereg_v1' completely with a factor of 3
remark: /home/ayvol/accelerator_wrapper/src/ereg_v1.cpp:44:0: Unrolling loop 'anonymous' (/home/ayvol/accelerator_wrapper/src/ereg_v1.cpp:109:14) in function 'ereg_v1' completely with a factor of 3
remark: /home/ayvol/accelerator_wrapper/src/ereg_v1.cpp:44:0: Unrolling loop 'anonymous' (/home/ayvol/accelerator_wrapper/src/ereg_v1.cpp:105:14) in function 'ereg_v1' completely with a factor of 11
remark: /home/ayvol/accelerator_wrapper/src/ereg_v1.cpp:44:0: Unrolling loop 'anonymous' (/home/ayvol/accelerator_wrapper/src/ereg_v1.cpp:101:14) in function 'ereg_v1' completely with a factor of 11
remark: /home/ayvol/accelerator_wrapper/src/ereg_v1.cpp:44:0: Unrolling loop 'anonymous' (/home/ayvol/accelerator_wrapper/src/ereg_v1.cpp:97:14) in function 'ereg_v1' completely with a factor of 11
remark: /home/ayvol/accelerator_wrapper/src/ereg_v1.cpp:44:0: Unrolling loop 'anonymous' (/home/ayvol/accelerator_wrapper/src/ereg_v1.cpp:93:14) in function 'ereg_v1' completely with a factor of 31
remark: /home/ayvol/accelerator_wrapper/src/ereg_v1.cpp:44:0: Unrolling loop 'anonymous' (/home/ayvol/accelerator_wrapper/src/ereg_v1.cpp:89:14) in function 'ereg_v1' completely with a factor of 31
remark: /home/ayvol/accelerator_wrapper/src/ereg_v1.cpp:44:0: Unrolling loop 'anonymous' (/home/ayvol/accelerator_wrapper/src/ereg_v1.cpp:85:14) in function 'ereg_v1' completely with a factor of 31
remark: /home/ayvol/accelerator_wrapper/src/ereg_v1.cpp:44:0: Unrolling loop 'anonymous' (/home/ayvol/accelerator_wrapper/src/ereg_v1.cpp:81:11) in function 'ereg_v1' completely with a factor of 18
remark: /home/ayvol/accelerator_wrapper/src/nnet_utils/nnet_dense.h:112:0: Unrolling loop 'Result' (/home/ayvol/accelerator_wrapper/src/nnet_utils/nnet_dense.h:195:13) in function 'nnet::dense_latency<ap_fixed<16, 6, (ap_q_mode)5, (ap_o_mode)3, 0>, ap_fixed<16, 6, (ap_q_mode)5, (ap_o_mode)3, 0>, config11>' completely with a factor of 1
remark: /home/ayvol/accelerator_wrapper/src/nnet_utils/nnet_dense.h:112:0: Unrolling loop 'Accum1' (/home/ayvol/accelerator_wrapper/src/nnet_utils/nnet_dense.h:184:13) in function 'nnet::dense_latency<ap_fixed<16, 6, (ap_q_mode)5, (ap_o_mode)3, 0>, ap_fixed<16, 6, (ap_q_mode)5, (ap_o_mode)3, 0>, config11>' completely with a factor of 3
remark: /home/ayvol/accelerator_wrapper/src/nnet_utils/nnet_dense.h:112:0: Unrolling loop 'Accum2' (/home/ayvol/accelerator_wrapper/src/nnet_utils/nnet_dense.h:188:17) in function 'nnet::dense_latency<ap_fixed<16, 6, (ap_q_mode)5, (ap_o_mode)3, 0>, ap_fixed<16, 6, (ap_q_mode)5, (ap_o_mode)3, 0>, config11>' completely with a factor of 1
remark: /home/ayvol/accelerator_wrapper/src/nnet_utils/nnet_dense.h:112:0: Unrolling loop 'Accum2' (/home/ayvol/accelerator_wrapper/src/nnet_utils/nnet_dense.h:188:17) in function 'nnet::dense_latency<ap_fixed<16, 6, (ap_q_mode)5, (ap_o_mode)3, 0>, ap_fixed<16, 6, (ap_q_mode)5, (ap_o_mode)3, 0>, config11>' completely with a factor of 1
remark: /home/ayvol/accelerator_wrapper/src/nnet_utils/nnet_dense.h:112:0: Unrolling loop 'Accum2' (/home/ayvol/accelerator_wrapper/src/nnet_utils/nnet_dense.h:188:17) in function 'nnet::dense_latency<ap_fixed<16, 6, (ap_q_mode)5, (ap_o_mode)3, 0>, ap_fixed<16, 6, (ap_q_mode)5, (ap_o_mode)3, 0>, config11>' completely with a factor of 1
remark: /home/ayvol/accelerator_wrapper/src/nnet_utils/nnet_dense.h:112:0: Unrolling loop 'ResetAccum' (/home/ayvol/accelerator_wrapper/src/nnet_utils/nnet_dense.h:176:17) in function 'nnet::dense_latency<ap_fixed<16, 6, (ap_q_mode)5, (ap_o_mode)3, 0>, ap_fixed<16, 6, (ap_q_mode)5, (ap_o_mode)3, 0>, config11>' completely with a factor of 1
remark: /home/ayvol/accelerator_wrapper/src/nnet_utils/nnet_dense.h:112:0: Unrolling loop 'Product1' (/home/ayvol/accelerator_wrapper/src/nnet_utils/nnet_dense.h:160:15) in function 'nnet::dense_latency<ap_fixed<16, 6, (ap_q_mode)5, (ap_o_mode)3, 0>, ap_fixed<16, 6, (ap_q_mode)5, (ap_o_mode)3, 0>, config11>' completely with a factor of 3
remark: /home/ayvol/accelerator_wrapper/src/nnet_utils/nnet_dense.h:112:0: Unrolling loop 'Product2' (/home/ayvol/accelerator_wrapper/src/nnet_utils/nnet_dense.h:165:19) in function 'nnet::dense_latency<ap_fixed<16, 6, (ap_q_mode)5, (ap_o_mode)3, 0>, ap_fixed<16, 6, (ap_q_mode)5, (ap_o_mode)3, 0>, config11>' completely with a factor of 1
remark: /home/ayvol/accelerator_wrapper/src/nnet_utils/nnet_dense.h:112:0: Unrolling loop 'Product2' (/home/ayvol/accelerator_wrapper/src/nnet_utils/nnet_dense.h:165:19) in function 'nnet::dense_latency<ap_fixed<16, 6, (ap_q_mode)5, (ap_o_mode)3, 0>, ap_fixed<16, 6, (ap_q_mode)5, (ap_o_mode)3, 0>, config11>' completely with a factor of 1
remark: /home/ayvol/accelerator_wrapper/src/nnet_utils/nnet_dense.h:112:0: Unrolling loop 'Product2' (/home/ayvol/accelerator_wrapper/src/nnet_utils/nnet_dense.h:165:19) in function 'nnet::dense_latency<ap_fixed<16, 6, (ap_q_mode)5, (ap_o_mode)3, 0>, ap_fixed<16, 6, (ap_q_mode)5, (ap_o_mode)3, 0>, config11>' completely with a factor of 1
remark: /home/ayvol/accelerator_wrapper/src/nnet_utils/nnet_dense.h:112:0: Unrolling loop 'anonymous' (/home/ayvol/accelerator_wrapper/src/nnet_utils/nnet_dense.h:115:32) in function 'nnet::dense_latency<ap_fixed<16, 6, (ap_q_mode)5, (ap_o_mode)3, 0>, ap_fixed<16, 6, (ap_q_mode)5, (ap_o_mode)3, 0>, config11>' completely with a factor of 1
remark: /home/ayvol/accelerator_wrapper/src/nnet_utils/nnet_dense.h:112:0: Unrolling loop 'anonymous' (/home/ayvol/accelerator_wrapper/src/nnet_utils/nnet_dense.h:114:32) in function 'nnet::dense_latency<ap_fixed<16, 6, (ap_q_mode)5, (ap_o_mode)3, 0>, ap_fixed<16, 6, (ap_q_mode)5, (ap_o_mode)3, 0>, config11>' completely with a factor of 3
remark: /home/ayvol/accelerator_wrapper/src/nnet_utils/nnet_activation.h:72:0: Unrolling loop 'VITIS_LOOP_78_1' (/home/ayvol/accelerator_wrapper/src/nnet_utils/nnet_activation.h:78:22) in function 'nnet::relu<ap_fixed<16, 6, (ap_q_mode)5, (ap_o_mode)3, 0>, ap_fixed<16, 6, (ap_q_mode)5, (ap_o_mode)3, 0>, relu_config10>' completely with a factor of 3
remark: /home/ayvol/accelerator_wrapper/src/nnet_utils/nnet_dense.h:112:0: Unrolling loop 'Result' (/home/ayvol/accelerator_wrapper/src/nnet_utils/nnet_dense.h:195:13) in function 'nnet::dense_latency<ap_fixed<16, 6, (ap_q_mode)5, (ap_o_mode)3, 0>, ap_fixed<16, 6, (ap_q_mode)5, (ap_o_mode)3, 0>, config9>' completely with a factor of 3
remark: /home/ayvol/accelerator_wrapper/src/nnet_utils/nnet_dense.h:112:0: Unrolling loop 'Accum1' (/home/ayvol/accelerator_wrapper/src/nnet_utils/nnet_dense.h:184:13) in function 'nnet::dense_latency<ap_fixed<16, 6, (ap_q_mode)5, (ap_o_mode)3, 0>, ap_fixed<16, 6, (ap_q_mode)5, (ap_o_mode)3, 0>, config9>' completely with a factor of 11
remark: /home/ayvol/accelerator_wrapper/src/nnet_utils/nnet_dense.h:112:0: Unrolling loop 'Accum2' (/home/ayvol/accelerator_wrapper/src/nnet_utils/nnet_dense.h:188:17) in function 'nnet::dense_latency<ap_fixed<16, 6, (ap_q_mode)5, (ap_o_mode)3, 0>, ap_fixed<16, 6, (ap_q_mode)5, (ap_o_mode)3, 0>, config9>' completely with a factor of 3
remark: /home/ayvol/accelerator_wrapper/src/nnet_utils/nnet_dense.h:112:0: Unrolling loop 'Accum2' (/home/ayvol/accelerator_wrapper/src/nnet_utils/nnet_dense.h:188:17) in function 'nnet::dense_latency<ap_fixed<16, 6, (ap_q_mode)5, (ap_o_mode)3, 0>, ap_fixed<16, 6, (ap_q_mode)5, (ap_o_mode)3, 0>, config9>' completely with a factor of 3
remark: /home/ayvol/accelerator_wrapper/src/nnet_utils/nnet_dense.h:112:0: Unrolling loop 'Accum2' (/home/ayvol/accelerator_wrapper/src/nnet_utils/nnet_dense.h:188:17) in function 'nnet::dense_latency<ap_fixed<16, 6, (ap_q_mode)5, (ap_o_mode)3, 0>, ap_fixed<16, 6, (ap_q_mode)5, (ap_o_mode)3, 0>, config9>' completely with a factor of 3
remark: /home/ayvol/accelerator_wrapper/src/nnet_utils/nnet_dense.h:112:0: Unrolling loop 'Accum2' (/home/ayvol/accelerator_wrapper/src/nnet_utils/nnet_dense.h:188:17) in function 'nnet::dense_latency<ap_fixed<16, 6, (ap_q_mode)5, (ap_o_mode)3, 0>, ap_fixed<16, 6, (ap_q_mode)5, (ap_o_mode)3, 0>, config9>' completely with a factor of 3
remark: /home/ayvol/accelerator_wrapper/src/nnet_utils/nnet_dense.h:112:0: Unrolling loop 'Accum2' (/home/ayvol/accelerator_wrapper/src/nnet_utils/nnet_dense.h:188:17) in function 'nnet::dense_latency<ap_fixed<16, 6, (ap_q_mode)5, (ap_o_mode)3, 0>, ap_fixed<16, 6, (ap_q_mode)5, (ap_o_mode)3, 0>, config9>' completely with a factor of 3
remark: /home/ayvol/accelerator_wrapper/src/nnet_utils/nnet_dense.h:112:0: Unrolling loop 'Accum2' (/home/ayvol/accelerator_wrapper/src/nnet_utils/nnet_dense.h:188:17) in function 'nnet::dense_latency<ap_fixed<16, 6, (ap_q_mode)5, (ap_o_mode)3, 0>, ap_fixed<16, 6, (ap_q_mode)5, (ap_o_mode)3, 0>, config9>' completely with a factor of 3
remark: /home/ayvol/accelerator_wrapper/src/nnet_utils/nnet_dense.h:112:0: Unrolling loop 'Accum2' (/home/ayvol/accelerator_wrapper/src/nnet_utils/nnet_dense.h:188:17) in function 'nnet::dense_latency<ap_fixed<16, 6, (ap_q_mode)5, (ap_o_mode)3, 0>, ap_fixed<16, 6, (ap_q_mode)5, (ap_o_mode)3, 0>, config9>' completely with a factor of 3
remark: /home/ayvol/accelerator_wrapper/src/nnet_utils/nnet_dense.h:112:0: Unrolling loop 'Accum2' (/home/ayvol/accelerator_wrapper/src/nnet_utils/nnet_dense.h:188:17) in function 'nnet::dense_latency<ap_fixed<16, 6, (ap_q_mode)5, (ap_o_mode)3, 0>, ap_fixed<16, 6, (ap_q_mode)5, (ap_o_mode)3, 0>, config9>' completely with a factor of 3
remark: /home/ayvol/accelerator_wrapper/src/nnet_utils/nnet_dense.h:112:0: Unrolling loop 'Accum2' (/home/ayvol/accelerator_wrapper/src/nnet_utils/nnet_dense.h:188:17) in function 'nnet::dense_latency<ap_fixed<16, 6, (ap_q_mode)5, (ap_o_mode)3, 0>, ap_fixed<16, 6, (ap_q_mode)5, (ap_o_mode)3, 0>, config9>' completely with a factor of 3
remark: /home/ayvol/accelerator_wrapper/src/nnet_utils/nnet_dense.h:112:0: Unrolling loop 'Accum2' (/home/ayvol/accelerator_wrapper/src/nnet_utils/nnet_dense.h:188:17) in function 'nnet::dense_latency<ap_fixed<16, 6, (ap_q_mode)5, (ap_o_mode)3, 0>, ap_fixed<16, 6, (ap_q_mode)5, (ap_o_mode)3, 0>, config9>' completely with a factor of 3
remark: /home/ayvol/accelerator_wrapper/src/nnet_utils/nnet_dense.h:112:0: Unrolling loop 'Accum2' (/home/ayvol/accelerator_wrapper/src/nnet_utils/nnet_dense.h:188:17) in function 'nnet::dense_latency<ap_fixed<16, 6, (ap_q_mode)5, (ap_o_mode)3, 0>, ap_fixed<16, 6, (ap_q_mode)5, (ap_o_mode)3, 0>, config9>' completely with a factor of 3
remark: /home/ayvol/accelerator_wrapper/src/nnet_utils/nnet_dense.h:112:0: Unrolling loop 'ResetAccum' (/home/ayvol/accelerator_wrapper/src/nnet_utils/nnet_dense.h:176:17) in function 'nnet::dense_latency<ap_fixed<16, 6, (ap_q_mode)5, (ap_o_mode)3, 0>, ap_fixed<16, 6, (ap_q_mode)5, (ap_o_mode)3, 0>, config9>' completely with a factor of 3
remark: /home/ayvol/accelerator_wrapper/src/nnet_utils/nnet_dense.h:112:0: Unrolling loop 'Product1' (/home/ayvol/accelerator_wrapper/src/nnet_utils/nnet_dense.h:160:15) in function 'nnet::dense_latency<ap_fixed<16, 6, (ap_q_mode)5, (ap_o_mode)3, 0>, ap_fixed<16, 6, (ap_q_mode)5, (ap_o_mode)3, 0>, config9>' completely with a factor of 11
remark: /home/ayvol/accelerator_wrapper/src/nnet_utils/nnet_dense.h:112:0: Unrolling loop 'Product2' (/home/ayvol/accelerator_wrapper/src/nnet_utils/nnet_dense.h:165:19) in function 'nnet::dense_latency<ap_fixed<16, 6, (ap_q_mode)5, (ap_o_mode)3, 0>, ap_fixed<16, 6, (ap_q_mode)5, (ap_o_mode)3, 0>, config9>' completely with a factor of 3
remark: /home/ayvol/accelerator_wrapper/src/nnet_utils/nnet_dense.h:112:0: Unrolling loop 'Product2' (/home/ayvol/accelerator_wrapper/src/nnet_utils/nnet_dense.h:165:19) in function 'nnet::dense_latency<ap_fixed<16, 6, (ap_q_mode)5, (ap_o_mode)3, 0>, ap_fixed<16, 6, (ap_q_mode)5, (ap_o_mode)3, 0>, config9>' completely with a factor of 3
remark: /home/ayvol/accelerator_wrapper/src/nnet_utils/nnet_dense.h:112:0: Unrolling loop 'Product2' (/home/ayvol/accelerator_wrapper/src/nnet_utils/nnet_dense.h:165:19) in function 'nnet::dense_latency<ap_fixed<16, 6, (ap_q_mode)5, (ap_o_mode)3, 0>, ap_fixed<16, 6, (ap_q_mode)5, (ap_o_mode)3, 0>, config9>' completely with a factor of 3
remark: /home/ayvol/accelerator_wrapper/src/nnet_utils/nnet_dense.h:112:0: Unrolling loop 'Product2' (/home/ayvol/accelerator_wrapper/src/nnet_utils/nnet_dense.h:165:19) in function 'nnet::dense_latency<ap_fixed<16, 6, (ap_q_mode)5, (ap_o_mode)3, 0>, ap_fixed<16, 6, (ap_q_mode)5, (ap_o_mode)3, 0>, config9>' completely with a factor of 3
remark: /home/ayvol/accelerator_wrapper/src/nnet_utils/nnet_dense.h:112:0: Unrolling loop 'Product2' (/home/ayvol/accelerator_wrapper/src/nnet_utils/nnet_dense.h:165:19) in function 'nnet::dense_latency<ap_fixed<16, 6, (ap_q_mode)5, (ap_o_mode)3, 0>, ap_fixed<16, 6, (ap_q_mode)5, (ap_o_mode)3, 0>, config9>' completely with a factor of 3
remark: /home/ayvol/accelerator_wrapper/src/nnet_utils/nnet_dense.h:112:0: Unrolling loop 'Product2' (/home/ayvol/accelerator_wrapper/src/nnet_utils/nnet_dense.h:165:19) in function 'nnet::dense_latency<ap_fixed<16, 6, (ap_q_mode)5, (ap_o_mode)3, 0>, ap_fixed<16, 6, (ap_q_mode)5, (ap_o_mode)3, 0>, config9>' completely with a factor of 3
remark: /home/ayvol/accelerator_wrapper/src/nnet_utils/nnet_dense.h:112:0: Unrolling loop 'Product2' (/home/ayvol/accelerator_wrapper/src/nnet_utils/nnet_dense.h:165:19) in function 'nnet::dense_latency<ap_fixed<16, 6, (ap_q_mode)5, (ap_o_mode)3, 0>, ap_fixed<16, 6, (ap_q_mode)5, (ap_o_mode)3, 0>, config9>' completely with a factor of 3
remark: /home/ayvol/accelerator_wrapper/src/nnet_utils/nnet_dense.h:112:0: Unrolling loop 'Product2' (/home/ayvol/accelerator_wrapper/src/nnet_utils/nnet_dense.h:165:19) in function 'nnet::dense_latency<ap_fixed<16, 6, (ap_q_mode)5, (ap_o_mode)3, 0>, ap_fixed<16, 6, (ap_q_mode)5, (ap_o_mode)3, 0>, config9>' completely with a factor of 3
remark: /home/ayvol/accelerator_wrapper/src/nnet_utils/nnet_dense.h:112:0: Unrolling loop 'Product2' (/home/ayvol/accelerator_wrapper/src/nnet_utils/nnet_dense.h:165:19) in function 'nnet::dense_latency<ap_fixed<16, 6, (ap_q_mode)5, (ap_o_mode)3, 0>, ap_fixed<16, 6, (ap_q_mode)5, (ap_o_mode)3, 0>, config9>' completely with a factor of 3
remark: /home/ayvol/accelerator_wrapper/src/nnet_utils/nnet_dense.h:112:0: Unrolling loop 'Product2' (/home/ayvol/accelerator_wrapper/src/nnet_utils/nnet_dense.h:165:19) in function 'nnet::dense_latency<ap_fixed<16, 6, (ap_q_mode)5, (ap_o_mode)3, 0>, ap_fixed<16, 6, (ap_q_mode)5, (ap_o_mode)3, 0>, config9>' completely with a factor of 3
remark: /home/ayvol/accelerator_wrapper/src/nnet_utils/nnet_dense.h:112:0: Unrolling loop 'Product2' (/home/ayvol/accelerator_wrapper/src/nnet_utils/nnet_dense.h:165:19) in function 'nnet::dense_latency<ap_fixed<16, 6, (ap_q_mode)5, (ap_o_mode)3, 0>, ap_fixed<16, 6, (ap_q_mode)5, (ap_o_mode)3, 0>, config9>' completely with a factor of 3
remark: /home/ayvol/accelerator_wrapper/src/nnet_utils/nnet_dense.h:112:0: Unrolling loop 'anonymous' (/home/ayvol/accelerator_wrapper/src/nnet_utils/nnet_dense.h:115:32) in function 'nnet::dense_latency<ap_fixed<16, 6, (ap_q_mode)5, (ap_o_mode)3, 0>, ap_fixed<16, 6, (ap_q_mode)5, (ap_o_mode)3, 0>, config9>' completely with a factor of 3
remark: /home/ayvol/accelerator_wrapper/src/nnet_utils/nnet_dense.h:112:0: Unrolling loop 'anonymous' (/home/ayvol/accelerator_wrapper/src/nnet_utils/nnet_dense.h:114:32) in function 'nnet::dense_latency<ap_fixed<16, 6, (ap_q_mode)5, (ap_o_mode)3, 0>, ap_fixed<16, 6, (ap_q_mode)5, (ap_o_mode)3, 0>, config9>' completely with a factor of 33
remark: /home/ayvol/accelerator_wrapper/src/nnet_utils/nnet_batchnorm.h:54:0: Unrolling loop 'Result' (/home/ayvol/accelerator_wrapper/src/nnet_utils/nnet_batchnorm.h:80:13) in function 'nnet::normalize<ap_fixed<16, 6, (ap_q_mode)5, (ap_o_mode)3, 0>, ap_fixed<16, 6, (ap_q_mode)5, (ap_o_mode)3, 0>, config8>' completely with a factor of 11
remark: /home/ayvol/accelerator_wrapper/src/nnet_utils/nnet_activation.h:72:0: Unrolling loop 'VITIS_LOOP_78_1' (/home/ayvol/accelerator_wrapper/src/nnet_utils/nnet_activation.h:78:22) in function 'nnet::relu<ap_fixed<16, 6, (ap_q_mode)5, (ap_o_mode)3, 0>, ap_fixed<16, 6, (ap_q_mode)5, (ap_o_mode)3, 0>, relu_config7>' completely with a factor of 11
remark: /home/ayvol/accelerator_wrapper/src/nnet_utils/nnet_dense.h:112:0: Unrolling loop 'Result' (/home/ayvol/accelerator_wrapper/src/nnet_utils/nnet_dense.h:195:13) in function 'nnet::dense_latency<ap_fixed<16, 6, (ap_q_mode)5, (ap_o_mode)3, 0>, ap_fixed<16, 6, (ap_q_mode)5, (ap_o_mode)3, 0>, config6>' completely with a factor of 11
remark: /home/ayvol/accelerator_wrapper/src/nnet_utils/nnet_dense.h:112:0: Unrolling loop 'Accum1' (/home/ayvol/accelerator_wrapper/src/nnet_utils/nnet_dense.h:184:13) in function 'nnet::dense_latency<ap_fixed<16, 6, (ap_q_mode)5, (ap_o_mode)3, 0>, ap_fixed<16, 6, (ap_q_mode)5, (ap_o_mode)3, 0>, config6>' completely with a factor of 31
remark: /home/ayvol/accelerator_wrapper/src/nnet_utils/nnet_dense.h:112:0: Unrolling loop 'Accum2' (/home/ayvol/accelerator_wrapper/src/nnet_utils/nnet_dense.h:188:17) in function 'nnet::dense_latency<ap_fixed<16, 6, (ap_q_mode)5, (ap_o_mode)3, 0>, ap_fixed<16, 6, (ap_q_mode)5, (ap_o_mode)3, 0>, config6>' completely with a factor of 11
remark: /home/ayvol/accelerator_wrapper/src/nnet_utils/nnet_dense.h:112:0: Unrolling loop 'Accum2' (/home/ayvol/accelerator_wrapper/src/nnet_utils/nnet_dense.h:188:17) in function 'nnet::dense_latency<ap_fixed<16, 6, (ap_q_mode)5, (ap_o_mode)3, 0>, ap_fixed<16, 6, (ap_q_mode)5, (ap_o_mode)3, 0>, config6>' completely with a factor of 11
remark: /home/ayvol/accelerator_wrapper/src/nnet_utils/nnet_dense.h:112:0: Unrolling loop 'Accum2' (/home/ayvol/accelerator_wrapper/src/nnet_utils/nnet_dense.h:188:17) in function 'nnet::dense_latency<ap_fixed<16, 6, (ap_q_mode)5, (ap_o_mode)3, 0>, ap_fixed<16, 6, (ap_q_mode)5, (ap_o_mode)3, 0>, config6>' completely with a factor of 11
remark: /home/ayvol/accelerator_wrapper/src/nnet_utils/nnet_dense.h:112:0: Unrolling loop 'Accum2' (/home/ayvol/accelerator_wrapper/src/nnet_utils/nnet_dense.h:188:17) in function 'nnet::dense_latency<ap_fixed<16, 6, (ap_q_mode)5, (ap_o_mode)3, 0>, ap_fixed<16, 6, (ap_q_mode)5, (ap_o_mode)3, 0>, config6>' completely with a factor of 11
remark: /home/ayvol/accelerator_wrapper/src/nnet_utils/nnet_dense.h:112:0: Unrolling loop 'Accum2' (/home/ayvol/accelerator_wrapper/src/nnet_utils/nnet_dense.h:188:17) in function 'nnet::dense_latency<ap_fixed<16, 6, (ap_q_mode)5, (ap_o_mode)3, 0>, ap_fixed<16, 6, (ap_q_mode)5, (ap_o_mode)3, 0>, config6>' completely with a factor of 11
remark: /home/ayvol/accelerator_wrapper/src/nnet_utils/nnet_dense.h:112:0: Unrolling loop 'Accum2' (/home/ayvol/accelerator_wrapper/src/nnet_utils/nnet_dense.h:188:17) in function 'nnet::dense_latency<ap_fixed<16, 6, (ap_q_mode)5, (ap_o_mode)3, 0>, ap_fixed<16, 6, (ap_q_mode)5, (ap_o_mode)3, 0>, config6>' completely with a factor of 11
remark: /home/ayvol/accelerator_wrapper/src/nnet_utils/nnet_dense.h:112:0: Unrolling loop 'Accum2' (/home/ayvol/accelerator_wrapper/src/nnet_utils/nnet_dense.h:188:17) in function 'nnet::dense_latency<ap_fixed<16, 6, (ap_q_mode)5, (ap_o_mode)3, 0>, ap_fixed<16, 6, (ap_q_mode)5, (ap_o_mode)3, 0>, config6>' completely with a factor of 11
remark: /home/ayvol/accelerator_wrapper/src/nnet_utils/nnet_dense.h:112:0: Unrolling loop 'Accum2' (/home/ayvol/accelerator_wrapper/src/nnet_utils/nnet_dense.h:188:17) in function 'nnet::dense_latency<ap_fixed<16, 6, (ap_q_mode)5, (ap_o_mode)3, 0>, ap_fixed<16, 6, (ap_q_mode)5, (ap_o_mode)3, 0>, config6>' completely with a factor of 11
remark: /home/ayvol/accelerator_wrapper/src/nnet_utils/nnet_dense.h:112:0: Unrolling loop 'Accum2' (/home/ayvol/accelerator_wrapper/src/nnet_utils/nnet_dense.h:188:17) in function 'nnet::dense_latency<ap_fixed<16, 6, (ap_q_mode)5, (ap_o_mode)3, 0>, ap_fixed<16, 6, (ap_q_mode)5, (ap_o_mode)3, 0>, config6>' completely with a factor of 11
remark: /home/ayvol/accelerator_wrapper/src/nnet_utils/nnet_dense.h:112:0: Unrolling loop 'Accum2' (/home/ayvol/accelerator_wrapper/src/nnet_utils/nnet_dense.h:188:17) in function 'nnet::dense_latency<ap_fixed<16, 6, (ap_q_mode)5, (ap_o_mode)3, 0>, ap_fixed<16, 6, (ap_q_mode)5, (ap_o_mode)3, 0>, config6>' completely with a factor of 11
remark: /home/ayvol/accelerator_wrapper/src/nnet_utils/nnet_dense.h:112:0: Unrolling loop 'Accum2' (/home/ayvol/accelerator_wrapper/src/nnet_utils/nnet_dense.h:188:17) in function 'nnet::dense_latency<ap_fixed<16, 6, (ap_q_mode)5, (ap_o_mode)3, 0>, ap_fixed<16, 6, (ap_q_mode)5, (ap_o_mode)3, 0>, config6>' completely with a factor of 11
remark: /home/ayvol/accelerator_wrapper/src/nnet_utils/nnet_dense.h:112:0: Unrolling loop 'Accum2' (/home/ayvol/accelerator_wrapper/src/nnet_utils/nnet_dense.h:188:17) in function 'nnet::dense_latency<ap_fixed<16, 6, (ap_q_mode)5, (ap_o_mode)3, 0>, ap_fixed<16, 6, (ap_q_mode)5, (ap_o_mode)3, 0>, config6>' completely with a factor of 11
remark: /home/ayvol/accelerator_wrapper/src/nnet_utils/nnet_dense.h:112:0: Unrolling loop 'Accum2' (/home/ayvol/accelerator_wrapper/src/nnet_utils/nnet_dense.h:188:17) in function 'nnet::dense_latency<ap_fixed<16, 6, (ap_q_mode)5, (ap_o_mode)3, 0>, ap_fixed<16, 6, (ap_q_mode)5, (ap_o_mode)3, 0>, config6>' completely with a factor of 11
remark: /home/ayvol/accelerator_wrapper/src/nnet_utils/nnet_dense.h:112:0: Unrolling loop 'Accum2' (/home/ayvol/accelerator_wrapper/src/nnet_utils/nnet_dense.h:188:17) in function 'nnet::dense_latency<ap_fixed<16, 6, (ap_q_mode)5, (ap_o_mode)3, 0>, ap_fixed<16, 6, (ap_q_mode)5, (ap_o_mode)3, 0>, config6>' completely with a factor of 11
remark: /home/ayvol/accelerator_wrapper/src/nnet_utils/nnet_dense.h:112:0: Unrolling loop 'Accum2' (/home/ayvol/accelerator_wrapper/src/nnet_utils/nnet_dense.h:188:17) in function 'nnet::dense_latency<ap_fixed<16, 6, (ap_q_mode)5, (ap_o_mode)3, 0>, ap_fixed<16, 6, (ap_q_mode)5, (ap_o_mode)3, 0>, config6>' completely with a factor of 11
remark: /home/ayvol/accelerator_wrapper/src/nnet_utils/nnet_dense.h:112:0: Unrolling loop 'Accum2' (/home/ayvol/accelerator_wrapper/src/nnet_utils/nnet_dense.h:188:17) in function 'nnet::dense_latency<ap_fixed<16, 6, (ap_q_mode)5, (ap_o_mode)3, 0>, ap_fixed<16, 6, (ap_q_mode)5, (ap_o_mode)3, 0>, config6>' completely with a factor of 11
remark: /home/ayvol/accelerator_wrapper/src/nnet_utils/nnet_dense.h:112:0: Unrolling loop 'Accum2' (/home/ayvol/accelerator_wrapper/src/nnet_utils/nnet_dense.h:188:17) in function 'nnet::dense_latency<ap_fixed<16, 6, (ap_q_mode)5, (ap_o_mode)3, 0>, ap_fixed<16, 6, (ap_q_mode)5, (ap_o_mode)3, 0>, config6>' completely with a factor of 11
remark: /home/ayvol/accelerator_wrapper/src/nnet_utils/nnet_dense.h:112:0: Unrolling loop 'Accum2' (/home/ayvol/accelerator_wrapper/src/nnet_utils/nnet_dense.h:188:17) in function 'nnet::dense_latency<ap_fixed<16, 6, (ap_q_mode)5, (ap_o_mode)3, 0>, ap_fixed<16, 6, (ap_q_mode)5, (ap_o_mode)3, 0>, config6>' completely with a factor of 11
remark: /home/ayvol/accelerator_wrapper/src/nnet_utils/nnet_dense.h:112:0: Unrolling loop 'Accum2' (/home/ayvol/accelerator_wrapper/src/nnet_utils/nnet_dense.h:188:17) in function 'nnet::dense_latency<ap_fixed<16, 6, (ap_q_mode)5, (ap_o_mode)3, 0>, ap_fixed<16, 6, (ap_q_mode)5, (ap_o_mode)3, 0>, config6>' completely with a factor of 11
remark: /home/ayvol/accelerator_wrapper/src/nnet_utils/nnet_dense.h:112:0: Unrolling loop 'Accum2' (/home/ayvol/accelerator_wrapper/src/nnet_utils/nnet_dense.h:188:17) in function 'nnet::dense_latency<ap_fixed<16, 6, (ap_q_mode)5, (ap_o_mode)3, 0>, ap_fixed<16, 6, (ap_q_mode)5, (ap_o_mode)3, 0>, config6>' completely with a factor of 11
remark: /home/ayvol/accelerator_wrapper/src/nnet_utils/nnet_dense.h:112:0: Unrolling loop 'Accum2' (/home/ayvol/accelerator_wrapper/src/nnet_utils/nnet_dense.h:188:17) in function 'nnet::dense_latency<ap_fixed<16, 6, (ap_q_mode)5, (ap_o_mode)3, 0>, ap_fixed<16, 6, (ap_q_mode)5, (ap_o_mode)3, 0>, config6>' completely with a factor of 11
remark: /home/ayvol/accelerator_wrapper/src/nnet_utils/nnet_dense.h:112:0: Unrolling loop 'Accum2' (/home/ayvol/accelerator_wrapper/src/nnet_utils/nnet_dense.h:188:17) in function 'nnet::dense_latency<ap_fixed<16, 6, (ap_q_mode)5, (ap_o_mode)3, 0>, ap_fixed<16, 6, (ap_q_mode)5, (ap_o_mode)3, 0>, config6>' completely with a factor of 11
remark: /home/ayvol/accelerator_wrapper/src/nnet_utils/nnet_dense.h:112:0: Unrolling loop 'Accum2' (/home/ayvol/accelerator_wrapper/src/nnet_utils/nnet_dense.h:188:17) in function 'nnet::dense_latency<ap_fixed<16, 6, (ap_q_mode)5, (ap_o_mode)3, 0>, ap_fixed<16, 6, (ap_q_mode)5, (ap_o_mode)3, 0>, config6>' completely with a factor of 11
remark: /home/ayvol/accelerator_wrapper/src/nnet_utils/nnet_dense.h:112:0: Unrolling loop 'Accum2' (/home/ayvol/accelerator_wrapper/src/nnet_utils/nnet_dense.h:188:17) in function 'nnet::dense_latency<ap_fixed<16, 6, (ap_q_mode)5, (ap_o_mode)3, 0>, ap_fixed<16, 6, (ap_q_mode)5, (ap_o_mode)3, 0>, config6>' completely with a factor of 11
remark: /home/ayvol/accelerator_wrapper/src/nnet_utils/nnet_dense.h:112:0: Unrolling loop 'Accum2' (/home/ayvol/accelerator_wrapper/src/nnet_utils/nnet_dense.h:188:17) in function 'nnet::dense_latency<ap_fixed<16, 6, (ap_q_mode)5, (ap_o_mode)3, 0>, ap_fixed<16, 6, (ap_q_mode)5, (ap_o_mode)3, 0>, config6>' completely with a factor of 11
remark: /home/ayvol/accelerator_wrapper/src/nnet_utils/nnet_dense.h:112:0: Unrolling loop 'Accum2' (/home/ayvol/accelerator_wrapper/src/nnet_utils/nnet_dense.h:188:17) in function 'nnet::dense_latency<ap_fixed<16, 6, (ap_q_mode)5, (ap_o_mode)3, 0>, ap_fixed<16, 6, (ap_q_mode)5, (ap_o_mode)3, 0>, config6>' completely with a factor of 11
remark: /home/ayvol/accelerator_wrapper/src/nnet_utils/nnet_dense.h:112:0: Unrolling loop 'Accum2' (/home/ayvol/accelerator_wrapper/src/nnet_utils/nnet_dense.h:188:17) in function 'nnet::dense_latency<ap_fixed<16, 6, (ap_q_mode)5, (ap_o_mode)3, 0>, ap_fixed<16, 6, (ap_q_mode)5, (ap_o_mode)3, 0>, config6>' completely with a factor of 11
remark: /home/ayvol/accelerator_wrapper/src/nnet_utils/nnet_dense.h:112:0: Unrolling loop 'Accum2' (/home/ayvol/accelerator_wrapper/src/nnet_utils/nnet_dense.h:188:17) in function 'nnet::dense_latency<ap_fixed<16, 6, (ap_q_mode)5, (ap_o_mode)3, 0>, ap_fixed<16, 6, (ap_q_mode)5, (ap_o_mode)3, 0>, config6>' completely with a factor of 11
remark: /home/ayvol/accelerator_wrapper/src/nnet_utils/nnet_dense.h:112:0: Unrolling loop 'Accum2' (/home/ayvol/accelerator_wrapper/src/nnet_utils/nnet_dense.h:188:17) in function 'nnet::dense_latency<ap_fixed<16, 6, (ap_q_mode)5, (ap_o_mode)3, 0>, ap_fixed<16, 6, (ap_q_mode)5, (ap_o_mode)3, 0>, config6>' completely with a factor of 11
remark: /home/ayvol/accelerator_wrapper/src/nnet_utils/nnet_dense.h:112:0: Unrolling loop 'Accum2' (/home/ayvol/accelerator_wrapper/src/nnet_utils/nnet_dense.h:188:17) in function 'nnet::dense_latency<ap_fixed<16, 6, (ap_q_mode)5, (ap_o_mode)3, 0>, ap_fixed<16, 6, (ap_q_mode)5, (ap_o_mode)3, 0>, config6>' completely with a factor of 11
remark: /home/ayvol/accelerator_wrapper/src/nnet_utils/nnet_dense.h:112:0: Unrolling loop 'Accum2' (/home/ayvol/accelerator_wrapper/src/nnet_utils/nnet_dense.h:188:17) in function 'nnet::dense_latency<ap_fixed<16, 6, (ap_q_mode)5, (ap_o_mode)3, 0>, ap_fixed<16, 6, (ap_q_mode)5, (ap_o_mode)3, 0>, config6>' completely with a factor of 11
remark: /home/ayvol/accelerator_wrapper/src/nnet_utils/nnet_dense.h:112:0: Unrolling loop 'ResetAccum' (/home/ayvol/accelerator_wrapper/src/nnet_utils/nnet_dense.h:176:17) in function 'nnet::dense_latency<ap_fixed<16, 6, (ap_q_mode)5, (ap_o_mode)3, 0>, ap_fixed<16, 6, (ap_q_mode)5, (ap_o_mode)3, 0>, config6>' completely with a factor of 11
remark: /home/ayvol/accelerator_wrapper/src/nnet_utils/nnet_dense.h:112:0: Unrolling loop 'Product1' (/home/ayvol/accelerator_wrapper/src/nnet_utils/nnet_dense.h:160:15) in function 'nnet::dense_latency<ap_fixed<16, 6, (ap_q_mode)5, (ap_o_mode)3, 0>, ap_fixed<16, 6, (ap_q_mode)5, (ap_o_mode)3, 0>, config6>' completely with a factor of 31
remark: /home/ayvol/accelerator_wrapper/src/nnet_utils/nnet_dense.h:112:0: Unrolling loop 'Product2' (/home/ayvol/accelerator_wrapper/src/nnet_utils/nnet_dense.h:165:19) in function 'nnet::dense_latency<ap_fixed<16, 6, (ap_q_mode)5, (ap_o_mode)3, 0>, ap_fixed<16, 6, (ap_q_mode)5, (ap_o_mode)3, 0>, config6>' completely with a factor of 11
remark: /home/ayvol/accelerator_wrapper/src/nnet_utils/nnet_dense.h:112:0: Unrolling loop 'Product2' (/home/ayvol/accelerator_wrapper/src/nnet_utils/nnet_dense.h:165:19) in function 'nnet::dense_latency<ap_fixed<16, 6, (ap_q_mode)5, (ap_o_mode)3, 0>, ap_fixed<16, 6, (ap_q_mode)5, (ap_o_mode)3, 0>, config6>' completely with a factor of 11
remark: /home/ayvol/accelerator_wrapper/src/nnet_utils/nnet_dense.h:112:0: Unrolling loop 'Product2' (/home/ayvol/accelerator_wrapper/src/nnet_utils/nnet_dense.h:165:19) in function 'nnet::dense_latency<ap_fixed<16, 6, (ap_q_mode)5, (ap_o_mode)3, 0>, ap_fixed<16, 6, (ap_q_mode)5, (ap_o_mode)3, 0>, config6>' completely with a factor of 11
remark: /home/ayvol/accelerator_wrapper/src/nnet_utils/nnet_dense.h:112:0: Unrolling loop 'Product2' (/home/ayvol/accelerator_wrapper/src/nnet_utils/nnet_dense.h:165:19) in function 'nnet::dense_latency<ap_fixed<16, 6, (ap_q_mode)5, (ap_o_mode)3, 0>, ap_fixed<16, 6, (ap_q_mode)5, (ap_o_mode)3, 0>, config6>' completely with a factor of 11
remark: /home/ayvol/accelerator_wrapper/src/nnet_utils/nnet_dense.h:112:0: Unrolling loop 'Product2' (/home/ayvol/accelerator_wrapper/src/nnet_utils/nnet_dense.h:165:19) in function 'nnet::dense_latency<ap_fixed<16, 6, (ap_q_mode)5, (ap_o_mode)3, 0>, ap_fixed<16, 6, (ap_q_mode)5, (ap_o_mode)3, 0>, config6>' completely with a factor of 11
remark: /home/ayvol/accelerator_wrapper/src/nnet_utils/nnet_dense.h:112:0: Unrolling loop 'Product2' (/home/ayvol/accelerator_wrapper/src/nnet_utils/nnet_dense.h:165:19) in function 'nnet::dense_latency<ap_fixed<16, 6, (ap_q_mode)5, (ap_o_mode)3, 0>, ap_fixed<16, 6, (ap_q_mode)5, (ap_o_mode)3, 0>, config6>' completely with a factor of 11
remark: /home/ayvol/accelerator_wrapper/src/nnet_utils/nnet_dense.h:112:0: Unrolling loop 'Product2' (/home/ayvol/accelerator_wrapper/src/nnet_utils/nnet_dense.h:165:19) in function 'nnet::dense_latency<ap_fixed<16, 6, (ap_q_mode)5, (ap_o_mode)3, 0>, ap_fixed<16, 6, (ap_q_mode)5, (ap_o_mode)3, 0>, config6>' completely with a factor of 11
remark: /home/ayvol/accelerator_wrapper/src/nnet_utils/nnet_dense.h:112:0: Unrolling loop 'Product2' (/home/ayvol/accelerator_wrapper/src/nnet_utils/nnet_dense.h:165:19) in function 'nnet::dense_latency<ap_fixed<16, 6, (ap_q_mode)5, (ap_o_mode)3, 0>, ap_fixed<16, 6, (ap_q_mode)5, (ap_o_mode)3, 0>, config6>' completely with a factor of 11
remark: /home/ayvol/accelerator_wrapper/src/nnet_utils/nnet_dense.h:112:0: Unrolling loop 'Product2' (/home/ayvol/accelerator_wrapper/src/nnet_utils/nnet_dense.h:165:19) in function 'nnet::dense_latency<ap_fixed<16, 6, (ap_q_mode)5, (ap_o_mode)3, 0>, ap_fixed<16, 6, (ap_q_mode)5, (ap_o_mode)3, 0>, config6>' completely with a factor of 11
remark: /home/ayvol/accelerator_wrapper/src/nnet_utils/nnet_dense.h:112:0: Unrolling loop 'Product2' (/home/ayvol/accelerator_wrapper/src/nnet_utils/nnet_dense.h:165:19) in function 'nnet::dense_latency<ap_fixed<16, 6, (ap_q_mode)5, (ap_o_mode)3, 0>, ap_fixed<16, 6, (ap_q_mode)5, (ap_o_mode)3, 0>, config6>' completely with a factor of 11
remark: /home/ayvol/accelerator_wrapper/src/nnet_utils/nnet_dense.h:112:0: Unrolling loop 'Product2' (/home/ayvol/accelerator_wrapper/src/nnet_utils/nnet_dense.h:165:19) in function 'nnet::dense_latency<ap_fixed<16, 6, (ap_q_mode)5, (ap_o_mode)3, 0>, ap_fixed<16, 6, (ap_q_mode)5, (ap_o_mode)3, 0>, config6>' completely with a factor of 11
remark: /home/ayvol/accelerator_wrapper/src/nnet_utils/nnet_dense.h:112:0: Unrolling loop 'Product2' (/home/ayvol/accelerator_wrapper/src/nnet_utils/nnet_dense.h:165:19) in function 'nnet::dense_latency<ap_fixed<16, 6, (ap_q_mode)5, (ap_o_mode)3, 0>, ap_fixed<16, 6, (ap_q_mode)5, (ap_o_mode)3, 0>, config6>' completely with a factor of 11
remark: /home/ayvol/accelerator_wrapper/src/nnet_utils/nnet_dense.h:112:0: Unrolling loop 'Product2' (/home/ayvol/accelerator_wrapper/src/nnet_utils/nnet_dense.h:165:19) in function 'nnet::dense_latency<ap_fixed<16, 6, (ap_q_mode)5, (ap_o_mode)3, 0>, ap_fixed<16, 6, (ap_q_mode)5, (ap_o_mode)3, 0>, config6>' completely with a factor of 11
remark: /home/ayvol/accelerator_wrapper/src/nnet_utils/nnet_dense.h:112:0: Unrolling loop 'Product2' (/home/ayvol/accelerator_wrapper/src/nnet_utils/nnet_dense.h:165:19) in function 'nnet::dense_latency<ap_fixed<16, 6, (ap_q_mode)5, (ap_o_mode)3, 0>, ap_fixed<16, 6, (ap_q_mode)5, (ap_o_mode)3, 0>, config6>' completely with a factor of 11
remark: /home/ayvol/accelerator_wrapper/src/nnet_utils/nnet_dense.h:112:0: Unrolling loop 'Product2' (/home/ayvol/accelerator_wrapper/src/nnet_utils/nnet_dense.h:165:19) in function 'nnet::dense_latency<ap_fixed<16, 6, (ap_q_mode)5, (ap_o_mode)3, 0>, ap_fixed<16, 6, (ap_q_mode)5, (ap_o_mode)3, 0>, config6>' completely with a factor of 11
remark: /home/ayvol/accelerator_wrapper/src/nnet_utils/nnet_dense.h:112:0: Unrolling loop 'Product2' (/home/ayvol/accelerator_wrapper/src/nnet_utils/nnet_dense.h:165:19) in function 'nnet::dense_latency<ap_fixed<16, 6, (ap_q_mode)5, (ap_o_mode)3, 0>, ap_fixed<16, 6, (ap_q_mode)5, (ap_o_mode)3, 0>, config6>' completely with a factor of 11
remark: /home/ayvol/accelerator_wrapper/src/nnet_utils/nnet_dense.h:112:0: Unrolling loop 'Product2' (/home/ayvol/accelerator_wrapper/src/nnet_utils/nnet_dense.h:165:19) in function 'nnet::dense_latency<ap_fixed<16, 6, (ap_q_mode)5, (ap_o_mode)3, 0>, ap_fixed<16, 6, (ap_q_mode)5, (ap_o_mode)3, 0>, config6>' completely with a factor of 11
remark: /home/ayvol/accelerator_wrapper/src/nnet_utils/nnet_dense.h:112:0: Unrolling loop 'Product2' (/home/ayvol/accelerator_wrapper/src/nnet_utils/nnet_dense.h:165:19) in function 'nnet::dense_latency<ap_fixed<16, 6, (ap_q_mode)5, (ap_o_mode)3, 0>, ap_fixed<16, 6, (ap_q_mode)5, (ap_o_mode)3, 0>, config6>' completely with a factor of 11
remark: /home/ayvol/accelerator_wrapper/src/nnet_utils/nnet_dense.h:112:0: Unrolling loop 'Product2' (/home/ayvol/accelerator_wrapper/src/nnet_utils/nnet_dense.h:165:19) in function 'nnet::dense_latency<ap_fixed<16, 6, (ap_q_mode)5, (ap_o_mode)3, 0>, ap_fixed<16, 6, (ap_q_mode)5, (ap_o_mode)3, 0>, config6>' completely with a factor of 11
remark: /home/ayvol/accelerator_wrapper/src/nnet_utils/nnet_dense.h:112:0: Unrolling loop 'Product2' (/home/ayvol/accelerator_wrapper/src/nnet_utils/nnet_dense.h:165:19) in function 'nnet::dense_latency<ap_fixed<16, 6, (ap_q_mode)5, (ap_o_mode)3, 0>, ap_fixed<16, 6, (ap_q_mode)5, (ap_o_mode)3, 0>, config6>' completely with a factor of 11
remark: /home/ayvol/accelerator_wrapper/src/nnet_utils/nnet_dense.h:112:0: Unrolling loop 'Product2' (/home/ayvol/accelerator_wrapper/src/nnet_utils/nnet_dense.h:165:19) in function 'nnet::dense_latency<ap_fixed<16, 6, (ap_q_mode)5, (ap_o_mode)3, 0>, ap_fixed<16, 6, (ap_q_mode)5, (ap_o_mode)3, 0>, config6>' completely with a factor of 11
remark: /home/ayvol/accelerator_wrapper/src/nnet_utils/nnet_dense.h:112:0: Unrolling loop 'Product2' (/home/ayvol/accelerator_wrapper/src/nnet_utils/nnet_dense.h:165:19) in function 'nnet::dense_latency<ap_fixed<16, 6, (ap_q_mode)5, (ap_o_mode)3, 0>, ap_fixed<16, 6, (ap_q_mode)5, (ap_o_mode)3, 0>, config6>' completely with a factor of 11
remark: /home/ayvol/accelerator_wrapper/src/nnet_utils/nnet_dense.h:112:0: Unrolling loop 'Product2' (/home/ayvol/accelerator_wrapper/src/nnet_utils/nnet_dense.h:165:19) in function 'nnet::dense_latency<ap_fixed<16, 6, (ap_q_mode)5, (ap_o_mode)3, 0>, ap_fixed<16, 6, (ap_q_mode)5, (ap_o_mode)3, 0>, config6>' completely with a factor of 11
remark: /home/ayvol/accelerator_wrapper/src/nnet_utils/nnet_dense.h:112:0: Unrolling loop 'Product2' (/home/ayvol/accelerator_wrapper/src/nnet_utils/nnet_dense.h:165:19) in function 'nnet::dense_latency<ap_fixed<16, 6, (ap_q_mode)5, (ap_o_mode)3, 0>, ap_fixed<16, 6, (ap_q_mode)5, (ap_o_mode)3, 0>, config6>' completely with a factor of 11
remark: /home/ayvol/accelerator_wrapper/src/nnet_utils/nnet_dense.h:112:0: Unrolling loop 'Product2' (/home/ayvol/accelerator_wrapper/src/nnet_utils/nnet_dense.h:165:19) in function 'nnet::dense_latency<ap_fixed<16, 6, (ap_q_mode)5, (ap_o_mode)3, 0>, ap_fixed<16, 6, (ap_q_mode)5, (ap_o_mode)3, 0>, config6>' completely with a factor of 11
remark: /home/ayvol/accelerator_wrapper/src/nnet_utils/nnet_dense.h:112:0: Unrolling loop 'Product2' (/home/ayvol/accelerator_wrapper/src/nnet_utils/nnet_dense.h:165:19) in function 'nnet::dense_latency<ap_fixed<16, 6, (ap_q_mode)5, (ap_o_mode)3, 0>, ap_fixed<16, 6, (ap_q_mode)5, (ap_o_mode)3, 0>, config6>' completely with a factor of 11
remark: /home/ayvol/accelerator_wrapper/src/nnet_utils/nnet_dense.h:112:0: Unrolling loop 'Product2' (/home/ayvol/accelerator_wrapper/src/nnet_utils/nnet_dense.h:165:19) in function 'nnet::dense_latency<ap_fixed<16, 6, (ap_q_mode)5, (ap_o_mode)3, 0>, ap_fixed<16, 6, (ap_q_mode)5, (ap_o_mode)3, 0>, config6>' completely with a factor of 11
remark: /home/ayvol/accelerator_wrapper/src/nnet_utils/nnet_dense.h:112:0: Unrolling loop 'Product2' (/home/ayvol/accelerator_wrapper/src/nnet_utils/nnet_dense.h:165:19) in function 'nnet::dense_latency<ap_fixed<16, 6, (ap_q_mode)5, (ap_o_mode)3, 0>, ap_fixed<16, 6, (ap_q_mode)5, (ap_o_mode)3, 0>, config6>' completely with a factor of 11
remark: /home/ayvol/accelerator_wrapper/src/nnet_utils/nnet_dense.h:112:0: Unrolling loop 'Product2' (/home/ayvol/accelerator_wrapper/src/nnet_utils/nnet_dense.h:165:19) in function 'nnet::dense_latency<ap_fixed<16, 6, (ap_q_mode)5, (ap_o_mode)3, 0>, ap_fixed<16, 6, (ap_q_mode)5, (ap_o_mode)3, 0>, config6>' completely with a factor of 11
remark: /home/ayvol/accelerator_wrapper/src/nnet_utils/nnet_dense.h:112:0: Unrolling loop 'Product2' (/home/ayvol/accelerator_wrapper/src/nnet_utils/nnet_dense.h:165:19) in function 'nnet::dense_latency<ap_fixed<16, 6, (ap_q_mode)5, (ap_o_mode)3, 0>, ap_fixed<16, 6, (ap_q_mode)5, (ap_o_mode)3, 0>, config6>' completely with a factor of 11
remark: /home/ayvol/accelerator_wrapper/src/nnet_utils/nnet_dense.h:112:0: Unrolling loop 'Product2' (/home/ayvol/accelerator_wrapper/src/nnet_utils/nnet_dense.h:165:19) in function 'nnet::dense_latency<ap_fixed<16, 6, (ap_q_mode)5, (ap_o_mode)3, 0>, ap_fixed<16, 6, (ap_q_mode)5, (ap_o_mode)3, 0>, config6>' completely with a factor of 11
remark: /home/ayvol/accelerator_wrapper/src/nnet_utils/nnet_dense.h:112:0: Unrolling loop 'anonymous' (/home/ayvol/accelerator_wrapper/src/nnet_utils/nnet_dense.h:115:32) in function 'nnet::dense_latency<ap_fixed<16, 6, (ap_q_mode)5, (ap_o_mode)3, 0>, ap_fixed<16, 6, (ap_q_mode)5, (ap_o_mode)3, 0>, config6>' completely with a factor of 11
remark: /home/ayvol/accelerator_wrapper/src/nnet_utils/nnet_dense.h:112:0: Unrolling loop 'anonymous' (/home/ayvol/accelerator_wrapper/src/nnet_utils/nnet_dense.h:114:32) in function 'nnet::dense_latency<ap_fixed<16, 6, (ap_q_mode)5, (ap_o_mode)3, 0>, ap_fixed<16, 6, (ap_q_mode)5, (ap_o_mode)3, 0>, config6>' completely with a factor of 341
remark: /home/ayvol/accelerator_wrapper/src/nnet_utils/nnet_batchnorm.h:54:0: Unrolling loop 'Result' (/home/ayvol/accelerator_wrapper/src/nnet_utils/nnet_batchnorm.h:80:13) in function 'nnet::normalize<ap_fixed<16, 6, (ap_q_mode)5, (ap_o_mode)3, 0>, ap_fixed<16, 6, (ap_q_mode)5, (ap_o_mode)3, 0>, config5>' completely with a factor of 31
remark: /home/ayvol/accelerator_wrapper/src/nnet_utils/nnet_activation.h:72:0: Unrolling loop 'VITIS_LOOP_78_1' (/home/ayvol/accelerator_wrapper/src/nnet_utils/nnet_activation.h:78:22) in function 'nnet::relu<ap_fixed<16, 6, (ap_q_mode)5, (ap_o_mode)3, 0>, ap_fixed<16, 6, (ap_q_mode)5, (ap_o_mode)3, 0>, relu_config4>' completely with a factor of 31
remark: /home/ayvol/accelerator_wrapper/src/nnet_utils/nnet_dense.h:112:0: Unrolling loop 'Result' (/home/ayvol/accelerator_wrapper/src/nnet_utils/nnet_dense.h:195:13) in function 'nnet::dense_latency<ap_fixed<16, 6, (ap_q_mode)5, (ap_o_mode)3, 0>, ap_fixed<16, 6, (ap_q_mode)5, (ap_o_mode)3, 0>, config3>' completely with a factor of 31
remark: /home/ayvol/accelerator_wrapper/src/nnet_utils/nnet_dense.h:112:0: Unrolling loop 'Accum1' (/home/ayvol/accelerator_wrapper/src/nnet_utils/nnet_dense.h:184:13) in function 'nnet::dense_latency<ap_fixed<16, 6, (ap_q_mode)5, (ap_o_mode)3, 0>, ap_fixed<16, 6, (ap_q_mode)5, (ap_o_mode)3, 0>, config3>' completely with a factor of 18
remark: /home/ayvol/accelerator_wrapper/src/nnet_utils/nnet_dense.h:112:0: Unrolling loop 'Accum2' (/home/ayvol/accelerator_wrapper/src/nnet_utils/nnet_dense.h:188:17) in function 'nnet::dense_latency<ap_fixed<16, 6, (ap_q_mode)5, (ap_o_mode)3, 0>, ap_fixed<16, 6, (ap_q_mode)5, (ap_o_mode)3, 0>, config3>' completely with a factor of 31
remark: /home/ayvol/accelerator_wrapper/src/nnet_utils/nnet_dense.h:112:0: Unrolling loop 'Accum2' (/home/ayvol/accelerator_wrapper/src/nnet_utils/nnet_dense.h:188:17) in function 'nnet::dense_latency<ap_fixed<16, 6, (ap_q_mode)5, (ap_o_mode)3, 0>, ap_fixed<16, 6, (ap_q_mode)5, (ap_o_mode)3, 0>, config3>' completely with a factor of 31
remark: /home/ayvol/accelerator_wrapper/src/nnet_utils/nnet_dense.h:112:0: Unrolling loop 'Accum2' (/home/ayvol/accelerator_wrapper/src/nnet_utils/nnet_dense.h:188:17) in function 'nnet::dense_latency<ap_fixed<16, 6, (ap_q_mode)5, (ap_o_mode)3, 0>, ap_fixed<16, 6, (ap_q_mode)5, (ap_o_mode)3, 0>, config3>' completely with a factor of 31
remark: /home/ayvol/accelerator_wrapper/src/nnet_utils/nnet_dense.h:112:0: Unrolling loop 'Accum2' (/home/ayvol/accelerator_wrapper/src/nnet_utils/nnet_dense.h:188:17) in function 'nnet::dense_latency<ap_fixed<16, 6, (ap_q_mode)5, (ap_o_mode)3, 0>, ap_fixed<16, 6, (ap_q_mode)5, (ap_o_mode)3, 0>, config3>' completely with a factor of 31
remark: /home/ayvol/accelerator_wrapper/src/nnet_utils/nnet_dense.h:112:0: Unrolling loop 'Accum2' (/home/ayvol/accelerator_wrapper/src/nnet_utils/nnet_dense.h:188:17) in function 'nnet::dense_latency<ap_fixed<16, 6, (ap_q_mode)5, (ap_o_mode)3, 0>, ap_fixed<16, 6, (ap_q_mode)5, (ap_o_mode)3, 0>, config3>' completely with a factor of 31
remark: /home/ayvol/accelerator_wrapper/src/nnet_utils/nnet_dense.h:112:0: Unrolling loop 'Accum2' (/home/ayvol/accelerator_wrapper/src/nnet_utils/nnet_dense.h:188:17) in function 'nnet::dense_latency<ap_fixed<16, 6, (ap_q_mode)5, (ap_o_mode)3, 0>, ap_fixed<16, 6, (ap_q_mode)5, (ap_o_mode)3, 0>, config3>' completely with a factor of 31
remark: /home/ayvol/accelerator_wrapper/src/nnet_utils/nnet_dense.h:112:0: Unrolling loop 'Accum2' (/home/ayvol/accelerator_wrapper/src/nnet_utils/nnet_dense.h:188:17) in function 'nnet::dense_latency<ap_fixed<16, 6, (ap_q_mode)5, (ap_o_mode)3, 0>, ap_fixed<16, 6, (ap_q_mode)5, (ap_o_mode)3, 0>, config3>' completely with a factor of 31
remark: /home/ayvol/accelerator_wrapper/src/nnet_utils/nnet_dense.h:112:0: Unrolling loop 'Accum2' (/home/ayvol/accelerator_wrapper/src/nnet_utils/nnet_dense.h:188:17) in function 'nnet::dense_latency<ap_fixed<16, 6, (ap_q_mode)5, (ap_o_mode)3, 0>, ap_fixed<16, 6, (ap_q_mode)5, (ap_o_mode)3, 0>, config3>' completely with a factor of 31
remark: /home/ayvol/accelerator_wrapper/src/nnet_utils/nnet_dense.h:112:0: Unrolling loop 'Accum2' (/home/ayvol/accelerator_wrapper/src/nnet_utils/nnet_dense.h:188:17) in function 'nnet::dense_latency<ap_fixed<16, 6, (ap_q_mode)5, (ap_o_mode)3, 0>, ap_fixed<16, 6, (ap_q_mode)5, (ap_o_mode)3, 0>, config3>' completely with a factor of 31
remark: /home/ayvol/accelerator_wrapper/src/nnet_utils/nnet_dense.h:112:0: Unrolling loop 'Accum2' (/home/ayvol/accelerator_wrapper/src/nnet_utils/nnet_dense.h:188:17) in function 'nnet::dense_latency<ap_fixed<16, 6, (ap_q_mode)5, (ap_o_mode)3, 0>, ap_fixed<16, 6, (ap_q_mode)5, (ap_o_mode)3, 0>, config3>' completely with a factor of 31
remark: /home/ayvol/accelerator_wrapper/src/nnet_utils/nnet_dense.h:112:0: Unrolling loop 'Accum2' (/home/ayvol/accelerator_wrapper/src/nnet_utils/nnet_dense.h:188:17) in function 'nnet::dense_latency<ap_fixed<16, 6, (ap_q_mode)5, (ap_o_mode)3, 0>, ap_fixed<16, 6, (ap_q_mode)5, (ap_o_mode)3, 0>, config3>' completely with a factor of 31
remark: /home/ayvol/accelerator_wrapper/src/nnet_utils/nnet_dense.h:112:0: Unrolling loop 'Accum2' (/home/ayvol/accelerator_wrapper/src/nnet_utils/nnet_dense.h:188:17) in function 'nnet::dense_latency<ap_fixed<16, 6, (ap_q_mode)5, (ap_o_mode)3, 0>, ap_fixed<16, 6, (ap_q_mode)5, (ap_o_mode)3, 0>, config3>' completely with a factor of 31
remark: /home/ayvol/accelerator_wrapper/src/nnet_utils/nnet_dense.h:112:0: Unrolling loop 'Accum2' (/home/ayvol/accelerator_wrapper/src/nnet_utils/nnet_dense.h:188:17) in function 'nnet::dense_latency<ap_fixed<16, 6, (ap_q_mode)5, (ap_o_mode)3, 0>, ap_fixed<16, 6, (ap_q_mode)5, (ap_o_mode)3, 0>, config3>' completely with a factor of 31
remark: /home/ayvol/accelerator_wrapper/src/nnet_utils/nnet_dense.h:112:0: Unrolling loop 'Accum2' (/home/ayvol/accelerator_wrapper/src/nnet_utils/nnet_dense.h:188:17) in function 'nnet::dense_latency<ap_fixed<16, 6, (ap_q_mode)5, (ap_o_mode)3, 0>, ap_fixed<16, 6, (ap_q_mode)5, (ap_o_mode)3, 0>, config3>' completely with a factor of 31
remark: /home/ayvol/accelerator_wrapper/src/nnet_utils/nnet_dense.h:112:0: Unrolling loop 'Accum2' (/home/ayvol/accelerator_wrapper/src/nnet_utils/nnet_dense.h:188:17) in function 'nnet::dense_latency<ap_fixed<16, 6, (ap_q_mode)5, (ap_o_mode)3, 0>, ap_fixed<16, 6, (ap_q_mode)5, (ap_o_mode)3, 0>, config3>' completely with a factor of 31
remark: /home/ayvol/accelerator_wrapper/src/nnet_utils/nnet_dense.h:112:0: Unrolling loop 'Accum2' (/home/ayvol/accelerator_wrapper/src/nnet_utils/nnet_dense.h:188:17) in function 'nnet::dense_latency<ap_fixed<16, 6, (ap_q_mode)5, (ap_o_mode)3, 0>, ap_fixed<16, 6, (ap_q_mode)5, (ap_o_mode)3, 0>, config3>' completely with a factor of 31
remark: /home/ayvol/accelerator_wrapper/src/nnet_utils/nnet_dense.h:112:0: Unrolling loop 'Accum2' (/home/ayvol/accelerator_wrapper/src/nnet_utils/nnet_dense.h:188:17) in function 'nnet::dense_latency<ap_fixed<16, 6, (ap_q_mode)5, (ap_o_mode)3, 0>, ap_fixed<16, 6, (ap_q_mode)5, (ap_o_mode)3, 0>, config3>' completely with a factor of 31
remark: /home/ayvol/accelerator_wrapper/src/nnet_utils/nnet_dense.h:112:0: Unrolling loop 'Accum2' (/home/ayvol/accelerator_wrapper/src/nnet_utils/nnet_dense.h:188:17) in function 'nnet::dense_latency<ap_fixed<16, 6, (ap_q_mode)5, (ap_o_mode)3, 0>, ap_fixed<16, 6, (ap_q_mode)5, (ap_o_mode)3, 0>, config3>' completely with a factor of 31
remark: /home/ayvol/accelerator_wrapper/src/nnet_utils/nnet_dense.h:112:0: Unrolling loop 'ResetAccum' (/home/ayvol/accelerator_wrapper/src/nnet_utils/nnet_dense.h:176:17) in function 'nnet::dense_latency<ap_fixed<16, 6, (ap_q_mode)5, (ap_o_mode)3, 0>, ap_fixed<16, 6, (ap_q_mode)5, (ap_o_mode)3, 0>, config3>' completely with a factor of 31
remark: /home/ayvol/accelerator_wrapper/src/nnet_utils/nnet_dense.h:112:0: Unrolling loop 'Product1' (/home/ayvol/accelerator_wrapper/src/nnet_utils/nnet_dense.h:160:15) in function 'nnet::dense_latency<ap_fixed<16, 6, (ap_q_mode)5, (ap_o_mode)3, 0>, ap_fixed<16, 6, (ap_q_mode)5, (ap_o_mode)3, 0>, config3>' completely with a factor of 18
remark: /home/ayvol/accelerator_wrapper/src/nnet_utils/nnet_dense.h:112:0: Unrolling loop 'Product2' (/home/ayvol/accelerator_wrapper/src/nnet_utils/nnet_dense.h:165:19) in function 'nnet::dense_latency<ap_fixed<16, 6, (ap_q_mode)5, (ap_o_mode)3, 0>, ap_fixed<16, 6, (ap_q_mode)5, (ap_o_mode)3, 0>, config3>' completely with a factor of 31
remark: /home/ayvol/accelerator_wrapper/src/nnet_utils/nnet_dense.h:112:0: Unrolling loop 'Product2' (/home/ayvol/accelerator_wrapper/src/nnet_utils/nnet_dense.h:165:19) in function 'nnet::dense_latency<ap_fixed<16, 6, (ap_q_mode)5, (ap_o_mode)3, 0>, ap_fixed<16, 6, (ap_q_mode)5, (ap_o_mode)3, 0>, config3>' completely with a factor of 31
remark: /home/ayvol/accelerator_wrapper/src/nnet_utils/nnet_dense.h:112:0: Unrolling loop 'Product2' (/home/ayvol/accelerator_wrapper/src/nnet_utils/nnet_dense.h:165:19) in function 'nnet::dense_latency<ap_fixed<16, 6, (ap_q_mode)5, (ap_o_mode)3, 0>, ap_fixed<16, 6, (ap_q_mode)5, (ap_o_mode)3, 0>, config3>' completely with a factor of 31
remark: /home/ayvol/accelerator_wrapper/src/nnet_utils/nnet_dense.h:112:0: Unrolling loop 'Product2' (/home/ayvol/accelerator_wrapper/src/nnet_utils/nnet_dense.h:165:19) in function 'nnet::dense_latency<ap_fixed<16, 6, (ap_q_mode)5, (ap_o_mode)3, 0>, ap_fixed<16, 6, (ap_q_mode)5, (ap_o_mode)3, 0>, config3>' completely with a factor of 31
remark: /home/ayvol/accelerator_wrapper/src/nnet_utils/nnet_dense.h:112:0: Unrolling loop 'Product2' (/home/ayvol/accelerator_wrapper/src/nnet_utils/nnet_dense.h:165:19) in function 'nnet::dense_latency<ap_fixed<16, 6, (ap_q_mode)5, (ap_o_mode)3, 0>, ap_fixed<16, 6, (ap_q_mode)5, (ap_o_mode)3, 0>, config3>' completely with a factor of 31
remark: /home/ayvol/accelerator_wrapper/src/nnet_utils/nnet_dense.h:112:0: Unrolling loop 'Product2' (/home/ayvol/accelerator_wrapper/src/nnet_utils/nnet_dense.h:165:19) in function 'nnet::dense_latency<ap_fixed<16, 6, (ap_q_mode)5, (ap_o_mode)3, 0>, ap_fixed<16, 6, (ap_q_mode)5, (ap_o_mode)3, 0>, config3>' completely with a factor of 31
remark: /home/ayvol/accelerator_wrapper/src/nnet_utils/nnet_dense.h:112:0: Unrolling loop 'Product2' (/home/ayvol/accelerator_wrapper/src/nnet_utils/nnet_dense.h:165:19) in function 'nnet::dense_latency<ap_fixed<16, 6, (ap_q_mode)5, (ap_o_mode)3, 0>, ap_fixed<16, 6, (ap_q_mode)5, (ap_o_mode)3, 0>, config3>' completely with a factor of 31
remark: /home/ayvol/accelerator_wrapper/src/nnet_utils/nnet_dense.h:112:0: Unrolling loop 'Product2' (/home/ayvol/accelerator_wrapper/src/nnet_utils/nnet_dense.h:165:19) in function 'nnet::dense_latency<ap_fixed<16, 6, (ap_q_mode)5, (ap_o_mode)3, 0>, ap_fixed<16, 6, (ap_q_mode)5, (ap_o_mode)3, 0>, config3>' completely with a factor of 31
remark: /home/ayvol/accelerator_wrapper/src/nnet_utils/nnet_dense.h:112:0: Unrolling loop 'Product2' (/home/ayvol/accelerator_wrapper/src/nnet_utils/nnet_dense.h:165:19) in function 'nnet::dense_latency<ap_fixed<16, 6, (ap_q_mode)5, (ap_o_mode)3, 0>, ap_fixed<16, 6, (ap_q_mode)5, (ap_o_mode)3, 0>, config3>' completely with a factor of 31
remark: /home/ayvol/accelerator_wrapper/src/nnet_utils/nnet_dense.h:112:0: Unrolling loop 'Product2' (/home/ayvol/accelerator_wrapper/src/nnet_utils/nnet_dense.h:165:19) in function 'nnet::dense_latency<ap_fixed<16, 6, (ap_q_mode)5, (ap_o_mode)3, 0>, ap_fixed<16, 6, (ap_q_mode)5, (ap_o_mode)3, 0>, config3>' completely with a factor of 31
remark: /home/ayvol/accelerator_wrapper/src/nnet_utils/nnet_dense.h:112:0: Unrolling loop 'Product2' (/home/ayvol/accelerator_wrapper/src/nnet_utils/nnet_dense.h:165:19) in function 'nnet::dense_latency<ap_fixed<16, 6, (ap_q_mode)5, (ap_o_mode)3, 0>, ap_fixed<16, 6, (ap_q_mode)5, (ap_o_mode)3, 0>, config3>' completely with a factor of 31
remark: /home/ayvol/accelerator_wrapper/src/nnet_utils/nnet_dense.h:112:0: Unrolling loop 'Product2' (/home/ayvol/accelerator_wrapper/src/nnet_utils/nnet_dense.h:165:19) in function 'nnet::dense_latency<ap_fixed<16, 6, (ap_q_mode)5, (ap_o_mode)3, 0>, ap_fixed<16, 6, (ap_q_mode)5, (ap_o_mode)3, 0>, config3>' completely with a factor of 31
remark: /home/ayvol/accelerator_wrapper/src/nnet_utils/nnet_dense.h:112:0: Unrolling loop 'Product2' (/home/ayvol/accelerator_wrapper/src/nnet_utils/nnet_dense.h:165:19) in function 'nnet::dense_latency<ap_fixed<16, 6, (ap_q_mode)5, (ap_o_mode)3, 0>, ap_fixed<16, 6, (ap_q_mode)5, (ap_o_mode)3, 0>, config3>' completely with a factor of 31
remark: /home/ayvol/accelerator_wrapper/src/nnet_utils/nnet_dense.h:112:0: Unrolling loop 'Product2' (/home/ayvol/accelerator_wrapper/src/nnet_utils/nnet_dense.h:165:19) in function 'nnet::dense_latency<ap_fixed<16, 6, (ap_q_mode)5, (ap_o_mode)3, 0>, ap_fixed<16, 6, (ap_q_mode)5, (ap_o_mode)3, 0>, config3>' completely with a factor of 31
remark: /home/ayvol/accelerator_wrapper/src/nnet_utils/nnet_dense.h:112:0: Unrolling loop 'Product2' (/home/ayvol/accelerator_wrapper/src/nnet_utils/nnet_dense.h:165:19) in function 'nnet::dense_latency<ap_fixed<16, 6, (ap_q_mode)5, (ap_o_mode)3, 0>, ap_fixed<16, 6, (ap_q_mode)5, (ap_o_mode)3, 0>, config3>' completely with a factor of 31
remark: /home/ayvol/accelerator_wrapper/src/nnet_utils/nnet_dense.h:112:0: Unrolling loop 'Product2' (/home/ayvol/accelerator_wrapper/src/nnet_utils/nnet_dense.h:165:19) in function 'nnet::dense_latency<ap_fixed<16, 6, (ap_q_mode)5, (ap_o_mode)3, 0>, ap_fixed<16, 6, (ap_q_mode)5, (ap_o_mode)3, 0>, config3>' completely with a factor of 31
remark: /home/ayvol/accelerator_wrapper/src/nnet_utils/nnet_dense.h:112:0: Unrolling loop 'Product2' (/home/ayvol/accelerator_wrapper/src/nnet_utils/nnet_dense.h:165:19) in function 'nnet::dense_latency<ap_fixed<16, 6, (ap_q_mode)5, (ap_o_mode)3, 0>, ap_fixed<16, 6, (ap_q_mode)5, (ap_o_mode)3, 0>, config3>' completely with a factor of 31
remark: /home/ayvol/accelerator_wrapper/src/nnet_utils/nnet_dense.h:112:0: Unrolling loop 'Product2' (/home/ayvol/accelerator_wrapper/src/nnet_utils/nnet_dense.h:165:19) in function 'nnet::dense_latency<ap_fixed<16, 6, (ap_q_mode)5, (ap_o_mode)3, 0>, ap_fixed<16, 6, (ap_q_mode)5, (ap_o_mode)3, 0>, config3>' completely with a factor of 31
remark: /home/ayvol/accelerator_wrapper/src/nnet_utils/nnet_dense.h:112:0: Unrolling loop 'anonymous' (/home/ayvol/accelerator_wrapper/src/nnet_utils/nnet_dense.h:115:32) in function 'nnet::dense_latency<ap_fixed<16, 6, (ap_q_mode)5, (ap_o_mode)3, 0>, ap_fixed<16, 6, (ap_q_mode)5, (ap_o_mode)3, 0>, config3>' completely with a factor of 31
remark: /home/ayvol/accelerator_wrapper/src/nnet_utils/nnet_dense.h:112:0: Unrolling loop 'anonymous' (/home/ayvol/accelerator_wrapper/src/nnet_utils/nnet_dense.h:114:32) in function 'nnet::dense_latency<ap_fixed<16, 6, (ap_q_mode)5, (ap_o_mode)3, 0>, ap_fixed<16, 6, (ap_q_mode)5, (ap_o_mode)3, 0>, config3>' completely with a factor of 558
remark: /home/ayvol/accelerator_wrapper/src/nnet_utils/nnet_batchnorm.h:54:0: Unrolling loop 'Result' (/home/ayvol/accelerator_wrapper/src/nnet_utils/nnet_batchnorm.h:80:13) in function 'nnet::normalize<ap_fixed<16, 6, (ap_q_mode)5, (ap_o_mode)3, 0>, ap_fixed<16, 6, (ap_q_mode)5, (ap_o_mode)3, 0>, config2>' completely with a factor of 18
remark: /home/ayvol/accelerator_wrapper/src/nnet_utils/nnet_dense.h:112:0: Inlining function 'std::enable_if<!(std::is_same<ap_fixed<16, 6, (ap_q_mode)5, (ap_o_mode)3, 0>, ap_uint<1> >::value), ap_fixed<16, 6, (ap_q_mode)5, (ap_o_mode)3, 0> >::type nnet::cast<ap_fixed<16, 6, (ap_q_mode)5, (ap_o_mode)3, 0>, ap_fixed<16, 6, (ap_q_mode)5, (ap_o_mode)3, 0>, config3>(config3::accum_t)' into 'void nnet::dense_latency<ap_fixed<16, 6, (ap_q_mode)5, (ap_o_mode)3, 0>, ap_fixed<16, 6, (ap_q_mode)5, (ap_o_mode)3, 0>, config3>(ap_fixed<16, 6, (ap_q_mode)5, (ap_o_mode)3, 0>*, ap_fixed<16, 6, (ap_q_mode)5, (ap_o_mode)3, 0>*, config3::weight_t*, config3::bias_t*)'
remark: /home/ayvol/accelerator_wrapper/src/nnet_utils/nnet_dense.h:112:0: Inlining function 'std::enable_if<!(std::is_same<ap_fixed<16, 6, (ap_q_mode)5, (ap_o_mode)3, 0>, ap_uint<1> >::value), ap_fixed<16, 6, (ap_q_mode)5, (ap_o_mode)3, 0> >::type nnet::cast<ap_fixed<16, 6, (ap_q_mode)5, (ap_o_mode)3, 0>, ap_fixed<16, 6, (ap_q_mode)5, (ap_o_mode)3, 0>, config6>(config6::accum_t)' into 'void nnet::dense_latency<ap_fixed<16, 6, (ap_q_mode)5, (ap_o_mode)3, 0>, ap_fixed<16, 6, (ap_q_mode)5, (ap_o_mode)3, 0>, config6>(ap_fixed<16, 6, (ap_q_mode)5, (ap_o_mode)3, 0>*, ap_fixed<16, 6, (ap_q_mode)5, (ap_o_mode)3, 0>*, config6::weight_t*, config6::bias_t*)'
remark: /home/ayvol/accelerator_wrapper/src/nnet_utils/nnet_dense.h:112:0: Inlining function 'std::enable_if<!(std::is_same<ap_fixed<16, 6, (ap_q_mode)5, (ap_o_mode)3, 0>, ap_uint<1> >::value), ap_fixed<16, 6, (ap_q_mode)5, (ap_o_mode)3, 0> >::type nnet::cast<ap_fixed<16, 6, (ap_q_mode)5, (ap_o_mode)3, 0>, ap_fixed<16, 6, (ap_q_mode)5, (ap_o_mode)3, 0>, config9>(config9::accum_t)' into 'void nnet::dense_latency<ap_fixed<16, 6, (ap_q_mode)5, (ap_o_mode)3, 0>, ap_fixed<16, 6, (ap_q_mode)5, (ap_o_mode)3, 0>, config9>(ap_fixed<16, 6, (ap_q_mode)5, (ap_o_mode)3, 0>*, ap_fixed<16, 6, (ap_q_mode)5, (ap_o_mode)3, 0>*, config9::weight_t*, config9::bias_t*)'
remark: /home/ayvol/accelerator_wrapper/src/nnet_utils/nnet_dense.h:112:0: Inlining function 'std::enable_if<!(std::is_same<ap_fixed<16, 6, (ap_q_mode)5, (ap_o_mode)3, 0>, ap_uint<1> >::value), ap_fixed<16, 6, (ap_q_mode)5, (ap_o_mode)3, 0> >::type nnet::cast<ap_fixed<16, 6, (ap_q_mode)5, (ap_o_mode)3, 0>, ap_fixed<16, 6, (ap_q_mode)5, (ap_o_mode)3, 0>, config11>(config11::accum_t)' into 'void nnet::dense_latency<ap_fixed<16, 6, (ap_q_mode)5, (ap_o_mode)3, 0>, ap_fixed<16, 6, (ap_q_mode)5, (ap_o_mode)3, 0>, config11>(ap_fixed<16, 6, (ap_q_mode)5, (ap_o_mode)3, 0>*, ap_fixed<16, 6, (ap_q_mode)5, (ap_o_mode)3, 0>*, config11::weight_t*, config11::bias_t*)'
remark: /home/ayvol/accelerator_wrapper/src/ereg_v1.cpp:44:0: Inlining function 'void nnet::normalize<ap_fixed<16, 6, (ap_q_mode)5, (ap_o_mode)3, 0>, ap_fixed<16, 6, (ap_q_mode)5, (ap_o_mode)3, 0>, config2>(ap_fixed<16, 6, (ap_q_mode)5, (ap_o_mode)3, 0>*, ap_fixed<16, 6, (ap_q_mode)5, (ap_o_mode)3, 0>*, config2::scale_t*, config2::bias_t*)' into 'ereg_v1(ap_fixed<16, 6, (ap_q_mode)5, (ap_o_mode)3, 0>*, ap_fixed<16, 6, (ap_q_mode)5, (ap_o_mode)3, 0>*)'
remark: /home/ayvol/accelerator_wrapper/src/ereg_v1.cpp:44:0: Inlining function 'void nnet::normalize<ap_fixed<16, 6, (ap_q_mode)5, (ap_o_mode)3, 0>, ap_fixed<16, 6, (ap_q_mode)5, (ap_o_mode)3, 0>, config8>(ap_fixed<16, 6, (ap_q_mode)5, (ap_o_mode)3, 0>*, ap_fixed<16, 6, (ap_q_mode)5, (ap_o_mode)3, 0>*, config8::scale_t*, config8::bias_t*)' into 'ereg_v1(ap_fixed<16, 6, (ap_q_mode)5, (ap_o_mode)3, 0>*, ap_fixed<16, 6, (ap_q_mode)5, (ap_o_mode)3, 0>*)'
remark: /home/ayvol/accelerator_wrapper/src/ereg_v1.cpp:44:0: Inlining function 'void nnet::relu<ap_fixed<16, 6, (ap_q_mode)5, (ap_o_mode)3, 0>, ap_fixed<16, 6, (ap_q_mode)5, (ap_o_mode)3, 0>, relu_config10>(ap_fixed<16, 6, (ap_q_mode)5, (ap_o_mode)3, 0>*, ap_fixed<16, 6, (ap_q_mode)5, (ap_o_mode)3, 0>*)' into 'ereg_v1(ap_fixed<16, 6, (ap_q_mode)5, (ap_o_mode)3, 0>*, ap_fixed<16, 6, (ap_q_mode)5, (ap_o_mode)3, 0>*)'
remark: /home/ayvol/accelerator_wrapper/src/ereg_v1.cpp:44:0: Inlining function 'void nnet::dense_latency<ap_fixed<16, 6, (ap_q_mode)5, (ap_o_mode)3, 0>, ap_fixed<16, 6, (ap_q_mode)5, (ap_o_mode)3, 0>, config11>(ap_fixed<16, 6, (ap_q_mode)5, (ap_o_mode)3, 0>*, ap_fixed<16, 6, (ap_q_mode)5, (ap_o_mode)3, 0>*, config11::weight_t*, config11::bias_t*)' into 'ereg_v1(ap_fixed<16, 6, (ap_q_mode)5, (ap_o_mode)3, 0>*, ap_fixed<16, 6, (ap_q_mode)5, (ap_o_mode)3, 0>*)'
remark: /home/ayvol/accelerator_wrapper/src/weights/b9.h:12:0: Applying array_partition to 'b9': Complete partitioning on dimension 1.
remark: /home/ayvol/accelerator_wrapper/src/weights/b6.h:12:0: Applying array_partition to 'b6': Complete partitioning on dimension 1.
remark: /home/ayvol/accelerator_wrapper/src/weights/b5.h:12:0: Applying array_partition to 'b5': Complete partitioning on dimension 1.
remark: /home/ayvol/accelerator_wrapper/src/weights/s5.h:12:0: Applying array_partition to 's5': Complete partitioning on dimension 1.
remark: /home/ayvol/accelerator_wrapper/src/weights/b3.h:12:0: Applying array_partition to 'b3': Complete partitioning on dimension 1.
remark: /home/ayvol/accelerator_wrapper/src/nnet_utils/nnet_dense.h:114:32: Applying array_partition to 'mult': Complete partitioning on dimension 1.
remark: /home/ayvol/accelerator_wrapper/src/nnet_utils/nnet_dense.h:114:32: Applying array_partition to 'mult': Complete partitioning on dimension 1.
remark: /home/ayvol/accelerator_wrapper/src/ereg_v1.cpp:81:11: Applying array_partition to 'layer2_out': Complete partitioning on dimension 1.
remark: /home/ayvol/accelerator_wrapper/src/ereg_v1.cpp:85:14: Applying array_partition to 'layer3_out': Complete partitioning on dimension 1.
remark: /home/ayvol/accelerator_wrapper/src/ereg_v1.cpp:89:14: Applying array_partition to 'layer4_out': Complete partitioning on dimension 1.
remark: /home/ayvol/accelerator_wrapper/src/ereg_v1.cpp:93:14: Applying array_partition to 'layer5_out': Complete partitioning on dimension 1.
remark: /home/ayvol/accelerator_wrapper/src/ereg_v1.cpp:97:14: Applying array_partition to 'layer6_out': Complete partitioning on dimension 1.
remark: /home/ayvol/accelerator_wrapper/src/ereg_v1.cpp:101:14: Applying array_partition to 'layer7_out': Complete partitioning on dimension 1.
remark: /home/ayvol/accelerator_wrapper/src/ereg_v1.cpp:105:14: Applying array_partition to 'layer8_out': Complete partitioning on dimension 1.
remark: /home/ayvol/accelerator_wrapper/src/ereg_v1.cpp:109:14: Applying array_partition to 'layer9_out': Complete partitioning on dimension 1.
remark: /home/ayvol/accelerator_wrapper/src/alveo_hls4ml.cpp:44:10: Applying array_reshape to 'in_buf': Complete reshaping on dimension 2.
remark: /home/ayvol/accelerator_wrapper/src/alveo_hls4ml.cpp:45:19: Applying array_reshape to 'out_buf': Complete reshaping on dimension 2.
remark: /home/ayvol/accelerator_wrapper/src/alveo_hls4ml.cpp:50:24: Sequential read of length 294912 has been inferred _XLX_SEP_ OldID=for.inc.load.24, for.inc.load.29, for.inc.load.34, for.inc.load.39, for.inc.load.44, for.inc.load.49, for.inc.load.54, for.inc.load.59, for.inc.load.64, for.inc.load.69, for.inc.load.74, for.inc.load.79, for.inc.load.84, for.inc.load.89, for.inc.load.94, for.inc.load.99, for.inc.load.104, for.inc.load.109,  _XLX_SEP_ inseq in gmem0 VITIS_LOOP_50_1 /home/ayvol/accelerator_wrapper/src/alveo_hls4ml.cpp:50:19 alveo_hls4ml 
remark: /home/ayvol/accelerator_wrapper/src/alveo_hls4ml.cpp:65:31: Sequential write of length 16384 has been inferred _XLX_SEP_ OldID=for.inc64.store.7,  _XLX_SEP_ outseq out gmem1 VITIS_LOOP_65_4 /home/ayvol/accelerator_wrapper/src/alveo_hls4ml.cpp:65:26 alveo_hls4ml 
remark: /home/ayvol/accelerator_wrapper/src/alveo_hls4ml.cpp:50:24: Multiple burst reads of length 294912 and bit width 16 has been inferred. These burst requests might be further partitioned into multiple requests during RTL generation, based on max_read_burst_length or max_write_burst_length settings. _XLX_SEP_ seq  gmem0 VITIS_LOOP_50_1 /home/ayvol/accelerator_wrapper/src/alveo_hls4ml.cpp:50:19 alveo_hls4ml 
remark: /home/ayvol/accelerator_wrapper/src/alveo_hls4ml.cpp:50:24: Multiple burst reads of length 294912 and bit width 16 in loop 'VITIS_LOOP_50_1'(/home/ayvol/accelerator_wrapper/src/alveo_hls4ml.cpp:50:19) has been inferred on bundle 'gmem0'. These burst requests might be further partitioned into multiple requests during RTL generation, based on max_read_burst_length or max_write_burst_length settings.
remark: /home/ayvol/accelerator_wrapper/src/alveo_hls4ml.cpp:65:31: Multiple burst writes of length 16384 and bit width 16 has been inferred. These burst requests might be further partitioned into multiple requests during RTL generation, based on max_read_burst_length or max_write_burst_length settings. _XLX_SEP_ seq1  gmem1 VITIS_LOOP_65_4 /home/ayvol/accelerator_wrapper/src/alveo_hls4ml.cpp:65:26 alveo_hls4ml 
remark: /home/ayvol/accelerator_wrapper/src/alveo_hls4ml.cpp:65:31: Multiple burst writes of length 16384 and bit width 16 in loop 'VITIS_LOOP_65_4'(/home/ayvol/accelerator_wrapper/src/alveo_hls4ml.cpp:65:26) has been inferred on bundle 'gmem1'. These burst requests might be further partitioned into multiple requests during RTL generation, based on max_read_burst_length or max_write_burst_length settings.
