/home/ayvol/accelerator_wrapper/_x.hw.xilinx_u55c_gen3x16_xdma_3_202210_1/alveo_hls4ml/alveo_hls4ml/alveo_hls4ml/solution/.autopilot/db/alveo_hls4ml.pp.0.cpp:34956:7: warning: Added loop label VITIS_LOOP_1211_1:   [xilinx-label-all-loops]
      for (i = 0; i < __N - 1; ++i) {
      ^~~
      VITIS_LOOP_1211_1: 
/home/ayvol/accelerator_wrapper/_x.hw.xilinx_u55c_gen3x16_xdma_3_202210_1/alveo_hls4ml/alveo_hls4ml/alveo_hls4ml/solution/.autopilot/db/alveo_hls4ml.pp.0.cpp:34956:7: note: FIX-IT applied suggested code changes
/home/ayvol/accelerator_wrapper/_x.hw.xilinx_u55c_gen3x16_xdma_3_202210_1/alveo_hls4ml/alveo_hls4ml/alveo_hls4ml/solution/.autopilot/db/alveo_hls4ml.pp.0.cpp:35930:5: warning: Added loop label VITIS_LOOP_676_1:   [xilinx-label-all-loops]
    for (unsigned i = low; i != high; ++i) {
    ^~~
    VITIS_LOOP_676_1: 
/home/ayvol/accelerator_wrapper/_x.hw.xilinx_u55c_gen3x16_xdma_3_202210_1/alveo_hls4ml/alveo_hls4ml/alveo_hls4ml/solution/.autopilot/db/alveo_hls4ml.pp.0.cpp:35930:5: note: FIX-IT applied suggested code changes
/home/ayvol/accelerator_wrapper/_x.hw.xilinx_u55c_gen3x16_xdma_3_202210_1/alveo_hls4ml/alveo_hls4ml/alveo_hls4ml/solution/.autopilot/db/alveo_hls4ml.pp.0.cpp:35944:5: warning: Added loop label VITIS_LOOP_690_1:   [xilinx-label-all-loops]
    for (unsigned i = low; i != high; ++i) {
    ^~~
    VITIS_LOOP_690_1: 
/home/ayvol/accelerator_wrapper/_x.hw.xilinx_u55c_gen3x16_xdma_3_202210_1/alveo_hls4ml/alveo_hls4ml/alveo_hls4ml/solution/.autopilot/db/alveo_hls4ml.pp.0.cpp:35944:5: note: FIX-IT applied suggested code changes
/home/ayvol/accelerator_wrapper/_x.hw.xilinx_u55c_gen3x16_xdma_3_202210_1/alveo_hls4ml/alveo_hls4ml/alveo_hls4ml/solution/.autopilot/db/alveo_hls4ml.pp.0.cpp:35958:5: warning: Added loop label VITIS_LOOP_704_1:   [xilinx-label-all-loops]
    for (unsigned i = low; i != high; ++i) {
    ^~~
    VITIS_LOOP_704_1: 
/home/ayvol/accelerator_wrapper/_x.hw.xilinx_u55c_gen3x16_xdma_3_202210_1/alveo_hls4ml/alveo_hls4ml/alveo_hls4ml/solution/.autopilot/db/alveo_hls4ml.pp.0.cpp:35958:5: note: FIX-IT applied suggested code changes
/home/ayvol/accelerator_wrapper/_x.hw.xilinx_u55c_gen3x16_xdma_3_202210_1/alveo_hls4ml/alveo_hls4ml/alveo_hls4ml/solution/.autopilot/db/alveo_hls4ml.pp.0.cpp:37569:7: warning: Added loop label VITIS_LOOP_1245_1:   [xilinx-label-all-loops]
      for (i = 0; i < __N - 1; ++i) {
      ^~~
      VITIS_LOOP_1245_1: 
/home/ayvol/accelerator_wrapper/_x.hw.xilinx_u55c_gen3x16_xdma_3_202210_1/alveo_hls4ml/alveo_hls4ml/alveo_hls4ml/solution/.autopilot/db/alveo_hls4ml.pp.0.cpp:37569:7: note: FIX-IT applied suggested code changes
/home/ayvol/accelerator_wrapper/_x.hw.xilinx_u55c_gen3x16_xdma_3_202210_1/alveo_hls4ml/alveo_hls4ml/alveo_hls4ml/solution/.autopilot/db/alveo_hls4ml.pp.0.cpp:39365:4: warning: Added loop label VITIS_LOOP_45_1:   [xilinx-label-all-loops]
   for(int ii=0; ii<NIN1; ii++){
   ^~~
   VITIS_LOOP_45_1: 
/home/ayvol/accelerator_wrapper/_x.hw.xilinx_u55c_gen3x16_xdma_3_202210_1/alveo_hls4ml/alveo_hls4ml/alveo_hls4ml/solution/.autopilot/db/alveo_hls4ml.pp.0.cpp:39365:4: note: FIX-IT applied suggested code changes
/home/ayvol/accelerator_wrapper/_x.hw.xilinx_u55c_gen3x16_xdma_3_202210_1/alveo_hls4ml/alveo_hls4ml/alveo_hls4ml/solution/.autopilot/db/alveo_hls4ml.pp.0.cpp:39368:4: warning: Added loop label VITIS_LOOP_48_2:   [xilinx-label-all-loops]
   for(int ii=0; ii<NIN2; ii++){
   ^~~
   VITIS_LOOP_48_2: 
/home/ayvol/accelerator_wrapper/_x.hw.xilinx_u55c_gen3x16_xdma_3_202210_1/alveo_hls4ml/alveo_hls4ml/alveo_hls4ml/solution/.autopilot/db/alveo_hls4ml.pp.0.cpp:39368:4: note: FIX-IT applied suggested code changes
/home/ayvol/accelerator_wrapper/_x.hw.xilinx_u55c_gen3x16_xdma_3_202210_1/alveo_hls4ml/alveo_hls4ml/alveo_hls4ml/solution/.autopilot/db/alveo_hls4ml.pp.0.cpp:49110:3: warning: Added loop label VITIS_LOOP_124_1:   [xilinx-label-all-loops]
  for (int ii = 0; ii < nrows; ii++){
  ^~~
  VITIS_LOOP_124_1: 
/home/ayvol/accelerator_wrapper/_x.hw.xilinx_u55c_gen3x16_xdma_3_202210_1/alveo_hls4ml/alveo_hls4ml/alveo_hls4ml/solution/.autopilot/db/alveo_hls4ml.pp.0.cpp:49110:3: note: FIX-IT applied suggested code changes
/home/ayvol/accelerator_wrapper/_x.hw.xilinx_u55c_gen3x16_xdma_3_202210_1/alveo_hls4ml/alveo_hls4ml/alveo_hls4ml/solution/.autopilot/db/alveo_hls4ml.pp.0.cpp:49131:3: warning: Added loop label VITIS_LOOP_145_1:   [xilinx-label-all-loops]
  for (int ii = 0; ii < nrows; ii++) {
  ^~~
  VITIS_LOOP_145_1: 
/home/ayvol/accelerator_wrapper/_x.hw.xilinx_u55c_gen3x16_xdma_3_202210_1/alveo_hls4ml/alveo_hls4ml/alveo_hls4ml/solution/.autopilot/db/alveo_hls4ml.pp.0.cpp:49131:3: note: FIX-IT applied suggested code changes
/home/ayvol/accelerator_wrapper/_x.hw.xilinx_u55c_gen3x16_xdma_3_202210_1/alveo_hls4ml/alveo_hls4ml/alveo_hls4ml/solution/.autopilot/db/alveo_hls4ml.pp.0.cpp:49132:5: warning: Added loop label VITIS_LOOP_146_2:   [xilinx-label-all-loops]
    for (int jj = 0; jj < ncols; jj++){
    ^~~
    VITIS_LOOP_146_2: 
/home/ayvol/accelerator_wrapper/_x.hw.xilinx_u55c_gen3x16_xdma_3_202210_1/alveo_hls4ml/alveo_hls4ml/alveo_hls4ml/solution/.autopilot/db/alveo_hls4ml.pp.0.cpp:49132:5: note: FIX-IT applied suggested code changes
/home/ayvol/accelerator_wrapper/_x.hw.xilinx_u55c_gen3x16_xdma_3_202210_1/alveo_hls4ml/alveo_hls4ml/alveo_hls4ml/solution/.autopilot/db/alveo_hls4ml.pp.0.cpp:49149:5: warning: Added loop label VITIS_LOOP_163_1:   [xilinx-label-all-loops]
    for (int ii=0; ii<N_IN; ii++) {
    ^~~
    VITIS_LOOP_163_1: 
/home/ayvol/accelerator_wrapper/_x.hw.xilinx_u55c_gen3x16_xdma_3_202210_1/alveo_hls4ml/alveo_hls4ml/alveo_hls4ml/solution/.autopilot/db/alveo_hls4ml.pp.0.cpp:49149:5: note: FIX-IT applied suggested code changes
/home/ayvol/accelerator_wrapper/_x.hw.xilinx_u55c_gen3x16_xdma_3_202210_1/alveo_hls4ml/alveo_hls4ml/alveo_hls4ml/solution/.autopilot/db/alveo_hls4ml.pp.0.cpp:49158:5: warning: Added loop label VITIS_LOOP_172_1:   [xilinx-label-all-loops]
    for (int ii=0; ii<N_IN; ii++) {
    ^~~
    VITIS_LOOP_172_1: 
/home/ayvol/accelerator_wrapper/_x.hw.xilinx_u55c_gen3x16_xdma_3_202210_1/alveo_hls4ml/alveo_hls4ml/alveo_hls4ml/solution/.autopilot/db/alveo_hls4ml.pp.0.cpp:49158:5: note: FIX-IT applied suggested code changes
/home/ayvol/accelerator_wrapper/_x.hw.xilinx_u55c_gen3x16_xdma_3_202210_1/alveo_hls4ml/alveo_hls4ml/alveo_hls4ml/solution/.autopilot/db/alveo_hls4ml.pp.0.cpp:49306:9: error: Resource with core_name: ROM_2P_BRAM pragma is ignored, because this core doesn't exist at all  [clang-diagnostic-error]
#pragma HLS RESOURCE variable=weights core=ROM_2P_BRAM
        ^
/home/ayvol/accelerator_wrapper/_x.hw.xilinx_u55c_gen3x16_xdma_3_202210_1/alveo_hls4ml/alveo_hls4ml/alveo_hls4ml/solution/.autopilot/db/alveo_hls4ml.pp.0.cpp:49651:5: warning: Added loop label VITIS_LOOP_34_1:   [xilinx-label-all-loops]
    for(unsigned k = 0; k < CONFIG_T::n_out; k++) {
    ^~~
    VITIS_LOOP_34_1: 
/home/ayvol/accelerator_wrapper/_x.hw.xilinx_u55c_gen3x16_xdma_3_202210_1/alveo_hls4ml/alveo_hls4ml/alveo_hls4ml/solution/.autopilot/db/alveo_hls4ml.pp.0.cpp:49651:5: note: FIX-IT applied suggested code changes
/home/ayvol/accelerator_wrapper/_x.hw.xilinx_u55c_gen3x16_xdma_3_202210_1/alveo_hls4ml/alveo_hls4ml/alveo_hls4ml/solution/.autopilot/db/alveo_hls4ml.pp.0.cpp:49710:9: warning: Added loop label VITIS_LOOP_93_1:   [xilinx-label-all-loops]
        for (int im = 0; im < CONFIG_T::n_out; im++){
        ^~~
        VITIS_LOOP_93_1: 
/home/ayvol/accelerator_wrapper/_x.hw.xilinx_u55c_gen3x16_xdma_3_202210_1/alveo_hls4ml/alveo_hls4ml/alveo_hls4ml/solution/.autopilot/db/alveo_hls4ml.pp.0.cpp:49710:9: note: FIX-IT applied suggested code changes
/home/ayvol/accelerator_wrapper/_x.hw.xilinx_u55c_gen3x16_xdma_3_202210_1/alveo_hls4ml/alveo_hls4ml/alveo_hls4ml/solution/.autopilot/db/alveo_hls4ml.pp.0.cpp:49766:5: warning: Added loop label VITIS_LOOP_60_1:   [xilinx-label-all-loops]
    for(int ii = 0; ii < CONFIG_T::n_out; ii++) {
    ^~~
    VITIS_LOOP_60_1: 
/home/ayvol/accelerator_wrapper/_x.hw.xilinx_u55c_gen3x16_xdma_3_202210_1/alveo_hls4ml/alveo_hls4ml/alveo_hls4ml/solution/.autopilot/db/alveo_hls4ml.pp.0.cpp:49766:5: note: FIX-IT applied suggested code changes
/home/ayvol/accelerator_wrapper/_x.hw.xilinx_u55c_gen3x16_xdma_3_202210_1/alveo_hls4ml/alveo_hls4ml/alveo_hls4ml/solution/.autopilot/db/alveo_hls4ml.pp.0.cpp:49767:9: warning: Added loop label VITIS_LOOP_61_2:   [xilinx-label-all-loops]
        for(int ff = 0; ff < CONFIG_T::n_filt; ff++){
        ^~~
        VITIS_LOOP_61_2: 
/home/ayvol/accelerator_wrapper/_x.hw.xilinx_u55c_gen3x16_xdma_3_202210_1/alveo_hls4ml/alveo_hls4ml/alveo_hls4ml/solution/.autopilot/db/alveo_hls4ml.pp.0.cpp:49767:9: note: FIX-IT applied suggested code changes
/home/ayvol/accelerator_wrapper/_x.hw.xilinx_u55c_gen3x16_xdma_3_202210_1/alveo_hls4ml/alveo_hls4ml/alveo_hls4ml/solution/.autopilot/db/alveo_hls4ml.pp.0.cpp:49768:13: warning: Added loop label VITIS_LOOP_62_3:   [xilinx-label-all-loops]
            for(int cc = 0; cc < CONFIG_T::n_chan; cc++){
            ^~~
            VITIS_LOOP_62_3: 
/home/ayvol/accelerator_wrapper/_x.hw.xilinx_u55c_gen3x16_xdma_3_202210_1/alveo_hls4ml/alveo_hls4ml/alveo_hls4ml/solution/.autopilot/db/alveo_hls4ml.pp.0.cpp:49768:13: note: FIX-IT applied suggested code changes
/home/ayvol/accelerator_wrapper/_x.hw.xilinx_u55c_gen3x16_xdma_3_202210_1/alveo_hls4ml/alveo_hls4ml/alveo_hls4ml/solution/.autopilot/db/alveo_hls4ml.pp.0.cpp:49769:17: warning: Added loop label VITIS_LOOP_63_4:   [xilinx-label-all-loops]
                for(int jj = 0; jj < CONFIG_T::filt_width; jj++){
                ^~~
                VITIS_LOOP_63_4: 
/home/ayvol/accelerator_wrapper/_x.hw.xilinx_u55c_gen3x16_xdma_3_202210_1/alveo_hls4ml/alveo_hls4ml/alveo_hls4ml/solution/.autopilot/db/alveo_hls4ml.pp.0.cpp:49769:17: note: FIX-IT applied suggested code changes
/home/ayvol/accelerator_wrapper/_x.hw.xilinx_u55c_gen3x16_xdma_3_202210_1/alveo_hls4ml/alveo_hls4ml/alveo_hls4ml/solution/.autopilot/db/alveo_hls4ml.pp.0.cpp:49841:5: warning: Added loop label VITIS_LOOP_135_1:   [xilinx-label-all-loops]
    for(int ii = 0; ii < CONFIG_T::n_out; ii++) {
    ^~~
    VITIS_LOOP_135_1: 
/home/ayvol/accelerator_wrapper/_x.hw.xilinx_u55c_gen3x16_xdma_3_202210_1/alveo_hls4ml/alveo_hls4ml/alveo_hls4ml/solution/.autopilot/db/alveo_hls4ml.pp.0.cpp:49841:5: note: FIX-IT applied suggested code changes
/home/ayvol/accelerator_wrapper/_x.hw.xilinx_u55c_gen3x16_xdma_3_202210_1/alveo_hls4ml/alveo_hls4ml/alveo_hls4ml/solution/.autopilot/db/alveo_hls4ml.pp.0.cpp:49842:9: warning: Added loop label VITIS_LOOP_136_2:   [xilinx-label-all-loops]
        for(int ff = 0; ff < CONFIG_T::n_filt; ff++) {
        ^~~
        VITIS_LOOP_136_2: 
/home/ayvol/accelerator_wrapper/_x.hw.xilinx_u55c_gen3x16_xdma_3_202210_1/alveo_hls4ml/alveo_hls4ml/alveo_hls4ml/solution/.autopilot/db/alveo_hls4ml.pp.0.cpp:49842:9: note: FIX-IT applied suggested code changes
/home/ayvol/accelerator_wrapper/_x.hw.xilinx_u55c_gen3x16_xdma_3_202210_1/alveo_hls4ml/alveo_hls4ml/alveo_hls4ml/solution/.autopilot/db/alveo_hls4ml.pp.0.cpp:49863:5: warning: Added loop label VITIS_LOOP_157_3:   [xilinx-label-all-loops]
    for(int ii = 0; ii < CONFIG_T::n_out; ii++) {
    ^~~
    VITIS_LOOP_157_3: 
/home/ayvol/accelerator_wrapper/_x.hw.xilinx_u55c_gen3x16_xdma_3_202210_1/alveo_hls4ml/alveo_hls4ml/alveo_hls4ml/solution/.autopilot/db/alveo_hls4ml.pp.0.cpp:49863:5: note: FIX-IT applied suggested code changes
/home/ayvol/accelerator_wrapper/_x.hw.xilinx_u55c_gen3x16_xdma_3_202210_1/alveo_hls4ml/alveo_hls4ml/alveo_hls4ml/solution/.autopilot/db/alveo_hls4ml.pp.0.cpp:49864:9: warning: Added loop label VITIS_LOOP_158_4:   [xilinx-label-all-loops]
        for(int ff = 0; ff < CONFIG_T::n_filt; ff++) {
        ^~~
        VITIS_LOOP_158_4: 
/home/ayvol/accelerator_wrapper/_x.hw.xilinx_u55c_gen3x16_xdma_3_202210_1/alveo_hls4ml/alveo_hls4ml/alveo_hls4ml/solution/.autopilot/db/alveo_hls4ml.pp.0.cpp:49864:9: note: FIX-IT applied suggested code changes
/home/ayvol/accelerator_wrapper/_x.hw.xilinx_u55c_gen3x16_xdma_3_202210_1/alveo_hls4ml/alveo_hls4ml/alveo_hls4ml/solution/.autopilot/db/alveo_hls4ml.pp.0.cpp:49882:5: warning: Added loop label VITIS_LOOP_176_1:   [xilinx-label-all-loops]
    for(int r=0; r<NROWS; r++){
    ^~~
    VITIS_LOOP_176_1: 
/home/ayvol/accelerator_wrapper/_x.hw.xilinx_u55c_gen3x16_xdma_3_202210_1/alveo_hls4ml/alveo_hls4ml/alveo_hls4ml/solution/.autopilot/db/alveo_hls4ml.pp.0.cpp:49882:5: note: FIX-IT applied suggested code changes
/home/ayvol/accelerator_wrapper/_x.hw.xilinx_u55c_gen3x16_xdma_3_202210_1/alveo_hls4ml/alveo_hls4ml/alveo_hls4ml/solution/.autopilot/db/alveo_hls4ml.pp.0.cpp:49883:9: warning: Added loop label VITIS_LOOP_177_2:   [xilinx-label-all-loops]
        for(int c=0; c<NCOLS; c++){
        ^~~
        VITIS_LOOP_177_2: 
/home/ayvol/accelerator_wrapper/_x.hw.xilinx_u55c_gen3x16_xdma_3_202210_1/alveo_hls4ml/alveo_hls4ml/alveo_hls4ml/solution/.autopilot/db/alveo_hls4ml.pp.0.cpp:49883:9: note: FIX-IT applied suggested code changes
/home/ayvol/accelerator_wrapper/_x.hw.xilinx_u55c_gen3x16_xdma_3_202210_1/alveo_hls4ml/alveo_hls4ml/alveo_hls4ml/solution/.autopilot/db/alveo_hls4ml.pp.0.cpp:49895:5: warning: Added loop label VITIS_LOOP_189_1:   [xilinx-label-all-loops]
    for(int r=0; r<NROWS; r++){
    ^~~
    VITIS_LOOP_189_1: 
/home/ayvol/accelerator_wrapper/_x.hw.xilinx_u55c_gen3x16_xdma_3_202210_1/alveo_hls4ml/alveo_hls4ml/alveo_hls4ml/solution/.autopilot/db/alveo_hls4ml.pp.0.cpp:49895:5: note: FIX-IT applied suggested code changes
/home/ayvol/accelerator_wrapper/_x.hw.xilinx_u55c_gen3x16_xdma_3_202210_1/alveo_hls4ml/alveo_hls4ml/alveo_hls4ml/solution/.autopilot/db/alveo_hls4ml.pp.0.cpp:49896:9: warning: Added loop label VITIS_LOOP_190_2:   [xilinx-label-all-loops]
        for(int c=0; c<NCOLS; c++){
        ^~~
        VITIS_LOOP_190_2: 
/home/ayvol/accelerator_wrapper/_x.hw.xilinx_u55c_gen3x16_xdma_3_202210_1/alveo_hls4ml/alveo_hls4ml/alveo_hls4ml/solution/.autopilot/db/alveo_hls4ml.pp.0.cpp:49896:9: note: FIX-IT applied suggested code changes
/home/ayvol/accelerator_wrapper/_x.hw.xilinx_u55c_gen3x16_xdma_3_202210_1/alveo_hls4ml/alveo_hls4ml/alveo_hls4ml/solution/.autopilot/db/alveo_hls4ml.pp.0.cpp:49918:5: warning: Added loop label VITIS_LOOP_13_1:   [xilinx-label-all-loops]
    for (int channel = CONFIG_T::n_chan; channel--; data += CONFIG_T::n_in) {
    ^~~
    VITIS_LOOP_13_1: 
/home/ayvol/accelerator_wrapper/_x.hw.xilinx_u55c_gen3x16_xdma_3_202210_1/alveo_hls4ml/alveo_hls4ml/alveo_hls4ml/solution/.autopilot/db/alveo_hls4ml.pp.0.cpp:49918:5: note: FIX-IT applied suggested code changes
/home/ayvol/accelerator_wrapper/_x.hw.xilinx_u55c_gen3x16_xdma_3_202210_1/alveo_hls4ml/alveo_hls4ml/alveo_hls4ml/solution/.autopilot/db/alveo_hls4ml.pp.0.cpp:49920:2: warning: Added loop label VITIS_LOOP_15_2:   [xilinx-label-all-loops]
 for (int kernel_col = 0; kernel_col < CONFIG_T::filt_width; kernel_col++) {
 ^~~
 VITIS_LOOP_15_2: 
/home/ayvol/accelerator_wrapper/_x.hw.xilinx_u55c_gen3x16_xdma_3_202210_1/alveo_hls4ml/alveo_hls4ml/alveo_hls4ml/solution/.autopilot/db/alveo_hls4ml.pp.0.cpp:49920:2: note: FIX-IT applied suggested code changes
/home/ayvol/accelerator_wrapper/_x.hw.xilinx_u55c_gen3x16_xdma_3_202210_1/alveo_hls4ml/alveo_hls4ml/alveo_hls4ml/solution/.autopilot/db/alveo_hls4ml.pp.0.cpp:49923:13: warning: Added loop label VITIS_LOOP_18_3:   [xilinx-label-all-loops]
            for (int output_col = CONFIG_T::n_out; output_col; output_col--) {
            ^~~
            VITIS_LOOP_18_3: 
/home/ayvol/accelerator_wrapper/_x.hw.xilinx_u55c_gen3x16_xdma_3_202210_1/alveo_hls4ml/alveo_hls4ml/alveo_hls4ml/solution/.autopilot/db/alveo_hls4ml.pp.0.cpp:49923:13: note: FIX-IT applied suggested code changes
/home/ayvol/accelerator_wrapper/_x.hw.xilinx_u55c_gen3x16_xdma_3_202210_1/alveo_hls4ml/alveo_hls4ml/alveo_hls4ml/solution/.autopilot/db/alveo_hls4ml.pp.0.cpp:49957:5: warning: Added loop label VITIS_LOOP_52_1:   [xilinx-label-all-loops]
    for (int i = 0; i < CONFIG_T::n_out; i++) {
    ^~~
    VITIS_LOOP_52_1: 
/home/ayvol/accelerator_wrapper/_x.hw.xilinx_u55c_gen3x16_xdma_3_202210_1/alveo_hls4ml/alveo_hls4ml/alveo_hls4ml/solution/.autopilot/db/alveo_hls4ml.pp.0.cpp:49957:5: note: FIX-IT applied suggested code changes
/home/ayvol/accelerator_wrapper/_x.hw.xilinx_u55c_gen3x16_xdma_3_202210_1/alveo_hls4ml/alveo_hls4ml/alveo_hls4ml/solution/.autopilot/db/alveo_hls4ml.pp.0.cpp:49959:2: warning: Added loop label VITIS_LOOP_54_2:   [xilinx-label-all-loops]
 for (int j = 0; j < CONFIG_T::filt_width * CONFIG_T::n_chan; j++) {
 ^~~
 VITIS_LOOP_54_2: 
/home/ayvol/accelerator_wrapper/_x.hw.xilinx_u55c_gen3x16_xdma_3_202210_1/alveo_hls4ml/alveo_hls4ml/alveo_hls4ml/solution/.autopilot/db/alveo_hls4ml.pp.0.cpp:49959:2: note: FIX-IT applied suggested code changes
/home/ayvol/accelerator_wrapper/_x.hw.xilinx_u55c_gen3x16_xdma_3_202210_1/alveo_hls4ml/alveo_hls4ml/alveo_hls4ml/solution/.autopilot/db/alveo_hls4ml.pp.0.cpp:49963:9: warning: Added loop label VITIS_LOOP_58_3:   [xilinx-label-all-loops]
        for (int j = 0; j < CONFIG_T::n_filt; j++) {
        ^~~
        VITIS_LOOP_58_3: 
/home/ayvol/accelerator_wrapper/_x.hw.xilinx_u55c_gen3x16_xdma_3_202210_1/alveo_hls4ml/alveo_hls4ml/alveo_hls4ml/solution/.autopilot/db/alveo_hls4ml.pp.0.cpp:49963:9: note: FIX-IT applied suggested code changes
/home/ayvol/accelerator_wrapper/_x.hw.xilinx_u55c_gen3x16_xdma_3_202210_1/alveo_hls4ml/alveo_hls4ml/alveo_hls4ml/solution/.autopilot/db/alveo_hls4ml.pp.0.cpp:50041:9: warning: Added loop label VITIS_LOOP_136_1:   [xilinx-label-all-loops]
        for (int j = 0; j < CONFIG_T::n_filt; j++) {
        ^~~
        VITIS_LOOP_136_1: 
/home/ayvol/accelerator_wrapper/_x.hw.xilinx_u55c_gen3x16_xdma_3_202210_1/alveo_hls4ml/alveo_hls4ml/alveo_hls4ml/solution/.autopilot/db/alveo_hls4ml.pp.0.cpp:50041:9: note: FIX-IT applied suggested code changes
/home/ayvol/accelerator_wrapper/_x.hw.xilinx_u55c_gen3x16_xdma_3_202210_1/alveo_hls4ml/alveo_hls4ml/alveo_hls4ml/solution/.autopilot/db/alveo_hls4ml.pp.0.cpp:50098:9: warning: Added loop label VITIS_LOOP_193_1:   [xilinx-label-all-loops]
        for (int j = 0; j < CONFIG_T::n_filt; j++) {
        ^~~
        VITIS_LOOP_193_1: 
/home/ayvol/accelerator_wrapper/_x.hw.xilinx_u55c_gen3x16_xdma_3_202210_1/alveo_hls4ml/alveo_hls4ml/alveo_hls4ml/solution/.autopilot/db/alveo_hls4ml.pp.0.cpp:50098:9: note: FIX-IT applied suggested code changes
/home/ayvol/accelerator_wrapper/_x.hw.xilinx_u55c_gen3x16_xdma_3_202210_1/alveo_hls4ml/alveo_hls4ml/alveo_hls4ml/solution/.autopilot/db/alveo_hls4ml.pp.0.cpp:50155:5: warning: Added loop label VITIS_LOOP_68_1:   [xilinx-label-all-loops]
    for(int oh = 0; oh < CONFIG_T::out_height; oh++) {
    ^~~
    VITIS_LOOP_68_1: 
/home/ayvol/accelerator_wrapper/_x.hw.xilinx_u55c_gen3x16_xdma_3_202210_1/alveo_hls4ml/alveo_hls4ml/alveo_hls4ml/solution/.autopilot/db/alveo_hls4ml.pp.0.cpp:50155:5: note: FIX-IT applied suggested code changes
/home/ayvol/accelerator_wrapper/_x.hw.xilinx_u55c_gen3x16_xdma_3_202210_1/alveo_hls4ml/alveo_hls4ml/alveo_hls4ml/solution/.autopilot/db/alveo_hls4ml.pp.0.cpp:50156:9: warning: Added loop label VITIS_LOOP_69_2:   [xilinx-label-all-loops]
        for(int ow = 0; ow < CONFIG_T::out_width; ow++) {
        ^~~
        VITIS_LOOP_69_2: 
/home/ayvol/accelerator_wrapper/_x.hw.xilinx_u55c_gen3x16_xdma_3_202210_1/alveo_hls4ml/alveo_hls4ml/alveo_hls4ml/solution/.autopilot/db/alveo_hls4ml.pp.0.cpp:50156:9: note: FIX-IT applied suggested code changes
/home/ayvol/accelerator_wrapper/_x.hw.xilinx_u55c_gen3x16_xdma_3_202210_1/alveo_hls4ml/alveo_hls4ml/alveo_hls4ml/solution/.autopilot/db/alveo_hls4ml.pp.0.cpp:50157:13: warning: Added loop label VITIS_LOOP_70_3:   [xilinx-label-all-loops]
            for(int ff = 0; ff < CONFIG_T::n_filt; ff++){
            ^~~
            VITIS_LOOP_70_3: 
/home/ayvol/accelerator_wrapper/_x.hw.xilinx_u55c_gen3x16_xdma_3_202210_1/alveo_hls4ml/alveo_hls4ml/alveo_hls4ml/solution/.autopilot/db/alveo_hls4ml.pp.0.cpp:50157:13: note: FIX-IT applied suggested code changes
/home/ayvol/accelerator_wrapper/_x.hw.xilinx_u55c_gen3x16_xdma_3_202210_1/alveo_hls4ml/alveo_hls4ml/alveo_hls4ml/solution/.autopilot/db/alveo_hls4ml.pp.0.cpp:50158:17: warning: Added loop label VITIS_LOOP_71_4:   [xilinx-label-all-loops]
                for(int cc = 0; cc < CONFIG_T::n_chan; cc++){
                ^~~
                VITIS_LOOP_71_4: 
/home/ayvol/accelerator_wrapper/_x.hw.xilinx_u55c_gen3x16_xdma_3_202210_1/alveo_hls4ml/alveo_hls4ml/alveo_hls4ml/solution/.autopilot/db/alveo_hls4ml.pp.0.cpp:50158:17: note: FIX-IT applied suggested code changes
/home/ayvol/accelerator_wrapper/_x.hw.xilinx_u55c_gen3x16_xdma_3_202210_1/alveo_hls4ml/alveo_hls4ml/alveo_hls4ml/solution/.autopilot/db/alveo_hls4ml.pp.0.cpp:50159:21: warning: Added loop label VITIS_LOOP_72_5:   [xilinx-label-all-loops]
                    for(int fh = 0; fh < CONFIG_T::filt_height; fh++){
                    ^~~
                    VITIS_LOOP_72_5: 
/home/ayvol/accelerator_wrapper/_x.hw.xilinx_u55c_gen3x16_xdma_3_202210_1/alveo_hls4ml/alveo_hls4ml/alveo_hls4ml/solution/.autopilot/db/alveo_hls4ml.pp.0.cpp:50159:21: note: FIX-IT applied suggested code changes
/home/ayvol/accelerator_wrapper/_x.hw.xilinx_u55c_gen3x16_xdma_3_202210_1/alveo_hls4ml/alveo_hls4ml/alveo_hls4ml/solution/.autopilot/db/alveo_hls4ml.pp.0.cpp:50160:25: warning: Added loop label VITIS_LOOP_73_6:   [xilinx-label-all-loops]
                        for(int fw = 0; fw < CONFIG_T::filt_width; fw++){
                        ^~~
                        VITIS_LOOP_73_6: 
/home/ayvol/accelerator_wrapper/_x.hw.xilinx_u55c_gen3x16_xdma_3_202210_1/alveo_hls4ml/alveo_hls4ml/alveo_hls4ml/solution/.autopilot/db/alveo_hls4ml.pp.0.cpp:50160:25: note: FIX-IT applied suggested code changes
/home/ayvol/accelerator_wrapper/_x.hw.xilinx_u55c_gen3x16_xdma_3_202210_1/alveo_hls4ml/alveo_hls4ml/alveo_hls4ml/solution/.autopilot/db/alveo_hls4ml.pp.0.cpp:50256:5: warning: Added loop label VITIS_LOOP_169_1:   [xilinx-label-all-loops]
    for(int oh = 0; oh < CONFIG_T::out_height; oh++) {
    ^~~
    VITIS_LOOP_169_1: 
/home/ayvol/accelerator_wrapper/_x.hw.xilinx_u55c_gen3x16_xdma_3_202210_1/alveo_hls4ml/alveo_hls4ml/alveo_hls4ml/solution/.autopilot/db/alveo_hls4ml.pp.0.cpp:50256:5: note: FIX-IT applied suggested code changes
/home/ayvol/accelerator_wrapper/_x.hw.xilinx_u55c_gen3x16_xdma_3_202210_1/alveo_hls4ml/alveo_hls4ml/alveo_hls4ml/solution/.autopilot/db/alveo_hls4ml.pp.0.cpp:50257:9: warning: Added loop label VITIS_LOOP_170_2:   [xilinx-label-all-loops]
        for(int ow = 0; ow < CONFIG_T::out_width; ow++) {
        ^~~
        VITIS_LOOP_170_2: 
/home/ayvol/accelerator_wrapper/_x.hw.xilinx_u55c_gen3x16_xdma_3_202210_1/alveo_hls4ml/alveo_hls4ml/alveo_hls4ml/solution/.autopilot/db/alveo_hls4ml.pp.0.cpp:50257:9: note: FIX-IT applied suggested code changes
/home/ayvol/accelerator_wrapper/_x.hw.xilinx_u55c_gen3x16_xdma_3_202210_1/alveo_hls4ml/alveo_hls4ml/alveo_hls4ml/solution/.autopilot/db/alveo_hls4ml.pp.0.cpp:50258:13: warning: Added loop label VITIS_LOOP_171_3:   [xilinx-label-all-loops]
            for(int ff = 0; ff < CONFIG_T::n_filt; ff++) {
            ^~~
            VITIS_LOOP_171_3: 
/home/ayvol/accelerator_wrapper/_x.hw.xilinx_u55c_gen3x16_xdma_3_202210_1/alveo_hls4ml/alveo_hls4ml/alveo_hls4ml/solution/.autopilot/db/alveo_hls4ml.pp.0.cpp:50258:13: note: FIX-IT applied suggested code changes
/home/ayvol/accelerator_wrapper/_x.hw.xilinx_u55c_gen3x16_xdma_3_202210_1/alveo_hls4ml/alveo_hls4ml/alveo_hls4ml/solution/.autopilot/db/alveo_hls4ml.pp.0.cpp:50294:5: warning: Added loop label VITIS_LOOP_207_4:   [xilinx-label-all-loops]
    for(int ff = 0; ff < CONFIG_T::n_filt; ff++) {
    ^~~
    VITIS_LOOP_207_4: 
/home/ayvol/accelerator_wrapper/_x.hw.xilinx_u55c_gen3x16_xdma_3_202210_1/alveo_hls4ml/alveo_hls4ml/alveo_hls4ml/solution/.autopilot/db/alveo_hls4ml.pp.0.cpp:50294:5: note: FIX-IT applied suggested code changes
/home/ayvol/accelerator_wrapper/_x.hw.xilinx_u55c_gen3x16_xdma_3_202210_1/alveo_hls4ml/alveo_hls4ml/alveo_hls4ml/solution/.autopilot/db/alveo_hls4ml.pp.0.cpp:50295:9: warning: Added loop label VITIS_LOOP_208_5:   [xilinx-label-all-loops]
        for(int oh = 0; oh < CONFIG_T::out_height; oh++) {
        ^~~
        VITIS_LOOP_208_5: 
/home/ayvol/accelerator_wrapper/_x.hw.xilinx_u55c_gen3x16_xdma_3_202210_1/alveo_hls4ml/alveo_hls4ml/alveo_hls4ml/solution/.autopilot/db/alveo_hls4ml.pp.0.cpp:50295:9: note: FIX-IT applied suggested code changes
/home/ayvol/accelerator_wrapper/_x.hw.xilinx_u55c_gen3x16_xdma_3_202210_1/alveo_hls4ml/alveo_hls4ml/alveo_hls4ml/solution/.autopilot/db/alveo_hls4ml.pp.0.cpp:50296:13: warning: Added loop label VITIS_LOOP_209_6:   [xilinx-label-all-loops]
            for(int ow = 0; ow < CONFIG_T::out_width; ow++) {
            ^~~
            VITIS_LOOP_209_6: 
/home/ayvol/accelerator_wrapper/_x.hw.xilinx_u55c_gen3x16_xdma_3_202210_1/alveo_hls4ml/alveo_hls4ml/alveo_hls4ml/solution/.autopilot/db/alveo_hls4ml.pp.0.cpp:50296:13: note: FIX-IT applied suggested code changes
/home/ayvol/accelerator_wrapper/_x.hw.xilinx_u55c_gen3x16_xdma_3_202210_1/alveo_hls4ml/alveo_hls4ml/alveo_hls4ml/solution/.autopilot/db/alveo_hls4ml.pp.0.cpp:50372:5: warning: Added loop label VITIS_LOOP_285_1:   [xilinx-label-all-loops]
    for(int oh = 0; oh < CONFIG_T::out_height; oh++) {
    ^~~
    VITIS_LOOP_285_1: 
/home/ayvol/accelerator_wrapper/_x.hw.xilinx_u55c_gen3x16_xdma_3_202210_1/alveo_hls4ml/alveo_hls4ml/alveo_hls4ml/solution/.autopilot/db/alveo_hls4ml.pp.0.cpp:50372:5: note: FIX-IT applied suggested code changes
/home/ayvol/accelerator_wrapper/_x.hw.xilinx_u55c_gen3x16_xdma_3_202210_1/alveo_hls4ml/alveo_hls4ml/alveo_hls4ml/solution/.autopilot/db/alveo_hls4ml.pp.0.cpp:50373:9: warning: Added loop label VITIS_LOOP_286_2:   [xilinx-label-all-loops]
        for(int ow = 0; ow < CONFIG_T::out_width; ow++) {
        ^~~
        VITIS_LOOP_286_2: 
/home/ayvol/accelerator_wrapper/_x.hw.xilinx_u55c_gen3x16_xdma_3_202210_1/alveo_hls4ml/alveo_hls4ml/alveo_hls4ml/solution/.autopilot/db/alveo_hls4ml.pp.0.cpp:50373:9: note: FIX-IT applied suggested code changes
/home/ayvol/accelerator_wrapper/_x.hw.xilinx_u55c_gen3x16_xdma_3_202210_1/alveo_hls4ml/alveo_hls4ml/alveo_hls4ml/solution/.autopilot/db/alveo_hls4ml.pp.0.cpp:50374:13: warning: Added loop label VITIS_LOOP_287_3:   [xilinx-label-all-loops]
            for(int ff = 0; ff < CONFIG_T::n_filt; ff++) {
            ^~~
            VITIS_LOOP_287_3: 
/home/ayvol/accelerator_wrapper/_x.hw.xilinx_u55c_gen3x16_xdma_3_202210_1/alveo_hls4ml/alveo_hls4ml/alveo_hls4ml/solution/.autopilot/db/alveo_hls4ml.pp.0.cpp:50374:13: note: FIX-IT applied suggested code changes
/home/ayvol/accelerator_wrapper/_x.hw.xilinx_u55c_gen3x16_xdma_3_202210_1/alveo_hls4ml/alveo_hls4ml/alveo_hls4ml/solution/.autopilot/db/alveo_hls4ml.pp.0.cpp:50410:5: warning: Added loop label VITIS_LOOP_323_4:   [xilinx-label-all-loops]
    for(int oh = 0; oh < CONFIG_T::out_height; oh++) {
    ^~~
    VITIS_LOOP_323_4: 
/home/ayvol/accelerator_wrapper/_x.hw.xilinx_u55c_gen3x16_xdma_3_202210_1/alveo_hls4ml/alveo_hls4ml/alveo_hls4ml/solution/.autopilot/db/alveo_hls4ml.pp.0.cpp:50410:5: note: FIX-IT applied suggested code changes
/home/ayvol/accelerator_wrapper/_x.hw.xilinx_u55c_gen3x16_xdma_3_202210_1/alveo_hls4ml/alveo_hls4ml/alveo_hls4ml/solution/.autopilot/db/alveo_hls4ml.pp.0.cpp:50411:9: warning: Added loop label VITIS_LOOP_324_5:   [xilinx-label-all-loops]
        for(int ow = 0; ow < CONFIG_T::out_width; ow++) {
        ^~~
        VITIS_LOOP_324_5: 
/home/ayvol/accelerator_wrapper/_x.hw.xilinx_u55c_gen3x16_xdma_3_202210_1/alveo_hls4ml/alveo_hls4ml/alveo_hls4ml/solution/.autopilot/db/alveo_hls4ml.pp.0.cpp:50411:9: note: FIX-IT applied suggested code changes
/home/ayvol/accelerator_wrapper/_x.hw.xilinx_u55c_gen3x16_xdma_3_202210_1/alveo_hls4ml/alveo_hls4ml/alveo_hls4ml/solution/.autopilot/db/alveo_hls4ml.pp.0.cpp:50412:15: warning: Added loop label VITIS_LOOP_325_6:   [xilinx-label-all-loops]
              for(int ff = 0; ff < CONFIG_T::n_filt; ff++) {
              ^~~
              VITIS_LOOP_325_6: 
/home/ayvol/accelerator_wrapper/_x.hw.xilinx_u55c_gen3x16_xdma_3_202210_1/alveo_hls4ml/alveo_hls4ml/alveo_hls4ml/solution/.autopilot/db/alveo_hls4ml.pp.0.cpp:50412:15: note: FIX-IT applied suggested code changes
/home/ayvol/accelerator_wrapper/_x.hw.xilinx_u55c_gen3x16_xdma_3_202210_1/alveo_hls4ml/alveo_hls4ml/alveo_hls4ml/solution/.autopilot/db/alveo_hls4ml.pp.0.cpp:50428:5: warning: Added loop label VITIS_LOOP_341_1:   [xilinx-label-all-loops]
    for(int i1=0; i1<N1; i1++){
    ^~~
    VITIS_LOOP_341_1: 
/home/ayvol/accelerator_wrapper/_x.hw.xilinx_u55c_gen3x16_xdma_3_202210_1/alveo_hls4ml/alveo_hls4ml/alveo_hls4ml/solution/.autopilot/db/alveo_hls4ml.pp.0.cpp:50428:5: note: FIX-IT applied suggested code changes
/home/ayvol/accelerator_wrapper/_x.hw.xilinx_u55c_gen3x16_xdma_3_202210_1/alveo_hls4ml/alveo_hls4ml/alveo_hls4ml/solution/.autopilot/db/alveo_hls4ml.pp.0.cpp:50429:9: warning: Added loop label VITIS_LOOP_342_2:   [xilinx-label-all-loops]
        for(int i2=0; i2<N2; i2++){
        ^~~
        VITIS_LOOP_342_2: 
/home/ayvol/accelerator_wrapper/_x.hw.xilinx_u55c_gen3x16_xdma_3_202210_1/alveo_hls4ml/alveo_hls4ml/alveo_hls4ml/solution/.autopilot/db/alveo_hls4ml.pp.0.cpp:50429:9: note: FIX-IT applied suggested code changes
/home/ayvol/accelerator_wrapper/_x.hw.xilinx_u55c_gen3x16_xdma_3_202210_1/alveo_hls4ml/alveo_hls4ml/alveo_hls4ml/solution/.autopilot/db/alveo_hls4ml.pp.0.cpp:50430:13: warning: Added loop label VITIS_LOOP_343_3:   [xilinx-label-all-loops]
            for(int i3=0; i3<N3; i3++){
            ^~~
            VITIS_LOOP_343_3: 
/home/ayvol/accelerator_wrapper/_x.hw.xilinx_u55c_gen3x16_xdma_3_202210_1/alveo_hls4ml/alveo_hls4ml/alveo_hls4ml/solution/.autopilot/db/alveo_hls4ml.pp.0.cpp:50430:13: note: FIX-IT applied suggested code changes
/home/ayvol/accelerator_wrapper/_x.hw.xilinx_u55c_gen3x16_xdma_3_202210_1/alveo_hls4ml/alveo_hls4ml/alveo_hls4ml/solution/.autopilot/db/alveo_hls4ml.pp.0.cpp:50444:5: warning: Added loop label VITIS_LOOP_357_1:   [xilinx-label-all-loops]
    for(int i1=0; i1<N1; i1++){
    ^~~
    VITIS_LOOP_357_1: 
/home/ayvol/accelerator_wrapper/_x.hw.xilinx_u55c_gen3x16_xdma_3_202210_1/alveo_hls4ml/alveo_hls4ml/alveo_hls4ml/solution/.autopilot/db/alveo_hls4ml.pp.0.cpp:50444:5: note: FIX-IT applied suggested code changes
/home/ayvol/accelerator_wrapper/_x.hw.xilinx_u55c_gen3x16_xdma_3_202210_1/alveo_hls4ml/alveo_hls4ml/alveo_hls4ml/solution/.autopilot/db/alveo_hls4ml.pp.0.cpp:50445:9: warning: Added loop label VITIS_LOOP_358_2:   [xilinx-label-all-loops]
        for(int i2=0; i2<N2; i2++){
        ^~~
        VITIS_LOOP_358_2: 
/home/ayvol/accelerator_wrapper/_x.hw.xilinx_u55c_gen3x16_xdma_3_202210_1/alveo_hls4ml/alveo_hls4ml/alveo_hls4ml/solution/.autopilot/db/alveo_hls4ml.pp.0.cpp:50445:9: note: FIX-IT applied suggested code changes
/home/ayvol/accelerator_wrapper/_x.hw.xilinx_u55c_gen3x16_xdma_3_202210_1/alveo_hls4ml/alveo_hls4ml/alveo_hls4ml/solution/.autopilot/db/alveo_hls4ml.pp.0.cpp:50446:13: warning: Added loop label VITIS_LOOP_359_3:   [xilinx-label-all-loops]
            for(int i3=0; i3<N3; i3++){
            ^~~
            VITIS_LOOP_359_3: 
/home/ayvol/accelerator_wrapper/_x.hw.xilinx_u55c_gen3x16_xdma_3_202210_1/alveo_hls4ml/alveo_hls4ml/alveo_hls4ml/solution/.autopilot/db/alveo_hls4ml.pp.0.cpp:50446:13: note: FIX-IT applied suggested code changes
/home/ayvol/accelerator_wrapper/_x.hw.xilinx_u55c_gen3x16_xdma_3_202210_1/alveo_hls4ml/alveo_hls4ml/alveo_hls4ml/solution/.autopilot/db/alveo_hls4ml.pp.0.cpp:50477:5: warning: Added loop label VITIS_LOOP_21_1:   [xilinx-label-all-loops]
    for (int channel = CONFIG_T::n_chan; channel--; data += channel_size) {
    ^~~
    VITIS_LOOP_21_1: 
/home/ayvol/accelerator_wrapper/_x.hw.xilinx_u55c_gen3x16_xdma_3_202210_1/alveo_hls4ml/alveo_hls4ml/alveo_hls4ml/solution/.autopilot/db/alveo_hls4ml.pp.0.cpp:50477:5: note: FIX-IT applied suggested code changes
/home/ayvol/accelerator_wrapper/_x.hw.xilinx_u55c_gen3x16_xdma_3_202210_1/alveo_hls4ml/alveo_hls4ml/alveo_hls4ml/solution/.autopilot/db/alveo_hls4ml.pp.0.cpp:50478:9: warning: Added loop label VITIS_LOOP_22_2:   [xilinx-label-all-loops]
        for (int kernel_row = 0; kernel_row < CONFIG_T::filt_height; kernel_row++) {
        ^~~
        VITIS_LOOP_22_2: 
/home/ayvol/accelerator_wrapper/_x.hw.xilinx_u55c_gen3x16_xdma_3_202210_1/alveo_hls4ml/alveo_hls4ml/alveo_hls4ml/solution/.autopilot/db/alveo_hls4ml.pp.0.cpp:50478:9: note: FIX-IT applied suggested code changes
/home/ayvol/accelerator_wrapper/_x.hw.xilinx_u55c_gen3x16_xdma_3_202210_1/alveo_hls4ml/alveo_hls4ml/alveo_hls4ml/solution/.autopilot/db/alveo_hls4ml.pp.0.cpp:50479:13: warning: Added loop label VITIS_LOOP_23_3:   [xilinx-label-all-loops]
            for (int kernel_col = 0; kernel_col < CONFIG_T::filt_width; kernel_col++) {
            ^~~
            VITIS_LOOP_23_3: 
/home/ayvol/accelerator_wrapper/_x.hw.xilinx_u55c_gen3x16_xdma_3_202210_1/alveo_hls4ml/alveo_hls4ml/alveo_hls4ml/solution/.autopilot/db/alveo_hls4ml.pp.0.cpp:50479:13: note: FIX-IT applied suggested code changes
/home/ayvol/accelerator_wrapper/_x.hw.xilinx_u55c_gen3x16_xdma_3_202210_1/alveo_hls4ml/alveo_hls4ml/alveo_hls4ml/solution/.autopilot/db/alveo_hls4ml.pp.0.cpp:50481:17: warning: Added loop label VITIS_LOOP_25_4:   [xilinx-label-all-loops]
                for (int output_rows = output_h; output_rows; output_rows--) {
                ^~~
                VITIS_LOOP_25_4: 
/home/ayvol/accelerator_wrapper/_x.hw.xilinx_u55c_gen3x16_xdma_3_202210_1/alveo_hls4ml/alveo_hls4ml/alveo_hls4ml/solution/.autopilot/db/alveo_hls4ml.pp.0.cpp:50481:17: note: FIX-IT applied suggested code changes
/home/ayvol/accelerator_wrapper/_x.hw.xilinx_u55c_gen3x16_xdma_3_202210_1/alveo_hls4ml/alveo_hls4ml/alveo_hls4ml/solution/.autopilot/db/alveo_hls4ml.pp.0.cpp:50483:25: warning: Added loop label VITIS_LOOP_27_5:   [xilinx-label-all-loops]
                        for (int output_cols = output_w; output_cols; output_cols--) {
                        ^~~
                        VITIS_LOOP_27_5: 
/home/ayvol/accelerator_wrapper/_x.hw.xilinx_u55c_gen3x16_xdma_3_202210_1/alveo_hls4ml/alveo_hls4ml/alveo_hls4ml/solution/.autopilot/db/alveo_hls4ml.pp.0.cpp:50483:25: note: FIX-IT applied suggested code changes
/home/ayvol/accelerator_wrapper/_x.hw.xilinx_u55c_gen3x16_xdma_3_202210_1/alveo_hls4ml/alveo_hls4ml/alveo_hls4ml/solution/.autopilot/db/alveo_hls4ml.pp.0.cpp:50488:25: warning: Added loop label VITIS_LOOP_32_6:   [xilinx-label-all-loops]
                        for (int output_col = output_w; output_col; output_col--) {
                        ^~~
                        VITIS_LOOP_32_6: 
/home/ayvol/accelerator_wrapper/_x.hw.xilinx_u55c_gen3x16_xdma_3_202210_1/alveo_hls4ml/alveo_hls4ml/alveo_hls4ml/solution/.autopilot/db/alveo_hls4ml.pp.0.cpp:50488:25: note: FIX-IT applied suggested code changes
/home/ayvol/accelerator_wrapper/_x.hw.xilinx_u55c_gen3x16_xdma_3_202210_1/alveo_hls4ml/alveo_hls4ml/alveo_hls4ml/solution/.autopilot/db/alveo_hls4ml.pp.0.cpp:50522:5: warning: Added loop label VITIS_LOOP_66_1:   [xilinx-label-all-loops]
    for (int i = 0; i < CONFIG_T::out_height * CONFIG_T::out_width; i++) {
    ^~~
    VITIS_LOOP_66_1: 
/home/ayvol/accelerator_wrapper/_x.hw.xilinx_u55c_gen3x16_xdma_3_202210_1/alveo_hls4ml/alveo_hls4ml/alveo_hls4ml/solution/.autopilot/db/alveo_hls4ml.pp.0.cpp:50522:5: note: FIX-IT applied suggested code changes
/home/ayvol/accelerator_wrapper/_x.hw.xilinx_u55c_gen3x16_xdma_3_202210_1/alveo_hls4ml/alveo_hls4ml/alveo_hls4ml/solution/.autopilot/db/alveo_hls4ml.pp.0.cpp:50523:9: warning: Added loop label VITIS_LOOP_67_2:   [xilinx-label-all-loops]
        for (int j = 0; j < CONFIG_T::filt_height * CONFIG_T::filt_width * CONFIG_T::n_chan; j++) {
        ^~~
        VITIS_LOOP_67_2: 
/home/ayvol/accelerator_wrapper/_x.hw.xilinx_u55c_gen3x16_xdma_3_202210_1/alveo_hls4ml/alveo_hls4ml/alveo_hls4ml/solution/.autopilot/db/alveo_hls4ml.pp.0.cpp:50523:9: note: FIX-IT applied suggested code changes
/home/ayvol/accelerator_wrapper/_x.hw.xilinx_u55c_gen3x16_xdma_3_202210_1/alveo_hls4ml/alveo_hls4ml/alveo_hls4ml/solution/.autopilot/db/alveo_hls4ml.pp.0.cpp:50527:9: warning: Added loop label VITIS_LOOP_71_3:   [xilinx-label-all-loops]
        for (int j = 0; j < CONFIG_T::n_filt; j++) {
        ^~~
        VITIS_LOOP_71_3: 
/home/ayvol/accelerator_wrapper/_x.hw.xilinx_u55c_gen3x16_xdma_3_202210_1/alveo_hls4ml/alveo_hls4ml/alveo_hls4ml/solution/.autopilot/db/alveo_hls4ml.pp.0.cpp:50527:9: note: FIX-IT applied suggested code changes
/home/ayvol/accelerator_wrapper/_x.hw.xilinx_u55c_gen3x16_xdma_3_202210_1/alveo_hls4ml/alveo_hls4ml/alveo_hls4ml/solution/.autopilot/db/alveo_hls4ml.pp.0.cpp:50543:5: warning: Added loop label VITIS_LOOP_87_1:   [xilinx-label-all-loops]
    for (int channel = CONFIG_T::n_chan; channel--; data += channel_size) {
    ^~~
    VITIS_LOOP_87_1: 
/home/ayvol/accelerator_wrapper/_x.hw.xilinx_u55c_gen3x16_xdma_3_202210_1/alveo_hls4ml/alveo_hls4ml/alveo_hls4ml/solution/.autopilot/db/alveo_hls4ml.pp.0.cpp:50543:5: note: FIX-IT applied suggested code changes
/home/ayvol/accelerator_wrapper/_x.hw.xilinx_u55c_gen3x16_xdma_3_202210_1/alveo_hls4ml/alveo_hls4ml/alveo_hls4ml/solution/.autopilot/db/alveo_hls4ml.pp.0.cpp:50545:2: warning: Added loop label VITIS_LOOP_89_2:   [xilinx-label-all-loops]
 for (int kernel_row = 0; kernel_row < CONFIG_T::filt_height; kernel_row++) {
 ^~~
 VITIS_LOOP_89_2: 
/home/ayvol/accelerator_wrapper/_x.hw.xilinx_u55c_gen3x16_xdma_3_202210_1/alveo_hls4ml/alveo_hls4ml/alveo_hls4ml/solution/.autopilot/db/alveo_hls4ml.pp.0.cpp:50545:2: note: FIX-IT applied suggested code changes
/home/ayvol/accelerator_wrapper/_x.hw.xilinx_u55c_gen3x16_xdma_3_202210_1/alveo_hls4ml/alveo_hls4ml/alveo_hls4ml/solution/.autopilot/db/alveo_hls4ml.pp.0.cpp:50547:13: warning: Added loop label VITIS_LOOP_91_3:   [xilinx-label-all-loops]
            for (int kernel_col = 0; kernel_col < CONFIG_T::filt_width; kernel_col++) {
            ^~~
            VITIS_LOOP_91_3: 
/home/ayvol/accelerator_wrapper/_x.hw.xilinx_u55c_gen3x16_xdma_3_202210_1/alveo_hls4ml/alveo_hls4ml/alveo_hls4ml/solution/.autopilot/db/alveo_hls4ml.pp.0.cpp:50547:13: note: FIX-IT applied suggested code changes
/home/ayvol/accelerator_wrapper/_x.hw.xilinx_u55c_gen3x16_xdma_3_202210_1/alveo_hls4ml/alveo_hls4ml/alveo_hls4ml/solution/.autopilot/db/alveo_hls4ml.pp.0.cpp:50614:5: warning: Added loop label VITIS_LOOP_158_1:   [xilinx-label-all-loops]
    for (int channel = CONFIG_T::n_chan; channel--; data++) {
    ^~~
    VITIS_LOOP_158_1: 
/home/ayvol/accelerator_wrapper/_x.hw.xilinx_u55c_gen3x16_xdma_3_202210_1/alveo_hls4ml/alveo_hls4ml/alveo_hls4ml/solution/.autopilot/db/alveo_hls4ml.pp.0.cpp:50614:5: note: FIX-IT applied suggested code changes
/home/ayvol/accelerator_wrapper/_x.hw.xilinx_u55c_gen3x16_xdma_3_202210_1/alveo_hls4ml/alveo_hls4ml/alveo_hls4ml/solution/.autopilot/db/alveo_hls4ml.pp.0.cpp:50616:2: warning: Added loop label VITIS_LOOP_160_2:   [xilinx-label-all-loops]
 for (int kernel_row = 0; kernel_row < CONFIG_T::filt_height; kernel_row++) {
 ^~~
 VITIS_LOOP_160_2: 
/home/ayvol/accelerator_wrapper/_x.hw.xilinx_u55c_gen3x16_xdma_3_202210_1/alveo_hls4ml/alveo_hls4ml/alveo_hls4ml/solution/.autopilot/db/alveo_hls4ml.pp.0.cpp:50616:2: note: FIX-IT applied suggested code changes
/home/ayvol/accelerator_wrapper/_x.hw.xilinx_u55c_gen3x16_xdma_3_202210_1/alveo_hls4ml/alveo_hls4ml/alveo_hls4ml/solution/.autopilot/db/alveo_hls4ml.pp.0.cpp:50618:13: warning: Added loop label VITIS_LOOP_162_3:   [xilinx-label-all-loops]
            for (int kernel_col = 0; kernel_col < CONFIG_T::filt_width; kernel_col++) {
            ^~~
            VITIS_LOOP_162_3: 
/home/ayvol/accelerator_wrapper/_x.hw.xilinx_u55c_gen3x16_xdma_3_202210_1/alveo_hls4ml/alveo_hls4ml/alveo_hls4ml/solution/.autopilot/db/alveo_hls4ml.pp.0.cpp:50618:13: note: FIX-IT applied suggested code changes
/home/ayvol/accelerator_wrapper/_x.hw.xilinx_u55c_gen3x16_xdma_3_202210_1/alveo_hls4ml/alveo_hls4ml/alveo_hls4ml/solution/.autopilot/db/alveo_hls4ml.pp.0.cpp:50715:5: warning: Added loop label VITIS_LOOP_57_1:   [xilinx-label-all-loops]
    for (int ii=0; ii<CONFIG_T::n_in; ii++) {
    ^~~
    VITIS_LOOP_57_1: 
/home/ayvol/accelerator_wrapper/_x.hw.xilinx_u55c_gen3x16_xdma_3_202210_1/alveo_hls4ml/alveo_hls4ml/alveo_hls4ml/solution/.autopilot/db/alveo_hls4ml.pp.0.cpp:50715:5: note: FIX-IT applied suggested code changes
/home/ayvol/accelerator_wrapper/_x.hw.xilinx_u55c_gen3x16_xdma_3_202210_1/alveo_hls4ml/alveo_hls4ml/alveo_hls4ml/solution/.autopilot/db/alveo_hls4ml.pp.0.cpp:50736:5: warning: Added loop label VITIS_LOOP_78_1:   [xilinx-label-all-loops]
    for (int ii=0; ii<CONFIG_T::n_in; ii++) {
    ^~~
    VITIS_LOOP_78_1: 
/home/ayvol/accelerator_wrapper/_x.hw.xilinx_u55c_gen3x16_xdma_3_202210_1/alveo_hls4ml/alveo_hls4ml/alveo_hls4ml/solution/.autopilot/db/alveo_hls4ml.pp.0.cpp:50736:5: note: FIX-IT applied suggested code changes
/home/ayvol/accelerator_wrapper/_x.hw.xilinx_u55c_gen3x16_xdma_3_202210_1/alveo_hls4ml/alveo_hls4ml/alveo_hls4ml/solution/.autopilot/db/alveo_hls4ml.pp.0.cpp:50754:5: warning: Added loop label VITIS_LOOP_96_1:   [xilinx-label-all-loops]
    for (int ii=0; ii<CONFIG_T::n_in; ii++) {
    ^~~
    VITIS_LOOP_96_1: 
/home/ayvol/accelerator_wrapper/_x.hw.xilinx_u55c_gen3x16_xdma_3_202210_1/alveo_hls4ml/alveo_hls4ml/alveo_hls4ml/solution/.autopilot/db/alveo_hls4ml.pp.0.cpp:50754:5: note: FIX-IT applied suggested code changes
/home/ayvol/accelerator_wrapper/_x.hw.xilinx_u55c_gen3x16_xdma_3_202210_1/alveo_hls4ml/alveo_hls4ml/alveo_hls4ml/solution/.autopilot/db/alveo_hls4ml.pp.0.cpp:50789:5: warning: Added loop label VITIS_LOOP_131_1:   [xilinx-label-all-loops]
    for (int ii = 0; ii < N_TABLE; ii++) {
    ^~~
    VITIS_LOOP_131_1: 
/home/ayvol/accelerator_wrapper/_x.hw.xilinx_u55c_gen3x16_xdma_3_202210_1/alveo_hls4ml/alveo_hls4ml/alveo_hls4ml/solution/.autopilot/db/alveo_hls4ml.pp.0.cpp:50789:5: note: FIX-IT applied suggested code changes
/home/ayvol/accelerator_wrapper/_x.hw.xilinx_u55c_gen3x16_xdma_3_202210_1/alveo_hls4ml/alveo_hls4ml/alveo_hls4ml/solution/.autopilot/db/alveo_hls4ml.pp.0.cpp:50822:5: warning: Added loop label VITIS_LOOP_164_1:   [xilinx-label-all-loops]
    for (int ii=0; ii<CONFIG_T::n_in; ii++) {
    ^~~
    VITIS_LOOP_164_1: 
/home/ayvol/accelerator_wrapper/_x.hw.xilinx_u55c_gen3x16_xdma_3_202210_1/alveo_hls4ml/alveo_hls4ml/alveo_hls4ml/solution/.autopilot/db/alveo_hls4ml.pp.0.cpp:50822:5: note: FIX-IT applied suggested code changes
/home/ayvol/accelerator_wrapper/_x.hw.xilinx_u55c_gen3x16_xdma_3_202210_1/alveo_hls4ml/alveo_hls4ml/alveo_hls4ml/solution/.autopilot/db/alveo_hls4ml.pp.0.cpp:50845:5: warning: Added loop label VITIS_LOOP_187_1:   [xilinx-label-all-loops]
    for (int ii = 0; ii < N_TABLE; ii++) {
    ^~~
    VITIS_LOOP_187_1: 
/home/ayvol/accelerator_wrapper/_x.hw.xilinx_u55c_gen3x16_xdma_3_202210_1/alveo_hls4ml/alveo_hls4ml/alveo_hls4ml/solution/.autopilot/db/alveo_hls4ml.pp.0.cpp:50845:5: note: FIX-IT applied suggested code changes
/home/ayvol/accelerator_wrapper/_x.hw.xilinx_u55c_gen3x16_xdma_3_202210_1/alveo_hls4ml/alveo_hls4ml/alveo_hls4ml/solution/.autopilot/db/alveo_hls4ml.pp.0.cpp:50860:5: warning: Added loop label VITIS_LOOP_202_1:   [xilinx-label-all-loops]
    for (int ii = 0; ii < N_TABLE; ii++) {
    ^~~
    VITIS_LOOP_202_1: 
/home/ayvol/accelerator_wrapper/_x.hw.xilinx_u55c_gen3x16_xdma_3_202210_1/alveo_hls4ml/alveo_hls4ml/alveo_hls4ml/solution/.autopilot/db/alveo_hls4ml.pp.0.cpp:50860:5: note: FIX-IT applied suggested code changes
/home/ayvol/accelerator_wrapper/_x.hw.xilinx_u55c_gen3x16_xdma_3_202210_1/alveo_hls4ml/alveo_hls4ml/alveo_hls4ml/solution/.autopilot/db/alveo_hls4ml.pp.0.cpp:50899:5: warning: Added loop label VITIS_LOOP_241_1:   [xilinx-label-all-loops]
    for (int ii=0; ii<CONFIG_T::n_in; ii++) {
    ^~~
    VITIS_LOOP_241_1: 
/home/ayvol/accelerator_wrapper/_x.hw.xilinx_u55c_gen3x16_xdma_3_202210_1/alveo_hls4ml/alveo_hls4ml/alveo_hls4ml/solution/.autopilot/db/alveo_hls4ml.pp.0.cpp:50899:5: note: FIX-IT applied suggested code changes
/home/ayvol/accelerator_wrapper/_x.hw.xilinx_u55c_gen3x16_xdma_3_202210_1/alveo_hls4ml/alveo_hls4ml/alveo_hls4ml/solution/.autopilot/db/alveo_hls4ml.pp.0.cpp:50903:5: warning: Added loop label VITIS_LOOP_245_2:   [xilinx-label-all-loops]
    for (int ii=0; ii<CONFIG_T::n_in; ii++) {
    ^~~
    VITIS_LOOP_245_2: 
/home/ayvol/accelerator_wrapper/_x.hw.xilinx_u55c_gen3x16_xdma_3_202210_1/alveo_hls4ml/alveo_hls4ml/alveo_hls4ml/solution/.autopilot/db/alveo_hls4ml.pp.0.cpp:50903:5: note: FIX-IT applied suggested code changes
/home/ayvol/accelerator_wrapper/_x.hw.xilinx_u55c_gen3x16_xdma_3_202210_1/alveo_hls4ml/alveo_hls4ml/alveo_hls4ml/solution/.autopilot/db/alveo_hls4ml.pp.0.cpp:50907:7: warning: Added loop label VITIS_LOOP_249_3:   [xilinx-label-all-loops]
      for (int jj=0; jj<CONFIG_T::n_in; jj++) {
      ^~~
      VITIS_LOOP_249_3: 
/home/ayvol/accelerator_wrapper/_x.hw.xilinx_u55c_gen3x16_xdma_3_202210_1/alveo_hls4ml/alveo_hls4ml/alveo_hls4ml/solution/.autopilot/db/alveo_hls4ml.pp.0.cpp:50907:7: note: FIX-IT applied suggested code changes
/home/ayvol/accelerator_wrapper/_x.hw.xilinx_u55c_gen3x16_xdma_3_202210_1/alveo_hls4ml/alveo_hls4ml/alveo_hls4ml/solution/.autopilot/db/alveo_hls4ml.pp.0.cpp:50921:5: warning: Added loop label VITIS_LOOP_263_4:   [xilinx-label-all-loops]
    for (int ii=0; ii<CONFIG_T::n_in; ii++) {
    ^~~
    VITIS_LOOP_263_4: 
/home/ayvol/accelerator_wrapper/_x.hw.xilinx_u55c_gen3x16_xdma_3_202210_1/alveo_hls4ml/alveo_hls4ml/alveo_hls4ml/solution/.autopilot/db/alveo_hls4ml.pp.0.cpp:50921:5: note: FIX-IT applied suggested code changes
/home/ayvol/accelerator_wrapper/_x.hw.xilinx_u55c_gen3x16_xdma_3_202210_1/alveo_hls4ml/alveo_hls4ml/alveo_hls4ml/solution/.autopilot/db/alveo_hls4ml.pp.0.cpp:50938:5: warning: Added loop label VITIS_LOOP_280_1:   [xilinx-label-all-loops]
    for (int ii = 0; ii < N_TABLE; ii++) {
    ^~~
    VITIS_LOOP_280_1: 
/home/ayvol/accelerator_wrapper/_x.hw.xilinx_u55c_gen3x16_xdma_3_202210_1/alveo_hls4ml/alveo_hls4ml/alveo_hls4ml/solution/.autopilot/db/alveo_hls4ml.pp.0.cpp:50938:5: note: FIX-IT applied suggested code changes
/home/ayvol/accelerator_wrapper/_x.hw.xilinx_u55c_gen3x16_xdma_3_202210_1/alveo_hls4ml/alveo_hls4ml/alveo_hls4ml/solution/.autopilot/db/alveo_hls4ml.pp.0.cpp:50972:5: warning: Added loop label VITIS_LOOP_314_1:   [xilinx-label-all-loops]
    for (int ii=0; ii<CONFIG_T::n_in; ii++) {
    ^~~
    VITIS_LOOP_314_1: 
/home/ayvol/accelerator_wrapper/_x.hw.xilinx_u55c_gen3x16_xdma_3_202210_1/alveo_hls4ml/alveo_hls4ml/alveo_hls4ml/solution/.autopilot/db/alveo_hls4ml.pp.0.cpp:50972:5: note: FIX-IT applied suggested code changes
/home/ayvol/accelerator_wrapper/_x.hw.xilinx_u55c_gen3x16_xdma_3_202210_1/alveo_hls4ml/alveo_hls4ml/alveo_hls4ml/solution/.autopilot/db/alveo_hls4ml.pp.0.cpp:50998:5: warning: Added loop label VITIS_LOOP_340_1:   [xilinx-label-all-loops]
    for (int ii=0; ii<CONFIG_T::n_in; ii++) {
    ^~~
    VITIS_LOOP_340_1: 
/home/ayvol/accelerator_wrapper/_x.hw.xilinx_u55c_gen3x16_xdma_3_202210_1/alveo_hls4ml/alveo_hls4ml/alveo_hls4ml/solution/.autopilot/db/alveo_hls4ml.pp.0.cpp:50998:5: note: FIX-IT applied suggested code changes
/home/ayvol/accelerator_wrapper/_x.hw.xilinx_u55c_gen3x16_xdma_3_202210_1/alveo_hls4ml/alveo_hls4ml/alveo_hls4ml/solution/.autopilot/db/alveo_hls4ml.pp.0.cpp:51020:5: warning: Added loop label VITIS_LOOP_362_1:   [xilinx-label-all-loops]
    for (int ii=0; ii<CONFIG_T::n_in; ii++) {
    ^~~
    VITIS_LOOP_362_1: 
/home/ayvol/accelerator_wrapper/_x.hw.xilinx_u55c_gen3x16_xdma_3_202210_1/alveo_hls4ml/alveo_hls4ml/alveo_hls4ml/solution/.autopilot/db/alveo_hls4ml.pp.0.cpp:51020:5: note: FIX-IT applied suggested code changes
/home/ayvol/accelerator_wrapper/_x.hw.xilinx_u55c_gen3x16_xdma_3_202210_1/alveo_hls4ml/alveo_hls4ml/alveo_hls4ml/solution/.autopilot/db/alveo_hls4ml.pp.0.cpp:51041:5: warning: Added loop label VITIS_LOOP_383_1:   [xilinx-label-all-loops]
    for (int ii=0; ii<CONFIG_T::n_in; ii++) {
    ^~~
    VITIS_LOOP_383_1: 
/home/ayvol/accelerator_wrapper/_x.hw.xilinx_u55c_gen3x16_xdma_3_202210_1/alveo_hls4ml/alveo_hls4ml/alveo_hls4ml/solution/.autopilot/db/alveo_hls4ml.pp.0.cpp:51041:5: note: FIX-IT applied suggested code changes
/home/ayvol/accelerator_wrapper/_x.hw.xilinx_u55c_gen3x16_xdma_3_202210_1/alveo_hls4ml/alveo_hls4ml/alveo_hls4ml/solution/.autopilot/db/alveo_hls4ml.pp.0.cpp:51063:5: warning: Added loop label VITIS_LOOP_405_1:   [xilinx-label-all-loops]
    for (int ii = 0; ii < N_TABLE; ii++) {
    ^~~
    VITIS_LOOP_405_1: 
/home/ayvol/accelerator_wrapper/_x.hw.xilinx_u55c_gen3x16_xdma_3_202210_1/alveo_hls4ml/alveo_hls4ml/alveo_hls4ml/solution/.autopilot/db/alveo_hls4ml.pp.0.cpp:51063:5: note: FIX-IT applied suggested code changes
/home/ayvol/accelerator_wrapper/_x.hw.xilinx_u55c_gen3x16_xdma_3_202210_1/alveo_hls4ml/alveo_hls4ml/alveo_hls4ml/solution/.autopilot/db/alveo_hls4ml.pp.0.cpp:51096:5: warning: Added loop label VITIS_LOOP_438_1:   [xilinx-label-all-loops]
    for (int ii=0; ii<CONFIG_T::n_in; ii++) {
    ^~~
    VITIS_LOOP_438_1: 
/home/ayvol/accelerator_wrapper/_x.hw.xilinx_u55c_gen3x16_xdma_3_202210_1/alveo_hls4ml/alveo_hls4ml/alveo_hls4ml/solution/.autopilot/db/alveo_hls4ml.pp.0.cpp:51096:5: note: FIX-IT applied suggested code changes
/home/ayvol/accelerator_wrapper/_x.hw.xilinx_u55c_gen3x16_xdma_3_202210_1/alveo_hls4ml/alveo_hls4ml/alveo_hls4ml/solution/.autopilot/db/alveo_hls4ml.pp.0.cpp:51120:5: warning: Added loop label VITIS_LOOP_462_1:   [xilinx-label-all-loops]
    for (int ii = 0; ii < N_TABLE; ii++) {
    ^~~
    VITIS_LOOP_462_1: 
/home/ayvol/accelerator_wrapper/_x.hw.xilinx_u55c_gen3x16_xdma_3_202210_1/alveo_hls4ml/alveo_hls4ml/alveo_hls4ml/solution/.autopilot/db/alveo_hls4ml.pp.0.cpp:51120:5: note: FIX-IT applied suggested code changes
/home/ayvol/accelerator_wrapper/_x.hw.xilinx_u55c_gen3x16_xdma_3_202210_1/alveo_hls4ml/alveo_hls4ml/alveo_hls4ml/solution/.autopilot/db/alveo_hls4ml.pp.0.cpp:51153:5: warning: Added loop label VITIS_LOOP_495_1:   [xilinx-label-all-loops]
    for (int ii=0; ii<CONFIG_T::n_in; ii++) {
    ^~~
    VITIS_LOOP_495_1: 
/home/ayvol/accelerator_wrapper/_x.hw.xilinx_u55c_gen3x16_xdma_3_202210_1/alveo_hls4ml/alveo_hls4ml/alveo_hls4ml/solution/.autopilot/db/alveo_hls4ml.pp.0.cpp:51153:5: note: FIX-IT applied suggested code changes
/home/ayvol/accelerator_wrapper/_x.hw.xilinx_u55c_gen3x16_xdma_3_202210_1/alveo_hls4ml/alveo_hls4ml/alveo_hls4ml/solution/.autopilot/db/alveo_hls4ml.pp.0.cpp:51177:5: warning: Added loop label VITIS_LOOP_519_1:   [xilinx-label-all-loops]
    for (int ii = 0; ii < N_TABLE; ii++) {
    ^~~
    VITIS_LOOP_519_1: 
/home/ayvol/accelerator_wrapper/_x.hw.xilinx_u55c_gen3x16_xdma_3_202210_1/alveo_hls4ml/alveo_hls4ml/alveo_hls4ml/solution/.autopilot/db/alveo_hls4ml.pp.0.cpp:51177:5: note: FIX-IT applied suggested code changes
/home/ayvol/accelerator_wrapper/_x.hw.xilinx_u55c_gen3x16_xdma_3_202210_1/alveo_hls4ml/alveo_hls4ml/alveo_hls4ml/solution/.autopilot/db/alveo_hls4ml.pp.0.cpp:51210:5: warning: Added loop label VITIS_LOOP_552_1:   [xilinx-label-all-loops]
    for (int ii=0; ii<CONFIG_T::n_in; ii++) {
    ^~~
    VITIS_LOOP_552_1: 
/home/ayvol/accelerator_wrapper/_x.hw.xilinx_u55c_gen3x16_xdma_3_202210_1/alveo_hls4ml/alveo_hls4ml/alveo_hls4ml/solution/.autopilot/db/alveo_hls4ml.pp.0.cpp:51210:5: note: FIX-IT applied suggested code changes
/home/ayvol/accelerator_wrapper/_x.hw.xilinx_u55c_gen3x16_xdma_3_202210_1/alveo_hls4ml/alveo_hls4ml/alveo_hls4ml/solution/.autopilot/db/alveo_hls4ml.pp.0.cpp:51243:5: warning: Added loop label VITIS_LOOP_585_1:   [xilinx-label-all-loops]
    for (int ii = 0; ii < N_TABLE; ii++) {
    ^~~
    VITIS_LOOP_585_1: 
/home/ayvol/accelerator_wrapper/_x.hw.xilinx_u55c_gen3x16_xdma_3_202210_1/alveo_hls4ml/alveo_hls4ml/alveo_hls4ml/solution/.autopilot/db/alveo_hls4ml.pp.0.cpp:51243:5: note: FIX-IT applied suggested code changes
/home/ayvol/accelerator_wrapper/_x.hw.xilinx_u55c_gen3x16_xdma_3_202210_1/alveo_hls4ml/alveo_hls4ml/alveo_hls4ml/solution/.autopilot/db/alveo_hls4ml.pp.0.cpp:51276:5: warning: Added loop label VITIS_LOOP_618_1:   [xilinx-label-all-loops]
    for (int ii=0; ii<CONFIG_T::n_in; ii++) {
    ^~~
    VITIS_LOOP_618_1: 
/home/ayvol/accelerator_wrapper/_x.hw.xilinx_u55c_gen3x16_xdma_3_202210_1/alveo_hls4ml/alveo_hls4ml/alveo_hls4ml/solution/.autopilot/db/alveo_hls4ml.pp.0.cpp:51276:5: note: FIX-IT applied suggested code changes
/home/ayvol/accelerator_wrapper/_x.hw.xilinx_u55c_gen3x16_xdma_3_202210_1/alveo_hls4ml/alveo_hls4ml/alveo_hls4ml/solution/.autopilot/db/alveo_hls4ml.pp.0.cpp:51302:5: warning: Added loop label VITIS_LOOP_644_1:   [xilinx-label-all-loops]
    for (int ii=0; ii<CONFIG_T::n_in; ii++) {
    ^~~
    VITIS_LOOP_644_1: 
/home/ayvol/accelerator_wrapper/_x.hw.xilinx_u55c_gen3x16_xdma_3_202210_1/alveo_hls4ml/alveo_hls4ml/alveo_hls4ml/solution/.autopilot/db/alveo_hls4ml.pp.0.cpp:51302:5: note: FIX-IT applied suggested code changes
/home/ayvol/accelerator_wrapper/_x.hw.xilinx_u55c_gen3x16_xdma_3_202210_1/alveo_hls4ml/alveo_hls4ml/alveo_hls4ml/solution/.autopilot/db/alveo_hls4ml.pp.0.cpp:51325:2: warning: Added loop label VITIS_LOOP_667_1:   [xilinx-label-all-loops]
 for (int ii=0; ii<CONFIG_T::n_in; ii++) {
 ^~~
 VITIS_LOOP_667_1: 
/home/ayvol/accelerator_wrapper/_x.hw.xilinx_u55c_gen3x16_xdma_3_202210_1/alveo_hls4ml/alveo_hls4ml/alveo_hls4ml/solution/.autopilot/db/alveo_hls4ml.pp.0.cpp:51325:2: note: FIX-IT applied suggested code changes
/home/ayvol/accelerator_wrapper/_x.hw.xilinx_u55c_gen3x16_xdma_3_202210_1/alveo_hls4ml/alveo_hls4ml/alveo_hls4ml/solution/.autopilot/db/alveo_hls4ml.pp.0.cpp:51353:2: warning: Added loop label VITIS_LOOP_695_1:   [xilinx-label-all-loops]
 for (int ii=0; ii<CONFIG_T::n_in; ii++) {
 ^~~
 VITIS_LOOP_695_1: 
/home/ayvol/accelerator_wrapper/_x.hw.xilinx_u55c_gen3x16_xdma_3_202210_1/alveo_hls4ml/alveo_hls4ml/alveo_hls4ml/solution/.autopilot/db/alveo_hls4ml.pp.0.cpp:51353:2: note: FIX-IT applied suggested code changes
/home/ayvol/accelerator_wrapper/_x.hw.xilinx_u55c_gen3x16_xdma_3_202210_1/alveo_hls4ml/alveo_hls4ml/alveo_hls4ml/solution/.autopilot/db/alveo_hls4ml.pp.0.cpp:51470:5: warning: Added loop label VITIS_LOOP_120_1:   [xilinx-label-all-loops]
    for (int ii=0; ii<CONFIG_T::n_in; ii++) {
    ^~~
    VITIS_LOOP_120_1: 
/home/ayvol/accelerator_wrapper/_x.hw.xilinx_u55c_gen3x16_xdma_3_202210_1/alveo_hls4ml/alveo_hls4ml/alveo_hls4ml/solution/.autopilot/db/alveo_hls4ml.pp.0.cpp:51470:5: note: FIX-IT applied suggested code changes
/home/ayvol/accelerator_wrapper/_x.hw.xilinx_u55c_gen3x16_xdma_3_202210_1/alveo_hls4ml/alveo_hls4ml/alveo_hls4ml/solution/.autopilot/db/alveo_hls4ml.pp.0.cpp:51493:5: warning: Added loop label VITIS_LOOP_143_1:   [xilinx-label-all-loops]
    for (int ii=0; ii<CONFIG_T::n_in; ii++) {
    ^~~
    VITIS_LOOP_143_1: 
/home/ayvol/accelerator_wrapper/_x.hw.xilinx_u55c_gen3x16_xdma_3_202210_1/alveo_hls4ml/alveo_hls4ml/alveo_hls4ml/solution/.autopilot/db/alveo_hls4ml.pp.0.cpp:51493:5: note: FIX-IT applied suggested code changes
/home/ayvol/accelerator_wrapper/_x.hw.xilinx_u55c_gen3x16_xdma_3_202210_1/alveo_hls4ml/alveo_hls4ml/alveo_hls4ml/solution/.autopilot/db/alveo_hls4ml.pp.0.cpp:51522:3: warning: Added loop label VITIS_LOOP_13_1:   [xilinx-label-all-loops]
  for(int i = 1; i < N; i++){
  ^~~
  VITIS_LOOP_13_1: 
/home/ayvol/accelerator_wrapper/_x.hw.xilinx_u55c_gen3x16_xdma_3_202210_1/alveo_hls4ml/alveo_hls4ml/alveo_hls4ml/solution/.autopilot/db/alveo_hls4ml.pp.0.cpp:51522:3: note: FIX-IT applied suggested code changes
/home/ayvol/accelerator_wrapper/_x.hw.xilinx_u55c_gen3x16_xdma_3_202210_1/alveo_hls4ml/alveo_hls4ml/alveo_hls4ml/solution/.autopilot/db/alveo_hls4ml.pp.0.cpp:51532:3: warning: Added loop label VITIS_LOOP_23_1:   [xilinx-label-all-loops]
  for(int i = 0; i < N; i++){
  ^~~
  VITIS_LOOP_23_1: 
/home/ayvol/accelerator_wrapper/_x.hw.xilinx_u55c_gen3x16_xdma_3_202210_1/alveo_hls4ml/alveo_hls4ml/alveo_hls4ml/solution/.autopilot/db/alveo_hls4ml.pp.0.cpp:51532:3: note: FIX-IT applied suggested code changes
/home/ayvol/accelerator_wrapper/_x.hw.xilinx_u55c_gen3x16_xdma_3_202210_1/alveo_hls4ml/alveo_hls4ml/alveo_hls4ml/solution/.autopilot/db/alveo_hls4ml.pp.0.cpp:51545:3: warning: Added loop label VITIS_LOOP_36_1:   [xilinx-label-all-loops]
  for(int i = 0; i < N; i++){
  ^~~
  VITIS_LOOP_36_1: 
/home/ayvol/accelerator_wrapper/_x.hw.xilinx_u55c_gen3x16_xdma_3_202210_1/alveo_hls4ml/alveo_hls4ml/alveo_hls4ml/solution/.autopilot/db/alveo_hls4ml.pp.0.cpp:51545:3: note: FIX-IT applied suggested code changes
/home/ayvol/accelerator_wrapper/_x.hw.xilinx_u55c_gen3x16_xdma_3_202210_1/alveo_hls4ml/alveo_hls4ml/alveo_hls4ml/solution/.autopilot/db/alveo_hls4ml.pp.0.cpp:51558:3: warning: Added loop label VITIS_LOOP_49_1:   [xilinx-label-all-loops]
  for(int i = 0; i < N; i++){
  ^~~
  VITIS_LOOP_49_1: 
/home/ayvol/accelerator_wrapper/_x.hw.xilinx_u55c_gen3x16_xdma_3_202210_1/alveo_hls4ml/alveo_hls4ml/alveo_hls4ml/solution/.autopilot/db/alveo_hls4ml.pp.0.cpp:51558:3: note: FIX-IT applied suggested code changes
/home/ayvol/accelerator_wrapper/_x.hw.xilinx_u55c_gen3x16_xdma_3_202210_1/alveo_hls4ml/alveo_hls4ml/alveo_hls4ml/solution/.autopilot/db/alveo_hls4ml.pp.0.cpp:51608:3: warning: Added loop label VITIS_LOOP_99_1:   [xilinx-label-all-loops]
  for(int ii = 0; ii < CONFIG_T::n_out; ii ++){
  ^~~
  VITIS_LOOP_99_1: 
/home/ayvol/accelerator_wrapper/_x.hw.xilinx_u55c_gen3x16_xdma_3_202210_1/alveo_hls4ml/alveo_hls4ml/alveo_hls4ml/solution/.autopilot/db/alveo_hls4ml.pp.0.cpp:51608:3: note: FIX-IT applied suggested code changes
/home/ayvol/accelerator_wrapper/_x.hw.xilinx_u55c_gen3x16_xdma_3_202210_1/alveo_hls4ml/alveo_hls4ml/alveo_hls4ml/solution/.autopilot/db/alveo_hls4ml.pp.0.cpp:51610:5: warning: Added loop label VITIS_LOOP_101_2:   [xilinx-label-all-loops]
    for(int jj = 0; jj < CONFIG_T::pool_size; jj++){
    ^~~
    VITIS_LOOP_101_2: 
/home/ayvol/accelerator_wrapper/_x.hw.xilinx_u55c_gen3x16_xdma_3_202210_1/alveo_hls4ml/alveo_hls4ml/alveo_hls4ml/solution/.autopilot/db/alveo_hls4ml.pp.0.cpp:51610:5: note: FIX-IT applied suggested code changes
/home/ayvol/accelerator_wrapper/_x.hw.xilinx_u55c_gen3x16_xdma_3_202210_1/alveo_hls4ml/alveo_hls4ml/alveo_hls4ml/solution/.autopilot/db/alveo_hls4ml.pp.0.cpp:51659:3: warning: Added loop label VITIS_LOOP_150_1:   [xilinx-label-all-loops]
  for(int ff = 0; ff < CONFIG_T::n_filt; ff++){
  ^~~
  VITIS_LOOP_150_1: 
/home/ayvol/accelerator_wrapper/_x.hw.xilinx_u55c_gen3x16_xdma_3_202210_1/alveo_hls4ml/alveo_hls4ml/alveo_hls4ml/solution/.autopilot/db/alveo_hls4ml.pp.0.cpp:51659:3: note: FIX-IT applied suggested code changes
/home/ayvol/accelerator_wrapper/_x.hw.xilinx_u55c_gen3x16_xdma_3_202210_1/alveo_hls4ml/alveo_hls4ml/alveo_hls4ml/solution/.autopilot/db/alveo_hls4ml.pp.0.cpp:51661:4: warning: Added loop label VITIS_LOOP_152_2:   [xilinx-label-all-loops]
   for(int ii = 0; ii < padded_height; ii += CONFIG_T::stride_height){
   ^~~
   VITIS_LOOP_152_2: 
/home/ayvol/accelerator_wrapper/_x.hw.xilinx_u55c_gen3x16_xdma_3_202210_1/alveo_hls4ml/alveo_hls4ml/alveo_hls4ml/solution/.autopilot/db/alveo_hls4ml.pp.0.cpp:51661:4: note: FIX-IT applied suggested code changes
/home/ayvol/accelerator_wrapper/_x.hw.xilinx_u55c_gen3x16_xdma_3_202210_1/alveo_hls4ml/alveo_hls4ml/alveo_hls4ml/solution/.autopilot/db/alveo_hls4ml.pp.0.cpp:51663:5: warning: Added loop label VITIS_LOOP_154_3:   [xilinx-label-all-loops]
    for(int jj = 0; jj < padded_width; jj += CONFIG_T::stride_width){
    ^~~
    VITIS_LOOP_154_3: 
/home/ayvol/accelerator_wrapper/_x.hw.xilinx_u55c_gen3x16_xdma_3_202210_1/alveo_hls4ml/alveo_hls4ml/alveo_hls4ml/solution/.autopilot/db/alveo_hls4ml.pp.0.cpp:51663:5: note: FIX-IT applied suggested code changes
/home/ayvol/accelerator_wrapper/_x.hw.xilinx_u55c_gen3x16_xdma_3_202210_1/alveo_hls4ml/alveo_hls4ml/alveo_hls4ml/solution/.autopilot/db/alveo_hls4ml.pp.0.cpp:51668:6: warning: Added loop label VITIS_LOOP_159_4:   [xilinx-label-all-loops]
     for(int kk = 0; kk < CONFIG_T::stride_height; kk++){
     ^~~
     VITIS_LOOP_159_4: 
/home/ayvol/accelerator_wrapper/_x.hw.xilinx_u55c_gen3x16_xdma_3_202210_1/alveo_hls4ml/alveo_hls4ml/alveo_hls4ml/solution/.autopilot/db/alveo_hls4ml.pp.0.cpp:51668:6: note: FIX-IT applied suggested code changes
/home/ayvol/accelerator_wrapper/_x.hw.xilinx_u55c_gen3x16_xdma_3_202210_1/alveo_hls4ml/alveo_hls4ml/alveo_hls4ml/solution/.autopilot/db/alveo_hls4ml.pp.0.cpp:51670:7: warning: Added loop label VITIS_LOOP_161_5:   [xilinx-label-all-loops]
      for(int ll = 0; ll < CONFIG_T::stride_width; ll++){
      ^~~
      VITIS_LOOP_161_5: 
/home/ayvol/accelerator_wrapper/_x.hw.xilinx_u55c_gen3x16_xdma_3_202210_1/alveo_hls4ml/alveo_hls4ml/alveo_hls4ml/solution/.autopilot/db/alveo_hls4ml.pp.0.cpp:51670:7: note: FIX-IT applied suggested code changes
/home/ayvol/accelerator_wrapper/_x.hw.xilinx_u55c_gen3x16_xdma_3_202210_1/alveo_hls4ml/alveo_hls4ml/alveo_hls4ml/solution/.autopilot/db/alveo_hls4ml.pp.0.cpp:51710:3: warning: Added loop label VITIS_LOOP_201_1:   [xilinx-label-all-loops]
  for(int ff = 0; ff < CONFIG_T::n_filt; ff++){
  ^~~
  VITIS_LOOP_201_1: 
/home/ayvol/accelerator_wrapper/_x.hw.xilinx_u55c_gen3x16_xdma_3_202210_1/alveo_hls4ml/alveo_hls4ml/alveo_hls4ml/solution/.autopilot/db/alveo_hls4ml.pp.0.cpp:51710:3: note: FIX-IT applied suggested code changes
/home/ayvol/accelerator_wrapper/_x.hw.xilinx_u55c_gen3x16_xdma_3_202210_1/alveo_hls4ml/alveo_hls4ml/alveo_hls4ml/solution/.autopilot/db/alveo_hls4ml.pp.0.cpp:51712:4: warning: Added loop label VITIS_LOOP_203_2:   [xilinx-label-all-loops]
   for(int ii = 0; ii < padded_height; ii += CONFIG_T::stride_height){
   ^~~
   VITIS_LOOP_203_2: 
/home/ayvol/accelerator_wrapper/_x.hw.xilinx_u55c_gen3x16_xdma_3_202210_1/alveo_hls4ml/alveo_hls4ml/alveo_hls4ml/solution/.autopilot/db/alveo_hls4ml.pp.0.cpp:51712:4: note: FIX-IT applied suggested code changes
/home/ayvol/accelerator_wrapper/_x.hw.xilinx_u55c_gen3x16_xdma_3_202210_1/alveo_hls4ml/alveo_hls4ml/alveo_hls4ml/solution/.autopilot/db/alveo_hls4ml.pp.0.cpp:51714:5: warning: Added loop label VITIS_LOOP_205_3:   [xilinx-label-all-loops]
    for(int jj = 0; jj < padded_width; jj += CONFIG_T::stride_width){
    ^~~
    VITIS_LOOP_205_3: 
/home/ayvol/accelerator_wrapper/_x.hw.xilinx_u55c_gen3x16_xdma_3_202210_1/alveo_hls4ml/alveo_hls4ml/alveo_hls4ml/solution/.autopilot/db/alveo_hls4ml.pp.0.cpp:51714:5: note: FIX-IT applied suggested code changes
/home/ayvol/accelerator_wrapper/_x.hw.xilinx_u55c_gen3x16_xdma_3_202210_1/alveo_hls4ml/alveo_hls4ml/alveo_hls4ml/solution/.autopilot/db/alveo_hls4ml.pp.0.cpp:51719:6: warning: Added loop label VITIS_LOOP_210_4:   [xilinx-label-all-loops]
     for(int kk = 0; kk < CONFIG_T::stride_height; kk++){
     ^~~
     VITIS_LOOP_210_4: 
/home/ayvol/accelerator_wrapper/_x.hw.xilinx_u55c_gen3x16_xdma_3_202210_1/alveo_hls4ml/alveo_hls4ml/alveo_hls4ml/solution/.autopilot/db/alveo_hls4ml.pp.0.cpp:51719:6: note: FIX-IT applied suggested code changes
/home/ayvol/accelerator_wrapper/_x.hw.xilinx_u55c_gen3x16_xdma_3_202210_1/alveo_hls4ml/alveo_hls4ml/alveo_hls4ml/solution/.autopilot/db/alveo_hls4ml.pp.0.cpp:51721:7: warning: Added loop label VITIS_LOOP_212_5:   [xilinx-label-all-loops]
      for(int ll = 0; ll < CONFIG_T::stride_width; ll++){
      ^~~
      VITIS_LOOP_212_5: 
/home/ayvol/accelerator_wrapper/_x.hw.xilinx_u55c_gen3x16_xdma_3_202210_1/alveo_hls4ml/alveo_hls4ml/alveo_hls4ml/solution/.autopilot/db/alveo_hls4ml.pp.0.cpp:51721:7: note: FIX-IT applied suggested code changes
/home/ayvol/accelerator_wrapper/_x.hw.xilinx_u55c_gen3x16_xdma_3_202210_1/alveo_hls4ml/alveo_hls4ml/alveo_hls4ml/solution/.autopilot/db/alveo_hls4ml.pp.0.cpp:51777:5: warning: Added loop label VITIS_LOOP_51_1:   [xilinx-label-all-loops]
    for (int ii=0; ii<CONFIG_T::n_elem; ii++) {
    ^~~
    VITIS_LOOP_51_1: 
/home/ayvol/accelerator_wrapper/_x.hw.xilinx_u55c_gen3x16_xdma_3_202210_1/alveo_hls4ml/alveo_hls4ml/alveo_hls4ml/solution/.autopilot/db/alveo_hls4ml.pp.0.cpp:51777:5: note: FIX-IT applied suggested code changes
/home/ayvol/accelerator_wrapper/_x.hw.xilinx_u55c_gen3x16_xdma_3_202210_1/alveo_hls4ml/alveo_hls4ml/alveo_hls4ml/solution/.autopilot/db/alveo_hls4ml.pp.0.cpp:51788:5: warning: Added loop label VITIS_LOOP_62_1:   [xilinx-label-all-loops]
    for (int ii=0; ii<CONFIG_T::n_elem; ii++) {
    ^~~
    VITIS_LOOP_62_1: 
/home/ayvol/accelerator_wrapper/_x.hw.xilinx_u55c_gen3x16_xdma_3_202210_1/alveo_hls4ml/alveo_hls4ml/alveo_hls4ml/solution/.autopilot/db/alveo_hls4ml.pp.0.cpp:51788:5: note: FIX-IT applied suggested code changes
/home/ayvol/accelerator_wrapper/_x.hw.xilinx_u55c_gen3x16_xdma_3_202210_1/alveo_hls4ml/alveo_hls4ml/alveo_hls4ml/solution/.autopilot/db/alveo_hls4ml.pp.0.cpp:51799:5: warning: Added loop label VITIS_LOOP_73_1:   [xilinx-label-all-loops]
    for (int ii=0; ii<CONFIG_T::n_elem; ii++) {
    ^~~
    VITIS_LOOP_73_1: 
/home/ayvol/accelerator_wrapper/_x.hw.xilinx_u55c_gen3x16_xdma_3_202210_1/alveo_hls4ml/alveo_hls4ml/alveo_hls4ml/solution/.autopilot/db/alveo_hls4ml.pp.0.cpp:51799:5: note: FIX-IT applied suggested code changes
/home/ayvol/accelerator_wrapper/_x.hw.xilinx_u55c_gen3x16_xdma_3_202210_1/alveo_hls4ml/alveo_hls4ml/alveo_hls4ml/solution/.autopilot/db/alveo_hls4ml.pp.0.cpp:51810:5: warning: Added loop label VITIS_LOOP_84_1:   [xilinx-label-all-loops]
    for (int ii=0; ii<CONFIG_T::n_elem; ii++) {
    ^~~
    VITIS_LOOP_84_1: 
/home/ayvol/accelerator_wrapper/_x.hw.xilinx_u55c_gen3x16_xdma_3_202210_1/alveo_hls4ml/alveo_hls4ml/alveo_hls4ml/solution/.autopilot/db/alveo_hls4ml.pp.0.cpp:51810:5: note: FIX-IT applied suggested code changes
/home/ayvol/accelerator_wrapper/_x.hw.xilinx_u55c_gen3x16_xdma_3_202210_1/alveo_hls4ml/alveo_hls4ml/alveo_hls4ml/solution/.autopilot/db/alveo_hls4ml.pp.0.cpp:51821:5: warning: Added loop label VITIS_LOOP_95_1:   [xilinx-label-all-loops]
    for (int ii=0; ii<CONFIG_T::n_elem; ii++) {
    ^~~
    VITIS_LOOP_95_1: 
/home/ayvol/accelerator_wrapper/_x.hw.xilinx_u55c_gen3x16_xdma_3_202210_1/alveo_hls4ml/alveo_hls4ml/alveo_hls4ml/solution/.autopilot/db/alveo_hls4ml.pp.0.cpp:51821:5: note: FIX-IT applied suggested code changes
/home/ayvol/accelerator_wrapper/_x.hw.xilinx_u55c_gen3x16_xdma_3_202210_1/alveo_hls4ml/alveo_hls4ml/alveo_hls4ml/solution/.autopilot/db/alveo_hls4ml.pp.0.cpp:51832:5: warning: Added loop label VITIS_LOOP_106_1:   [xilinx-label-all-loops]
    for (int ii=0; ii<CONFIG_T::n_elem; ii++) {
    ^~~
    VITIS_LOOP_106_1: 
/home/ayvol/accelerator_wrapper/_x.hw.xilinx_u55c_gen3x16_xdma_3_202210_1/alveo_hls4ml/alveo_hls4ml/alveo_hls4ml/solution/.autopilot/db/alveo_hls4ml.pp.0.cpp:51832:5: note: FIX-IT applied suggested code changes
/home/ayvol/accelerator_wrapper/_x.hw.xilinx_u55c_gen3x16_xdma_3_202210_1/alveo_hls4ml/alveo_hls4ml/alveo_hls4ml/solution/.autopilot/db/alveo_hls4ml.pp.0.cpp:51843:5: warning: Added loop label VITIS_LOOP_117_1:   [xilinx-label-all-loops]
    for (int ii=0; ii<CONFIG_T::n_elem1_0; ii++) {
    ^~~
    VITIS_LOOP_117_1: 
/home/ayvol/accelerator_wrapper/_x.hw.xilinx_u55c_gen3x16_xdma_3_202210_1/alveo_hls4ml/alveo_hls4ml/alveo_hls4ml/solution/.autopilot/db/alveo_hls4ml.pp.0.cpp:51843:5: note: FIX-IT applied suggested code changes
/home/ayvol/accelerator_wrapper/_x.hw.xilinx_u55c_gen3x16_xdma_3_202210_1/alveo_hls4ml/alveo_hls4ml/alveo_hls4ml/solution/.autopilot/db/alveo_hls4ml.pp.0.cpp:51846:5: warning: Added loop label VITIS_LOOP_120_2:   [xilinx-label-all-loops]
    for (int ii=0; ii<CONFIG_T::n_elem2_0; ii++) {
    ^~~
    VITIS_LOOP_120_2: 
/home/ayvol/accelerator_wrapper/_x.hw.xilinx_u55c_gen3x16_xdma_3_202210_1/alveo_hls4ml/alveo_hls4ml/alveo_hls4ml/solution/.autopilot/db/alveo_hls4ml.pp.0.cpp:51846:5: note: FIX-IT applied suggested code changes
/home/ayvol/accelerator_wrapper/_x.hw.xilinx_u55c_gen3x16_xdma_3_202210_1/alveo_hls4ml/alveo_hls4ml/alveo_hls4ml/solution/.autopilot/db/alveo_hls4ml.pp.0.cpp:51857:5: warning: Added loop label VITIS_LOOP_131_1:   [xilinx-label-all-loops]
    for (int ii=0; ii<CONFIG_T::n_elem1_0 * CONFIG_T::n_elem1_1; ii++) {
    ^~~
    VITIS_LOOP_131_1: 
/home/ayvol/accelerator_wrapper/_x.hw.xilinx_u55c_gen3x16_xdma_3_202210_1/alveo_hls4ml/alveo_hls4ml/alveo_hls4ml/solution/.autopilot/db/alveo_hls4ml.pp.0.cpp:51857:5: note: FIX-IT applied suggested code changes
/home/ayvol/accelerator_wrapper/_x.hw.xilinx_u55c_gen3x16_xdma_3_202210_1/alveo_hls4ml/alveo_hls4ml/alveo_hls4ml/solution/.autopilot/db/alveo_hls4ml.pp.0.cpp:51860:5: warning: Added loop label VITIS_LOOP_134_2:   [xilinx-label-all-loops]
    for (int ii=0; ii<CONFIG_T::n_elem2_0 * CONFIG_T::n_elem2_1; ii++) {
    ^~~
    VITIS_LOOP_134_2: 
/home/ayvol/accelerator_wrapper/_x.hw.xilinx_u55c_gen3x16_xdma_3_202210_1/alveo_hls4ml/alveo_hls4ml/alveo_hls4ml/solution/.autopilot/db/alveo_hls4ml.pp.0.cpp:51860:5: note: FIX-IT applied suggested code changes
/home/ayvol/accelerator_wrapper/_x.hw.xilinx_u55c_gen3x16_xdma_3_202210_1/alveo_hls4ml/alveo_hls4ml/alveo_hls4ml/solution/.autopilot/db/alveo_hls4ml.pp.0.cpp:51871:5: warning: Added loop label VITIS_LOOP_145_1:   [xilinx-label-all-loops]
    for (int ii=0; ii<CONFIG_T::n_elem1_0; ii++) {
    ^~~
    VITIS_LOOP_145_1: 
/home/ayvol/accelerator_wrapper/_x.hw.xilinx_u55c_gen3x16_xdma_3_202210_1/alveo_hls4ml/alveo_hls4ml/alveo_hls4ml/solution/.autopilot/db/alveo_hls4ml.pp.0.cpp:51871:5: note: FIX-IT applied suggested code changes
/home/ayvol/accelerator_wrapper/_x.hw.xilinx_u55c_gen3x16_xdma_3_202210_1/alveo_hls4ml/alveo_hls4ml/alveo_hls4ml/solution/.autopilot/db/alveo_hls4ml.pp.0.cpp:51872:9: warning: Added loop label VITIS_LOOP_146_2:   [xilinx-label-all-loops]
        for (int jj=0; jj<CONFIG_T::n_elem1_1; jj++) {
        ^~~
        VITIS_LOOP_146_2: 
/home/ayvol/accelerator_wrapper/_x.hw.xilinx_u55c_gen3x16_xdma_3_202210_1/alveo_hls4ml/alveo_hls4ml/alveo_hls4ml/solution/.autopilot/db/alveo_hls4ml.pp.0.cpp:51872:9: note: FIX-IT applied suggested code changes
/home/ayvol/accelerator_wrapper/_x.hw.xilinx_u55c_gen3x16_xdma_3_202210_1/alveo_hls4ml/alveo_hls4ml/alveo_hls4ml/solution/.autopilot/db/alveo_hls4ml.pp.0.cpp:51875:9: warning: Added loop label VITIS_LOOP_149_3:   [xilinx-label-all-loops]
        for (int jj=0; jj<CONFIG_T::n_elem2_1; jj++) {
        ^~~
        VITIS_LOOP_149_3: 
/home/ayvol/accelerator_wrapper/_x.hw.xilinx_u55c_gen3x16_xdma_3_202210_1/alveo_hls4ml/alveo_hls4ml/alveo_hls4ml/solution/.autopilot/db/alveo_hls4ml.pp.0.cpp:51875:9: note: FIX-IT applied suggested code changes
/home/ayvol/accelerator_wrapper/_x.hw.xilinx_u55c_gen3x16_xdma_3_202210_1/alveo_hls4ml/alveo_hls4ml/alveo_hls4ml/solution/.autopilot/db/alveo_hls4ml.pp.0.cpp:51900:5: warning: Added loop label VITIS_LOOP_174_1:   [xilinx-label-all-loops]
    for (int ii=0; ii<CONFIG_T::n_elem1_0 * CONFIG_T::n_elem1_1 * CONFIG_T::n_elem1_2; ii++) {
    ^~~
    VITIS_LOOP_174_1: 
/home/ayvol/accelerator_wrapper/_x.hw.xilinx_u55c_gen3x16_xdma_3_202210_1/alveo_hls4ml/alveo_hls4ml/alveo_hls4ml/solution/.autopilot/db/alveo_hls4ml.pp.0.cpp:51900:5: note: FIX-IT applied suggested code changes
/home/ayvol/accelerator_wrapper/_x.hw.xilinx_u55c_gen3x16_xdma_3_202210_1/alveo_hls4ml/alveo_hls4ml/alveo_hls4ml/solution/.autopilot/db/alveo_hls4ml.pp.0.cpp:51903:5: warning: Added loop label VITIS_LOOP_177_2:   [xilinx-label-all-loops]
    for (int ii=0; ii<CONFIG_T::n_elem2_0 * CONFIG_T::n_elem2_1 * CONFIG_T::n_elem2_2; ii++) {
    ^~~
    VITIS_LOOP_177_2: 
/home/ayvol/accelerator_wrapper/_x.hw.xilinx_u55c_gen3x16_xdma_3_202210_1/alveo_hls4ml/alveo_hls4ml/alveo_hls4ml/solution/.autopilot/db/alveo_hls4ml.pp.0.cpp:51903:5: note: FIX-IT applied suggested code changes
/home/ayvol/accelerator_wrapper/_x.hw.xilinx_u55c_gen3x16_xdma_3_202210_1/alveo_hls4ml/alveo_hls4ml/alveo_hls4ml/solution/.autopilot/db/alveo_hls4ml.pp.0.cpp:51914:5: warning: Added loop label VITIS_LOOP_188_1:   [xilinx-label-all-loops]
    for (int ii=0; ii<CONFIG_T::n_elem1_0; ii++) {
    ^~~
    VITIS_LOOP_188_1: 
/home/ayvol/accelerator_wrapper/_x.hw.xilinx_u55c_gen3x16_xdma_3_202210_1/alveo_hls4ml/alveo_hls4ml/alveo_hls4ml/solution/.autopilot/db/alveo_hls4ml.pp.0.cpp:51914:5: note: FIX-IT applied suggested code changes
/home/ayvol/accelerator_wrapper/_x.hw.xilinx_u55c_gen3x16_xdma_3_202210_1/alveo_hls4ml/alveo_hls4ml/alveo_hls4ml/solution/.autopilot/db/alveo_hls4ml.pp.0.cpp:51915:9: warning: Added loop label VITIS_LOOP_189_2:   [xilinx-label-all-loops]
        for (int jj=0; jj<CONFIG_T::n_elem1_1; jj++) {
        ^~~
        VITIS_LOOP_189_2: 
/home/ayvol/accelerator_wrapper/_x.hw.xilinx_u55c_gen3x16_xdma_3_202210_1/alveo_hls4ml/alveo_hls4ml/alveo_hls4ml/solution/.autopilot/db/alveo_hls4ml.pp.0.cpp:51915:9: note: FIX-IT applied suggested code changes
/home/ayvol/accelerator_wrapper/_x.hw.xilinx_u55c_gen3x16_xdma_3_202210_1/alveo_hls4ml/alveo_hls4ml/alveo_hls4ml/solution/.autopilot/db/alveo_hls4ml.pp.0.cpp:51916:13: warning: Added loop label VITIS_LOOP_190_3:   [xilinx-label-all-loops]
            for (int kk=0; kk<CONFIG_T::n_elem1_2; kk++) {
            ^~~
            VITIS_LOOP_190_3: 
/home/ayvol/accelerator_wrapper/_x.hw.xilinx_u55c_gen3x16_xdma_3_202210_1/alveo_hls4ml/alveo_hls4ml/alveo_hls4ml/solution/.autopilot/db/alveo_hls4ml.pp.0.cpp:51916:13: note: FIX-IT applied suggested code changes
/home/ayvol/accelerator_wrapper/_x.hw.xilinx_u55c_gen3x16_xdma_3_202210_1/alveo_hls4ml/alveo_hls4ml/alveo_hls4ml/solution/.autopilot/db/alveo_hls4ml.pp.0.cpp:51926:9: warning: Added loop label VITIS_LOOP_200_4:   [xilinx-label-all-loops]
        for (int jj=0; jj<CONFIG_T::n_elem2_1; jj++) {
        ^~~
        VITIS_LOOP_200_4: 
/home/ayvol/accelerator_wrapper/_x.hw.xilinx_u55c_gen3x16_xdma_3_202210_1/alveo_hls4ml/alveo_hls4ml/alveo_hls4ml/solution/.autopilot/db/alveo_hls4ml.pp.0.cpp:51926:9: note: FIX-IT applied suggested code changes
/home/ayvol/accelerator_wrapper/_x.hw.xilinx_u55c_gen3x16_xdma_3_202210_1/alveo_hls4ml/alveo_hls4ml/alveo_hls4ml/solution/.autopilot/db/alveo_hls4ml.pp.0.cpp:51927:13: warning: Added loop label VITIS_LOOP_201_5:   [xilinx-label-all-loops]
            for (int kk=0; kk<CONFIG_T::n_elem2_2; kk++) {
            ^~~
            VITIS_LOOP_201_5: 
/home/ayvol/accelerator_wrapper/_x.hw.xilinx_u55c_gen3x16_xdma_3_202210_1/alveo_hls4ml/alveo_hls4ml/alveo_hls4ml/solution/.autopilot/db/alveo_hls4ml.pp.0.cpp:51927:13: note: FIX-IT applied suggested code changes
/home/ayvol/accelerator_wrapper/_x.hw.xilinx_u55c_gen3x16_xdma_3_202210_1/alveo_hls4ml/alveo_hls4ml/alveo_hls4ml/solution/.autopilot/db/alveo_hls4ml.pp.0.cpp:51946:5: warning: Added loop label VITIS_LOOP_220_1:   [xilinx-label-all-loops]
    for (int ii=0; ii<CONFIG_T::n_elem1_0; ii++) {
    ^~~
    VITIS_LOOP_220_1: 
/home/ayvol/accelerator_wrapper/_x.hw.xilinx_u55c_gen3x16_xdma_3_202210_1/alveo_hls4ml/alveo_hls4ml/alveo_hls4ml/solution/.autopilot/db/alveo_hls4ml.pp.0.cpp:51946:5: note: FIX-IT applied suggested code changes
/home/ayvol/accelerator_wrapper/_x.hw.xilinx_u55c_gen3x16_xdma_3_202210_1/alveo_hls4ml/alveo_hls4ml/alveo_hls4ml/solution/.autopilot/db/alveo_hls4ml.pp.0.cpp:51947:9: warning: Added loop label VITIS_LOOP_221_2:   [xilinx-label-all-loops]
        for (int jj=0; jj<CONFIG_T::n_elem1_1; jj++) {
        ^~~
        VITIS_LOOP_221_2: 
/home/ayvol/accelerator_wrapper/_x.hw.xilinx_u55c_gen3x16_xdma_3_202210_1/alveo_hls4ml/alveo_hls4ml/alveo_hls4ml/solution/.autopilot/db/alveo_hls4ml.pp.0.cpp:51947:9: note: FIX-IT applied suggested code changes
/home/ayvol/accelerator_wrapper/_x.hw.xilinx_u55c_gen3x16_xdma_3_202210_1/alveo_hls4ml/alveo_hls4ml/alveo_hls4ml/solution/.autopilot/db/alveo_hls4ml.pp.0.cpp:51948:13: warning: Added loop label VITIS_LOOP_222_3:   [xilinx-label-all-loops]
            for (int kk=0; kk<CONFIG_T::n_elem1_2; kk++) {
            ^~~
            VITIS_LOOP_222_3: 
/home/ayvol/accelerator_wrapper/_x.hw.xilinx_u55c_gen3x16_xdma_3_202210_1/alveo_hls4ml/alveo_hls4ml/alveo_hls4ml/solution/.autopilot/db/alveo_hls4ml.pp.0.cpp:51948:13: note: FIX-IT applied suggested code changes
/home/ayvol/accelerator_wrapper/_x.hw.xilinx_u55c_gen3x16_xdma_3_202210_1/alveo_hls4ml/alveo_hls4ml/alveo_hls4ml/solution/.autopilot/db/alveo_hls4ml.pp.0.cpp:51957:13: warning: Added loop label VITIS_LOOP_231_4:   [xilinx-label-all-loops]
            for (int kk=0; kk<CONFIG_T::n_elem1_2; kk++) {
            ^~~
            VITIS_LOOP_231_4: 
/home/ayvol/accelerator_wrapper/_x.hw.xilinx_u55c_gen3x16_xdma_3_202210_1/alveo_hls4ml/alveo_hls4ml/alveo_hls4ml/solution/.autopilot/db/alveo_hls4ml.pp.0.cpp:51957:13: note: FIX-IT applied suggested code changes
/home/ayvol/accelerator_wrapper/_x.hw.xilinx_u55c_gen3x16_xdma_3_202210_1/alveo_hls4ml/alveo_hls4ml/alveo_hls4ml/solution/.autopilot/db/alveo_hls4ml.pp.0.cpp:52016:5: warning: Added loop label VITIS_LOOP_27_1:   [xilinx-label-all-loops]
    for (idx[0] = 0; idx[0] < dims[0]; idx[0]++) {
    ^~~
    VITIS_LOOP_27_1: 
/home/ayvol/accelerator_wrapper/_x.hw.xilinx_u55c_gen3x16_xdma_3_202210_1/alveo_hls4ml/alveo_hls4ml/alveo_hls4ml/solution/.autopilot/db/alveo_hls4ml.pp.0.cpp:52016:5: note: FIX-IT applied suggested code changes
/home/ayvol/accelerator_wrapper/_x.hw.xilinx_u55c_gen3x16_xdma_3_202210_1/alveo_hls4ml/alveo_hls4ml/alveo_hls4ml/solution/.autopilot/db/alveo_hls4ml.pp.0.cpp:52017:9: warning: Added loop label VITIS_LOOP_28_2:   [xilinx-label-all-loops]
        for (idx[1] = 0; idx[1] < dims[1]; idx[1]++) {
        ^~~
        VITIS_LOOP_28_2: 
/home/ayvol/accelerator_wrapper/_x.hw.xilinx_u55c_gen3x16_xdma_3_202210_1/alveo_hls4ml/alveo_hls4ml/alveo_hls4ml/solution/.autopilot/db/alveo_hls4ml.pp.0.cpp:52017:9: note: FIX-IT applied suggested code changes
/home/ayvol/accelerator_wrapper/_x.hw.xilinx_u55c_gen3x16_xdma_3_202210_1/alveo_hls4ml/alveo_hls4ml/alveo_hls4ml/solution/.autopilot/db/alveo_hls4ml.pp.0.cpp:52018:13: warning: Added loop label VITIS_LOOP_29_3:   [xilinx-label-all-loops]
            for (idx[2] = 0; idx[2] < dims[2]; idx[2]++) {
            ^~~
            VITIS_LOOP_29_3: 
/home/ayvol/accelerator_wrapper/_x.hw.xilinx_u55c_gen3x16_xdma_3_202210_1/alveo_hls4ml/alveo_hls4ml/alveo_hls4ml/solution/.autopilot/db/alveo_hls4ml.pp.0.cpp:52018:13: note: FIX-IT applied suggested code changes
/home/ayvol/accelerator_wrapper/_x.hw.xilinx_u55c_gen3x16_xdma_3_202210_1/alveo_hls4ml/alveo_hls4ml/alveo_hls4ml/solution/.autopilot/db/alveo_hls4ml.pp.0.cpp:52061:2: warning: Added loop label VITIS_LOOP_29_1:   [xilinx-label-all-loops]
 for (int i = 0; i < CONFIG_T::new_height; i++) {
 ^~~
 VITIS_LOOP_29_1: 
/home/ayvol/accelerator_wrapper/_x.hw.xilinx_u55c_gen3x16_xdma_3_202210_1/alveo_hls4ml/alveo_hls4ml/alveo_hls4ml/solution/.autopilot/db/alveo_hls4ml.pp.0.cpp:52061:2: note: FIX-IT applied suggested code changes
/home/ayvol/accelerator_wrapper/_x.hw.xilinx_u55c_gen3x16_xdma_3_202210_1/alveo_hls4ml/alveo_hls4ml/alveo_hls4ml/solution/.autopilot/db/alveo_hls4ml.pp.0.cpp:52062:9: warning: Added loop label VITIS_LOOP_30_2:   [xilinx-label-all-loops]
        for (int j = 0; j < CONFIG_T::new_width; j++) {
        ^~~
        VITIS_LOOP_30_2: 
/home/ayvol/accelerator_wrapper/_x.hw.xilinx_u55c_gen3x16_xdma_3_202210_1/alveo_hls4ml/alveo_hls4ml/alveo_hls4ml/solution/.autopilot/db/alveo_hls4ml.pp.0.cpp:52062:9: note: FIX-IT applied suggested code changes
/home/ayvol/accelerator_wrapper/_x.hw.xilinx_u55c_gen3x16_xdma_3_202210_1/alveo_hls4ml/alveo_hls4ml/alveo_hls4ml/solution/.autopilot/db/alveo_hls4ml.pp.0.cpp:52065:13: warning: Added loop label VITIS_LOOP_33_3:   [xilinx-label-all-loops]
            for (int k = 0; k < CONFIG_T::n_chan; k++) {
            ^~~
            VITIS_LOOP_33_3: 
/home/ayvol/accelerator_wrapper/_x.hw.xilinx_u55c_gen3x16_xdma_3_202210_1/alveo_hls4ml/alveo_hls4ml/alveo_hls4ml/solution/.autopilot/db/alveo_hls4ml.pp.0.cpp:52065:13: note: FIX-IT applied suggested code changes
/home/ayvol/accelerator_wrapper/_x.hw.xilinx_u55c_gen3x16_xdma_3_202210_1/alveo_hls4ml/alveo_hls4ml/alveo_hls4ml/solution/.autopilot/db/alveo_hls4ml.pp.0.cpp:52243:2: warning: Added loop label VITIS_LOOP_50_1:   [xilinx-label-all-loops]
 for (int i = 0; i < 16384; i++) {
 ^~~
 VITIS_LOOP_50_1: 
/home/ayvol/accelerator_wrapper/_x.hw.xilinx_u55c_gen3x16_xdma_3_202210_1/alveo_hls4ml/alveo_hls4ml/alveo_hls4ml/solution/.autopilot/db/alveo_hls4ml.pp.0.cpp:52243:2: note: FIX-IT applied suggested code changes
/home/ayvol/accelerator_wrapper/_x.hw.xilinx_u55c_gen3x16_xdma_3_202210_1/alveo_hls4ml/alveo_hls4ml/alveo_hls4ml/solution/.autopilot/db/alveo_hls4ml.pp.0.cpp:52245:2: warning: Added loop label VITIS_LOOP_52_2:   [xilinx-label-all-loops]
 for(int j = 0; j < 18; j++) {
 ^~~
 VITIS_LOOP_52_2: 
/home/ayvol/accelerator_wrapper/_x.hw.xilinx_u55c_gen3x16_xdma_3_202210_1/alveo_hls4ml/alveo_hls4ml/alveo_hls4ml/solution/.autopilot/db/alveo_hls4ml.pp.0.cpp:52245:2: note: FIX-IT applied suggested code changes
/home/ayvol/accelerator_wrapper/_x.hw.xilinx_u55c_gen3x16_xdma_3_202210_1/alveo_hls4ml/alveo_hls4ml/alveo_hls4ml/solution/.autopilot/db/alveo_hls4ml.pp.0.cpp:52252:9: warning: Added loop label VITIS_LOOP_59_3:   [xilinx-label-all-loops]
        for (int i = 0; i < 16384; i++) {
        ^~~
        VITIS_LOOP_59_3: 
/home/ayvol/accelerator_wrapper/_x.hw.xilinx_u55c_gen3x16_xdma_3_202210_1/alveo_hls4ml/alveo_hls4ml/alveo_hls4ml/solution/.autopilot/db/alveo_hls4ml.pp.0.cpp:52252:9: note: FIX-IT applied suggested code changes
/home/ayvol/accelerator_wrapper/_x.hw.xilinx_u55c_gen3x16_xdma_3_202210_1/alveo_hls4ml/alveo_hls4ml/alveo_hls4ml/solution/.autopilot/db/alveo_hls4ml.pp.0.cpp:52258:9: warning: Added loop label VITIS_LOOP_65_4:   [xilinx-label-all-loops]
        for (int i = 0; i < 16384; i++) {
        ^~~
        VITIS_LOOP_65_4: 
/home/ayvol/accelerator_wrapper/_x.hw.xilinx_u55c_gen3x16_xdma_3_202210_1/alveo_hls4ml/alveo_hls4ml/alveo_hls4ml/solution/.autopilot/db/alveo_hls4ml.pp.0.cpp:52258:9: note: FIX-IT applied suggested code changes
/home/ayvol/accelerator_wrapper/_x.hw.xilinx_u55c_gen3x16_xdma_3_202210_1/alveo_hls4ml/alveo_hls4ml/alveo_hls4ml/solution/.autopilot/db/alveo_hls4ml.pp.0.cpp:52260:2: warning: Added loop label VITIS_LOOP_67_5:   [xilinx-label-all-loops]
 for (int j = 0; j < 1; j++) {
 ^~~
 VITIS_LOOP_67_5: 
/home/ayvol/accelerator_wrapper/_x.hw.xilinx_u55c_gen3x16_xdma_3_202210_1/alveo_hls4ml/alveo_hls4ml/alveo_hls4ml/solution/.autopilot/db/alveo_hls4ml.pp.0.cpp:52260:2: note: FIX-IT applied suggested code changes
