

================================================================
== Vitis HLS Report for 'conv_2d_latency_cl_ap_fixed_16_6_5_3_0_ap_fixed_16_6_5_3_0_config2_s'
================================================================
* Date:           Wed Mar  6 03:02:58 2024

* Version:        2022.2 (Build 3670227 on Oct 13 2022)
* Project:        alveo_hls4ml
* Solution:       solution (Vitis Kernel Flow Target)
* Product family: virtexuplus
* Target device:  xcu55c-fsvh2892-2L-e


================================================================
== Performance Estimates
================================================================
+ Timing: 
    * Summary: 
    +--------+---------+----------+------------+
    |  Clock |  Target | Estimated| Uncertainty|
    +--------+---------+----------+------------+
    |ap_clk  |  3.33 ns|  2.295 ns|     0.90 ns|
    +--------+---------+----------+------------+

+ Latency: 
    * Summary: 
    +---------+---------+-----------+-----------+-----+-----+------------------------------------------+
    |  Latency (cycles) |   Latency (absolute)  |  Interval |                 Pipeline                 |
    |   min   |   max   |    min    |    max    | min | max |                   Type                   |
    +---------+---------+-----------+-----------+-----+-----+------------------------------------------+
    |       10|       11|  33.330 ns|  36.663 ns|    9|    9|  loop rewind stp(delay=0 clock cycles(s))|
    +---------+---------+-----------+-----------+-----+-----+------------------------------------------+

    + Detail: 
        * Instance: 
        N/A

        * Loop: 
        +-----------------+---------+---------+----------+-----------+-----------+------+----------+
        |                 |  Latency (cycles) | Iteration|  Initiation Interval  | Trip |          |
        |    Loop Name    |   min   |   max   |  Latency |  achieved |   target  | Count| Pipelined|
        +-----------------+---------+---------+----------+-----------+-----------+------+----------+
        |- PartitionLoop  |       10|       10|         3|          1|          1|     9|       yes|
        +-----------------+---------+---------+----------+-----------+-----------+------+----------+

============================================================
+ Verbose Summary: Synthesis Manager
============================================================
InlineROM: 1
ExposeGlobal: 0
============================================================
+ Verbose Summary: CDFG Model
============================================================
IsTopModel: 0
ResetActiveHigh: 1
IsCombinational: 0
IsDatapathOnly: 0
HasWiredReturn: 1
HasMFsm: 2
HasVarLatency: 1
IsPipeline: 0
IsRtlPipelined: 0
IsInstanceOverlapped: 0
IsDontTouch: 0
HasImplIP: 0
IsGatedGlobalClock: 0

+ Individual pipeline summary: 
  * Pipeline-0: initiation interval (II) = 1, depth = 3


============================================================
+ Verbose Summary: Schedule
============================================================
* Number of FSM states : 3
* Pipeline : 1
  Pipeline-0 : II = 1, D = 3, States = { 1 2 3 }
* Dataflow Pipeline: 0

* FSM state transitions: 
1 --> 2 
2 --> 3 
3 --> 

* FSM state operations: 

State 1 <SV = 0> <Delay = 1.09>
ST_1 : Operation 5 [1/1] (0.38ns)   --->   "%br_ln35 = br void %rewind_header" [/home/ayvol/accelerator_wrapper/src/nnet_utils/nnet_conv2d_latency.h:35]   --->   Operation 5 'br' 'br_ln35' <Predicate = true> <Delay = 0.38>
ST_1 : Operation 6 [1/1] (0.00ns)   --->   "%do_init = phi i1 1, void %entry, i1 0, void %arrayidx961.exit, i1 1, void %for.end105"   --->   Operation 6 'phi' 'do_init' <Predicate = true> <Delay = 0.00>
ST_1 : Operation 7 [1/1] (0.00ns)   --->   "%p_read2_rewind = phi i768 0, void %entry, i768 %p_read2_phi, void %arrayidx961.exit, i768 0, void %for.end105" [/home/ayvol/accelerator_wrapper/src/nnet_utils/nnet_conv2d_latency.h:35]   --->   Operation 7 'phi' 'p_read2_rewind' <Predicate = true> <Delay = 0.00>
ST_1 : Operation 8 [1/1] (0.00ns)   --->   "%i_part1 = phi i4 0, void %entry, i4 %i_part, void %arrayidx961.exit, i4 0, void %for.end105"   --->   Operation 8 'phi' 'i_part1' <Predicate = true> <Delay = 0.00>
ST_1 : Operation 9 [1/1] (0.38ns)   --->   "%br_ln0 = br i1 %do_init, void %for.body36.split, void %rewind_init"   --->   Operation 9 'br' 'br_ln0' <Predicate = true> <Delay = 0.38>
ST_1 : Operation 10 [1/1] (0.00ns)   --->   "%specresourcelimit_ln32 = specresourcelimit void @_ssdm_op_SpecResourceLimit, i64 12, void @empty_5, void @empty_3, void @empty_3, void @empty_3" [/home/ayvol/accelerator_wrapper/src/nnet_utils/nnet_conv2d_latency.h:32]   --->   Operation 10 'specresourcelimit' 'specresourcelimit_ln32' <Predicate = (do_init)> <Delay = 0.00>
ST_1 : Operation 11 [1/1] (0.00ns)   --->   "%p_read_16 = read i768 @_ssdm_op_Read.ap_auto.i768, i768 %p_read" [/home/ayvol/accelerator_wrapper/src/nnet_utils/nnet_conv2d_latency.h:35]   --->   Operation 11 'read' 'p_read_16' <Predicate = (do_init)> <Delay = 0.00>
ST_1 : Operation 12 [1/1] (0.38ns)   --->   "%br_ln35 = br void %for.body36.split" [/home/ayvol/accelerator_wrapper/src/nnet_utils/nnet_conv2d_latency.h:35]   --->   Operation 12 'br' 'br_ln35' <Predicate = (do_init)> <Delay = 0.38>
ST_1 : Operation 13 [1/1] (0.00ns)   --->   "%p_read2_phi = phi i768 %p_read_16, void %rewind_init, i768 %p_read2_rewind, void %rewind_header" [/home/ayvol/accelerator_wrapper/src/nnet_utils/nnet_conv2d_latency.h:35]   --->   Operation 13 'phi' 'p_read2_phi' <Predicate = true> <Delay = 0.00>
ST_1 : Operation 14 [1/1] (0.00ns)   --->   "%empty = speclooptripcount i32 @_ssdm_op_SpecLoopTripCount, i64 9, i64 9, i64 9"   --->   Operation 14 'speclooptripcount' 'empty' <Predicate = true> <Delay = 0.00>
ST_1 : Operation 15 [1/1] (0.00ns)   --->   "%specpipeline_ln36 = specpipeline void @_ssdm_op_SpecPipeline, i32 1, i32 0, i32 0, i32 0, void @empty_3" [/home/ayvol/accelerator_wrapper/src/nnet_utils/nnet_conv2d_latency.h:36]   --->   Operation 15 'specpipeline' 'specpipeline_ln36' <Predicate = true> <Delay = 0.00>
ST_1 : Operation 16 [1/1] (0.00ns)   --->   "%specloopname_ln19 = specloopname void @_ssdm_op_SpecLoopName, void @empty_8" [/home/ayvol/accelerator_wrapper/src/nnet_utils/nnet_conv2d_latency.h:19]   --->   Operation 16 'specloopname' 'specloopname_ln19' <Predicate = true> <Delay = 0.00>
ST_1 : Operation 17 [1/1] (0.70ns)   --->   "%i_part = add i4 %i_part1, i4 1" [/home/ayvol/accelerator_wrapper/src/nnet_utils/nnet_conv2d_latency.h:35]   --->   Operation 17 'add' 'i_part' <Predicate = true> <Delay = 0.70> <CoreInst = "Adder">   --->   Core 1 'Adder' <Latency = 0> <II = 1> <Delay = 0.70> <FuncUnit> <Opcode : 'add' 'sub'> <InPorts = 2> <OutPorts = 1>
ST_1 : Operation 18 [1/1] (0.34ns)   --->   "%switch_ln37 = switch i4 %i_part1, void %if.then.i, i4 8, void %if.then310.i, i4 1, void %if.then37.i, i4 2, void %if.then76.i, i4 3, void %if.then115.i, i4 4, void %if.then154.i, i4 5, void %if.then193.i, i4 6, void %if.then232.i, i4 7, void %if.then271.i" [/home/ayvol/accelerator_wrapper/src/nnet_utils/nnet_code_gen.h:37]   --->   Operation 18 'switch' 'switch_ln37' <Predicate = true> <Delay = 0.34>
ST_1 : Operation 19 [1/1] (0.00ns)   --->   "%data_buf_V_96 = partselect i16 @_ssdm_op_PartSelect.i16.i768.i32.i32, i768 %p_read2_phi, i32 432, i32 447" [/home/ayvol/accelerator_wrapper/src/nnet_utils/nnet_code_gen.h:66]   --->   Operation 19 'partselect' 'data_buf_V_96' <Predicate = (i_part1 == 7)> <Delay = 0.00>
ST_1 : Operation 20 [1/1] (0.00ns)   --->   "%data_buf_V_97 = partselect i16 @_ssdm_op_PartSelect.i16.i768.i32.i32, i768 %p_read2_phi, i32 448, i32 463" [/home/ayvol/accelerator_wrapper/src/nnet_utils/nnet_code_gen.h:66]   --->   Operation 20 'partselect' 'data_buf_V_97' <Predicate = (i_part1 == 7)> <Delay = 0.00>
ST_1 : Operation 21 [1/1] (0.00ns)   --->   "%data_buf_V_98 = partselect i16 @_ssdm_op_PartSelect.i16.i768.i32.i32, i768 %p_read2_phi, i32 464, i32 479" [/home/ayvol/accelerator_wrapper/src/nnet_utils/nnet_code_gen.h:66]   --->   Operation 21 'partselect' 'data_buf_V_98' <Predicate = (i_part1 == 7)> <Delay = 0.00>
ST_1 : Operation 22 [1/1] (0.00ns)   --->   "%data_buf_V_99 = partselect i16 @_ssdm_op_PartSelect.i16.i768.i32.i32, i768 %p_read2_phi, i32 480, i32 495" [/home/ayvol/accelerator_wrapper/src/nnet_utils/nnet_code_gen.h:66]   --->   Operation 22 'partselect' 'data_buf_V_99' <Predicate = (i_part1 == 7)> <Delay = 0.00>
ST_1 : Operation 23 [1/1] (0.00ns)   --->   "%data_buf_V_100 = partselect i16 @_ssdm_op_PartSelect.i16.i768.i32.i32, i768 %p_read2_phi, i32 496, i32 511" [/home/ayvol/accelerator_wrapper/src/nnet_utils/nnet_code_gen.h:66]   --->   Operation 23 'partselect' 'data_buf_V_100' <Predicate = (i_part1 == 7)> <Delay = 0.00>
ST_1 : Operation 24 [1/1] (0.00ns)   --->   "%data_buf_V_101 = partselect i16 @_ssdm_op_PartSelect.i16.i768.i32.i32, i768 %p_read2_phi, i32 512, i32 527" [/home/ayvol/accelerator_wrapper/src/nnet_utils/nnet_code_gen.h:66]   --->   Operation 24 'partselect' 'data_buf_V_101' <Predicate = (i_part1 == 7)> <Delay = 0.00>
ST_1 : Operation 25 [1/1] (0.00ns)   --->   "%data_buf_V_102 = partselect i16 @_ssdm_op_PartSelect.i16.i768.i32.i32, i768 %p_read2_phi, i32 624, i32 639" [/home/ayvol/accelerator_wrapper/src/nnet_utils/nnet_code_gen.h:66]   --->   Operation 25 'partselect' 'data_buf_V_102' <Predicate = (i_part1 == 7)> <Delay = 0.00>
ST_1 : Operation 26 [1/1] (0.00ns)   --->   "%data_buf_V_103 = partselect i16 @_ssdm_op_PartSelect.i16.i768.i32.i32, i768 %p_read2_phi, i32 640, i32 655" [/home/ayvol/accelerator_wrapper/src/nnet_utils/nnet_code_gen.h:66]   --->   Operation 26 'partselect' 'data_buf_V_103' <Predicate = (i_part1 == 7)> <Delay = 0.00>
ST_1 : Operation 27 [1/1] (0.00ns)   --->   "%data_buf_V_104 = partselect i16 @_ssdm_op_PartSelect.i16.i768.i32.i32, i768 %p_read2_phi, i32 656, i32 671" [/home/ayvol/accelerator_wrapper/src/nnet_utils/nnet_code_gen.h:66]   --->   Operation 27 'partselect' 'data_buf_V_104' <Predicate = (i_part1 == 7)> <Delay = 0.00>
ST_1 : Operation 28 [1/1] (0.00ns)   --->   "%data_buf_V_105 = partselect i16 @_ssdm_op_PartSelect.i16.i768.i32.i32, i768 %p_read2_phi, i32 672, i32 687" [/home/ayvol/accelerator_wrapper/src/nnet_utils/nnet_code_gen.h:66]   --->   Operation 28 'partselect' 'data_buf_V_105' <Predicate = (i_part1 == 7)> <Delay = 0.00>
ST_1 : Operation 29 [1/1] (0.00ns)   --->   "%data_buf_V_106 = partselect i16 @_ssdm_op_PartSelect.i16.i768.i32.i32, i768 %p_read2_phi, i32 688, i32 703" [/home/ayvol/accelerator_wrapper/src/nnet_utils/nnet_code_gen.h:66]   --->   Operation 29 'partselect' 'data_buf_V_106' <Predicate = (i_part1 == 7)> <Delay = 0.00>
ST_1 : Operation 30 [1/1] (0.00ns)   --->   "%data_buf_V_107 = partselect i16 @_ssdm_op_PartSelect.i16.i768.i32.i32, i768 %p_read2_phi, i32 704, i32 719" [/home/ayvol/accelerator_wrapper/src/nnet_utils/nnet_code_gen.h:66]   --->   Operation 30 'partselect' 'data_buf_V_107' <Predicate = (i_part1 == 7)> <Delay = 0.00>
ST_1 : Operation 31 [1/1] (0.61ns)   --->   "%br_ln69 = br void %_ZN4nnet13fill_buffer_2I8ap_fixedILi16ELi6EL9ap_q_mode5EL9ap_o_mode3ELi0EE7config2E11fill_bufferEPS4_PA12_S4_j.exit" [/home/ayvol/accelerator_wrapper/src/nnet_utils/nnet_code_gen.h:69]   --->   Operation 31 'br' 'br_ln69' <Predicate = (i_part1 == 7)> <Delay = 0.61>
ST_1 : Operation 32 [1/1] (0.00ns)   --->   "%data_buf_V_84 = partselect i16 @_ssdm_op_PartSelect.i16.i768.i32.i32, i768 %p_read2_phi, i32 384, i32 399" [/home/ayvol/accelerator_wrapper/src/nnet_utils/nnet_code_gen.h:62]   --->   Operation 32 'partselect' 'data_buf_V_84' <Predicate = (i_part1 == 6)> <Delay = 0.00>
ST_1 : Operation 33 [1/1] (0.00ns)   --->   "%data_buf_V_85 = partselect i16 @_ssdm_op_PartSelect.i16.i768.i32.i32, i768 %p_read2_phi, i32 400, i32 415" [/home/ayvol/accelerator_wrapper/src/nnet_utils/nnet_code_gen.h:62]   --->   Operation 33 'partselect' 'data_buf_V_85' <Predicate = (i_part1 == 6)> <Delay = 0.00>
ST_1 : Operation 34 [1/1] (0.00ns)   --->   "%data_buf_V_86 = partselect i16 @_ssdm_op_PartSelect.i16.i768.i32.i32, i768 %p_read2_phi, i32 416, i32 431" [/home/ayvol/accelerator_wrapper/src/nnet_utils/nnet_code_gen.h:62]   --->   Operation 34 'partselect' 'data_buf_V_86' <Predicate = (i_part1 == 6)> <Delay = 0.00>
ST_1 : Operation 35 [1/1] (0.00ns)   --->   "%data_buf_V_87 = partselect i16 @_ssdm_op_PartSelect.i16.i768.i32.i32, i768 %p_read2_phi, i32 432, i32 447" [/home/ayvol/accelerator_wrapper/src/nnet_utils/nnet_code_gen.h:62]   --->   Operation 35 'partselect' 'data_buf_V_87' <Predicate = (i_part1 == 6)> <Delay = 0.00>
ST_1 : Operation 36 [1/1] (0.00ns)   --->   "%data_buf_V_88 = partselect i16 @_ssdm_op_PartSelect.i16.i768.i32.i32, i768 %p_read2_phi, i32 448, i32 463" [/home/ayvol/accelerator_wrapper/src/nnet_utils/nnet_code_gen.h:62]   --->   Operation 36 'partselect' 'data_buf_V_88' <Predicate = (i_part1 == 6)> <Delay = 0.00>
ST_1 : Operation 37 [1/1] (0.00ns)   --->   "%data_buf_V_89 = partselect i16 @_ssdm_op_PartSelect.i16.i768.i32.i32, i768 %p_read2_phi, i32 464, i32 479" [/home/ayvol/accelerator_wrapper/src/nnet_utils/nnet_code_gen.h:62]   --->   Operation 37 'partselect' 'data_buf_V_89' <Predicate = (i_part1 == 6)> <Delay = 0.00>
ST_1 : Operation 38 [1/1] (0.00ns)   --->   "%data_buf_V_90 = partselect i16 @_ssdm_op_PartSelect.i16.i768.i32.i32, i768 %p_read2_phi, i32 576, i32 591" [/home/ayvol/accelerator_wrapper/src/nnet_utils/nnet_code_gen.h:62]   --->   Operation 38 'partselect' 'data_buf_V_90' <Predicate = (i_part1 == 6)> <Delay = 0.00>
ST_1 : Operation 39 [1/1] (0.00ns)   --->   "%data_buf_V_91 = partselect i16 @_ssdm_op_PartSelect.i16.i768.i32.i32, i768 %p_read2_phi, i32 592, i32 607" [/home/ayvol/accelerator_wrapper/src/nnet_utils/nnet_code_gen.h:62]   --->   Operation 39 'partselect' 'data_buf_V_91' <Predicate = (i_part1 == 6)> <Delay = 0.00>
ST_1 : Operation 40 [1/1] (0.00ns)   --->   "%data_buf_V_92 = partselect i16 @_ssdm_op_PartSelect.i16.i768.i32.i32, i768 %p_read2_phi, i32 608, i32 623" [/home/ayvol/accelerator_wrapper/src/nnet_utils/nnet_code_gen.h:62]   --->   Operation 40 'partselect' 'data_buf_V_92' <Predicate = (i_part1 == 6)> <Delay = 0.00>
ST_1 : Operation 41 [1/1] (0.00ns)   --->   "%data_buf_V_93 = partselect i16 @_ssdm_op_PartSelect.i16.i768.i32.i32, i768 %p_read2_phi, i32 624, i32 639" [/home/ayvol/accelerator_wrapper/src/nnet_utils/nnet_code_gen.h:62]   --->   Operation 41 'partselect' 'data_buf_V_93' <Predicate = (i_part1 == 6)> <Delay = 0.00>
ST_1 : Operation 42 [1/1] (0.00ns)   --->   "%data_buf_V_94 = partselect i16 @_ssdm_op_PartSelect.i16.i768.i32.i32, i768 %p_read2_phi, i32 640, i32 655" [/home/ayvol/accelerator_wrapper/src/nnet_utils/nnet_code_gen.h:62]   --->   Operation 42 'partselect' 'data_buf_V_94' <Predicate = (i_part1 == 6)> <Delay = 0.00>
ST_1 : Operation 43 [1/1] (0.00ns)   --->   "%data_buf_V_95 = partselect i16 @_ssdm_op_PartSelect.i16.i768.i32.i32, i768 %p_read2_phi, i32 656, i32 671" [/home/ayvol/accelerator_wrapper/src/nnet_utils/nnet_code_gen.h:62]   --->   Operation 43 'partselect' 'data_buf_V_95' <Predicate = (i_part1 == 6)> <Delay = 0.00>
ST_1 : Operation 44 [1/1] (0.61ns)   --->   "%br_ln65 = br void %_ZN4nnet13fill_buffer_2I8ap_fixedILi16ELi6EL9ap_q_mode5EL9ap_o_mode3ELi0EE7config2E11fill_bufferEPS4_PA12_S4_j.exit" [/home/ayvol/accelerator_wrapper/src/nnet_utils/nnet_code_gen.h:65]   --->   Operation 44 'br' 'br_ln65' <Predicate = (i_part1 == 6)> <Delay = 0.61>
ST_1 : Operation 45 [1/1] (0.00ns)   --->   "%data_buf_V_72 = partselect i16 @_ssdm_op_PartSelect.i16.i768.i32.i32, i768 %p_read2_phi, i32 288, i32 303" [/home/ayvol/accelerator_wrapper/src/nnet_utils/nnet_code_gen.h:58]   --->   Operation 45 'partselect' 'data_buf_V_72' <Predicate = (i_part1 == 5)> <Delay = 0.00>
ST_1 : Operation 46 [1/1] (0.00ns)   --->   "%data_buf_V_73 = partselect i16 @_ssdm_op_PartSelect.i16.i768.i32.i32, i768 %p_read2_phi, i32 304, i32 319" [/home/ayvol/accelerator_wrapper/src/nnet_utils/nnet_code_gen.h:58]   --->   Operation 46 'partselect' 'data_buf_V_73' <Predicate = (i_part1 == 5)> <Delay = 0.00>
ST_1 : Operation 47 [1/1] (0.00ns)   --->   "%data_buf_V_74 = partselect i16 @_ssdm_op_PartSelect.i16.i768.i32.i32, i768 %p_read2_phi, i32 320, i32 335" [/home/ayvol/accelerator_wrapper/src/nnet_utils/nnet_code_gen.h:58]   --->   Operation 47 'partselect' 'data_buf_V_74' <Predicate = (i_part1 == 5)> <Delay = 0.00>
ST_1 : Operation 48 [1/1] (0.00ns)   --->   "%data_buf_V_75 = partselect i16 @_ssdm_op_PartSelect.i16.i768.i32.i32, i768 %p_read2_phi, i32 336, i32 351" [/home/ayvol/accelerator_wrapper/src/nnet_utils/nnet_code_gen.h:58]   --->   Operation 48 'partselect' 'data_buf_V_75' <Predicate = (i_part1 == 5)> <Delay = 0.00>
ST_1 : Operation 49 [1/1] (0.00ns)   --->   "%data_buf_V_76 = partselect i16 @_ssdm_op_PartSelect.i16.i768.i32.i32, i768 %p_read2_phi, i32 352, i32 367" [/home/ayvol/accelerator_wrapper/src/nnet_utils/nnet_code_gen.h:58]   --->   Operation 49 'partselect' 'data_buf_V_76' <Predicate = (i_part1 == 5)> <Delay = 0.00>
ST_1 : Operation 50 [1/1] (0.00ns)   --->   "%data_buf_V_77 = partselect i16 @_ssdm_op_PartSelect.i16.i768.i32.i32, i768 %p_read2_phi, i32 368, i32 383" [/home/ayvol/accelerator_wrapper/src/nnet_utils/nnet_code_gen.h:58]   --->   Operation 50 'partselect' 'data_buf_V_77' <Predicate = (i_part1 == 5)> <Delay = 0.00>
ST_1 : Operation 51 [1/1] (0.00ns)   --->   "%data_buf_V_78 = partselect i16 @_ssdm_op_PartSelect.i16.i768.i32.i32, i768 %p_read2_phi, i32 480, i32 495" [/home/ayvol/accelerator_wrapper/src/nnet_utils/nnet_code_gen.h:58]   --->   Operation 51 'partselect' 'data_buf_V_78' <Predicate = (i_part1 == 5)> <Delay = 0.00>
ST_1 : Operation 52 [1/1] (0.00ns)   --->   "%data_buf_V_79 = partselect i16 @_ssdm_op_PartSelect.i16.i768.i32.i32, i768 %p_read2_phi, i32 496, i32 511" [/home/ayvol/accelerator_wrapper/src/nnet_utils/nnet_code_gen.h:58]   --->   Operation 52 'partselect' 'data_buf_V_79' <Predicate = (i_part1 == 5)> <Delay = 0.00>
ST_1 : Operation 53 [1/1] (0.00ns)   --->   "%data_buf_V_80 = partselect i16 @_ssdm_op_PartSelect.i16.i768.i32.i32, i768 %p_read2_phi, i32 512, i32 527" [/home/ayvol/accelerator_wrapper/src/nnet_utils/nnet_code_gen.h:58]   --->   Operation 53 'partselect' 'data_buf_V_80' <Predicate = (i_part1 == 5)> <Delay = 0.00>
ST_1 : Operation 54 [1/1] (0.00ns)   --->   "%data_buf_V_81 = partselect i16 @_ssdm_op_PartSelect.i16.i768.i32.i32, i768 %p_read2_phi, i32 528, i32 543" [/home/ayvol/accelerator_wrapper/src/nnet_utils/nnet_code_gen.h:58]   --->   Operation 54 'partselect' 'data_buf_V_81' <Predicate = (i_part1 == 5)> <Delay = 0.00>
ST_1 : Operation 55 [1/1] (0.00ns)   --->   "%data_buf_V_82 = partselect i16 @_ssdm_op_PartSelect.i16.i768.i32.i32, i768 %p_read2_phi, i32 544, i32 559" [/home/ayvol/accelerator_wrapper/src/nnet_utils/nnet_code_gen.h:58]   --->   Operation 55 'partselect' 'data_buf_V_82' <Predicate = (i_part1 == 5)> <Delay = 0.00>
ST_1 : Operation 56 [1/1] (0.00ns)   --->   "%data_buf_V_83 = partselect i16 @_ssdm_op_PartSelect.i16.i768.i32.i32, i768 %p_read2_phi, i32 560, i32 575" [/home/ayvol/accelerator_wrapper/src/nnet_utils/nnet_code_gen.h:58]   --->   Operation 56 'partselect' 'data_buf_V_83' <Predicate = (i_part1 == 5)> <Delay = 0.00>
ST_1 : Operation 57 [1/1] (0.61ns)   --->   "%br_ln61 = br void %_ZN4nnet13fill_buffer_2I8ap_fixedILi16ELi6EL9ap_q_mode5EL9ap_o_mode3ELi0EE7config2E11fill_bufferEPS4_PA12_S4_j.exit" [/home/ayvol/accelerator_wrapper/src/nnet_utils/nnet_code_gen.h:61]   --->   Operation 57 'br' 'br_ln61' <Predicate = (i_part1 == 5)> <Delay = 0.61>
ST_1 : Operation 58 [1/1] (0.00ns)   --->   "%data_buf_V_60 = partselect i16 @_ssdm_op_PartSelect.i16.i768.i32.i32, i768 %p_read2_phi, i32 240, i32 255" [/home/ayvol/accelerator_wrapper/src/nnet_utils/nnet_code_gen.h:54]   --->   Operation 58 'partselect' 'data_buf_V_60' <Predicate = (i_part1 == 4)> <Delay = 0.00>
ST_1 : Operation 59 [1/1] (0.00ns)   --->   "%data_buf_V_61 = partselect i16 @_ssdm_op_PartSelect.i16.i768.i32.i32, i768 %p_read2_phi, i32 256, i32 271" [/home/ayvol/accelerator_wrapper/src/nnet_utils/nnet_code_gen.h:54]   --->   Operation 59 'partselect' 'data_buf_V_61' <Predicate = (i_part1 == 4)> <Delay = 0.00>
ST_1 : Operation 60 [1/1] (0.00ns)   --->   "%data_buf_V_62 = partselect i16 @_ssdm_op_PartSelect.i16.i768.i32.i32, i768 %p_read2_phi, i32 272, i32 287" [/home/ayvol/accelerator_wrapper/src/nnet_utils/nnet_code_gen.h:54]   --->   Operation 60 'partselect' 'data_buf_V_62' <Predicate = (i_part1 == 4)> <Delay = 0.00>
ST_1 : Operation 61 [1/1] (0.00ns)   --->   "%data_buf_V_63 = partselect i16 @_ssdm_op_PartSelect.i16.i768.i32.i32, i768 %p_read2_phi, i32 288, i32 303" [/home/ayvol/accelerator_wrapper/src/nnet_utils/nnet_code_gen.h:54]   --->   Operation 61 'partselect' 'data_buf_V_63' <Predicate = (i_part1 == 4)> <Delay = 0.00>
ST_1 : Operation 62 [1/1] (0.00ns)   --->   "%data_buf_V_64 = partselect i16 @_ssdm_op_PartSelect.i16.i768.i32.i32, i768 %p_read2_phi, i32 304, i32 319" [/home/ayvol/accelerator_wrapper/src/nnet_utils/nnet_code_gen.h:54]   --->   Operation 62 'partselect' 'data_buf_V_64' <Predicate = (i_part1 == 4)> <Delay = 0.00>
ST_1 : Operation 63 [1/1] (0.00ns)   --->   "%data_buf_V_65 = partselect i16 @_ssdm_op_PartSelect.i16.i768.i32.i32, i768 %p_read2_phi, i32 320, i32 335" [/home/ayvol/accelerator_wrapper/src/nnet_utils/nnet_code_gen.h:54]   --->   Operation 63 'partselect' 'data_buf_V_65' <Predicate = (i_part1 == 4)> <Delay = 0.00>
ST_1 : Operation 64 [1/1] (0.00ns)   --->   "%data_buf_V_66 = partselect i16 @_ssdm_op_PartSelect.i16.i768.i32.i32, i768 %p_read2_phi, i32 432, i32 447" [/home/ayvol/accelerator_wrapper/src/nnet_utils/nnet_code_gen.h:54]   --->   Operation 64 'partselect' 'data_buf_V_66' <Predicate = (i_part1 == 4)> <Delay = 0.00>
ST_1 : Operation 65 [1/1] (0.00ns)   --->   "%data_buf_V_67 = partselect i16 @_ssdm_op_PartSelect.i16.i768.i32.i32, i768 %p_read2_phi, i32 448, i32 463" [/home/ayvol/accelerator_wrapper/src/nnet_utils/nnet_code_gen.h:54]   --->   Operation 65 'partselect' 'data_buf_V_67' <Predicate = (i_part1 == 4)> <Delay = 0.00>
ST_1 : Operation 66 [1/1] (0.00ns)   --->   "%data_buf_V_68 = partselect i16 @_ssdm_op_PartSelect.i16.i768.i32.i32, i768 %p_read2_phi, i32 464, i32 479" [/home/ayvol/accelerator_wrapper/src/nnet_utils/nnet_code_gen.h:54]   --->   Operation 66 'partselect' 'data_buf_V_68' <Predicate = (i_part1 == 4)> <Delay = 0.00>
ST_1 : Operation 67 [1/1] (0.00ns)   --->   "%data_buf_V_69 = partselect i16 @_ssdm_op_PartSelect.i16.i768.i32.i32, i768 %p_read2_phi, i32 480, i32 495" [/home/ayvol/accelerator_wrapper/src/nnet_utils/nnet_code_gen.h:54]   --->   Operation 67 'partselect' 'data_buf_V_69' <Predicate = (i_part1 == 4)> <Delay = 0.00>
ST_1 : Operation 68 [1/1] (0.00ns)   --->   "%data_buf_V_70 = partselect i16 @_ssdm_op_PartSelect.i16.i768.i32.i32, i768 %p_read2_phi, i32 496, i32 511" [/home/ayvol/accelerator_wrapper/src/nnet_utils/nnet_code_gen.h:54]   --->   Operation 68 'partselect' 'data_buf_V_70' <Predicate = (i_part1 == 4)> <Delay = 0.00>
ST_1 : Operation 69 [1/1] (0.00ns)   --->   "%data_buf_V_71 = partselect i16 @_ssdm_op_PartSelect.i16.i768.i32.i32, i768 %p_read2_phi, i32 512, i32 527" [/home/ayvol/accelerator_wrapper/src/nnet_utils/nnet_code_gen.h:54]   --->   Operation 69 'partselect' 'data_buf_V_71' <Predicate = (i_part1 == 4)> <Delay = 0.00>
ST_1 : Operation 70 [1/1] (0.61ns)   --->   "%br_ln57 = br void %_ZN4nnet13fill_buffer_2I8ap_fixedILi16ELi6EL9ap_q_mode5EL9ap_o_mode3ELi0EE7config2E11fill_bufferEPS4_PA12_S4_j.exit" [/home/ayvol/accelerator_wrapper/src/nnet_utils/nnet_code_gen.h:57]   --->   Operation 70 'br' 'br_ln57' <Predicate = (i_part1 == 4)> <Delay = 0.61>
ST_1 : Operation 71 [1/1] (0.00ns)   --->   "%data_buf_V_48 = partselect i16 @_ssdm_op_PartSelect.i16.i768.i32.i32, i768 %p_read2_phi, i32 192, i32 207" [/home/ayvol/accelerator_wrapper/src/nnet_utils/nnet_code_gen.h:50]   --->   Operation 71 'partselect' 'data_buf_V_48' <Predicate = (i_part1 == 3)> <Delay = 0.00>
ST_1 : Operation 72 [1/1] (0.00ns)   --->   "%data_buf_V_49 = partselect i16 @_ssdm_op_PartSelect.i16.i768.i32.i32, i768 %p_read2_phi, i32 208, i32 223" [/home/ayvol/accelerator_wrapper/src/nnet_utils/nnet_code_gen.h:50]   --->   Operation 72 'partselect' 'data_buf_V_49' <Predicate = (i_part1 == 3)> <Delay = 0.00>
ST_1 : Operation 73 [1/1] (0.00ns)   --->   "%data_buf_V_50 = partselect i16 @_ssdm_op_PartSelect.i16.i768.i32.i32, i768 %p_read2_phi, i32 224, i32 239" [/home/ayvol/accelerator_wrapper/src/nnet_utils/nnet_code_gen.h:50]   --->   Operation 73 'partselect' 'data_buf_V_50' <Predicate = (i_part1 == 3)> <Delay = 0.00>
ST_1 : Operation 74 [1/1] (0.00ns)   --->   "%data_buf_V_51 = partselect i16 @_ssdm_op_PartSelect.i16.i768.i32.i32, i768 %p_read2_phi, i32 240, i32 255" [/home/ayvol/accelerator_wrapper/src/nnet_utils/nnet_code_gen.h:50]   --->   Operation 74 'partselect' 'data_buf_V_51' <Predicate = (i_part1 == 3)> <Delay = 0.00>
ST_1 : Operation 75 [1/1] (0.00ns)   --->   "%data_buf_V_52 = partselect i16 @_ssdm_op_PartSelect.i16.i768.i32.i32, i768 %p_read2_phi, i32 256, i32 271" [/home/ayvol/accelerator_wrapper/src/nnet_utils/nnet_code_gen.h:50]   --->   Operation 75 'partselect' 'data_buf_V_52' <Predicate = (i_part1 == 3)> <Delay = 0.00>
ST_1 : Operation 76 [1/1] (0.00ns)   --->   "%data_buf_V_53 = partselect i16 @_ssdm_op_PartSelect.i16.i768.i32.i32, i768 %p_read2_phi, i32 272, i32 287" [/home/ayvol/accelerator_wrapper/src/nnet_utils/nnet_code_gen.h:50]   --->   Operation 76 'partselect' 'data_buf_V_53' <Predicate = (i_part1 == 3)> <Delay = 0.00>
ST_1 : Operation 77 [1/1] (0.00ns)   --->   "%data_buf_V_54 = partselect i16 @_ssdm_op_PartSelect.i16.i768.i32.i32, i768 %p_read2_phi, i32 384, i32 399" [/home/ayvol/accelerator_wrapper/src/nnet_utils/nnet_code_gen.h:50]   --->   Operation 77 'partselect' 'data_buf_V_54' <Predicate = (i_part1 == 3)> <Delay = 0.00>
ST_1 : Operation 78 [1/1] (0.00ns)   --->   "%data_buf_V_55 = partselect i16 @_ssdm_op_PartSelect.i16.i768.i32.i32, i768 %p_read2_phi, i32 400, i32 415" [/home/ayvol/accelerator_wrapper/src/nnet_utils/nnet_code_gen.h:50]   --->   Operation 78 'partselect' 'data_buf_V_55' <Predicate = (i_part1 == 3)> <Delay = 0.00>
ST_1 : Operation 79 [1/1] (0.00ns)   --->   "%data_buf_V_56 = partselect i16 @_ssdm_op_PartSelect.i16.i768.i32.i32, i768 %p_read2_phi, i32 416, i32 431" [/home/ayvol/accelerator_wrapper/src/nnet_utils/nnet_code_gen.h:50]   --->   Operation 79 'partselect' 'data_buf_V_56' <Predicate = (i_part1 == 3)> <Delay = 0.00>
ST_1 : Operation 80 [1/1] (0.00ns)   --->   "%data_buf_V_57 = partselect i16 @_ssdm_op_PartSelect.i16.i768.i32.i32, i768 %p_read2_phi, i32 432, i32 447" [/home/ayvol/accelerator_wrapper/src/nnet_utils/nnet_code_gen.h:50]   --->   Operation 80 'partselect' 'data_buf_V_57' <Predicate = (i_part1 == 3)> <Delay = 0.00>
ST_1 : Operation 81 [1/1] (0.00ns)   --->   "%data_buf_V_58 = partselect i16 @_ssdm_op_PartSelect.i16.i768.i32.i32, i768 %p_read2_phi, i32 448, i32 463" [/home/ayvol/accelerator_wrapper/src/nnet_utils/nnet_code_gen.h:50]   --->   Operation 81 'partselect' 'data_buf_V_58' <Predicate = (i_part1 == 3)> <Delay = 0.00>
ST_1 : Operation 82 [1/1] (0.00ns)   --->   "%data_buf_V_59 = partselect i16 @_ssdm_op_PartSelect.i16.i768.i32.i32, i768 %p_read2_phi, i32 464, i32 479" [/home/ayvol/accelerator_wrapper/src/nnet_utils/nnet_code_gen.h:50]   --->   Operation 82 'partselect' 'data_buf_V_59' <Predicate = (i_part1 == 3)> <Delay = 0.00>
ST_1 : Operation 83 [1/1] (0.61ns)   --->   "%br_ln53 = br void %_ZN4nnet13fill_buffer_2I8ap_fixedILi16ELi6EL9ap_q_mode5EL9ap_o_mode3ELi0EE7config2E11fill_bufferEPS4_PA12_S4_j.exit" [/home/ayvol/accelerator_wrapper/src/nnet_utils/nnet_code_gen.h:53]   --->   Operation 83 'br' 'br_ln53' <Predicate = (i_part1 == 3)> <Delay = 0.61>
ST_1 : Operation 84 [1/1] (0.00ns)   --->   "%data_buf_V_36 = partselect i16 @_ssdm_op_PartSelect.i16.i768.i32.i32, i768 %p_read2_phi, i32 96, i32 111" [/home/ayvol/accelerator_wrapper/src/nnet_utils/nnet_code_gen.h:46]   --->   Operation 84 'partselect' 'data_buf_V_36' <Predicate = (i_part1 == 2)> <Delay = 0.00>
ST_1 : Operation 85 [1/1] (0.00ns)   --->   "%data_buf_V_37 = partselect i16 @_ssdm_op_PartSelect.i16.i768.i32.i32, i768 %p_read2_phi, i32 112, i32 127" [/home/ayvol/accelerator_wrapper/src/nnet_utils/nnet_code_gen.h:46]   --->   Operation 85 'partselect' 'data_buf_V_37' <Predicate = (i_part1 == 2)> <Delay = 0.00>
ST_1 : Operation 86 [1/1] (0.00ns)   --->   "%data_buf_V_38 = partselect i16 @_ssdm_op_PartSelect.i16.i768.i32.i32, i768 %p_read2_phi, i32 128, i32 143" [/home/ayvol/accelerator_wrapper/src/nnet_utils/nnet_code_gen.h:46]   --->   Operation 86 'partselect' 'data_buf_V_38' <Predicate = (i_part1 == 2)> <Delay = 0.00>
ST_1 : Operation 87 [1/1] (0.00ns)   --->   "%data_buf_V_39 = partselect i16 @_ssdm_op_PartSelect.i16.i768.i32.i32, i768 %p_read2_phi, i32 144, i32 159" [/home/ayvol/accelerator_wrapper/src/nnet_utils/nnet_code_gen.h:46]   --->   Operation 87 'partselect' 'data_buf_V_39' <Predicate = (i_part1 == 2)> <Delay = 0.00>
ST_1 : Operation 88 [1/1] (0.00ns)   --->   "%data_buf_V_40 = partselect i16 @_ssdm_op_PartSelect.i16.i768.i32.i32, i768 %p_read2_phi, i32 160, i32 175" [/home/ayvol/accelerator_wrapper/src/nnet_utils/nnet_code_gen.h:46]   --->   Operation 88 'partselect' 'data_buf_V_40' <Predicate = (i_part1 == 2)> <Delay = 0.00>
ST_1 : Operation 89 [1/1] (0.00ns)   --->   "%data_buf_V_41 = partselect i16 @_ssdm_op_PartSelect.i16.i768.i32.i32, i768 %p_read2_phi, i32 176, i32 191" [/home/ayvol/accelerator_wrapper/src/nnet_utils/nnet_code_gen.h:46]   --->   Operation 89 'partselect' 'data_buf_V_41' <Predicate = (i_part1 == 2)> <Delay = 0.00>
ST_1 : Operation 90 [1/1] (0.00ns)   --->   "%data_buf_V_42 = partselect i16 @_ssdm_op_PartSelect.i16.i768.i32.i32, i768 %p_read2_phi, i32 288, i32 303" [/home/ayvol/accelerator_wrapper/src/nnet_utils/nnet_code_gen.h:46]   --->   Operation 90 'partselect' 'data_buf_V_42' <Predicate = (i_part1 == 2)> <Delay = 0.00>
ST_1 : Operation 91 [1/1] (0.00ns)   --->   "%data_buf_V_43 = partselect i16 @_ssdm_op_PartSelect.i16.i768.i32.i32, i768 %p_read2_phi, i32 304, i32 319" [/home/ayvol/accelerator_wrapper/src/nnet_utils/nnet_code_gen.h:46]   --->   Operation 91 'partselect' 'data_buf_V_43' <Predicate = (i_part1 == 2)> <Delay = 0.00>
ST_1 : Operation 92 [1/1] (0.00ns)   --->   "%data_buf_V_44 = partselect i16 @_ssdm_op_PartSelect.i16.i768.i32.i32, i768 %p_read2_phi, i32 320, i32 335" [/home/ayvol/accelerator_wrapper/src/nnet_utils/nnet_code_gen.h:46]   --->   Operation 92 'partselect' 'data_buf_V_44' <Predicate = (i_part1 == 2)> <Delay = 0.00>
ST_1 : Operation 93 [1/1] (0.00ns)   --->   "%data_buf_V_45 = partselect i16 @_ssdm_op_PartSelect.i16.i768.i32.i32, i768 %p_read2_phi, i32 336, i32 351" [/home/ayvol/accelerator_wrapper/src/nnet_utils/nnet_code_gen.h:46]   --->   Operation 93 'partselect' 'data_buf_V_45' <Predicate = (i_part1 == 2)> <Delay = 0.00>
ST_1 : Operation 94 [1/1] (0.00ns)   --->   "%data_buf_V_46 = partselect i16 @_ssdm_op_PartSelect.i16.i768.i32.i32, i768 %p_read2_phi, i32 352, i32 367" [/home/ayvol/accelerator_wrapper/src/nnet_utils/nnet_code_gen.h:46]   --->   Operation 94 'partselect' 'data_buf_V_46' <Predicate = (i_part1 == 2)> <Delay = 0.00>
ST_1 : Operation 95 [1/1] (0.00ns)   --->   "%data_buf_V_47 = partselect i16 @_ssdm_op_PartSelect.i16.i768.i32.i32, i768 %p_read2_phi, i32 368, i32 383" [/home/ayvol/accelerator_wrapper/src/nnet_utils/nnet_code_gen.h:46]   --->   Operation 95 'partselect' 'data_buf_V_47' <Predicate = (i_part1 == 2)> <Delay = 0.00>
ST_1 : Operation 96 [1/1] (0.61ns)   --->   "%br_ln49 = br void %_ZN4nnet13fill_buffer_2I8ap_fixedILi16ELi6EL9ap_q_mode5EL9ap_o_mode3ELi0EE7config2E11fill_bufferEPS4_PA12_S4_j.exit" [/home/ayvol/accelerator_wrapper/src/nnet_utils/nnet_code_gen.h:49]   --->   Operation 96 'br' 'br_ln49' <Predicate = (i_part1 == 2)> <Delay = 0.61>
ST_1 : Operation 97 [1/1] (0.00ns)   --->   "%data_buf_V_24 = partselect i16 @_ssdm_op_PartSelect.i16.i768.i32.i32, i768 %p_read2_phi, i32 48, i32 63" [/home/ayvol/accelerator_wrapper/src/nnet_utils/nnet_code_gen.h:42]   --->   Operation 97 'partselect' 'data_buf_V_24' <Predicate = (i_part1 == 1)> <Delay = 0.00>
ST_1 : Operation 98 [1/1] (0.00ns)   --->   "%data_buf_V_25 = partselect i16 @_ssdm_op_PartSelect.i16.i768.i32.i32, i768 %p_read2_phi, i32 64, i32 79" [/home/ayvol/accelerator_wrapper/src/nnet_utils/nnet_code_gen.h:42]   --->   Operation 98 'partselect' 'data_buf_V_25' <Predicate = (i_part1 == 1)> <Delay = 0.00>
ST_1 : Operation 99 [1/1] (0.00ns)   --->   "%data_buf_V_26 = partselect i16 @_ssdm_op_PartSelect.i16.i768.i32.i32, i768 %p_read2_phi, i32 80, i32 95" [/home/ayvol/accelerator_wrapper/src/nnet_utils/nnet_code_gen.h:42]   --->   Operation 99 'partselect' 'data_buf_V_26' <Predicate = (i_part1 == 1)> <Delay = 0.00>
ST_1 : Operation 100 [1/1] (0.00ns)   --->   "%data_buf_V_27 = partselect i16 @_ssdm_op_PartSelect.i16.i768.i32.i32, i768 %p_read2_phi, i32 96, i32 111" [/home/ayvol/accelerator_wrapper/src/nnet_utils/nnet_code_gen.h:42]   --->   Operation 100 'partselect' 'data_buf_V_27' <Predicate = (i_part1 == 1)> <Delay = 0.00>
ST_1 : Operation 101 [1/1] (0.00ns)   --->   "%data_buf_V_28 = partselect i16 @_ssdm_op_PartSelect.i16.i768.i32.i32, i768 %p_read2_phi, i32 112, i32 127" [/home/ayvol/accelerator_wrapper/src/nnet_utils/nnet_code_gen.h:42]   --->   Operation 101 'partselect' 'data_buf_V_28' <Predicate = (i_part1 == 1)> <Delay = 0.00>
ST_1 : Operation 102 [1/1] (0.00ns)   --->   "%data_buf_V_29 = partselect i16 @_ssdm_op_PartSelect.i16.i768.i32.i32, i768 %p_read2_phi, i32 128, i32 143" [/home/ayvol/accelerator_wrapper/src/nnet_utils/nnet_code_gen.h:42]   --->   Operation 102 'partselect' 'data_buf_V_29' <Predicate = (i_part1 == 1)> <Delay = 0.00>
ST_1 : Operation 103 [1/1] (0.00ns)   --->   "%data_buf_V_30 = partselect i16 @_ssdm_op_PartSelect.i16.i768.i32.i32, i768 %p_read2_phi, i32 240, i32 255" [/home/ayvol/accelerator_wrapper/src/nnet_utils/nnet_code_gen.h:42]   --->   Operation 103 'partselect' 'data_buf_V_30' <Predicate = (i_part1 == 1)> <Delay = 0.00>
ST_1 : Operation 104 [1/1] (0.00ns)   --->   "%data_buf_V_31 = partselect i16 @_ssdm_op_PartSelect.i16.i768.i32.i32, i768 %p_read2_phi, i32 256, i32 271" [/home/ayvol/accelerator_wrapper/src/nnet_utils/nnet_code_gen.h:42]   --->   Operation 104 'partselect' 'data_buf_V_31' <Predicate = (i_part1 == 1)> <Delay = 0.00>
ST_1 : Operation 105 [1/1] (0.00ns)   --->   "%data_buf_V_32 = partselect i16 @_ssdm_op_PartSelect.i16.i768.i32.i32, i768 %p_read2_phi, i32 272, i32 287" [/home/ayvol/accelerator_wrapper/src/nnet_utils/nnet_code_gen.h:42]   --->   Operation 105 'partselect' 'data_buf_V_32' <Predicate = (i_part1 == 1)> <Delay = 0.00>
ST_1 : Operation 106 [1/1] (0.00ns)   --->   "%data_buf_V_33 = partselect i16 @_ssdm_op_PartSelect.i16.i768.i32.i32, i768 %p_read2_phi, i32 288, i32 303" [/home/ayvol/accelerator_wrapper/src/nnet_utils/nnet_code_gen.h:42]   --->   Operation 106 'partselect' 'data_buf_V_33' <Predicate = (i_part1 == 1)> <Delay = 0.00>
ST_1 : Operation 107 [1/1] (0.00ns)   --->   "%data_buf_V_34 = partselect i16 @_ssdm_op_PartSelect.i16.i768.i32.i32, i768 %p_read2_phi, i32 304, i32 319" [/home/ayvol/accelerator_wrapper/src/nnet_utils/nnet_code_gen.h:42]   --->   Operation 107 'partselect' 'data_buf_V_34' <Predicate = (i_part1 == 1)> <Delay = 0.00>
ST_1 : Operation 108 [1/1] (0.00ns)   --->   "%data_buf_V_35 = partselect i16 @_ssdm_op_PartSelect.i16.i768.i32.i32, i768 %p_read2_phi, i32 320, i32 335" [/home/ayvol/accelerator_wrapper/src/nnet_utils/nnet_code_gen.h:42]   --->   Operation 108 'partselect' 'data_buf_V_35' <Predicate = (i_part1 == 1)> <Delay = 0.00>
ST_1 : Operation 109 [1/1] (0.61ns)   --->   "%br_ln45 = br void %_ZN4nnet13fill_buffer_2I8ap_fixedILi16ELi6EL9ap_q_mode5EL9ap_o_mode3ELi0EE7config2E11fill_bufferEPS4_PA12_S4_j.exit" [/home/ayvol/accelerator_wrapper/src/nnet_utils/nnet_code_gen.h:45]   --->   Operation 109 'br' 'br_ln45' <Predicate = (i_part1 == 1)> <Delay = 0.61>
ST_1 : Operation 110 [1/1] (0.00ns)   --->   "%data_buf_V_12 = partselect i16 @_ssdm_op_PartSelect.i16.i768.i32.i32, i768 %p_read2_phi, i32 480, i32 495" [/home/ayvol/accelerator_wrapper/src/nnet_utils/nnet_code_gen.h:70]   --->   Operation 110 'partselect' 'data_buf_V_12' <Predicate = (i_part1 == 8)> <Delay = 0.00>
ST_1 : Operation 111 [1/1] (0.00ns)   --->   "%data_buf_V_13 = partselect i16 @_ssdm_op_PartSelect.i16.i768.i32.i32, i768 %p_read2_phi, i32 496, i32 511" [/home/ayvol/accelerator_wrapper/src/nnet_utils/nnet_code_gen.h:70]   --->   Operation 111 'partselect' 'data_buf_V_13' <Predicate = (i_part1 == 8)> <Delay = 0.00>
ST_1 : Operation 112 [1/1] (0.00ns)   --->   "%data_buf_V_14 = partselect i16 @_ssdm_op_PartSelect.i16.i768.i32.i32, i768 %p_read2_phi, i32 512, i32 527" [/home/ayvol/accelerator_wrapper/src/nnet_utils/nnet_code_gen.h:70]   --->   Operation 112 'partselect' 'data_buf_V_14' <Predicate = (i_part1 == 8)> <Delay = 0.00>
ST_1 : Operation 113 [1/1] (0.00ns)   --->   "%data_buf_V_15 = partselect i16 @_ssdm_op_PartSelect.i16.i768.i32.i32, i768 %p_read2_phi, i32 528, i32 543" [/home/ayvol/accelerator_wrapper/src/nnet_utils/nnet_code_gen.h:70]   --->   Operation 113 'partselect' 'data_buf_V_15' <Predicate = (i_part1 == 8)> <Delay = 0.00>
ST_1 : Operation 114 [1/1] (0.00ns)   --->   "%data_buf_V_16 = partselect i16 @_ssdm_op_PartSelect.i16.i768.i32.i32, i768 %p_read2_phi, i32 544, i32 559" [/home/ayvol/accelerator_wrapper/src/nnet_utils/nnet_code_gen.h:70]   --->   Operation 114 'partselect' 'data_buf_V_16' <Predicate = (i_part1 == 8)> <Delay = 0.00>
ST_1 : Operation 115 [1/1] (0.00ns)   --->   "%data_buf_V_17 = partselect i16 @_ssdm_op_PartSelect.i16.i768.i32.i32, i768 %p_read2_phi, i32 560, i32 575" [/home/ayvol/accelerator_wrapper/src/nnet_utils/nnet_code_gen.h:70]   --->   Operation 115 'partselect' 'data_buf_V_17' <Predicate = (i_part1 == 8)> <Delay = 0.00>
ST_1 : Operation 116 [1/1] (0.00ns)   --->   "%data_buf_V_18 = partselect i16 @_ssdm_op_PartSelect.i16.i768.i32.i32, i768 %p_read2_phi, i32 672, i32 687" [/home/ayvol/accelerator_wrapper/src/nnet_utils/nnet_code_gen.h:70]   --->   Operation 116 'partselect' 'data_buf_V_18' <Predicate = (i_part1 == 8)> <Delay = 0.00>
ST_1 : Operation 117 [1/1] (0.00ns)   --->   "%data_buf_V_19 = partselect i16 @_ssdm_op_PartSelect.i16.i768.i32.i32, i768 %p_read2_phi, i32 688, i32 703" [/home/ayvol/accelerator_wrapper/src/nnet_utils/nnet_code_gen.h:70]   --->   Operation 117 'partselect' 'data_buf_V_19' <Predicate = (i_part1 == 8)> <Delay = 0.00>
ST_1 : Operation 118 [1/1] (0.00ns)   --->   "%data_buf_V_20 = partselect i16 @_ssdm_op_PartSelect.i16.i768.i32.i32, i768 %p_read2_phi, i32 704, i32 719" [/home/ayvol/accelerator_wrapper/src/nnet_utils/nnet_code_gen.h:70]   --->   Operation 118 'partselect' 'data_buf_V_20' <Predicate = (i_part1 == 8)> <Delay = 0.00>
ST_1 : Operation 119 [1/1] (0.00ns)   --->   "%data_buf_V_21 = partselect i16 @_ssdm_op_PartSelect.i16.i768.i32.i32, i768 %p_read2_phi, i32 720, i32 735" [/home/ayvol/accelerator_wrapper/src/nnet_utils/nnet_code_gen.h:70]   --->   Operation 119 'partselect' 'data_buf_V_21' <Predicate = (i_part1 == 8)> <Delay = 0.00>
ST_1 : Operation 120 [1/1] (0.00ns)   --->   "%data_buf_V_22 = partselect i16 @_ssdm_op_PartSelect.i16.i768.i32.i32, i768 %p_read2_phi, i32 736, i32 751" [/home/ayvol/accelerator_wrapper/src/nnet_utils/nnet_code_gen.h:70]   --->   Operation 120 'partselect' 'data_buf_V_22' <Predicate = (i_part1 == 8)> <Delay = 0.00>
ST_1 : Operation 121 [1/1] (0.00ns)   --->   "%data_buf_V_23 = partselect i16 @_ssdm_op_PartSelect.i16.i768.i32.i32, i768 %p_read2_phi, i32 752, i32 767" [/home/ayvol/accelerator_wrapper/src/nnet_utils/nnet_code_gen.h:70]   --->   Operation 121 'partselect' 'data_buf_V_23' <Predicate = (i_part1 == 8)> <Delay = 0.00>
ST_1 : Operation 122 [1/1] (0.61ns)   --->   "%br_ln72 = br void %_ZN4nnet13fill_buffer_2I8ap_fixedILi16ELi6EL9ap_q_mode5EL9ap_o_mode3ELi0EE7config2E11fill_bufferEPS4_PA12_S4_j.exit" [/home/ayvol/accelerator_wrapper/src/nnet_utils/nnet_code_gen.h:72]   --->   Operation 122 'br' 'br_ln72' <Predicate = (i_part1 == 8)> <Delay = 0.61>
ST_1 : Operation 123 [1/1] (0.00ns)   --->   "%data_buf_V = trunc i768 %p_read2_phi" [/home/ayvol/accelerator_wrapper/src/nnet_utils/nnet_code_gen.h:38]   --->   Operation 123 'trunc' 'data_buf_V' <Predicate = (i_part1 != 8 & i_part1 != 1 & i_part1 != 2 & i_part1 != 3 & i_part1 != 4 & i_part1 != 5 & i_part1 != 6 & i_part1 != 7)> <Delay = 0.00>
ST_1 : Operation 124 [1/1] (0.00ns)   --->   "%data_buf_V_1 = partselect i16 @_ssdm_op_PartSelect.i16.i768.i32.i32, i768 %p_read2_phi, i32 16, i32 31" [/home/ayvol/accelerator_wrapper/src/nnet_utils/nnet_code_gen.h:38]   --->   Operation 124 'partselect' 'data_buf_V_1' <Predicate = (i_part1 != 8 & i_part1 != 1 & i_part1 != 2 & i_part1 != 3 & i_part1 != 4 & i_part1 != 5 & i_part1 != 6 & i_part1 != 7)> <Delay = 0.00>
ST_1 : Operation 125 [1/1] (0.00ns)   --->   "%data_buf_V_2 = partselect i16 @_ssdm_op_PartSelect.i16.i768.i32.i32, i768 %p_read2_phi, i32 32, i32 47" [/home/ayvol/accelerator_wrapper/src/nnet_utils/nnet_code_gen.h:38]   --->   Operation 125 'partselect' 'data_buf_V_2' <Predicate = (i_part1 != 8 & i_part1 != 1 & i_part1 != 2 & i_part1 != 3 & i_part1 != 4 & i_part1 != 5 & i_part1 != 6 & i_part1 != 7)> <Delay = 0.00>
ST_1 : Operation 126 [1/1] (0.00ns)   --->   "%data_buf_V_3 = partselect i16 @_ssdm_op_PartSelect.i16.i768.i32.i32, i768 %p_read2_phi, i32 48, i32 63" [/home/ayvol/accelerator_wrapper/src/nnet_utils/nnet_code_gen.h:38]   --->   Operation 126 'partselect' 'data_buf_V_3' <Predicate = (i_part1 != 8 & i_part1 != 1 & i_part1 != 2 & i_part1 != 3 & i_part1 != 4 & i_part1 != 5 & i_part1 != 6 & i_part1 != 7)> <Delay = 0.00>
ST_1 : Operation 127 [1/1] (0.00ns)   --->   "%data_buf_V_4 = partselect i16 @_ssdm_op_PartSelect.i16.i768.i32.i32, i768 %p_read2_phi, i32 64, i32 79" [/home/ayvol/accelerator_wrapper/src/nnet_utils/nnet_code_gen.h:38]   --->   Operation 127 'partselect' 'data_buf_V_4' <Predicate = (i_part1 != 8 & i_part1 != 1 & i_part1 != 2 & i_part1 != 3 & i_part1 != 4 & i_part1 != 5 & i_part1 != 6 & i_part1 != 7)> <Delay = 0.00>
ST_1 : Operation 128 [1/1] (0.00ns)   --->   "%data_buf_V_5 = partselect i16 @_ssdm_op_PartSelect.i16.i768.i32.i32, i768 %p_read2_phi, i32 80, i32 95" [/home/ayvol/accelerator_wrapper/src/nnet_utils/nnet_code_gen.h:38]   --->   Operation 128 'partselect' 'data_buf_V_5' <Predicate = (i_part1 != 8 & i_part1 != 1 & i_part1 != 2 & i_part1 != 3 & i_part1 != 4 & i_part1 != 5 & i_part1 != 6 & i_part1 != 7)> <Delay = 0.00>
ST_1 : Operation 129 [1/1] (0.00ns)   --->   "%data_buf_V_6 = partselect i16 @_ssdm_op_PartSelect.i16.i768.i32.i32, i768 %p_read2_phi, i32 192, i32 207" [/home/ayvol/accelerator_wrapper/src/nnet_utils/nnet_code_gen.h:38]   --->   Operation 129 'partselect' 'data_buf_V_6' <Predicate = (i_part1 != 8 & i_part1 != 1 & i_part1 != 2 & i_part1 != 3 & i_part1 != 4 & i_part1 != 5 & i_part1 != 6 & i_part1 != 7)> <Delay = 0.00>
ST_1 : Operation 130 [1/1] (0.00ns)   --->   "%data_buf_V_7 = partselect i16 @_ssdm_op_PartSelect.i16.i768.i32.i32, i768 %p_read2_phi, i32 208, i32 223" [/home/ayvol/accelerator_wrapper/src/nnet_utils/nnet_code_gen.h:38]   --->   Operation 130 'partselect' 'data_buf_V_7' <Predicate = (i_part1 != 8 & i_part1 != 1 & i_part1 != 2 & i_part1 != 3 & i_part1 != 4 & i_part1 != 5 & i_part1 != 6 & i_part1 != 7)> <Delay = 0.00>
ST_1 : Operation 131 [1/1] (0.00ns)   --->   "%data_buf_V_8 = partselect i16 @_ssdm_op_PartSelect.i16.i768.i32.i32, i768 %p_read2_phi, i32 224, i32 239" [/home/ayvol/accelerator_wrapper/src/nnet_utils/nnet_code_gen.h:38]   --->   Operation 131 'partselect' 'data_buf_V_8' <Predicate = (i_part1 != 8 & i_part1 != 1 & i_part1 != 2 & i_part1 != 3 & i_part1 != 4 & i_part1 != 5 & i_part1 != 6 & i_part1 != 7)> <Delay = 0.00>
ST_1 : Operation 132 [1/1] (0.00ns)   --->   "%data_buf_V_9 = partselect i16 @_ssdm_op_PartSelect.i16.i768.i32.i32, i768 %p_read2_phi, i32 240, i32 255" [/home/ayvol/accelerator_wrapper/src/nnet_utils/nnet_code_gen.h:38]   --->   Operation 132 'partselect' 'data_buf_V_9' <Predicate = (i_part1 != 8 & i_part1 != 1 & i_part1 != 2 & i_part1 != 3 & i_part1 != 4 & i_part1 != 5 & i_part1 != 6 & i_part1 != 7)> <Delay = 0.00>
ST_1 : Operation 133 [1/1] (0.00ns)   --->   "%data_buf_V_10 = partselect i16 @_ssdm_op_PartSelect.i16.i768.i32.i32, i768 %p_read2_phi, i32 256, i32 271" [/home/ayvol/accelerator_wrapper/src/nnet_utils/nnet_code_gen.h:38]   --->   Operation 133 'partselect' 'data_buf_V_10' <Predicate = (i_part1 != 8 & i_part1 != 1 & i_part1 != 2 & i_part1 != 3 & i_part1 != 4 & i_part1 != 5 & i_part1 != 6 & i_part1 != 7)> <Delay = 0.00>
ST_1 : Operation 134 [1/1] (0.00ns)   --->   "%data_buf_V_11 = partselect i16 @_ssdm_op_PartSelect.i16.i768.i32.i32, i768 %p_read2_phi, i32 272, i32 287" [/home/ayvol/accelerator_wrapper/src/nnet_utils/nnet_code_gen.h:38]   --->   Operation 134 'partselect' 'data_buf_V_11' <Predicate = (i_part1 != 8 & i_part1 != 1 & i_part1 != 2 & i_part1 != 3 & i_part1 != 4 & i_part1 != 5 & i_part1 != 6 & i_part1 != 7)> <Delay = 0.00>
ST_1 : Operation 135 [1/1] (0.61ns)   --->   "%br_ln41 = br void %_ZN4nnet13fill_buffer_2I8ap_fixedILi16ELi6EL9ap_q_mode5EL9ap_o_mode3ELi0EE7config2E11fill_bufferEPS4_PA12_S4_j.exit" [/home/ayvol/accelerator_wrapper/src/nnet_utils/nnet_code_gen.h:41]   --->   Operation 135 'br' 'br_ln41' <Predicate = (i_part1 != 8 & i_part1 != 1 & i_part1 != 2 & i_part1 != 3 & i_part1 != 4 & i_part1 != 5 & i_part1 != 6 & i_part1 != 7)> <Delay = 0.61>
ST_1 : Operation 136 [1/1] (0.65ns)   --->   "%icmp_ln35 = icmp_eq  i4 %i_part1, i4 8" [/home/ayvol/accelerator_wrapper/src/nnet_utils/nnet_conv2d_latency.h:35]   --->   Operation 136 'icmp' 'icmp_ln35' <Predicate = true> <Delay = 0.65> <CoreInst = "Cmp">   --->   Core 9 'Cmp' <Latency = 0> <II = 1> <Delay = 0.65> <FuncUnit> <Opcode : 'icmp'> <InPorts = 2> <OutPorts = 1>
ST_1 : Operation 137 [1/1] (0.00ns)   --->   "%br_ln35 = br i1 %icmp_ln35, void %rewind_header, void %for.end105" [/home/ayvol/accelerator_wrapper/src/nnet_utils/nnet_conv2d_latency.h:35]   --->   Operation 137 'br' 'br_ln35' <Predicate = true> <Delay = 0.00>
ST_1 : Operation 138 [1/1] (0.00ns)   --->   "%br_ln87 = br void %rewind_header" [/home/ayvol/accelerator_wrapper/src/nnet_utils/nnet_conv2d_latency.h:87]   --->   Operation 138 'br' 'br_ln87' <Predicate = (icmp_ln35)> <Delay = 0.00>

State 2 <SV = 1> <Delay = 2.29>
ST_2 : Operation 139 [1/1] (0.00ns)   --->   "%data_buf_V_131 = phi i16 %data_buf_V_23, void %if.then310.i, i16 %data_buf_V_107, void %if.then271.i, i16 %data_buf_V_95, void %if.then232.i, i16 %data_buf_V_83, void %if.then193.i, i16 %data_buf_V_71, void %if.then154.i, i16 %data_buf_V_59, void %if.then115.i, i16 %data_buf_V_47, void %if.then76.i, i16 %data_buf_V_35, void %if.then37.i, i16 %data_buf_V_11, void %if.then.i"   --->   Operation 139 'phi' 'data_buf_V_131' <Predicate = true> <Delay = 0.00>
ST_2 : Operation 140 [1/1] (0.00ns)   --->   "%data_buf_V_130 = phi i16 %data_buf_V_22, void %if.then310.i, i16 %data_buf_V_106, void %if.then271.i, i16 %data_buf_V_94, void %if.then232.i, i16 %data_buf_V_82, void %if.then193.i, i16 %data_buf_V_70, void %if.then154.i, i16 %data_buf_V_58, void %if.then115.i, i16 %data_buf_V_46, void %if.then76.i, i16 %data_buf_V_34, void %if.then37.i, i16 %data_buf_V_10, void %if.then.i"   --->   Operation 140 'phi' 'data_buf_V_130' <Predicate = true> <Delay = 0.00>
ST_2 : Operation 141 [1/1] (0.00ns)   --->   "%data_buf_V_129 = phi i16 %data_buf_V_21, void %if.then310.i, i16 %data_buf_V_105, void %if.then271.i, i16 %data_buf_V_93, void %if.then232.i, i16 %data_buf_V_81, void %if.then193.i, i16 %data_buf_V_69, void %if.then154.i, i16 %data_buf_V_57, void %if.then115.i, i16 %data_buf_V_45, void %if.then76.i, i16 %data_buf_V_33, void %if.then37.i, i16 %data_buf_V_9, void %if.then.i"   --->   Operation 141 'phi' 'data_buf_V_129' <Predicate = true> <Delay = 0.00>
ST_2 : Operation 142 [1/1] (0.00ns)   --->   "%data_buf_V_128 = phi i16 %data_buf_V_20, void %if.then310.i, i16 %data_buf_V_104, void %if.then271.i, i16 %data_buf_V_92, void %if.then232.i, i16 %data_buf_V_80, void %if.then193.i, i16 %data_buf_V_68, void %if.then154.i, i16 %data_buf_V_56, void %if.then115.i, i16 %data_buf_V_44, void %if.then76.i, i16 %data_buf_V_32, void %if.then37.i, i16 %data_buf_V_8, void %if.then.i"   --->   Operation 142 'phi' 'data_buf_V_128' <Predicate = true> <Delay = 0.00>
ST_2 : Operation 143 [1/1] (0.00ns)   --->   "%data_buf_V_127 = phi i16 %data_buf_V_19, void %if.then310.i, i16 %data_buf_V_103, void %if.then271.i, i16 %data_buf_V_91, void %if.then232.i, i16 %data_buf_V_79, void %if.then193.i, i16 %data_buf_V_67, void %if.then154.i, i16 %data_buf_V_55, void %if.then115.i, i16 %data_buf_V_43, void %if.then76.i, i16 %data_buf_V_31, void %if.then37.i, i16 %data_buf_V_7, void %if.then.i"   --->   Operation 143 'phi' 'data_buf_V_127' <Predicate = true> <Delay = 0.00>
ST_2 : Operation 144 [1/1] (0.00ns)   --->   "%data_buf_V_126 = phi i16 %data_buf_V_18, void %if.then310.i, i16 %data_buf_V_102, void %if.then271.i, i16 %data_buf_V_90, void %if.then232.i, i16 %data_buf_V_78, void %if.then193.i, i16 %data_buf_V_66, void %if.then154.i, i16 %data_buf_V_54, void %if.then115.i, i16 %data_buf_V_42, void %if.then76.i, i16 %data_buf_V_30, void %if.then37.i, i16 %data_buf_V_6, void %if.then.i"   --->   Operation 144 'phi' 'data_buf_V_126' <Predicate = true> <Delay = 0.00>
ST_2 : Operation 145 [1/1] (0.00ns)   --->   "%data_buf_V_125 = phi i16 %data_buf_V_17, void %if.then310.i, i16 %data_buf_V_101, void %if.then271.i, i16 %data_buf_V_89, void %if.then232.i, i16 %data_buf_V_77, void %if.then193.i, i16 %data_buf_V_65, void %if.then154.i, i16 %data_buf_V_53, void %if.then115.i, i16 %data_buf_V_41, void %if.then76.i, i16 %data_buf_V_29, void %if.then37.i, i16 %data_buf_V_5, void %if.then.i"   --->   Operation 145 'phi' 'data_buf_V_125' <Predicate = true> <Delay = 0.00>
ST_2 : Operation 146 [1/1] (0.00ns)   --->   "%data_buf_V_124 = phi i16 %data_buf_V_16, void %if.then310.i, i16 %data_buf_V_100, void %if.then271.i, i16 %data_buf_V_88, void %if.then232.i, i16 %data_buf_V_76, void %if.then193.i, i16 %data_buf_V_64, void %if.then154.i, i16 %data_buf_V_52, void %if.then115.i, i16 %data_buf_V_40, void %if.then76.i, i16 %data_buf_V_28, void %if.then37.i, i16 %data_buf_V_4, void %if.then.i"   --->   Operation 146 'phi' 'data_buf_V_124' <Predicate = true> <Delay = 0.00>
ST_2 : Operation 147 [1/1] (0.00ns)   --->   "%data_buf_V_123 = phi i16 %data_buf_V_15, void %if.then310.i, i16 %data_buf_V_99, void %if.then271.i, i16 %data_buf_V_87, void %if.then232.i, i16 %data_buf_V_75, void %if.then193.i, i16 %data_buf_V_63, void %if.then154.i, i16 %data_buf_V_51, void %if.then115.i, i16 %data_buf_V_39, void %if.then76.i, i16 %data_buf_V_27, void %if.then37.i, i16 %data_buf_V_3, void %if.then.i"   --->   Operation 147 'phi' 'data_buf_V_123' <Predicate = true> <Delay = 0.00>
ST_2 : Operation 148 [1/1] (0.00ns)   --->   "%data_buf_V_122 = phi i16 %data_buf_V_14, void %if.then310.i, i16 %data_buf_V_98, void %if.then271.i, i16 %data_buf_V_86, void %if.then232.i, i16 %data_buf_V_74, void %if.then193.i, i16 %data_buf_V_62, void %if.then154.i, i16 %data_buf_V_50, void %if.then115.i, i16 %data_buf_V_38, void %if.then76.i, i16 %data_buf_V_26, void %if.then37.i, i16 %data_buf_V_2, void %if.then.i"   --->   Operation 148 'phi' 'data_buf_V_122' <Predicate = true> <Delay = 0.00>
ST_2 : Operation 149 [1/1] (0.00ns)   --->   "%data_buf_V_121 = phi i16 %data_buf_V_13, void %if.then310.i, i16 %data_buf_V_97, void %if.then271.i, i16 %data_buf_V_85, void %if.then232.i, i16 %data_buf_V_73, void %if.then193.i, i16 %data_buf_V_61, void %if.then154.i, i16 %data_buf_V_49, void %if.then115.i, i16 %data_buf_V_37, void %if.then76.i, i16 %data_buf_V_25, void %if.then37.i, i16 %data_buf_V_1, void %if.then.i"   --->   Operation 149 'phi' 'data_buf_V_121' <Predicate = true> <Delay = 0.00>
ST_2 : Operation 150 [1/1] (0.00ns)   --->   "%data_buf_V_120 = phi i16 %data_buf_V_12, void %if.then310.i, i16 %data_buf_V_96, void %if.then271.i, i16 %data_buf_V_84, void %if.then232.i, i16 %data_buf_V_72, void %if.then193.i, i16 %data_buf_V_60, void %if.then154.i, i16 %data_buf_V_48, void %if.then115.i, i16 %data_buf_V_36, void %if.then76.i, i16 %data_buf_V_24, void %if.then37.i, i16 %data_buf_V, void %if.then.i"   --->   Operation 150 'phi' 'data_buf_V_120' <Predicate = true> <Delay = 0.00>
ST_2 : Operation 151 [1/1] (0.00ns)   --->   "%trunc_ln818_s = partselect i15 @_ssdm_op_PartSelect.i15.i16.i32.i32, i16 %data_buf_V_121, i32 1, i32 15"   --->   Operation 151 'partselect' 'trunc_ln818_s' <Predicate = true> <Delay = 0.00>
ST_2 : Operation 152 [1/1] (0.00ns)   --->   "%sext_ln818 = sext i15 %trunc_ln818_s"   --->   Operation 152 'sext' 'sext_ln818' <Predicate = true> <Delay = 0.00>
ST_2 : Operation 153 [1/1] (0.00ns)   --->   "%sext_ln70_1 = sext i16 %data_buf_V_122" [/home/ayvol/accelerator_wrapper/src/nnet_utils/nnet_mult.h:70]   --->   Operation 153 'sext' 'sext_ln70_1' <Predicate = true> <Delay = 0.00>
ST_2 : Operation 154 [1/1] (1.94ns)   --->   "%r_V_23 = mul i21 %sext_ln70_1, i21 2097139"   --->   Operation 154 'mul' 'r_V_23' <Predicate = true> <Delay = 1.94> <CoreInst = "Multiplier">   --->   Core 3 'Multiplier' <Latency = 0> <II = 1> <Delay = 1.94> <FuncUnit> <Opcode : 'mul'> <InPorts = 2> <OutPorts = 1>
ST_2 : Operation 155 [1/1] (0.00ns)   --->   "%trunc_ln818_24 = partselect i16 @_ssdm_op_PartSelect.i16.i21.i32.i32, i21 %r_V_23, i32 5, i32 20"   --->   Operation 155 'partselect' 'trunc_ln818_24' <Predicate = true> <Delay = 0.00>
ST_2 : Operation 156 [1/1] (0.00ns)   --->   "%trunc_ln818_25 = partselect i14 @_ssdm_op_PartSelect.i14.i16.i32.i32, i16 %data_buf_V_123, i32 2, i32 15"   --->   Operation 156 'partselect' 'trunc_ln818_25' <Predicate = true> <Delay = 0.00>
ST_2 : Operation 157 [1/1] (0.00ns)   --->   "%sext_ln818_1 = sext i14 %trunc_ln818_25"   --->   Operation 157 'sext' 'sext_ln818_1' <Predicate = true> <Delay = 0.00>
ST_2 : Operation 158 [1/1] (0.00ns)   --->   "%trunc_ln818_26 = partselect i15 @_ssdm_op_PartSelect.i15.i16.i32.i32, i16 %data_buf_V_124, i32 1, i32 15"   --->   Operation 158 'partselect' 'trunc_ln818_26' <Predicate = true> <Delay = 0.00>
ST_2 : Operation 159 [1/1] (0.00ns)   --->   "%sext_ln818_2 = sext i15 %trunc_ln818_26"   --->   Operation 159 'sext' 'sext_ln818_2' <Predicate = true> <Delay = 0.00>
ST_2 : Operation 160 [1/1] (0.00ns)   --->   "%trunc_ln818_27 = partselect i13 @_ssdm_op_PartSelect.i13.i16.i32.i32, i16 %data_buf_V_125, i32 3, i32 15"   --->   Operation 160 'partselect' 'trunc_ln818_27' <Predicate = true> <Delay = 0.00>
ST_2 : Operation 161 [1/1] (0.00ns)   --->   "%sext_ln70_7 = sext i13 %trunc_ln818_27" [/home/ayvol/accelerator_wrapper/src/nnet_utils/nnet_mult.h:70]   --->   Operation 161 'sext' 'sext_ln70_7' <Predicate = true> <Delay = 0.00>
ST_2 : Operation 162 [1/1] (0.00ns)   --->   "%sext_ln70_2 = sext i16 %data_buf_V_126" [/home/ayvol/accelerator_wrapper/src/nnet_utils/nnet_mult.h:70]   --->   Operation 162 'sext' 'sext_ln70_2' <Predicate = true> <Delay = 0.00>
ST_2 : Operation 163 [1/1] (0.00ns)   --->   "%shl_ln1273_4 = bitconcatenate i19 @_ssdm_op_BitConcatenate.i19.i16.i3, i16 %data_buf_V_126, i3 0"   --->   Operation 163 'bitconcatenate' 'shl_ln1273_4' <Predicate = true> <Delay = 0.00>
ST_2 : Operation 164 [1/1] (0.00ns)   --->   "%sext_ln1273_1 = sext i19 %shl_ln1273_4"   --->   Operation 164 'sext' 'sext_ln1273_1' <Predicate = true> <Delay = 0.00>
ST_2 : Operation 165 [1/1] (0.80ns)   --->   "%r_V_25 = sub i20 %sext_ln70_2, i20 %sext_ln1273_1"   --->   Operation 165 'sub' 'r_V_25' <Predicate = true> <Delay = 0.80> <CoreInst = "Adder">   --->   Core 1 'Adder' <Latency = 0> <II = 1> <Delay = 0.80> <FuncUnit> <Opcode : 'add' 'sub'> <InPorts = 2> <OutPorts = 1>
ST_2 : Operation 166 [1/1] (0.00ns)   --->   "%trunc_ln818_28 = partselect i15 @_ssdm_op_PartSelect.i15.i20.i32.i32, i20 %r_V_25, i32 5, i32 19"   --->   Operation 166 'partselect' 'trunc_ln818_28' <Predicate = true> <Delay = 0.00>
ST_2 : Operation 167 [1/1] (0.00ns)   --->   "%sext_ln70_3 = sext i16 %data_buf_V_127" [/home/ayvol/accelerator_wrapper/src/nnet_utils/nnet_mult.h:70]   --->   Operation 167 'sext' 'sext_ln70_3' <Predicate = true> <Delay = 0.00>
ST_2 : Operation 168 [1/1] (0.00ns)   --->   "%shl_ln1273_1 = bitconcatenate i19 @_ssdm_op_BitConcatenate.i19.i16.i3, i16 %data_buf_V_127, i3 0"   --->   Operation 168 'bitconcatenate' 'shl_ln1273_1' <Predicate = true> <Delay = 0.00>
ST_2 : Operation 169 [1/1] (0.00ns)   --->   "%sext_ln1273_2 = sext i19 %shl_ln1273_1"   --->   Operation 169 'sext' 'sext_ln1273_2' <Predicate = true> <Delay = 0.00>
ST_2 : Operation 170 [1/1] (0.80ns)   --->   "%r_V_27 = add i20 %sext_ln1273_2, i20 %sext_ln70_3"   --->   Operation 170 'add' 'r_V_27' <Predicate = true> <Delay = 0.80> <CoreInst = "Adder">   --->   Core 1 'Adder' <Latency = 0> <II = 1> <Delay = 0.80> <FuncUnit> <Opcode : 'add' 'sub'> <InPorts = 2> <OutPorts = 1>
ST_2 : Operation 171 [1/1] (0.00ns)   --->   "%trunc_ln818_29 = partselect i15 @_ssdm_op_PartSelect.i15.i20.i32.i32, i20 %r_V_27, i32 5, i32 19"   --->   Operation 171 'partselect' 'trunc_ln818_29' <Predicate = true> <Delay = 0.00>
ST_2 : Operation 172 [1/1] (0.00ns)   --->   "%sext_ln818_6 = sext i15 %trunc_ln818_29"   --->   Operation 172 'sext' 'sext_ln818_6' <Predicate = true> <Delay = 0.00>
ST_2 : Operation 173 [1/1] (0.00ns)   --->   "%sext_ln70_4 = sext i16 %data_buf_V_128" [/home/ayvol/accelerator_wrapper/src/nnet_utils/nnet_mult.h:70]   --->   Operation 173 'sext' 'sext_ln70_4' <Predicate = true> <Delay = 0.00>
ST_2 : Operation 174 [1/1] (0.00ns)   --->   "%shl_ln1273_2 = bitconcatenate i18 @_ssdm_op_BitConcatenate.i18.i16.i2, i16 %data_buf_V_128, i2 0"   --->   Operation 174 'bitconcatenate' 'shl_ln1273_2' <Predicate = true> <Delay = 0.00>
ST_2 : Operation 175 [1/1] (0.00ns)   --->   "%sext_ln1273_3 = sext i18 %shl_ln1273_2"   --->   Operation 175 'sext' 'sext_ln1273_3' <Predicate = true> <Delay = 0.00>
ST_2 : Operation 176 [1/1] (0.79ns)   --->   "%r_V_29 = add i19 %sext_ln1273_3, i19 %sext_ln70_4"   --->   Operation 176 'add' 'r_V_29' <Predicate = true> <Delay = 0.79> <CoreInst = "Adder">   --->   Core 1 'Adder' <Latency = 0> <II = 1> <Delay = 0.79> <FuncUnit> <Opcode : 'add' 'sub'> <InPorts = 2> <OutPorts = 1>
ST_2 : Operation 177 [1/1] (0.00ns)   --->   "%trunc_ln818_30 = partselect i14 @_ssdm_op_PartSelect.i14.i19.i32.i32, i19 %r_V_29, i32 5, i32 18"   --->   Operation 177 'partselect' 'trunc_ln818_30' <Predicate = true> <Delay = 0.00>
ST_2 : Operation 178 [1/1] (0.00ns)   --->   "%sext_ln818_7 = sext i14 %trunc_ln818_30"   --->   Operation 178 'sext' 'sext_ln818_7' <Predicate = true> <Delay = 0.00>
ST_2 : Operation 179 [1/1] (0.00ns)   --->   "%sext_ln70_5 = sext i16 %data_buf_V_129" [/home/ayvol/accelerator_wrapper/src/nnet_utils/nnet_mult.h:70]   --->   Operation 179 'sext' 'sext_ln70_5' <Predicate = true> <Delay = 0.00>
ST_2 : Operation 180 [1/1] (0.00ns)   --->   "%shl_ln1273_3 = bitconcatenate i19 @_ssdm_op_BitConcatenate.i19.i16.i3, i16 %data_buf_V_129, i3 0"   --->   Operation 180 'bitconcatenate' 'shl_ln1273_3' <Predicate = true> <Delay = 0.00>
ST_2 : Operation 181 [1/1] (0.00ns)   --->   "%sext_ln1273_4 = sext i19 %shl_ln1273_3"   --->   Operation 181 'sext' 'sext_ln1273_4' <Predicate = true> <Delay = 0.00>
ST_2 : Operation 182 [1/1] (0.80ns)   --->   "%r_V_31 = add i20 %sext_ln1273_4, i20 %sext_ln70_5"   --->   Operation 182 'add' 'r_V_31' <Predicate = true> <Delay = 0.80> <CoreInst = "Adder">   --->   Core 1 'Adder' <Latency = 0> <II = 1> <Delay = 0.80> <FuncUnit> <Opcode : 'add' 'sub'> <InPorts = 2> <OutPorts = 1>
ST_2 : Operation 183 [1/1] (0.00ns)   --->   "%trunc_ln818_31 = partselect i15 @_ssdm_op_PartSelect.i15.i20.i32.i32, i20 %r_V_31, i32 5, i32 19"   --->   Operation 183 'partselect' 'trunc_ln818_31' <Predicate = true> <Delay = 0.00>
ST_2 : Operation 184 [1/1] (0.00ns)   --->   "%sext_ln818_8 = sext i15 %trunc_ln818_31"   --->   Operation 184 'sext' 'sext_ln818_8' <Predicate = true> <Delay = 0.00>
ST_2 : Operation 185 [1/1] (0.00ns)   --->   "%sext_ln70_6 = sext i16 %data_buf_V_130" [/home/ayvol/accelerator_wrapper/src/nnet_utils/nnet_mult.h:70]   --->   Operation 185 'sext' 'sext_ln70_6' <Predicate = true> <Delay = 0.00>
ST_2 : Operation 186 [1/1] (1.94ns)   --->   "%r_V_33 = mul i21 %sext_ln70_6, i21 13"   --->   Operation 186 'mul' 'r_V_33' <Predicate = true> <Delay = 1.94> <CoreInst = "Multiplier">   --->   Core 3 'Multiplier' <Latency = 0> <II = 1> <Delay = 1.94> <FuncUnit> <Opcode : 'mul'> <InPorts = 2> <OutPorts = 1>
ST_2 : Operation 187 [1/1] (0.00ns)   --->   "%trunc_ln818_32 = partselect i16 @_ssdm_op_PartSelect.i16.i21.i32.i32, i21 %r_V_33, i32 5, i32 20"   --->   Operation 187 'partselect' 'trunc_ln818_32' <Predicate = true> <Delay = 0.00>
ST_2 : Operation 188 [1/1] (0.00ns)   --->   "%trunc_ln818_33 = partselect i13 @_ssdm_op_PartSelect.i13.i16.i32.i32, i16 %data_buf_V_131, i32 3, i32 15"   --->   Operation 188 'partselect' 'trunc_ln818_33' <Predicate = true> <Delay = 0.00>
ST_2 : Operation 189 [1/1] (0.00ns)   --->   "%sext_ln813 = sext i13 %trunc_ln818_33"   --->   Operation 189 'sext' 'sext_ln813' <Predicate = true> <Delay = 0.00>
ST_2 : Operation 190 [1/1] (0.75ns)   --->   "%add_ln813 = add i14 %sext_ln813, i14 32"   --->   Operation 190 'add' 'add_ln813' <Predicate = true> <Delay = 0.75> <CoreInst = "Adder">   --->   Core 1 'Adder' <Latency = 0> <II = 1> <Delay = 0.75> <FuncUnit> <Opcode : 'add' 'sub'> <InPorts = 2> <OutPorts = 1>
ST_2 : Operation 191 [1/1] (0.00ns)   --->   "%sext_ln813_15 = sext i14 %add_ln813"   --->   Operation 191 'sext' 'sext_ln813_15' <Predicate = true> <Delay = 0.00>
ST_2 : Operation 192 [1/1] (0.00ns) (grouped into TernaryAdder)   --->   "%add_ln813_27 = add i16 %sext_ln818, i16 %sext_ln818_8"   --->   Operation 192 'add' 'add_ln813_27' <Predicate = true> <Delay = 0.00> <CoreInst = "TAddSub">   --->   Core 10 'TAddSub' <Latency = 0> <II = 1> <Delay = 0.33> <IPBlock> <Opcode : 'add' 'sub'> <InPorts = 3> <OutPorts = 1> <Sync> <CReg>
ST_2 : Operation 193 [1/1] (0.67ns) (root node of TernaryAdder)   --->   "%add_ln813_28 = add i16 %add_ln813_27, i16 %sext_ln818_2"   --->   Operation 193 'add' 'add_ln813_28' <Predicate = true> <Delay = 0.67> <CoreInst = "TAddSub">   --->   Core 10 'TAddSub' <Latency = 0> <II = 1> <Delay = 0.33> <IPBlock> <Opcode : 'add' 'sub'> <InPorts = 3> <OutPorts = 1> <Sync> <CReg>
ST_2 : Operation 194 [1/1] (0.77ns)   --->   "%add_ln813_30 = add i16 %sext_ln818_6, i16 %sext_ln818_1"   --->   Operation 194 'add' 'add_ln813_30' <Predicate = true> <Delay = 0.77> <CoreInst = "Adder">   --->   Core 1 'Adder' <Latency = 0> <II = 1> <Delay = 0.77> <FuncUnit> <Opcode : 'add' 'sub'> <InPorts = 2> <OutPorts = 1>
ST_2 : Operation 195 [1/1] (0.76ns)   --->   "%add_ln813_32 = add i15 %sext_ln813_15, i15 %sext_ln70_7"   --->   Operation 195 'add' 'add_ln813_32' <Predicate = true> <Delay = 0.76> <CoreInst = "Adder">   --->   Core 1 'Adder' <Latency = 0> <II = 1> <Delay = 0.76> <FuncUnit> <Opcode : 'add' 'sub'> <InPorts = 2> <OutPorts = 1>
ST_2 : Operation 196 [1/1] (0.00ns)   --->   "%sext_ln813_16 = sext i15 %add_ln813_32"   --->   Operation 196 'sext' 'sext_ln813_16' <Predicate = true> <Delay = 0.00>
ST_2 : Operation 197 [1/1] (0.77ns)   --->   "%add_ln813_33 = add i16 %sext_ln813_16, i16 %sext_ln818_7"   --->   Operation 197 'add' 'add_ln813_33' <Predicate = true> <Delay = 0.77> <CoreInst = "Adder">   --->   Core 1 'Adder' <Latency = 0> <II = 1> <Delay = 0.77> <FuncUnit> <Opcode : 'add' 'sub'> <InPorts = 2> <OutPorts = 1>
ST_2 : Operation 198 [1/1] (0.34ns)   --->   "%switch_ln82 = switch i4 %i_part1, void %arrayidx961.case.8, i4 0, void %arrayidx961.case.0, i4 1, void %arrayidx961.case.1, i4 2, void %arrayidx961.case.2, i4 3, void %arrayidx961.case.3, i4 4, void %arrayidx961.case.4, i4 5, void %arrayidx961.case.5, i4 6, void %arrayidx961.case.6, i4 7, void %arrayidx961.case.7" [/home/ayvol/accelerator_wrapper/src/nnet_utils/nnet_conv2d_latency.h:82]   --->   Operation 198 'switch' 'switch_ln82' <Predicate = true> <Delay = 0.34>

State 3 <SV = 2> <Delay = 2.15>
ST_3 : Operation 199 [1/1] (0.00ns)   --->   "%sext_ln70 = sext i16 %data_buf_V_120" [/home/ayvol/accelerator_wrapper/src/nnet_utils/nnet_mult.h:70]   --->   Operation 199 'sext' 'sext_ln70' <Predicate = true> <Delay = 0.00>
ST_3 : Operation 200 [1/1] (0.00ns)   --->   "%shl_ln = bitconcatenate i20 @_ssdm_op_BitConcatenate.i20.i16.i4, i16 %data_buf_V_120, i4 0"   --->   Operation 200 'bitconcatenate' 'shl_ln' <Predicate = true> <Delay = 0.00>
ST_3 : Operation 201 [1/1] (0.00ns)   --->   "%sext_ln1273 = sext i20 %shl_ln"   --->   Operation 201 'sext' 'sext_ln1273' <Predicate = true> <Delay = 0.00>
ST_3 : Operation 202 [1/1] (0.80ns)   --->   "%r_V_21 = sub i21 %sext_ln1273, i21 %sext_ln70"   --->   Operation 202 'sub' 'r_V_21' <Predicate = true> <Delay = 0.80> <CoreInst = "Adder">   --->   Core 1 'Adder' <Latency = 0> <II = 1> <Delay = 0.80> <FuncUnit> <Opcode : 'add' 'sub'> <InPorts = 2> <OutPorts = 1>
ST_3 : Operation 203 [1/1] (0.00ns)   --->   "%trunc_ln = partselect i16 @_ssdm_op_PartSelect.i16.i21.i32.i32, i21 %r_V_21, i32 5, i32 20"   --->   Operation 203 'partselect' 'trunc_ln' <Predicate = true> <Delay = 0.00>
ST_3 : Operation 204 [1/1] (0.00ns)   --->   "%sext_ln818_5 = sext i15 %trunc_ln818_28"   --->   Operation 204 'sext' 'sext_ln818_5' <Predicate = true> <Delay = 0.00>
ST_3 : Operation 205 [1/1] (0.00ns) (grouped into TernaryAdder)   --->   "%add_ln813_25 = add i16 %trunc_ln818_24, i16 %trunc_ln"   --->   Operation 205 'add' 'add_ln813_25' <Predicate = true> <Delay = 0.00> <CoreInst = "TAddSub">   --->   Core 10 'TAddSub' <Latency = 0> <II = 1> <Delay = 0.33> <IPBlock> <Opcode : 'add' 'sub'> <InPorts = 3> <OutPorts = 1> <Sync> <CReg>
ST_3 : Operation 206 [1/1] (0.67ns) (root node of TernaryAdder)   --->   "%add_ln813_26 = add i16 %add_ln813_25, i16 %trunc_ln818_32"   --->   Operation 206 'add' 'add_ln813_26' <Predicate = true> <Delay = 0.67> <CoreInst = "TAddSub">   --->   Core 10 'TAddSub' <Latency = 0> <II = 1> <Delay = 0.33> <IPBlock> <Opcode : 'add' 'sub'> <InPorts = 3> <OutPorts = 1> <Sync> <CReg>
ST_3 : Operation 207 [1/1] (0.00ns) (grouped into TernaryAdder)   --->   "%add_ln813_29 = add i16 %add_ln813_28, i16 %add_ln813_26"   --->   Operation 207 'add' 'add_ln813_29' <Predicate = true> <Delay = 0.00> <CoreInst = "TAddSub">   --->   Core 10 'TAddSub' <Latency = 0> <II = 1> <Delay = 0.33> <IPBlock> <Opcode : 'add' 'sub'> <InPorts = 3> <OutPorts = 1> <Sync> <CReg>
ST_3 : Operation 208 [1/1] (0.00ns) (grouped into TernaryAdder)   --->   "%add_ln813_31 = add i16 %add_ln813_30, i16 %sext_ln818_5"   --->   Operation 208 'add' 'add_ln813_31' <Predicate = true> <Delay = 0.00> <CoreInst = "TAddSub">   --->   Core 10 'TAddSub' <Latency = 0> <II = 1> <Delay = 0.33> <IPBlock> <Opcode : 'add' 'sub'> <InPorts = 3> <OutPorts = 1> <Sync> <CReg>
ST_3 : Operation 209 [1/1] (0.67ns) (root node of TernaryAdder)   --->   "%add_ln813_34 = add i16 %add_ln813_33, i16 %add_ln813_31"   --->   Operation 209 'add' 'add_ln813_34' <Predicate = true> <Delay = 0.67> <CoreInst = "TAddSub">   --->   Core 10 'TAddSub' <Latency = 0> <II = 1> <Delay = 0.33> <IPBlock> <Opcode : 'add' 'sub'> <InPorts = 3> <OutPorts = 1> <Sync> <CReg>
ST_3 : Operation 210 [1/1] (0.67ns) (root node of TernaryAdder)   --->   "%add_ln813_35 = add i16 %add_ln813_34, i16 %add_ln813_29"   --->   Operation 210 'add' 'add_ln813_35' <Predicate = true> <Delay = 0.67> <CoreInst = "TAddSub">   --->   Core 10 'TAddSub' <Latency = 0> <II = 1> <Delay = 0.33> <IPBlock> <Opcode : 'add' 'sub'> <InPorts = 3> <OutPorts = 1> <Sync> <CReg>
ST_3 : Operation 211 [1/1] (0.00ns)   --->   "%write_ln82 = write void @_ssdm_op_Write.ap_auto.i16P0A, i16 %res_7, i16 %add_ln813_35" [/home/ayvol/accelerator_wrapper/src/nnet_utils/nnet_conv2d_latency.h:82]   --->   Operation 211 'write' 'write_ln82' <Predicate = (i_part1 == 7)> <Delay = 0.00>
ST_3 : Operation 212 [1/1] (0.00ns)   --->   "%br_ln82 = br void %arrayidx961.exit" [/home/ayvol/accelerator_wrapper/src/nnet_utils/nnet_conv2d_latency.h:82]   --->   Operation 212 'br' 'br_ln82' <Predicate = (i_part1 == 7)> <Delay = 0.00>
ST_3 : Operation 213 [1/1] (0.00ns)   --->   "%write_ln82 = write void @_ssdm_op_Write.ap_auto.i16P0A, i16 %res_6, i16 %add_ln813_35" [/home/ayvol/accelerator_wrapper/src/nnet_utils/nnet_conv2d_latency.h:82]   --->   Operation 213 'write' 'write_ln82' <Predicate = (i_part1 == 6)> <Delay = 0.00>
ST_3 : Operation 214 [1/1] (0.00ns)   --->   "%br_ln82 = br void %arrayidx961.exit" [/home/ayvol/accelerator_wrapper/src/nnet_utils/nnet_conv2d_latency.h:82]   --->   Operation 214 'br' 'br_ln82' <Predicate = (i_part1 == 6)> <Delay = 0.00>
ST_3 : Operation 215 [1/1] (0.00ns)   --->   "%write_ln82 = write void @_ssdm_op_Write.ap_auto.i16P0A, i16 %res_5, i16 %add_ln813_35" [/home/ayvol/accelerator_wrapper/src/nnet_utils/nnet_conv2d_latency.h:82]   --->   Operation 215 'write' 'write_ln82' <Predicate = (i_part1 == 5)> <Delay = 0.00>
ST_3 : Operation 216 [1/1] (0.00ns)   --->   "%br_ln82 = br void %arrayidx961.exit" [/home/ayvol/accelerator_wrapper/src/nnet_utils/nnet_conv2d_latency.h:82]   --->   Operation 216 'br' 'br_ln82' <Predicate = (i_part1 == 5)> <Delay = 0.00>
ST_3 : Operation 217 [1/1] (0.00ns)   --->   "%write_ln82 = write void @_ssdm_op_Write.ap_auto.i16P0A, i16 %res_4, i16 %add_ln813_35" [/home/ayvol/accelerator_wrapper/src/nnet_utils/nnet_conv2d_latency.h:82]   --->   Operation 217 'write' 'write_ln82' <Predicate = (i_part1 == 4)> <Delay = 0.00>
ST_3 : Operation 218 [1/1] (0.00ns)   --->   "%br_ln82 = br void %arrayidx961.exit" [/home/ayvol/accelerator_wrapper/src/nnet_utils/nnet_conv2d_latency.h:82]   --->   Operation 218 'br' 'br_ln82' <Predicate = (i_part1 == 4)> <Delay = 0.00>
ST_3 : Operation 219 [1/1] (0.00ns)   --->   "%write_ln82 = write void @_ssdm_op_Write.ap_auto.i16P0A, i16 %res_3, i16 %add_ln813_35" [/home/ayvol/accelerator_wrapper/src/nnet_utils/nnet_conv2d_latency.h:82]   --->   Operation 219 'write' 'write_ln82' <Predicate = (i_part1 == 3)> <Delay = 0.00>
ST_3 : Operation 220 [1/1] (0.00ns)   --->   "%br_ln82 = br void %arrayidx961.exit" [/home/ayvol/accelerator_wrapper/src/nnet_utils/nnet_conv2d_latency.h:82]   --->   Operation 220 'br' 'br_ln82' <Predicate = (i_part1 == 3)> <Delay = 0.00>
ST_3 : Operation 221 [1/1] (0.00ns)   --->   "%write_ln82 = write void @_ssdm_op_Write.ap_auto.i16P0A, i16 %res_2, i16 %add_ln813_35" [/home/ayvol/accelerator_wrapper/src/nnet_utils/nnet_conv2d_latency.h:82]   --->   Operation 221 'write' 'write_ln82' <Predicate = (i_part1 == 2)> <Delay = 0.00>
ST_3 : Operation 222 [1/1] (0.00ns)   --->   "%br_ln82 = br void %arrayidx961.exit" [/home/ayvol/accelerator_wrapper/src/nnet_utils/nnet_conv2d_latency.h:82]   --->   Operation 222 'br' 'br_ln82' <Predicate = (i_part1 == 2)> <Delay = 0.00>
ST_3 : Operation 223 [1/1] (0.00ns)   --->   "%write_ln82 = write void @_ssdm_op_Write.ap_auto.i16P0A, i16 %res_1, i16 %add_ln813_35" [/home/ayvol/accelerator_wrapper/src/nnet_utils/nnet_conv2d_latency.h:82]   --->   Operation 223 'write' 'write_ln82' <Predicate = (i_part1 == 1)> <Delay = 0.00>
ST_3 : Operation 224 [1/1] (0.00ns)   --->   "%br_ln82 = br void %arrayidx961.exit" [/home/ayvol/accelerator_wrapper/src/nnet_utils/nnet_conv2d_latency.h:82]   --->   Operation 224 'br' 'br_ln82' <Predicate = (i_part1 == 1)> <Delay = 0.00>
ST_3 : Operation 225 [1/1] (0.00ns)   --->   "%write_ln82 = write void @_ssdm_op_Write.ap_auto.i16P0A, i16 %res_0, i16 %add_ln813_35" [/home/ayvol/accelerator_wrapper/src/nnet_utils/nnet_conv2d_latency.h:82]   --->   Operation 225 'write' 'write_ln82' <Predicate = (i_part1 == 0)> <Delay = 0.00>
ST_3 : Operation 226 [1/1] (0.00ns)   --->   "%br_ln82 = br void %arrayidx961.exit" [/home/ayvol/accelerator_wrapper/src/nnet_utils/nnet_conv2d_latency.h:82]   --->   Operation 226 'br' 'br_ln82' <Predicate = (i_part1 == 0)> <Delay = 0.00>
ST_3 : Operation 227 [1/1] (0.00ns)   --->   "%write_ln82 = write void @_ssdm_op_Write.ap_auto.i16P0A, i16 %res_8, i16 %add_ln813_35" [/home/ayvol/accelerator_wrapper/src/nnet_utils/nnet_conv2d_latency.h:82]   --->   Operation 227 'write' 'write_ln82' <Predicate = (i_part1 != 1 & i_part1 != 2 & i_part1 != 3 & i_part1 != 4 & i_part1 != 5 & i_part1 != 6 & i_part1 != 7 & i_part1 != 0)> <Delay = 0.00>
ST_3 : Operation 228 [1/1] (0.00ns)   --->   "%br_ln82 = br void %arrayidx961.exit" [/home/ayvol/accelerator_wrapper/src/nnet_utils/nnet_conv2d_latency.h:82]   --->   Operation 228 'br' 'br_ln82' <Predicate = (i_part1 != 1 & i_part1 != 2 & i_part1 != 3 & i_part1 != 4 & i_part1 != 5 & i_part1 != 6 & i_part1 != 7 & i_part1 != 0)> <Delay = 0.00>
ST_3 : Operation 229 [1/1] (0.00ns)   --->   "%return_ln87 = return void @_ssdm_op_Return" [/home/ayvol/accelerator_wrapper/src/nnet_utils/nnet_conv2d_latency.h:87]   --->   Operation 229 'return' 'return_ln87' <Predicate = (icmp_ln35)> <Delay = 0.00>


============================================================
+ Verbose Summary: Timing violations
============================================================
Target clock period: 3.33ns, clock uncertainty: 0.9ns.

 <State 1>: 1.09ns
The critical path consists of the following:
	multiplexor before 'phi' operation ('partition') with incoming values : ('i_part', /home/ayvol/accelerator_wrapper/src/nnet_utils/nnet_conv2d_latency.h:35) [15]  (0.387 ns)
	'phi' operation ('partition') with incoming values : ('i_part', /home/ayvol/accelerator_wrapper/src/nnet_utils/nnet_conv2d_latency.h:35) [15]  (0 ns)
	'add' operation ('i_part', /home/ayvol/accelerator_wrapper/src/nnet_utils/nnet_conv2d_latency.h:35) [26]  (0.708 ns)

 <State 2>: 2.29ns
The critical path consists of the following:
	'phi' operation ('data_buf.V') with incoming values : ('data_buf.V', /home/ayvol/accelerator_wrapper/src/nnet_utils/nnet_code_gen.h:66) ('data_buf.V', /home/ayvol/accelerator_wrapper/src/nnet_utils/nnet_code_gen.h:62) ('data_buf.V', /home/ayvol/accelerator_wrapper/src/nnet_utils/nnet_code_gen.h:58) ('data_buf.V', /home/ayvol/accelerator_wrapper/src/nnet_utils/nnet_code_gen.h:54) ('data_buf.V', /home/ayvol/accelerator_wrapper/src/nnet_utils/nnet_code_gen.h:50) ('data_buf.V', /home/ayvol/accelerator_wrapper/src/nnet_utils/nnet_code_gen.h:46) ('data_buf.V', /home/ayvol/accelerator_wrapper/src/nnet_utils/nnet_code_gen.h:42) ('data_buf.V', /home/ayvol/accelerator_wrapper/src/nnet_utils/nnet_code_gen.h:70) ('data_buf.V', /home/ayvol/accelerator_wrapper/src/nnet_utils/nnet_code_gen.h:38) [155]  (0 ns)
	'add' operation ('add_ln813') [212]  (0.755 ns)
	'add' operation ('add_ln813_32') [221]  (0.765 ns)
	'add' operation ('add_ln813_33') [223]  (0.775 ns)

 <State 3>: 2.16ns
The critical path consists of the following:
	'sub' operation ('r.V') [170]  (0.809 ns)
	'add' operation ('add_ln813_25') [214]  (0 ns)
	'add' operation ('add_ln813_26') [215]  (0.675 ns)
	'add' operation ('add_ln813_29') [218]  (0 ns)
	'add' operation ('add_ln813_35') [225]  (0.675 ns)
	wire write operation ('write_ln82', /home/ayvol/accelerator_wrapper/src/nnet_utils/nnet_conv2d_latency.h:82) on port 'res_0' (/home/ayvol/accelerator_wrapper/src/nnet_utils/nnet_conv2d_latency.h:82) [249]  (0 ns)


============================================================
+ Verbose Summary: Binding
============================================================
N/A
* FSMD analyzer results:
  - Output states:
 - Input state : 
  - Chain level:
	State 1
	State 2
	State 3


============================================================
+ Verbose Summary: Datapath Resource usage 
============================================================
N/A
