

================================================================
== Vitis HLS Report for 'dataflow_in_loop_VITIS_LOOP_59_3'
================================================================
* Date:           Tue Jan 30 21:23:43 2024

* Version:        2022.2 (Build 3670227 on Oct 13 2022)
* Project:        alveo_hls4ml
* Solution:       solution (Vitis Kernel Flow Target)
* Product family: virtexuplus
* Target device:  xcu55c-fsvh2892-2L-e


================================================================
== Performance Estimates
================================================================
+ Timing: 
    * Summary: 
    +--------+---------+----------+------------+
    |  Clock |  Target | Estimated| Uncertainty|
    +--------+---------+----------+------------+
    |ap_clk  |  3.33 ns|  2.248 ns|     0.90 ns|
    +--------+---------+----------+------------+

+ Latency: 
    * Summary: 
    +---------+---------+----------+----------+-----+-----+----------+
    |  Latency (cycles) |  Latency (absolute) |  Interval | Pipeline |
    |   min   |   max   |    min   |    max   | min | max |   Type   |
    +---------+---------+----------+----------+-----+-----+----------+
    |       41|       41|  0.137 us|  0.137 us|    3|    3|  dataflow|
    +---------+---------+----------+----------+-----+-----+----------+

    + Detail: 
        * Instance: 
        N/A

        * Loop: 
        N/A

============================================================
+ Verbose Summary: Synthesis Manager
============================================================
InlineROM: 1
ExposeGlobal: 0
============================================================
+ Verbose Summary: CDFG Model
============================================================
IsTopModel: 0
ResetActiveHigh: 1
IsCombinational: 2
IsDatapathOnly: 0
HasWiredReturn: 1
HasMFsm: 0
HasVarLatency: 1
IsPipeline: 0
IsRtlPipelined: 0
IsInstanceOverlapped: 0
IsDontTouch: 0
HasImplIP: 0
IsGatedGlobalClock: 0


============================================================
+ Verbose Summary: Schedule
============================================================
* Number of FSM states : 42
* Pipeline : 0
* Dataflow Pipeline: 1
  DF-Pipeline-0: Size = 42, States = { 1 2 3 4 5 6 7 8 9 10 11 12 13 14 15 16 17 18 19 20 21 22 23 24 25 26 27 28 29 30 31 32 33 34 35 36 37 38 39 40 41 42 }

* FSM state transitions: 
1 --> 2 
2 --> 3 
3 --> 4 
4 --> 5 
5 --> 6 
6 --> 7 
7 --> 8 
8 --> 9 
9 --> 10 
10 --> 11 
11 --> 12 
12 --> 13 
13 --> 14 
14 --> 15 
15 --> 16 
16 --> 17 
17 --> 18 
18 --> 19 
19 --> 20 
20 --> 21 
21 --> 22 
22 --> 23 
23 --> 24 
24 --> 25 
25 --> 26 
26 --> 27 
27 --> 28 
28 --> 29 
29 --> 30 
30 --> 31 
31 --> 32 
32 --> 33 
33 --> 34 
34 --> 35 
35 --> 36 
36 --> 37 
37 --> 38 
38 --> 39 
39 --> 40 
40 --> 41 
41 --> 42 
42 --> 

* FSM state operations: 

State 1 <SV = 0> <Delay = 1.21>
ST_1 : Operation 43 [1/1] (0.00ns)   --->   "%i_1_read = read i15 @_ssdm_op_Read.ap_auto.i15, i15 %i_1"   --->   Operation 43 'read' 'i_1_read' <Predicate = true> <Delay = 0.00>
ST_1 : Operation 44 [1/1] (0.00ns)   --->   "%empty = trunc i15 %i_1_read"   --->   Operation 44 'trunc' 'empty' <Predicate = true> <Delay = 0.00>
ST_1 : Operation 45 [42/42] (1.21ns)   --->   "%call_ln61 = call void @ereg_v1, i288 %in_buf_V, i14 %empty, i16 %out_buf_V" [/home/ayvol/accelerator_wrapper/src/alveo_hls4ml.cpp:61]   --->   Operation 45 'call' 'call_ln61' <Predicate = true> <Delay = 1.21> <CoreType = "Generic">   --->   Core 0 '' <Latency = 0> <II = 1> <Delay = 1.00> <Generic> <Opcode : >

State 2 <SV = 1> <Delay = 2.24>
ST_2 : Operation 46 [41/42] (2.24ns)   --->   "%call_ln61 = call void @ereg_v1, i288 %in_buf_V, i14 %empty, i16 %out_buf_V" [/home/ayvol/accelerator_wrapper/src/alveo_hls4ml.cpp:61]   --->   Operation 46 'call' 'call_ln61' <Predicate = true> <Delay = 2.24> <CoreType = "Generic">   --->   Core 0 '' <Latency = 0> <II = 1> <Delay = 1.00> <Generic> <Opcode : >

State 3 <SV = 2> <Delay = 2.24>
ST_3 : Operation 47 [40/42] (2.24ns)   --->   "%call_ln61 = call void @ereg_v1, i288 %in_buf_V, i14 %empty, i16 %out_buf_V" [/home/ayvol/accelerator_wrapper/src/alveo_hls4ml.cpp:61]   --->   Operation 47 'call' 'call_ln61' <Predicate = true> <Delay = 2.24> <CoreType = "Generic">   --->   Core 0 '' <Latency = 0> <II = 1> <Delay = 1.00> <Generic> <Opcode : >

State 4 <SV = 3> <Delay = 2.24>
ST_4 : Operation 48 [39/42] (2.24ns)   --->   "%call_ln61 = call void @ereg_v1, i288 %in_buf_V, i14 %empty, i16 %out_buf_V" [/home/ayvol/accelerator_wrapper/src/alveo_hls4ml.cpp:61]   --->   Operation 48 'call' 'call_ln61' <Predicate = true> <Delay = 2.24> <CoreType = "Generic">   --->   Core 0 '' <Latency = 0> <II = 1> <Delay = 1.00> <Generic> <Opcode : >

State 5 <SV = 4> <Delay = 2.24>
ST_5 : Operation 49 [38/42] (2.24ns)   --->   "%call_ln61 = call void @ereg_v1, i288 %in_buf_V, i14 %empty, i16 %out_buf_V" [/home/ayvol/accelerator_wrapper/src/alveo_hls4ml.cpp:61]   --->   Operation 49 'call' 'call_ln61' <Predicate = true> <Delay = 2.24> <CoreType = "Generic">   --->   Core 0 '' <Latency = 0> <II = 1> <Delay = 1.00> <Generic> <Opcode : >

State 6 <SV = 5> <Delay = 2.24>
ST_6 : Operation 50 [37/42] (2.24ns)   --->   "%call_ln61 = call void @ereg_v1, i288 %in_buf_V, i14 %empty, i16 %out_buf_V" [/home/ayvol/accelerator_wrapper/src/alveo_hls4ml.cpp:61]   --->   Operation 50 'call' 'call_ln61' <Predicate = true> <Delay = 2.24> <CoreType = "Generic">   --->   Core 0 '' <Latency = 0> <II = 1> <Delay = 1.00> <Generic> <Opcode : >

State 7 <SV = 6> <Delay = 2.24>
ST_7 : Operation 51 [36/42] (2.24ns)   --->   "%call_ln61 = call void @ereg_v1, i288 %in_buf_V, i14 %empty, i16 %out_buf_V" [/home/ayvol/accelerator_wrapper/src/alveo_hls4ml.cpp:61]   --->   Operation 51 'call' 'call_ln61' <Predicate = true> <Delay = 2.24> <CoreType = "Generic">   --->   Core 0 '' <Latency = 0> <II = 1> <Delay = 1.00> <Generic> <Opcode : >

State 8 <SV = 7> <Delay = 2.24>
ST_8 : Operation 52 [35/42] (2.24ns)   --->   "%call_ln61 = call void @ereg_v1, i288 %in_buf_V, i14 %empty, i16 %out_buf_V" [/home/ayvol/accelerator_wrapper/src/alveo_hls4ml.cpp:61]   --->   Operation 52 'call' 'call_ln61' <Predicate = true> <Delay = 2.24> <CoreType = "Generic">   --->   Core 0 '' <Latency = 0> <II = 1> <Delay = 1.00> <Generic> <Opcode : >

State 9 <SV = 8> <Delay = 2.24>
ST_9 : Operation 53 [34/42] (2.24ns)   --->   "%call_ln61 = call void @ereg_v1, i288 %in_buf_V, i14 %empty, i16 %out_buf_V" [/home/ayvol/accelerator_wrapper/src/alveo_hls4ml.cpp:61]   --->   Operation 53 'call' 'call_ln61' <Predicate = true> <Delay = 2.24> <CoreType = "Generic">   --->   Core 0 '' <Latency = 0> <II = 1> <Delay = 1.00> <Generic> <Opcode : >

State 10 <SV = 9> <Delay = 2.24>
ST_10 : Operation 54 [33/42] (2.24ns)   --->   "%call_ln61 = call void @ereg_v1, i288 %in_buf_V, i14 %empty, i16 %out_buf_V" [/home/ayvol/accelerator_wrapper/src/alveo_hls4ml.cpp:61]   --->   Operation 54 'call' 'call_ln61' <Predicate = true> <Delay = 2.24> <CoreType = "Generic">   --->   Core 0 '' <Latency = 0> <II = 1> <Delay = 1.00> <Generic> <Opcode : >

State 11 <SV = 10> <Delay = 2.24>
ST_11 : Operation 55 [32/42] (2.24ns)   --->   "%call_ln61 = call void @ereg_v1, i288 %in_buf_V, i14 %empty, i16 %out_buf_V" [/home/ayvol/accelerator_wrapper/src/alveo_hls4ml.cpp:61]   --->   Operation 55 'call' 'call_ln61' <Predicate = true> <Delay = 2.24> <CoreType = "Generic">   --->   Core 0 '' <Latency = 0> <II = 1> <Delay = 1.00> <Generic> <Opcode : >

State 12 <SV = 11> <Delay = 2.24>
ST_12 : Operation 56 [31/42] (2.24ns)   --->   "%call_ln61 = call void @ereg_v1, i288 %in_buf_V, i14 %empty, i16 %out_buf_V" [/home/ayvol/accelerator_wrapper/src/alveo_hls4ml.cpp:61]   --->   Operation 56 'call' 'call_ln61' <Predicate = true> <Delay = 2.24> <CoreType = "Generic">   --->   Core 0 '' <Latency = 0> <II = 1> <Delay = 1.00> <Generic> <Opcode : >

State 13 <SV = 12> <Delay = 2.24>
ST_13 : Operation 57 [30/42] (2.24ns)   --->   "%call_ln61 = call void @ereg_v1, i288 %in_buf_V, i14 %empty, i16 %out_buf_V" [/home/ayvol/accelerator_wrapper/src/alveo_hls4ml.cpp:61]   --->   Operation 57 'call' 'call_ln61' <Predicate = true> <Delay = 2.24> <CoreType = "Generic">   --->   Core 0 '' <Latency = 0> <II = 1> <Delay = 1.00> <Generic> <Opcode : >

State 14 <SV = 13> <Delay = 2.24>
ST_14 : Operation 58 [29/42] (2.24ns)   --->   "%call_ln61 = call void @ereg_v1, i288 %in_buf_V, i14 %empty, i16 %out_buf_V" [/home/ayvol/accelerator_wrapper/src/alveo_hls4ml.cpp:61]   --->   Operation 58 'call' 'call_ln61' <Predicate = true> <Delay = 2.24> <CoreType = "Generic">   --->   Core 0 '' <Latency = 0> <II = 1> <Delay = 1.00> <Generic> <Opcode : >

State 15 <SV = 14> <Delay = 2.24>
ST_15 : Operation 59 [28/42] (2.24ns)   --->   "%call_ln61 = call void @ereg_v1, i288 %in_buf_V, i14 %empty, i16 %out_buf_V" [/home/ayvol/accelerator_wrapper/src/alveo_hls4ml.cpp:61]   --->   Operation 59 'call' 'call_ln61' <Predicate = true> <Delay = 2.24> <CoreType = "Generic">   --->   Core 0 '' <Latency = 0> <II = 1> <Delay = 1.00> <Generic> <Opcode : >

State 16 <SV = 15> <Delay = 2.24>
ST_16 : Operation 60 [27/42] (2.24ns)   --->   "%call_ln61 = call void @ereg_v1, i288 %in_buf_V, i14 %empty, i16 %out_buf_V" [/home/ayvol/accelerator_wrapper/src/alveo_hls4ml.cpp:61]   --->   Operation 60 'call' 'call_ln61' <Predicate = true> <Delay = 2.24> <CoreType = "Generic">   --->   Core 0 '' <Latency = 0> <II = 1> <Delay = 1.00> <Generic> <Opcode : >

State 17 <SV = 16> <Delay = 2.24>
ST_17 : Operation 61 [26/42] (2.24ns)   --->   "%call_ln61 = call void @ereg_v1, i288 %in_buf_V, i14 %empty, i16 %out_buf_V" [/home/ayvol/accelerator_wrapper/src/alveo_hls4ml.cpp:61]   --->   Operation 61 'call' 'call_ln61' <Predicate = true> <Delay = 2.24> <CoreType = "Generic">   --->   Core 0 '' <Latency = 0> <II = 1> <Delay = 1.00> <Generic> <Opcode : >

State 18 <SV = 17> <Delay = 2.24>
ST_18 : Operation 62 [25/42] (2.24ns)   --->   "%call_ln61 = call void @ereg_v1, i288 %in_buf_V, i14 %empty, i16 %out_buf_V" [/home/ayvol/accelerator_wrapper/src/alveo_hls4ml.cpp:61]   --->   Operation 62 'call' 'call_ln61' <Predicate = true> <Delay = 2.24> <CoreType = "Generic">   --->   Core 0 '' <Latency = 0> <II = 1> <Delay = 1.00> <Generic> <Opcode : >

State 19 <SV = 18> <Delay = 2.24>
ST_19 : Operation 63 [24/42] (2.24ns)   --->   "%call_ln61 = call void @ereg_v1, i288 %in_buf_V, i14 %empty, i16 %out_buf_V" [/home/ayvol/accelerator_wrapper/src/alveo_hls4ml.cpp:61]   --->   Operation 63 'call' 'call_ln61' <Predicate = true> <Delay = 2.24> <CoreType = "Generic">   --->   Core 0 '' <Latency = 0> <II = 1> <Delay = 1.00> <Generic> <Opcode : >

State 20 <SV = 19> <Delay = 2.24>
ST_20 : Operation 64 [23/42] (2.24ns)   --->   "%call_ln61 = call void @ereg_v1, i288 %in_buf_V, i14 %empty, i16 %out_buf_V" [/home/ayvol/accelerator_wrapper/src/alveo_hls4ml.cpp:61]   --->   Operation 64 'call' 'call_ln61' <Predicate = true> <Delay = 2.24> <CoreType = "Generic">   --->   Core 0 '' <Latency = 0> <II = 1> <Delay = 1.00> <Generic> <Opcode : >

State 21 <SV = 20> <Delay = 2.24>
ST_21 : Operation 65 [22/42] (2.24ns)   --->   "%call_ln61 = call void @ereg_v1, i288 %in_buf_V, i14 %empty, i16 %out_buf_V" [/home/ayvol/accelerator_wrapper/src/alveo_hls4ml.cpp:61]   --->   Operation 65 'call' 'call_ln61' <Predicate = true> <Delay = 2.24> <CoreType = "Generic">   --->   Core 0 '' <Latency = 0> <II = 1> <Delay = 1.00> <Generic> <Opcode : >

State 22 <SV = 21> <Delay = 2.24>
ST_22 : Operation 66 [21/42] (2.24ns)   --->   "%call_ln61 = call void @ereg_v1, i288 %in_buf_V, i14 %empty, i16 %out_buf_V" [/home/ayvol/accelerator_wrapper/src/alveo_hls4ml.cpp:61]   --->   Operation 66 'call' 'call_ln61' <Predicate = true> <Delay = 2.24> <CoreType = "Generic">   --->   Core 0 '' <Latency = 0> <II = 1> <Delay = 1.00> <Generic> <Opcode : >

State 23 <SV = 22> <Delay = 2.24>
ST_23 : Operation 67 [20/42] (2.24ns)   --->   "%call_ln61 = call void @ereg_v1, i288 %in_buf_V, i14 %empty, i16 %out_buf_V" [/home/ayvol/accelerator_wrapper/src/alveo_hls4ml.cpp:61]   --->   Operation 67 'call' 'call_ln61' <Predicate = true> <Delay = 2.24> <CoreType = "Generic">   --->   Core 0 '' <Latency = 0> <II = 1> <Delay = 1.00> <Generic> <Opcode : >

State 24 <SV = 23> <Delay = 2.24>
ST_24 : Operation 68 [19/42] (2.24ns)   --->   "%call_ln61 = call void @ereg_v1, i288 %in_buf_V, i14 %empty, i16 %out_buf_V" [/home/ayvol/accelerator_wrapper/src/alveo_hls4ml.cpp:61]   --->   Operation 68 'call' 'call_ln61' <Predicate = true> <Delay = 2.24> <CoreType = "Generic">   --->   Core 0 '' <Latency = 0> <II = 1> <Delay = 1.00> <Generic> <Opcode : >

State 25 <SV = 24> <Delay = 2.24>
ST_25 : Operation 69 [18/42] (2.24ns)   --->   "%call_ln61 = call void @ereg_v1, i288 %in_buf_V, i14 %empty, i16 %out_buf_V" [/home/ayvol/accelerator_wrapper/src/alveo_hls4ml.cpp:61]   --->   Operation 69 'call' 'call_ln61' <Predicate = true> <Delay = 2.24> <CoreType = "Generic">   --->   Core 0 '' <Latency = 0> <II = 1> <Delay = 1.00> <Generic> <Opcode : >

State 26 <SV = 25> <Delay = 2.24>
ST_26 : Operation 70 [17/42] (2.24ns)   --->   "%call_ln61 = call void @ereg_v1, i288 %in_buf_V, i14 %empty, i16 %out_buf_V" [/home/ayvol/accelerator_wrapper/src/alveo_hls4ml.cpp:61]   --->   Operation 70 'call' 'call_ln61' <Predicate = true> <Delay = 2.24> <CoreType = "Generic">   --->   Core 0 '' <Latency = 0> <II = 1> <Delay = 1.00> <Generic> <Opcode : >

State 27 <SV = 26> <Delay = 2.24>
ST_27 : Operation 71 [16/42] (2.24ns)   --->   "%call_ln61 = call void @ereg_v1, i288 %in_buf_V, i14 %empty, i16 %out_buf_V" [/home/ayvol/accelerator_wrapper/src/alveo_hls4ml.cpp:61]   --->   Operation 71 'call' 'call_ln61' <Predicate = true> <Delay = 2.24> <CoreType = "Generic">   --->   Core 0 '' <Latency = 0> <II = 1> <Delay = 1.00> <Generic> <Opcode : >

State 28 <SV = 27> <Delay = 2.24>
ST_28 : Operation 72 [15/42] (2.24ns)   --->   "%call_ln61 = call void @ereg_v1, i288 %in_buf_V, i14 %empty, i16 %out_buf_V" [/home/ayvol/accelerator_wrapper/src/alveo_hls4ml.cpp:61]   --->   Operation 72 'call' 'call_ln61' <Predicate = true> <Delay = 2.24> <CoreType = "Generic">   --->   Core 0 '' <Latency = 0> <II = 1> <Delay = 1.00> <Generic> <Opcode : >

State 29 <SV = 28> <Delay = 2.24>
ST_29 : Operation 73 [14/42] (2.24ns)   --->   "%call_ln61 = call void @ereg_v1, i288 %in_buf_V, i14 %empty, i16 %out_buf_V" [/home/ayvol/accelerator_wrapper/src/alveo_hls4ml.cpp:61]   --->   Operation 73 'call' 'call_ln61' <Predicate = true> <Delay = 2.24> <CoreType = "Generic">   --->   Core 0 '' <Latency = 0> <II = 1> <Delay = 1.00> <Generic> <Opcode : >

State 30 <SV = 29> <Delay = 2.24>
ST_30 : Operation 74 [13/42] (2.24ns)   --->   "%call_ln61 = call void @ereg_v1, i288 %in_buf_V, i14 %empty, i16 %out_buf_V" [/home/ayvol/accelerator_wrapper/src/alveo_hls4ml.cpp:61]   --->   Operation 74 'call' 'call_ln61' <Predicate = true> <Delay = 2.24> <CoreType = "Generic">   --->   Core 0 '' <Latency = 0> <II = 1> <Delay = 1.00> <Generic> <Opcode : >

State 31 <SV = 30> <Delay = 2.24>
ST_31 : Operation 75 [12/42] (2.24ns)   --->   "%call_ln61 = call void @ereg_v1, i288 %in_buf_V, i14 %empty, i16 %out_buf_V" [/home/ayvol/accelerator_wrapper/src/alveo_hls4ml.cpp:61]   --->   Operation 75 'call' 'call_ln61' <Predicate = true> <Delay = 2.24> <CoreType = "Generic">   --->   Core 0 '' <Latency = 0> <II = 1> <Delay = 1.00> <Generic> <Opcode : >

State 32 <SV = 31> <Delay = 2.24>
ST_32 : Operation 76 [11/42] (2.24ns)   --->   "%call_ln61 = call void @ereg_v1, i288 %in_buf_V, i14 %empty, i16 %out_buf_V" [/home/ayvol/accelerator_wrapper/src/alveo_hls4ml.cpp:61]   --->   Operation 76 'call' 'call_ln61' <Predicate = true> <Delay = 2.24> <CoreType = "Generic">   --->   Core 0 '' <Latency = 0> <II = 1> <Delay = 1.00> <Generic> <Opcode : >

State 33 <SV = 32> <Delay = 2.24>
ST_33 : Operation 77 [10/42] (2.24ns)   --->   "%call_ln61 = call void @ereg_v1, i288 %in_buf_V, i14 %empty, i16 %out_buf_V" [/home/ayvol/accelerator_wrapper/src/alveo_hls4ml.cpp:61]   --->   Operation 77 'call' 'call_ln61' <Predicate = true> <Delay = 2.24> <CoreType = "Generic">   --->   Core 0 '' <Latency = 0> <II = 1> <Delay = 1.00> <Generic> <Opcode : >

State 34 <SV = 33> <Delay = 2.24>
ST_34 : Operation 78 [9/42] (2.24ns)   --->   "%call_ln61 = call void @ereg_v1, i288 %in_buf_V, i14 %empty, i16 %out_buf_V" [/home/ayvol/accelerator_wrapper/src/alveo_hls4ml.cpp:61]   --->   Operation 78 'call' 'call_ln61' <Predicate = true> <Delay = 2.24> <CoreType = "Generic">   --->   Core 0 '' <Latency = 0> <II = 1> <Delay = 1.00> <Generic> <Opcode : >

State 35 <SV = 34> <Delay = 2.24>
ST_35 : Operation 79 [8/42] (2.24ns)   --->   "%call_ln61 = call void @ereg_v1, i288 %in_buf_V, i14 %empty, i16 %out_buf_V" [/home/ayvol/accelerator_wrapper/src/alveo_hls4ml.cpp:61]   --->   Operation 79 'call' 'call_ln61' <Predicate = true> <Delay = 2.24> <CoreType = "Generic">   --->   Core 0 '' <Latency = 0> <II = 1> <Delay = 1.00> <Generic> <Opcode : >

State 36 <SV = 35> <Delay = 2.24>
ST_36 : Operation 80 [7/42] (2.24ns)   --->   "%call_ln61 = call void @ereg_v1, i288 %in_buf_V, i14 %empty, i16 %out_buf_V" [/home/ayvol/accelerator_wrapper/src/alveo_hls4ml.cpp:61]   --->   Operation 80 'call' 'call_ln61' <Predicate = true> <Delay = 2.24> <CoreType = "Generic">   --->   Core 0 '' <Latency = 0> <II = 1> <Delay = 1.00> <Generic> <Opcode : >

State 37 <SV = 36> <Delay = 2.24>
ST_37 : Operation 81 [6/42] (2.24ns)   --->   "%call_ln61 = call void @ereg_v1, i288 %in_buf_V, i14 %empty, i16 %out_buf_V" [/home/ayvol/accelerator_wrapper/src/alveo_hls4ml.cpp:61]   --->   Operation 81 'call' 'call_ln61' <Predicate = true> <Delay = 2.24> <CoreType = "Generic">   --->   Core 0 '' <Latency = 0> <II = 1> <Delay = 1.00> <Generic> <Opcode : >

State 38 <SV = 37> <Delay = 2.24>
ST_38 : Operation 82 [5/42] (2.24ns)   --->   "%call_ln61 = call void @ereg_v1, i288 %in_buf_V, i14 %empty, i16 %out_buf_V" [/home/ayvol/accelerator_wrapper/src/alveo_hls4ml.cpp:61]   --->   Operation 82 'call' 'call_ln61' <Predicate = true> <Delay = 2.24> <CoreType = "Generic">   --->   Core 0 '' <Latency = 0> <II = 1> <Delay = 1.00> <Generic> <Opcode : >

State 39 <SV = 38> <Delay = 2.24>
ST_39 : Operation 83 [4/42] (2.24ns)   --->   "%call_ln61 = call void @ereg_v1, i288 %in_buf_V, i14 %empty, i16 %out_buf_V" [/home/ayvol/accelerator_wrapper/src/alveo_hls4ml.cpp:61]   --->   Operation 83 'call' 'call_ln61' <Predicate = true> <Delay = 2.24> <CoreType = "Generic">   --->   Core 0 '' <Latency = 0> <II = 1> <Delay = 1.00> <Generic> <Opcode : >

State 40 <SV = 39> <Delay = 2.24>
ST_40 : Operation 84 [3/42] (2.24ns)   --->   "%call_ln61 = call void @ereg_v1, i288 %in_buf_V, i14 %empty, i16 %out_buf_V" [/home/ayvol/accelerator_wrapper/src/alveo_hls4ml.cpp:61]   --->   Operation 84 'call' 'call_ln61' <Predicate = true> <Delay = 2.24> <CoreType = "Generic">   --->   Core 0 '' <Latency = 0> <II = 1> <Delay = 1.00> <Generic> <Opcode : >

State 41 <SV = 40> <Delay = 2.24>
ST_41 : Operation 85 [2/42] (2.24ns)   --->   "%call_ln61 = call void @ereg_v1, i288 %in_buf_V, i14 %empty, i16 %out_buf_V" [/home/ayvol/accelerator_wrapper/src/alveo_hls4ml.cpp:61]   --->   Operation 85 'call' 'call_ln61' <Predicate = true> <Delay = 2.24> <CoreType = "Generic">   --->   Core 0 '' <Latency = 0> <II = 1> <Delay = 1.00> <Generic> <Opcode : >

State 42 <SV = 41> <Delay = 0.00>
ST_42 : Operation 86 [1/1] (0.00ns)   --->   "%specdataflowpipeline_ln60 = specdataflowpipeline void @_ssdm_op_SpecDataflowPipeline, i32 4294967295, i32 0, void @empty_7" [/home/ayvol/accelerator_wrapper/src/alveo_hls4ml.cpp:60]   --->   Operation 86 'specdataflowpipeline' 'specdataflowpipeline_ln60' <Predicate = true> <Delay = 0.00>
ST_42 : Operation 87 [1/42] (0.00ns)   --->   "%call_ln61 = call void @ereg_v1, i288 %in_buf_V, i14 %empty, i16 %out_buf_V" [/home/ayvol/accelerator_wrapper/src/alveo_hls4ml.cpp:61]   --->   Operation 87 'call' 'call_ln61' <Predicate = true> <Delay = 0.00> <CoreType = "Generic">   --->   Core 0 '' <Latency = 0> <II = 1> <Delay = 1.00> <Generic> <Opcode : >
ST_42 : Operation 88 [1/1] (0.00ns)   --->   "%ret_ln61 = ret" [/home/ayvol/accelerator_wrapper/src/alveo_hls4ml.cpp:61]   --->   Operation 88 'ret' 'ret_ln61' <Predicate = true> <Delay = 0.00>


============================================================
+ Verbose Summary: Timing violations
============================================================
Target clock period: 3.33ns, clock uncertainty: 0.9ns.

 <State 1>: 1.22ns
The critical path consists of the following:
	wire read operation ('i_1_read') on port 'i_1' [4]  (0 ns)
	'call' operation ('call_ln61', /home/ayvol/accelerator_wrapper/src/alveo_hls4ml.cpp:61) to 'ereg_v1' [7]  (1.22 ns)

 <State 2>: 2.25ns
The critical path consists of the following:
	'call' operation ('call_ln61', /home/ayvol/accelerator_wrapper/src/alveo_hls4ml.cpp:61) to 'ereg_v1' [7]  (2.25 ns)

 <State 3>: 2.25ns
The critical path consists of the following:
	'call' operation ('call_ln61', /home/ayvol/accelerator_wrapper/src/alveo_hls4ml.cpp:61) to 'ereg_v1' [7]  (2.25 ns)

 <State 4>: 2.25ns
The critical path consists of the following:
	'call' operation ('call_ln61', /home/ayvol/accelerator_wrapper/src/alveo_hls4ml.cpp:61) to 'ereg_v1' [7]  (2.25 ns)

 <State 5>: 2.25ns
The critical path consists of the following:
	'call' operation ('call_ln61', /home/ayvol/accelerator_wrapper/src/alveo_hls4ml.cpp:61) to 'ereg_v1' [7]  (2.25 ns)

 <State 6>: 2.25ns
The critical path consists of the following:
	'call' operation ('call_ln61', /home/ayvol/accelerator_wrapper/src/alveo_hls4ml.cpp:61) to 'ereg_v1' [7]  (2.25 ns)

 <State 7>: 2.25ns
The critical path consists of the following:
	'call' operation ('call_ln61', /home/ayvol/accelerator_wrapper/src/alveo_hls4ml.cpp:61) to 'ereg_v1' [7]  (2.25 ns)

 <State 8>: 2.25ns
The critical path consists of the following:
	'call' operation ('call_ln61', /home/ayvol/accelerator_wrapper/src/alveo_hls4ml.cpp:61) to 'ereg_v1' [7]  (2.25 ns)

 <State 9>: 2.25ns
The critical path consists of the following:
	'call' operation ('call_ln61', /home/ayvol/accelerator_wrapper/src/alveo_hls4ml.cpp:61) to 'ereg_v1' [7]  (2.25 ns)

 <State 10>: 2.25ns
The critical path consists of the following:
	'call' operation ('call_ln61', /home/ayvol/accelerator_wrapper/src/alveo_hls4ml.cpp:61) to 'ereg_v1' [7]  (2.25 ns)

 <State 11>: 2.25ns
The critical path consists of the following:
	'call' operation ('call_ln61', /home/ayvol/accelerator_wrapper/src/alveo_hls4ml.cpp:61) to 'ereg_v1' [7]  (2.25 ns)

 <State 12>: 2.25ns
The critical path consists of the following:
	'call' operation ('call_ln61', /home/ayvol/accelerator_wrapper/src/alveo_hls4ml.cpp:61) to 'ereg_v1' [7]  (2.25 ns)

 <State 13>: 2.25ns
The critical path consists of the following:
	'call' operation ('call_ln61', /home/ayvol/accelerator_wrapper/src/alveo_hls4ml.cpp:61) to 'ereg_v1' [7]  (2.25 ns)

 <State 14>: 2.25ns
The critical path consists of the following:
	'call' operation ('call_ln61', /home/ayvol/accelerator_wrapper/src/alveo_hls4ml.cpp:61) to 'ereg_v1' [7]  (2.25 ns)

 <State 15>: 2.25ns
The critical path consists of the following:
	'call' operation ('call_ln61', /home/ayvol/accelerator_wrapper/src/alveo_hls4ml.cpp:61) to 'ereg_v1' [7]  (2.25 ns)

 <State 16>: 2.25ns
The critical path consists of the following:
	'call' operation ('call_ln61', /home/ayvol/accelerator_wrapper/src/alveo_hls4ml.cpp:61) to 'ereg_v1' [7]  (2.25 ns)

 <State 17>: 2.25ns
The critical path consists of the following:
	'call' operation ('call_ln61', /home/ayvol/accelerator_wrapper/src/alveo_hls4ml.cpp:61) to 'ereg_v1' [7]  (2.25 ns)

 <State 18>: 2.25ns
The critical path consists of the following:
	'call' operation ('call_ln61', /home/ayvol/accelerator_wrapper/src/alveo_hls4ml.cpp:61) to 'ereg_v1' [7]  (2.25 ns)

 <State 19>: 2.25ns
The critical path consists of the following:
	'call' operation ('call_ln61', /home/ayvol/accelerator_wrapper/src/alveo_hls4ml.cpp:61) to 'ereg_v1' [7]  (2.25 ns)

 <State 20>: 2.25ns
The critical path consists of the following:
	'call' operation ('call_ln61', /home/ayvol/accelerator_wrapper/src/alveo_hls4ml.cpp:61) to 'ereg_v1' [7]  (2.25 ns)

 <State 21>: 2.25ns
The critical path consists of the following:
	'call' operation ('call_ln61', /home/ayvol/accelerator_wrapper/src/alveo_hls4ml.cpp:61) to 'ereg_v1' [7]  (2.25 ns)

 <State 22>: 2.25ns
The critical path consists of the following:
	'call' operation ('call_ln61', /home/ayvol/accelerator_wrapper/src/alveo_hls4ml.cpp:61) to 'ereg_v1' [7]  (2.25 ns)

 <State 23>: 2.25ns
The critical path consists of the following:
	'call' operation ('call_ln61', /home/ayvol/accelerator_wrapper/src/alveo_hls4ml.cpp:61) to 'ereg_v1' [7]  (2.25 ns)

 <State 24>: 2.25ns
The critical path consists of the following:
	'call' operation ('call_ln61', /home/ayvol/accelerator_wrapper/src/alveo_hls4ml.cpp:61) to 'ereg_v1' [7]  (2.25 ns)

 <State 25>: 2.25ns
The critical path consists of the following:
	'call' operation ('call_ln61', /home/ayvol/accelerator_wrapper/src/alveo_hls4ml.cpp:61) to 'ereg_v1' [7]  (2.25 ns)

 <State 26>: 2.25ns
The critical path consists of the following:
	'call' operation ('call_ln61', /home/ayvol/accelerator_wrapper/src/alveo_hls4ml.cpp:61) to 'ereg_v1' [7]  (2.25 ns)

 <State 27>: 2.25ns
The critical path consists of the following:
	'call' operation ('call_ln61', /home/ayvol/accelerator_wrapper/src/alveo_hls4ml.cpp:61) to 'ereg_v1' [7]  (2.25 ns)

 <State 28>: 2.25ns
The critical path consists of the following:
	'call' operation ('call_ln61', /home/ayvol/accelerator_wrapper/src/alveo_hls4ml.cpp:61) to 'ereg_v1' [7]  (2.25 ns)

 <State 29>: 2.25ns
The critical path consists of the following:
	'call' operation ('call_ln61', /home/ayvol/accelerator_wrapper/src/alveo_hls4ml.cpp:61) to 'ereg_v1' [7]  (2.25 ns)

 <State 30>: 2.25ns
The critical path consists of the following:
	'call' operation ('call_ln61', /home/ayvol/accelerator_wrapper/src/alveo_hls4ml.cpp:61) to 'ereg_v1' [7]  (2.25 ns)

 <State 31>: 2.25ns
The critical path consists of the following:
	'call' operation ('call_ln61', /home/ayvol/accelerator_wrapper/src/alveo_hls4ml.cpp:61) to 'ereg_v1' [7]  (2.25 ns)

 <State 32>: 2.25ns
The critical path consists of the following:
	'call' operation ('call_ln61', /home/ayvol/accelerator_wrapper/src/alveo_hls4ml.cpp:61) to 'ereg_v1' [7]  (2.25 ns)

 <State 33>: 2.25ns
The critical path consists of the following:
	'call' operation ('call_ln61', /home/ayvol/accelerator_wrapper/src/alveo_hls4ml.cpp:61) to 'ereg_v1' [7]  (2.25 ns)

 <State 34>: 2.25ns
The critical path consists of the following:
	'call' operation ('call_ln61', /home/ayvol/accelerator_wrapper/src/alveo_hls4ml.cpp:61) to 'ereg_v1' [7]  (2.25 ns)

 <State 35>: 2.25ns
The critical path consists of the following:
	'call' operation ('call_ln61', /home/ayvol/accelerator_wrapper/src/alveo_hls4ml.cpp:61) to 'ereg_v1' [7]  (2.25 ns)

 <State 36>: 2.25ns
The critical path consists of the following:
	'call' operation ('call_ln61', /home/ayvol/accelerator_wrapper/src/alveo_hls4ml.cpp:61) to 'ereg_v1' [7]  (2.25 ns)

 <State 37>: 2.25ns
The critical path consists of the following:
	'call' operation ('call_ln61', /home/ayvol/accelerator_wrapper/src/alveo_hls4ml.cpp:61) to 'ereg_v1' [7]  (2.25 ns)

 <State 38>: 2.25ns
The critical path consists of the following:
	'call' operation ('call_ln61', /home/ayvol/accelerator_wrapper/src/alveo_hls4ml.cpp:61) to 'ereg_v1' [7]  (2.25 ns)

 <State 39>: 2.25ns
The critical path consists of the following:
	'call' operation ('call_ln61', /home/ayvol/accelerator_wrapper/src/alveo_hls4ml.cpp:61) to 'ereg_v1' [7]  (2.25 ns)

 <State 40>: 2.25ns
The critical path consists of the following:
	'call' operation ('call_ln61', /home/ayvol/accelerator_wrapper/src/alveo_hls4ml.cpp:61) to 'ereg_v1' [7]  (2.25 ns)

 <State 41>: 2.25ns
The critical path consists of the following:
	'call' operation ('call_ln61', /home/ayvol/accelerator_wrapper/src/alveo_hls4ml.cpp:61) to 'ereg_v1' [7]  (2.25 ns)

 <State 42>: 0ns
The critical path consists of the following:


============================================================
+ Verbose Summary: Binding
============================================================
N/A
* FSMD analyzer results:
  - Output states:
 - Input state : 
  - Chain level:
	State 1
	State 2
	State 3
	State 4
	State 5
	State 6
	State 7
	State 8
	State 9
	State 10
	State 11
	State 12
	State 13
	State 14
	State 15
	State 16
	State 17
	State 18
	State 19
	State 20
	State 21
	State 22
	State 23
	State 24
	State 25
	State 26
	State 27
	State 28
	State 29
	State 30
	State 31
	State 32
	State 33
	State 34
	State 35
	State 36
	State 37
	State 38
	State 39
	State 40
	State 41
	State 42


============================================================
+ Verbose Summary: Datapath Resource usage 
============================================================
N/A
