

================================================================
== Vitis HLS Report for 'dataflow_in_loop_VITIS_LOOP_59_3'
================================================================
* Date:           Tue Feb  6 21:42:21 2024

* Version:        2022.2 (Build 3670227 on Oct 13 2022)
* Project:        alveo_hls4ml
* Solution:       solution (Vitis Kernel Flow Target)
* Product family: virtexuplus
* Target device:  xcu55c-fsvh2892-2L-e


================================================================
== Performance Estimates
================================================================
+ Timing: 
    * Summary: 
    +--------+---------+----------+------------+
    |  Clock |  Target | Estimated| Uncertainty|
    +--------+---------+----------+------------+
    |ap_clk  |  3.33 ns|  2.387 ns|     0.90 ns|
    +--------+---------+----------+------------+

+ Latency: 
    * Summary: 
    +---------+---------+-----------+-----------+-----+-----+----------+
    |  Latency (cycles) |   Latency (absolute)  |  Interval | Pipeline |
    |   min   |   max   |    min    |    max    | min | max |   Type   |
    +---------+---------+-----------+-----------+-----+-----+----------+
    |       30|       30|  99.990 ns|  99.990 ns|    3|    3|  dataflow|
    +---------+---------+-----------+-----------+-----+-----+----------+

    + Detail: 
        * Instance: 
        +--------------+-----------+---------+---------+-----------+-----------+-----+-----+---------+
        |              |           |  Latency (cycles) |   Latency (absolute)  |  Interval | Pipeline|
        |   Instance   |   Module  |   min   |   max   |    min    |    max    | min | max |   Type  |
        +--------------+-----------+---------+---------+-----------+-----------+-----+-----+---------+
        |myproject_U0  |myproject  |       30|       30|  99.990 ns|  99.990 ns|    3|    3|      yes|
        +--------------+-----------+---------+---------+-----------+-----------+-----+-----+---------+

        * Loop: 
        N/A



================================================================
== Utilization Estimates
================================================================
* Summary: 
+---------------------+---------+------+---------+---------+-----+
|         Name        | BRAM_18K|  DSP |    FF   |   LUT   | URAM|
+---------------------+---------+------+---------+---------+-----+
|DSP                  |        -|     -|        -|        -|    -|
|Expression           |        -|     -|        -|        -|    -|
|FIFO                 |        -|     -|        -|        -|    -|
|Instance             |        8|    38|    12858|    42396|    -|
|Memory               |        -|     -|        -|        -|    -|
|Multiplexer          |        -|     -|        -|        -|    -|
|Register             |        -|     -|        -|        -|    -|
+---------------------+---------+------+---------+---------+-----+
|Total                |        8|    38|    12858|    42396|    0|
+---------------------+---------+------+---------+---------+-----+
|Available SLR        |     1344|  3008|   869120|   434560|  320|
+---------------------+---------+------+---------+---------+-----+
|Utilization SLR (%)  |       ~0|     1|        1|        9|    0|
+---------------------+---------+------+---------+---------+-----+
|Available            |     4032|  9024|  2607360|  1303680|  960|
+---------------------+---------+------+---------+---------+-----+
|Utilization (%)      |       ~0|    ~0|       ~0|        3|    0|
+---------------------+---------+------+---------+---------+-----+

+ Detail: 
    * Instance: 
    +--------------+-----------+---------+----+-------+-------+-----+
    |   Instance   |   Module  | BRAM_18K| DSP|   FF  |  LUT  | URAM|
    +--------------+-----------+---------+----+-------+-------+-----+
    |myproject_U0  |myproject  |        8|  38|  12858|  42396|    0|
    +--------------+-----------+---------+----+-------+-------+-----+
    |Total         |           |        8|  38|  12858|  42396|    0|
    +--------------+-----------+---------+----+-------+-------+-----+

    * DSP: 
    N/A

    * Memory: 
    N/A

    * FIFO: 
    N/A

    * Expression: 
    N/A

    * Multiplexer: 
    N/A

    * Register: 
    N/A



================================================================
== Interface
================================================================
* Summary: 
+----------------------+-----+-----+------------+----------------------------------+--------------+
|       RTL Ports      | Dir | Bits|  Protocol  |           Source Object          |    C Type    |
+----------------------+-----+-----+------------+----------------------------------+--------------+
|in_buf_V_address0     |  out|   13|   ap_memory|                          in_buf_V|         array|
|in_buf_V_ce0          |  out|    1|   ap_memory|                          in_buf_V|         array|
|in_buf_V_d0           |  out|  256|   ap_memory|                          in_buf_V|         array|
|in_buf_V_q0           |   in|  256|   ap_memory|                          in_buf_V|         array|
|in_buf_V_we0          |  out|    1|   ap_memory|                          in_buf_V|         array|
|in_buf_V_address1     |  out|   13|   ap_memory|                          in_buf_V|         array|
|in_buf_V_ce1          |  out|    1|   ap_memory|                          in_buf_V|         array|
|in_buf_V_d1           |  out|  256|   ap_memory|                          in_buf_V|         array|
|in_buf_V_q1           |   in|  256|   ap_memory|                          in_buf_V|         array|
|in_buf_V_we1          |  out|    1|   ap_memory|                          in_buf_V|         array|
|i_1                   |   in|   14|     ap_none|                               i_1|        scalar|
|i_1_ap_vld            |   in|    1|     ap_none|                               i_1|        scalar|
|out_buf_V_address0    |  out|   13|   ap_memory|                         out_buf_V|         array|
|out_buf_V_ce0         |  out|    1|   ap_memory|                         out_buf_V|         array|
|out_buf_V_d0          |  out|   16|   ap_memory|                         out_buf_V|         array|
|out_buf_V_q0          |   in|   16|   ap_memory|                         out_buf_V|         array|
|out_buf_V_we0         |  out|    1|   ap_memory|                         out_buf_V|         array|
|out_buf_V_address1    |  out|   13|   ap_memory|                         out_buf_V|         array|
|out_buf_V_ce1         |  out|    1|   ap_memory|                         out_buf_V|         array|
|out_buf_V_d1          |  out|   16|   ap_memory|                         out_buf_V|         array|
|out_buf_V_q1          |   in|   16|   ap_memory|                         out_buf_V|         array|
|out_buf_V_we1         |  out|    1|   ap_memory|                         out_buf_V|         array|
|out_buf_V_1_address0  |  out|   13|   ap_memory|                       out_buf_V_1|         array|
|out_buf_V_1_ce0       |  out|    1|   ap_memory|                       out_buf_V_1|         array|
|out_buf_V_1_d0        |  out|   16|   ap_memory|                       out_buf_V_1|         array|
|out_buf_V_1_q0        |   in|   16|   ap_memory|                       out_buf_V_1|         array|
|out_buf_V_1_we0       |  out|    1|   ap_memory|                       out_buf_V_1|         array|
|out_buf_V_1_address1  |  out|   13|   ap_memory|                       out_buf_V_1|         array|
|out_buf_V_1_ce1       |  out|    1|   ap_memory|                       out_buf_V_1|         array|
|out_buf_V_1_d1        |  out|   16|   ap_memory|                       out_buf_V_1|         array|
|out_buf_V_1_q1        |   in|   16|   ap_memory|                       out_buf_V_1|         array|
|out_buf_V_1_we1       |  out|    1|   ap_memory|                       out_buf_V_1|         array|
|out_buf_V_2_address0  |  out|   13|   ap_memory|                       out_buf_V_2|         array|
|out_buf_V_2_ce0       |  out|    1|   ap_memory|                       out_buf_V_2|         array|
|out_buf_V_2_d0        |  out|   16|   ap_memory|                       out_buf_V_2|         array|
|out_buf_V_2_q0        |   in|   16|   ap_memory|                       out_buf_V_2|         array|
|out_buf_V_2_we0       |  out|    1|   ap_memory|                       out_buf_V_2|         array|
|out_buf_V_2_address1  |  out|   13|   ap_memory|                       out_buf_V_2|         array|
|out_buf_V_2_ce1       |  out|    1|   ap_memory|                       out_buf_V_2|         array|
|out_buf_V_2_d1        |  out|   16|   ap_memory|                       out_buf_V_2|         array|
|out_buf_V_2_q1        |   in|   16|   ap_memory|                       out_buf_V_2|         array|
|out_buf_V_2_we1       |  out|    1|   ap_memory|                       out_buf_V_2|         array|
|out_buf_V_3_address0  |  out|   13|   ap_memory|                       out_buf_V_3|         array|
|out_buf_V_3_ce0       |  out|    1|   ap_memory|                       out_buf_V_3|         array|
|out_buf_V_3_d0        |  out|   16|   ap_memory|                       out_buf_V_3|         array|
|out_buf_V_3_q0        |   in|   16|   ap_memory|                       out_buf_V_3|         array|
|out_buf_V_3_we0       |  out|    1|   ap_memory|                       out_buf_V_3|         array|
|out_buf_V_3_address1  |  out|   13|   ap_memory|                       out_buf_V_3|         array|
|out_buf_V_3_ce1       |  out|    1|   ap_memory|                       out_buf_V_3|         array|
|out_buf_V_3_d1        |  out|   16|   ap_memory|                       out_buf_V_3|         array|
|out_buf_V_3_q1        |   in|   16|   ap_memory|                       out_buf_V_3|         array|
|out_buf_V_3_we1       |  out|    1|   ap_memory|                       out_buf_V_3|         array|
|out_buf_V_4_address0  |  out|   13|   ap_memory|                       out_buf_V_4|         array|
|out_buf_V_4_ce0       |  out|    1|   ap_memory|                       out_buf_V_4|         array|
|out_buf_V_4_d0        |  out|   16|   ap_memory|                       out_buf_V_4|         array|
|out_buf_V_4_q0        |   in|   16|   ap_memory|                       out_buf_V_4|         array|
|out_buf_V_4_we0       |  out|    1|   ap_memory|                       out_buf_V_4|         array|
|out_buf_V_4_address1  |  out|   13|   ap_memory|                       out_buf_V_4|         array|
|out_buf_V_4_ce1       |  out|    1|   ap_memory|                       out_buf_V_4|         array|
|out_buf_V_4_d1        |  out|   16|   ap_memory|                       out_buf_V_4|         array|
|out_buf_V_4_q1        |   in|   16|   ap_memory|                       out_buf_V_4|         array|
|out_buf_V_4_we1       |  out|    1|   ap_memory|                       out_buf_V_4|         array|
|ap_clk                |   in|    1|  ap_ctrl_hs|  dataflow_in_loop_VITIS_LOOP_59_3|  return value|
|ap_rst                |   in|    1|  ap_ctrl_hs|  dataflow_in_loop_VITIS_LOOP_59_3|  return value|
|in_buf_V_empty_n      |   in|    1|  ap_ctrl_hs|  dataflow_in_loop_VITIS_LOOP_59_3|  return value|
|in_buf_V_read         |  out|    1|  ap_ctrl_hs|  dataflow_in_loop_VITIS_LOOP_59_3|  return value|
|out_buf_V_full_n      |   in|    1|  ap_ctrl_hs|  dataflow_in_loop_VITIS_LOOP_59_3|  return value|
|out_buf_V_write       |  out|    1|  ap_ctrl_hs|  dataflow_in_loop_VITIS_LOOP_59_3|  return value|
|out_buf_V_1_full_n    |   in|    1|  ap_ctrl_hs|  dataflow_in_loop_VITIS_LOOP_59_3|  return value|
|out_buf_V_1_write     |  out|    1|  ap_ctrl_hs|  dataflow_in_loop_VITIS_LOOP_59_3|  return value|
|out_buf_V_2_full_n    |   in|    1|  ap_ctrl_hs|  dataflow_in_loop_VITIS_LOOP_59_3|  return value|
|out_buf_V_2_write     |  out|    1|  ap_ctrl_hs|  dataflow_in_loop_VITIS_LOOP_59_3|  return value|
|out_buf_V_3_full_n    |   in|    1|  ap_ctrl_hs|  dataflow_in_loop_VITIS_LOOP_59_3|  return value|
|out_buf_V_3_write     |  out|    1|  ap_ctrl_hs|  dataflow_in_loop_VITIS_LOOP_59_3|  return value|
|out_buf_V_4_full_n    |   in|    1|  ap_ctrl_hs|  dataflow_in_loop_VITIS_LOOP_59_3|  return value|
|out_buf_V_4_write     |  out|    1|  ap_ctrl_hs|  dataflow_in_loop_VITIS_LOOP_59_3|  return value|
|ap_start              |   in|    1|  ap_ctrl_hs|  dataflow_in_loop_VITIS_LOOP_59_3|  return value|
|ap_done               |  out|    1|  ap_ctrl_hs|  dataflow_in_loop_VITIS_LOOP_59_3|  return value|
|ap_ready              |  out|    1|  ap_ctrl_hs|  dataflow_in_loop_VITIS_LOOP_59_3|  return value|
|ap_idle               |  out|    1|  ap_ctrl_hs|  dataflow_in_loop_VITIS_LOOP_59_3|  return value|
|ap_continue           |   in|    1|  ap_ctrl_hs|  dataflow_in_loop_VITIS_LOOP_59_3|  return value|
+----------------------+-----+-----+------------+----------------------------------+--------------+

============================================================
+ Verbose Summary: Synthesis Manager
============================================================
InlineROM: 1
ExposeGlobal: 0
============================================================
+ Verbose Summary: CDFG Model
============================================================
IsTopModel: 0
ResetActiveHigh: 1
IsCombinational: 2
IsDatapathOnly: 0
HasWiredReturn: 1
HasMFsm: 0
HasVarLatency: 1
IsPipeline: 0
IsRtlPipelined: 0
IsInstanceOverlapped: 0
IsDontTouch: 0
HasImplIP: 0
IsGatedGlobalClock: 0


============================================================
+ Verbose Summary: Schedule
============================================================
* Number of FSM states : 31
* Pipeline : 0
* Dataflow Pipeline: 1
  DF-Pipeline-0: Size = 31, States = { 1 2 3 4 5 6 7 8 9 10 11 12 13 14 15 16 17 18 19 20 21 22 23 24 25 26 27 28 29 30 31 }

* FSM state transitions: 
1 --> 2 
2 --> 3 
3 --> 4 
4 --> 5 
5 --> 6 
6 --> 7 
7 --> 8 
8 --> 9 
9 --> 10 
10 --> 11 
11 --> 12 
12 --> 13 
13 --> 14 
14 --> 15 
15 --> 16 
16 --> 17 
17 --> 18 
18 --> 19 
19 --> 20 
20 --> 21 
21 --> 22 
22 --> 23 
23 --> 24 
24 --> 25 
25 --> 26 
26 --> 27 
27 --> 28 
28 --> 29 
29 --> 30 
30 --> 31 
31 --> 

* FSM state operations: 

State 1 <SV = 0> <Delay = 1.21>
ST_1 : Operation 32 [1/1] (0.00ns)   --->   "%i_1_read = read i14 @_ssdm_op_Read.ap_auto.i14, i14 %i_1"   --->   Operation 32 'read' 'i_1_read' <Predicate = true> <Delay = 0.00>
ST_1 : Operation 33 [1/1] (0.00ns)   --->   "%empty = trunc i14 %i_1_read"   --->   Operation 33 'trunc' 'empty' <Predicate = true> <Delay = 0.00>
ST_1 : Operation 34 [31/31] (1.21ns)   --->   "%call_ln61 = call void @myproject, i256 %in_buf_V, i13 %empty, i16 %out_buf_V, i16 %out_buf_V_1, i16 %out_buf_V_2, i16 %out_buf_V_3, i16 %out_buf_V_4, i18 %exp_table, i18 %invert_table" [/home/ayvol/accelerator_wrapper/src/alveo_hls4ml.cpp:61]   --->   Operation 34 'call' 'call_ln61' <Predicate = true> <Delay = 1.21> <CoreType = "Generic">   --->   Core 0 '' <Latency = 0> <II = 1> <Delay = 1.00> <Generic> <Opcode : >

State 2 <SV = 1> <Delay = 2.38>
ST_2 : Operation 35 [30/31] (2.38ns)   --->   "%call_ln61 = call void @myproject, i256 %in_buf_V, i13 %empty, i16 %out_buf_V, i16 %out_buf_V_1, i16 %out_buf_V_2, i16 %out_buf_V_3, i16 %out_buf_V_4, i18 %exp_table, i18 %invert_table" [/home/ayvol/accelerator_wrapper/src/alveo_hls4ml.cpp:61]   --->   Operation 35 'call' 'call_ln61' <Predicate = true> <Delay = 2.38> <CoreType = "Generic">   --->   Core 0 '' <Latency = 0> <II = 1> <Delay = 1.00> <Generic> <Opcode : >

State 3 <SV = 2> <Delay = 2.38>
ST_3 : Operation 36 [29/31] (2.38ns)   --->   "%call_ln61 = call void @myproject, i256 %in_buf_V, i13 %empty, i16 %out_buf_V, i16 %out_buf_V_1, i16 %out_buf_V_2, i16 %out_buf_V_3, i16 %out_buf_V_4, i18 %exp_table, i18 %invert_table" [/home/ayvol/accelerator_wrapper/src/alveo_hls4ml.cpp:61]   --->   Operation 36 'call' 'call_ln61' <Predicate = true> <Delay = 2.38> <CoreType = "Generic">   --->   Core 0 '' <Latency = 0> <II = 1> <Delay = 1.00> <Generic> <Opcode : >

State 4 <SV = 3> <Delay = 2.38>
ST_4 : Operation 37 [28/31] (2.38ns)   --->   "%call_ln61 = call void @myproject, i256 %in_buf_V, i13 %empty, i16 %out_buf_V, i16 %out_buf_V_1, i16 %out_buf_V_2, i16 %out_buf_V_3, i16 %out_buf_V_4, i18 %exp_table, i18 %invert_table" [/home/ayvol/accelerator_wrapper/src/alveo_hls4ml.cpp:61]   --->   Operation 37 'call' 'call_ln61' <Predicate = true> <Delay = 2.38> <CoreType = "Generic">   --->   Core 0 '' <Latency = 0> <II = 1> <Delay = 1.00> <Generic> <Opcode : >

State 5 <SV = 4> <Delay = 2.38>
ST_5 : Operation 38 [27/31] (2.38ns)   --->   "%call_ln61 = call void @myproject, i256 %in_buf_V, i13 %empty, i16 %out_buf_V, i16 %out_buf_V_1, i16 %out_buf_V_2, i16 %out_buf_V_3, i16 %out_buf_V_4, i18 %exp_table, i18 %invert_table" [/home/ayvol/accelerator_wrapper/src/alveo_hls4ml.cpp:61]   --->   Operation 38 'call' 'call_ln61' <Predicate = true> <Delay = 2.38> <CoreType = "Generic">   --->   Core 0 '' <Latency = 0> <II = 1> <Delay = 1.00> <Generic> <Opcode : >

State 6 <SV = 5> <Delay = 2.38>
ST_6 : Operation 39 [26/31] (2.38ns)   --->   "%call_ln61 = call void @myproject, i256 %in_buf_V, i13 %empty, i16 %out_buf_V, i16 %out_buf_V_1, i16 %out_buf_V_2, i16 %out_buf_V_3, i16 %out_buf_V_4, i18 %exp_table, i18 %invert_table" [/home/ayvol/accelerator_wrapper/src/alveo_hls4ml.cpp:61]   --->   Operation 39 'call' 'call_ln61' <Predicate = true> <Delay = 2.38> <CoreType = "Generic">   --->   Core 0 '' <Latency = 0> <II = 1> <Delay = 1.00> <Generic> <Opcode : >

State 7 <SV = 6> <Delay = 2.38>
ST_7 : Operation 40 [25/31] (2.38ns)   --->   "%call_ln61 = call void @myproject, i256 %in_buf_V, i13 %empty, i16 %out_buf_V, i16 %out_buf_V_1, i16 %out_buf_V_2, i16 %out_buf_V_3, i16 %out_buf_V_4, i18 %exp_table, i18 %invert_table" [/home/ayvol/accelerator_wrapper/src/alveo_hls4ml.cpp:61]   --->   Operation 40 'call' 'call_ln61' <Predicate = true> <Delay = 2.38> <CoreType = "Generic">   --->   Core 0 '' <Latency = 0> <II = 1> <Delay = 1.00> <Generic> <Opcode : >

State 8 <SV = 7> <Delay = 2.38>
ST_8 : Operation 41 [24/31] (2.38ns)   --->   "%call_ln61 = call void @myproject, i256 %in_buf_V, i13 %empty, i16 %out_buf_V, i16 %out_buf_V_1, i16 %out_buf_V_2, i16 %out_buf_V_3, i16 %out_buf_V_4, i18 %exp_table, i18 %invert_table" [/home/ayvol/accelerator_wrapper/src/alveo_hls4ml.cpp:61]   --->   Operation 41 'call' 'call_ln61' <Predicate = true> <Delay = 2.38> <CoreType = "Generic">   --->   Core 0 '' <Latency = 0> <II = 1> <Delay = 1.00> <Generic> <Opcode : >

State 9 <SV = 8> <Delay = 2.38>
ST_9 : Operation 42 [23/31] (2.38ns)   --->   "%call_ln61 = call void @myproject, i256 %in_buf_V, i13 %empty, i16 %out_buf_V, i16 %out_buf_V_1, i16 %out_buf_V_2, i16 %out_buf_V_3, i16 %out_buf_V_4, i18 %exp_table, i18 %invert_table" [/home/ayvol/accelerator_wrapper/src/alveo_hls4ml.cpp:61]   --->   Operation 42 'call' 'call_ln61' <Predicate = true> <Delay = 2.38> <CoreType = "Generic">   --->   Core 0 '' <Latency = 0> <II = 1> <Delay = 1.00> <Generic> <Opcode : >

State 10 <SV = 9> <Delay = 2.38>
ST_10 : Operation 43 [22/31] (2.38ns)   --->   "%call_ln61 = call void @myproject, i256 %in_buf_V, i13 %empty, i16 %out_buf_V, i16 %out_buf_V_1, i16 %out_buf_V_2, i16 %out_buf_V_3, i16 %out_buf_V_4, i18 %exp_table, i18 %invert_table" [/home/ayvol/accelerator_wrapper/src/alveo_hls4ml.cpp:61]   --->   Operation 43 'call' 'call_ln61' <Predicate = true> <Delay = 2.38> <CoreType = "Generic">   --->   Core 0 '' <Latency = 0> <II = 1> <Delay = 1.00> <Generic> <Opcode : >

State 11 <SV = 10> <Delay = 2.38>
ST_11 : Operation 44 [21/31] (2.38ns)   --->   "%call_ln61 = call void @myproject, i256 %in_buf_V, i13 %empty, i16 %out_buf_V, i16 %out_buf_V_1, i16 %out_buf_V_2, i16 %out_buf_V_3, i16 %out_buf_V_4, i18 %exp_table, i18 %invert_table" [/home/ayvol/accelerator_wrapper/src/alveo_hls4ml.cpp:61]   --->   Operation 44 'call' 'call_ln61' <Predicate = true> <Delay = 2.38> <CoreType = "Generic">   --->   Core 0 '' <Latency = 0> <II = 1> <Delay = 1.00> <Generic> <Opcode : >

State 12 <SV = 11> <Delay = 2.38>
ST_12 : Operation 45 [20/31] (2.38ns)   --->   "%call_ln61 = call void @myproject, i256 %in_buf_V, i13 %empty, i16 %out_buf_V, i16 %out_buf_V_1, i16 %out_buf_V_2, i16 %out_buf_V_3, i16 %out_buf_V_4, i18 %exp_table, i18 %invert_table" [/home/ayvol/accelerator_wrapper/src/alveo_hls4ml.cpp:61]   --->   Operation 45 'call' 'call_ln61' <Predicate = true> <Delay = 2.38> <CoreType = "Generic">   --->   Core 0 '' <Latency = 0> <II = 1> <Delay = 1.00> <Generic> <Opcode : >

State 13 <SV = 12> <Delay = 2.38>
ST_13 : Operation 46 [19/31] (2.38ns)   --->   "%call_ln61 = call void @myproject, i256 %in_buf_V, i13 %empty, i16 %out_buf_V, i16 %out_buf_V_1, i16 %out_buf_V_2, i16 %out_buf_V_3, i16 %out_buf_V_4, i18 %exp_table, i18 %invert_table" [/home/ayvol/accelerator_wrapper/src/alveo_hls4ml.cpp:61]   --->   Operation 46 'call' 'call_ln61' <Predicate = true> <Delay = 2.38> <CoreType = "Generic">   --->   Core 0 '' <Latency = 0> <II = 1> <Delay = 1.00> <Generic> <Opcode : >

State 14 <SV = 13> <Delay = 2.38>
ST_14 : Operation 47 [18/31] (2.38ns)   --->   "%call_ln61 = call void @myproject, i256 %in_buf_V, i13 %empty, i16 %out_buf_V, i16 %out_buf_V_1, i16 %out_buf_V_2, i16 %out_buf_V_3, i16 %out_buf_V_4, i18 %exp_table, i18 %invert_table" [/home/ayvol/accelerator_wrapper/src/alveo_hls4ml.cpp:61]   --->   Operation 47 'call' 'call_ln61' <Predicate = true> <Delay = 2.38> <CoreType = "Generic">   --->   Core 0 '' <Latency = 0> <II = 1> <Delay = 1.00> <Generic> <Opcode : >

State 15 <SV = 14> <Delay = 2.38>
ST_15 : Operation 48 [17/31] (2.38ns)   --->   "%call_ln61 = call void @myproject, i256 %in_buf_V, i13 %empty, i16 %out_buf_V, i16 %out_buf_V_1, i16 %out_buf_V_2, i16 %out_buf_V_3, i16 %out_buf_V_4, i18 %exp_table, i18 %invert_table" [/home/ayvol/accelerator_wrapper/src/alveo_hls4ml.cpp:61]   --->   Operation 48 'call' 'call_ln61' <Predicate = true> <Delay = 2.38> <CoreType = "Generic">   --->   Core 0 '' <Latency = 0> <II = 1> <Delay = 1.00> <Generic> <Opcode : >

State 16 <SV = 15> <Delay = 2.38>
ST_16 : Operation 49 [16/31] (2.38ns)   --->   "%call_ln61 = call void @myproject, i256 %in_buf_V, i13 %empty, i16 %out_buf_V, i16 %out_buf_V_1, i16 %out_buf_V_2, i16 %out_buf_V_3, i16 %out_buf_V_4, i18 %exp_table, i18 %invert_table" [/home/ayvol/accelerator_wrapper/src/alveo_hls4ml.cpp:61]   --->   Operation 49 'call' 'call_ln61' <Predicate = true> <Delay = 2.38> <CoreType = "Generic">   --->   Core 0 '' <Latency = 0> <II = 1> <Delay = 1.00> <Generic> <Opcode : >

State 17 <SV = 16> <Delay = 2.38>
ST_17 : Operation 50 [15/31] (2.38ns)   --->   "%call_ln61 = call void @myproject, i256 %in_buf_V, i13 %empty, i16 %out_buf_V, i16 %out_buf_V_1, i16 %out_buf_V_2, i16 %out_buf_V_3, i16 %out_buf_V_4, i18 %exp_table, i18 %invert_table" [/home/ayvol/accelerator_wrapper/src/alveo_hls4ml.cpp:61]   --->   Operation 50 'call' 'call_ln61' <Predicate = true> <Delay = 2.38> <CoreType = "Generic">   --->   Core 0 '' <Latency = 0> <II = 1> <Delay = 1.00> <Generic> <Opcode : >

State 18 <SV = 17> <Delay = 2.38>
ST_18 : Operation 51 [14/31] (2.38ns)   --->   "%call_ln61 = call void @myproject, i256 %in_buf_V, i13 %empty, i16 %out_buf_V, i16 %out_buf_V_1, i16 %out_buf_V_2, i16 %out_buf_V_3, i16 %out_buf_V_4, i18 %exp_table, i18 %invert_table" [/home/ayvol/accelerator_wrapper/src/alveo_hls4ml.cpp:61]   --->   Operation 51 'call' 'call_ln61' <Predicate = true> <Delay = 2.38> <CoreType = "Generic">   --->   Core 0 '' <Latency = 0> <II = 1> <Delay = 1.00> <Generic> <Opcode : >

State 19 <SV = 18> <Delay = 2.38>
ST_19 : Operation 52 [13/31] (2.38ns)   --->   "%call_ln61 = call void @myproject, i256 %in_buf_V, i13 %empty, i16 %out_buf_V, i16 %out_buf_V_1, i16 %out_buf_V_2, i16 %out_buf_V_3, i16 %out_buf_V_4, i18 %exp_table, i18 %invert_table" [/home/ayvol/accelerator_wrapper/src/alveo_hls4ml.cpp:61]   --->   Operation 52 'call' 'call_ln61' <Predicate = true> <Delay = 2.38> <CoreType = "Generic">   --->   Core 0 '' <Latency = 0> <II = 1> <Delay = 1.00> <Generic> <Opcode : >

State 20 <SV = 19> <Delay = 2.38>
ST_20 : Operation 53 [12/31] (2.38ns)   --->   "%call_ln61 = call void @myproject, i256 %in_buf_V, i13 %empty, i16 %out_buf_V, i16 %out_buf_V_1, i16 %out_buf_V_2, i16 %out_buf_V_3, i16 %out_buf_V_4, i18 %exp_table, i18 %invert_table" [/home/ayvol/accelerator_wrapper/src/alveo_hls4ml.cpp:61]   --->   Operation 53 'call' 'call_ln61' <Predicate = true> <Delay = 2.38> <CoreType = "Generic">   --->   Core 0 '' <Latency = 0> <II = 1> <Delay = 1.00> <Generic> <Opcode : >

State 21 <SV = 20> <Delay = 2.38>
ST_21 : Operation 54 [11/31] (2.38ns)   --->   "%call_ln61 = call void @myproject, i256 %in_buf_V, i13 %empty, i16 %out_buf_V, i16 %out_buf_V_1, i16 %out_buf_V_2, i16 %out_buf_V_3, i16 %out_buf_V_4, i18 %exp_table, i18 %invert_table" [/home/ayvol/accelerator_wrapper/src/alveo_hls4ml.cpp:61]   --->   Operation 54 'call' 'call_ln61' <Predicate = true> <Delay = 2.38> <CoreType = "Generic">   --->   Core 0 '' <Latency = 0> <II = 1> <Delay = 1.00> <Generic> <Opcode : >

State 22 <SV = 21> <Delay = 2.38>
ST_22 : Operation 55 [10/31] (2.38ns)   --->   "%call_ln61 = call void @myproject, i256 %in_buf_V, i13 %empty, i16 %out_buf_V, i16 %out_buf_V_1, i16 %out_buf_V_2, i16 %out_buf_V_3, i16 %out_buf_V_4, i18 %exp_table, i18 %invert_table" [/home/ayvol/accelerator_wrapper/src/alveo_hls4ml.cpp:61]   --->   Operation 55 'call' 'call_ln61' <Predicate = true> <Delay = 2.38> <CoreType = "Generic">   --->   Core 0 '' <Latency = 0> <II = 1> <Delay = 1.00> <Generic> <Opcode : >

State 23 <SV = 22> <Delay = 2.38>
ST_23 : Operation 56 [9/31] (2.38ns)   --->   "%call_ln61 = call void @myproject, i256 %in_buf_V, i13 %empty, i16 %out_buf_V, i16 %out_buf_V_1, i16 %out_buf_V_2, i16 %out_buf_V_3, i16 %out_buf_V_4, i18 %exp_table, i18 %invert_table" [/home/ayvol/accelerator_wrapper/src/alveo_hls4ml.cpp:61]   --->   Operation 56 'call' 'call_ln61' <Predicate = true> <Delay = 2.38> <CoreType = "Generic">   --->   Core 0 '' <Latency = 0> <II = 1> <Delay = 1.00> <Generic> <Opcode : >

State 24 <SV = 23> <Delay = 2.38>
ST_24 : Operation 57 [8/31] (2.38ns)   --->   "%call_ln61 = call void @myproject, i256 %in_buf_V, i13 %empty, i16 %out_buf_V, i16 %out_buf_V_1, i16 %out_buf_V_2, i16 %out_buf_V_3, i16 %out_buf_V_4, i18 %exp_table, i18 %invert_table" [/home/ayvol/accelerator_wrapper/src/alveo_hls4ml.cpp:61]   --->   Operation 57 'call' 'call_ln61' <Predicate = true> <Delay = 2.38> <CoreType = "Generic">   --->   Core 0 '' <Latency = 0> <II = 1> <Delay = 1.00> <Generic> <Opcode : >

State 25 <SV = 24> <Delay = 2.38>
ST_25 : Operation 58 [7/31] (2.38ns)   --->   "%call_ln61 = call void @myproject, i256 %in_buf_V, i13 %empty, i16 %out_buf_V, i16 %out_buf_V_1, i16 %out_buf_V_2, i16 %out_buf_V_3, i16 %out_buf_V_4, i18 %exp_table, i18 %invert_table" [/home/ayvol/accelerator_wrapper/src/alveo_hls4ml.cpp:61]   --->   Operation 58 'call' 'call_ln61' <Predicate = true> <Delay = 2.38> <CoreType = "Generic">   --->   Core 0 '' <Latency = 0> <II = 1> <Delay = 1.00> <Generic> <Opcode : >

State 26 <SV = 25> <Delay = 2.38>
ST_26 : Operation 59 [6/31] (2.38ns)   --->   "%call_ln61 = call void @myproject, i256 %in_buf_V, i13 %empty, i16 %out_buf_V, i16 %out_buf_V_1, i16 %out_buf_V_2, i16 %out_buf_V_3, i16 %out_buf_V_4, i18 %exp_table, i18 %invert_table" [/home/ayvol/accelerator_wrapper/src/alveo_hls4ml.cpp:61]   --->   Operation 59 'call' 'call_ln61' <Predicate = true> <Delay = 2.38> <CoreType = "Generic">   --->   Core 0 '' <Latency = 0> <II = 1> <Delay = 1.00> <Generic> <Opcode : >

State 27 <SV = 26> <Delay = 2.38>
ST_27 : Operation 60 [5/31] (2.38ns)   --->   "%call_ln61 = call void @myproject, i256 %in_buf_V, i13 %empty, i16 %out_buf_V, i16 %out_buf_V_1, i16 %out_buf_V_2, i16 %out_buf_V_3, i16 %out_buf_V_4, i18 %exp_table, i18 %invert_table" [/home/ayvol/accelerator_wrapper/src/alveo_hls4ml.cpp:61]   --->   Operation 60 'call' 'call_ln61' <Predicate = true> <Delay = 2.38> <CoreType = "Generic">   --->   Core 0 '' <Latency = 0> <II = 1> <Delay = 1.00> <Generic> <Opcode : >

State 28 <SV = 27> <Delay = 2.38>
ST_28 : Operation 61 [4/31] (2.38ns)   --->   "%call_ln61 = call void @myproject, i256 %in_buf_V, i13 %empty, i16 %out_buf_V, i16 %out_buf_V_1, i16 %out_buf_V_2, i16 %out_buf_V_3, i16 %out_buf_V_4, i18 %exp_table, i18 %invert_table" [/home/ayvol/accelerator_wrapper/src/alveo_hls4ml.cpp:61]   --->   Operation 61 'call' 'call_ln61' <Predicate = true> <Delay = 2.38> <CoreType = "Generic">   --->   Core 0 '' <Latency = 0> <II = 1> <Delay = 1.00> <Generic> <Opcode : >

State 29 <SV = 28> <Delay = 2.38>
ST_29 : Operation 62 [3/31] (2.38ns)   --->   "%call_ln61 = call void @myproject, i256 %in_buf_V, i13 %empty, i16 %out_buf_V, i16 %out_buf_V_1, i16 %out_buf_V_2, i16 %out_buf_V_3, i16 %out_buf_V_4, i18 %exp_table, i18 %invert_table" [/home/ayvol/accelerator_wrapper/src/alveo_hls4ml.cpp:61]   --->   Operation 62 'call' 'call_ln61' <Predicate = true> <Delay = 2.38> <CoreType = "Generic">   --->   Core 0 '' <Latency = 0> <II = 1> <Delay = 1.00> <Generic> <Opcode : >

State 30 <SV = 29> <Delay = 2.38>
ST_30 : Operation 63 [2/31] (2.38ns)   --->   "%call_ln61 = call void @myproject, i256 %in_buf_V, i13 %empty, i16 %out_buf_V, i16 %out_buf_V_1, i16 %out_buf_V_2, i16 %out_buf_V_3, i16 %out_buf_V_4, i18 %exp_table, i18 %invert_table" [/home/ayvol/accelerator_wrapper/src/alveo_hls4ml.cpp:61]   --->   Operation 63 'call' 'call_ln61' <Predicate = true> <Delay = 2.38> <CoreType = "Generic">   --->   Core 0 '' <Latency = 0> <II = 1> <Delay = 1.00> <Generic> <Opcode : >

State 31 <SV = 30> <Delay = 0.00>
ST_31 : Operation 64 [1/1] (0.00ns)   --->   "%specdataflowpipeline_ln60 = specdataflowpipeline void @_ssdm_op_SpecDataflowPipeline, i32 4294967295, i32 0, void @empty_1" [/home/ayvol/accelerator_wrapper/src/alveo_hls4ml.cpp:60]   --->   Operation 64 'specdataflowpipeline' 'specdataflowpipeline_ln60' <Predicate = true> <Delay = 0.00>
ST_31 : Operation 65 [1/31] (0.00ns)   --->   "%call_ln61 = call void @myproject, i256 %in_buf_V, i13 %empty, i16 %out_buf_V, i16 %out_buf_V_1, i16 %out_buf_V_2, i16 %out_buf_V_3, i16 %out_buf_V_4, i18 %exp_table, i18 %invert_table" [/home/ayvol/accelerator_wrapper/src/alveo_hls4ml.cpp:61]   --->   Operation 65 'call' 'call_ln61' <Predicate = true> <Delay = 0.00> <CoreType = "Generic">   --->   Core 0 '' <Latency = 0> <II = 1> <Delay = 1.00> <Generic> <Opcode : >
ST_31 : Operation 66 [1/1] (0.00ns)   --->   "%ret_ln61 = ret" [/home/ayvol/accelerator_wrapper/src/alveo_hls4ml.cpp:61]   --->   Operation 66 'ret' 'ret_ln61' <Predicate = true> <Delay = 0.00>


============================================================
+ Verbose Summary: Binding
============================================================
STG Binding: 
---------------- STG Properties BEGIN ----------------
- Is combinational: 0
- Is one-state seq: 0
- Is datapath-only: 0
- Is pipelined: 0
- Is top level: 0
Port [ Return ] is wired: 1; IO mode=ap_ctrl_hs:ce=0
Port [ in_buf_V]:  wired=1; compound=1; hidden=0; nouse=0; global=0; static=0; extern=0; dir=0; type=1; pingpong=1; private_global=0; MemPort=[13]; IO mode=ap_memory:ce=0
Port [ i_1]:  wired=1; compound=0; hidden=0; nouse=0; global=0; static=0; extern=0; dir=0; type=0; pingpong=0; private_global=0; IO mode=ap_none:ce=0
Port [ out_buf_V]:  wired=1; compound=1; hidden=0; nouse=0; global=0; static=0; extern=0; dir=1; type=1; pingpong=1; private_global=0; MemPort=[03]; IO mode=ap_memory:ce=0
Port [ out_buf_V_1]:  wired=1; compound=1; hidden=0; nouse=0; global=0; static=0; extern=0; dir=1; type=1; pingpong=1; private_global=0; MemPort=[03]; IO mode=ap_memory:ce=0
Port [ out_buf_V_2]:  wired=1; compound=1; hidden=0; nouse=0; global=0; static=0; extern=0; dir=1; type=1; pingpong=1; private_global=0; MemPort=[03]; IO mode=ap_memory:ce=0
Port [ out_buf_V_3]:  wired=1; compound=1; hidden=0; nouse=0; global=0; static=0; extern=0; dir=1; type=1; pingpong=1; private_global=0; MemPort=[03]; IO mode=ap_memory:ce=0
Port [ out_buf_V_4]:  wired=1; compound=1; hidden=0; nouse=0; global=0; static=0; extern=0; dir=1; type=1; pingpong=1; private_global=0; MemPort=[03]; IO mode=ap_memory:ce=0
Port [ exp_table]:  wired=0; compound=1; hidden=1; nouse=1; global=1; static=1; extern=0; dir=0; type=1; pingpong=0; private_global=0; MemPort=[11111]; IO mode=ap_memory:ce=0
Port [ invert_table]:  wired=0; compound=1; hidden=1; nouse=1; global=1; static=1; extern=0; dir=0; type=1; pingpong=0; private_global=0; MemPort=[1]; IO mode=ap_memory:ce=0
---------------- STG Properties END ------------------

---------------- Datapath Model BEGIN ----------------

<LifeTime>
<method=bitvector/>
i_1_read                  (read                ) [ 00000000000000000000000000000000]
empty                     (trunc               ) [ 00000000000000000000000000000000]
specdataflowpipeline_ln60 (specdataflowpipeline) [ 00000000000000000000000000000000]
call_ln61                 (call                ) [ 00000000000000000000000000000000]
ret_ln61                  (ret                 ) [ 00000000000000000000000000000000]
</LifeTime>

<model>

<comp_list>
<comp id="0" class="1000" name="in_buf_V">
<pin_list>
<pin id="1" dir="1" index="0" bw="1" slack="0"/>
</pin_list>
<bind>
<StgValue><ssdm name="in_buf_V"/><MemPortTyVec>1 3 </MemPortTyVec>
</StgValue>
</bind>
</comp>

<comp id="2" class="1000" name="i_1">
<pin_list>
<pin id="3" dir="1" index="0" bw="1" slack="0"/>
</pin_list>
<bind>
<StgValue><ssdm name="i_1"/></StgValue>
</bind>
</comp>

<comp id="4" class="1000" name="out_buf_V">
<pin_list>
<pin id="5" dir="1" index="0" bw="1" slack="0"/>
</pin_list>
<bind>
<StgValue><ssdm name="out_buf_V"/><MemPortTyVec>0 3 </MemPortTyVec>
</StgValue>
</bind>
</comp>

<comp id="6" class="1000" name="out_buf_V_1">
<pin_list>
<pin id="7" dir="1" index="0" bw="1" slack="0"/>
</pin_list>
<bind>
<StgValue><ssdm name="out_buf_V_1"/><MemPortTyVec>0 3 </MemPortTyVec>
</StgValue>
</bind>
</comp>

<comp id="8" class="1000" name="out_buf_V_2">
<pin_list>
<pin id="9" dir="1" index="0" bw="1" slack="0"/>
</pin_list>
<bind>
<StgValue><ssdm name="out_buf_V_2"/><MemPortTyVec>0 3 </MemPortTyVec>
</StgValue>
</bind>
</comp>

<comp id="10" class="1000" name="out_buf_V_3">
<pin_list>
<pin id="11" dir="1" index="0" bw="1" slack="0"/>
</pin_list>
<bind>
<StgValue><ssdm name="out_buf_V_3"/><MemPortTyVec>0 3 </MemPortTyVec>
</StgValue>
</bind>
</comp>

<comp id="12" class="1000" name="out_buf_V_4">
<pin_list>
<pin id="13" dir="1" index="0" bw="1" slack="0"/>
</pin_list>
<bind>
<StgValue><ssdm name="out_buf_V_4"/><MemPortTyVec>0 3 </MemPortTyVec>
</StgValue>
</bind>
</comp>

<comp id="14" class="1000" name="exp_table">
<pin_list>
<pin id="15" dir="1" index="0" bw="1" slack="0"/>
</pin_list>
<bind>
<StgValue><ssdm name="exp_table"/><MemPortTyVec>1 1 1 1 1 </MemPortTyVec>
</StgValue>
</bind>
</comp>

<comp id="16" class="1000" name="invert_table">
<pin_list>
<pin id="17" dir="1" index="0" bw="1" slack="0"/>
</pin_list>
<bind>
<StgValue><ssdm name="invert_table"/><MemPortTyVec>1 </MemPortTyVec>
</StgValue>
</bind>
</comp>

<comp id="18" class="1001" name="const_18">
<pin_list>
<pin id="19" dir="1" index="0" bw="1" slack="0"/>
</pin_list>
<bind>
<StgValue><ssdm name="_ssdm_op_Read.ap_auto.i14"/></StgValue>
</bind>
</comp>

<comp id="20" class="1001" name="const_20">
<pin_list>
<pin id="21" dir="1" index="0" bw="1" slack="0"/>
</pin_list>
<bind>
<StgValue><ssdm name="myproject"/></StgValue>
</bind>
</comp>

<comp id="22" class="1001" name="const_22">
<pin_list>
<pin id="23" dir="1" index="0" bw="1" slack="2147483647"/>
</pin_list>
<bind>
<StgValue><ssdm name="_ssdm_op_SpecDataflowPipeline"/></StgValue>
</bind>
</comp>

<comp id="24" class="1001" name="const_24">
<pin_list>
<pin id="25" dir="1" index="0" bw="1" slack="2147483647"/>
</pin_list>
<bind>
<StgValue><ssdm name=""/></StgValue>
</bind>
</comp>

<comp id="26" class="1001" name="const_26">
<pin_list>
<pin id="27" dir="1" index="0" bw="1" slack="2147483647"/>
</pin_list>
<bind>
<StgValue><ssdm name=""/></StgValue>
</bind>
</comp>

<comp id="28" class="1001" name="const_28">
<pin_list>
<pin id="29" dir="1" index="0" bw="1" slack="2147483647"/>
</pin_list>
<bind>
<StgValue><ssdm name="empty_1"/></StgValue>
</bind>
</comp>

<comp id="30" class="1004" name="i_1_read_read_fu_30">
<pin_list>
<pin id="31" dir="0" index="0" bw="14" slack="0"/>
<pin id="32" dir="0" index="1" bw="14" slack="0"/>
<pin id="33" dir="1" index="2" bw="14" slack="0"/>
</pin_list>
<bind>
<opcode="read(1150) " fcode="read"/>
<opset="i_1_read/1 "/>
</bind>
</comp>

<comp id="36" class="1004" name="grp_myproject_fu_36">
<pin_list>
<pin id="37" dir="0" index="0" bw="0" slack="0"/>
<pin id="38" dir="0" index="1" bw="256" slack="0"/>
<pin id="39" dir="0" index="2" bw="13" slack="0"/>
<pin id="40" dir="0" index="3" bw="16" slack="0"/>
<pin id="41" dir="0" index="4" bw="16" slack="0"/>
<pin id="42" dir="0" index="5" bw="16" slack="0"/>
<pin id="43" dir="0" index="6" bw="16" slack="0"/>
<pin id="44" dir="0" index="7" bw="16" slack="0"/>
<pin id="45" dir="0" index="8" bw="18" slack="0"/>
<pin id="46" dir="0" index="9" bw="18" slack="0"/>
<pin id="47" dir="1" index="10" bw="0" slack="2147483647"/>
</pin_list>
<bind>
<opcode="call(48) " fcode="call"/>
<opset="call_ln61/1 "/>
</bind>
</comp>

<comp id="57" class="1004" name="empty_fu_57">
<pin_list>
<pin id="58" dir="0" index="0" bw="14" slack="0"/>
<pin id="59" dir="1" index="1" bw="13" slack="0"/>
</pin_list>
<bind>
<opcode="trunc(33) " fcode="trunc"/>
<opset="empty/1 "/>
</bind>
</comp>

</comp_list>

<net_list>
<net id="34"><net_src comp="18" pin="0"/><net_sink comp="30" pin=0"/></net>

<net id="35"><net_src comp="2" pin="0"/><net_sink comp="30" pin=1"/></net>

<net id="48"><net_src comp="20" pin="0"/><net_sink comp="36" pin=0"/></net>

<net id="49"><net_src comp="0" pin="0"/><net_sink comp="36" pin=1"/></net>

<net id="50"><net_src comp="4" pin="0"/><net_sink comp="36" pin=3"/></net>

<net id="51"><net_src comp="6" pin="0"/><net_sink comp="36" pin=4"/></net>

<net id="52"><net_src comp="8" pin="0"/><net_sink comp="36" pin=5"/></net>

<net id="53"><net_src comp="10" pin="0"/><net_sink comp="36" pin=6"/></net>

<net id="54"><net_src comp="12" pin="0"/><net_sink comp="36" pin=7"/></net>

<net id="55"><net_src comp="14" pin="0"/><net_sink comp="36" pin=8"/></net>

<net id="56"><net_src comp="16" pin="0"/><net_sink comp="36" pin=9"/></net>

<net id="60"><net_src comp="30" pin="2"/><net_sink comp="57" pin=0"/></net>

<net id="61"><net_src comp="57" pin="1"/><net_sink comp="36" pin=2"/></net>

</net_list>

</model> 
---------------- Datapath Model END ------------------

* FSMD analyzer results:
  - Output states:
	Port: in_buf_V | {}
	Port: out_buf_V | {31 }
	Port: out_buf_V_1 | {31 }
	Port: out_buf_V_2 | {31 }
	Port: out_buf_V_3 | {31 }
	Port: out_buf_V_4 | {31 }
	Port: exp_table | {}
	Port: invert_table | {}
 - Input state : 
	Port: dataflow_in_loop_VITIS_LOOP_59_3 : in_buf_V | {2 3 4 }
	Port: dataflow_in_loop_VITIS_LOOP_59_3 : i_1 | {1 }
	Port: dataflow_in_loop_VITIS_LOOP_59_3 : out_buf_V | {}
	Port: dataflow_in_loop_VITIS_LOOP_59_3 : out_buf_V_1 | {}
	Port: dataflow_in_loop_VITIS_LOOP_59_3 : out_buf_V_2 | {}
	Port: dataflow_in_loop_VITIS_LOOP_59_3 : out_buf_V_3 | {}
	Port: dataflow_in_loop_VITIS_LOOP_59_3 : out_buf_V_4 | {}
	Port: dataflow_in_loop_VITIS_LOOP_59_3 : exp_table | {25 26 }
	Port: dataflow_in_loop_VITIS_LOOP_59_3 : invert_table | {27 28 }
  - Chain level:
	State 1
		call_ln61 : 1
	State 2
	State 3
	State 4
	State 5
	State 6
	State 7
	State 8
	State 9
	State 10
	State 11
	State 12
	State 13
	State 14
	State 15
	State 16
	State 17
	State 18
	State 19
	State 20
	State 21
	State 22
	State 23
	State 24
	State 25
	State 26
	State 27
	State 28
	State 29
	State 30
	State 31


============================================================
+ Verbose Summary: Datapath Resource usage 
============================================================

* Functional unit list:
|----------|---------------------|---------|---------|---------|---------|
| Operation|   Functional Unit   |   DSP   |  Delay  |    FF   |   LUT   |
|----------|---------------------|---------|---------|---------|---------|
|   call   | grp_myproject_fu_36 |    38   |  6.579  |  10253  |  39575  |
|----------|---------------------|---------|---------|---------|---------|
|   read   | i_1_read_read_fu_30 |    0    |    0    |    0    |    0    |
|----------|---------------------|---------|---------|---------|---------|
|   trunc  |     empty_fu_57     |    0    |    0    |    0    |    0    |
|----------|---------------------|---------|---------|---------|---------|
|   Total  |                     |    38   |  6.579  |  10253  |  39575  |
|----------|---------------------|---------|---------|---------|---------|

Memories:
N/A

* Register list:
N/A

* Multiplexer (MUX) list: 
|--------|------|------|------|--------|
|  Comp  |  Pin | Size |  BW  | S x BW |
|--------|------|------|------|--------|
|  Total |      |      |      |    0   |
|--------|------|------|------|--------|



* Summary:
+-----------+--------+--------+--------+--------+
|           |   DSP  |  Delay |   FF   |   LUT  |
+-----------+--------+--------+--------+--------+
|  Function |   38   |    6   |  10253 |  39575 |
|   Memory  |    -   |    -   |    -   |    -   |
|Multiplexer|    -   |    -   |    -   |    -   |
|  Register |    -   |    -   |    -   |    -   |
+-----------+--------+--------+--------+--------+
|   Total   |   38   |    6   |  10253 |  39575 |
+-----------+--------+--------+--------+--------+
