

================================================================
== Vitis HLS Report for 'dense_latency_ap_ufixed_6_0_4_0_0_ap_fixed_16_6_5_3_0_config19_s'
================================================================
* Date:           Sun Mar  3 21:31:33 2024

* Version:        2022.2 (Build 3670227 on Oct 13 2022)
* Project:        alveo_hls4ml
* Solution:       solution (Vitis Kernel Flow Target)
* Product family: virtexuplus
* Target device:  xcu55c-fsvh2892-2L-e


================================================================
== Performance Estimates
================================================================
+ Timing: 
    * Summary: 
    +--------+---------+----------+------------+
    |  Clock |  Target | Estimated| Uncertainty|
    +--------+---------+----------+------------+
    |ap_clk  |  3.33 ns|  2.235 ns|     0.90 ns|
    +--------+---------+----------+------------+

+ Latency: 
    * Summary: 
    +---------+---------+----------+----------+-----+-----+---------+
    |  Latency (cycles) |  Latency (absolute) |  Interval | Pipeline|
    |   min   |   max   |    min   |    max   | min | max |   Type  |
    +---------+---------+----------+----------+-----+-----+---------+
    |        2|        2|  6.666 ns|  6.666 ns|    1|    1|      yes|
    +---------+---------+----------+----------+-----+-----+---------+

    + Detail: 
        * Instance: 
        N/A

        * Loop: 
        N/A

============================================================
+ Verbose Summary: Synthesis Manager
============================================================
InlineROM: 1
ExposeGlobal: 0
============================================================
+ Verbose Summary: CDFG Model
============================================================
IsTopModel: 0
ResetActiveHigh: 1
IsCombinational: 2
IsDatapathOnly: 0
HasWiredReturn: 1
HasMFsm: 2
HasVarLatency: 0
IsPipeline: 1
IsRtlPipelined: 1
IsInstanceOverlapped: 0
IsDontTouch: 0
HasImplIP: 0
IsGatedGlobalClock: 0

+ Individual pipeline summary: 
  * Pipeline-0: initiation interval (II) = 1, depth = 3


============================================================
+ Verbose Summary: Schedule
============================================================
* Number of FSM states : 3
* Pipeline : 1
  Pipeline-0 : II = 1, D = 3, States = { 1 2 3 }
* Dataflow Pipeline: 0

* FSM state transitions: 
1 --> 2 
2 --> 3 
3 --> 

* FSM state operations: 

State 1 <SV = 0> <Delay = 1.21>
ST_1 : Operation 4 [1/1] (1.21ns)   --->   "%p_read919 = read i6 @_ssdm_op_Read.ap_auto.i6, i6 %p_read9" [/home/ayvol/accelerator_wrapper/src/nnet_utils/nnet_mult.h:70]   --->   Operation 4 'read' 'p_read919' <Predicate = true> <Delay = 1.21> <CoreInst = "FIFO_SRL">   --->   Core 81 'FIFO_SRL' <Latency = 0> <II = 1> <Delay = 1.42> <Storage> <Opcode : 'read' 'write' 'nbread' 'nbwrite'> <Ports = 0> <Width = -1> <Depth = -1> <FIFO>
ST_1 : Operation 5 [1/1] (1.21ns)   --->   "%p_read818 = read i6 @_ssdm_op_Read.ap_auto.i6, i6 %p_read8" [/home/ayvol/accelerator_wrapper/src/nnet_utils/nnet_mult.h:70]   --->   Operation 5 'read' 'p_read818' <Predicate = true> <Delay = 1.21> <CoreInst = "FIFO_SRL">   --->   Core 81 'FIFO_SRL' <Latency = 0> <II = 1> <Delay = 1.42> <Storage> <Opcode : 'read' 'write' 'nbread' 'nbwrite'> <Ports = 0> <Width = -1> <Depth = -1> <FIFO>
ST_1 : Operation 6 [1/1] (1.21ns)   --->   "%p_read717 = read i6 @_ssdm_op_Read.ap_auto.i6, i6 %p_read7" [/home/ayvol/accelerator_wrapper/src/nnet_utils/nnet_mult.h:70]   --->   Operation 6 'read' 'p_read717' <Predicate = true> <Delay = 1.21> <CoreInst = "FIFO_SRL">   --->   Core 81 'FIFO_SRL' <Latency = 0> <II = 1> <Delay = 1.42> <Storage> <Opcode : 'read' 'write' 'nbread' 'nbwrite'> <Ports = 0> <Width = -1> <Depth = -1> <FIFO>
ST_1 : Operation 7 [1/1] (1.21ns)   --->   "%p_read616 = read i6 @_ssdm_op_Read.ap_auto.i6, i6 %p_read6" [/home/ayvol/accelerator_wrapper/src/nnet_utils/nnet_mult.h:70]   --->   Operation 7 'read' 'p_read616' <Predicate = true> <Delay = 1.21> <CoreInst = "FIFO_SRL">   --->   Core 81 'FIFO_SRL' <Latency = 0> <II = 1> <Delay = 1.42> <Storage> <Opcode : 'read' 'write' 'nbread' 'nbwrite'> <Ports = 0> <Width = -1> <Depth = -1> <FIFO>
ST_1 : Operation 8 [1/1] (1.21ns)   --->   "%p_read515 = read i6 @_ssdm_op_Read.ap_auto.i6, i6 %p_read5" [/home/ayvol/accelerator_wrapper/src/nnet_utils/nnet_mult.h:70]   --->   Operation 8 'read' 'p_read515' <Predicate = true> <Delay = 1.21> <CoreInst = "FIFO_SRL">   --->   Core 81 'FIFO_SRL' <Latency = 0> <II = 1> <Delay = 1.42> <Storage> <Opcode : 'read' 'write' 'nbread' 'nbwrite'> <Ports = 0> <Width = -1> <Depth = -1> <FIFO>
ST_1 : Operation 9 [1/1] (1.21ns)   --->   "%p_read414 = read i6 @_ssdm_op_Read.ap_auto.i6, i6 %p_read4" [/home/ayvol/accelerator_wrapper/src/nnet_utils/nnet_mult.h:70]   --->   Operation 9 'read' 'p_read414' <Predicate = true> <Delay = 1.21> <CoreInst = "FIFO_SRL">   --->   Core 81 'FIFO_SRL' <Latency = 0> <II = 1> <Delay = 1.42> <Storage> <Opcode : 'read' 'write' 'nbread' 'nbwrite'> <Ports = 0> <Width = -1> <Depth = -1> <FIFO>
ST_1 : Operation 10 [1/1] (1.21ns)   --->   "%p_read313 = read i6 @_ssdm_op_Read.ap_auto.i6, i6 %p_read3" [/home/ayvol/accelerator_wrapper/src/nnet_utils/nnet_mult.h:70]   --->   Operation 10 'read' 'p_read313' <Predicate = true> <Delay = 1.21> <CoreInst = "FIFO_SRL">   --->   Core 81 'FIFO_SRL' <Latency = 0> <II = 1> <Delay = 1.42> <Storage> <Opcode : 'read' 'write' 'nbread' 'nbwrite'> <Ports = 0> <Width = -1> <Depth = -1> <FIFO>
ST_1 : Operation 11 [1/1] (1.21ns)   --->   "%p_read212 = read i6 @_ssdm_op_Read.ap_auto.i6, i6 %p_read2" [/home/ayvol/accelerator_wrapper/src/nnet_utils/nnet_mult.h:70]   --->   Operation 11 'read' 'p_read212' <Predicate = true> <Delay = 1.21> <CoreInst = "FIFO_SRL">   --->   Core 81 'FIFO_SRL' <Latency = 0> <II = 1> <Delay = 1.42> <Storage> <Opcode : 'read' 'write' 'nbread' 'nbwrite'> <Ports = 0> <Width = -1> <Depth = -1> <FIFO>
ST_1 : Operation 12 [1/1] (1.21ns)   --->   "%p_read111 = read i6 @_ssdm_op_Read.ap_auto.i6, i6 %p_read1" [/home/ayvol/accelerator_wrapper/src/nnet_utils/nnet_mult.h:70]   --->   Operation 12 'read' 'p_read111' <Predicate = true> <Delay = 1.21> <CoreInst = "FIFO_SRL">   --->   Core 81 'FIFO_SRL' <Latency = 0> <II = 1> <Delay = 1.42> <Storage> <Opcode : 'read' 'write' 'nbread' 'nbwrite'> <Ports = 0> <Width = -1> <Depth = -1> <FIFO>
ST_1 : Operation 13 [1/1] (1.21ns)   --->   "%p_read_189 = read i6 @_ssdm_op_Read.ap_auto.i6, i6 %p_read" [/home/ayvol/accelerator_wrapper/src/nnet_utils/nnet_mult.h:70]   --->   Operation 13 'read' 'p_read_189' <Predicate = true> <Delay = 1.21> <CoreInst = "FIFO_SRL">   --->   Core 81 'FIFO_SRL' <Latency = 0> <II = 1> <Delay = 1.42> <Storage> <Opcode : 'read' 'write' 'nbread' 'nbwrite'> <Ports = 0> <Width = -1> <Depth = -1> <FIFO>

State 2 <SV = 1> <Delay = 2.21>
ST_2 : Operation 14 [1/1] (0.00ns)   --->   "%shl_ln = bitconcatenate i11 @_ssdm_op_BitConcatenate.i11.i6.i5, i6 %p_read_189, i5 0"   --->   Operation 14 'bitconcatenate' 'shl_ln' <Predicate = true> <Delay = 0.00>
ST_2 : Operation 15 [1/1] (0.00ns)   --->   "%zext_ln1273 = zext i11 %shl_ln"   --->   Operation 15 'zext' 'zext_ln1273' <Predicate = true> <Delay = 0.00>
ST_2 : Operation 16 [1/1] (0.73ns)   --->   "%r_V = sub i12 0, i12 %zext_ln1273"   --->   Operation 16 'sub' 'r_V' <Predicate = true> <Delay = 0.73> <CoreInst = "Adder">   --->   Core 1 'Adder' <Latency = 0> <II = 1> <Delay = 0.73> <FuncUnit> <Opcode : 'add' 'sub'> <InPorts = 2> <OutPorts = 1>
ST_2 : Operation 17 [1/1] (0.00ns)   --->   "%trunc_ln818_s = partselect i11 @_ssdm_op_PartSelect.i11.i12.i32.i32, i12 %r_V, i32 1, i32 11"   --->   Operation 17 'partselect' 'trunc_ln818_s' <Predicate = true> <Delay = 0.00>
ST_2 : Operation 18 [1/1] (0.00ns)   --->   "%trunc_ln818_34_cast = sext i11 %trunc_ln818_s"   --->   Operation 18 'sext' 'trunc_ln818_34_cast' <Predicate = true> <Delay = 0.00>
ST_2 : Operation 19 [1/1] (0.00ns)   --->   "%shl_ln1273_1 = bitconcatenate i11 @_ssdm_op_BitConcatenate.i11.i6.i5, i6 %p_read111, i5 0"   --->   Operation 19 'bitconcatenate' 'shl_ln1273_1' <Predicate = true> <Delay = 0.00>
ST_2 : Operation 20 [1/1] (0.00ns)   --->   "%zext_ln1273_1 = zext i11 %shl_ln1273_1"   --->   Operation 20 'zext' 'zext_ln1273_1' <Predicate = true> <Delay = 0.00>
ST_2 : Operation 21 [1/1] (0.73ns)   --->   "%r_V_25 = sub i12 0, i12 %zext_ln1273_1"   --->   Operation 21 'sub' 'r_V_25' <Predicate = true> <Delay = 0.73> <CoreInst = "Adder">   --->   Core 1 'Adder' <Latency = 0> <II = 1> <Delay = 0.73> <FuncUnit> <Opcode : 'add' 'sub'> <InPorts = 2> <OutPorts = 1>
ST_2 : Operation 22 [1/1] (0.00ns)   --->   "%trunc_ln = partselect i11 @_ssdm_op_PartSelect.i11.i12.i32.i32, i12 %r_V_25, i32 1, i32 11"   --->   Operation 22 'partselect' 'trunc_ln' <Predicate = true> <Delay = 0.00>
ST_2 : Operation 23 [1/1] (0.00ns)   --->   "%trunc_ln818_cast = sext i11 %trunc_ln"   --->   Operation 23 'sext' 'trunc_ln818_cast' <Predicate = true> <Delay = 0.00>
ST_2 : Operation 24 [1/1] (0.00ns)   --->   "%shl_ln1273_2 = bitconcatenate i11 @_ssdm_op_BitConcatenate.i11.i6.i5, i6 %p_read212, i5 0"   --->   Operation 24 'bitconcatenate' 'shl_ln1273_2' <Predicate = true> <Delay = 0.00>
ST_2 : Operation 25 [1/1] (0.00ns)   --->   "%zext_ln1273_2 = zext i11 %shl_ln1273_2"   --->   Operation 25 'zext' 'zext_ln1273_2' <Predicate = true> <Delay = 0.00>
ST_2 : Operation 26 [1/1] (0.73ns)   --->   "%r_V_26 = sub i12 0, i12 %zext_ln1273_2"   --->   Operation 26 'sub' 'r_V_26' <Predicate = true> <Delay = 0.73> <CoreInst = "Adder">   --->   Core 1 'Adder' <Latency = 0> <II = 1> <Delay = 0.73> <FuncUnit> <Opcode : 'add' 'sub'> <InPorts = 2> <OutPorts = 1>
ST_2 : Operation 27 [1/1] (0.00ns)   --->   "%trunc_ln818_23 = partselect i11 @_ssdm_op_PartSelect.i11.i12.i32.i32, i12 %r_V_26, i32 1, i32 11"   --->   Operation 27 'partselect' 'trunc_ln818_23' <Predicate = true> <Delay = 0.00>
ST_2 : Operation 28 [1/1] (0.00ns)   --->   "%sext_ln70 = sext i11 %trunc_ln818_23" [/home/ayvol/accelerator_wrapper/src/nnet_utils/nnet_mult.h:70]   --->   Operation 28 'sext' 'sext_ln70' <Predicate = true> <Delay = 0.00>
ST_2 : Operation 29 [1/1] (0.00ns)   --->   "%shl_ln1273_3 = bitconcatenate i11 @_ssdm_op_BitConcatenate.i11.i6.i5, i6 %p_read313, i5 0"   --->   Operation 29 'bitconcatenate' 'shl_ln1273_3' <Predicate = true> <Delay = 0.00>
ST_2 : Operation 30 [1/1] (0.00ns)   --->   "%zext_ln1273_3 = zext i11 %shl_ln1273_3"   --->   Operation 30 'zext' 'zext_ln1273_3' <Predicate = true> <Delay = 0.00>
ST_2 : Operation 31 [1/1] (0.73ns)   --->   "%r_V_27 = sub i12 0, i12 %zext_ln1273_3"   --->   Operation 31 'sub' 'r_V_27' <Predicate = true> <Delay = 0.73> <CoreInst = "Adder">   --->   Core 1 'Adder' <Latency = 0> <II = 1> <Delay = 0.73> <FuncUnit> <Opcode : 'add' 'sub'> <InPorts = 2> <OutPorts = 1>
ST_2 : Operation 32 [1/1] (0.00ns)   --->   "%trunc_ln818_24 = partselect i11 @_ssdm_op_PartSelect.i11.i12.i32.i32, i12 %r_V_27, i32 1, i32 11"   --->   Operation 32 'partselect' 'trunc_ln818_24' <Predicate = true> <Delay = 0.00>
ST_2 : Operation 33 [1/1] (0.00ns)   --->   "%sext_ln70_1 = sext i11 %trunc_ln818_24" [/home/ayvol/accelerator_wrapper/src/nnet_utils/nnet_mult.h:70]   --->   Operation 33 'sext' 'sext_ln70_1' <Predicate = true> <Delay = 0.00>
ST_2 : Operation 34 [1/1] (0.00ns)   --->   "%shl_ln1273_5 = bitconcatenate i11 @_ssdm_op_BitConcatenate.i11.i6.i5, i6 %p_read515, i5 0"   --->   Operation 34 'bitconcatenate' 'shl_ln1273_5' <Predicate = true> <Delay = 0.00>
ST_2 : Operation 35 [1/1] (0.00ns)   --->   "%zext_ln1273_5 = zext i11 %shl_ln1273_5"   --->   Operation 35 'zext' 'zext_ln1273_5' <Predicate = true> <Delay = 0.00>
ST_2 : Operation 36 [1/1] (0.73ns)   --->   "%r_V_29 = sub i12 0, i12 %zext_ln1273_5"   --->   Operation 36 'sub' 'r_V_29' <Predicate = true> <Delay = 0.73> <CoreInst = "Adder">   --->   Core 1 'Adder' <Latency = 0> <II = 1> <Delay = 0.73> <FuncUnit> <Opcode : 'add' 'sub'> <InPorts = 2> <OutPorts = 1>
ST_2 : Operation 37 [1/1] (0.00ns)   --->   "%trunc_ln818_26 = partselect i11 @_ssdm_op_PartSelect.i11.i12.i32.i32, i12 %r_V_29, i32 1, i32 11"   --->   Operation 37 'partselect' 'trunc_ln818_26' <Predicate = true> <Delay = 0.00>
ST_2 : Operation 38 [1/1] (0.00ns)   --->   "%sext_ln70_2 = sext i11 %trunc_ln818_26" [/home/ayvol/accelerator_wrapper/src/nnet_utils/nnet_mult.h:70]   --->   Operation 38 'sext' 'sext_ln70_2' <Predicate = true> <Delay = 0.00>
ST_2 : Operation 39 [1/1] (0.00ns)   --->   "%shl_ln1273_6 = bitconcatenate i11 @_ssdm_op_BitConcatenate.i11.i6.i5, i6 %p_read616, i5 0"   --->   Operation 39 'bitconcatenate' 'shl_ln1273_6' <Predicate = true> <Delay = 0.00>
ST_2 : Operation 40 [1/1] (0.00ns)   --->   "%zext_ln1273_6 = zext i11 %shl_ln1273_6"   --->   Operation 40 'zext' 'zext_ln1273_6' <Predicate = true> <Delay = 0.00>
ST_2 : Operation 41 [1/1] (0.73ns)   --->   "%r_V_30 = sub i12 0, i12 %zext_ln1273_6"   --->   Operation 41 'sub' 'r_V_30' <Predicate = true> <Delay = 0.73> <CoreInst = "Adder">   --->   Core 1 'Adder' <Latency = 0> <II = 1> <Delay = 0.73> <FuncUnit> <Opcode : 'add' 'sub'> <InPorts = 2> <OutPorts = 1>
ST_2 : Operation 42 [1/1] (0.00ns)   --->   "%trunc_ln818_27 = partselect i11 @_ssdm_op_PartSelect.i11.i12.i32.i32, i12 %r_V_30, i32 1, i32 11"   --->   Operation 42 'partselect' 'trunc_ln818_27' <Predicate = true> <Delay = 0.00>
ST_2 : Operation 43 [1/1] (0.00ns)   --->   "%sext_ln70_3 = sext i11 %trunc_ln818_27" [/home/ayvol/accelerator_wrapper/src/nnet_utils/nnet_mult.h:70]   --->   Operation 43 'sext' 'sext_ln70_3' <Predicate = true> <Delay = 0.00>
ST_2 : Operation 44 [1/1] (0.00ns)   --->   "%shl_ln1273_7 = bitconcatenate i11 @_ssdm_op_BitConcatenate.i11.i6.i5, i6 %p_read717, i5 0"   --->   Operation 44 'bitconcatenate' 'shl_ln1273_7' <Predicate = true> <Delay = 0.00>
ST_2 : Operation 45 [1/1] (0.00ns)   --->   "%zext_ln1273_7 = zext i11 %shl_ln1273_7"   --->   Operation 45 'zext' 'zext_ln1273_7' <Predicate = true> <Delay = 0.00>
ST_2 : Operation 46 [1/1] (0.73ns)   --->   "%r_V_31 = sub i12 0, i12 %zext_ln1273_7"   --->   Operation 46 'sub' 'r_V_31' <Predicate = true> <Delay = 0.73> <CoreInst = "Adder">   --->   Core 1 'Adder' <Latency = 0> <II = 1> <Delay = 0.73> <FuncUnit> <Opcode : 'add' 'sub'> <InPorts = 2> <OutPorts = 1>
ST_2 : Operation 47 [1/1] (0.00ns)   --->   "%trunc_ln818_28 = partselect i11 @_ssdm_op_PartSelect.i11.i12.i32.i32, i12 %r_V_31, i32 1, i32 11"   --->   Operation 47 'partselect' 'trunc_ln818_28' <Predicate = true> <Delay = 0.00>
ST_2 : Operation 48 [1/1] (0.00ns)   --->   "%sext_ln70_4 = sext i11 %trunc_ln818_28" [/home/ayvol/accelerator_wrapper/src/nnet_utils/nnet_mult.h:70]   --->   Operation 48 'sext' 'sext_ln70_4' <Predicate = true> <Delay = 0.00>
ST_2 : Operation 49 [1/1] (0.73ns)   --->   "%add_ln813 = add i12 %trunc_ln818_cast, i12 %trunc_ln818_34_cast"   --->   Operation 49 'add' 'add_ln813' <Predicate = true> <Delay = 0.73> <CoreInst = "Adder">   --->   Core 1 'Adder' <Latency = 0> <II = 1> <Delay = 0.73> <FuncUnit> <Opcode : 'add' 'sub'> <InPorts = 2> <OutPorts = 1>
ST_2 : Operation 50 [1/1] (0.00ns)   --->   "%sext_ln813_1 = sext i12 %add_ln813"   --->   Operation 50 'sext' 'sext_ln813_1' <Predicate = true> <Delay = 0.00>
ST_2 : Operation 51 [1/1] (0.73ns)   --->   "%add_ln813_15 = add i12 %sext_ln70, i12 %sext_ln70_1"   --->   Operation 51 'add' 'add_ln813_15' <Predicate = true> <Delay = 0.73> <CoreInst = "Adder">   --->   Core 1 'Adder' <Latency = 0> <II = 1> <Delay = 0.73> <FuncUnit> <Opcode : 'add' 'sub'> <InPorts = 2> <OutPorts = 1>
ST_2 : Operation 52 [1/1] (0.00ns)   --->   "%sext_ln813_4 = sext i12 %add_ln813_15"   --->   Operation 52 'sext' 'sext_ln813_4' <Predicate = true> <Delay = 0.00>
ST_2 : Operation 53 [1/1] (0.74ns)   --->   "%add_ln813_16 = add i13 %sext_ln813_4, i13 %sext_ln813_1"   --->   Operation 53 'add' 'add_ln813_16' <Predicate = true> <Delay = 0.74> <CoreInst = "Adder">   --->   Core 1 'Adder' <Latency = 0> <II = 1> <Delay = 0.74> <FuncUnit> <Opcode : 'add' 'sub'> <InPorts = 2> <OutPorts = 1>
ST_2 : Operation 54 [1/1] (0.73ns)   --->   "%add_ln813_18 = add i12 %sext_ln70_3, i12 %sext_ln70_4"   --->   Operation 54 'add' 'add_ln813_18' <Predicate = true> <Delay = 0.73> <CoreInst = "Adder">   --->   Core 1 'Adder' <Latency = 0> <II = 1> <Delay = 0.73> <FuncUnit> <Opcode : 'add' 'sub'> <InPorts = 2> <OutPorts = 1>
ST_2 : Operation 55 [1/1] (0.00ns)   --->   "%sext_ln813_5 = sext i12 %add_ln813_18"   --->   Operation 55 'sext' 'sext_ln813_5' <Predicate = true> <Delay = 0.00>
ST_2 : Operation 56 [1/1] (0.74ns)   --->   "%add_ln813_19 = add i13 %sext_ln813_5, i13 %sext_ln70_2"   --->   Operation 56 'add' 'add_ln813_19' <Predicate = true> <Delay = 0.74> <CoreInst = "Adder">   --->   Core 1 'Adder' <Latency = 0> <II = 1> <Delay = 0.74> <FuncUnit> <Opcode : 'add' 'sub'> <InPorts = 2> <OutPorts = 1>

State 3 <SV = 2> <Delay = 2.23>
ST_3 : Operation 57 [1/1] (0.00ns)   --->   "%specpipeline_ln33 = specpipeline void @_ssdm_op_SpecPipeline, i32 1, i32 0, i32 0, i32 0, void @empty_3" [/home/ayvol/accelerator_wrapper/src/nnet_utils/nnet_dense_latency.h:33]   --->   Operation 57 'specpipeline' 'specpipeline_ln33' <Predicate = true> <Delay = 0.00>
ST_3 : Operation 58 [1/1] (0.00ns)   --->   "%specresourcelimit_ln33 = specresourcelimit void @_ssdm_op_SpecResourceLimit, i64 160, void @empty_5, void @empty_3, void @empty_3, void @empty_3" [/home/ayvol/accelerator_wrapper/src/nnet_utils/nnet_dense_latency.h:33]   --->   Operation 58 'specresourcelimit' 'specresourcelimit_ln33' <Predicate = true> <Delay = 0.00>
ST_3 : Operation 59 [1/1] (0.00ns)   --->   "%shl_ln1273_4 = bitconcatenate i11 @_ssdm_op_BitConcatenate.i11.i6.i5, i6 %p_read414, i5 0"   --->   Operation 59 'bitconcatenate' 'shl_ln1273_4' <Predicate = true> <Delay = 0.00>
ST_3 : Operation 60 [1/1] (0.00ns)   --->   "%zext_ln1273_4 = zext i11 %shl_ln1273_4"   --->   Operation 60 'zext' 'zext_ln1273_4' <Predicate = true> <Delay = 0.00>
ST_3 : Operation 61 [1/1] (0.73ns)   --->   "%r_V_28 = sub i12 0, i12 %zext_ln1273_4"   --->   Operation 61 'sub' 'r_V_28' <Predicate = true> <Delay = 0.73> <CoreInst = "Adder">   --->   Core 1 'Adder' <Latency = 0> <II = 1> <Delay = 0.73> <FuncUnit> <Opcode : 'add' 'sub'> <InPorts = 2> <OutPorts = 1>
ST_3 : Operation 62 [1/1] (0.00ns)   --->   "%trunc_ln818_25 = partselect i11 @_ssdm_op_PartSelect.i11.i12.i32.i32, i12 %r_V_28, i32 1, i32 11"   --->   Operation 62 'partselect' 'trunc_ln818_25' <Predicate = true> <Delay = 0.00>
ST_3 : Operation 63 [1/1] (0.00ns)   --->   "%trunc_ln818_37_cast = sext i11 %trunc_ln818_25"   --->   Operation 63 'sext' 'trunc_ln818_37_cast' <Predicate = true> <Delay = 0.00>
ST_3 : Operation 64 [1/1] (0.00ns)   --->   "%shl_ln1273_8 = bitconcatenate i11 @_ssdm_op_BitConcatenate.i11.i6.i5, i6 %p_read818, i5 0"   --->   Operation 64 'bitconcatenate' 'shl_ln1273_8' <Predicate = true> <Delay = 0.00>
ST_3 : Operation 65 [1/1] (0.00ns)   --->   "%zext_ln1273_8 = zext i11 %shl_ln1273_8"   --->   Operation 65 'zext' 'zext_ln1273_8' <Predicate = true> <Delay = 0.00>
ST_3 : Operation 66 [1/1] (0.73ns)   --->   "%r_V_32 = sub i12 0, i12 %zext_ln1273_8"   --->   Operation 66 'sub' 'r_V_32' <Predicate = true> <Delay = 0.73> <CoreInst = "Adder">   --->   Core 1 'Adder' <Latency = 0> <II = 1> <Delay = 0.73> <FuncUnit> <Opcode : 'add' 'sub'> <InPorts = 2> <OutPorts = 1>
ST_3 : Operation 67 [1/1] (0.00ns)   --->   "%trunc_ln818_29 = partselect i11 @_ssdm_op_PartSelect.i11.i12.i32.i32, i12 %r_V_32, i32 1, i32 11"   --->   Operation 67 'partselect' 'trunc_ln818_29' <Predicate = true> <Delay = 0.00>
ST_3 : Operation 68 [1/1] (0.00ns)   --->   "%sext_ln70_5 = sext i11 %trunc_ln818_29" [/home/ayvol/accelerator_wrapper/src/nnet_utils/nnet_mult.h:70]   --->   Operation 68 'sext' 'sext_ln70_5' <Predicate = true> <Delay = 0.00>
ST_3 : Operation 69 [1/1] (0.00ns)   --->   "%shl_ln1273_9 = bitconcatenate i11 @_ssdm_op_BitConcatenate.i11.i6.i5, i6 %p_read919, i5 0"   --->   Operation 69 'bitconcatenate' 'shl_ln1273_9' <Predicate = true> <Delay = 0.00>
ST_3 : Operation 70 [1/1] (0.00ns)   --->   "%zext_ln1273_9 = zext i11 %shl_ln1273_9"   --->   Operation 70 'zext' 'zext_ln1273_9' <Predicate = true> <Delay = 0.00>
ST_3 : Operation 71 [1/1] (0.73ns)   --->   "%r_V_33 = sub i12 0, i12 %zext_ln1273_9"   --->   Operation 71 'sub' 'r_V_33' <Predicate = true> <Delay = 0.73> <CoreInst = "Adder">   --->   Core 1 'Adder' <Latency = 0> <II = 1> <Delay = 0.73> <FuncUnit> <Opcode : 'add' 'sub'> <InPorts = 2> <OutPorts = 1>
ST_3 : Operation 72 [1/1] (0.00ns)   --->   "%trunc_ln818_30 = partselect i11 @_ssdm_op_PartSelect.i11.i12.i32.i32, i12 %r_V_33, i32 1, i32 11"   --->   Operation 72 'partselect' 'trunc_ln818_30' <Predicate = true> <Delay = 0.00>
ST_3 : Operation 73 [1/1] (0.00ns)   --->   "%sext_ln813 = sext i11 %trunc_ln818_30"   --->   Operation 73 'sext' 'sext_ln813' <Predicate = true> <Delay = 0.00>
ST_3 : Operation 74 [1/1] (0.00ns)   --->   "%sext_ln813_2 = sext i13 %add_ln813_16"   --->   Operation 74 'sext' 'sext_ln813_2' <Predicate = true> <Delay = 0.00>
ST_3 : Operation 75 [1/1] (0.00ns) (grouped into TernaryAdder)   --->   "%add_ln813_17 = add i14 %sext_ln813_2, i14 %trunc_ln818_37_cast"   --->   Operation 75 'add' 'add_ln813_17' <Predicate = true> <Delay = 0.00> <CoreInst = "TAddSub">   --->   Core 10 'TAddSub' <Latency = 0> <II = 1> <Delay = 0.35> <IPBlock> <Opcode : 'add' 'sub'> <InPorts = 3> <OutPorts = 1> <Sync> <CReg>
ST_3 : Operation 76 [1/1] (0.00ns)   --->   "%sext_ln813_6 = sext i13 %add_ln813_19"   --->   Operation 76 'sext' 'sext_ln813_6' <Predicate = true> <Delay = 0.00>
ST_3 : Operation 77 [1/1] (0.71ns) (root node of TernaryAdder)   --->   "%add_ln813_20 = add i14 %sext_ln813_6, i14 %add_ln813_17"   --->   Operation 77 'add' 'add_ln813_20' <Predicate = true> <Delay = 0.71> <CoreInst = "TAddSub">   --->   Core 10 'TAddSub' <Latency = 0> <II = 1> <Delay = 0.35> <IPBlock> <Opcode : 'add' 'sub'> <InPorts = 3> <OutPorts = 1> <Sync> <CReg>
ST_3 : Operation 78 [1/1] (0.00ns)   --->   "%sext_ln813_3 = sext i14 %add_ln813_20"   --->   Operation 78 'sext' 'sext_ln813_3' <Predicate = true> <Delay = 0.00>
ST_3 : Operation 79 [1/1] (0.73ns)   --->   "%add_ln813_21 = add i12 %sext_ln70_5, i12 %sext_ln813"   --->   Operation 79 'add' 'add_ln813_21' <Predicate = true> <Delay = 0.73> <CoreInst = "Adder">   --->   Core 1 'Adder' <Latency = 0> <II = 1> <Delay = 0.73> <FuncUnit> <Opcode : 'add' 'sub'> <InPorts = 2> <OutPorts = 1>
ST_3 : Operation 80 [1/1] (0.00ns)   --->   "%sext_ln813_7 = sext i12 %add_ln813_21"   --->   Operation 80 'sext' 'sext_ln813_7' <Predicate = true> <Delay = 0.00>
ST_3 : Operation 81 [1/1] (0.76ns)   --->   "%add_ln813_22 = add i15 %sext_ln813_7, i15 %sext_ln813_3"   --->   Operation 81 'add' 'add_ln813_22' <Predicate = true> <Delay = 0.76> <CoreInst = "Adder">   --->   Core 1 'Adder' <Latency = 0> <II = 1> <Delay = 0.76> <FuncUnit> <Opcode : 'add' 'sub'> <InPorts = 2> <OutPorts = 1>
ST_3 : Operation 82 [1/1] (0.00ns)   --->   "%mrv = insertvalue i240 <undef>, i15 %add_ln813_22" [/home/ayvol/accelerator_wrapper/src/nnet_utils/nnet_dense_latency.h:68]   --->   Operation 82 'insertvalue' 'mrv' <Predicate = true> <Delay = 0.00>
ST_3 : Operation 83 [1/1] (0.00ns)   --->   "%mrv_1 = insertvalue i240 %mrv, i15 %add_ln813_22" [/home/ayvol/accelerator_wrapper/src/nnet_utils/nnet_dense_latency.h:68]   --->   Operation 83 'insertvalue' 'mrv_1' <Predicate = true> <Delay = 0.00>
ST_3 : Operation 84 [1/1] (0.00ns)   --->   "%mrv_2 = insertvalue i240 %mrv_1, i15 %add_ln813_22" [/home/ayvol/accelerator_wrapper/src/nnet_utils/nnet_dense_latency.h:68]   --->   Operation 84 'insertvalue' 'mrv_2' <Predicate = true> <Delay = 0.00>
ST_3 : Operation 85 [1/1] (0.00ns)   --->   "%mrv_3 = insertvalue i240 %mrv_2, i15 %add_ln813_22" [/home/ayvol/accelerator_wrapper/src/nnet_utils/nnet_dense_latency.h:68]   --->   Operation 85 'insertvalue' 'mrv_3' <Predicate = true> <Delay = 0.00>
ST_3 : Operation 86 [1/1] (0.00ns)   --->   "%mrv_4 = insertvalue i240 %mrv_3, i15 %add_ln813_22" [/home/ayvol/accelerator_wrapper/src/nnet_utils/nnet_dense_latency.h:68]   --->   Operation 86 'insertvalue' 'mrv_4' <Predicate = true> <Delay = 0.00>
ST_3 : Operation 87 [1/1] (0.00ns)   --->   "%mrv_5 = insertvalue i240 %mrv_4, i15 %add_ln813_22" [/home/ayvol/accelerator_wrapper/src/nnet_utils/nnet_dense_latency.h:68]   --->   Operation 87 'insertvalue' 'mrv_5' <Predicate = true> <Delay = 0.00>
ST_3 : Operation 88 [1/1] (0.00ns)   --->   "%mrv_6 = insertvalue i240 %mrv_5, i15 %add_ln813_22" [/home/ayvol/accelerator_wrapper/src/nnet_utils/nnet_dense_latency.h:68]   --->   Operation 88 'insertvalue' 'mrv_6' <Predicate = true> <Delay = 0.00>
ST_3 : Operation 89 [1/1] (0.00ns)   --->   "%mrv_7 = insertvalue i240 %mrv_6, i15 %add_ln813_22" [/home/ayvol/accelerator_wrapper/src/nnet_utils/nnet_dense_latency.h:68]   --->   Operation 89 'insertvalue' 'mrv_7' <Predicate = true> <Delay = 0.00>
ST_3 : Operation 90 [1/1] (0.00ns)   --->   "%mrv_8 = insertvalue i240 %mrv_7, i15 %add_ln813_22" [/home/ayvol/accelerator_wrapper/src/nnet_utils/nnet_dense_latency.h:68]   --->   Operation 90 'insertvalue' 'mrv_8' <Predicate = true> <Delay = 0.00>
ST_3 : Operation 91 [1/1] (0.00ns)   --->   "%mrv_9 = insertvalue i240 %mrv_8, i15 %add_ln813_22" [/home/ayvol/accelerator_wrapper/src/nnet_utils/nnet_dense_latency.h:68]   --->   Operation 91 'insertvalue' 'mrv_9' <Predicate = true> <Delay = 0.00>
ST_3 : Operation 92 [1/1] (0.00ns)   --->   "%mrv_10 = insertvalue i240 %mrv_9, i15 %add_ln813_22" [/home/ayvol/accelerator_wrapper/src/nnet_utils/nnet_dense_latency.h:68]   --->   Operation 92 'insertvalue' 'mrv_10' <Predicate = true> <Delay = 0.00>
ST_3 : Operation 93 [1/1] (0.00ns)   --->   "%mrv_11 = insertvalue i240 %mrv_10, i15 %add_ln813_22" [/home/ayvol/accelerator_wrapper/src/nnet_utils/nnet_dense_latency.h:68]   --->   Operation 93 'insertvalue' 'mrv_11' <Predicate = true> <Delay = 0.00>
ST_3 : Operation 94 [1/1] (0.00ns)   --->   "%mrv_12 = insertvalue i240 %mrv_11, i15 %add_ln813_22" [/home/ayvol/accelerator_wrapper/src/nnet_utils/nnet_dense_latency.h:68]   --->   Operation 94 'insertvalue' 'mrv_12' <Predicate = true> <Delay = 0.00>
ST_3 : Operation 95 [1/1] (0.00ns)   --->   "%mrv_13 = insertvalue i240 %mrv_12, i15 %add_ln813_22" [/home/ayvol/accelerator_wrapper/src/nnet_utils/nnet_dense_latency.h:68]   --->   Operation 95 'insertvalue' 'mrv_13' <Predicate = true> <Delay = 0.00>
ST_3 : Operation 96 [1/1] (0.00ns)   --->   "%mrv_14 = insertvalue i240 %mrv_13, i15 %add_ln813_22" [/home/ayvol/accelerator_wrapper/src/nnet_utils/nnet_dense_latency.h:68]   --->   Operation 96 'insertvalue' 'mrv_14' <Predicate = true> <Delay = 0.00>
ST_3 : Operation 97 [1/1] (0.00ns)   --->   "%mrv_15 = insertvalue i240 %mrv_14, i15 %add_ln813_22" [/home/ayvol/accelerator_wrapper/src/nnet_utils/nnet_dense_latency.h:68]   --->   Operation 97 'insertvalue' 'mrv_15' <Predicate = true> <Delay = 0.00>
ST_3 : Operation 98 [1/1] (0.00ns)   --->   "%ret_ln68 = ret i240 %mrv_15" [/home/ayvol/accelerator_wrapper/src/nnet_utils/nnet_dense_latency.h:68]   --->   Operation 98 'ret' 'ret_ln68' <Predicate = true> <Delay = 0.00>


============================================================
+ Verbose Summary: Binding
============================================================
STG Binding: 
---------------- STG Properties BEGIN ----------------
- Is combinational: 0
- Is one-state seq: 0
- Is datapath-only: 0
- Is pipelined: 1
- Is top level: 0
Port [ Return ] is wired: 1; IO mode=ap_ctrl_hs:ce=0
Port [ p_read]:  wired=1; compound=0; hidden=0; nouse=0; global=0; static=0; extern=0; dir=0; type=0; pingpong=0; private_global=0; IO mode=ap_none:ce=0
Port [ p_read1]:  wired=1; compound=0; hidden=0; nouse=0; global=0; static=0; extern=0; dir=0; type=0; pingpong=0; private_global=0; IO mode=ap_none:ce=0
Port [ p_read2]:  wired=1; compound=0; hidden=0; nouse=0; global=0; static=0; extern=0; dir=0; type=0; pingpong=0; private_global=0; IO mode=ap_none:ce=0
Port [ p_read3]:  wired=1; compound=0; hidden=0; nouse=0; global=0; static=0; extern=0; dir=0; type=0; pingpong=0; private_global=0; IO mode=ap_none:ce=0
Port [ p_read4]:  wired=1; compound=0; hidden=0; nouse=0; global=0; static=0; extern=0; dir=0; type=0; pingpong=0; private_global=0; IO mode=ap_none:ce=0
Port [ p_read5]:  wired=1; compound=0; hidden=0; nouse=0; global=0; static=0; extern=0; dir=0; type=0; pingpong=0; private_global=0; IO mode=ap_none:ce=0
Port [ p_read6]:  wired=1; compound=0; hidden=0; nouse=0; global=0; static=0; extern=0; dir=0; type=0; pingpong=0; private_global=0; IO mode=ap_none:ce=0
Port [ p_read7]:  wired=1; compound=0; hidden=0; nouse=0; global=0; static=0; extern=0; dir=0; type=0; pingpong=0; private_global=0; IO mode=ap_none:ce=0
Port [ p_read8]:  wired=1; compound=0; hidden=0; nouse=0; global=0; static=0; extern=0; dir=0; type=0; pingpong=0; private_global=0; IO mode=ap_none:ce=0
Port [ p_read9]:  wired=1; compound=0; hidden=0; nouse=0; global=0; static=0; extern=0; dir=0; type=0; pingpong=0; private_global=0; IO mode=ap_none:ce=0
---------------- STG Properties END ------------------

---------------- Datapath Model BEGIN ----------------

<LifeTime>
<method=bitvector/>
p_read919              (read             ) [ 0111]
p_read818              (read             ) [ 0111]
p_read717              (read             ) [ 0110]
p_read616              (read             ) [ 0110]
p_read515              (read             ) [ 0110]
p_read414              (read             ) [ 0111]
p_read313              (read             ) [ 0110]
p_read212              (read             ) [ 0110]
p_read111              (read             ) [ 0110]
p_read_189             (read             ) [ 0110]
shl_ln                 (bitconcatenate   ) [ 0000]
zext_ln1273            (zext             ) [ 0000]
r_V                    (sub              ) [ 0000]
trunc_ln818_s          (partselect       ) [ 0000]
trunc_ln818_34_cast    (sext             ) [ 0000]
shl_ln1273_1           (bitconcatenate   ) [ 0000]
zext_ln1273_1          (zext             ) [ 0000]
r_V_25                 (sub              ) [ 0000]
trunc_ln               (partselect       ) [ 0000]
trunc_ln818_cast       (sext             ) [ 0000]
shl_ln1273_2           (bitconcatenate   ) [ 0000]
zext_ln1273_2          (zext             ) [ 0000]
r_V_26                 (sub              ) [ 0000]
trunc_ln818_23         (partselect       ) [ 0000]
sext_ln70              (sext             ) [ 0000]
shl_ln1273_3           (bitconcatenate   ) [ 0000]
zext_ln1273_3          (zext             ) [ 0000]
r_V_27                 (sub              ) [ 0000]
trunc_ln818_24         (partselect       ) [ 0000]
sext_ln70_1            (sext             ) [ 0000]
shl_ln1273_5           (bitconcatenate   ) [ 0000]
zext_ln1273_5          (zext             ) [ 0000]
r_V_29                 (sub              ) [ 0000]
trunc_ln818_26         (partselect       ) [ 0000]
sext_ln70_2            (sext             ) [ 0000]
shl_ln1273_6           (bitconcatenate   ) [ 0000]
zext_ln1273_6          (zext             ) [ 0000]
r_V_30                 (sub              ) [ 0000]
trunc_ln818_27         (partselect       ) [ 0000]
sext_ln70_3            (sext             ) [ 0000]
shl_ln1273_7           (bitconcatenate   ) [ 0000]
zext_ln1273_7          (zext             ) [ 0000]
r_V_31                 (sub              ) [ 0000]
trunc_ln818_28         (partselect       ) [ 0000]
sext_ln70_4            (sext             ) [ 0000]
add_ln813              (add              ) [ 0000]
sext_ln813_1           (sext             ) [ 0000]
add_ln813_15           (add              ) [ 0000]
sext_ln813_4           (sext             ) [ 0000]
add_ln813_16           (add              ) [ 0101]
add_ln813_18           (add              ) [ 0000]
sext_ln813_5           (sext             ) [ 0000]
add_ln813_19           (add              ) [ 0101]
specpipeline_ln33      (specpipeline     ) [ 0000]
specresourcelimit_ln33 (specresourcelimit) [ 0000]
shl_ln1273_4           (bitconcatenate   ) [ 0000]
zext_ln1273_4          (zext             ) [ 0000]
r_V_28                 (sub              ) [ 0000]
trunc_ln818_25         (partselect       ) [ 0000]
trunc_ln818_37_cast    (sext             ) [ 0000]
shl_ln1273_8           (bitconcatenate   ) [ 0000]
zext_ln1273_8          (zext             ) [ 0000]
r_V_32                 (sub              ) [ 0000]
trunc_ln818_29         (partselect       ) [ 0000]
sext_ln70_5            (sext             ) [ 0000]
shl_ln1273_9           (bitconcatenate   ) [ 0000]
zext_ln1273_9          (zext             ) [ 0000]
r_V_33                 (sub              ) [ 0000]
trunc_ln818_30         (partselect       ) [ 0000]
sext_ln813             (sext             ) [ 0000]
sext_ln813_2           (sext             ) [ 0000]
add_ln813_17           (add              ) [ 0000]
sext_ln813_6           (sext             ) [ 0000]
add_ln813_20           (add              ) [ 0000]
sext_ln813_3           (sext             ) [ 0000]
add_ln813_21           (add              ) [ 0000]
sext_ln813_7           (sext             ) [ 0000]
add_ln813_22           (add              ) [ 0000]
mrv                    (insertvalue      ) [ 0000]
mrv_1                  (insertvalue      ) [ 0000]
mrv_2                  (insertvalue      ) [ 0000]
mrv_3                  (insertvalue      ) [ 0000]
mrv_4                  (insertvalue      ) [ 0000]
mrv_5                  (insertvalue      ) [ 0000]
mrv_6                  (insertvalue      ) [ 0000]
mrv_7                  (insertvalue      ) [ 0000]
mrv_8                  (insertvalue      ) [ 0000]
mrv_9                  (insertvalue      ) [ 0000]
mrv_10                 (insertvalue      ) [ 0000]
mrv_11                 (insertvalue      ) [ 0000]
mrv_12                 (insertvalue      ) [ 0000]
mrv_13                 (insertvalue      ) [ 0000]
mrv_14                 (insertvalue      ) [ 0000]
mrv_15                 (insertvalue      ) [ 0000]
ret_ln68               (ret              ) [ 0000]
</LifeTime>

<model>

<comp_list>
<comp id="0" class="1000" name="p_read">
<pin_list>
<pin id="1" dir="1" index="0" bw="1" slack="0"/>
</pin_list>
<bind>
<StgValue><ssdm name="p_read"/></StgValue>
</bind>
</comp>

<comp id="2" class="1000" name="p_read1">
<pin_list>
<pin id="3" dir="1" index="0" bw="1" slack="0"/>
</pin_list>
<bind>
<StgValue><ssdm name="p_read1"/></StgValue>
</bind>
</comp>

<comp id="4" class="1000" name="p_read2">
<pin_list>
<pin id="5" dir="1" index="0" bw="1" slack="0"/>
</pin_list>
<bind>
<StgValue><ssdm name="p_read2"/></StgValue>
</bind>
</comp>

<comp id="6" class="1000" name="p_read3">
<pin_list>
<pin id="7" dir="1" index="0" bw="1" slack="0"/>
</pin_list>
<bind>
<StgValue><ssdm name="p_read3"/></StgValue>
</bind>
</comp>

<comp id="8" class="1000" name="p_read4">
<pin_list>
<pin id="9" dir="1" index="0" bw="1" slack="0"/>
</pin_list>
<bind>
<StgValue><ssdm name="p_read4"/></StgValue>
</bind>
</comp>

<comp id="10" class="1000" name="p_read5">
<pin_list>
<pin id="11" dir="1" index="0" bw="1" slack="0"/>
</pin_list>
<bind>
<StgValue><ssdm name="p_read5"/></StgValue>
</bind>
</comp>

<comp id="12" class="1000" name="p_read6">
<pin_list>
<pin id="13" dir="1" index="0" bw="1" slack="0"/>
</pin_list>
<bind>
<StgValue><ssdm name="p_read6"/></StgValue>
</bind>
</comp>

<comp id="14" class="1000" name="p_read7">
<pin_list>
<pin id="15" dir="1" index="0" bw="1" slack="0"/>
</pin_list>
<bind>
<StgValue><ssdm name="p_read7"/></StgValue>
</bind>
</comp>

<comp id="16" class="1000" name="p_read8">
<pin_list>
<pin id="17" dir="1" index="0" bw="1" slack="0"/>
</pin_list>
<bind>
<StgValue><ssdm name="p_read8"/></StgValue>
</bind>
</comp>

<comp id="18" class="1000" name="p_read9">
<pin_list>
<pin id="19" dir="1" index="0" bw="1" slack="0"/>
</pin_list>
<bind>
<StgValue><ssdm name="p_read9"/></StgValue>
</bind>
</comp>

<comp id="20" class="1001" name="const_20">
<pin_list>
<pin id="21" dir="1" index="0" bw="1" slack="0"/>
</pin_list>
<bind>
<StgValue><ssdm name="_ssdm_op_Read.ap_auto.i6"/></StgValue>
</bind>
</comp>

<comp id="22" class="1001" name="const_22">
<pin_list>
<pin id="23" dir="1" index="0" bw="1" slack="0"/>
</pin_list>
<bind>
<StgValue><ssdm name="_ssdm_op_BitConcatenate.i11.i6.i5"/></StgValue>
</bind>
</comp>

<comp id="24" class="1001" name="const_24">
<pin_list>
<pin id="25" dir="1" index="0" bw="1" slack="0"/>
</pin_list>
<bind>
<StgValue><ssdm name=""/></StgValue>
</bind>
</comp>

<comp id="26" class="1001" name="const_26">
<pin_list>
<pin id="27" dir="1" index="0" bw="1" slack="0"/>
</pin_list>
<bind>
<StgValue><ssdm name=""/></StgValue>
</bind>
</comp>

<comp id="28" class="1001" name="const_28">
<pin_list>
<pin id="29" dir="1" index="0" bw="1" slack="0"/>
</pin_list>
<bind>
<StgValue><ssdm name="_ssdm_op_PartSelect.i11.i12.i32.i32"/></StgValue>
</bind>
</comp>

<comp id="30" class="1001" name="const_30">
<pin_list>
<pin id="31" dir="1" index="0" bw="1" slack="0"/>
</pin_list>
<bind>
<StgValue><ssdm name=""/></StgValue>
</bind>
</comp>

<comp id="32" class="1001" name="const_32">
<pin_list>
<pin id="33" dir="1" index="0" bw="1" slack="0"/>
</pin_list>
<bind>
<StgValue><ssdm name=""/></StgValue>
</bind>
</comp>

<comp id="34" class="1001" name="const_34">
<pin_list>
<pin id="35" dir="1" index="0" bw="1" slack="2147483647"/>
</pin_list>
<bind>
<StgValue><ssdm name="_ssdm_op_SpecPipeline"/></StgValue>
</bind>
</comp>

<comp id="36" class="1001" name="const_36">
<pin_list>
<pin id="37" dir="1" index="0" bw="1" slack="2147483647"/>
</pin_list>
<bind>
<StgValue><ssdm name=""/></StgValue>
</bind>
</comp>

<comp id="38" class="1001" name="const_38">
<pin_list>
<pin id="39" dir="1" index="0" bw="1" slack="2147483647"/>
</pin_list>
<bind>
<StgValue><ssdm name="empty_3"/></StgValue>
</bind>
</comp>

<comp id="40" class="1001" name="const_40">
<pin_list>
<pin id="41" dir="1" index="0" bw="1" slack="2147483647"/>
</pin_list>
<bind>
<StgValue><ssdm name="_ssdm_op_SpecResourceLimit"/></StgValue>
</bind>
</comp>

<comp id="42" class="1001" name="const_42">
<pin_list>
<pin id="43" dir="1" index="0" bw="1" slack="2147483647"/>
</pin_list>
<bind>
<StgValue><ssdm name=""/></StgValue>
</bind>
</comp>

<comp id="44" class="1001" name="const_44">
<pin_list>
<pin id="45" dir="1" index="0" bw="1" slack="2147483647"/>
</pin_list>
<bind>
<StgValue><ssdm name="empty_5"/></StgValue>
</bind>
</comp>

<comp id="46" class="1001" name="const_46">
<pin_list>
<pin id="47" dir="1" index="0" bw="1" slack="0"/>
</pin_list>
<bind>
<StgValue><ssdm name=""/></StgValue>
</bind>
</comp>

<comp id="48" class="1004" name="p_read919_read_fu_48">
<pin_list>
<pin id="49" dir="0" index="0" bw="6" slack="0"/>
<pin id="50" dir="0" index="1" bw="6" slack="0"/>
<pin id="51" dir="1" index="2" bw="6" slack="2"/>
</pin_list>
<bind>
<opcode="read(1150) " fcode="read"/>
<opset="p_read919/1 "/>
</bind>
</comp>

<comp id="54" class="1004" name="p_read818_read_fu_54">
<pin_list>
<pin id="55" dir="0" index="0" bw="6" slack="0"/>
<pin id="56" dir="0" index="1" bw="6" slack="0"/>
<pin id="57" dir="1" index="2" bw="6" slack="2"/>
</pin_list>
<bind>
<opcode="read(1150) " fcode="read"/>
<opset="p_read818/1 "/>
</bind>
</comp>

<comp id="60" class="1004" name="p_read717_read_fu_60">
<pin_list>
<pin id="61" dir="0" index="0" bw="6" slack="0"/>
<pin id="62" dir="0" index="1" bw="6" slack="0"/>
<pin id="63" dir="1" index="2" bw="6" slack="1"/>
</pin_list>
<bind>
<opcode="read(1150) " fcode="read"/>
<opset="p_read717/1 "/>
</bind>
</comp>

<comp id="66" class="1004" name="p_read616_read_fu_66">
<pin_list>
<pin id="67" dir="0" index="0" bw="6" slack="0"/>
<pin id="68" dir="0" index="1" bw="6" slack="0"/>
<pin id="69" dir="1" index="2" bw="6" slack="1"/>
</pin_list>
<bind>
<opcode="read(1150) " fcode="read"/>
<opset="p_read616/1 "/>
</bind>
</comp>

<comp id="72" class="1004" name="p_read515_read_fu_72">
<pin_list>
<pin id="73" dir="0" index="0" bw="6" slack="0"/>
<pin id="74" dir="0" index="1" bw="6" slack="0"/>
<pin id="75" dir="1" index="2" bw="6" slack="1"/>
</pin_list>
<bind>
<opcode="read(1150) " fcode="read"/>
<opset="p_read515/1 "/>
</bind>
</comp>

<comp id="78" class="1004" name="p_read414_read_fu_78">
<pin_list>
<pin id="79" dir="0" index="0" bw="6" slack="0"/>
<pin id="80" dir="0" index="1" bw="6" slack="0"/>
<pin id="81" dir="1" index="2" bw="6" slack="2"/>
</pin_list>
<bind>
<opcode="read(1150) " fcode="read"/>
<opset="p_read414/1 "/>
</bind>
</comp>

<comp id="84" class="1004" name="p_read313_read_fu_84">
<pin_list>
<pin id="85" dir="0" index="0" bw="6" slack="0"/>
<pin id="86" dir="0" index="1" bw="6" slack="0"/>
<pin id="87" dir="1" index="2" bw="6" slack="1"/>
</pin_list>
<bind>
<opcode="read(1150) " fcode="read"/>
<opset="p_read313/1 "/>
</bind>
</comp>

<comp id="90" class="1004" name="p_read212_read_fu_90">
<pin_list>
<pin id="91" dir="0" index="0" bw="6" slack="0"/>
<pin id="92" dir="0" index="1" bw="6" slack="0"/>
<pin id="93" dir="1" index="2" bw="6" slack="1"/>
</pin_list>
<bind>
<opcode="read(1150) " fcode="read"/>
<opset="p_read212/1 "/>
</bind>
</comp>

<comp id="96" class="1004" name="p_read111_read_fu_96">
<pin_list>
<pin id="97" dir="0" index="0" bw="6" slack="0"/>
<pin id="98" dir="0" index="1" bw="6" slack="0"/>
<pin id="99" dir="1" index="2" bw="6" slack="1"/>
</pin_list>
<bind>
<opcode="read(1150) " fcode="read"/>
<opset="p_read111/1 "/>
</bind>
</comp>

<comp id="102" class="1004" name="p_read_189_read_fu_102">
<pin_list>
<pin id="103" dir="0" index="0" bw="6" slack="0"/>
<pin id="104" dir="0" index="1" bw="6" slack="0"/>
<pin id="105" dir="1" index="2" bw="6" slack="1"/>
</pin_list>
<bind>
<opcode="read(1150) " fcode="read"/>
<opset="p_read_189/1 "/>
</bind>
</comp>

<comp id="108" class="1004" name="shl_ln_fu_108">
<pin_list>
<pin id="109" dir="0" index="0" bw="11" slack="0"/>
<pin id="110" dir="0" index="1" bw="6" slack="1"/>
<pin id="111" dir="0" index="2" bw="1" slack="0"/>
<pin id="112" dir="1" index="3" bw="11" slack="0"/>
</pin_list>
<bind>
<opcode="bitconcatenate(1004) " fcode="bitconcatenate"/>
<opset="shl_ln/2 "/>
</bind>
</comp>

<comp id="115" class="1004" name="zext_ln1273_fu_115">
<pin_list>
<pin id="116" dir="0" index="0" bw="11" slack="0"/>
<pin id="117" dir="1" index="1" bw="12" slack="0"/>
</pin_list>
<bind>
<opcode="zext(34) " fcode="zext"/>
<opset="zext_ln1273/2 "/>
</bind>
</comp>

<comp id="119" class="1004" name="r_V_fu_119">
<pin_list>
<pin id="120" dir="0" index="0" bw="1" slack="0"/>
<pin id="121" dir="0" index="1" bw="11" slack="0"/>
<pin id="122" dir="1" index="2" bw="12" slack="0"/>
</pin_list>
<bind>
<opcode="sub(10) " fcode="sub"/>
<opset="r_V/2 "/>
</bind>
</comp>

<comp id="125" class="1004" name="trunc_ln818_s_fu_125">
<pin_list>
<pin id="126" dir="0" index="0" bw="11" slack="0"/>
<pin id="127" dir="0" index="1" bw="12" slack="0"/>
<pin id="128" dir="0" index="2" bw="1" slack="0"/>
<pin id="129" dir="0" index="3" bw="5" slack="0"/>
<pin id="130" dir="1" index="4" bw="11" slack="0"/>
</pin_list>
<bind>
<opcode="partselect(1002) " fcode="partselect"/>
<opset="trunc_ln818_s/2 "/>
</bind>
</comp>

<comp id="135" class="1004" name="trunc_ln818_34_cast_fu_135">
<pin_list>
<pin id="136" dir="0" index="0" bw="11" slack="0"/>
<pin id="137" dir="1" index="1" bw="12" slack="0"/>
</pin_list>
<bind>
<opcode="sext(35) " fcode="sext"/>
<opset="trunc_ln818_34_cast/2 "/>
</bind>
</comp>

<comp id="139" class="1004" name="shl_ln1273_1_fu_139">
<pin_list>
<pin id="140" dir="0" index="0" bw="11" slack="0"/>
<pin id="141" dir="0" index="1" bw="6" slack="1"/>
<pin id="142" dir="0" index="2" bw="1" slack="0"/>
<pin id="143" dir="1" index="3" bw="11" slack="0"/>
</pin_list>
<bind>
<opcode="bitconcatenate(1004) " fcode="bitconcatenate"/>
<opset="shl_ln1273_1/2 "/>
</bind>
</comp>

<comp id="146" class="1004" name="zext_ln1273_1_fu_146">
<pin_list>
<pin id="147" dir="0" index="0" bw="11" slack="0"/>
<pin id="148" dir="1" index="1" bw="12" slack="0"/>
</pin_list>
<bind>
<opcode="zext(34) " fcode="zext"/>
<opset="zext_ln1273_1/2 "/>
</bind>
</comp>

<comp id="150" class="1004" name="r_V_25_fu_150">
<pin_list>
<pin id="151" dir="0" index="0" bw="1" slack="0"/>
<pin id="152" dir="0" index="1" bw="11" slack="0"/>
<pin id="153" dir="1" index="2" bw="12" slack="0"/>
</pin_list>
<bind>
<opcode="sub(10) " fcode="sub"/>
<opset="r_V_25/2 "/>
</bind>
</comp>

<comp id="156" class="1004" name="trunc_ln_fu_156">
<pin_list>
<pin id="157" dir="0" index="0" bw="11" slack="0"/>
<pin id="158" dir="0" index="1" bw="12" slack="0"/>
<pin id="159" dir="0" index="2" bw="1" slack="0"/>
<pin id="160" dir="0" index="3" bw="5" slack="0"/>
<pin id="161" dir="1" index="4" bw="11" slack="0"/>
</pin_list>
<bind>
<opcode="partselect(1002) " fcode="partselect"/>
<opset="trunc_ln/2 "/>
</bind>
</comp>

<comp id="166" class="1004" name="trunc_ln818_cast_fu_166">
<pin_list>
<pin id="167" dir="0" index="0" bw="11" slack="0"/>
<pin id="168" dir="1" index="1" bw="12" slack="0"/>
</pin_list>
<bind>
<opcode="sext(35) " fcode="sext"/>
<opset="trunc_ln818_cast/2 "/>
</bind>
</comp>

<comp id="170" class="1004" name="shl_ln1273_2_fu_170">
<pin_list>
<pin id="171" dir="0" index="0" bw="11" slack="0"/>
<pin id="172" dir="0" index="1" bw="6" slack="1"/>
<pin id="173" dir="0" index="2" bw="1" slack="0"/>
<pin id="174" dir="1" index="3" bw="11" slack="0"/>
</pin_list>
<bind>
<opcode="bitconcatenate(1004) " fcode="bitconcatenate"/>
<opset="shl_ln1273_2/2 "/>
</bind>
</comp>

<comp id="177" class="1004" name="zext_ln1273_2_fu_177">
<pin_list>
<pin id="178" dir="0" index="0" bw="11" slack="0"/>
<pin id="179" dir="1" index="1" bw="12" slack="0"/>
</pin_list>
<bind>
<opcode="zext(34) " fcode="zext"/>
<opset="zext_ln1273_2/2 "/>
</bind>
</comp>

<comp id="181" class="1004" name="r_V_26_fu_181">
<pin_list>
<pin id="182" dir="0" index="0" bw="1" slack="0"/>
<pin id="183" dir="0" index="1" bw="11" slack="0"/>
<pin id="184" dir="1" index="2" bw="12" slack="0"/>
</pin_list>
<bind>
<opcode="sub(10) " fcode="sub"/>
<opset="r_V_26/2 "/>
</bind>
</comp>

<comp id="187" class="1004" name="trunc_ln818_23_fu_187">
<pin_list>
<pin id="188" dir="0" index="0" bw="11" slack="0"/>
<pin id="189" dir="0" index="1" bw="12" slack="0"/>
<pin id="190" dir="0" index="2" bw="1" slack="0"/>
<pin id="191" dir="0" index="3" bw="5" slack="0"/>
<pin id="192" dir="1" index="4" bw="11" slack="0"/>
</pin_list>
<bind>
<opcode="partselect(1002) " fcode="partselect"/>
<opset="trunc_ln818_23/2 "/>
</bind>
</comp>

<comp id="197" class="1004" name="sext_ln70_fu_197">
<pin_list>
<pin id="198" dir="0" index="0" bw="11" slack="0"/>
<pin id="199" dir="1" index="1" bw="12" slack="0"/>
</pin_list>
<bind>
<opcode="sext(35) " fcode="sext"/>
<opset="sext_ln70/2 "/>
</bind>
</comp>

<comp id="201" class="1004" name="shl_ln1273_3_fu_201">
<pin_list>
<pin id="202" dir="0" index="0" bw="11" slack="0"/>
<pin id="203" dir="0" index="1" bw="6" slack="1"/>
<pin id="204" dir="0" index="2" bw="1" slack="0"/>
<pin id="205" dir="1" index="3" bw="11" slack="0"/>
</pin_list>
<bind>
<opcode="bitconcatenate(1004) " fcode="bitconcatenate"/>
<opset="shl_ln1273_3/2 "/>
</bind>
</comp>

<comp id="208" class="1004" name="zext_ln1273_3_fu_208">
<pin_list>
<pin id="209" dir="0" index="0" bw="11" slack="0"/>
<pin id="210" dir="1" index="1" bw="12" slack="0"/>
</pin_list>
<bind>
<opcode="zext(34) " fcode="zext"/>
<opset="zext_ln1273_3/2 "/>
</bind>
</comp>

<comp id="212" class="1004" name="r_V_27_fu_212">
<pin_list>
<pin id="213" dir="0" index="0" bw="1" slack="0"/>
<pin id="214" dir="0" index="1" bw="11" slack="0"/>
<pin id="215" dir="1" index="2" bw="12" slack="0"/>
</pin_list>
<bind>
<opcode="sub(10) " fcode="sub"/>
<opset="r_V_27/2 "/>
</bind>
</comp>

<comp id="218" class="1004" name="trunc_ln818_24_fu_218">
<pin_list>
<pin id="219" dir="0" index="0" bw="11" slack="0"/>
<pin id="220" dir="0" index="1" bw="12" slack="0"/>
<pin id="221" dir="0" index="2" bw="1" slack="0"/>
<pin id="222" dir="0" index="3" bw="5" slack="0"/>
<pin id="223" dir="1" index="4" bw="11" slack="0"/>
</pin_list>
<bind>
<opcode="partselect(1002) " fcode="partselect"/>
<opset="trunc_ln818_24/2 "/>
</bind>
</comp>

<comp id="228" class="1004" name="sext_ln70_1_fu_228">
<pin_list>
<pin id="229" dir="0" index="0" bw="11" slack="0"/>
<pin id="230" dir="1" index="1" bw="12" slack="0"/>
</pin_list>
<bind>
<opcode="sext(35) " fcode="sext"/>
<opset="sext_ln70_1/2 "/>
</bind>
</comp>

<comp id="232" class="1004" name="shl_ln1273_5_fu_232">
<pin_list>
<pin id="233" dir="0" index="0" bw="11" slack="0"/>
<pin id="234" dir="0" index="1" bw="6" slack="1"/>
<pin id="235" dir="0" index="2" bw="1" slack="0"/>
<pin id="236" dir="1" index="3" bw="11" slack="0"/>
</pin_list>
<bind>
<opcode="bitconcatenate(1004) " fcode="bitconcatenate"/>
<opset="shl_ln1273_5/2 "/>
</bind>
</comp>

<comp id="239" class="1004" name="zext_ln1273_5_fu_239">
<pin_list>
<pin id="240" dir="0" index="0" bw="11" slack="0"/>
<pin id="241" dir="1" index="1" bw="12" slack="0"/>
</pin_list>
<bind>
<opcode="zext(34) " fcode="zext"/>
<opset="zext_ln1273_5/2 "/>
</bind>
</comp>

<comp id="243" class="1004" name="r_V_29_fu_243">
<pin_list>
<pin id="244" dir="0" index="0" bw="1" slack="0"/>
<pin id="245" dir="0" index="1" bw="11" slack="0"/>
<pin id="246" dir="1" index="2" bw="12" slack="0"/>
</pin_list>
<bind>
<opcode="sub(10) " fcode="sub"/>
<opset="r_V_29/2 "/>
</bind>
</comp>

<comp id="249" class="1004" name="trunc_ln818_26_fu_249">
<pin_list>
<pin id="250" dir="0" index="0" bw="11" slack="0"/>
<pin id="251" dir="0" index="1" bw="12" slack="0"/>
<pin id="252" dir="0" index="2" bw="1" slack="0"/>
<pin id="253" dir="0" index="3" bw="5" slack="0"/>
<pin id="254" dir="1" index="4" bw="11" slack="0"/>
</pin_list>
<bind>
<opcode="partselect(1002) " fcode="partselect"/>
<opset="trunc_ln818_26/2 "/>
</bind>
</comp>

<comp id="259" class="1004" name="sext_ln70_2_fu_259">
<pin_list>
<pin id="260" dir="0" index="0" bw="11" slack="0"/>
<pin id="261" dir="1" index="1" bw="13" slack="0"/>
</pin_list>
<bind>
<opcode="sext(35) " fcode="sext"/>
<opset="sext_ln70_2/2 "/>
</bind>
</comp>

<comp id="263" class="1004" name="shl_ln1273_6_fu_263">
<pin_list>
<pin id="264" dir="0" index="0" bw="11" slack="0"/>
<pin id="265" dir="0" index="1" bw="6" slack="1"/>
<pin id="266" dir="0" index="2" bw="1" slack="0"/>
<pin id="267" dir="1" index="3" bw="11" slack="0"/>
</pin_list>
<bind>
<opcode="bitconcatenate(1004) " fcode="bitconcatenate"/>
<opset="shl_ln1273_6/2 "/>
</bind>
</comp>

<comp id="270" class="1004" name="zext_ln1273_6_fu_270">
<pin_list>
<pin id="271" dir="0" index="0" bw="11" slack="0"/>
<pin id="272" dir="1" index="1" bw="12" slack="0"/>
</pin_list>
<bind>
<opcode="zext(34) " fcode="zext"/>
<opset="zext_ln1273_6/2 "/>
</bind>
</comp>

<comp id="274" class="1004" name="r_V_30_fu_274">
<pin_list>
<pin id="275" dir="0" index="0" bw="1" slack="0"/>
<pin id="276" dir="0" index="1" bw="11" slack="0"/>
<pin id="277" dir="1" index="2" bw="12" slack="0"/>
</pin_list>
<bind>
<opcode="sub(10) " fcode="sub"/>
<opset="r_V_30/2 "/>
</bind>
</comp>

<comp id="280" class="1004" name="trunc_ln818_27_fu_280">
<pin_list>
<pin id="281" dir="0" index="0" bw="11" slack="0"/>
<pin id="282" dir="0" index="1" bw="12" slack="0"/>
<pin id="283" dir="0" index="2" bw="1" slack="0"/>
<pin id="284" dir="0" index="3" bw="5" slack="0"/>
<pin id="285" dir="1" index="4" bw="11" slack="0"/>
</pin_list>
<bind>
<opcode="partselect(1002) " fcode="partselect"/>
<opset="trunc_ln818_27/2 "/>
</bind>
</comp>

<comp id="290" class="1004" name="sext_ln70_3_fu_290">
<pin_list>
<pin id="291" dir="0" index="0" bw="11" slack="0"/>
<pin id="292" dir="1" index="1" bw="12" slack="0"/>
</pin_list>
<bind>
<opcode="sext(35) " fcode="sext"/>
<opset="sext_ln70_3/2 "/>
</bind>
</comp>

<comp id="294" class="1004" name="shl_ln1273_7_fu_294">
<pin_list>
<pin id="295" dir="0" index="0" bw="11" slack="0"/>
<pin id="296" dir="0" index="1" bw="6" slack="1"/>
<pin id="297" dir="0" index="2" bw="1" slack="0"/>
<pin id="298" dir="1" index="3" bw="11" slack="0"/>
</pin_list>
<bind>
<opcode="bitconcatenate(1004) " fcode="bitconcatenate"/>
<opset="shl_ln1273_7/2 "/>
</bind>
</comp>

<comp id="301" class="1004" name="zext_ln1273_7_fu_301">
<pin_list>
<pin id="302" dir="0" index="0" bw="11" slack="0"/>
<pin id="303" dir="1" index="1" bw="12" slack="0"/>
</pin_list>
<bind>
<opcode="zext(34) " fcode="zext"/>
<opset="zext_ln1273_7/2 "/>
</bind>
</comp>

<comp id="305" class="1004" name="r_V_31_fu_305">
<pin_list>
<pin id="306" dir="0" index="0" bw="1" slack="0"/>
<pin id="307" dir="0" index="1" bw="11" slack="0"/>
<pin id="308" dir="1" index="2" bw="12" slack="0"/>
</pin_list>
<bind>
<opcode="sub(10) " fcode="sub"/>
<opset="r_V_31/2 "/>
</bind>
</comp>

<comp id="311" class="1004" name="trunc_ln818_28_fu_311">
<pin_list>
<pin id="312" dir="0" index="0" bw="11" slack="0"/>
<pin id="313" dir="0" index="1" bw="12" slack="0"/>
<pin id="314" dir="0" index="2" bw="1" slack="0"/>
<pin id="315" dir="0" index="3" bw="5" slack="0"/>
<pin id="316" dir="1" index="4" bw="11" slack="0"/>
</pin_list>
<bind>
<opcode="partselect(1002) " fcode="partselect"/>
<opset="trunc_ln818_28/2 "/>
</bind>
</comp>

<comp id="321" class="1004" name="sext_ln70_4_fu_321">
<pin_list>
<pin id="322" dir="0" index="0" bw="11" slack="0"/>
<pin id="323" dir="1" index="1" bw="12" slack="0"/>
</pin_list>
<bind>
<opcode="sext(35) " fcode="sext"/>
<opset="sext_ln70_4/2 "/>
</bind>
</comp>

<comp id="325" class="1004" name="add_ln813_fu_325">
<pin_list>
<pin id="326" dir="0" index="0" bw="11" slack="0"/>
<pin id="327" dir="0" index="1" bw="11" slack="0"/>
<pin id="328" dir="1" index="2" bw="12" slack="0"/>
</pin_list>
<bind>
<opcode="add(8) " fcode="add"/>
<opset="add_ln813/2 "/>
</bind>
</comp>

<comp id="331" class="1004" name="sext_ln813_1_fu_331">
<pin_list>
<pin id="332" dir="0" index="0" bw="12" slack="0"/>
<pin id="333" dir="1" index="1" bw="13" slack="0"/>
</pin_list>
<bind>
<opcode="sext(35) " fcode="sext"/>
<opset="sext_ln813_1/2 "/>
</bind>
</comp>

<comp id="335" class="1004" name="add_ln813_15_fu_335">
<pin_list>
<pin id="336" dir="0" index="0" bw="11" slack="0"/>
<pin id="337" dir="0" index="1" bw="11" slack="0"/>
<pin id="338" dir="1" index="2" bw="12" slack="0"/>
</pin_list>
<bind>
<opcode="add(8) " fcode="add"/>
<opset="add_ln813_15/2 "/>
</bind>
</comp>

<comp id="341" class="1004" name="sext_ln813_4_fu_341">
<pin_list>
<pin id="342" dir="0" index="0" bw="12" slack="0"/>
<pin id="343" dir="1" index="1" bw="13" slack="0"/>
</pin_list>
<bind>
<opcode="sext(35) " fcode="sext"/>
<opset="sext_ln813_4/2 "/>
</bind>
</comp>

<comp id="345" class="1004" name="add_ln813_16_fu_345">
<pin_list>
<pin id="346" dir="0" index="0" bw="12" slack="0"/>
<pin id="347" dir="0" index="1" bw="12" slack="0"/>
<pin id="348" dir="1" index="2" bw="13" slack="1"/>
</pin_list>
<bind>
<opcode="add(8) " fcode="add"/>
<opset="add_ln813_16/2 "/>
</bind>
</comp>

<comp id="351" class="1004" name="add_ln813_18_fu_351">
<pin_list>
<pin id="352" dir="0" index="0" bw="11" slack="0"/>
<pin id="353" dir="0" index="1" bw="11" slack="0"/>
<pin id="354" dir="1" index="2" bw="12" slack="0"/>
</pin_list>
<bind>
<opcode="add(8) " fcode="add"/>
<opset="add_ln813_18/2 "/>
</bind>
</comp>

<comp id="357" class="1004" name="sext_ln813_5_fu_357">
<pin_list>
<pin id="358" dir="0" index="0" bw="12" slack="0"/>
<pin id="359" dir="1" index="1" bw="13" slack="0"/>
</pin_list>
<bind>
<opcode="sext(35) " fcode="sext"/>
<opset="sext_ln813_5/2 "/>
</bind>
</comp>

<comp id="361" class="1004" name="add_ln813_19_fu_361">
<pin_list>
<pin id="362" dir="0" index="0" bw="12" slack="0"/>
<pin id="363" dir="0" index="1" bw="11" slack="0"/>
<pin id="364" dir="1" index="2" bw="13" slack="1"/>
</pin_list>
<bind>
<opcode="add(8) " fcode="add"/>
<opset="add_ln813_19/2 "/>
</bind>
</comp>

<comp id="367" class="1004" name="shl_ln1273_4_fu_367">
<pin_list>
<pin id="368" dir="0" index="0" bw="11" slack="0"/>
<pin id="369" dir="0" index="1" bw="6" slack="2"/>
<pin id="370" dir="0" index="2" bw="1" slack="0"/>
<pin id="371" dir="1" index="3" bw="11" slack="0"/>
</pin_list>
<bind>
<opcode="bitconcatenate(1004) " fcode="bitconcatenate"/>
<opset="shl_ln1273_4/3 "/>
</bind>
</comp>

<comp id="374" class="1004" name="zext_ln1273_4_fu_374">
<pin_list>
<pin id="375" dir="0" index="0" bw="11" slack="0"/>
<pin id="376" dir="1" index="1" bw="12" slack="0"/>
</pin_list>
<bind>
<opcode="zext(34) " fcode="zext"/>
<opset="zext_ln1273_4/3 "/>
</bind>
</comp>

<comp id="378" class="1004" name="r_V_28_fu_378">
<pin_list>
<pin id="379" dir="0" index="0" bw="1" slack="0"/>
<pin id="380" dir="0" index="1" bw="11" slack="0"/>
<pin id="381" dir="1" index="2" bw="12" slack="0"/>
</pin_list>
<bind>
<opcode="sub(10) " fcode="sub"/>
<opset="r_V_28/3 "/>
</bind>
</comp>

<comp id="384" class="1004" name="trunc_ln818_25_fu_384">
<pin_list>
<pin id="385" dir="0" index="0" bw="11" slack="0"/>
<pin id="386" dir="0" index="1" bw="12" slack="0"/>
<pin id="387" dir="0" index="2" bw="1" slack="0"/>
<pin id="388" dir="0" index="3" bw="5" slack="0"/>
<pin id="389" dir="1" index="4" bw="11" slack="0"/>
</pin_list>
<bind>
<opcode="partselect(1002) " fcode="partselect"/>
<opset="trunc_ln818_25/3 "/>
</bind>
</comp>

<comp id="394" class="1004" name="trunc_ln818_37_cast_fu_394">
<pin_list>
<pin id="395" dir="0" index="0" bw="11" slack="0"/>
<pin id="396" dir="1" index="1" bw="14" slack="0"/>
</pin_list>
<bind>
<opcode="sext(35) " fcode="sext"/>
<opset="trunc_ln818_37_cast/3 "/>
</bind>
</comp>

<comp id="398" class="1004" name="shl_ln1273_8_fu_398">
<pin_list>
<pin id="399" dir="0" index="0" bw="11" slack="0"/>
<pin id="400" dir="0" index="1" bw="6" slack="2"/>
<pin id="401" dir="0" index="2" bw="1" slack="0"/>
<pin id="402" dir="1" index="3" bw="11" slack="0"/>
</pin_list>
<bind>
<opcode="bitconcatenate(1004) " fcode="bitconcatenate"/>
<opset="shl_ln1273_8/3 "/>
</bind>
</comp>

<comp id="405" class="1004" name="zext_ln1273_8_fu_405">
<pin_list>
<pin id="406" dir="0" index="0" bw="11" slack="0"/>
<pin id="407" dir="1" index="1" bw="12" slack="0"/>
</pin_list>
<bind>
<opcode="zext(34) " fcode="zext"/>
<opset="zext_ln1273_8/3 "/>
</bind>
</comp>

<comp id="409" class="1004" name="r_V_32_fu_409">
<pin_list>
<pin id="410" dir="0" index="0" bw="1" slack="0"/>
<pin id="411" dir="0" index="1" bw="11" slack="0"/>
<pin id="412" dir="1" index="2" bw="12" slack="0"/>
</pin_list>
<bind>
<opcode="sub(10) " fcode="sub"/>
<opset="r_V_32/3 "/>
</bind>
</comp>

<comp id="415" class="1004" name="trunc_ln818_29_fu_415">
<pin_list>
<pin id="416" dir="0" index="0" bw="11" slack="0"/>
<pin id="417" dir="0" index="1" bw="12" slack="0"/>
<pin id="418" dir="0" index="2" bw="1" slack="0"/>
<pin id="419" dir="0" index="3" bw="5" slack="0"/>
<pin id="420" dir="1" index="4" bw="11" slack="0"/>
</pin_list>
<bind>
<opcode="partselect(1002) " fcode="partselect"/>
<opset="trunc_ln818_29/3 "/>
</bind>
</comp>

<comp id="425" class="1004" name="sext_ln70_5_fu_425">
<pin_list>
<pin id="426" dir="0" index="0" bw="11" slack="0"/>
<pin id="427" dir="1" index="1" bw="12" slack="0"/>
</pin_list>
<bind>
<opcode="sext(35) " fcode="sext"/>
<opset="sext_ln70_5/3 "/>
</bind>
</comp>

<comp id="429" class="1004" name="shl_ln1273_9_fu_429">
<pin_list>
<pin id="430" dir="0" index="0" bw="11" slack="0"/>
<pin id="431" dir="0" index="1" bw="6" slack="2"/>
<pin id="432" dir="0" index="2" bw="1" slack="0"/>
<pin id="433" dir="1" index="3" bw="11" slack="0"/>
</pin_list>
<bind>
<opcode="bitconcatenate(1004) " fcode="bitconcatenate"/>
<opset="shl_ln1273_9/3 "/>
</bind>
</comp>

<comp id="436" class="1004" name="zext_ln1273_9_fu_436">
<pin_list>
<pin id="437" dir="0" index="0" bw="11" slack="0"/>
<pin id="438" dir="1" index="1" bw="12" slack="0"/>
</pin_list>
<bind>
<opcode="zext(34) " fcode="zext"/>
<opset="zext_ln1273_9/3 "/>
</bind>
</comp>

<comp id="440" class="1004" name="r_V_33_fu_440">
<pin_list>
<pin id="441" dir="0" index="0" bw="1" slack="0"/>
<pin id="442" dir="0" index="1" bw="11" slack="0"/>
<pin id="443" dir="1" index="2" bw="12" slack="0"/>
</pin_list>
<bind>
<opcode="sub(10) " fcode="sub"/>
<opset="r_V_33/3 "/>
</bind>
</comp>

<comp id="446" class="1004" name="trunc_ln818_30_fu_446">
<pin_list>
<pin id="447" dir="0" index="0" bw="11" slack="0"/>
<pin id="448" dir="0" index="1" bw="12" slack="0"/>
<pin id="449" dir="0" index="2" bw="1" slack="0"/>
<pin id="450" dir="0" index="3" bw="5" slack="0"/>
<pin id="451" dir="1" index="4" bw="11" slack="0"/>
</pin_list>
<bind>
<opcode="partselect(1002) " fcode="partselect"/>
<opset="trunc_ln818_30/3 "/>
</bind>
</comp>

<comp id="456" class="1004" name="sext_ln813_fu_456">
<pin_list>
<pin id="457" dir="0" index="0" bw="11" slack="0"/>
<pin id="458" dir="1" index="1" bw="12" slack="0"/>
</pin_list>
<bind>
<opcode="sext(35) " fcode="sext"/>
<opset="sext_ln813/3 "/>
</bind>
</comp>

<comp id="460" class="1004" name="sext_ln813_2_fu_460">
<pin_list>
<pin id="461" dir="0" index="0" bw="13" slack="1"/>
<pin id="462" dir="1" index="1" bw="14" slack="0"/>
</pin_list>
<bind>
<opcode="sext(35) " fcode="sext"/>
<opset="sext_ln813_2/3 "/>
</bind>
</comp>

<comp id="463" class="1004" name="add_ln813_17_fu_463">
<pin_list>
<pin id="464" dir="0" index="0" bw="13" slack="0"/>
<pin id="465" dir="0" index="1" bw="11" slack="0"/>
<pin id="466" dir="1" index="2" bw="14" slack="0"/>
</pin_list>
<bind>
<opcode="add(8) " fcode="add"/>
<opset="add_ln813_17/3 "/>
</bind>
</comp>

<comp id="469" class="1004" name="sext_ln813_6_fu_469">
<pin_list>
<pin id="470" dir="0" index="0" bw="13" slack="1"/>
<pin id="471" dir="1" index="1" bw="14" slack="0"/>
</pin_list>
<bind>
<opcode="sext(35) " fcode="sext"/>
<opset="sext_ln813_6/3 "/>
</bind>
</comp>

<comp id="472" class="1004" name="add_ln813_20_fu_472">
<pin_list>
<pin id="473" dir="0" index="0" bw="13" slack="0"/>
<pin id="474" dir="0" index="1" bw="14" slack="0"/>
<pin id="475" dir="1" index="2" bw="14" slack="0"/>
</pin_list>
<bind>
<opcode="add(8) " fcode="add"/>
<opset="add_ln813_20/3 "/>
</bind>
</comp>

<comp id="478" class="1004" name="sext_ln813_3_fu_478">
<pin_list>
<pin id="479" dir="0" index="0" bw="14" slack="0"/>
<pin id="480" dir="1" index="1" bw="15" slack="0"/>
</pin_list>
<bind>
<opcode="sext(35) " fcode="sext"/>
<opset="sext_ln813_3/3 "/>
</bind>
</comp>

<comp id="482" class="1004" name="add_ln813_21_fu_482">
<pin_list>
<pin id="483" dir="0" index="0" bw="11" slack="0"/>
<pin id="484" dir="0" index="1" bw="11" slack="0"/>
<pin id="485" dir="1" index="2" bw="12" slack="0"/>
</pin_list>
<bind>
<opcode="add(8) " fcode="add"/>
<opset="add_ln813_21/3 "/>
</bind>
</comp>

<comp id="488" class="1004" name="sext_ln813_7_fu_488">
<pin_list>
<pin id="489" dir="0" index="0" bw="12" slack="0"/>
<pin id="490" dir="1" index="1" bw="15" slack="0"/>
</pin_list>
<bind>
<opcode="sext(35) " fcode="sext"/>
<opset="sext_ln813_7/3 "/>
</bind>
</comp>

<comp id="492" class="1004" name="add_ln813_22_fu_492">
<pin_list>
<pin id="493" dir="0" index="0" bw="12" slack="0"/>
<pin id="494" dir="0" index="1" bw="14" slack="0"/>
<pin id="495" dir="1" index="2" bw="15" slack="0"/>
</pin_list>
<bind>
<opcode="add(8) " fcode="add"/>
<opset="add_ln813_22/3 "/>
</bind>
</comp>

<comp id="498" class="1004" name="mrv_fu_498">
<pin_list>
<pin id="499" dir="0" index="0" bw="240" slack="0"/>
<pin id="500" dir="0" index="1" bw="15" slack="0"/>
<pin id="501" dir="1" index="2" bw="240" slack="0"/>
</pin_list>
<bind>
<opcode="insertvalue(57) " fcode="insertvalue"/>
<opset="mrv/3 "/>
</bind>
</comp>

<comp id="504" class="1004" name="mrv_1_fu_504">
<pin_list>
<pin id="505" dir="0" index="0" bw="240" slack="0"/>
<pin id="506" dir="0" index="1" bw="15" slack="0"/>
<pin id="507" dir="1" index="2" bw="240" slack="0"/>
</pin_list>
<bind>
<opcode="insertvalue(57) " fcode="insertvalue"/>
<opset="mrv_1/3 "/>
</bind>
</comp>

<comp id="510" class="1004" name="mrv_2_fu_510">
<pin_list>
<pin id="511" dir="0" index="0" bw="240" slack="0"/>
<pin id="512" dir="0" index="1" bw="15" slack="0"/>
<pin id="513" dir="1" index="2" bw="240" slack="0"/>
</pin_list>
<bind>
<opcode="insertvalue(57) " fcode="insertvalue"/>
<opset="mrv_2/3 "/>
</bind>
</comp>

<comp id="516" class="1004" name="mrv_3_fu_516">
<pin_list>
<pin id="517" dir="0" index="0" bw="240" slack="0"/>
<pin id="518" dir="0" index="1" bw="15" slack="0"/>
<pin id="519" dir="1" index="2" bw="240" slack="0"/>
</pin_list>
<bind>
<opcode="insertvalue(57) " fcode="insertvalue"/>
<opset="mrv_3/3 "/>
</bind>
</comp>

<comp id="522" class="1004" name="mrv_4_fu_522">
<pin_list>
<pin id="523" dir="0" index="0" bw="240" slack="0"/>
<pin id="524" dir="0" index="1" bw="15" slack="0"/>
<pin id="525" dir="1" index="2" bw="240" slack="0"/>
</pin_list>
<bind>
<opcode="insertvalue(57) " fcode="insertvalue"/>
<opset="mrv_4/3 "/>
</bind>
</comp>

<comp id="528" class="1004" name="mrv_5_fu_528">
<pin_list>
<pin id="529" dir="0" index="0" bw="240" slack="0"/>
<pin id="530" dir="0" index="1" bw="15" slack="0"/>
<pin id="531" dir="1" index="2" bw="240" slack="0"/>
</pin_list>
<bind>
<opcode="insertvalue(57) " fcode="insertvalue"/>
<opset="mrv_5/3 "/>
</bind>
</comp>

<comp id="534" class="1004" name="mrv_6_fu_534">
<pin_list>
<pin id="535" dir="0" index="0" bw="240" slack="0"/>
<pin id="536" dir="0" index="1" bw="15" slack="0"/>
<pin id="537" dir="1" index="2" bw="240" slack="0"/>
</pin_list>
<bind>
<opcode="insertvalue(57) " fcode="insertvalue"/>
<opset="mrv_6/3 "/>
</bind>
</comp>

<comp id="540" class="1004" name="mrv_7_fu_540">
<pin_list>
<pin id="541" dir="0" index="0" bw="240" slack="0"/>
<pin id="542" dir="0" index="1" bw="15" slack="0"/>
<pin id="543" dir="1" index="2" bw="240" slack="0"/>
</pin_list>
<bind>
<opcode="insertvalue(57) " fcode="insertvalue"/>
<opset="mrv_7/3 "/>
</bind>
</comp>

<comp id="546" class="1004" name="mrv_8_fu_546">
<pin_list>
<pin id="547" dir="0" index="0" bw="240" slack="0"/>
<pin id="548" dir="0" index="1" bw="15" slack="0"/>
<pin id="549" dir="1" index="2" bw="240" slack="0"/>
</pin_list>
<bind>
<opcode="insertvalue(57) " fcode="insertvalue"/>
<opset="mrv_8/3 "/>
</bind>
</comp>

<comp id="552" class="1004" name="mrv_9_fu_552">
<pin_list>
<pin id="553" dir="0" index="0" bw="240" slack="0"/>
<pin id="554" dir="0" index="1" bw="15" slack="0"/>
<pin id="555" dir="1" index="2" bw="240" slack="0"/>
</pin_list>
<bind>
<opcode="insertvalue(57) " fcode="insertvalue"/>
<opset="mrv_9/3 "/>
</bind>
</comp>

<comp id="558" class="1004" name="mrv_10_fu_558">
<pin_list>
<pin id="559" dir="0" index="0" bw="240" slack="0"/>
<pin id="560" dir="0" index="1" bw="15" slack="0"/>
<pin id="561" dir="1" index="2" bw="240" slack="0"/>
</pin_list>
<bind>
<opcode="insertvalue(57) " fcode="insertvalue"/>
<opset="mrv_10/3 "/>
</bind>
</comp>

<comp id="564" class="1004" name="mrv_11_fu_564">
<pin_list>
<pin id="565" dir="0" index="0" bw="240" slack="0"/>
<pin id="566" dir="0" index="1" bw="15" slack="0"/>
<pin id="567" dir="1" index="2" bw="240" slack="0"/>
</pin_list>
<bind>
<opcode="insertvalue(57) " fcode="insertvalue"/>
<opset="mrv_11/3 "/>
</bind>
</comp>

<comp id="570" class="1004" name="mrv_12_fu_570">
<pin_list>
<pin id="571" dir="0" index="0" bw="240" slack="0"/>
<pin id="572" dir="0" index="1" bw="15" slack="0"/>
<pin id="573" dir="1" index="2" bw="240" slack="0"/>
</pin_list>
<bind>
<opcode="insertvalue(57) " fcode="insertvalue"/>
<opset="mrv_12/3 "/>
</bind>
</comp>

<comp id="576" class="1004" name="mrv_13_fu_576">
<pin_list>
<pin id="577" dir="0" index="0" bw="240" slack="0"/>
<pin id="578" dir="0" index="1" bw="15" slack="0"/>
<pin id="579" dir="1" index="2" bw="240" slack="0"/>
</pin_list>
<bind>
<opcode="insertvalue(57) " fcode="insertvalue"/>
<opset="mrv_13/3 "/>
</bind>
</comp>

<comp id="582" class="1004" name="mrv_14_fu_582">
<pin_list>
<pin id="583" dir="0" index="0" bw="240" slack="0"/>
<pin id="584" dir="0" index="1" bw="15" slack="0"/>
<pin id="585" dir="1" index="2" bw="240" slack="0"/>
</pin_list>
<bind>
<opcode="insertvalue(57) " fcode="insertvalue"/>
<opset="mrv_14/3 "/>
</bind>
</comp>

<comp id="588" class="1004" name="mrv_15_fu_588">
<pin_list>
<pin id="589" dir="0" index="0" bw="240" slack="0"/>
<pin id="590" dir="0" index="1" bw="15" slack="0"/>
<pin id="591" dir="1" index="2" bw="240" slack="2147483647"/>
</pin_list>
<bind>
<opcode="insertvalue(57) " fcode="insertvalue"/>
<opset="mrv_15/3 "/>
</bind>
</comp>

<comp id="594" class="1005" name="p_read919_reg_594">
<pin_list>
<pin id="595" dir="0" index="0" bw="6" slack="2"/>
<pin id="596" dir="1" index="1" bw="6" slack="2"/>
</pin_list>
<bind>
<opset="p_read919 "/>
</bind>
</comp>

<comp id="599" class="1005" name="p_read818_reg_599">
<pin_list>
<pin id="600" dir="0" index="0" bw="6" slack="2"/>
<pin id="601" dir="1" index="1" bw="6" slack="2"/>
</pin_list>
<bind>
<opset="p_read818 "/>
</bind>
</comp>

<comp id="604" class="1005" name="p_read717_reg_604">
<pin_list>
<pin id="605" dir="0" index="0" bw="6" slack="1"/>
<pin id="606" dir="1" index="1" bw="6" slack="1"/>
</pin_list>
<bind>
<opset="p_read717 "/>
</bind>
</comp>

<comp id="609" class="1005" name="p_read616_reg_609">
<pin_list>
<pin id="610" dir="0" index="0" bw="6" slack="1"/>
<pin id="611" dir="1" index="1" bw="6" slack="1"/>
</pin_list>
<bind>
<opset="p_read616 "/>
</bind>
</comp>

<comp id="614" class="1005" name="p_read515_reg_614">
<pin_list>
<pin id="615" dir="0" index="0" bw="6" slack="1"/>
<pin id="616" dir="1" index="1" bw="6" slack="1"/>
</pin_list>
<bind>
<opset="p_read515 "/>
</bind>
</comp>

<comp id="619" class="1005" name="p_read414_reg_619">
<pin_list>
<pin id="620" dir="0" index="0" bw="6" slack="2"/>
<pin id="621" dir="1" index="1" bw="6" slack="2"/>
</pin_list>
<bind>
<opset="p_read414 "/>
</bind>
</comp>

<comp id="624" class="1005" name="p_read313_reg_624">
<pin_list>
<pin id="625" dir="0" index="0" bw="6" slack="1"/>
<pin id="626" dir="1" index="1" bw="6" slack="1"/>
</pin_list>
<bind>
<opset="p_read313 "/>
</bind>
</comp>

<comp id="629" class="1005" name="p_read212_reg_629">
<pin_list>
<pin id="630" dir="0" index="0" bw="6" slack="1"/>
<pin id="631" dir="1" index="1" bw="6" slack="1"/>
</pin_list>
<bind>
<opset="p_read212 "/>
</bind>
</comp>

<comp id="634" class="1005" name="p_read111_reg_634">
<pin_list>
<pin id="635" dir="0" index="0" bw="6" slack="1"/>
<pin id="636" dir="1" index="1" bw="6" slack="1"/>
</pin_list>
<bind>
<opset="p_read111 "/>
</bind>
</comp>

<comp id="639" class="1005" name="p_read_189_reg_639">
<pin_list>
<pin id="640" dir="0" index="0" bw="6" slack="1"/>
<pin id="641" dir="1" index="1" bw="6" slack="1"/>
</pin_list>
<bind>
<opset="p_read_189 "/>
</bind>
</comp>

<comp id="644" class="1005" name="add_ln813_16_reg_644">
<pin_list>
<pin id="645" dir="0" index="0" bw="13" slack="1"/>
<pin id="646" dir="1" index="1" bw="13" slack="1"/>
</pin_list>
<bind>
<opset="add_ln813_16 "/>
</bind>
</comp>

<comp id="649" class="1005" name="add_ln813_19_reg_649">
<pin_list>
<pin id="650" dir="0" index="0" bw="13" slack="1"/>
<pin id="651" dir="1" index="1" bw="13" slack="1"/>
</pin_list>
<bind>
<opset="add_ln813_19 "/>
</bind>
</comp>

</comp_list>

<net_list>
<net id="52"><net_src comp="20" pin="0"/><net_sink comp="48" pin=0"/></net>

<net id="53"><net_src comp="18" pin="0"/><net_sink comp="48" pin=1"/></net>

<net id="58"><net_src comp="20" pin="0"/><net_sink comp="54" pin=0"/></net>

<net id="59"><net_src comp="16" pin="0"/><net_sink comp="54" pin=1"/></net>

<net id="64"><net_src comp="20" pin="0"/><net_sink comp="60" pin=0"/></net>

<net id="65"><net_src comp="14" pin="0"/><net_sink comp="60" pin=1"/></net>

<net id="70"><net_src comp="20" pin="0"/><net_sink comp="66" pin=0"/></net>

<net id="71"><net_src comp="12" pin="0"/><net_sink comp="66" pin=1"/></net>

<net id="76"><net_src comp="20" pin="0"/><net_sink comp="72" pin=0"/></net>

<net id="77"><net_src comp="10" pin="0"/><net_sink comp="72" pin=1"/></net>

<net id="82"><net_src comp="20" pin="0"/><net_sink comp="78" pin=0"/></net>

<net id="83"><net_src comp="8" pin="0"/><net_sink comp="78" pin=1"/></net>

<net id="88"><net_src comp="20" pin="0"/><net_sink comp="84" pin=0"/></net>

<net id="89"><net_src comp="6" pin="0"/><net_sink comp="84" pin=1"/></net>

<net id="94"><net_src comp="20" pin="0"/><net_sink comp="90" pin=0"/></net>

<net id="95"><net_src comp="4" pin="0"/><net_sink comp="90" pin=1"/></net>

<net id="100"><net_src comp="20" pin="0"/><net_sink comp="96" pin=0"/></net>

<net id="101"><net_src comp="2" pin="0"/><net_sink comp="96" pin=1"/></net>

<net id="106"><net_src comp="20" pin="0"/><net_sink comp="102" pin=0"/></net>

<net id="107"><net_src comp="0" pin="0"/><net_sink comp="102" pin=1"/></net>

<net id="113"><net_src comp="22" pin="0"/><net_sink comp="108" pin=0"/></net>

<net id="114"><net_src comp="24" pin="0"/><net_sink comp="108" pin=2"/></net>

<net id="118"><net_src comp="108" pin="3"/><net_sink comp="115" pin=0"/></net>

<net id="123"><net_src comp="26" pin="0"/><net_sink comp="119" pin=0"/></net>

<net id="124"><net_src comp="115" pin="1"/><net_sink comp="119" pin=1"/></net>

<net id="131"><net_src comp="28" pin="0"/><net_sink comp="125" pin=0"/></net>

<net id="132"><net_src comp="119" pin="2"/><net_sink comp="125" pin=1"/></net>

<net id="133"><net_src comp="30" pin="0"/><net_sink comp="125" pin=2"/></net>

<net id="134"><net_src comp="32" pin="0"/><net_sink comp="125" pin=3"/></net>

<net id="138"><net_src comp="125" pin="4"/><net_sink comp="135" pin=0"/></net>

<net id="144"><net_src comp="22" pin="0"/><net_sink comp="139" pin=0"/></net>

<net id="145"><net_src comp="24" pin="0"/><net_sink comp="139" pin=2"/></net>

<net id="149"><net_src comp="139" pin="3"/><net_sink comp="146" pin=0"/></net>

<net id="154"><net_src comp="26" pin="0"/><net_sink comp="150" pin=0"/></net>

<net id="155"><net_src comp="146" pin="1"/><net_sink comp="150" pin=1"/></net>

<net id="162"><net_src comp="28" pin="0"/><net_sink comp="156" pin=0"/></net>

<net id="163"><net_src comp="150" pin="2"/><net_sink comp="156" pin=1"/></net>

<net id="164"><net_src comp="30" pin="0"/><net_sink comp="156" pin=2"/></net>

<net id="165"><net_src comp="32" pin="0"/><net_sink comp="156" pin=3"/></net>

<net id="169"><net_src comp="156" pin="4"/><net_sink comp="166" pin=0"/></net>

<net id="175"><net_src comp="22" pin="0"/><net_sink comp="170" pin=0"/></net>

<net id="176"><net_src comp="24" pin="0"/><net_sink comp="170" pin=2"/></net>

<net id="180"><net_src comp="170" pin="3"/><net_sink comp="177" pin=0"/></net>

<net id="185"><net_src comp="26" pin="0"/><net_sink comp="181" pin=0"/></net>

<net id="186"><net_src comp="177" pin="1"/><net_sink comp="181" pin=1"/></net>

<net id="193"><net_src comp="28" pin="0"/><net_sink comp="187" pin=0"/></net>

<net id="194"><net_src comp="181" pin="2"/><net_sink comp="187" pin=1"/></net>

<net id="195"><net_src comp="30" pin="0"/><net_sink comp="187" pin=2"/></net>

<net id="196"><net_src comp="32" pin="0"/><net_sink comp="187" pin=3"/></net>

<net id="200"><net_src comp="187" pin="4"/><net_sink comp="197" pin=0"/></net>

<net id="206"><net_src comp="22" pin="0"/><net_sink comp="201" pin=0"/></net>

<net id="207"><net_src comp="24" pin="0"/><net_sink comp="201" pin=2"/></net>

<net id="211"><net_src comp="201" pin="3"/><net_sink comp="208" pin=0"/></net>

<net id="216"><net_src comp="26" pin="0"/><net_sink comp="212" pin=0"/></net>

<net id="217"><net_src comp="208" pin="1"/><net_sink comp="212" pin=1"/></net>

<net id="224"><net_src comp="28" pin="0"/><net_sink comp="218" pin=0"/></net>

<net id="225"><net_src comp="212" pin="2"/><net_sink comp="218" pin=1"/></net>

<net id="226"><net_src comp="30" pin="0"/><net_sink comp="218" pin=2"/></net>

<net id="227"><net_src comp="32" pin="0"/><net_sink comp="218" pin=3"/></net>

<net id="231"><net_src comp="218" pin="4"/><net_sink comp="228" pin=0"/></net>

<net id="237"><net_src comp="22" pin="0"/><net_sink comp="232" pin=0"/></net>

<net id="238"><net_src comp="24" pin="0"/><net_sink comp="232" pin=2"/></net>

<net id="242"><net_src comp="232" pin="3"/><net_sink comp="239" pin=0"/></net>

<net id="247"><net_src comp="26" pin="0"/><net_sink comp="243" pin=0"/></net>

<net id="248"><net_src comp="239" pin="1"/><net_sink comp="243" pin=1"/></net>

<net id="255"><net_src comp="28" pin="0"/><net_sink comp="249" pin=0"/></net>

<net id="256"><net_src comp="243" pin="2"/><net_sink comp="249" pin=1"/></net>

<net id="257"><net_src comp="30" pin="0"/><net_sink comp="249" pin=2"/></net>

<net id="258"><net_src comp="32" pin="0"/><net_sink comp="249" pin=3"/></net>

<net id="262"><net_src comp="249" pin="4"/><net_sink comp="259" pin=0"/></net>

<net id="268"><net_src comp="22" pin="0"/><net_sink comp="263" pin=0"/></net>

<net id="269"><net_src comp="24" pin="0"/><net_sink comp="263" pin=2"/></net>

<net id="273"><net_src comp="263" pin="3"/><net_sink comp="270" pin=0"/></net>

<net id="278"><net_src comp="26" pin="0"/><net_sink comp="274" pin=0"/></net>

<net id="279"><net_src comp="270" pin="1"/><net_sink comp="274" pin=1"/></net>

<net id="286"><net_src comp="28" pin="0"/><net_sink comp="280" pin=0"/></net>

<net id="287"><net_src comp="274" pin="2"/><net_sink comp="280" pin=1"/></net>

<net id="288"><net_src comp="30" pin="0"/><net_sink comp="280" pin=2"/></net>

<net id="289"><net_src comp="32" pin="0"/><net_sink comp="280" pin=3"/></net>

<net id="293"><net_src comp="280" pin="4"/><net_sink comp="290" pin=0"/></net>

<net id="299"><net_src comp="22" pin="0"/><net_sink comp="294" pin=0"/></net>

<net id="300"><net_src comp="24" pin="0"/><net_sink comp="294" pin=2"/></net>

<net id="304"><net_src comp="294" pin="3"/><net_sink comp="301" pin=0"/></net>

<net id="309"><net_src comp="26" pin="0"/><net_sink comp="305" pin=0"/></net>

<net id="310"><net_src comp="301" pin="1"/><net_sink comp="305" pin=1"/></net>

<net id="317"><net_src comp="28" pin="0"/><net_sink comp="311" pin=0"/></net>

<net id="318"><net_src comp="305" pin="2"/><net_sink comp="311" pin=1"/></net>

<net id="319"><net_src comp="30" pin="0"/><net_sink comp="311" pin=2"/></net>

<net id="320"><net_src comp="32" pin="0"/><net_sink comp="311" pin=3"/></net>

<net id="324"><net_src comp="311" pin="4"/><net_sink comp="321" pin=0"/></net>

<net id="329"><net_src comp="166" pin="1"/><net_sink comp="325" pin=0"/></net>

<net id="330"><net_src comp="135" pin="1"/><net_sink comp="325" pin=1"/></net>

<net id="334"><net_src comp="325" pin="2"/><net_sink comp="331" pin=0"/></net>

<net id="339"><net_src comp="197" pin="1"/><net_sink comp="335" pin=0"/></net>

<net id="340"><net_src comp="228" pin="1"/><net_sink comp="335" pin=1"/></net>

<net id="344"><net_src comp="335" pin="2"/><net_sink comp="341" pin=0"/></net>

<net id="349"><net_src comp="341" pin="1"/><net_sink comp="345" pin=0"/></net>

<net id="350"><net_src comp="331" pin="1"/><net_sink comp="345" pin=1"/></net>

<net id="355"><net_src comp="290" pin="1"/><net_sink comp="351" pin=0"/></net>

<net id="356"><net_src comp="321" pin="1"/><net_sink comp="351" pin=1"/></net>

<net id="360"><net_src comp="351" pin="2"/><net_sink comp="357" pin=0"/></net>

<net id="365"><net_src comp="357" pin="1"/><net_sink comp="361" pin=0"/></net>

<net id="366"><net_src comp="259" pin="1"/><net_sink comp="361" pin=1"/></net>

<net id="372"><net_src comp="22" pin="0"/><net_sink comp="367" pin=0"/></net>

<net id="373"><net_src comp="24" pin="0"/><net_sink comp="367" pin=2"/></net>

<net id="377"><net_src comp="367" pin="3"/><net_sink comp="374" pin=0"/></net>

<net id="382"><net_src comp="26" pin="0"/><net_sink comp="378" pin=0"/></net>

<net id="383"><net_src comp="374" pin="1"/><net_sink comp="378" pin=1"/></net>

<net id="390"><net_src comp="28" pin="0"/><net_sink comp="384" pin=0"/></net>

<net id="391"><net_src comp="378" pin="2"/><net_sink comp="384" pin=1"/></net>

<net id="392"><net_src comp="30" pin="0"/><net_sink comp="384" pin=2"/></net>

<net id="393"><net_src comp="32" pin="0"/><net_sink comp="384" pin=3"/></net>

<net id="397"><net_src comp="384" pin="4"/><net_sink comp="394" pin=0"/></net>

<net id="403"><net_src comp="22" pin="0"/><net_sink comp="398" pin=0"/></net>

<net id="404"><net_src comp="24" pin="0"/><net_sink comp="398" pin=2"/></net>

<net id="408"><net_src comp="398" pin="3"/><net_sink comp="405" pin=0"/></net>

<net id="413"><net_src comp="26" pin="0"/><net_sink comp="409" pin=0"/></net>

<net id="414"><net_src comp="405" pin="1"/><net_sink comp="409" pin=1"/></net>

<net id="421"><net_src comp="28" pin="0"/><net_sink comp="415" pin=0"/></net>

<net id="422"><net_src comp="409" pin="2"/><net_sink comp="415" pin=1"/></net>

<net id="423"><net_src comp="30" pin="0"/><net_sink comp="415" pin=2"/></net>

<net id="424"><net_src comp="32" pin="0"/><net_sink comp="415" pin=3"/></net>

<net id="428"><net_src comp="415" pin="4"/><net_sink comp="425" pin=0"/></net>

<net id="434"><net_src comp="22" pin="0"/><net_sink comp="429" pin=0"/></net>

<net id="435"><net_src comp="24" pin="0"/><net_sink comp="429" pin=2"/></net>

<net id="439"><net_src comp="429" pin="3"/><net_sink comp="436" pin=0"/></net>

<net id="444"><net_src comp="26" pin="0"/><net_sink comp="440" pin=0"/></net>

<net id="445"><net_src comp="436" pin="1"/><net_sink comp="440" pin=1"/></net>

<net id="452"><net_src comp="28" pin="0"/><net_sink comp="446" pin=0"/></net>

<net id="453"><net_src comp="440" pin="2"/><net_sink comp="446" pin=1"/></net>

<net id="454"><net_src comp="30" pin="0"/><net_sink comp="446" pin=2"/></net>

<net id="455"><net_src comp="32" pin="0"/><net_sink comp="446" pin=3"/></net>

<net id="459"><net_src comp="446" pin="4"/><net_sink comp="456" pin=0"/></net>

<net id="467"><net_src comp="460" pin="1"/><net_sink comp="463" pin=0"/></net>

<net id="468"><net_src comp="394" pin="1"/><net_sink comp="463" pin=1"/></net>

<net id="476"><net_src comp="469" pin="1"/><net_sink comp="472" pin=0"/></net>

<net id="477"><net_src comp="463" pin="2"/><net_sink comp="472" pin=1"/></net>

<net id="481"><net_src comp="472" pin="2"/><net_sink comp="478" pin=0"/></net>

<net id="486"><net_src comp="425" pin="1"/><net_sink comp="482" pin=0"/></net>

<net id="487"><net_src comp="456" pin="1"/><net_sink comp="482" pin=1"/></net>

<net id="491"><net_src comp="482" pin="2"/><net_sink comp="488" pin=0"/></net>

<net id="496"><net_src comp="488" pin="1"/><net_sink comp="492" pin=0"/></net>

<net id="497"><net_src comp="478" pin="1"/><net_sink comp="492" pin=1"/></net>

<net id="502"><net_src comp="46" pin="0"/><net_sink comp="498" pin=0"/></net>

<net id="503"><net_src comp="492" pin="2"/><net_sink comp="498" pin=1"/></net>

<net id="508"><net_src comp="498" pin="2"/><net_sink comp="504" pin=0"/></net>

<net id="509"><net_src comp="492" pin="2"/><net_sink comp="504" pin=1"/></net>

<net id="514"><net_src comp="504" pin="2"/><net_sink comp="510" pin=0"/></net>

<net id="515"><net_src comp="492" pin="2"/><net_sink comp="510" pin=1"/></net>

<net id="520"><net_src comp="510" pin="2"/><net_sink comp="516" pin=0"/></net>

<net id="521"><net_src comp="492" pin="2"/><net_sink comp="516" pin=1"/></net>

<net id="526"><net_src comp="516" pin="2"/><net_sink comp="522" pin=0"/></net>

<net id="527"><net_src comp="492" pin="2"/><net_sink comp="522" pin=1"/></net>

<net id="532"><net_src comp="522" pin="2"/><net_sink comp="528" pin=0"/></net>

<net id="533"><net_src comp="492" pin="2"/><net_sink comp="528" pin=1"/></net>

<net id="538"><net_src comp="528" pin="2"/><net_sink comp="534" pin=0"/></net>

<net id="539"><net_src comp="492" pin="2"/><net_sink comp="534" pin=1"/></net>

<net id="544"><net_src comp="534" pin="2"/><net_sink comp="540" pin=0"/></net>

<net id="545"><net_src comp="492" pin="2"/><net_sink comp="540" pin=1"/></net>

<net id="550"><net_src comp="540" pin="2"/><net_sink comp="546" pin=0"/></net>

<net id="551"><net_src comp="492" pin="2"/><net_sink comp="546" pin=1"/></net>

<net id="556"><net_src comp="546" pin="2"/><net_sink comp="552" pin=0"/></net>

<net id="557"><net_src comp="492" pin="2"/><net_sink comp="552" pin=1"/></net>

<net id="562"><net_src comp="552" pin="2"/><net_sink comp="558" pin=0"/></net>

<net id="563"><net_src comp="492" pin="2"/><net_sink comp="558" pin=1"/></net>

<net id="568"><net_src comp="558" pin="2"/><net_sink comp="564" pin=0"/></net>

<net id="569"><net_src comp="492" pin="2"/><net_sink comp="564" pin=1"/></net>

<net id="574"><net_src comp="564" pin="2"/><net_sink comp="570" pin=0"/></net>

<net id="575"><net_src comp="492" pin="2"/><net_sink comp="570" pin=1"/></net>

<net id="580"><net_src comp="570" pin="2"/><net_sink comp="576" pin=0"/></net>

<net id="581"><net_src comp="492" pin="2"/><net_sink comp="576" pin=1"/></net>

<net id="586"><net_src comp="576" pin="2"/><net_sink comp="582" pin=0"/></net>

<net id="587"><net_src comp="492" pin="2"/><net_sink comp="582" pin=1"/></net>

<net id="592"><net_src comp="582" pin="2"/><net_sink comp="588" pin=0"/></net>

<net id="593"><net_src comp="492" pin="2"/><net_sink comp="588" pin=1"/></net>

<net id="597"><net_src comp="48" pin="2"/><net_sink comp="594" pin=0"/></net>

<net id="598"><net_src comp="594" pin="1"/><net_sink comp="429" pin=1"/></net>

<net id="602"><net_src comp="54" pin="2"/><net_sink comp="599" pin=0"/></net>

<net id="603"><net_src comp="599" pin="1"/><net_sink comp="398" pin=1"/></net>

<net id="607"><net_src comp="60" pin="2"/><net_sink comp="604" pin=0"/></net>

<net id="608"><net_src comp="604" pin="1"/><net_sink comp="294" pin=1"/></net>

<net id="612"><net_src comp="66" pin="2"/><net_sink comp="609" pin=0"/></net>

<net id="613"><net_src comp="609" pin="1"/><net_sink comp="263" pin=1"/></net>

<net id="617"><net_src comp="72" pin="2"/><net_sink comp="614" pin=0"/></net>

<net id="618"><net_src comp="614" pin="1"/><net_sink comp="232" pin=1"/></net>

<net id="622"><net_src comp="78" pin="2"/><net_sink comp="619" pin=0"/></net>

<net id="623"><net_src comp="619" pin="1"/><net_sink comp="367" pin=1"/></net>

<net id="627"><net_src comp="84" pin="2"/><net_sink comp="624" pin=0"/></net>

<net id="628"><net_src comp="624" pin="1"/><net_sink comp="201" pin=1"/></net>

<net id="632"><net_src comp="90" pin="2"/><net_sink comp="629" pin=0"/></net>

<net id="633"><net_src comp="629" pin="1"/><net_sink comp="170" pin=1"/></net>

<net id="637"><net_src comp="96" pin="2"/><net_sink comp="634" pin=0"/></net>

<net id="638"><net_src comp="634" pin="1"/><net_sink comp="139" pin=1"/></net>

<net id="642"><net_src comp="102" pin="2"/><net_sink comp="639" pin=0"/></net>

<net id="643"><net_src comp="639" pin="1"/><net_sink comp="108" pin=1"/></net>

<net id="647"><net_src comp="345" pin="2"/><net_sink comp="644" pin=0"/></net>

<net id="648"><net_src comp="644" pin="1"/><net_sink comp="460" pin=0"/></net>

<net id="652"><net_src comp="361" pin="2"/><net_sink comp="649" pin=0"/></net>

<net id="653"><net_src comp="649" pin="1"/><net_sink comp="469" pin=0"/></net>

</net_list>

</model> 
---------------- Datapath Model END ------------------

* FSMD analyzer results:
  - Output states:
 - Input state : 
	Port: dense_latency<ap_ufixed<6, 0, 4, 0, 0>, ap_fixed<16, 6, 5, 3, 0>, config19> : p_read | {1 }
	Port: dense_latency<ap_ufixed<6, 0, 4, 0, 0>, ap_fixed<16, 6, 5, 3, 0>, config19> : p_read1 | {1 }
	Port: dense_latency<ap_ufixed<6, 0, 4, 0, 0>, ap_fixed<16, 6, 5, 3, 0>, config19> : p_read2 | {1 }
	Port: dense_latency<ap_ufixed<6, 0, 4, 0, 0>, ap_fixed<16, 6, 5, 3, 0>, config19> : p_read3 | {1 }
	Port: dense_latency<ap_ufixed<6, 0, 4, 0, 0>, ap_fixed<16, 6, 5, 3, 0>, config19> : p_read4 | {1 }
	Port: dense_latency<ap_ufixed<6, 0, 4, 0, 0>, ap_fixed<16, 6, 5, 3, 0>, config19> : p_read5 | {1 }
	Port: dense_latency<ap_ufixed<6, 0, 4, 0, 0>, ap_fixed<16, 6, 5, 3, 0>, config19> : p_read6 | {1 }
	Port: dense_latency<ap_ufixed<6, 0, 4, 0, 0>, ap_fixed<16, 6, 5, 3, 0>, config19> : p_read7 | {1 }
	Port: dense_latency<ap_ufixed<6, 0, 4, 0, 0>, ap_fixed<16, 6, 5, 3, 0>, config19> : p_read8 | {1 }
	Port: dense_latency<ap_ufixed<6, 0, 4, 0, 0>, ap_fixed<16, 6, 5, 3, 0>, config19> : p_read9 | {1 }
  - Chain level:
	State 1
	State 2
		zext_ln1273 : 1
		r_V : 2
		trunc_ln818_s : 3
		trunc_ln818_34_cast : 4
		zext_ln1273_1 : 1
		r_V_25 : 2
		trunc_ln : 3
		trunc_ln818_cast : 4
		zext_ln1273_2 : 1
		r_V_26 : 2
		trunc_ln818_23 : 3
		sext_ln70 : 4
		zext_ln1273_3 : 1
		r_V_27 : 2
		trunc_ln818_24 : 3
		sext_ln70_1 : 4
		zext_ln1273_5 : 1
		r_V_29 : 2
		trunc_ln818_26 : 3
		sext_ln70_2 : 4
		zext_ln1273_6 : 1
		r_V_30 : 2
		trunc_ln818_27 : 3
		sext_ln70_3 : 4
		zext_ln1273_7 : 1
		r_V_31 : 2
		trunc_ln818_28 : 3
		sext_ln70_4 : 4
		add_ln813 : 5
		sext_ln813_1 : 6
		add_ln813_15 : 5
		sext_ln813_4 : 6
		add_ln813_16 : 7
		add_ln813_18 : 5
		sext_ln813_5 : 6
		add_ln813_19 : 7
	State 3
		zext_ln1273_4 : 1
		r_V_28 : 2
		trunc_ln818_25 : 3
		trunc_ln818_37_cast : 4
		zext_ln1273_8 : 1
		r_V_32 : 2
		trunc_ln818_29 : 3
		sext_ln70_5 : 4
		zext_ln1273_9 : 1
		r_V_33 : 2
		trunc_ln818_30 : 3
		sext_ln813 : 4
		add_ln813_17 : 5
		add_ln813_20 : 6
		sext_ln813_3 : 7
		add_ln813_21 : 5
		sext_ln813_7 : 6
		add_ln813_22 : 8
		mrv : 9
		mrv_1 : 10
		mrv_2 : 11
		mrv_3 : 12
		mrv_4 : 13
		mrv_5 : 14
		mrv_6 : 15
		mrv_7 : 16
		mrv_8 : 17
		mrv_9 : 18
		mrv_10 : 19
		mrv_11 : 20
		mrv_12 : 21
		mrv_13 : 22
		mrv_14 : 23
		mrv_15 : 24
		ret_ln68 : 25


============================================================
+ Verbose Summary: Datapath Resource usage 
============================================================

* Functional unit list:
|----------|----------------------------|---------|---------|
| Operation|       Functional Unit      |    FF   |   LUT   |
|----------|----------------------------|---------|---------|
|          |         r_V_fu_119         |    0    |    18   |
|          |        r_V_25_fu_150       |    0    |    18   |
|          |        r_V_26_fu_181       |    0    |    18   |
|          |        r_V_27_fu_212       |    0    |    18   |
|    sub   |        r_V_29_fu_243       |    0    |    18   |
|          |        r_V_30_fu_274       |    0    |    18   |
|          |        r_V_31_fu_305       |    0    |    18   |
|          |        r_V_28_fu_378       |    0    |    18   |
|          |        r_V_32_fu_409       |    0    |    18   |
|          |        r_V_33_fu_440       |    0    |    18   |
|----------|----------------------------|---------|---------|
|          |      add_ln813_fu_325      |    0    |    18   |
|          |     add_ln813_15_fu_335    |    0    |    18   |
|          |     add_ln813_16_fu_345    |    0    |    19   |
|          |     add_ln813_18_fu_351    |    0    |    18   |
|    add   |     add_ln813_19_fu_361    |    0    |    19   |
|          |     add_ln813_17_fu_463    |    0    |    17   |
|          |     add_ln813_20_fu_472    |    0    |    16   |
|          |     add_ln813_21_fu_482    |    0    |    18   |
|          |     add_ln813_22_fu_492    |    0    |    21   |
|----------|----------------------------|---------|---------|
|          |    p_read919_read_fu_48    |    0    |    0    |
|          |    p_read818_read_fu_54    |    0    |    0    |
|          |    p_read717_read_fu_60    |    0    |    0    |
|          |    p_read616_read_fu_66    |    0    |    0    |
|   read   |    p_read515_read_fu_72    |    0    |    0    |
|          |    p_read414_read_fu_78    |    0    |    0    |
|          |    p_read313_read_fu_84    |    0    |    0    |
|          |    p_read212_read_fu_90    |    0    |    0    |
|          |    p_read111_read_fu_96    |    0    |    0    |
|          |   p_read_189_read_fu_102   |    0    |    0    |
|----------|----------------------------|---------|---------|
|          |        shl_ln_fu_108       |    0    |    0    |
|          |     shl_ln1273_1_fu_139    |    0    |    0    |
|          |     shl_ln1273_2_fu_170    |    0    |    0    |
|          |     shl_ln1273_3_fu_201    |    0    |    0    |
|bitconcatenate|     shl_ln1273_5_fu_232    |    0    |    0    |
|          |     shl_ln1273_6_fu_263    |    0    |    0    |
|          |     shl_ln1273_7_fu_294    |    0    |    0    |
|          |     shl_ln1273_4_fu_367    |    0    |    0    |
|          |     shl_ln1273_8_fu_398    |    0    |    0    |
|          |     shl_ln1273_9_fu_429    |    0    |    0    |
|----------|----------------------------|---------|---------|
|          |     zext_ln1273_fu_115     |    0    |    0    |
|          |    zext_ln1273_1_fu_146    |    0    |    0    |
|          |    zext_ln1273_2_fu_177    |    0    |    0    |
|          |    zext_ln1273_3_fu_208    |    0    |    0    |
|   zext   |    zext_ln1273_5_fu_239    |    0    |    0    |
|          |    zext_ln1273_6_fu_270    |    0    |    0    |
|          |    zext_ln1273_7_fu_301    |    0    |    0    |
|          |    zext_ln1273_4_fu_374    |    0    |    0    |
|          |    zext_ln1273_8_fu_405    |    0    |    0    |
|          |    zext_ln1273_9_fu_436    |    0    |    0    |
|----------|----------------------------|---------|---------|
|          |    trunc_ln818_s_fu_125    |    0    |    0    |
|          |       trunc_ln_fu_156      |    0    |    0    |
|          |    trunc_ln818_23_fu_187   |    0    |    0    |
|          |    trunc_ln818_24_fu_218   |    0    |    0    |
|partselect|    trunc_ln818_26_fu_249   |    0    |    0    |
|          |    trunc_ln818_27_fu_280   |    0    |    0    |
|          |    trunc_ln818_28_fu_311   |    0    |    0    |
|          |    trunc_ln818_25_fu_384   |    0    |    0    |
|          |    trunc_ln818_29_fu_415   |    0    |    0    |
|          |    trunc_ln818_30_fu_446   |    0    |    0    |
|----------|----------------------------|---------|---------|
|          | trunc_ln818_34_cast_fu_135 |    0    |    0    |
|          |   trunc_ln818_cast_fu_166  |    0    |    0    |
|          |      sext_ln70_fu_197      |    0    |    0    |
|          |     sext_ln70_1_fu_228     |    0    |    0    |
|          |     sext_ln70_2_fu_259     |    0    |    0    |
|          |     sext_ln70_3_fu_290     |    0    |    0    |
|          |     sext_ln70_4_fu_321     |    0    |    0    |
|          |     sext_ln813_1_fu_331    |    0    |    0    |
|   sext   |     sext_ln813_4_fu_341    |    0    |    0    |
|          |     sext_ln813_5_fu_357    |    0    |    0    |
|          | trunc_ln818_37_cast_fu_394 |    0    |    0    |
|          |     sext_ln70_5_fu_425     |    0    |    0    |
|          |      sext_ln813_fu_456     |    0    |    0    |
|          |     sext_ln813_2_fu_460    |    0    |    0    |
|          |     sext_ln813_6_fu_469    |    0    |    0    |
|          |     sext_ln813_3_fu_478    |    0    |    0    |
|          |     sext_ln813_7_fu_488    |    0    |    0    |
|----------|----------------------------|---------|---------|
|          |         mrv_fu_498         |    0    |    0    |
|          |        mrv_1_fu_504        |    0    |    0    |
|          |        mrv_2_fu_510        |    0    |    0    |
|          |        mrv_3_fu_516        |    0    |    0    |
|          |        mrv_4_fu_522        |    0    |    0    |
|          |        mrv_5_fu_528        |    0    |    0    |
|          |        mrv_6_fu_534        |    0    |    0    |
|insertvalue|        mrv_7_fu_540        |    0    |    0    |
|          |        mrv_8_fu_546        |    0    |    0    |
|          |        mrv_9_fu_552        |    0    |    0    |
|          |        mrv_10_fu_558       |    0    |    0    |
|          |        mrv_11_fu_564       |    0    |    0    |
|          |        mrv_12_fu_570       |    0    |    0    |
|          |        mrv_13_fu_576       |    0    |    0    |
|          |        mrv_14_fu_582       |    0    |    0    |
|          |        mrv_15_fu_588       |    0    |    0    |
|----------|----------------------------|---------|---------|
|   Total  |                            |    0    |   344   |
|----------|----------------------------|---------|---------|

Memories:
N/A

* Register list:
+--------------------+--------+
|                    |   FF   |
+--------------------+--------+
|add_ln813_16_reg_644|   13   |
|add_ln813_19_reg_649|   13   |
|  p_read111_reg_634 |    6   |
|  p_read212_reg_629 |    6   |
|  p_read313_reg_624 |    6   |
|  p_read414_reg_619 |    6   |
|  p_read515_reg_614 |    6   |
|  p_read616_reg_609 |    6   |
|  p_read717_reg_604 |    6   |
|  p_read818_reg_599 |    6   |
|  p_read919_reg_594 |    6   |
| p_read_189_reg_639 |    6   |
+--------------------+--------+
|        Total       |   86   |
+--------------------+--------+

* Multiplexer (MUX) list: 
|--------|------|------|------|--------|
|  Comp  |  Pin | Size |  BW  | S x BW |
|--------|------|------|------|--------|
|  Total |      |      |      |    0   |
|--------|------|------|------|--------|



* Summary:
+-----------+--------+--------+
|           |   FF   |   LUT  |
+-----------+--------+--------+
|  Function |    0   |   344  |
|   Memory  |    -   |    -   |
|Multiplexer|    -   |    -   |
|  Register |   86   |    -   |
+-----------+--------+--------+
|   Total   |   86   |   344  |
+-----------+--------+--------+
