/home/ayvol/accelerator_wrapper/_x.hw.xilinx_u55c_gen3x16_xdma_3_202210_1/alveo_hls4ml/alveo_hls4ml/alveo_hls4ml/solution/.autopilot/db/ereg_v1.pp.0.cpp:34958:7: warning: Added loop label VITIS_LOOP_1211_1:   [xilinx-label-all-loops]
      for (i = 0; i < __N - 1; ++i) {
      ^~~
      VITIS_LOOP_1211_1: 
/home/ayvol/accelerator_wrapper/_x.hw.xilinx_u55c_gen3x16_xdma_3_202210_1/alveo_hls4ml/alveo_hls4ml/alveo_hls4ml/solution/.autopilot/db/ereg_v1.pp.0.cpp:34958:7: note: FIX-IT applied suggested code changes
/home/ayvol/accelerator_wrapper/_x.hw.xilinx_u55c_gen3x16_xdma_3_202210_1/alveo_hls4ml/alveo_hls4ml/alveo_hls4ml/solution/.autopilot/db/ereg_v1.pp.0.cpp:35932:5: warning: Added loop label VITIS_LOOP_676_1:   [xilinx-label-all-loops]
    for (unsigned i = low; i != high; ++i) {
    ^~~
    VITIS_LOOP_676_1: 
/home/ayvol/accelerator_wrapper/_x.hw.xilinx_u55c_gen3x16_xdma_3_202210_1/alveo_hls4ml/alveo_hls4ml/alveo_hls4ml/solution/.autopilot/db/ereg_v1.pp.0.cpp:35932:5: note: FIX-IT applied suggested code changes
/home/ayvol/accelerator_wrapper/_x.hw.xilinx_u55c_gen3x16_xdma_3_202210_1/alveo_hls4ml/alveo_hls4ml/alveo_hls4ml/solution/.autopilot/db/ereg_v1.pp.0.cpp:35946:5: warning: Added loop label VITIS_LOOP_690_1:   [xilinx-label-all-loops]
    for (unsigned i = low; i != high; ++i) {
    ^~~
    VITIS_LOOP_690_1: 
/home/ayvol/accelerator_wrapper/_x.hw.xilinx_u55c_gen3x16_xdma_3_202210_1/alveo_hls4ml/alveo_hls4ml/alveo_hls4ml/solution/.autopilot/db/ereg_v1.pp.0.cpp:35946:5: note: FIX-IT applied suggested code changes
/home/ayvol/accelerator_wrapper/_x.hw.xilinx_u55c_gen3x16_xdma_3_202210_1/alveo_hls4ml/alveo_hls4ml/alveo_hls4ml/solution/.autopilot/db/ereg_v1.pp.0.cpp:35960:5: warning: Added loop label VITIS_LOOP_704_1:   [xilinx-label-all-loops]
    for (unsigned i = low; i != high; ++i) {
    ^~~
    VITIS_LOOP_704_1: 
/home/ayvol/accelerator_wrapper/_x.hw.xilinx_u55c_gen3x16_xdma_3_202210_1/alveo_hls4ml/alveo_hls4ml/alveo_hls4ml/solution/.autopilot/db/ereg_v1.pp.0.cpp:35960:5: note: FIX-IT applied suggested code changes
/home/ayvol/accelerator_wrapper/_x.hw.xilinx_u55c_gen3x16_xdma_3_202210_1/alveo_hls4ml/alveo_hls4ml/alveo_hls4ml/solution/.autopilot/db/ereg_v1.pp.0.cpp:37571:7: warning: Added loop label VITIS_LOOP_1245_1:   [xilinx-label-all-loops]
      for (i = 0; i < __N - 1; ++i) {
      ^~~
      VITIS_LOOP_1245_1: 
/home/ayvol/accelerator_wrapper/_x.hw.xilinx_u55c_gen3x16_xdma_3_202210_1/alveo_hls4ml/alveo_hls4ml/alveo_hls4ml/solution/.autopilot/db/ereg_v1.pp.0.cpp:37571:7: note: FIX-IT applied suggested code changes
/home/ayvol/accelerator_wrapper/_x.hw.xilinx_u55c_gen3x16_xdma_3_202210_1/alveo_hls4ml/alveo_hls4ml/alveo_hls4ml/solution/.autopilot/db/ereg_v1.pp.0.cpp:39376:4: warning: Added loop label VITIS_LOOP_45_1:   [xilinx-label-all-loops]
   for(int ii=0; ii<NIN1; ii++){
   ^~~
   VITIS_LOOP_45_1: 
/home/ayvol/accelerator_wrapper/_x.hw.xilinx_u55c_gen3x16_xdma_3_202210_1/alveo_hls4ml/alveo_hls4ml/alveo_hls4ml/solution/.autopilot/db/ereg_v1.pp.0.cpp:39376:4: note: FIX-IT applied suggested code changes
/home/ayvol/accelerator_wrapper/_x.hw.xilinx_u55c_gen3x16_xdma_3_202210_1/alveo_hls4ml/alveo_hls4ml/alveo_hls4ml/solution/.autopilot/db/ereg_v1.pp.0.cpp:39379:4: warning: Added loop label VITIS_LOOP_48_2:   [xilinx-label-all-loops]
   for(int ii=0; ii<NIN2; ii++){
   ^~~
   VITIS_LOOP_48_2: 
/home/ayvol/accelerator_wrapper/_x.hw.xilinx_u55c_gen3x16_xdma_3_202210_1/alveo_hls4ml/alveo_hls4ml/alveo_hls4ml/solution/.autopilot/db/ereg_v1.pp.0.cpp:39379:4: note: FIX-IT applied suggested code changes
/home/ayvol/accelerator_wrapper/_x.hw.xilinx_u55c_gen3x16_xdma_3_202210_1/alveo_hls4ml/alveo_hls4ml/alveo_hls4ml/solution/.autopilot/db/ereg_v1.pp.0.cpp:49093:3: warning: Added loop label VITIS_LOOP_124_1:   [xilinx-label-all-loops]
  for (int ii = 0; ii < nrows; ii++){
  ^~~
  VITIS_LOOP_124_1: 
/home/ayvol/accelerator_wrapper/_x.hw.xilinx_u55c_gen3x16_xdma_3_202210_1/alveo_hls4ml/alveo_hls4ml/alveo_hls4ml/solution/.autopilot/db/ereg_v1.pp.0.cpp:49093:3: note: FIX-IT applied suggested code changes
/home/ayvol/accelerator_wrapper/_x.hw.xilinx_u55c_gen3x16_xdma_3_202210_1/alveo_hls4ml/alveo_hls4ml/alveo_hls4ml/solution/.autopilot/db/ereg_v1.pp.0.cpp:49114:3: warning: Added loop label VITIS_LOOP_145_1:   [xilinx-label-all-loops]
  for (int ii = 0; ii < nrows; ii++) {
  ^~~
  VITIS_LOOP_145_1: 
/home/ayvol/accelerator_wrapper/_x.hw.xilinx_u55c_gen3x16_xdma_3_202210_1/alveo_hls4ml/alveo_hls4ml/alveo_hls4ml/solution/.autopilot/db/ereg_v1.pp.0.cpp:49114:3: note: FIX-IT applied suggested code changes
/home/ayvol/accelerator_wrapper/_x.hw.xilinx_u55c_gen3x16_xdma_3_202210_1/alveo_hls4ml/alveo_hls4ml/alveo_hls4ml/solution/.autopilot/db/ereg_v1.pp.0.cpp:49115:5: warning: Added loop label VITIS_LOOP_146_2:   [xilinx-label-all-loops]
    for (int jj = 0; jj < ncols; jj++){
    ^~~
    VITIS_LOOP_146_2: 
/home/ayvol/accelerator_wrapper/_x.hw.xilinx_u55c_gen3x16_xdma_3_202210_1/alveo_hls4ml/alveo_hls4ml/alveo_hls4ml/solution/.autopilot/db/ereg_v1.pp.0.cpp:49115:5: note: FIX-IT applied suggested code changes
/home/ayvol/accelerator_wrapper/_x.hw.xilinx_u55c_gen3x16_xdma_3_202210_1/alveo_hls4ml/alveo_hls4ml/alveo_hls4ml/solution/.autopilot/db/ereg_v1.pp.0.cpp:49132:5: warning: Added loop label VITIS_LOOP_163_1:   [xilinx-label-all-loops]
    for (int ii=0; ii<N_IN; ii++) {
    ^~~
    VITIS_LOOP_163_1: 
/home/ayvol/accelerator_wrapper/_x.hw.xilinx_u55c_gen3x16_xdma_3_202210_1/alveo_hls4ml/alveo_hls4ml/alveo_hls4ml/solution/.autopilot/db/ereg_v1.pp.0.cpp:49132:5: note: FIX-IT applied suggested code changes
/home/ayvol/accelerator_wrapper/_x.hw.xilinx_u55c_gen3x16_xdma_3_202210_1/alveo_hls4ml/alveo_hls4ml/alveo_hls4ml/solution/.autopilot/db/ereg_v1.pp.0.cpp:49141:5: warning: Added loop label VITIS_LOOP_172_1:   [xilinx-label-all-loops]
    for (int ii=0; ii<N_IN; ii++) {
    ^~~
    VITIS_LOOP_172_1: 
/home/ayvol/accelerator_wrapper/_x.hw.xilinx_u55c_gen3x16_xdma_3_202210_1/alveo_hls4ml/alveo_hls4ml/alveo_hls4ml/solution/.autopilot/db/ereg_v1.pp.0.cpp:49141:5: note: FIX-IT applied suggested code changes
/home/ayvol/accelerator_wrapper/_x.hw.xilinx_u55c_gen3x16_xdma_3_202210_1/alveo_hls4ml/alveo_hls4ml/alveo_hls4ml/solution/.autopilot/db/ereg_v1.pp.0.cpp:49289:9: error: Resource with core_name: ROM_2P_BRAM pragma is ignored, because this core doesn't exist at all  [clang-diagnostic-error]
#pragma HLS RESOURCE variable=weights core=ROM_2P_BRAM
        ^
/home/ayvol/accelerator_wrapper/_x.hw.xilinx_u55c_gen3x16_xdma_3_202210_1/alveo_hls4ml/alveo_hls4ml/alveo_hls4ml/solution/.autopilot/db/ereg_v1.pp.0.cpp:49634:5: warning: Added loop label VITIS_LOOP_34_1:   [xilinx-label-all-loops]
    for(unsigned k = 0; k < CONFIG_T::n_out; k++) {
    ^~~
    VITIS_LOOP_34_1: 
/home/ayvol/accelerator_wrapper/_x.hw.xilinx_u55c_gen3x16_xdma_3_202210_1/alveo_hls4ml/alveo_hls4ml/alveo_hls4ml/solution/.autopilot/db/ereg_v1.pp.0.cpp:49634:5: note: FIX-IT applied suggested code changes
/home/ayvol/accelerator_wrapper/_x.hw.xilinx_u55c_gen3x16_xdma_3_202210_1/alveo_hls4ml/alveo_hls4ml/alveo_hls4ml/solution/.autopilot/db/ereg_v1.pp.0.cpp:49693:9: warning: Added loop label VITIS_LOOP_93_1:   [xilinx-label-all-loops]
        for (int im = 0; im < CONFIG_T::n_out; im++){
        ^~~
        VITIS_LOOP_93_1: 
/home/ayvol/accelerator_wrapper/_x.hw.xilinx_u55c_gen3x16_xdma_3_202210_1/alveo_hls4ml/alveo_hls4ml/alveo_hls4ml/solution/.autopilot/db/ereg_v1.pp.0.cpp:49693:9: note: FIX-IT applied suggested code changes
/home/ayvol/accelerator_wrapper/_x.hw.xilinx_u55c_gen3x16_xdma_3_202210_1/alveo_hls4ml/alveo_hls4ml/alveo_hls4ml/solution/.autopilot/db/ereg_v1.pp.0.cpp:49749:5: warning: Added loop label VITIS_LOOP_60_1:   [xilinx-label-all-loops]
    for(int ii = 0; ii < CONFIG_T::n_out; ii++) {
    ^~~
    VITIS_LOOP_60_1: 
/home/ayvol/accelerator_wrapper/_x.hw.xilinx_u55c_gen3x16_xdma_3_202210_1/alveo_hls4ml/alveo_hls4ml/alveo_hls4ml/solution/.autopilot/db/ereg_v1.pp.0.cpp:49749:5: note: FIX-IT applied suggested code changes
/home/ayvol/accelerator_wrapper/_x.hw.xilinx_u55c_gen3x16_xdma_3_202210_1/alveo_hls4ml/alveo_hls4ml/alveo_hls4ml/solution/.autopilot/db/ereg_v1.pp.0.cpp:49750:9: warning: Added loop label VITIS_LOOP_61_2:   [xilinx-label-all-loops]
        for(int ff = 0; ff < CONFIG_T::n_filt; ff++){
        ^~~
        VITIS_LOOP_61_2: 
/home/ayvol/accelerator_wrapper/_x.hw.xilinx_u55c_gen3x16_xdma_3_202210_1/alveo_hls4ml/alveo_hls4ml/alveo_hls4ml/solution/.autopilot/db/ereg_v1.pp.0.cpp:49750:9: note: FIX-IT applied suggested code changes
/home/ayvol/accelerator_wrapper/_x.hw.xilinx_u55c_gen3x16_xdma_3_202210_1/alveo_hls4ml/alveo_hls4ml/alveo_hls4ml/solution/.autopilot/db/ereg_v1.pp.0.cpp:49751:13: warning: Added loop label VITIS_LOOP_62_3:   [xilinx-label-all-loops]
            for(int cc = 0; cc < CONFIG_T::n_chan; cc++){
            ^~~
            VITIS_LOOP_62_3: 
/home/ayvol/accelerator_wrapper/_x.hw.xilinx_u55c_gen3x16_xdma_3_202210_1/alveo_hls4ml/alveo_hls4ml/alveo_hls4ml/solution/.autopilot/db/ereg_v1.pp.0.cpp:49751:13: note: FIX-IT applied suggested code changes
/home/ayvol/accelerator_wrapper/_x.hw.xilinx_u55c_gen3x16_xdma_3_202210_1/alveo_hls4ml/alveo_hls4ml/alveo_hls4ml/solution/.autopilot/db/ereg_v1.pp.0.cpp:49752:17: warning: Added loop label VITIS_LOOP_63_4:   [xilinx-label-all-loops]
                for(int jj = 0; jj < CONFIG_T::filt_width; jj++){
                ^~~
                VITIS_LOOP_63_4: 
/home/ayvol/accelerator_wrapper/_x.hw.xilinx_u55c_gen3x16_xdma_3_202210_1/alveo_hls4ml/alveo_hls4ml/alveo_hls4ml/solution/.autopilot/db/ereg_v1.pp.0.cpp:49752:17: note: FIX-IT applied suggested code changes
/home/ayvol/accelerator_wrapper/_x.hw.xilinx_u55c_gen3x16_xdma_3_202210_1/alveo_hls4ml/alveo_hls4ml/alveo_hls4ml/solution/.autopilot/db/ereg_v1.pp.0.cpp:49824:5: warning: Added loop label VITIS_LOOP_135_1:   [xilinx-label-all-loops]
    for(int ii = 0; ii < CONFIG_T::n_out; ii++) {
    ^~~
    VITIS_LOOP_135_1: 
/home/ayvol/accelerator_wrapper/_x.hw.xilinx_u55c_gen3x16_xdma_3_202210_1/alveo_hls4ml/alveo_hls4ml/alveo_hls4ml/solution/.autopilot/db/ereg_v1.pp.0.cpp:49824:5: note: FIX-IT applied suggested code changes
/home/ayvol/accelerator_wrapper/_x.hw.xilinx_u55c_gen3x16_xdma_3_202210_1/alveo_hls4ml/alveo_hls4ml/alveo_hls4ml/solution/.autopilot/db/ereg_v1.pp.0.cpp:49825:9: warning: Added loop label VITIS_LOOP_136_2:   [xilinx-label-all-loops]
        for(int ff = 0; ff < CONFIG_T::n_filt; ff++) {
        ^~~
        VITIS_LOOP_136_2: 
/home/ayvol/accelerator_wrapper/_x.hw.xilinx_u55c_gen3x16_xdma_3_202210_1/alveo_hls4ml/alveo_hls4ml/alveo_hls4ml/solution/.autopilot/db/ereg_v1.pp.0.cpp:49825:9: note: FIX-IT applied suggested code changes
/home/ayvol/accelerator_wrapper/_x.hw.xilinx_u55c_gen3x16_xdma_3_202210_1/alveo_hls4ml/alveo_hls4ml/alveo_hls4ml/solution/.autopilot/db/ereg_v1.pp.0.cpp:49846:5: warning: Added loop label VITIS_LOOP_157_3:   [xilinx-label-all-loops]
    for(int ii = 0; ii < CONFIG_T::n_out; ii++) {
    ^~~
    VITIS_LOOP_157_3: 
/home/ayvol/accelerator_wrapper/_x.hw.xilinx_u55c_gen3x16_xdma_3_202210_1/alveo_hls4ml/alveo_hls4ml/alveo_hls4ml/solution/.autopilot/db/ereg_v1.pp.0.cpp:49846:5: note: FIX-IT applied suggested code changes
/home/ayvol/accelerator_wrapper/_x.hw.xilinx_u55c_gen3x16_xdma_3_202210_1/alveo_hls4ml/alveo_hls4ml/alveo_hls4ml/solution/.autopilot/db/ereg_v1.pp.0.cpp:49847:9: warning: Added loop label VITIS_LOOP_158_4:   [xilinx-label-all-loops]
        for(int ff = 0; ff < CONFIG_T::n_filt; ff++) {
        ^~~
        VITIS_LOOP_158_4: 
/home/ayvol/accelerator_wrapper/_x.hw.xilinx_u55c_gen3x16_xdma_3_202210_1/alveo_hls4ml/alveo_hls4ml/alveo_hls4ml/solution/.autopilot/db/ereg_v1.pp.0.cpp:49847:9: note: FIX-IT applied suggested code changes
/home/ayvol/accelerator_wrapper/_x.hw.xilinx_u55c_gen3x16_xdma_3_202210_1/alveo_hls4ml/alveo_hls4ml/alveo_hls4ml/solution/.autopilot/db/ereg_v1.pp.0.cpp:49865:5: warning: Added loop label VITIS_LOOP_176_1:   [xilinx-label-all-loops]
    for(int r=0; r<NROWS; r++){
    ^~~
    VITIS_LOOP_176_1: 
/home/ayvol/accelerator_wrapper/_x.hw.xilinx_u55c_gen3x16_xdma_3_202210_1/alveo_hls4ml/alveo_hls4ml/alveo_hls4ml/solution/.autopilot/db/ereg_v1.pp.0.cpp:49865:5: note: FIX-IT applied suggested code changes
/home/ayvol/accelerator_wrapper/_x.hw.xilinx_u55c_gen3x16_xdma_3_202210_1/alveo_hls4ml/alveo_hls4ml/alveo_hls4ml/solution/.autopilot/db/ereg_v1.pp.0.cpp:49866:9: warning: Added loop label VITIS_LOOP_177_2:   [xilinx-label-all-loops]
        for(int c=0; c<NCOLS; c++){
        ^~~
        VITIS_LOOP_177_2: 
/home/ayvol/accelerator_wrapper/_x.hw.xilinx_u55c_gen3x16_xdma_3_202210_1/alveo_hls4ml/alveo_hls4ml/alveo_hls4ml/solution/.autopilot/db/ereg_v1.pp.0.cpp:49866:9: note: FIX-IT applied suggested code changes
/home/ayvol/accelerator_wrapper/_x.hw.xilinx_u55c_gen3x16_xdma_3_202210_1/alveo_hls4ml/alveo_hls4ml/alveo_hls4ml/solution/.autopilot/db/ereg_v1.pp.0.cpp:49878:5: warning: Added loop label VITIS_LOOP_189_1:   [xilinx-label-all-loops]
    for(int r=0; r<NROWS; r++){
    ^~~
    VITIS_LOOP_189_1: 
/home/ayvol/accelerator_wrapper/_x.hw.xilinx_u55c_gen3x16_xdma_3_202210_1/alveo_hls4ml/alveo_hls4ml/alveo_hls4ml/solution/.autopilot/db/ereg_v1.pp.0.cpp:49878:5: note: FIX-IT applied suggested code changes
/home/ayvol/accelerator_wrapper/_x.hw.xilinx_u55c_gen3x16_xdma_3_202210_1/alveo_hls4ml/alveo_hls4ml/alveo_hls4ml/solution/.autopilot/db/ereg_v1.pp.0.cpp:49879:9: warning: Added loop label VITIS_LOOP_190_2:   [xilinx-label-all-loops]
        for(int c=0; c<NCOLS; c++){
        ^~~
        VITIS_LOOP_190_2: 
/home/ayvol/accelerator_wrapper/_x.hw.xilinx_u55c_gen3x16_xdma_3_202210_1/alveo_hls4ml/alveo_hls4ml/alveo_hls4ml/solution/.autopilot/db/ereg_v1.pp.0.cpp:49879:9: note: FIX-IT applied suggested code changes
/home/ayvol/accelerator_wrapper/_x.hw.xilinx_u55c_gen3x16_xdma_3_202210_1/alveo_hls4ml/alveo_hls4ml/alveo_hls4ml/solution/.autopilot/db/ereg_v1.pp.0.cpp:49901:5: warning: Added loop label VITIS_LOOP_13_1:   [xilinx-label-all-loops]
    for (int channel = CONFIG_T::n_chan; channel--; data += CONFIG_T::n_in) {
    ^~~
    VITIS_LOOP_13_1: 
/home/ayvol/accelerator_wrapper/_x.hw.xilinx_u55c_gen3x16_xdma_3_202210_1/alveo_hls4ml/alveo_hls4ml/alveo_hls4ml/solution/.autopilot/db/ereg_v1.pp.0.cpp:49901:5: note: FIX-IT applied suggested code changes
/home/ayvol/accelerator_wrapper/_x.hw.xilinx_u55c_gen3x16_xdma_3_202210_1/alveo_hls4ml/alveo_hls4ml/alveo_hls4ml/solution/.autopilot/db/ereg_v1.pp.0.cpp:49903:2: warning: Added loop label VITIS_LOOP_15_2:   [xilinx-label-all-loops]
 for (int kernel_col = 0; kernel_col < CONFIG_T::filt_width; kernel_col++) {
 ^~~
 VITIS_LOOP_15_2: 
/home/ayvol/accelerator_wrapper/_x.hw.xilinx_u55c_gen3x16_xdma_3_202210_1/alveo_hls4ml/alveo_hls4ml/alveo_hls4ml/solution/.autopilot/db/ereg_v1.pp.0.cpp:49903:2: note: FIX-IT applied suggested code changes
/home/ayvol/accelerator_wrapper/_x.hw.xilinx_u55c_gen3x16_xdma_3_202210_1/alveo_hls4ml/alveo_hls4ml/alveo_hls4ml/solution/.autopilot/db/ereg_v1.pp.0.cpp:49906:13: warning: Added loop label VITIS_LOOP_18_3:   [xilinx-label-all-loops]
            for (int output_col = CONFIG_T::n_out; output_col; output_col--) {
            ^~~
            VITIS_LOOP_18_3: 
/home/ayvol/accelerator_wrapper/_x.hw.xilinx_u55c_gen3x16_xdma_3_202210_1/alveo_hls4ml/alveo_hls4ml/alveo_hls4ml/solution/.autopilot/db/ereg_v1.pp.0.cpp:49906:13: note: FIX-IT applied suggested code changes
/home/ayvol/accelerator_wrapper/_x.hw.xilinx_u55c_gen3x16_xdma_3_202210_1/alveo_hls4ml/alveo_hls4ml/alveo_hls4ml/solution/.autopilot/db/ereg_v1.pp.0.cpp:49940:5: warning: Added loop label VITIS_LOOP_52_1:   [xilinx-label-all-loops]
    for (int i = 0; i < CONFIG_T::n_out; i++) {
    ^~~
    VITIS_LOOP_52_1: 
/home/ayvol/accelerator_wrapper/_x.hw.xilinx_u55c_gen3x16_xdma_3_202210_1/alveo_hls4ml/alveo_hls4ml/alveo_hls4ml/solution/.autopilot/db/ereg_v1.pp.0.cpp:49940:5: note: FIX-IT applied suggested code changes
/home/ayvol/accelerator_wrapper/_x.hw.xilinx_u55c_gen3x16_xdma_3_202210_1/alveo_hls4ml/alveo_hls4ml/alveo_hls4ml/solution/.autopilot/db/ereg_v1.pp.0.cpp:49942:2: warning: Added loop label VITIS_LOOP_54_2:   [xilinx-label-all-loops]
 for (int j = 0; j < CONFIG_T::filt_width * CONFIG_T::n_chan; j++) {
 ^~~
 VITIS_LOOP_54_2: 
/home/ayvol/accelerator_wrapper/_x.hw.xilinx_u55c_gen3x16_xdma_3_202210_1/alveo_hls4ml/alveo_hls4ml/alveo_hls4ml/solution/.autopilot/db/ereg_v1.pp.0.cpp:49942:2: note: FIX-IT applied suggested code changes
/home/ayvol/accelerator_wrapper/_x.hw.xilinx_u55c_gen3x16_xdma_3_202210_1/alveo_hls4ml/alveo_hls4ml/alveo_hls4ml/solution/.autopilot/db/ereg_v1.pp.0.cpp:49946:9: warning: Added loop label VITIS_LOOP_58_3:   [xilinx-label-all-loops]
        for (int j = 0; j < CONFIG_T::n_filt; j++) {
        ^~~
        VITIS_LOOP_58_3: 
/home/ayvol/accelerator_wrapper/_x.hw.xilinx_u55c_gen3x16_xdma_3_202210_1/alveo_hls4ml/alveo_hls4ml/alveo_hls4ml/solution/.autopilot/db/ereg_v1.pp.0.cpp:49946:9: note: FIX-IT applied suggested code changes
/home/ayvol/accelerator_wrapper/_x.hw.xilinx_u55c_gen3x16_xdma_3_202210_1/alveo_hls4ml/alveo_hls4ml/alveo_hls4ml/solution/.autopilot/db/ereg_v1.pp.0.cpp:50024:9: warning: Added loop label VITIS_LOOP_136_1:   [xilinx-label-all-loops]
        for (int j = 0; j < CONFIG_T::n_filt; j++) {
        ^~~
        VITIS_LOOP_136_1: 
/home/ayvol/accelerator_wrapper/_x.hw.xilinx_u55c_gen3x16_xdma_3_202210_1/alveo_hls4ml/alveo_hls4ml/alveo_hls4ml/solution/.autopilot/db/ereg_v1.pp.0.cpp:50024:9: note: FIX-IT applied suggested code changes
/home/ayvol/accelerator_wrapper/_x.hw.xilinx_u55c_gen3x16_xdma_3_202210_1/alveo_hls4ml/alveo_hls4ml/alveo_hls4ml/solution/.autopilot/db/ereg_v1.pp.0.cpp:50081:9: warning: Added loop label VITIS_LOOP_193_1:   [xilinx-label-all-loops]
        for (int j = 0; j < CONFIG_T::n_filt; j++) {
        ^~~
        VITIS_LOOP_193_1: 
/home/ayvol/accelerator_wrapper/_x.hw.xilinx_u55c_gen3x16_xdma_3_202210_1/alveo_hls4ml/alveo_hls4ml/alveo_hls4ml/solution/.autopilot/db/ereg_v1.pp.0.cpp:50081:9: note: FIX-IT applied suggested code changes
/home/ayvol/accelerator_wrapper/_x.hw.xilinx_u55c_gen3x16_xdma_3_202210_1/alveo_hls4ml/alveo_hls4ml/alveo_hls4ml/solution/.autopilot/db/ereg_v1.pp.0.cpp:50138:5: warning: Added loop label VITIS_LOOP_68_1:   [xilinx-label-all-loops]
    for(int oh = 0; oh < CONFIG_T::out_height; oh++) {
    ^~~
    VITIS_LOOP_68_1: 
/home/ayvol/accelerator_wrapper/_x.hw.xilinx_u55c_gen3x16_xdma_3_202210_1/alveo_hls4ml/alveo_hls4ml/alveo_hls4ml/solution/.autopilot/db/ereg_v1.pp.0.cpp:50138:5: note: FIX-IT applied suggested code changes
/home/ayvol/accelerator_wrapper/_x.hw.xilinx_u55c_gen3x16_xdma_3_202210_1/alveo_hls4ml/alveo_hls4ml/alveo_hls4ml/solution/.autopilot/db/ereg_v1.pp.0.cpp:50139:9: warning: Added loop label VITIS_LOOP_69_2:   [xilinx-label-all-loops]
        for(int ow = 0; ow < CONFIG_T::out_width; ow++) {
        ^~~
        VITIS_LOOP_69_2: 
/home/ayvol/accelerator_wrapper/_x.hw.xilinx_u55c_gen3x16_xdma_3_202210_1/alveo_hls4ml/alveo_hls4ml/alveo_hls4ml/solution/.autopilot/db/ereg_v1.pp.0.cpp:50139:9: note: FIX-IT applied suggested code changes
/home/ayvol/accelerator_wrapper/_x.hw.xilinx_u55c_gen3x16_xdma_3_202210_1/alveo_hls4ml/alveo_hls4ml/alveo_hls4ml/solution/.autopilot/db/ereg_v1.pp.0.cpp:50140:13: warning: Added loop label VITIS_LOOP_70_3:   [xilinx-label-all-loops]
            for(int ff = 0; ff < CONFIG_T::n_filt; ff++){
            ^~~
            VITIS_LOOP_70_3: 
/home/ayvol/accelerator_wrapper/_x.hw.xilinx_u55c_gen3x16_xdma_3_202210_1/alveo_hls4ml/alveo_hls4ml/alveo_hls4ml/solution/.autopilot/db/ereg_v1.pp.0.cpp:50140:13: note: FIX-IT applied suggested code changes
/home/ayvol/accelerator_wrapper/_x.hw.xilinx_u55c_gen3x16_xdma_3_202210_1/alveo_hls4ml/alveo_hls4ml/alveo_hls4ml/solution/.autopilot/db/ereg_v1.pp.0.cpp:50141:17: warning: Added loop label VITIS_LOOP_71_4:   [xilinx-label-all-loops]
                for(int cc = 0; cc < CONFIG_T::n_chan; cc++){
                ^~~
                VITIS_LOOP_71_4: 
/home/ayvol/accelerator_wrapper/_x.hw.xilinx_u55c_gen3x16_xdma_3_202210_1/alveo_hls4ml/alveo_hls4ml/alveo_hls4ml/solution/.autopilot/db/ereg_v1.pp.0.cpp:50141:17: note: FIX-IT applied suggested code changes
/home/ayvol/accelerator_wrapper/_x.hw.xilinx_u55c_gen3x16_xdma_3_202210_1/alveo_hls4ml/alveo_hls4ml/alveo_hls4ml/solution/.autopilot/db/ereg_v1.pp.0.cpp:50142:21: warning: Added loop label VITIS_LOOP_72_5:   [xilinx-label-all-loops]
                    for(int fh = 0; fh < CONFIG_T::filt_height; fh++){
                    ^~~
                    VITIS_LOOP_72_5: 
/home/ayvol/accelerator_wrapper/_x.hw.xilinx_u55c_gen3x16_xdma_3_202210_1/alveo_hls4ml/alveo_hls4ml/alveo_hls4ml/solution/.autopilot/db/ereg_v1.pp.0.cpp:50142:21: note: FIX-IT applied suggested code changes
/home/ayvol/accelerator_wrapper/_x.hw.xilinx_u55c_gen3x16_xdma_3_202210_1/alveo_hls4ml/alveo_hls4ml/alveo_hls4ml/solution/.autopilot/db/ereg_v1.pp.0.cpp:50143:25: warning: Added loop label VITIS_LOOP_73_6:   [xilinx-label-all-loops]
                        for(int fw = 0; fw < CONFIG_T::filt_width; fw++){
                        ^~~
                        VITIS_LOOP_73_6: 
/home/ayvol/accelerator_wrapper/_x.hw.xilinx_u55c_gen3x16_xdma_3_202210_1/alveo_hls4ml/alveo_hls4ml/alveo_hls4ml/solution/.autopilot/db/ereg_v1.pp.0.cpp:50143:25: note: FIX-IT applied suggested code changes
/home/ayvol/accelerator_wrapper/_x.hw.xilinx_u55c_gen3x16_xdma_3_202210_1/alveo_hls4ml/alveo_hls4ml/alveo_hls4ml/solution/.autopilot/db/ereg_v1.pp.0.cpp:50239:5: warning: Added loop label VITIS_LOOP_169_1:   [xilinx-label-all-loops]
    for(int oh = 0; oh < CONFIG_T::out_height; oh++) {
    ^~~
    VITIS_LOOP_169_1: 
/home/ayvol/accelerator_wrapper/_x.hw.xilinx_u55c_gen3x16_xdma_3_202210_1/alveo_hls4ml/alveo_hls4ml/alveo_hls4ml/solution/.autopilot/db/ereg_v1.pp.0.cpp:50239:5: note: FIX-IT applied suggested code changes
/home/ayvol/accelerator_wrapper/_x.hw.xilinx_u55c_gen3x16_xdma_3_202210_1/alveo_hls4ml/alveo_hls4ml/alveo_hls4ml/solution/.autopilot/db/ereg_v1.pp.0.cpp:50240:9: warning: Added loop label VITIS_LOOP_170_2:   [xilinx-label-all-loops]
        for(int ow = 0; ow < CONFIG_T::out_width; ow++) {
        ^~~
        VITIS_LOOP_170_2: 
/home/ayvol/accelerator_wrapper/_x.hw.xilinx_u55c_gen3x16_xdma_3_202210_1/alveo_hls4ml/alveo_hls4ml/alveo_hls4ml/solution/.autopilot/db/ereg_v1.pp.0.cpp:50240:9: note: FIX-IT applied suggested code changes
/home/ayvol/accelerator_wrapper/_x.hw.xilinx_u55c_gen3x16_xdma_3_202210_1/alveo_hls4ml/alveo_hls4ml/alveo_hls4ml/solution/.autopilot/db/ereg_v1.pp.0.cpp:50241:13: warning: Added loop label VITIS_LOOP_171_3:   [xilinx-label-all-loops]
            for(int ff = 0; ff < CONFIG_T::n_filt; ff++) {
            ^~~
            VITIS_LOOP_171_3: 
/home/ayvol/accelerator_wrapper/_x.hw.xilinx_u55c_gen3x16_xdma_3_202210_1/alveo_hls4ml/alveo_hls4ml/alveo_hls4ml/solution/.autopilot/db/ereg_v1.pp.0.cpp:50241:13: note: FIX-IT applied suggested code changes
/home/ayvol/accelerator_wrapper/_x.hw.xilinx_u55c_gen3x16_xdma_3_202210_1/alveo_hls4ml/alveo_hls4ml/alveo_hls4ml/solution/.autopilot/db/ereg_v1.pp.0.cpp:50277:5: warning: Added loop label VITIS_LOOP_207_4:   [xilinx-label-all-loops]
    for(int ff = 0; ff < CONFIG_T::n_filt; ff++) {
    ^~~
    VITIS_LOOP_207_4: 
/home/ayvol/accelerator_wrapper/_x.hw.xilinx_u55c_gen3x16_xdma_3_202210_1/alveo_hls4ml/alveo_hls4ml/alveo_hls4ml/solution/.autopilot/db/ereg_v1.pp.0.cpp:50277:5: note: FIX-IT applied suggested code changes
/home/ayvol/accelerator_wrapper/_x.hw.xilinx_u55c_gen3x16_xdma_3_202210_1/alveo_hls4ml/alveo_hls4ml/alveo_hls4ml/solution/.autopilot/db/ereg_v1.pp.0.cpp:50278:9: warning: Added loop label VITIS_LOOP_208_5:   [xilinx-label-all-loops]
        for(int oh = 0; oh < CONFIG_T::out_height; oh++) {
        ^~~
        VITIS_LOOP_208_5: 
/home/ayvol/accelerator_wrapper/_x.hw.xilinx_u55c_gen3x16_xdma_3_202210_1/alveo_hls4ml/alveo_hls4ml/alveo_hls4ml/solution/.autopilot/db/ereg_v1.pp.0.cpp:50278:9: note: FIX-IT applied suggested code changes
/home/ayvol/accelerator_wrapper/_x.hw.xilinx_u55c_gen3x16_xdma_3_202210_1/alveo_hls4ml/alveo_hls4ml/alveo_hls4ml/solution/.autopilot/db/ereg_v1.pp.0.cpp:50279:13: warning: Added loop label VITIS_LOOP_209_6:   [xilinx-label-all-loops]
            for(int ow = 0; ow < CONFIG_T::out_width; ow++) {
            ^~~
            VITIS_LOOP_209_6: 
/home/ayvol/accelerator_wrapper/_x.hw.xilinx_u55c_gen3x16_xdma_3_202210_1/alveo_hls4ml/alveo_hls4ml/alveo_hls4ml/solution/.autopilot/db/ereg_v1.pp.0.cpp:50279:13: note: FIX-IT applied suggested code changes
/home/ayvol/accelerator_wrapper/_x.hw.xilinx_u55c_gen3x16_xdma_3_202210_1/alveo_hls4ml/alveo_hls4ml/alveo_hls4ml/solution/.autopilot/db/ereg_v1.pp.0.cpp:50355:5: warning: Added loop label VITIS_LOOP_285_1:   [xilinx-label-all-loops]
    for(int oh = 0; oh < CONFIG_T::out_height; oh++) {
    ^~~
    VITIS_LOOP_285_1: 
/home/ayvol/accelerator_wrapper/_x.hw.xilinx_u55c_gen3x16_xdma_3_202210_1/alveo_hls4ml/alveo_hls4ml/alveo_hls4ml/solution/.autopilot/db/ereg_v1.pp.0.cpp:50355:5: note: FIX-IT applied suggested code changes
/home/ayvol/accelerator_wrapper/_x.hw.xilinx_u55c_gen3x16_xdma_3_202210_1/alveo_hls4ml/alveo_hls4ml/alveo_hls4ml/solution/.autopilot/db/ereg_v1.pp.0.cpp:50356:9: warning: Added loop label VITIS_LOOP_286_2:   [xilinx-label-all-loops]
        for(int ow = 0; ow < CONFIG_T::out_width; ow++) {
        ^~~
        VITIS_LOOP_286_2: 
/home/ayvol/accelerator_wrapper/_x.hw.xilinx_u55c_gen3x16_xdma_3_202210_1/alveo_hls4ml/alveo_hls4ml/alveo_hls4ml/solution/.autopilot/db/ereg_v1.pp.0.cpp:50356:9: note: FIX-IT applied suggested code changes
/home/ayvol/accelerator_wrapper/_x.hw.xilinx_u55c_gen3x16_xdma_3_202210_1/alveo_hls4ml/alveo_hls4ml/alveo_hls4ml/solution/.autopilot/db/ereg_v1.pp.0.cpp:50357:13: warning: Added loop label VITIS_LOOP_287_3:   [xilinx-label-all-loops]
            for(int ff = 0; ff < CONFIG_T::n_filt; ff++) {
            ^~~
            VITIS_LOOP_287_3: 
/home/ayvol/accelerator_wrapper/_x.hw.xilinx_u55c_gen3x16_xdma_3_202210_1/alveo_hls4ml/alveo_hls4ml/alveo_hls4ml/solution/.autopilot/db/ereg_v1.pp.0.cpp:50357:13: note: FIX-IT applied suggested code changes
/home/ayvol/accelerator_wrapper/_x.hw.xilinx_u55c_gen3x16_xdma_3_202210_1/alveo_hls4ml/alveo_hls4ml/alveo_hls4ml/solution/.autopilot/db/ereg_v1.pp.0.cpp:50393:5: warning: Added loop label VITIS_LOOP_323_4:   [xilinx-label-all-loops]
    for(int oh = 0; oh < CONFIG_T::out_height; oh++) {
    ^~~
    VITIS_LOOP_323_4: 
/home/ayvol/accelerator_wrapper/_x.hw.xilinx_u55c_gen3x16_xdma_3_202210_1/alveo_hls4ml/alveo_hls4ml/alveo_hls4ml/solution/.autopilot/db/ereg_v1.pp.0.cpp:50393:5: note: FIX-IT applied suggested code changes
/home/ayvol/accelerator_wrapper/_x.hw.xilinx_u55c_gen3x16_xdma_3_202210_1/alveo_hls4ml/alveo_hls4ml/alveo_hls4ml/solution/.autopilot/db/ereg_v1.pp.0.cpp:50394:9: warning: Added loop label VITIS_LOOP_324_5:   [xilinx-label-all-loops]
        for(int ow = 0; ow < CONFIG_T::out_width; ow++) {
        ^~~
        VITIS_LOOP_324_5: 
/home/ayvol/accelerator_wrapper/_x.hw.xilinx_u55c_gen3x16_xdma_3_202210_1/alveo_hls4ml/alveo_hls4ml/alveo_hls4ml/solution/.autopilot/db/ereg_v1.pp.0.cpp:50394:9: note: FIX-IT applied suggested code changes
/home/ayvol/accelerator_wrapper/_x.hw.xilinx_u55c_gen3x16_xdma_3_202210_1/alveo_hls4ml/alveo_hls4ml/alveo_hls4ml/solution/.autopilot/db/ereg_v1.pp.0.cpp:50395:15: warning: Added loop label VITIS_LOOP_325_6:   [xilinx-label-all-loops]
              for(int ff = 0; ff < CONFIG_T::n_filt; ff++) {
              ^~~
              VITIS_LOOP_325_6: 
/home/ayvol/accelerator_wrapper/_x.hw.xilinx_u55c_gen3x16_xdma_3_202210_1/alveo_hls4ml/alveo_hls4ml/alveo_hls4ml/solution/.autopilot/db/ereg_v1.pp.0.cpp:50395:15: note: FIX-IT applied suggested code changes
/home/ayvol/accelerator_wrapper/_x.hw.xilinx_u55c_gen3x16_xdma_3_202210_1/alveo_hls4ml/alveo_hls4ml/alveo_hls4ml/solution/.autopilot/db/ereg_v1.pp.0.cpp:50411:5: warning: Added loop label VITIS_LOOP_341_1:   [xilinx-label-all-loops]
    for(int i1=0; i1<N1; i1++){
    ^~~
    VITIS_LOOP_341_1: 
/home/ayvol/accelerator_wrapper/_x.hw.xilinx_u55c_gen3x16_xdma_3_202210_1/alveo_hls4ml/alveo_hls4ml/alveo_hls4ml/solution/.autopilot/db/ereg_v1.pp.0.cpp:50411:5: note: FIX-IT applied suggested code changes
/home/ayvol/accelerator_wrapper/_x.hw.xilinx_u55c_gen3x16_xdma_3_202210_1/alveo_hls4ml/alveo_hls4ml/alveo_hls4ml/solution/.autopilot/db/ereg_v1.pp.0.cpp:50412:9: warning: Added loop label VITIS_LOOP_342_2:   [xilinx-label-all-loops]
        for(int i2=0; i2<N2; i2++){
        ^~~
        VITIS_LOOP_342_2: 
/home/ayvol/accelerator_wrapper/_x.hw.xilinx_u55c_gen3x16_xdma_3_202210_1/alveo_hls4ml/alveo_hls4ml/alveo_hls4ml/solution/.autopilot/db/ereg_v1.pp.0.cpp:50412:9: note: FIX-IT applied suggested code changes
/home/ayvol/accelerator_wrapper/_x.hw.xilinx_u55c_gen3x16_xdma_3_202210_1/alveo_hls4ml/alveo_hls4ml/alveo_hls4ml/solution/.autopilot/db/ereg_v1.pp.0.cpp:50413:13: warning: Added loop label VITIS_LOOP_343_3:   [xilinx-label-all-loops]
            for(int i3=0; i3<N3; i3++){
            ^~~
            VITIS_LOOP_343_3: 
/home/ayvol/accelerator_wrapper/_x.hw.xilinx_u55c_gen3x16_xdma_3_202210_1/alveo_hls4ml/alveo_hls4ml/alveo_hls4ml/solution/.autopilot/db/ereg_v1.pp.0.cpp:50413:13: note: FIX-IT applied suggested code changes
/home/ayvol/accelerator_wrapper/_x.hw.xilinx_u55c_gen3x16_xdma_3_202210_1/alveo_hls4ml/alveo_hls4ml/alveo_hls4ml/solution/.autopilot/db/ereg_v1.pp.0.cpp:50427:5: warning: Added loop label VITIS_LOOP_357_1:   [xilinx-label-all-loops]
    for(int i1=0; i1<N1; i1++){
    ^~~
    VITIS_LOOP_357_1: 
/home/ayvol/accelerator_wrapper/_x.hw.xilinx_u55c_gen3x16_xdma_3_202210_1/alveo_hls4ml/alveo_hls4ml/alveo_hls4ml/solution/.autopilot/db/ereg_v1.pp.0.cpp:50427:5: note: FIX-IT applied suggested code changes
/home/ayvol/accelerator_wrapper/_x.hw.xilinx_u55c_gen3x16_xdma_3_202210_1/alveo_hls4ml/alveo_hls4ml/alveo_hls4ml/solution/.autopilot/db/ereg_v1.pp.0.cpp:50428:9: warning: Added loop label VITIS_LOOP_358_2:   [xilinx-label-all-loops]
        for(int i2=0; i2<N2; i2++){
        ^~~
        VITIS_LOOP_358_2: 
/home/ayvol/accelerator_wrapper/_x.hw.xilinx_u55c_gen3x16_xdma_3_202210_1/alveo_hls4ml/alveo_hls4ml/alveo_hls4ml/solution/.autopilot/db/ereg_v1.pp.0.cpp:50428:9: note: FIX-IT applied suggested code changes
/home/ayvol/accelerator_wrapper/_x.hw.xilinx_u55c_gen3x16_xdma_3_202210_1/alveo_hls4ml/alveo_hls4ml/alveo_hls4ml/solution/.autopilot/db/ereg_v1.pp.0.cpp:50429:13: warning: Added loop label VITIS_LOOP_359_3:   [xilinx-label-all-loops]
            for(int i3=0; i3<N3; i3++){
            ^~~
            VITIS_LOOP_359_3: 
/home/ayvol/accelerator_wrapper/_x.hw.xilinx_u55c_gen3x16_xdma_3_202210_1/alveo_hls4ml/alveo_hls4ml/alveo_hls4ml/solution/.autopilot/db/ereg_v1.pp.0.cpp:50429:13: note: FIX-IT applied suggested code changes
/home/ayvol/accelerator_wrapper/_x.hw.xilinx_u55c_gen3x16_xdma_3_202210_1/alveo_hls4ml/alveo_hls4ml/alveo_hls4ml/solution/.autopilot/db/ereg_v1.pp.0.cpp:50460:5: warning: Added loop label VITIS_LOOP_21_1:   [xilinx-label-all-loops]
    for (int channel = CONFIG_T::n_chan; channel--; data += channel_size) {
    ^~~
    VITIS_LOOP_21_1: 
/home/ayvol/accelerator_wrapper/_x.hw.xilinx_u55c_gen3x16_xdma_3_202210_1/alveo_hls4ml/alveo_hls4ml/alveo_hls4ml/solution/.autopilot/db/ereg_v1.pp.0.cpp:50460:5: note: FIX-IT applied suggested code changes
/home/ayvol/accelerator_wrapper/_x.hw.xilinx_u55c_gen3x16_xdma_3_202210_1/alveo_hls4ml/alveo_hls4ml/alveo_hls4ml/solution/.autopilot/db/ereg_v1.pp.0.cpp:50461:9: warning: Added loop label VITIS_LOOP_22_2:   [xilinx-label-all-loops]
        for (int kernel_row = 0; kernel_row < CONFIG_T::filt_height; kernel_row++) {
        ^~~
        VITIS_LOOP_22_2: 
/home/ayvol/accelerator_wrapper/_x.hw.xilinx_u55c_gen3x16_xdma_3_202210_1/alveo_hls4ml/alveo_hls4ml/alveo_hls4ml/solution/.autopilot/db/ereg_v1.pp.0.cpp:50461:9: note: FIX-IT applied suggested code changes
/home/ayvol/accelerator_wrapper/_x.hw.xilinx_u55c_gen3x16_xdma_3_202210_1/alveo_hls4ml/alveo_hls4ml/alveo_hls4ml/solution/.autopilot/db/ereg_v1.pp.0.cpp:50462:13: warning: Added loop label VITIS_LOOP_23_3:   [xilinx-label-all-loops]
            for (int kernel_col = 0; kernel_col < CONFIG_T::filt_width; kernel_col++) {
            ^~~
            VITIS_LOOP_23_3: 
/home/ayvol/accelerator_wrapper/_x.hw.xilinx_u55c_gen3x16_xdma_3_202210_1/alveo_hls4ml/alveo_hls4ml/alveo_hls4ml/solution/.autopilot/db/ereg_v1.pp.0.cpp:50462:13: note: FIX-IT applied suggested code changes
/home/ayvol/accelerator_wrapper/_x.hw.xilinx_u55c_gen3x16_xdma_3_202210_1/alveo_hls4ml/alveo_hls4ml/alveo_hls4ml/solution/.autopilot/db/ereg_v1.pp.0.cpp:50464:17: warning: Added loop label VITIS_LOOP_25_4:   [xilinx-label-all-loops]
                for (int output_rows = output_h; output_rows; output_rows--) {
                ^~~
                VITIS_LOOP_25_4: 
/home/ayvol/accelerator_wrapper/_x.hw.xilinx_u55c_gen3x16_xdma_3_202210_1/alveo_hls4ml/alveo_hls4ml/alveo_hls4ml/solution/.autopilot/db/ereg_v1.pp.0.cpp:50464:17: note: FIX-IT applied suggested code changes
/home/ayvol/accelerator_wrapper/_x.hw.xilinx_u55c_gen3x16_xdma_3_202210_1/alveo_hls4ml/alveo_hls4ml/alveo_hls4ml/solution/.autopilot/db/ereg_v1.pp.0.cpp:50466:25: warning: Added loop label VITIS_LOOP_27_5:   [xilinx-label-all-loops]
                        for (int output_cols = output_w; output_cols; output_cols--) {
                        ^~~
                        VITIS_LOOP_27_5: 
/home/ayvol/accelerator_wrapper/_x.hw.xilinx_u55c_gen3x16_xdma_3_202210_1/alveo_hls4ml/alveo_hls4ml/alveo_hls4ml/solution/.autopilot/db/ereg_v1.pp.0.cpp:50466:25: note: FIX-IT applied suggested code changes
/home/ayvol/accelerator_wrapper/_x.hw.xilinx_u55c_gen3x16_xdma_3_202210_1/alveo_hls4ml/alveo_hls4ml/alveo_hls4ml/solution/.autopilot/db/ereg_v1.pp.0.cpp:50471:25: warning: Added loop label VITIS_LOOP_32_6:   [xilinx-label-all-loops]
                        for (int output_col = output_w; output_col; output_col--) {
                        ^~~
                        VITIS_LOOP_32_6: 
/home/ayvol/accelerator_wrapper/_x.hw.xilinx_u55c_gen3x16_xdma_3_202210_1/alveo_hls4ml/alveo_hls4ml/alveo_hls4ml/solution/.autopilot/db/ereg_v1.pp.0.cpp:50471:25: note: FIX-IT applied suggested code changes
/home/ayvol/accelerator_wrapper/_x.hw.xilinx_u55c_gen3x16_xdma_3_202210_1/alveo_hls4ml/alveo_hls4ml/alveo_hls4ml/solution/.autopilot/db/ereg_v1.pp.0.cpp:50505:5: warning: Added loop label VITIS_LOOP_66_1:   [xilinx-label-all-loops]
    for (int i = 0; i < CONFIG_T::out_height * CONFIG_T::out_width; i++) {
    ^~~
    VITIS_LOOP_66_1: 
/home/ayvol/accelerator_wrapper/_x.hw.xilinx_u55c_gen3x16_xdma_3_202210_1/alveo_hls4ml/alveo_hls4ml/alveo_hls4ml/solution/.autopilot/db/ereg_v1.pp.0.cpp:50505:5: note: FIX-IT applied suggested code changes
/home/ayvol/accelerator_wrapper/_x.hw.xilinx_u55c_gen3x16_xdma_3_202210_1/alveo_hls4ml/alveo_hls4ml/alveo_hls4ml/solution/.autopilot/db/ereg_v1.pp.0.cpp:50506:9: warning: Added loop label VITIS_LOOP_67_2:   [xilinx-label-all-loops]
        for (int j = 0; j < CONFIG_T::filt_height * CONFIG_T::filt_width * CONFIG_T::n_chan; j++) {
        ^~~
        VITIS_LOOP_67_2: 
/home/ayvol/accelerator_wrapper/_x.hw.xilinx_u55c_gen3x16_xdma_3_202210_1/alveo_hls4ml/alveo_hls4ml/alveo_hls4ml/solution/.autopilot/db/ereg_v1.pp.0.cpp:50506:9: note: FIX-IT applied suggested code changes
/home/ayvol/accelerator_wrapper/_x.hw.xilinx_u55c_gen3x16_xdma_3_202210_1/alveo_hls4ml/alveo_hls4ml/alveo_hls4ml/solution/.autopilot/db/ereg_v1.pp.0.cpp:50510:9: warning: Added loop label VITIS_LOOP_71_3:   [xilinx-label-all-loops]
        for (int j = 0; j < CONFIG_T::n_filt; j++) {
        ^~~
        VITIS_LOOP_71_3: 
/home/ayvol/accelerator_wrapper/_x.hw.xilinx_u55c_gen3x16_xdma_3_202210_1/alveo_hls4ml/alveo_hls4ml/alveo_hls4ml/solution/.autopilot/db/ereg_v1.pp.0.cpp:50510:9: note: FIX-IT applied suggested code changes
/home/ayvol/accelerator_wrapper/_x.hw.xilinx_u55c_gen3x16_xdma_3_202210_1/alveo_hls4ml/alveo_hls4ml/alveo_hls4ml/solution/.autopilot/db/ereg_v1.pp.0.cpp:50526:5: warning: Added loop label VITIS_LOOP_87_1:   [xilinx-label-all-loops]
    for (int channel = CONFIG_T::n_chan; channel--; data += channel_size) {
    ^~~
    VITIS_LOOP_87_1: 
/home/ayvol/accelerator_wrapper/_x.hw.xilinx_u55c_gen3x16_xdma_3_202210_1/alveo_hls4ml/alveo_hls4ml/alveo_hls4ml/solution/.autopilot/db/ereg_v1.pp.0.cpp:50526:5: note: FIX-IT applied suggested code changes
/home/ayvol/accelerator_wrapper/_x.hw.xilinx_u55c_gen3x16_xdma_3_202210_1/alveo_hls4ml/alveo_hls4ml/alveo_hls4ml/solution/.autopilot/db/ereg_v1.pp.0.cpp:50528:2: warning: Added loop label VITIS_LOOP_89_2:   [xilinx-label-all-loops]
 for (int kernel_row = 0; kernel_row < CONFIG_T::filt_height; kernel_row++) {
 ^~~
 VITIS_LOOP_89_2: 
/home/ayvol/accelerator_wrapper/_x.hw.xilinx_u55c_gen3x16_xdma_3_202210_1/alveo_hls4ml/alveo_hls4ml/alveo_hls4ml/solution/.autopilot/db/ereg_v1.pp.0.cpp:50528:2: note: FIX-IT applied suggested code changes
/home/ayvol/accelerator_wrapper/_x.hw.xilinx_u55c_gen3x16_xdma_3_202210_1/alveo_hls4ml/alveo_hls4ml/alveo_hls4ml/solution/.autopilot/db/ereg_v1.pp.0.cpp:50530:13: warning: Added loop label VITIS_LOOP_91_3:   [xilinx-label-all-loops]
            for (int kernel_col = 0; kernel_col < CONFIG_T::filt_width; kernel_col++) {
            ^~~
            VITIS_LOOP_91_3: 
/home/ayvol/accelerator_wrapper/_x.hw.xilinx_u55c_gen3x16_xdma_3_202210_1/alveo_hls4ml/alveo_hls4ml/alveo_hls4ml/solution/.autopilot/db/ereg_v1.pp.0.cpp:50530:13: note: FIX-IT applied suggested code changes
/home/ayvol/accelerator_wrapper/_x.hw.xilinx_u55c_gen3x16_xdma_3_202210_1/alveo_hls4ml/alveo_hls4ml/alveo_hls4ml/solution/.autopilot/db/ereg_v1.pp.0.cpp:50597:5: warning: Added loop label VITIS_LOOP_158_1:   [xilinx-label-all-loops]
    for (int channel = CONFIG_T::n_chan; channel--; data++) {
    ^~~
    VITIS_LOOP_158_1: 
/home/ayvol/accelerator_wrapper/_x.hw.xilinx_u55c_gen3x16_xdma_3_202210_1/alveo_hls4ml/alveo_hls4ml/alveo_hls4ml/solution/.autopilot/db/ereg_v1.pp.0.cpp:50597:5: note: FIX-IT applied suggested code changes
/home/ayvol/accelerator_wrapper/_x.hw.xilinx_u55c_gen3x16_xdma_3_202210_1/alveo_hls4ml/alveo_hls4ml/alveo_hls4ml/solution/.autopilot/db/ereg_v1.pp.0.cpp:50599:2: warning: Added loop label VITIS_LOOP_160_2:   [xilinx-label-all-loops]
 for (int kernel_row = 0; kernel_row < CONFIG_T::filt_height; kernel_row++) {
 ^~~
 VITIS_LOOP_160_2: 
/home/ayvol/accelerator_wrapper/_x.hw.xilinx_u55c_gen3x16_xdma_3_202210_1/alveo_hls4ml/alveo_hls4ml/alveo_hls4ml/solution/.autopilot/db/ereg_v1.pp.0.cpp:50599:2: note: FIX-IT applied suggested code changes
/home/ayvol/accelerator_wrapper/_x.hw.xilinx_u55c_gen3x16_xdma_3_202210_1/alveo_hls4ml/alveo_hls4ml/alveo_hls4ml/solution/.autopilot/db/ereg_v1.pp.0.cpp:50601:13: warning: Added loop label VITIS_LOOP_162_3:   [xilinx-label-all-loops]
            for (int kernel_col = 0; kernel_col < CONFIG_T::filt_width; kernel_col++) {
            ^~~
            VITIS_LOOP_162_3: 
/home/ayvol/accelerator_wrapper/_x.hw.xilinx_u55c_gen3x16_xdma_3_202210_1/alveo_hls4ml/alveo_hls4ml/alveo_hls4ml/solution/.autopilot/db/ereg_v1.pp.0.cpp:50601:13: note: FIX-IT applied suggested code changes
/home/ayvol/accelerator_wrapper/_x.hw.xilinx_u55c_gen3x16_xdma_3_202210_1/alveo_hls4ml/alveo_hls4ml/alveo_hls4ml/solution/.autopilot/db/ereg_v1.pp.0.cpp:50698:5: warning: Added loop label VITIS_LOOP_57_1:   [xilinx-label-all-loops]
    for (int ii=0; ii<CONFIG_T::n_in; ii++) {
    ^~~
    VITIS_LOOP_57_1: 
/home/ayvol/accelerator_wrapper/_x.hw.xilinx_u55c_gen3x16_xdma_3_202210_1/alveo_hls4ml/alveo_hls4ml/alveo_hls4ml/solution/.autopilot/db/ereg_v1.pp.0.cpp:50698:5: note: FIX-IT applied suggested code changes
/home/ayvol/accelerator_wrapper/_x.hw.xilinx_u55c_gen3x16_xdma_3_202210_1/alveo_hls4ml/alveo_hls4ml/alveo_hls4ml/solution/.autopilot/db/ereg_v1.pp.0.cpp:50719:5: warning: Added loop label VITIS_LOOP_78_1:   [xilinx-label-all-loops]
    for (int ii=0; ii<CONFIG_T::n_in; ii++) {
    ^~~
    VITIS_LOOP_78_1: 
/home/ayvol/accelerator_wrapper/_x.hw.xilinx_u55c_gen3x16_xdma_3_202210_1/alveo_hls4ml/alveo_hls4ml/alveo_hls4ml/solution/.autopilot/db/ereg_v1.pp.0.cpp:50719:5: note: FIX-IT applied suggested code changes
/home/ayvol/accelerator_wrapper/_x.hw.xilinx_u55c_gen3x16_xdma_3_202210_1/alveo_hls4ml/alveo_hls4ml/alveo_hls4ml/solution/.autopilot/db/ereg_v1.pp.0.cpp:50737:5: warning: Added loop label VITIS_LOOP_96_1:   [xilinx-label-all-loops]
    for (int ii=0; ii<CONFIG_T::n_in; ii++) {
    ^~~
    VITIS_LOOP_96_1: 
/home/ayvol/accelerator_wrapper/_x.hw.xilinx_u55c_gen3x16_xdma_3_202210_1/alveo_hls4ml/alveo_hls4ml/alveo_hls4ml/solution/.autopilot/db/ereg_v1.pp.0.cpp:50737:5: note: FIX-IT applied suggested code changes
/home/ayvol/accelerator_wrapper/_x.hw.xilinx_u55c_gen3x16_xdma_3_202210_1/alveo_hls4ml/alveo_hls4ml/alveo_hls4ml/solution/.autopilot/db/ereg_v1.pp.0.cpp:50772:5: warning: Added loop label VITIS_LOOP_131_1:   [xilinx-label-all-loops]
    for (int ii = 0; ii < N_TABLE; ii++) {
    ^~~
    VITIS_LOOP_131_1: 
/home/ayvol/accelerator_wrapper/_x.hw.xilinx_u55c_gen3x16_xdma_3_202210_1/alveo_hls4ml/alveo_hls4ml/alveo_hls4ml/solution/.autopilot/db/ereg_v1.pp.0.cpp:50772:5: note: FIX-IT applied suggested code changes
/home/ayvol/accelerator_wrapper/_x.hw.xilinx_u55c_gen3x16_xdma_3_202210_1/alveo_hls4ml/alveo_hls4ml/alveo_hls4ml/solution/.autopilot/db/ereg_v1.pp.0.cpp:50805:5: warning: Added loop label VITIS_LOOP_164_1:   [xilinx-label-all-loops]
    for (int ii=0; ii<CONFIG_T::n_in; ii++) {
    ^~~
    VITIS_LOOP_164_1: 
/home/ayvol/accelerator_wrapper/_x.hw.xilinx_u55c_gen3x16_xdma_3_202210_1/alveo_hls4ml/alveo_hls4ml/alveo_hls4ml/solution/.autopilot/db/ereg_v1.pp.0.cpp:50805:5: note: FIX-IT applied suggested code changes
/home/ayvol/accelerator_wrapper/_x.hw.xilinx_u55c_gen3x16_xdma_3_202210_1/alveo_hls4ml/alveo_hls4ml/alveo_hls4ml/solution/.autopilot/db/ereg_v1.pp.0.cpp:50828:5: warning: Added loop label VITIS_LOOP_187_1:   [xilinx-label-all-loops]
    for (int ii = 0; ii < N_TABLE; ii++) {
    ^~~
    VITIS_LOOP_187_1: 
/home/ayvol/accelerator_wrapper/_x.hw.xilinx_u55c_gen3x16_xdma_3_202210_1/alveo_hls4ml/alveo_hls4ml/alveo_hls4ml/solution/.autopilot/db/ereg_v1.pp.0.cpp:50828:5: note: FIX-IT applied suggested code changes
/home/ayvol/accelerator_wrapper/_x.hw.xilinx_u55c_gen3x16_xdma_3_202210_1/alveo_hls4ml/alveo_hls4ml/alveo_hls4ml/solution/.autopilot/db/ereg_v1.pp.0.cpp:50843:5: warning: Added loop label VITIS_LOOP_202_1:   [xilinx-label-all-loops]
    for (int ii = 0; ii < N_TABLE; ii++) {
    ^~~
    VITIS_LOOP_202_1: 
/home/ayvol/accelerator_wrapper/_x.hw.xilinx_u55c_gen3x16_xdma_3_202210_1/alveo_hls4ml/alveo_hls4ml/alveo_hls4ml/solution/.autopilot/db/ereg_v1.pp.0.cpp:50843:5: note: FIX-IT applied suggested code changes
/home/ayvol/accelerator_wrapper/_x.hw.xilinx_u55c_gen3x16_xdma_3_202210_1/alveo_hls4ml/alveo_hls4ml/alveo_hls4ml/solution/.autopilot/db/ereg_v1.pp.0.cpp:50882:5: warning: Added loop label VITIS_LOOP_241_1:   [xilinx-label-all-loops]
    for (int ii=0; ii<CONFIG_T::n_in; ii++) {
    ^~~
    VITIS_LOOP_241_1: 
/home/ayvol/accelerator_wrapper/_x.hw.xilinx_u55c_gen3x16_xdma_3_202210_1/alveo_hls4ml/alveo_hls4ml/alveo_hls4ml/solution/.autopilot/db/ereg_v1.pp.0.cpp:50882:5: note: FIX-IT applied suggested code changes
/home/ayvol/accelerator_wrapper/_x.hw.xilinx_u55c_gen3x16_xdma_3_202210_1/alveo_hls4ml/alveo_hls4ml/alveo_hls4ml/solution/.autopilot/db/ereg_v1.pp.0.cpp:50886:5: warning: Added loop label VITIS_LOOP_245_2:   [xilinx-label-all-loops]
    for (int ii=0; ii<CONFIG_T::n_in; ii++) {
    ^~~
    VITIS_LOOP_245_2: 
/home/ayvol/accelerator_wrapper/_x.hw.xilinx_u55c_gen3x16_xdma_3_202210_1/alveo_hls4ml/alveo_hls4ml/alveo_hls4ml/solution/.autopilot/db/ereg_v1.pp.0.cpp:50886:5: note: FIX-IT applied suggested code changes
/home/ayvol/accelerator_wrapper/_x.hw.xilinx_u55c_gen3x16_xdma_3_202210_1/alveo_hls4ml/alveo_hls4ml/alveo_hls4ml/solution/.autopilot/db/ereg_v1.pp.0.cpp:50890:7: warning: Added loop label VITIS_LOOP_249_3:   [xilinx-label-all-loops]
      for (int jj=0; jj<CONFIG_T::n_in; jj++) {
      ^~~
      VITIS_LOOP_249_3: 
/home/ayvol/accelerator_wrapper/_x.hw.xilinx_u55c_gen3x16_xdma_3_202210_1/alveo_hls4ml/alveo_hls4ml/alveo_hls4ml/solution/.autopilot/db/ereg_v1.pp.0.cpp:50890:7: note: FIX-IT applied suggested code changes
/home/ayvol/accelerator_wrapper/_x.hw.xilinx_u55c_gen3x16_xdma_3_202210_1/alveo_hls4ml/alveo_hls4ml/alveo_hls4ml/solution/.autopilot/db/ereg_v1.pp.0.cpp:50904:5: warning: Added loop label VITIS_LOOP_263_4:   [xilinx-label-all-loops]
    for (int ii=0; ii<CONFIG_T::n_in; ii++) {
    ^~~
    VITIS_LOOP_263_4: 
/home/ayvol/accelerator_wrapper/_x.hw.xilinx_u55c_gen3x16_xdma_3_202210_1/alveo_hls4ml/alveo_hls4ml/alveo_hls4ml/solution/.autopilot/db/ereg_v1.pp.0.cpp:50904:5: note: FIX-IT applied suggested code changes
/home/ayvol/accelerator_wrapper/_x.hw.xilinx_u55c_gen3x16_xdma_3_202210_1/alveo_hls4ml/alveo_hls4ml/alveo_hls4ml/solution/.autopilot/db/ereg_v1.pp.0.cpp:50921:5: warning: Added loop label VITIS_LOOP_280_1:   [xilinx-label-all-loops]
    for (int ii = 0; ii < N_TABLE; ii++) {
    ^~~
    VITIS_LOOP_280_1: 
/home/ayvol/accelerator_wrapper/_x.hw.xilinx_u55c_gen3x16_xdma_3_202210_1/alveo_hls4ml/alveo_hls4ml/alveo_hls4ml/solution/.autopilot/db/ereg_v1.pp.0.cpp:50921:5: note: FIX-IT applied suggested code changes
/home/ayvol/accelerator_wrapper/_x.hw.xilinx_u55c_gen3x16_xdma_3_202210_1/alveo_hls4ml/alveo_hls4ml/alveo_hls4ml/solution/.autopilot/db/ereg_v1.pp.0.cpp:50955:5: warning: Added loop label VITIS_LOOP_314_1:   [xilinx-label-all-loops]
    for (int ii=0; ii<CONFIG_T::n_in; ii++) {
    ^~~
    VITIS_LOOP_314_1: 
/home/ayvol/accelerator_wrapper/_x.hw.xilinx_u55c_gen3x16_xdma_3_202210_1/alveo_hls4ml/alveo_hls4ml/alveo_hls4ml/solution/.autopilot/db/ereg_v1.pp.0.cpp:50955:5: note: FIX-IT applied suggested code changes
/home/ayvol/accelerator_wrapper/_x.hw.xilinx_u55c_gen3x16_xdma_3_202210_1/alveo_hls4ml/alveo_hls4ml/alveo_hls4ml/solution/.autopilot/db/ereg_v1.pp.0.cpp:50981:5: warning: Added loop label VITIS_LOOP_340_1:   [xilinx-label-all-loops]
    for (int ii=0; ii<CONFIG_T::n_in; ii++) {
    ^~~
    VITIS_LOOP_340_1: 
/home/ayvol/accelerator_wrapper/_x.hw.xilinx_u55c_gen3x16_xdma_3_202210_1/alveo_hls4ml/alveo_hls4ml/alveo_hls4ml/solution/.autopilot/db/ereg_v1.pp.0.cpp:50981:5: note: FIX-IT applied suggested code changes
/home/ayvol/accelerator_wrapper/_x.hw.xilinx_u55c_gen3x16_xdma_3_202210_1/alveo_hls4ml/alveo_hls4ml/alveo_hls4ml/solution/.autopilot/db/ereg_v1.pp.0.cpp:51003:5: warning: Added loop label VITIS_LOOP_362_1:   [xilinx-label-all-loops]
    for (int ii=0; ii<CONFIG_T::n_in; ii++) {
    ^~~
    VITIS_LOOP_362_1: 
/home/ayvol/accelerator_wrapper/_x.hw.xilinx_u55c_gen3x16_xdma_3_202210_1/alveo_hls4ml/alveo_hls4ml/alveo_hls4ml/solution/.autopilot/db/ereg_v1.pp.0.cpp:51003:5: note: FIX-IT applied suggested code changes
/home/ayvol/accelerator_wrapper/_x.hw.xilinx_u55c_gen3x16_xdma_3_202210_1/alveo_hls4ml/alveo_hls4ml/alveo_hls4ml/solution/.autopilot/db/ereg_v1.pp.0.cpp:51024:5: warning: Added loop label VITIS_LOOP_383_1:   [xilinx-label-all-loops]
    for (int ii=0; ii<CONFIG_T::n_in; ii++) {
    ^~~
    VITIS_LOOP_383_1: 
/home/ayvol/accelerator_wrapper/_x.hw.xilinx_u55c_gen3x16_xdma_3_202210_1/alveo_hls4ml/alveo_hls4ml/alveo_hls4ml/solution/.autopilot/db/ereg_v1.pp.0.cpp:51024:5: note: FIX-IT applied suggested code changes
/home/ayvol/accelerator_wrapper/_x.hw.xilinx_u55c_gen3x16_xdma_3_202210_1/alveo_hls4ml/alveo_hls4ml/alveo_hls4ml/solution/.autopilot/db/ereg_v1.pp.0.cpp:51046:5: warning: Added loop label VITIS_LOOP_405_1:   [xilinx-label-all-loops]
    for (int ii = 0; ii < N_TABLE; ii++) {
    ^~~
    VITIS_LOOP_405_1: 
/home/ayvol/accelerator_wrapper/_x.hw.xilinx_u55c_gen3x16_xdma_3_202210_1/alveo_hls4ml/alveo_hls4ml/alveo_hls4ml/solution/.autopilot/db/ereg_v1.pp.0.cpp:51046:5: note: FIX-IT applied suggested code changes
/home/ayvol/accelerator_wrapper/_x.hw.xilinx_u55c_gen3x16_xdma_3_202210_1/alveo_hls4ml/alveo_hls4ml/alveo_hls4ml/solution/.autopilot/db/ereg_v1.pp.0.cpp:51079:5: warning: Added loop label VITIS_LOOP_438_1:   [xilinx-label-all-loops]
    for (int ii=0; ii<CONFIG_T::n_in; ii++) {
    ^~~
    VITIS_LOOP_438_1: 
/home/ayvol/accelerator_wrapper/_x.hw.xilinx_u55c_gen3x16_xdma_3_202210_1/alveo_hls4ml/alveo_hls4ml/alveo_hls4ml/solution/.autopilot/db/ereg_v1.pp.0.cpp:51079:5: note: FIX-IT applied suggested code changes
/home/ayvol/accelerator_wrapper/_x.hw.xilinx_u55c_gen3x16_xdma_3_202210_1/alveo_hls4ml/alveo_hls4ml/alveo_hls4ml/solution/.autopilot/db/ereg_v1.pp.0.cpp:51103:5: warning: Added loop label VITIS_LOOP_462_1:   [xilinx-label-all-loops]
    for (int ii = 0; ii < N_TABLE; ii++) {
    ^~~
    VITIS_LOOP_462_1: 
/home/ayvol/accelerator_wrapper/_x.hw.xilinx_u55c_gen3x16_xdma_3_202210_1/alveo_hls4ml/alveo_hls4ml/alveo_hls4ml/solution/.autopilot/db/ereg_v1.pp.0.cpp:51103:5: note: FIX-IT applied suggested code changes
/home/ayvol/accelerator_wrapper/_x.hw.xilinx_u55c_gen3x16_xdma_3_202210_1/alveo_hls4ml/alveo_hls4ml/alveo_hls4ml/solution/.autopilot/db/ereg_v1.pp.0.cpp:51136:5: warning: Added loop label VITIS_LOOP_495_1:   [xilinx-label-all-loops]
    for (int ii=0; ii<CONFIG_T::n_in; ii++) {
    ^~~
    VITIS_LOOP_495_1: 
/home/ayvol/accelerator_wrapper/_x.hw.xilinx_u55c_gen3x16_xdma_3_202210_1/alveo_hls4ml/alveo_hls4ml/alveo_hls4ml/solution/.autopilot/db/ereg_v1.pp.0.cpp:51136:5: note: FIX-IT applied suggested code changes
/home/ayvol/accelerator_wrapper/_x.hw.xilinx_u55c_gen3x16_xdma_3_202210_1/alveo_hls4ml/alveo_hls4ml/alveo_hls4ml/solution/.autopilot/db/ereg_v1.pp.0.cpp:51160:5: warning: Added loop label VITIS_LOOP_519_1:   [xilinx-label-all-loops]
    for (int ii = 0; ii < N_TABLE; ii++) {
    ^~~
    VITIS_LOOP_519_1: 
/home/ayvol/accelerator_wrapper/_x.hw.xilinx_u55c_gen3x16_xdma_3_202210_1/alveo_hls4ml/alveo_hls4ml/alveo_hls4ml/solution/.autopilot/db/ereg_v1.pp.0.cpp:51160:5: note: FIX-IT applied suggested code changes
/home/ayvol/accelerator_wrapper/_x.hw.xilinx_u55c_gen3x16_xdma_3_202210_1/alveo_hls4ml/alveo_hls4ml/alveo_hls4ml/solution/.autopilot/db/ereg_v1.pp.0.cpp:51193:5: warning: Added loop label VITIS_LOOP_552_1:   [xilinx-label-all-loops]
    for (int ii=0; ii<CONFIG_T::n_in; ii++) {
    ^~~
    VITIS_LOOP_552_1: 
/home/ayvol/accelerator_wrapper/_x.hw.xilinx_u55c_gen3x16_xdma_3_202210_1/alveo_hls4ml/alveo_hls4ml/alveo_hls4ml/solution/.autopilot/db/ereg_v1.pp.0.cpp:51193:5: note: FIX-IT applied suggested code changes
/home/ayvol/accelerator_wrapper/_x.hw.xilinx_u55c_gen3x16_xdma_3_202210_1/alveo_hls4ml/alveo_hls4ml/alveo_hls4ml/solution/.autopilot/db/ereg_v1.pp.0.cpp:51226:5: warning: Added loop label VITIS_LOOP_585_1:   [xilinx-label-all-loops]
    for (int ii = 0; ii < N_TABLE; ii++) {
    ^~~
    VITIS_LOOP_585_1: 
/home/ayvol/accelerator_wrapper/_x.hw.xilinx_u55c_gen3x16_xdma_3_202210_1/alveo_hls4ml/alveo_hls4ml/alveo_hls4ml/solution/.autopilot/db/ereg_v1.pp.0.cpp:51226:5: note: FIX-IT applied suggested code changes
/home/ayvol/accelerator_wrapper/_x.hw.xilinx_u55c_gen3x16_xdma_3_202210_1/alveo_hls4ml/alveo_hls4ml/alveo_hls4ml/solution/.autopilot/db/ereg_v1.pp.0.cpp:51259:5: warning: Added loop label VITIS_LOOP_618_1:   [xilinx-label-all-loops]
    for (int ii=0; ii<CONFIG_T::n_in; ii++) {
    ^~~
    VITIS_LOOP_618_1: 
/home/ayvol/accelerator_wrapper/_x.hw.xilinx_u55c_gen3x16_xdma_3_202210_1/alveo_hls4ml/alveo_hls4ml/alveo_hls4ml/solution/.autopilot/db/ereg_v1.pp.0.cpp:51259:5: note: FIX-IT applied suggested code changes
/home/ayvol/accelerator_wrapper/_x.hw.xilinx_u55c_gen3x16_xdma_3_202210_1/alveo_hls4ml/alveo_hls4ml/alveo_hls4ml/solution/.autopilot/db/ereg_v1.pp.0.cpp:51285:5: warning: Added loop label VITIS_LOOP_644_1:   [xilinx-label-all-loops]
    for (int ii=0; ii<CONFIG_T::n_in; ii++) {
    ^~~
    VITIS_LOOP_644_1: 
/home/ayvol/accelerator_wrapper/_x.hw.xilinx_u55c_gen3x16_xdma_3_202210_1/alveo_hls4ml/alveo_hls4ml/alveo_hls4ml/solution/.autopilot/db/ereg_v1.pp.0.cpp:51285:5: note: FIX-IT applied suggested code changes
/home/ayvol/accelerator_wrapper/_x.hw.xilinx_u55c_gen3x16_xdma_3_202210_1/alveo_hls4ml/alveo_hls4ml/alveo_hls4ml/solution/.autopilot/db/ereg_v1.pp.0.cpp:51308:2: warning: Added loop label VITIS_LOOP_667_1:   [xilinx-label-all-loops]
 for (int ii=0; ii<CONFIG_T::n_in; ii++) {
 ^~~
 VITIS_LOOP_667_1: 
/home/ayvol/accelerator_wrapper/_x.hw.xilinx_u55c_gen3x16_xdma_3_202210_1/alveo_hls4ml/alveo_hls4ml/alveo_hls4ml/solution/.autopilot/db/ereg_v1.pp.0.cpp:51308:2: note: FIX-IT applied suggested code changes
/home/ayvol/accelerator_wrapper/_x.hw.xilinx_u55c_gen3x16_xdma_3_202210_1/alveo_hls4ml/alveo_hls4ml/alveo_hls4ml/solution/.autopilot/db/ereg_v1.pp.0.cpp:51336:2: warning: Added loop label VITIS_LOOP_695_1:   [xilinx-label-all-loops]
 for (int ii=0; ii<CONFIG_T::n_in; ii++) {
 ^~~
 VITIS_LOOP_695_1: 
/home/ayvol/accelerator_wrapper/_x.hw.xilinx_u55c_gen3x16_xdma_3_202210_1/alveo_hls4ml/alveo_hls4ml/alveo_hls4ml/solution/.autopilot/db/ereg_v1.pp.0.cpp:51336:2: note: FIX-IT applied suggested code changes
/home/ayvol/accelerator_wrapper/_x.hw.xilinx_u55c_gen3x16_xdma_3_202210_1/alveo_hls4ml/alveo_hls4ml/alveo_hls4ml/solution/.autopilot/db/ereg_v1.pp.0.cpp:51453:5: warning: Added loop label VITIS_LOOP_120_1:   [xilinx-label-all-loops]
    for (int ii=0; ii<CONFIG_T::n_in; ii++) {
    ^~~
    VITIS_LOOP_120_1: 
/home/ayvol/accelerator_wrapper/_x.hw.xilinx_u55c_gen3x16_xdma_3_202210_1/alveo_hls4ml/alveo_hls4ml/alveo_hls4ml/solution/.autopilot/db/ereg_v1.pp.0.cpp:51453:5: note: FIX-IT applied suggested code changes
/home/ayvol/accelerator_wrapper/_x.hw.xilinx_u55c_gen3x16_xdma_3_202210_1/alveo_hls4ml/alveo_hls4ml/alveo_hls4ml/solution/.autopilot/db/ereg_v1.pp.0.cpp:51476:5: warning: Added loop label VITIS_LOOP_143_1:   [xilinx-label-all-loops]
    for (int ii=0; ii<CONFIG_T::n_in; ii++) {
    ^~~
    VITIS_LOOP_143_1: 
/home/ayvol/accelerator_wrapper/_x.hw.xilinx_u55c_gen3x16_xdma_3_202210_1/alveo_hls4ml/alveo_hls4ml/alveo_hls4ml/solution/.autopilot/db/ereg_v1.pp.0.cpp:51476:5: note: FIX-IT applied suggested code changes
/home/ayvol/accelerator_wrapper/_x.hw.xilinx_u55c_gen3x16_xdma_3_202210_1/alveo_hls4ml/alveo_hls4ml/alveo_hls4ml/solution/.autopilot/db/ereg_v1.pp.0.cpp:51505:3: warning: Added loop label VITIS_LOOP_13_1:   [xilinx-label-all-loops]
  for(int i = 1; i < N; i++){
  ^~~
  VITIS_LOOP_13_1: 
/home/ayvol/accelerator_wrapper/_x.hw.xilinx_u55c_gen3x16_xdma_3_202210_1/alveo_hls4ml/alveo_hls4ml/alveo_hls4ml/solution/.autopilot/db/ereg_v1.pp.0.cpp:51505:3: note: FIX-IT applied suggested code changes
/home/ayvol/accelerator_wrapper/_x.hw.xilinx_u55c_gen3x16_xdma_3_202210_1/alveo_hls4ml/alveo_hls4ml/alveo_hls4ml/solution/.autopilot/db/ereg_v1.pp.0.cpp:51515:3: warning: Added loop label VITIS_LOOP_23_1:   [xilinx-label-all-loops]
  for(int i = 0; i < N; i++){
  ^~~
  VITIS_LOOP_23_1: 
/home/ayvol/accelerator_wrapper/_x.hw.xilinx_u55c_gen3x16_xdma_3_202210_1/alveo_hls4ml/alveo_hls4ml/alveo_hls4ml/solution/.autopilot/db/ereg_v1.pp.0.cpp:51515:3: note: FIX-IT applied suggested code changes
/home/ayvol/accelerator_wrapper/_x.hw.xilinx_u55c_gen3x16_xdma_3_202210_1/alveo_hls4ml/alveo_hls4ml/alveo_hls4ml/solution/.autopilot/db/ereg_v1.pp.0.cpp:51528:3: warning: Added loop label VITIS_LOOP_36_1:   [xilinx-label-all-loops]
  for(int i = 0; i < N; i++){
  ^~~
  VITIS_LOOP_36_1: 
/home/ayvol/accelerator_wrapper/_x.hw.xilinx_u55c_gen3x16_xdma_3_202210_1/alveo_hls4ml/alveo_hls4ml/alveo_hls4ml/solution/.autopilot/db/ereg_v1.pp.0.cpp:51528:3: note: FIX-IT applied suggested code changes
/home/ayvol/accelerator_wrapper/_x.hw.xilinx_u55c_gen3x16_xdma_3_202210_1/alveo_hls4ml/alveo_hls4ml/alveo_hls4ml/solution/.autopilot/db/ereg_v1.pp.0.cpp:51541:3: warning: Added loop label VITIS_LOOP_49_1:   [xilinx-label-all-loops]
  for(int i = 0; i < N; i++){
  ^~~
  VITIS_LOOP_49_1: 
/home/ayvol/accelerator_wrapper/_x.hw.xilinx_u55c_gen3x16_xdma_3_202210_1/alveo_hls4ml/alveo_hls4ml/alveo_hls4ml/solution/.autopilot/db/ereg_v1.pp.0.cpp:51541:3: note: FIX-IT applied suggested code changes
/home/ayvol/accelerator_wrapper/_x.hw.xilinx_u55c_gen3x16_xdma_3_202210_1/alveo_hls4ml/alveo_hls4ml/alveo_hls4ml/solution/.autopilot/db/ereg_v1.pp.0.cpp:51591:3: warning: Added loop label VITIS_LOOP_99_1:   [xilinx-label-all-loops]
  for(int ii = 0; ii < CONFIG_T::n_out; ii ++){
  ^~~
  VITIS_LOOP_99_1: 
/home/ayvol/accelerator_wrapper/_x.hw.xilinx_u55c_gen3x16_xdma_3_202210_1/alveo_hls4ml/alveo_hls4ml/alveo_hls4ml/solution/.autopilot/db/ereg_v1.pp.0.cpp:51591:3: note: FIX-IT applied suggested code changes
/home/ayvol/accelerator_wrapper/_x.hw.xilinx_u55c_gen3x16_xdma_3_202210_1/alveo_hls4ml/alveo_hls4ml/alveo_hls4ml/solution/.autopilot/db/ereg_v1.pp.0.cpp:51593:5: warning: Added loop label VITIS_LOOP_101_2:   [xilinx-label-all-loops]
    for(int jj = 0; jj < CONFIG_T::pool_size; jj++){
    ^~~
    VITIS_LOOP_101_2: 
/home/ayvol/accelerator_wrapper/_x.hw.xilinx_u55c_gen3x16_xdma_3_202210_1/alveo_hls4ml/alveo_hls4ml/alveo_hls4ml/solution/.autopilot/db/ereg_v1.pp.0.cpp:51593:5: note: FIX-IT applied suggested code changes
/home/ayvol/accelerator_wrapper/_x.hw.xilinx_u55c_gen3x16_xdma_3_202210_1/alveo_hls4ml/alveo_hls4ml/alveo_hls4ml/solution/.autopilot/db/ereg_v1.pp.0.cpp:51642:3: warning: Added loop label VITIS_LOOP_150_1:   [xilinx-label-all-loops]
  for(int ff = 0; ff < CONFIG_T::n_filt; ff++){
  ^~~
  VITIS_LOOP_150_1: 
/home/ayvol/accelerator_wrapper/_x.hw.xilinx_u55c_gen3x16_xdma_3_202210_1/alveo_hls4ml/alveo_hls4ml/alveo_hls4ml/solution/.autopilot/db/ereg_v1.pp.0.cpp:51642:3: note: FIX-IT applied suggested code changes
/home/ayvol/accelerator_wrapper/_x.hw.xilinx_u55c_gen3x16_xdma_3_202210_1/alveo_hls4ml/alveo_hls4ml/alveo_hls4ml/solution/.autopilot/db/ereg_v1.pp.0.cpp:51644:4: warning: Added loop label VITIS_LOOP_152_2:   [xilinx-label-all-loops]
   for(int ii = 0; ii < padded_height; ii += CONFIG_T::stride_height){
   ^~~
   VITIS_LOOP_152_2: 
/home/ayvol/accelerator_wrapper/_x.hw.xilinx_u55c_gen3x16_xdma_3_202210_1/alveo_hls4ml/alveo_hls4ml/alveo_hls4ml/solution/.autopilot/db/ereg_v1.pp.0.cpp:51644:4: note: FIX-IT applied suggested code changes
/home/ayvol/accelerator_wrapper/_x.hw.xilinx_u55c_gen3x16_xdma_3_202210_1/alveo_hls4ml/alveo_hls4ml/alveo_hls4ml/solution/.autopilot/db/ereg_v1.pp.0.cpp:51646:5: warning: Added loop label VITIS_LOOP_154_3:   [xilinx-label-all-loops]
    for(int jj = 0; jj < padded_width; jj += CONFIG_T::stride_width){
    ^~~
    VITIS_LOOP_154_3: 
/home/ayvol/accelerator_wrapper/_x.hw.xilinx_u55c_gen3x16_xdma_3_202210_1/alveo_hls4ml/alveo_hls4ml/alveo_hls4ml/solution/.autopilot/db/ereg_v1.pp.0.cpp:51646:5: note: FIX-IT applied suggested code changes
/home/ayvol/accelerator_wrapper/_x.hw.xilinx_u55c_gen3x16_xdma_3_202210_1/alveo_hls4ml/alveo_hls4ml/alveo_hls4ml/solution/.autopilot/db/ereg_v1.pp.0.cpp:51651:6: warning: Added loop label VITIS_LOOP_159_4:   [xilinx-label-all-loops]
     for(int kk = 0; kk < CONFIG_T::stride_height; kk++){
     ^~~
     VITIS_LOOP_159_4: 
/home/ayvol/accelerator_wrapper/_x.hw.xilinx_u55c_gen3x16_xdma_3_202210_1/alveo_hls4ml/alveo_hls4ml/alveo_hls4ml/solution/.autopilot/db/ereg_v1.pp.0.cpp:51651:6: note: FIX-IT applied suggested code changes
/home/ayvol/accelerator_wrapper/_x.hw.xilinx_u55c_gen3x16_xdma_3_202210_1/alveo_hls4ml/alveo_hls4ml/alveo_hls4ml/solution/.autopilot/db/ereg_v1.pp.0.cpp:51653:7: warning: Added loop label VITIS_LOOP_161_5:   [xilinx-label-all-loops]
      for(int ll = 0; ll < CONFIG_T::stride_width; ll++){
      ^~~
      VITIS_LOOP_161_5: 
/home/ayvol/accelerator_wrapper/_x.hw.xilinx_u55c_gen3x16_xdma_3_202210_1/alveo_hls4ml/alveo_hls4ml/alveo_hls4ml/solution/.autopilot/db/ereg_v1.pp.0.cpp:51653:7: note: FIX-IT applied suggested code changes
/home/ayvol/accelerator_wrapper/_x.hw.xilinx_u55c_gen3x16_xdma_3_202210_1/alveo_hls4ml/alveo_hls4ml/alveo_hls4ml/solution/.autopilot/db/ereg_v1.pp.0.cpp:51693:3: warning: Added loop label VITIS_LOOP_201_1:   [xilinx-label-all-loops]
  for(int ff = 0; ff < CONFIG_T::n_filt; ff++){
  ^~~
  VITIS_LOOP_201_1: 
/home/ayvol/accelerator_wrapper/_x.hw.xilinx_u55c_gen3x16_xdma_3_202210_1/alveo_hls4ml/alveo_hls4ml/alveo_hls4ml/solution/.autopilot/db/ereg_v1.pp.0.cpp:51693:3: note: FIX-IT applied suggested code changes
/home/ayvol/accelerator_wrapper/_x.hw.xilinx_u55c_gen3x16_xdma_3_202210_1/alveo_hls4ml/alveo_hls4ml/alveo_hls4ml/solution/.autopilot/db/ereg_v1.pp.0.cpp:51695:4: warning: Added loop label VITIS_LOOP_203_2:   [xilinx-label-all-loops]
   for(int ii = 0; ii < padded_height; ii += CONFIG_T::stride_height){
   ^~~
   VITIS_LOOP_203_2: 
/home/ayvol/accelerator_wrapper/_x.hw.xilinx_u55c_gen3x16_xdma_3_202210_1/alveo_hls4ml/alveo_hls4ml/alveo_hls4ml/solution/.autopilot/db/ereg_v1.pp.0.cpp:51695:4: note: FIX-IT applied suggested code changes
/home/ayvol/accelerator_wrapper/_x.hw.xilinx_u55c_gen3x16_xdma_3_202210_1/alveo_hls4ml/alveo_hls4ml/alveo_hls4ml/solution/.autopilot/db/ereg_v1.pp.0.cpp:51697:5: warning: Added loop label VITIS_LOOP_205_3:   [xilinx-label-all-loops]
    for(int jj = 0; jj < padded_width; jj += CONFIG_T::stride_width){
    ^~~
    VITIS_LOOP_205_3: 
/home/ayvol/accelerator_wrapper/_x.hw.xilinx_u55c_gen3x16_xdma_3_202210_1/alveo_hls4ml/alveo_hls4ml/alveo_hls4ml/solution/.autopilot/db/ereg_v1.pp.0.cpp:51697:5: note: FIX-IT applied suggested code changes
/home/ayvol/accelerator_wrapper/_x.hw.xilinx_u55c_gen3x16_xdma_3_202210_1/alveo_hls4ml/alveo_hls4ml/alveo_hls4ml/solution/.autopilot/db/ereg_v1.pp.0.cpp:51702:6: warning: Added loop label VITIS_LOOP_210_4:   [xilinx-label-all-loops]
     for(int kk = 0; kk < CONFIG_T::stride_height; kk++){
     ^~~
     VITIS_LOOP_210_4: 
/home/ayvol/accelerator_wrapper/_x.hw.xilinx_u55c_gen3x16_xdma_3_202210_1/alveo_hls4ml/alveo_hls4ml/alveo_hls4ml/solution/.autopilot/db/ereg_v1.pp.0.cpp:51702:6: note: FIX-IT applied suggested code changes
/home/ayvol/accelerator_wrapper/_x.hw.xilinx_u55c_gen3x16_xdma_3_202210_1/alveo_hls4ml/alveo_hls4ml/alveo_hls4ml/solution/.autopilot/db/ereg_v1.pp.0.cpp:51704:7: warning: Added loop label VITIS_LOOP_212_5:   [xilinx-label-all-loops]
      for(int ll = 0; ll < CONFIG_T::stride_width; ll++){
      ^~~
      VITIS_LOOP_212_5: 
/home/ayvol/accelerator_wrapper/_x.hw.xilinx_u55c_gen3x16_xdma_3_202210_1/alveo_hls4ml/alveo_hls4ml/alveo_hls4ml/solution/.autopilot/db/ereg_v1.pp.0.cpp:51704:7: note: FIX-IT applied suggested code changes
/home/ayvol/accelerator_wrapper/_x.hw.xilinx_u55c_gen3x16_xdma_3_202210_1/alveo_hls4ml/alveo_hls4ml/alveo_hls4ml/solution/.autopilot/db/ereg_v1.pp.0.cpp:51760:5: warning: Added loop label VITIS_LOOP_51_1:   [xilinx-label-all-loops]
    for (int ii=0; ii<CONFIG_T::n_elem; ii++) {
    ^~~
    VITIS_LOOP_51_1: 
/home/ayvol/accelerator_wrapper/_x.hw.xilinx_u55c_gen3x16_xdma_3_202210_1/alveo_hls4ml/alveo_hls4ml/alveo_hls4ml/solution/.autopilot/db/ereg_v1.pp.0.cpp:51760:5: note: FIX-IT applied suggested code changes
/home/ayvol/accelerator_wrapper/_x.hw.xilinx_u55c_gen3x16_xdma_3_202210_1/alveo_hls4ml/alveo_hls4ml/alveo_hls4ml/solution/.autopilot/db/ereg_v1.pp.0.cpp:51771:5: warning: Added loop label VITIS_LOOP_62_1:   [xilinx-label-all-loops]
    for (int ii=0; ii<CONFIG_T::n_elem; ii++) {
    ^~~
    VITIS_LOOP_62_1: 
/home/ayvol/accelerator_wrapper/_x.hw.xilinx_u55c_gen3x16_xdma_3_202210_1/alveo_hls4ml/alveo_hls4ml/alveo_hls4ml/solution/.autopilot/db/ereg_v1.pp.0.cpp:51771:5: note: FIX-IT applied suggested code changes
/home/ayvol/accelerator_wrapper/_x.hw.xilinx_u55c_gen3x16_xdma_3_202210_1/alveo_hls4ml/alveo_hls4ml/alveo_hls4ml/solution/.autopilot/db/ereg_v1.pp.0.cpp:51782:5: warning: Added loop label VITIS_LOOP_73_1:   [xilinx-label-all-loops]
    for (int ii=0; ii<CONFIG_T::n_elem; ii++) {
    ^~~
    VITIS_LOOP_73_1: 
/home/ayvol/accelerator_wrapper/_x.hw.xilinx_u55c_gen3x16_xdma_3_202210_1/alveo_hls4ml/alveo_hls4ml/alveo_hls4ml/solution/.autopilot/db/ereg_v1.pp.0.cpp:51782:5: note: FIX-IT applied suggested code changes
/home/ayvol/accelerator_wrapper/_x.hw.xilinx_u55c_gen3x16_xdma_3_202210_1/alveo_hls4ml/alveo_hls4ml/alveo_hls4ml/solution/.autopilot/db/ereg_v1.pp.0.cpp:51793:5: warning: Added loop label VITIS_LOOP_84_1:   [xilinx-label-all-loops]
    for (int ii=0; ii<CONFIG_T::n_elem; ii++) {
    ^~~
    VITIS_LOOP_84_1: 
/home/ayvol/accelerator_wrapper/_x.hw.xilinx_u55c_gen3x16_xdma_3_202210_1/alveo_hls4ml/alveo_hls4ml/alveo_hls4ml/solution/.autopilot/db/ereg_v1.pp.0.cpp:51793:5: note: FIX-IT applied suggested code changes
/home/ayvol/accelerator_wrapper/_x.hw.xilinx_u55c_gen3x16_xdma_3_202210_1/alveo_hls4ml/alveo_hls4ml/alveo_hls4ml/solution/.autopilot/db/ereg_v1.pp.0.cpp:51804:5: warning: Added loop label VITIS_LOOP_95_1:   [xilinx-label-all-loops]
    for (int ii=0; ii<CONFIG_T::n_elem; ii++) {
    ^~~
    VITIS_LOOP_95_1: 
/home/ayvol/accelerator_wrapper/_x.hw.xilinx_u55c_gen3x16_xdma_3_202210_1/alveo_hls4ml/alveo_hls4ml/alveo_hls4ml/solution/.autopilot/db/ereg_v1.pp.0.cpp:51804:5: note: FIX-IT applied suggested code changes
/home/ayvol/accelerator_wrapper/_x.hw.xilinx_u55c_gen3x16_xdma_3_202210_1/alveo_hls4ml/alveo_hls4ml/alveo_hls4ml/solution/.autopilot/db/ereg_v1.pp.0.cpp:51815:5: warning: Added loop label VITIS_LOOP_106_1:   [xilinx-label-all-loops]
    for (int ii=0; ii<CONFIG_T::n_elem; ii++) {
    ^~~
    VITIS_LOOP_106_1: 
/home/ayvol/accelerator_wrapper/_x.hw.xilinx_u55c_gen3x16_xdma_3_202210_1/alveo_hls4ml/alveo_hls4ml/alveo_hls4ml/solution/.autopilot/db/ereg_v1.pp.0.cpp:51815:5: note: FIX-IT applied suggested code changes
/home/ayvol/accelerator_wrapper/_x.hw.xilinx_u55c_gen3x16_xdma_3_202210_1/alveo_hls4ml/alveo_hls4ml/alveo_hls4ml/solution/.autopilot/db/ereg_v1.pp.0.cpp:51826:5: warning: Added loop label VITIS_LOOP_117_1:   [xilinx-label-all-loops]
    for (int ii=0; ii<CONFIG_T::n_elem1_0; ii++) {
    ^~~
    VITIS_LOOP_117_1: 
/home/ayvol/accelerator_wrapper/_x.hw.xilinx_u55c_gen3x16_xdma_3_202210_1/alveo_hls4ml/alveo_hls4ml/alveo_hls4ml/solution/.autopilot/db/ereg_v1.pp.0.cpp:51826:5: note: FIX-IT applied suggested code changes
/home/ayvol/accelerator_wrapper/_x.hw.xilinx_u55c_gen3x16_xdma_3_202210_1/alveo_hls4ml/alveo_hls4ml/alveo_hls4ml/solution/.autopilot/db/ereg_v1.pp.0.cpp:51829:5: warning: Added loop label VITIS_LOOP_120_2:   [xilinx-label-all-loops]
    for (int ii=0; ii<CONFIG_T::n_elem2_0; ii++) {
    ^~~
    VITIS_LOOP_120_2: 
/home/ayvol/accelerator_wrapper/_x.hw.xilinx_u55c_gen3x16_xdma_3_202210_1/alveo_hls4ml/alveo_hls4ml/alveo_hls4ml/solution/.autopilot/db/ereg_v1.pp.0.cpp:51829:5: note: FIX-IT applied suggested code changes
/home/ayvol/accelerator_wrapper/_x.hw.xilinx_u55c_gen3x16_xdma_3_202210_1/alveo_hls4ml/alveo_hls4ml/alveo_hls4ml/solution/.autopilot/db/ereg_v1.pp.0.cpp:51840:5: warning: Added loop label VITIS_LOOP_131_1:   [xilinx-label-all-loops]
    for (int ii=0; ii<CONFIG_T::n_elem1_0 * CONFIG_T::n_elem1_1; ii++) {
    ^~~
    VITIS_LOOP_131_1: 
/home/ayvol/accelerator_wrapper/_x.hw.xilinx_u55c_gen3x16_xdma_3_202210_1/alveo_hls4ml/alveo_hls4ml/alveo_hls4ml/solution/.autopilot/db/ereg_v1.pp.0.cpp:51840:5: note: FIX-IT applied suggested code changes
/home/ayvol/accelerator_wrapper/_x.hw.xilinx_u55c_gen3x16_xdma_3_202210_1/alveo_hls4ml/alveo_hls4ml/alveo_hls4ml/solution/.autopilot/db/ereg_v1.pp.0.cpp:51843:5: warning: Added loop label VITIS_LOOP_134_2:   [xilinx-label-all-loops]
    for (int ii=0; ii<CONFIG_T::n_elem2_0 * CONFIG_T::n_elem2_1; ii++) {
    ^~~
    VITIS_LOOP_134_2: 
/home/ayvol/accelerator_wrapper/_x.hw.xilinx_u55c_gen3x16_xdma_3_202210_1/alveo_hls4ml/alveo_hls4ml/alveo_hls4ml/solution/.autopilot/db/ereg_v1.pp.0.cpp:51843:5: note: FIX-IT applied suggested code changes
/home/ayvol/accelerator_wrapper/_x.hw.xilinx_u55c_gen3x16_xdma_3_202210_1/alveo_hls4ml/alveo_hls4ml/alveo_hls4ml/solution/.autopilot/db/ereg_v1.pp.0.cpp:51854:5: warning: Added loop label VITIS_LOOP_145_1:   [xilinx-label-all-loops]
    for (int ii=0; ii<CONFIG_T::n_elem1_0; ii++) {
    ^~~
    VITIS_LOOP_145_1: 
/home/ayvol/accelerator_wrapper/_x.hw.xilinx_u55c_gen3x16_xdma_3_202210_1/alveo_hls4ml/alveo_hls4ml/alveo_hls4ml/solution/.autopilot/db/ereg_v1.pp.0.cpp:51854:5: note: FIX-IT applied suggested code changes
/home/ayvol/accelerator_wrapper/_x.hw.xilinx_u55c_gen3x16_xdma_3_202210_1/alveo_hls4ml/alveo_hls4ml/alveo_hls4ml/solution/.autopilot/db/ereg_v1.pp.0.cpp:51855:9: warning: Added loop label VITIS_LOOP_146_2:   [xilinx-label-all-loops]
        for (int jj=0; jj<CONFIG_T::n_elem1_1; jj++) {
        ^~~
        VITIS_LOOP_146_2: 
/home/ayvol/accelerator_wrapper/_x.hw.xilinx_u55c_gen3x16_xdma_3_202210_1/alveo_hls4ml/alveo_hls4ml/alveo_hls4ml/solution/.autopilot/db/ereg_v1.pp.0.cpp:51855:9: note: FIX-IT applied suggested code changes
/home/ayvol/accelerator_wrapper/_x.hw.xilinx_u55c_gen3x16_xdma_3_202210_1/alveo_hls4ml/alveo_hls4ml/alveo_hls4ml/solution/.autopilot/db/ereg_v1.pp.0.cpp:51858:9: warning: Added loop label VITIS_LOOP_149_3:   [xilinx-label-all-loops]
        for (int jj=0; jj<CONFIG_T::n_elem2_1; jj++) {
        ^~~
        VITIS_LOOP_149_3: 
/home/ayvol/accelerator_wrapper/_x.hw.xilinx_u55c_gen3x16_xdma_3_202210_1/alveo_hls4ml/alveo_hls4ml/alveo_hls4ml/solution/.autopilot/db/ereg_v1.pp.0.cpp:51858:9: note: FIX-IT applied suggested code changes
/home/ayvol/accelerator_wrapper/_x.hw.xilinx_u55c_gen3x16_xdma_3_202210_1/alveo_hls4ml/alveo_hls4ml/alveo_hls4ml/solution/.autopilot/db/ereg_v1.pp.0.cpp:51883:5: warning: Added loop label VITIS_LOOP_174_1:   [xilinx-label-all-loops]
    for (int ii=0; ii<CONFIG_T::n_elem1_0 * CONFIG_T::n_elem1_1 * CONFIG_T::n_elem1_2; ii++) {
    ^~~
    VITIS_LOOP_174_1: 
/home/ayvol/accelerator_wrapper/_x.hw.xilinx_u55c_gen3x16_xdma_3_202210_1/alveo_hls4ml/alveo_hls4ml/alveo_hls4ml/solution/.autopilot/db/ereg_v1.pp.0.cpp:51883:5: note: FIX-IT applied suggested code changes
/home/ayvol/accelerator_wrapper/_x.hw.xilinx_u55c_gen3x16_xdma_3_202210_1/alveo_hls4ml/alveo_hls4ml/alveo_hls4ml/solution/.autopilot/db/ereg_v1.pp.0.cpp:51886:5: warning: Added loop label VITIS_LOOP_177_2:   [xilinx-label-all-loops]
    for (int ii=0; ii<CONFIG_T::n_elem2_0 * CONFIG_T::n_elem2_1 * CONFIG_T::n_elem2_2; ii++) {
    ^~~
    VITIS_LOOP_177_2: 
/home/ayvol/accelerator_wrapper/_x.hw.xilinx_u55c_gen3x16_xdma_3_202210_1/alveo_hls4ml/alveo_hls4ml/alveo_hls4ml/solution/.autopilot/db/ereg_v1.pp.0.cpp:51886:5: note: FIX-IT applied suggested code changes
/home/ayvol/accelerator_wrapper/_x.hw.xilinx_u55c_gen3x16_xdma_3_202210_1/alveo_hls4ml/alveo_hls4ml/alveo_hls4ml/solution/.autopilot/db/ereg_v1.pp.0.cpp:51897:5: warning: Added loop label VITIS_LOOP_188_1:   [xilinx-label-all-loops]
    for (int ii=0; ii<CONFIG_T::n_elem1_0; ii++) {
    ^~~
    VITIS_LOOP_188_1: 
/home/ayvol/accelerator_wrapper/_x.hw.xilinx_u55c_gen3x16_xdma_3_202210_1/alveo_hls4ml/alveo_hls4ml/alveo_hls4ml/solution/.autopilot/db/ereg_v1.pp.0.cpp:51897:5: note: FIX-IT applied suggested code changes
/home/ayvol/accelerator_wrapper/_x.hw.xilinx_u55c_gen3x16_xdma_3_202210_1/alveo_hls4ml/alveo_hls4ml/alveo_hls4ml/solution/.autopilot/db/ereg_v1.pp.0.cpp:51898:9: warning: Added loop label VITIS_LOOP_189_2:   [xilinx-label-all-loops]
        for (int jj=0; jj<CONFIG_T::n_elem1_1; jj++) {
        ^~~
        VITIS_LOOP_189_2: 
/home/ayvol/accelerator_wrapper/_x.hw.xilinx_u55c_gen3x16_xdma_3_202210_1/alveo_hls4ml/alveo_hls4ml/alveo_hls4ml/solution/.autopilot/db/ereg_v1.pp.0.cpp:51898:9: note: FIX-IT applied suggested code changes
/home/ayvol/accelerator_wrapper/_x.hw.xilinx_u55c_gen3x16_xdma_3_202210_1/alveo_hls4ml/alveo_hls4ml/alveo_hls4ml/solution/.autopilot/db/ereg_v1.pp.0.cpp:51899:13: warning: Added loop label VITIS_LOOP_190_3:   [xilinx-label-all-loops]
            for (int kk=0; kk<CONFIG_T::n_elem1_2; kk++) {
            ^~~
            VITIS_LOOP_190_3: 
/home/ayvol/accelerator_wrapper/_x.hw.xilinx_u55c_gen3x16_xdma_3_202210_1/alveo_hls4ml/alveo_hls4ml/alveo_hls4ml/solution/.autopilot/db/ereg_v1.pp.0.cpp:51899:13: note: FIX-IT applied suggested code changes
/home/ayvol/accelerator_wrapper/_x.hw.xilinx_u55c_gen3x16_xdma_3_202210_1/alveo_hls4ml/alveo_hls4ml/alveo_hls4ml/solution/.autopilot/db/ereg_v1.pp.0.cpp:51909:9: warning: Added loop label VITIS_LOOP_200_4:   [xilinx-label-all-loops]
        for (int jj=0; jj<CONFIG_T::n_elem2_1; jj++) {
        ^~~
        VITIS_LOOP_200_4: 
/home/ayvol/accelerator_wrapper/_x.hw.xilinx_u55c_gen3x16_xdma_3_202210_1/alveo_hls4ml/alveo_hls4ml/alveo_hls4ml/solution/.autopilot/db/ereg_v1.pp.0.cpp:51909:9: note: FIX-IT applied suggested code changes
/home/ayvol/accelerator_wrapper/_x.hw.xilinx_u55c_gen3x16_xdma_3_202210_1/alveo_hls4ml/alveo_hls4ml/alveo_hls4ml/solution/.autopilot/db/ereg_v1.pp.0.cpp:51910:13: warning: Added loop label VITIS_LOOP_201_5:   [xilinx-label-all-loops]
            for (int kk=0; kk<CONFIG_T::n_elem2_2; kk++) {
            ^~~
            VITIS_LOOP_201_5: 
/home/ayvol/accelerator_wrapper/_x.hw.xilinx_u55c_gen3x16_xdma_3_202210_1/alveo_hls4ml/alveo_hls4ml/alveo_hls4ml/solution/.autopilot/db/ereg_v1.pp.0.cpp:51910:13: note: FIX-IT applied suggested code changes
/home/ayvol/accelerator_wrapper/_x.hw.xilinx_u55c_gen3x16_xdma_3_202210_1/alveo_hls4ml/alveo_hls4ml/alveo_hls4ml/solution/.autopilot/db/ereg_v1.pp.0.cpp:51929:5: warning: Added loop label VITIS_LOOP_220_1:   [xilinx-label-all-loops]
    for (int ii=0; ii<CONFIG_T::n_elem1_0; ii++) {
    ^~~
    VITIS_LOOP_220_1: 
/home/ayvol/accelerator_wrapper/_x.hw.xilinx_u55c_gen3x16_xdma_3_202210_1/alveo_hls4ml/alveo_hls4ml/alveo_hls4ml/solution/.autopilot/db/ereg_v1.pp.0.cpp:51929:5: note: FIX-IT applied suggested code changes
/home/ayvol/accelerator_wrapper/_x.hw.xilinx_u55c_gen3x16_xdma_3_202210_1/alveo_hls4ml/alveo_hls4ml/alveo_hls4ml/solution/.autopilot/db/ereg_v1.pp.0.cpp:51930:9: warning: Added loop label VITIS_LOOP_221_2:   [xilinx-label-all-loops]
        for (int jj=0; jj<CONFIG_T::n_elem1_1; jj++) {
        ^~~
        VITIS_LOOP_221_2: 
/home/ayvol/accelerator_wrapper/_x.hw.xilinx_u55c_gen3x16_xdma_3_202210_1/alveo_hls4ml/alveo_hls4ml/alveo_hls4ml/solution/.autopilot/db/ereg_v1.pp.0.cpp:51930:9: note: FIX-IT applied suggested code changes
/home/ayvol/accelerator_wrapper/_x.hw.xilinx_u55c_gen3x16_xdma_3_202210_1/alveo_hls4ml/alveo_hls4ml/alveo_hls4ml/solution/.autopilot/db/ereg_v1.pp.0.cpp:51931:13: warning: Added loop label VITIS_LOOP_222_3:   [xilinx-label-all-loops]
            for (int kk=0; kk<CONFIG_T::n_elem1_2; kk++) {
            ^~~
            VITIS_LOOP_222_3: 
/home/ayvol/accelerator_wrapper/_x.hw.xilinx_u55c_gen3x16_xdma_3_202210_1/alveo_hls4ml/alveo_hls4ml/alveo_hls4ml/solution/.autopilot/db/ereg_v1.pp.0.cpp:51931:13: note: FIX-IT applied suggested code changes
/home/ayvol/accelerator_wrapper/_x.hw.xilinx_u55c_gen3x16_xdma_3_202210_1/alveo_hls4ml/alveo_hls4ml/alveo_hls4ml/solution/.autopilot/db/ereg_v1.pp.0.cpp:51940:13: warning: Added loop label VITIS_LOOP_231_4:   [xilinx-label-all-loops]
            for (int kk=0; kk<CONFIG_T::n_elem1_2; kk++) {
            ^~~
            VITIS_LOOP_231_4: 
/home/ayvol/accelerator_wrapper/_x.hw.xilinx_u55c_gen3x16_xdma_3_202210_1/alveo_hls4ml/alveo_hls4ml/alveo_hls4ml/solution/.autopilot/db/ereg_v1.pp.0.cpp:51940:13: note: FIX-IT applied suggested code changes
/home/ayvol/accelerator_wrapper/_x.hw.xilinx_u55c_gen3x16_xdma_3_202210_1/alveo_hls4ml/alveo_hls4ml/alveo_hls4ml/solution/.autopilot/db/ereg_v1.pp.0.cpp:51999:5: warning: Added loop label VITIS_LOOP_27_1:   [xilinx-label-all-loops]
    for (idx[0] = 0; idx[0] < dims[0]; idx[0]++) {
    ^~~
    VITIS_LOOP_27_1: 
/home/ayvol/accelerator_wrapper/_x.hw.xilinx_u55c_gen3x16_xdma_3_202210_1/alveo_hls4ml/alveo_hls4ml/alveo_hls4ml/solution/.autopilot/db/ereg_v1.pp.0.cpp:51999:5: note: FIX-IT applied suggested code changes
/home/ayvol/accelerator_wrapper/_x.hw.xilinx_u55c_gen3x16_xdma_3_202210_1/alveo_hls4ml/alveo_hls4ml/alveo_hls4ml/solution/.autopilot/db/ereg_v1.pp.0.cpp:52000:9: warning: Added loop label VITIS_LOOP_28_2:   [xilinx-label-all-loops]
        for (idx[1] = 0; idx[1] < dims[1]; idx[1]++) {
        ^~~
        VITIS_LOOP_28_2: 
/home/ayvol/accelerator_wrapper/_x.hw.xilinx_u55c_gen3x16_xdma_3_202210_1/alveo_hls4ml/alveo_hls4ml/alveo_hls4ml/solution/.autopilot/db/ereg_v1.pp.0.cpp:52000:9: note: FIX-IT applied suggested code changes
/home/ayvol/accelerator_wrapper/_x.hw.xilinx_u55c_gen3x16_xdma_3_202210_1/alveo_hls4ml/alveo_hls4ml/alveo_hls4ml/solution/.autopilot/db/ereg_v1.pp.0.cpp:52001:13: warning: Added loop label VITIS_LOOP_29_3:   [xilinx-label-all-loops]
            for (idx[2] = 0; idx[2] < dims[2]; idx[2]++) {
            ^~~
            VITIS_LOOP_29_3: 
/home/ayvol/accelerator_wrapper/_x.hw.xilinx_u55c_gen3x16_xdma_3_202210_1/alveo_hls4ml/alveo_hls4ml/alveo_hls4ml/solution/.autopilot/db/ereg_v1.pp.0.cpp:52001:13: note: FIX-IT applied suggested code changes
/home/ayvol/accelerator_wrapper/_x.hw.xilinx_u55c_gen3x16_xdma_3_202210_1/alveo_hls4ml/alveo_hls4ml/alveo_hls4ml/solution/.autopilot/db/ereg_v1.pp.0.cpp:52044:2: warning: Added loop label VITIS_LOOP_29_1:   [xilinx-label-all-loops]
 for (int i = 0; i < CONFIG_T::new_height; i++) {
 ^~~
 VITIS_LOOP_29_1: 
/home/ayvol/accelerator_wrapper/_x.hw.xilinx_u55c_gen3x16_xdma_3_202210_1/alveo_hls4ml/alveo_hls4ml/alveo_hls4ml/solution/.autopilot/db/ereg_v1.pp.0.cpp:52044:2: note: FIX-IT applied suggested code changes
/home/ayvol/accelerator_wrapper/_x.hw.xilinx_u55c_gen3x16_xdma_3_202210_1/alveo_hls4ml/alveo_hls4ml/alveo_hls4ml/solution/.autopilot/db/ereg_v1.pp.0.cpp:52045:9: warning: Added loop label VITIS_LOOP_30_2:   [xilinx-label-all-loops]
        for (int j = 0; j < CONFIG_T::new_width; j++) {
        ^~~
        VITIS_LOOP_30_2: 
/home/ayvol/accelerator_wrapper/_x.hw.xilinx_u55c_gen3x16_xdma_3_202210_1/alveo_hls4ml/alveo_hls4ml/alveo_hls4ml/solution/.autopilot/db/ereg_v1.pp.0.cpp:52045:9: note: FIX-IT applied suggested code changes
/home/ayvol/accelerator_wrapper/_x.hw.xilinx_u55c_gen3x16_xdma_3_202210_1/alveo_hls4ml/alveo_hls4ml/alveo_hls4ml/solution/.autopilot/db/ereg_v1.pp.0.cpp:52048:13: warning: Added loop label VITIS_LOOP_33_3:   [xilinx-label-all-loops]
            for (int k = 0; k < CONFIG_T::n_chan; k++) {
            ^~~
            VITIS_LOOP_33_3: 
/home/ayvol/accelerator_wrapper/_x.hw.xilinx_u55c_gen3x16_xdma_3_202210_1/alveo_hls4ml/alveo_hls4ml/alveo_hls4ml/solution/.autopilot/db/ereg_v1.pp.0.cpp:52048:13: note: FIX-IT applied suggested code changes
