

================================================================
== Vitis HLS Report for 'relu_ap_fixed_16_6_5_3_0_ap_ufixed_6_0_4_0_0_relu_config4_s'
================================================================
* Date:           Wed Mar  6 03:03:05 2024

* Version:        2022.2 (Build 3670227 on Oct 13 2022)
* Project:        alveo_hls4ml
* Solution:       solution (Vitis Kernel Flow Target)
* Product family: virtexuplus
* Target device:  xcu55c-fsvh2892-2L-e


================================================================
== Performance Estimates
================================================================
+ Timing: 
    * Summary: 
    +--------+---------+----------+------------+
    |  Clock |  Target | Estimated| Uncertainty|
    +--------+---------+----------+------------+
    |ap_clk  |  3.33 ns|  2.423 ns|     0.90 ns|
    +--------+---------+----------+------------+

+ Latency: 
    * Summary: 
    +---------+---------+----------+----------+-----+-----+---------+
    |  Latency (cycles) |  Latency (absolute) |  Interval | Pipeline|
    |   min   |   max   |    min   |    max   | min | max |   Type  |
    +---------+---------+----------+----------+-----+-----+---------+
    |        1|        1|  3.333 ns|  3.333 ns|    1|    1|      yes|
    +---------+---------+----------+----------+-----+-----+---------+

    + Detail: 
        * Instance: 
        N/A

        * Loop: 
        N/A

============================================================
+ Verbose Summary: Synthesis Manager
============================================================
InlineROM: 1
ExposeGlobal: 0
============================================================
+ Verbose Summary: CDFG Model
============================================================
IsTopModel: 0
ResetActiveHigh: 1
IsCombinational: 2
IsDatapathOnly: 0
HasWiredReturn: 1
HasMFsm: 2
HasVarLatency: 0
IsPipeline: 1
IsRtlPipelined: 1
IsInstanceOverlapped: 0
IsDontTouch: 0
HasImplIP: 0
IsGatedGlobalClock: 0

+ Individual pipeline summary: 
  * Pipeline-0: initiation interval (II) = 1, depth = 2


============================================================
+ Verbose Summary: Schedule
============================================================
* Number of FSM states : 2
* Pipeline : 1
  Pipeline-0 : II = 1, D = 2, States = { 1 2 }
* Dataflow Pipeline: 0

* FSM state transitions: 
1 --> 2 
2 --> 

* FSM state operations: 

State 1 <SV = 0> <Delay = 2.42>
ST_1 : Operation 3 [1/1] (1.21ns)   --->   "%p_read_1 = read i16 @_ssdm_op_Read.ap_auto.i16, i16 %p_read3" [/home/ayvol/accelerator_wrapper/src/nnet_utils/nnet_activation.h:42]   --->   Operation 3 'read' 'p_read_1' <Predicate = true> <Delay = 1.21> <CoreInst = "FIFO_SRL">   --->   Core 81 'FIFO_SRL' <Latency = 0> <II = 1> <Delay = 1.42> <Storage> <Opcode : 'read' 'write' 'nbread' 'nbwrite'> <Ports = 0> <Width = -1> <Depth = -1> <FIFO>
ST_1 : Operation 4 [1/1] (1.21ns)   --->   "%p_read_2 = read i16 @_ssdm_op_Read.ap_auto.i16, i16 %p_read2" [/home/ayvol/accelerator_wrapper/src/nnet_utils/nnet_activation.h:42]   --->   Operation 4 'read' 'p_read_2' <Predicate = true> <Delay = 1.21> <CoreInst = "FIFO_SRL">   --->   Core 81 'FIFO_SRL' <Latency = 0> <II = 1> <Delay = 1.42> <Storage> <Opcode : 'read' 'write' 'nbread' 'nbwrite'> <Ports = 0> <Width = -1> <Depth = -1> <FIFO>
ST_1 : Operation 5 [1/1] (1.21ns)   --->   "%p_read_3 = read i16 @_ssdm_op_Read.ap_auto.i16, i16 %p_read1" [/home/ayvol/accelerator_wrapper/src/nnet_utils/nnet_activation.h:42]   --->   Operation 5 'read' 'p_read_3' <Predicate = true> <Delay = 1.21> <CoreInst = "FIFO_SRL">   --->   Core 81 'FIFO_SRL' <Latency = 0> <II = 1> <Delay = 1.42> <Storage> <Opcode : 'read' 'write' 'nbread' 'nbwrite'> <Ports = 0> <Width = -1> <Depth = -1> <FIFO>
ST_1 : Operation 6 [1/1] (1.21ns)   --->   "%p_read_4 = read i16 @_ssdm_op_Read.ap_auto.i16, i16 %p_read" [/home/ayvol/accelerator_wrapper/src/nnet_utils/nnet_activation.h:42]   --->   Operation 6 'read' 'p_read_4' <Predicate = true> <Delay = 1.21> <CoreInst = "FIFO_SRL">   --->   Core 81 'FIFO_SRL' <Latency = 0> <II = 1> <Delay = 1.42> <Storage> <Opcode : 'read' 'write' 'nbread' 'nbwrite'> <Ports = 0> <Width = -1> <Depth = -1> <FIFO>
ST_1 : Operation 7 [1/1] (0.00ns) (grouped into LUT with out node p_Val2_1)   --->   "%p_Val2_s = partselect i6 @_ssdm_op_PartSelect.i6.i16.i32.i32, i16 %p_read_4, i32 4, i32 9"   --->   Operation 7 'partselect' 'p_Val2_s' <Predicate = true> <Delay = 0.00>
ST_1 : Operation 8 [1/1] (0.00ns) (grouped into LUT with out node p_Val2_1)   --->   "%p_Result_s = bitselect i1 @_ssdm_op_BitSelect.i1.i16.i32, i16 %p_read_4, i32 4"   --->   Operation 8 'bitselect' 'p_Result_s' <Predicate = true> <Delay = 0.00>
ST_1 : Operation 9 [1/1] (0.00ns) (grouped into LUT with out node p_Val2_1)   --->   "%p_Result_10 = bitselect i1 @_ssdm_op_BitSelect.i1.i16.i32, i16 %p_read_4, i32 3"   --->   Operation 9 'bitselect' 'p_Result_10' <Predicate = true> <Delay = 0.00>
ST_1 : Operation 10 [1/1] (0.00ns)   --->   "%trunc_ln828 = trunc i16 %p_read_4"   --->   Operation 10 'trunc' 'trunc_ln828' <Predicate = true> <Delay = 0.00>
ST_1 : Operation 11 [1/1] (0.49ns)   --->   "%r = icmp_ne  i3 %trunc_ln828, i3 0"   --->   Operation 11 'icmp' 'r' <Predicate = true> <Delay = 0.49> <CoreInst = "Cmp">   --->   Core 9 'Cmp' <Latency = 0> <II = 1> <Delay = 0.49> <FuncUnit> <Opcode : 'icmp'> <InPorts = 2> <OutPorts = 1>
ST_1 : Operation 12 [1/1] (0.00ns) (grouped into LUT with out node p_Val2_1)   --->   "%or_ln374 = or i1 %p_Result_s, i1 %r"   --->   Operation 12 'or' 'or_ln374' <Predicate = true> <Delay = 0.00> <CoreInst = "LogicGate">   --->   Core 74 'LogicGate' <Latency = 0> <II = 1> <Delay = 0.12> <FuncUnit> <Opcode : 'and' 'or' 'xor'> <InPorts = 2> <OutPorts = 1>
ST_1 : Operation 13 [1/1] (0.00ns) (grouped into LUT with out node p_Val2_1)   --->   "%and_ln374 = and i1 %or_ln374, i1 %p_Result_10"   --->   Operation 13 'and' 'and_ln374' <Predicate = true> <Delay = 0.00> <CoreInst = "LogicGate">   --->   Core 74 'LogicGate' <Latency = 0> <II = 1> <Delay = 0.12> <FuncUnit> <Opcode : 'and' 'or' 'xor'> <InPorts = 2> <OutPorts = 1>
ST_1 : Operation 14 [1/1] (0.00ns) (grouped into LUT with out node p_Val2_1)   --->   "%zext_ln377 = zext i1 %and_ln374"   --->   Operation 14 'zext' 'zext_ln377' <Predicate = true> <Delay = 0.00>
ST_1 : Operation 15 [1/1] (0.70ns) (out node of the LUT)   --->   "%p_Val2_1 = add i6 %p_Val2_s, i6 %zext_ln377"   --->   Operation 15 'add' 'p_Val2_1' <Predicate = true> <Delay = 0.70> <CoreInst = "Adder">   --->   Core 1 'Adder' <Latency = 0> <II = 1> <Delay = 0.70> <FuncUnit> <Opcode : 'add' 'sub'> <InPorts = 2> <OutPorts = 1>
ST_1 : Operation 16 [1/1] (0.00ns)   --->   "%tmp_s = partselect i6 @_ssdm_op_PartSelect.i6.i16.i32.i32, i16 %p_read_4, i32 10, i32 15"   --->   Operation 16 'partselect' 'tmp_s' <Predicate = true> <Delay = 0.00>
ST_1 : Operation 17 [1/1] (0.61ns)   --->   "%Range1_all_ones = icmp_eq  i6 %tmp_s, i6 63"   --->   Operation 17 'icmp' 'Range1_all_ones' <Predicate = true> <Delay = 0.61> <CoreInst = "Cmp">   --->   Core 9 'Cmp' <Latency = 0> <II = 1> <Delay = 0.61> <FuncUnit> <Opcode : 'icmp'> <InPorts = 2> <OutPorts = 1>
ST_1 : Operation 18 [1/1] (0.61ns)   --->   "%Range1_all_zeros = icmp_eq  i6 %tmp_s, i6 0"   --->   Operation 18 'icmp' 'Range1_all_zeros' <Predicate = true> <Delay = 0.61> <CoreInst = "Cmp">   --->   Core 9 'Cmp' <Latency = 0> <II = 1> <Delay = 0.61> <FuncUnit> <Opcode : 'icmp'> <InPorts = 2> <OutPorts = 1>
ST_1 : Operation 19 [1/1] (0.00ns) (grouped into LUT with out node p_Val2_3)   --->   "%p_Val2_2 = partselect i6 @_ssdm_op_PartSelect.i6.i16.i32.i32, i16 %p_read_3, i32 4, i32 9"   --->   Operation 19 'partselect' 'p_Val2_2' <Predicate = true> <Delay = 0.00>
ST_1 : Operation 20 [1/1] (0.00ns) (grouped into LUT with out node p_Val2_3)   --->   "%p_Result_3 = bitselect i1 @_ssdm_op_BitSelect.i1.i16.i32, i16 %p_read_3, i32 4"   --->   Operation 20 'bitselect' 'p_Result_3' <Predicate = true> <Delay = 0.00>
ST_1 : Operation 21 [1/1] (0.00ns) (grouped into LUT with out node p_Val2_3)   --->   "%p_Result_12 = bitselect i1 @_ssdm_op_BitSelect.i1.i16.i32, i16 %p_read_3, i32 3"   --->   Operation 21 'bitselect' 'p_Result_12' <Predicate = true> <Delay = 0.00>
ST_1 : Operation 22 [1/1] (0.00ns)   --->   "%trunc_ln828_1 = trunc i16 %p_read_3"   --->   Operation 22 'trunc' 'trunc_ln828_1' <Predicate = true> <Delay = 0.00>
ST_1 : Operation 23 [1/1] (0.49ns)   --->   "%r_1 = icmp_ne  i3 %trunc_ln828_1, i3 0"   --->   Operation 23 'icmp' 'r_1' <Predicate = true> <Delay = 0.49> <CoreInst = "Cmp">   --->   Core 9 'Cmp' <Latency = 0> <II = 1> <Delay = 0.49> <FuncUnit> <Opcode : 'icmp'> <InPorts = 2> <OutPorts = 1>
ST_1 : Operation 24 [1/1] (0.00ns) (grouped into LUT with out node p_Val2_3)   --->   "%or_ln374_1 = or i1 %p_Result_3, i1 %r_1"   --->   Operation 24 'or' 'or_ln374_1' <Predicate = true> <Delay = 0.00> <CoreInst = "LogicGate">   --->   Core 74 'LogicGate' <Latency = 0> <II = 1> <Delay = 0.12> <FuncUnit> <Opcode : 'and' 'or' 'xor'> <InPorts = 2> <OutPorts = 1>
ST_1 : Operation 25 [1/1] (0.00ns) (grouped into LUT with out node p_Val2_3)   --->   "%and_ln374_1 = and i1 %or_ln374_1, i1 %p_Result_12"   --->   Operation 25 'and' 'and_ln374_1' <Predicate = true> <Delay = 0.00> <CoreInst = "LogicGate">   --->   Core 74 'LogicGate' <Latency = 0> <II = 1> <Delay = 0.12> <FuncUnit> <Opcode : 'and' 'or' 'xor'> <InPorts = 2> <OutPorts = 1>
ST_1 : Operation 26 [1/1] (0.00ns) (grouped into LUT with out node p_Val2_3)   --->   "%zext_ln377_1 = zext i1 %and_ln374_1"   --->   Operation 26 'zext' 'zext_ln377_1' <Predicate = true> <Delay = 0.00>
ST_1 : Operation 27 [1/1] (0.70ns) (out node of the LUT)   --->   "%p_Val2_3 = add i6 %p_Val2_2, i6 %zext_ln377_1"   --->   Operation 27 'add' 'p_Val2_3' <Predicate = true> <Delay = 0.70> <CoreInst = "Adder">   --->   Core 1 'Adder' <Latency = 0> <II = 1> <Delay = 0.70> <FuncUnit> <Opcode : 'add' 'sub'> <InPorts = 2> <OutPorts = 1>
ST_1 : Operation 28 [1/1] (0.00ns)   --->   "%tmp_1 = partselect i6 @_ssdm_op_PartSelect.i6.i16.i32.i32, i16 %p_read_3, i32 10, i32 15"   --->   Operation 28 'partselect' 'tmp_1' <Predicate = true> <Delay = 0.00>
ST_1 : Operation 29 [1/1] (0.61ns)   --->   "%Range1_all_ones_1 = icmp_eq  i6 %tmp_1, i6 63"   --->   Operation 29 'icmp' 'Range1_all_ones_1' <Predicate = true> <Delay = 0.61> <CoreInst = "Cmp">   --->   Core 9 'Cmp' <Latency = 0> <II = 1> <Delay = 0.61> <FuncUnit> <Opcode : 'icmp'> <InPorts = 2> <OutPorts = 1>
ST_1 : Operation 30 [1/1] (0.61ns)   --->   "%Range1_all_zeros_1 = icmp_eq  i6 %tmp_1, i6 0"   --->   Operation 30 'icmp' 'Range1_all_zeros_1' <Predicate = true> <Delay = 0.61> <CoreInst = "Cmp">   --->   Core 9 'Cmp' <Latency = 0> <II = 1> <Delay = 0.61> <FuncUnit> <Opcode : 'icmp'> <InPorts = 2> <OutPorts = 1>
ST_1 : Operation 31 [1/1] (0.00ns) (grouped into LUT with out node p_Val2_5)   --->   "%p_Val2_4 = partselect i6 @_ssdm_op_PartSelect.i6.i16.i32.i32, i16 %p_read_2, i32 4, i32 9"   --->   Operation 31 'partselect' 'p_Val2_4' <Predicate = true> <Delay = 0.00>
ST_1 : Operation 32 [1/1] (0.00ns) (grouped into LUT with out node p_Val2_5)   --->   "%p_Result_6 = bitselect i1 @_ssdm_op_BitSelect.i1.i16.i32, i16 %p_read_2, i32 4"   --->   Operation 32 'bitselect' 'p_Result_6' <Predicate = true> <Delay = 0.00>
ST_1 : Operation 33 [1/1] (0.00ns) (grouped into LUT with out node p_Val2_5)   --->   "%p_Result_14 = bitselect i1 @_ssdm_op_BitSelect.i1.i16.i32, i16 %p_read_2, i32 3"   --->   Operation 33 'bitselect' 'p_Result_14' <Predicate = true> <Delay = 0.00>
ST_1 : Operation 34 [1/1] (0.00ns)   --->   "%trunc_ln828_2 = trunc i16 %p_read_2"   --->   Operation 34 'trunc' 'trunc_ln828_2' <Predicate = true> <Delay = 0.00>
ST_1 : Operation 35 [1/1] (0.49ns)   --->   "%r_2 = icmp_ne  i3 %trunc_ln828_2, i3 0"   --->   Operation 35 'icmp' 'r_2' <Predicate = true> <Delay = 0.49> <CoreInst = "Cmp">   --->   Core 9 'Cmp' <Latency = 0> <II = 1> <Delay = 0.49> <FuncUnit> <Opcode : 'icmp'> <InPorts = 2> <OutPorts = 1>
ST_1 : Operation 36 [1/1] (0.00ns) (grouped into LUT with out node p_Val2_5)   --->   "%or_ln374_2 = or i1 %p_Result_6, i1 %r_2"   --->   Operation 36 'or' 'or_ln374_2' <Predicate = true> <Delay = 0.00> <CoreInst = "LogicGate">   --->   Core 74 'LogicGate' <Latency = 0> <II = 1> <Delay = 0.12> <FuncUnit> <Opcode : 'and' 'or' 'xor'> <InPorts = 2> <OutPorts = 1>
ST_1 : Operation 37 [1/1] (0.00ns) (grouped into LUT with out node p_Val2_5)   --->   "%and_ln374_2 = and i1 %or_ln374_2, i1 %p_Result_14"   --->   Operation 37 'and' 'and_ln374_2' <Predicate = true> <Delay = 0.00> <CoreInst = "LogicGate">   --->   Core 74 'LogicGate' <Latency = 0> <II = 1> <Delay = 0.12> <FuncUnit> <Opcode : 'and' 'or' 'xor'> <InPorts = 2> <OutPorts = 1>
ST_1 : Operation 38 [1/1] (0.00ns) (grouped into LUT with out node p_Val2_5)   --->   "%zext_ln377_2 = zext i1 %and_ln374_2"   --->   Operation 38 'zext' 'zext_ln377_2' <Predicate = true> <Delay = 0.00>
ST_1 : Operation 39 [1/1] (0.70ns) (out node of the LUT)   --->   "%p_Val2_5 = add i6 %p_Val2_4, i6 %zext_ln377_2"   --->   Operation 39 'add' 'p_Val2_5' <Predicate = true> <Delay = 0.70> <CoreInst = "Adder">   --->   Core 1 'Adder' <Latency = 0> <II = 1> <Delay = 0.70> <FuncUnit> <Opcode : 'add' 'sub'> <InPorts = 2> <OutPorts = 1>
ST_1 : Operation 40 [1/1] (0.00ns)   --->   "%tmp_2 = partselect i6 @_ssdm_op_PartSelect.i6.i16.i32.i32, i16 %p_read_2, i32 10, i32 15"   --->   Operation 40 'partselect' 'tmp_2' <Predicate = true> <Delay = 0.00>
ST_1 : Operation 41 [1/1] (0.61ns)   --->   "%Range1_all_ones_2 = icmp_eq  i6 %tmp_2, i6 63"   --->   Operation 41 'icmp' 'Range1_all_ones_2' <Predicate = true> <Delay = 0.61> <CoreInst = "Cmp">   --->   Core 9 'Cmp' <Latency = 0> <II = 1> <Delay = 0.61> <FuncUnit> <Opcode : 'icmp'> <InPorts = 2> <OutPorts = 1>
ST_1 : Operation 42 [1/1] (0.61ns)   --->   "%Range1_all_zeros_2 = icmp_eq  i6 %tmp_2, i6 0"   --->   Operation 42 'icmp' 'Range1_all_zeros_2' <Predicate = true> <Delay = 0.61> <CoreInst = "Cmp">   --->   Core 9 'Cmp' <Latency = 0> <II = 1> <Delay = 0.61> <FuncUnit> <Opcode : 'icmp'> <InPorts = 2> <OutPorts = 1>
ST_1 : Operation 43 [1/1] (0.00ns) (grouped into LUT with out node p_Val2_7)   --->   "%p_Val2_6 = partselect i6 @_ssdm_op_PartSelect.i6.i16.i32.i32, i16 %p_read_1, i32 4, i32 9"   --->   Operation 43 'partselect' 'p_Val2_6' <Predicate = true> <Delay = 0.00>
ST_1 : Operation 44 [1/1] (0.00ns) (grouped into LUT with out node p_Val2_7)   --->   "%p_Result_9 = bitselect i1 @_ssdm_op_BitSelect.i1.i16.i32, i16 %p_read_1, i32 4"   --->   Operation 44 'bitselect' 'p_Result_9' <Predicate = true> <Delay = 0.00>
ST_1 : Operation 45 [1/1] (0.00ns) (grouped into LUT with out node p_Val2_7)   --->   "%p_Result_16 = bitselect i1 @_ssdm_op_BitSelect.i1.i16.i32, i16 %p_read_1, i32 3"   --->   Operation 45 'bitselect' 'p_Result_16' <Predicate = true> <Delay = 0.00>
ST_1 : Operation 46 [1/1] (0.00ns)   --->   "%trunc_ln828_3 = trunc i16 %p_read_1"   --->   Operation 46 'trunc' 'trunc_ln828_3' <Predicate = true> <Delay = 0.00>
ST_1 : Operation 47 [1/1] (0.49ns)   --->   "%r_3 = icmp_ne  i3 %trunc_ln828_3, i3 0"   --->   Operation 47 'icmp' 'r_3' <Predicate = true> <Delay = 0.49> <CoreInst = "Cmp">   --->   Core 9 'Cmp' <Latency = 0> <II = 1> <Delay = 0.49> <FuncUnit> <Opcode : 'icmp'> <InPorts = 2> <OutPorts = 1>
ST_1 : Operation 48 [1/1] (0.00ns) (grouped into LUT with out node p_Val2_7)   --->   "%or_ln374_3 = or i1 %p_Result_9, i1 %r_3"   --->   Operation 48 'or' 'or_ln374_3' <Predicate = true> <Delay = 0.00> <CoreInst = "LogicGate">   --->   Core 74 'LogicGate' <Latency = 0> <II = 1> <Delay = 0.12> <FuncUnit> <Opcode : 'and' 'or' 'xor'> <InPorts = 2> <OutPorts = 1>
ST_1 : Operation 49 [1/1] (0.00ns) (grouped into LUT with out node p_Val2_7)   --->   "%and_ln374_3 = and i1 %or_ln374_3, i1 %p_Result_16"   --->   Operation 49 'and' 'and_ln374_3' <Predicate = true> <Delay = 0.00> <CoreInst = "LogicGate">   --->   Core 74 'LogicGate' <Latency = 0> <II = 1> <Delay = 0.12> <FuncUnit> <Opcode : 'and' 'or' 'xor'> <InPorts = 2> <OutPorts = 1>
ST_1 : Operation 50 [1/1] (0.00ns) (grouped into LUT with out node p_Val2_7)   --->   "%zext_ln377_3 = zext i1 %and_ln374_3"   --->   Operation 50 'zext' 'zext_ln377_3' <Predicate = true> <Delay = 0.00>
ST_1 : Operation 51 [1/1] (0.70ns) (out node of the LUT)   --->   "%p_Val2_7 = add i6 %p_Val2_6, i6 %zext_ln377_3"   --->   Operation 51 'add' 'p_Val2_7' <Predicate = true> <Delay = 0.70> <CoreInst = "Adder">   --->   Core 1 'Adder' <Latency = 0> <II = 1> <Delay = 0.70> <FuncUnit> <Opcode : 'add' 'sub'> <InPorts = 2> <OutPorts = 1>
ST_1 : Operation 52 [1/1] (0.00ns)   --->   "%tmp_3 = partselect i6 @_ssdm_op_PartSelect.i6.i16.i32.i32, i16 %p_read_1, i32 10, i32 15"   --->   Operation 52 'partselect' 'tmp_3' <Predicate = true> <Delay = 0.00>
ST_1 : Operation 53 [1/1] (0.61ns)   --->   "%Range1_all_ones_3 = icmp_eq  i6 %tmp_3, i6 63"   --->   Operation 53 'icmp' 'Range1_all_ones_3' <Predicate = true> <Delay = 0.61> <CoreInst = "Cmp">   --->   Core 9 'Cmp' <Latency = 0> <II = 1> <Delay = 0.61> <FuncUnit> <Opcode : 'icmp'> <InPorts = 2> <OutPorts = 1>
ST_1 : Operation 54 [1/1] (0.61ns)   --->   "%Range1_all_zeros_3 = icmp_eq  i6 %tmp_3, i6 0"   --->   Operation 54 'icmp' 'Range1_all_zeros_3' <Predicate = true> <Delay = 0.61> <CoreInst = "Cmp">   --->   Core 9 'Cmp' <Latency = 0> <II = 1> <Delay = 0.61> <FuncUnit> <Opcode : 'icmp'> <InPorts = 2> <OutPorts = 1>

State 2 <SV = 1> <Delay = 0.96>
ST_2 : Operation 55 [1/1] (0.00ns)   --->   "%specpipeline_ln40 = specpipeline void @_ssdm_op_SpecPipeline, i32 4294967295, i32 0, i32 0, i32 0, void @empty_3" [/home/ayvol/accelerator_wrapper/src/nnet_utils/nnet_activation.h:40]   --->   Operation 55 'specpipeline' 'specpipeline_ln40' <Predicate = true> <Delay = 0.00>
ST_2 : Operation 56 [1/1] (0.67ns)   --->   "%icmp_ln1649 = icmp_sgt  i16 %p_read_4, i16 0"   --->   Operation 56 'icmp' 'icmp_ln1649' <Predicate = true> <Delay = 0.67> <CoreInst = "Cmp">   --->   Core 9 'Cmp' <Latency = 0> <II = 1> <Delay = 0.67> <FuncUnit> <Opcode : 'icmp'> <InPorts = 2> <OutPorts = 1>
ST_2 : Operation 57 [1/1] (0.00ns) (grouped into LUT with out node select_ln302)   --->   "%p_Result_11 = bitselect i1 @_ssdm_op_BitSelect.i1.i16.i32, i16 %p_read_4, i32 9"   --->   Operation 57 'bitselect' 'p_Result_11' <Predicate = true> <Delay = 0.00>
ST_2 : Operation 58 [1/1] (0.00ns) (grouped into LUT with out node select_ln302)   --->   "%tmp = bitselect i1 @_ssdm_op_BitSelect.i1.i6.i32, i6 %p_Val2_1, i32 5"   --->   Operation 58 'bitselect' 'tmp' <Predicate = true> <Delay = 0.00>
ST_2 : Operation 59 [1/1] (0.00ns) (grouped into LUT with out node select_ln302)   --->   "%select_ln888 = select i1 %tmp, i1 %Range1_all_zeros, i1 %Range1_all_ones"   --->   Operation 59 'select' 'select_ln888' <Predicate = true> <Delay = 0.00> <CoreInst = "Sel">   --->   Core 73 'Sel' <Latency = 0> <II = 1> <Delay = 0.27> <FuncUnit> <Opcode : 'select'> <InPorts = 3> <OutPorts = 1>
ST_2 : Operation 60 [1/1] (0.00ns) (grouped into LUT with out node select_ln302)   --->   "%deleted_zeros = select i1 %p_Result_11, i1 %select_ln888, i1 %Range1_all_zeros"   --->   Operation 60 'select' 'deleted_zeros' <Predicate = true> <Delay = 0.00> <CoreInst = "Sel">   --->   Core 73 'Sel' <Latency = 0> <II = 1> <Delay = 0.27> <FuncUnit> <Opcode : 'select'> <InPorts = 3> <OutPorts = 1>
ST_2 : Operation 61 [1/1] (0.29ns) (out node of the LUT)   --->   "%select_ln302 = select i1 %deleted_zeros, i6 %p_Val2_1, i6 63"   --->   Operation 61 'select' 'select_ln302' <Predicate = true> <Delay = 0.29> <CoreInst = "Sel">   --->   Core 73 'Sel' <Latency = 0> <II = 1> <Delay = 0.29> <FuncUnit> <Opcode : 'select'> <InPorts = 3> <OutPorts = 1>
ST_2 : Operation 62 [1/1] (0.29ns) (out node of the LUT)   --->   "%select_ln1649 = select i1 %icmp_ln1649, i6 %select_ln302, i6 0"   --->   Operation 62 'select' 'select_ln1649' <Predicate = true> <Delay = 0.29> <CoreInst = "Sel">   --->   Core 73 'Sel' <Latency = 0> <II = 1> <Delay = 0.29> <FuncUnit> <Opcode : 'select'> <InPorts = 3> <OutPorts = 1>
ST_2 : Operation 63 [1/1] (0.67ns)   --->   "%icmp_ln1649_1 = icmp_sgt  i16 %p_read_3, i16 0"   --->   Operation 63 'icmp' 'icmp_ln1649_1' <Predicate = true> <Delay = 0.67> <CoreInst = "Cmp">   --->   Core 9 'Cmp' <Latency = 0> <II = 1> <Delay = 0.67> <FuncUnit> <Opcode : 'icmp'> <InPorts = 2> <OutPorts = 1>
ST_2 : Operation 64 [1/1] (0.00ns) (grouped into LUT with out node select_ln302_1)   --->   "%p_Result_13 = bitselect i1 @_ssdm_op_BitSelect.i1.i16.i32, i16 %p_read_3, i32 9"   --->   Operation 64 'bitselect' 'p_Result_13' <Predicate = true> <Delay = 0.00>
ST_2 : Operation 65 [1/1] (0.00ns) (grouped into LUT with out node select_ln302_1)   --->   "%tmp_6 = bitselect i1 @_ssdm_op_BitSelect.i1.i6.i32, i6 %p_Val2_3, i32 5"   --->   Operation 65 'bitselect' 'tmp_6' <Predicate = true> <Delay = 0.00>
ST_2 : Operation 66 [1/1] (0.00ns) (grouped into LUT with out node select_ln302_1)   --->   "%select_ln888_1 = select i1 %tmp_6, i1 %Range1_all_zeros_1, i1 %Range1_all_ones_1"   --->   Operation 66 'select' 'select_ln888_1' <Predicate = true> <Delay = 0.00> <CoreInst = "Sel">   --->   Core 73 'Sel' <Latency = 0> <II = 1> <Delay = 0.27> <FuncUnit> <Opcode : 'select'> <InPorts = 3> <OutPorts = 1>
ST_2 : Operation 67 [1/1] (0.00ns) (grouped into LUT with out node select_ln302_1)   --->   "%deleted_zeros_1 = select i1 %p_Result_13, i1 %select_ln888_1, i1 %Range1_all_zeros_1"   --->   Operation 67 'select' 'deleted_zeros_1' <Predicate = true> <Delay = 0.00> <CoreInst = "Sel">   --->   Core 73 'Sel' <Latency = 0> <II = 1> <Delay = 0.27> <FuncUnit> <Opcode : 'select'> <InPorts = 3> <OutPorts = 1>
ST_2 : Operation 68 [1/1] (0.29ns) (out node of the LUT)   --->   "%select_ln302_1 = select i1 %deleted_zeros_1, i6 %p_Val2_3, i6 63"   --->   Operation 68 'select' 'select_ln302_1' <Predicate = true> <Delay = 0.29> <CoreInst = "Sel">   --->   Core 73 'Sel' <Latency = 0> <II = 1> <Delay = 0.29> <FuncUnit> <Opcode : 'select'> <InPorts = 3> <OutPorts = 1>
ST_2 : Operation 69 [1/1] (0.29ns) (out node of the LUT)   --->   "%select_ln1649_1 = select i1 %icmp_ln1649_1, i6 %select_ln302_1, i6 0"   --->   Operation 69 'select' 'select_ln1649_1' <Predicate = true> <Delay = 0.29> <CoreInst = "Sel">   --->   Core 73 'Sel' <Latency = 0> <II = 1> <Delay = 0.29> <FuncUnit> <Opcode : 'select'> <InPorts = 3> <OutPorts = 1>
ST_2 : Operation 70 [1/1] (0.67ns)   --->   "%icmp_ln1649_2 = icmp_sgt  i16 %p_read_2, i16 0"   --->   Operation 70 'icmp' 'icmp_ln1649_2' <Predicate = true> <Delay = 0.67> <CoreInst = "Cmp">   --->   Core 9 'Cmp' <Latency = 0> <II = 1> <Delay = 0.67> <FuncUnit> <Opcode : 'icmp'> <InPorts = 2> <OutPorts = 1>
ST_2 : Operation 71 [1/1] (0.00ns) (grouped into LUT with out node select_ln302_2)   --->   "%p_Result_15 = bitselect i1 @_ssdm_op_BitSelect.i1.i16.i32, i16 %p_read_2, i32 9"   --->   Operation 71 'bitselect' 'p_Result_15' <Predicate = true> <Delay = 0.00>
ST_2 : Operation 72 [1/1] (0.00ns) (grouped into LUT with out node select_ln302_2)   --->   "%tmp_10 = bitselect i1 @_ssdm_op_BitSelect.i1.i6.i32, i6 %p_Val2_5, i32 5"   --->   Operation 72 'bitselect' 'tmp_10' <Predicate = true> <Delay = 0.00>
ST_2 : Operation 73 [1/1] (0.00ns) (grouped into LUT with out node select_ln302_2)   --->   "%select_ln888_2 = select i1 %tmp_10, i1 %Range1_all_zeros_2, i1 %Range1_all_ones_2"   --->   Operation 73 'select' 'select_ln888_2' <Predicate = true> <Delay = 0.00> <CoreInst = "Sel">   --->   Core 73 'Sel' <Latency = 0> <II = 1> <Delay = 0.27> <FuncUnit> <Opcode : 'select'> <InPorts = 3> <OutPorts = 1>
ST_2 : Operation 74 [1/1] (0.00ns) (grouped into LUT with out node select_ln302_2)   --->   "%deleted_zeros_2 = select i1 %p_Result_15, i1 %select_ln888_2, i1 %Range1_all_zeros_2"   --->   Operation 74 'select' 'deleted_zeros_2' <Predicate = true> <Delay = 0.00> <CoreInst = "Sel">   --->   Core 73 'Sel' <Latency = 0> <II = 1> <Delay = 0.27> <FuncUnit> <Opcode : 'select'> <InPorts = 3> <OutPorts = 1>
ST_2 : Operation 75 [1/1] (0.29ns) (out node of the LUT)   --->   "%select_ln302_2 = select i1 %deleted_zeros_2, i6 %p_Val2_5, i6 63"   --->   Operation 75 'select' 'select_ln302_2' <Predicate = true> <Delay = 0.29> <CoreInst = "Sel">   --->   Core 73 'Sel' <Latency = 0> <II = 1> <Delay = 0.29> <FuncUnit> <Opcode : 'select'> <InPorts = 3> <OutPorts = 1>
ST_2 : Operation 76 [1/1] (0.29ns) (out node of the LUT)   --->   "%select_ln1649_2 = select i1 %icmp_ln1649_2, i6 %select_ln302_2, i6 0"   --->   Operation 76 'select' 'select_ln1649_2' <Predicate = true> <Delay = 0.29> <CoreInst = "Sel">   --->   Core 73 'Sel' <Latency = 0> <II = 1> <Delay = 0.29> <FuncUnit> <Opcode : 'select'> <InPorts = 3> <OutPorts = 1>
ST_2 : Operation 77 [1/1] (0.67ns)   --->   "%icmp_ln1649_3 = icmp_sgt  i16 %p_read_1, i16 0"   --->   Operation 77 'icmp' 'icmp_ln1649_3' <Predicate = true> <Delay = 0.67> <CoreInst = "Cmp">   --->   Core 9 'Cmp' <Latency = 0> <II = 1> <Delay = 0.67> <FuncUnit> <Opcode : 'icmp'> <InPorts = 2> <OutPorts = 1>
ST_2 : Operation 78 [1/1] (0.00ns) (grouped into LUT with out node select_ln302_3)   --->   "%p_Result_17 = bitselect i1 @_ssdm_op_BitSelect.i1.i16.i32, i16 %p_read_1, i32 9"   --->   Operation 78 'bitselect' 'p_Result_17' <Predicate = true> <Delay = 0.00>
ST_2 : Operation 79 [1/1] (0.00ns) (grouped into LUT with out node select_ln302_3)   --->   "%tmp_14 = bitselect i1 @_ssdm_op_BitSelect.i1.i6.i32, i6 %p_Val2_7, i32 5"   --->   Operation 79 'bitselect' 'tmp_14' <Predicate = true> <Delay = 0.00>
ST_2 : Operation 80 [1/1] (0.00ns) (grouped into LUT with out node select_ln302_3)   --->   "%select_ln888_3 = select i1 %tmp_14, i1 %Range1_all_zeros_3, i1 %Range1_all_ones_3"   --->   Operation 80 'select' 'select_ln888_3' <Predicate = true> <Delay = 0.00> <CoreInst = "Sel">   --->   Core 73 'Sel' <Latency = 0> <II = 1> <Delay = 0.27> <FuncUnit> <Opcode : 'select'> <InPorts = 3> <OutPorts = 1>
ST_2 : Operation 81 [1/1] (0.00ns) (grouped into LUT with out node select_ln302_3)   --->   "%deleted_zeros_3 = select i1 %p_Result_17, i1 %select_ln888_3, i1 %Range1_all_zeros_3"   --->   Operation 81 'select' 'deleted_zeros_3' <Predicate = true> <Delay = 0.00> <CoreInst = "Sel">   --->   Core 73 'Sel' <Latency = 0> <II = 1> <Delay = 0.27> <FuncUnit> <Opcode : 'select'> <InPorts = 3> <OutPorts = 1>
ST_2 : Operation 82 [1/1] (0.29ns) (out node of the LUT)   --->   "%select_ln302_3 = select i1 %deleted_zeros_3, i6 %p_Val2_7, i6 63"   --->   Operation 82 'select' 'select_ln302_3' <Predicate = true> <Delay = 0.29> <CoreInst = "Sel">   --->   Core 73 'Sel' <Latency = 0> <II = 1> <Delay = 0.29> <FuncUnit> <Opcode : 'select'> <InPorts = 3> <OutPorts = 1>
ST_2 : Operation 83 [1/1] (0.29ns) (out node of the LUT)   --->   "%select_ln1649_3 = select i1 %icmp_ln1649_3, i6 %select_ln302_3, i6 0"   --->   Operation 83 'select' 'select_ln1649_3' <Predicate = true> <Delay = 0.29> <CoreInst = "Sel">   --->   Core 73 'Sel' <Latency = 0> <II = 1> <Delay = 0.29> <FuncUnit> <Opcode : 'select'> <InPorts = 3> <OutPorts = 1>
ST_2 : Operation 84 [1/1] (0.00ns)   --->   "%mrv = insertvalue i24 <undef>, i6 %select_ln1649" [/home/ayvol/accelerator_wrapper/src/nnet_utils/nnet_activation.h:50]   --->   Operation 84 'insertvalue' 'mrv' <Predicate = true> <Delay = 0.00>
ST_2 : Operation 85 [1/1] (0.00ns)   --->   "%mrv_1 = insertvalue i24 %mrv, i6 %select_ln1649_1" [/home/ayvol/accelerator_wrapper/src/nnet_utils/nnet_activation.h:50]   --->   Operation 85 'insertvalue' 'mrv_1' <Predicate = true> <Delay = 0.00>
ST_2 : Operation 86 [1/1] (0.00ns)   --->   "%mrv_2 = insertvalue i24 %mrv_1, i6 %select_ln1649_2" [/home/ayvol/accelerator_wrapper/src/nnet_utils/nnet_activation.h:50]   --->   Operation 86 'insertvalue' 'mrv_2' <Predicate = true> <Delay = 0.00>
ST_2 : Operation 87 [1/1] (0.00ns)   --->   "%mrv_3 = insertvalue i24 %mrv_2, i6 %select_ln1649_3" [/home/ayvol/accelerator_wrapper/src/nnet_utils/nnet_activation.h:50]   --->   Operation 87 'insertvalue' 'mrv_3' <Predicate = true> <Delay = 0.00>
ST_2 : Operation 88 [1/1] (0.00ns)   --->   "%ret_ln50 = ret i24 %mrv_3" [/home/ayvol/accelerator_wrapper/src/nnet_utils/nnet_activation.h:50]   --->   Operation 88 'ret' 'ret_ln50' <Predicate = true> <Delay = 0.00>


============================================================
+ Verbose Summary: Timing violations
============================================================
Target clock period: 3.33ns, clock uncertainty: 0.9ns.

 <State 1>: 2.42ns
The critical path consists of the following:
	wire read operation ('p_read_4', /home/ayvol/accelerator_wrapper/src/nnet_utils/nnet_activation.h:42) on port 'p_read' (/home/ayvol/accelerator_wrapper/src/nnet_utils/nnet_activation.h:42) [9]  (1.22 ns)
	'icmp' operation ('r') [15]  (0.5 ns)
	'or' operation ('or_ln374') [17]  (0 ns)
	'and' operation ('qb') [18]  (0 ns)
	'add' operation ('__Val2__') [20]  (0.706 ns)

 <State 2>: 0.969ns
The critical path consists of the following:
	'icmp' operation ('icmp_ln1649') [10]  (0.676 ns)
	'select' operation ('select_ln1649') [28]  (0.293 ns)


============================================================
+ Verbose Summary: Binding
============================================================
N/A
* FSMD analyzer results:
  - Output states:
 - Input state : 
  - Chain level:
	State 1
	State 2


============================================================
+ Verbose Summary: Datapath Resource usage 
============================================================
N/A
