

================================================================
== Vitis HLS Report for 'softmax_stable_array_array_ap_fixed_16_6_5_3_0_5u_softmax_config13_s'
================================================================
* Date:           Sat Mar  2 01:07:06 2024

* Version:        2022.2 (Build 3670227 on Oct 13 2022)
* Project:        alveo_hls4ml
* Solution:       solution (Vitis Kernel Flow Target)
* Product family: virtexuplus
* Target device:  xcu55c-fsvh2892-2L-e


================================================================
== Performance Estimates
================================================================
+ Timing: 
    * Summary: 
    +--------+---------+----------+------------+
    |  Clock |  Target | Estimated| Uncertainty|
    +--------+---------+----------+------------+
    |ap_clk  |  3.33 ns|  2.288 ns|     0.90 ns|
    +--------+---------+----------+------------+

+ Latency: 
    * Summary: 
    +---------+---------+-----------+-----------+-----+-----+---------+
    |  Latency (cycles) |   Latency (absolute)  |  Interval | Pipeline|
    |   min   |   max   |    min    |    max    | min | max |   Type  |
    +---------+---------+-----------+-----------+-----+-----+---------+
    |        7|        7|  23.331 ns|  23.331 ns|    7|    7|       no|
    +---------+---------+-----------+-----------+-----+-----+---------+

    + Detail: 
        * Instance: 
        N/A

        * Loop: 
        N/A

============================================================
+ Verbose Summary: Synthesis Manager
============================================================
InlineROM: 1
ExposeGlobal: 0
============================================================
+ Verbose Summary: CDFG Model
============================================================
IsTopModel: 0
ResetActiveHigh: 1
IsCombinational: 0
IsDatapathOnly: 0
HasWiredReturn: 1
HasMFsm: 0
HasVarLatency: 1
IsPipeline: 0
IsRtlPipelined: 0
IsInstanceOverlapped: 0
IsDontTouch: 0
HasImplIP: 0
IsGatedGlobalClock: 0


============================================================
+ Verbose Summary: Schedule
============================================================
* Number of FSM states : 8
* Pipeline : 0
* Dataflow Pipeline: 0

* FSM state transitions: 
1 --> 2 
2 --> 3 
3 --> 4 
4 --> 5 
5 --> 6 
6 --> 7 
7 --> 8 
8 --> 

* FSM state operations: 

State 1 <SV = 0> <Delay = 1.89>
ST_1 : Operation 9 [1/1] (1.21ns)   --->   "%layer11_out_read = read i80 @_ssdm_op_Read.ap_fifo.volatile.i80P0A, i80 %layer11_out" [/home/ayvol/accelerator_wrapper/src/nnet_utils/nnet_activation_stream.h:199]   --->   Operation 9 'read' 'layer11_out_read' <Predicate = true> <Delay = 1.21> <CoreInst = "FIFO_SRL">   --->   Core 81 'FIFO_SRL' <Latency = 0> <II = 1> <Delay = 1.40> <Storage> <Opcode : 'read' 'write' 'nbread' 'nbwrite'> <Ports = 0> <Width = 80> <Depth = 1> <FIFO>
ST_1 : Operation 10 [1/1] (0.00ns)   --->   "%trunc_ln199 = trunc i80 %layer11_out_read" [/home/ayvol/accelerator_wrapper/src/nnet_utils/nnet_activation_stream.h:199]   --->   Operation 10 'trunc' 'trunc_ln199' <Predicate = true> <Delay = 0.00>
ST_1 : Operation 11 [1/1] (0.00ns)   --->   "%trunc_ln199_3 = partselect i16 @_ssdm_op_PartSelect.i16.i80.i32.i32, i80 %layer11_out_read, i32 48, i32 63" [/home/ayvol/accelerator_wrapper/src/nnet_utils/nnet_activation_stream.h:199]   --->   Operation 11 'partselect' 'trunc_ln199_3' <Predicate = true> <Delay = 0.00>
ST_1 : Operation 12 [1/1] (0.00ns)   --->   "%trunc_ln199_4 = partselect i16 @_ssdm_op_PartSelect.i16.i80.i32.i32, i80 %layer11_out_read, i32 64, i32 79" [/home/ayvol/accelerator_wrapper/src/nnet_utils/nnet_activation_stream.h:199]   --->   Operation 12 'partselect' 'trunc_ln199_4' <Predicate = true> <Delay = 0.00>
ST_1 : Operation 13 [1/1] (0.00ns)   --->   "%tmp = partselect i16 @_ssdm_op_PartSelect.i16.i80.i32.i32, i80 %layer11_out_read, i32 16, i32 31" [/home/ayvol/accelerator_wrapper/src/nnet_utils/nnet_activation_stream.h:199]   --->   Operation 13 'partselect' 'tmp' <Predicate = true> <Delay = 0.00>
ST_1 : Operation 14 [1/1] (0.00ns)   --->   "%tmp_s = partselect i16 @_ssdm_op_PartSelect.i16.i80.i32.i32, i80 %layer11_out_read, i32 32, i32 47" [/home/ayvol/accelerator_wrapper/src/nnet_utils/nnet_activation_stream.h:199]   --->   Operation 14 'partselect' 'tmp_s' <Predicate = true> <Delay = 0.00>
ST_1 : Operation 15 [1/1] (0.67ns)   --->   "%icmp_ln1651 = icmp_slt  i16 %trunc_ln199, i16 %tmp"   --->   Operation 15 'icmp' 'icmp_ln1651' <Predicate = true> <Delay = 0.67> <CoreInst = "Cmp">   --->   Core 9 'Cmp' <Latency = 0> <II = 1> <Delay = 0.67> <FuncUnit> <Opcode : 'icmp'> <InPorts = 2> <OutPorts = 1>
ST_1 : Operation 16 [1/1] (0.67ns)   --->   "%icmp_ln1651_1 = icmp_slt  i16 %tmp_s, i16 %trunc_ln199_3"   --->   Operation 16 'icmp' 'icmp_ln1651_1' <Predicate = true> <Delay = 0.67> <CoreInst = "Cmp">   --->   Core 9 'Cmp' <Latency = 0> <II = 1> <Delay = 0.67> <FuncUnit> <Opcode : 'icmp'> <InPorts = 2> <OutPorts = 1>

State 2 <SV = 1> <Delay = 2.08>
ST_2 : Operation 17 [1/1] (0.00ns) (grouped into LUT with out node select_ln65)   --->   "%xor_ln1651 = xor i1 %icmp_ln1651, i1 1"   --->   Operation 17 'xor' 'xor_ln1651' <Predicate = true> <Delay = 0.00> <CoreInst = "LogicGate">   --->   Core 74 'LogicGate' <Latency = 0> <II = 1> <Delay = 0.12> <FuncUnit> <Opcode : 'and' 'or' 'xor'> <InPorts = 2> <OutPorts = 1>
ST_2 : Operation 18 [1/1] (0.24ns) (out node of the LUT)   --->   "%select_ln65 = select i1 %xor_ln1651, i16 %trunc_ln199, i16 %tmp" [/home/ayvol/accelerator_wrapper/src/nnet_utils/nnet_common.h:65]   --->   Operation 18 'select' 'select_ln65' <Predicate = true> <Delay = 0.24> <CoreInst = "Sel">   --->   Core 73 'Sel' <Latency = 0> <II = 1> <Delay = 0.24> <FuncUnit> <Opcode : 'select'> <InPorts = 3> <OutPorts = 1>
ST_2 : Operation 19 [1/1] (0.00ns) (grouped into LUT with out node select_ln65_1)   --->   "%xor_ln1651_1 = xor i1 %icmp_ln1651_1, i1 1"   --->   Operation 19 'xor' 'xor_ln1651_1' <Predicate = true> <Delay = 0.00> <CoreInst = "LogicGate">   --->   Core 74 'LogicGate' <Latency = 0> <II = 1> <Delay = 0.12> <FuncUnit> <Opcode : 'and' 'or' 'xor'> <InPorts = 2> <OutPorts = 1>
ST_2 : Operation 20 [1/1] (0.24ns) (out node of the LUT)   --->   "%select_ln65_1 = select i1 %xor_ln1651_1, i16 %tmp_s, i16 %trunc_ln199_3" [/home/ayvol/accelerator_wrapper/src/nnet_utils/nnet_common.h:65]   --->   Operation 20 'select' 'select_ln65_1' <Predicate = true> <Delay = 0.24> <CoreInst = "Sel">   --->   Core 73 'Sel' <Latency = 0> <II = 1> <Delay = 0.24> <FuncUnit> <Opcode : 'select'> <InPorts = 3> <OutPorts = 1>
ST_2 : Operation 21 [1/1] (0.67ns)   --->   "%icmp_ln1651_2 = icmp_slt  i16 %select_ln65, i16 %select_ln65_1"   --->   Operation 21 'icmp' 'icmp_ln1651_2' <Predicate = true> <Delay = 0.67> <CoreInst = "Cmp">   --->   Core 9 'Cmp' <Latency = 0> <II = 1> <Delay = 0.67> <FuncUnit> <Opcode : 'icmp'> <InPorts = 2> <OutPorts = 1>
ST_2 : Operation 22 [1/1] (0.00ns) (grouped into LUT with out node select_ln65_2)   --->   "%xor_ln1651_2 = xor i1 %icmp_ln1651_2, i1 1"   --->   Operation 22 'xor' 'xor_ln1651_2' <Predicate = true> <Delay = 0.00> <CoreInst = "LogicGate">   --->   Core 74 'LogicGate' <Latency = 0> <II = 1> <Delay = 0.12> <FuncUnit> <Opcode : 'and' 'or' 'xor'> <InPorts = 2> <OutPorts = 1>
ST_2 : Operation 23 [1/1] (0.24ns) (out node of the LUT)   --->   "%select_ln65_2 = select i1 %xor_ln1651_2, i16 %select_ln65, i16 %select_ln65_1" [/home/ayvol/accelerator_wrapper/src/nnet_utils/nnet_common.h:65]   --->   Operation 23 'select' 'select_ln65_2' <Predicate = true> <Delay = 0.24> <CoreInst = "Sel">   --->   Core 73 'Sel' <Latency = 0> <II = 1> <Delay = 0.24> <FuncUnit> <Opcode : 'select'> <InPorts = 3> <OutPorts = 1>
ST_2 : Operation 24 [1/1] (0.67ns)   --->   "%icmp_ln1651_3 = icmp_slt  i16 %select_ln65_2, i16 %trunc_ln199_4"   --->   Operation 24 'icmp' 'icmp_ln1651_3' <Predicate = true> <Delay = 0.67> <CoreInst = "Cmp">   --->   Core 9 'Cmp' <Latency = 0> <II = 1> <Delay = 0.67> <FuncUnit> <Opcode : 'icmp'> <InPorts = 2> <OutPorts = 1>
ST_2 : Operation 25 [1/1] (0.00ns) (grouped into LUT with out node x_max_V)   --->   "%xor_ln1651_3 = xor i1 %icmp_ln1651_3, i1 1"   --->   Operation 25 'xor' 'xor_ln1651_3' <Predicate = true> <Delay = 0.00> <CoreInst = "LogicGate">   --->   Core 74 'LogicGate' <Latency = 0> <II = 1> <Delay = 0.12> <FuncUnit> <Opcode : 'and' 'or' 'xor'> <InPorts = 2> <OutPorts = 1>
ST_2 : Operation 26 [1/1] (0.24ns) (out node of the LUT)   --->   "%x_max_V = select i1 %xor_ln1651_3, i16 %select_ln65_2, i16 %trunc_ln199_4" [/home/ayvol/accelerator_wrapper/src/nnet_utils/nnet_common.h:65]   --->   Operation 26 'select' 'x_max_V' <Predicate = true> <Delay = 0.24> <CoreInst = "Sel">   --->   Core 73 'Sel' <Latency = 0> <II = 1> <Delay = 0.24> <FuncUnit> <Opcode : 'select'> <InPorts = 3> <OutPorts = 1>

State 3 <SV = 2> <Delay = 2.28>
ST_3 : Operation 27 [1/1] (0.00ns)   --->   "%sext_ln1348 = sext i16 %trunc_ln199"   --->   Operation 27 'sext' 'sext_ln1348' <Predicate = true> <Delay = 0.00>
ST_3 : Operation 28 [1/1] (0.00ns)   --->   "%sext_ln1348_1 = sext i16 %x_max_V"   --->   Operation 28 'sext' 'sext_ln1348_1' <Predicate = true> <Delay = 0.00>
ST_3 : Operation 29 [1/1] (0.78ns)   --->   "%ret_V = sub i17 %sext_ln1348, i17 %sext_ln1348_1"   --->   Operation 29 'sub' 'ret_V' <Predicate = true> <Delay = 0.78> <CoreInst = "Adder">   --->   Core 1 'Adder' <Latency = 0> <II = 1> <Delay = 0.78> <FuncUnit> <Opcode : 'add' 'sub'> <InPorts = 2> <OutPorts = 1>
ST_3 : Operation 30 [1/1] (0.00ns)   --->   "%p_Result_16 = bitselect i1 @_ssdm_op_BitSelect.i1.i17.i32, i17 %ret_V, i32 16"   --->   Operation 30 'bitselect' 'p_Result_16' <Predicate = true> <Delay = 0.00>
ST_3 : Operation 31 [1/1] (0.00ns)   --->   "%p_Result_17 = bitselect i1 @_ssdm_op_BitSelect.i1.i17.i32, i17 %ret_V, i32 15"   --->   Operation 31 'bitselect' 'p_Result_17' <Predicate = true> <Delay = 0.00>
ST_3 : Operation 32 [1/1] (0.00ns) (grouped into LUT with out node p_Result_s)   --->   "%xor_ln895 = xor i1 %p_Result_16, i1 1"   --->   Operation 32 'xor' 'xor_ln895' <Predicate = true> <Delay = 0.00> <CoreInst = "LogicGate">   --->   Core 74 'LogicGate' <Latency = 0> <II = 1> <Delay = 0.12> <FuncUnit> <Opcode : 'and' 'or' 'xor'> <InPorts = 2> <OutPorts = 1>
ST_3 : Operation 33 [1/1] (0.00ns) (grouped into LUT with out node p_Result_s)   --->   "%overflow = and i1 %p_Result_17, i1 %xor_ln895"   --->   Operation 33 'and' 'overflow' <Predicate = true> <Delay = 0.00> <CoreInst = "LogicGate">   --->   Core 74 'LogicGate' <Latency = 0> <II = 1> <Delay = 0.12> <FuncUnit> <Opcode : 'and' 'or' 'xor'> <InPorts = 2> <OutPorts = 1>
ST_3 : Operation 34 [1/1] (0.00ns) (grouped into LUT with out node p_Result_s)   --->   "%xor_ln302 = xor i1 %p_Result_16, i1 %p_Result_17"   --->   Operation 34 'xor' 'xor_ln302' <Predicate = true> <Delay = 0.00> <CoreInst = "LogicGate">   --->   Core 74 'LogicGate' <Latency = 0> <II = 1> <Delay = 0.12> <FuncUnit> <Opcode : 'and' 'or' 'xor'> <InPorts = 2> <OutPorts = 1>
ST_3 : Operation 35 [1/1] (0.00ns)   --->   "%sext_ln1348_2 = sext i16 %tmp"   --->   Operation 35 'sext' 'sext_ln1348_2' <Predicate = true> <Delay = 0.00>
ST_3 : Operation 36 [1/1] (0.78ns)   --->   "%ret_V_1 = sub i17 %sext_ln1348_2, i17 %sext_ln1348_1"   --->   Operation 36 'sub' 'ret_V_1' <Predicate = true> <Delay = 0.78> <CoreInst = "Adder">   --->   Core 1 'Adder' <Latency = 0> <II = 1> <Delay = 0.78> <FuncUnit> <Opcode : 'add' 'sub'> <InPorts = 2> <OutPorts = 1>
ST_3 : Operation 37 [1/1] (0.00ns)   --->   "%p_Result_18 = bitselect i1 @_ssdm_op_BitSelect.i1.i17.i32, i17 %ret_V_1, i32 16"   --->   Operation 37 'bitselect' 'p_Result_18' <Predicate = true> <Delay = 0.00>
ST_3 : Operation 38 [1/1] (0.00ns)   --->   "%p_Result_19 = bitselect i1 @_ssdm_op_BitSelect.i1.i17.i32, i17 %ret_V_1, i32 15"   --->   Operation 38 'bitselect' 'p_Result_19' <Predicate = true> <Delay = 0.00>
ST_3 : Operation 39 [1/1] (0.00ns) (grouped into LUT with out node p_Result_12)   --->   "%xor_ln895_1 = xor i1 %p_Result_18, i1 1"   --->   Operation 39 'xor' 'xor_ln895_1' <Predicate = true> <Delay = 0.00> <CoreInst = "LogicGate">   --->   Core 74 'LogicGate' <Latency = 0> <II = 1> <Delay = 0.12> <FuncUnit> <Opcode : 'and' 'or' 'xor'> <InPorts = 2> <OutPorts = 1>
ST_3 : Operation 40 [1/1] (0.00ns) (grouped into LUT with out node p_Result_12)   --->   "%overflow_1 = and i1 %p_Result_19, i1 %xor_ln895_1"   --->   Operation 40 'and' 'overflow_1' <Predicate = true> <Delay = 0.00> <CoreInst = "LogicGate">   --->   Core 74 'LogicGate' <Latency = 0> <II = 1> <Delay = 0.12> <FuncUnit> <Opcode : 'and' 'or' 'xor'> <InPorts = 2> <OutPorts = 1>
ST_3 : Operation 41 [1/1] (0.00ns) (grouped into LUT with out node p_Result_12)   --->   "%xor_ln302_1 = xor i1 %p_Result_18, i1 %p_Result_19"   --->   Operation 41 'xor' 'xor_ln302_1' <Predicate = true> <Delay = 0.00> <CoreInst = "LogicGate">   --->   Core 74 'LogicGate' <Latency = 0> <II = 1> <Delay = 0.12> <FuncUnit> <Opcode : 'and' 'or' 'xor'> <InPorts = 2> <OutPorts = 1>
ST_3 : Operation 42 [1/1] (0.00ns)   --->   "%sext_ln1348_3 = sext i16 %tmp_s"   --->   Operation 42 'sext' 'sext_ln1348_3' <Predicate = true> <Delay = 0.00>
ST_3 : Operation 43 [1/1] (0.78ns)   --->   "%ret_V_2 = sub i17 %sext_ln1348_3, i17 %sext_ln1348_1"   --->   Operation 43 'sub' 'ret_V_2' <Predicate = true> <Delay = 0.78> <CoreInst = "Adder">   --->   Core 1 'Adder' <Latency = 0> <II = 1> <Delay = 0.78> <FuncUnit> <Opcode : 'add' 'sub'> <InPorts = 2> <OutPorts = 1>
ST_3 : Operation 44 [1/1] (0.00ns)   --->   "%p_Result_20 = bitselect i1 @_ssdm_op_BitSelect.i1.i17.i32, i17 %ret_V_2, i32 16"   --->   Operation 44 'bitselect' 'p_Result_20' <Predicate = true> <Delay = 0.00>
ST_3 : Operation 45 [1/1] (0.00ns)   --->   "%p_Result_21 = bitselect i1 @_ssdm_op_BitSelect.i1.i17.i32, i17 %ret_V_2, i32 15"   --->   Operation 45 'bitselect' 'p_Result_21' <Predicate = true> <Delay = 0.00>
ST_3 : Operation 46 [1/1] (0.00ns) (grouped into LUT with out node p_Result_13)   --->   "%xor_ln895_2 = xor i1 %p_Result_20, i1 1"   --->   Operation 46 'xor' 'xor_ln895_2' <Predicate = true> <Delay = 0.00> <CoreInst = "LogicGate">   --->   Core 74 'LogicGate' <Latency = 0> <II = 1> <Delay = 0.12> <FuncUnit> <Opcode : 'and' 'or' 'xor'> <InPorts = 2> <OutPorts = 1>
ST_3 : Operation 47 [1/1] (0.00ns) (grouped into LUT with out node p_Result_13)   --->   "%overflow_2 = and i1 %p_Result_21, i1 %xor_ln895_2"   --->   Operation 47 'and' 'overflow_2' <Predicate = true> <Delay = 0.00> <CoreInst = "LogicGate">   --->   Core 74 'LogicGate' <Latency = 0> <II = 1> <Delay = 0.12> <FuncUnit> <Opcode : 'and' 'or' 'xor'> <InPorts = 2> <OutPorts = 1>
ST_3 : Operation 48 [1/1] (0.00ns) (grouped into LUT with out node p_Result_13)   --->   "%xor_ln302_2 = xor i1 %p_Result_20, i1 %p_Result_21"   --->   Operation 48 'xor' 'xor_ln302_2' <Predicate = true> <Delay = 0.00> <CoreInst = "LogicGate">   --->   Core 74 'LogicGate' <Latency = 0> <II = 1> <Delay = 0.12> <FuncUnit> <Opcode : 'and' 'or' 'xor'> <InPorts = 2> <OutPorts = 1>
ST_3 : Operation 49 [1/1] (0.00ns)   --->   "%sext_ln1348_4 = sext i16 %trunc_ln199_3"   --->   Operation 49 'sext' 'sext_ln1348_4' <Predicate = true> <Delay = 0.00>
ST_3 : Operation 50 [1/1] (0.78ns)   --->   "%ret_V_3 = sub i17 %sext_ln1348_4, i17 %sext_ln1348_1"   --->   Operation 50 'sub' 'ret_V_3' <Predicate = true> <Delay = 0.78> <CoreInst = "Adder">   --->   Core 1 'Adder' <Latency = 0> <II = 1> <Delay = 0.78> <FuncUnit> <Opcode : 'add' 'sub'> <InPorts = 2> <OutPorts = 1>
ST_3 : Operation 51 [1/1] (0.00ns)   --->   "%p_Result_22 = bitselect i1 @_ssdm_op_BitSelect.i1.i17.i32, i17 %ret_V_3, i32 16"   --->   Operation 51 'bitselect' 'p_Result_22' <Predicate = true> <Delay = 0.00>
ST_3 : Operation 52 [1/1] (0.00ns)   --->   "%p_Result_23 = bitselect i1 @_ssdm_op_BitSelect.i1.i17.i32, i17 %ret_V_3, i32 15"   --->   Operation 52 'bitselect' 'p_Result_23' <Predicate = true> <Delay = 0.00>
ST_3 : Operation 53 [1/1] (0.00ns) (grouped into LUT with out node p_Result_14)   --->   "%xor_ln895_3 = xor i1 %p_Result_22, i1 1"   --->   Operation 53 'xor' 'xor_ln895_3' <Predicate = true> <Delay = 0.00> <CoreInst = "LogicGate">   --->   Core 74 'LogicGate' <Latency = 0> <II = 1> <Delay = 0.12> <FuncUnit> <Opcode : 'and' 'or' 'xor'> <InPorts = 2> <OutPorts = 1>
ST_3 : Operation 54 [1/1] (0.00ns) (grouped into LUT with out node p_Result_14)   --->   "%overflow_3 = and i1 %p_Result_23, i1 %xor_ln895_3"   --->   Operation 54 'and' 'overflow_3' <Predicate = true> <Delay = 0.00> <CoreInst = "LogicGate">   --->   Core 74 'LogicGate' <Latency = 0> <II = 1> <Delay = 0.12> <FuncUnit> <Opcode : 'and' 'or' 'xor'> <InPorts = 2> <OutPorts = 1>
ST_3 : Operation 55 [1/1] (0.00ns) (grouped into LUT with out node p_Result_14)   --->   "%xor_ln302_3 = xor i1 %p_Result_22, i1 %p_Result_23"   --->   Operation 55 'xor' 'xor_ln302_3' <Predicate = true> <Delay = 0.00> <CoreInst = "LogicGate">   --->   Core 74 'LogicGate' <Latency = 0> <II = 1> <Delay = 0.12> <FuncUnit> <Opcode : 'and' 'or' 'xor'> <InPorts = 2> <OutPorts = 1>
ST_3 : Operation 56 [1/1] (0.00ns)   --->   "%sext_ln1348_5 = sext i16 %trunc_ln199_4"   --->   Operation 56 'sext' 'sext_ln1348_5' <Predicate = true> <Delay = 0.00>
ST_3 : Operation 57 [1/1] (0.78ns)   --->   "%ret_V_4 = sub i17 %sext_ln1348_5, i17 %sext_ln1348_1"   --->   Operation 57 'sub' 'ret_V_4' <Predicate = true> <Delay = 0.78> <CoreInst = "Adder">   --->   Core 1 'Adder' <Latency = 0> <II = 1> <Delay = 0.78> <FuncUnit> <Opcode : 'add' 'sub'> <InPorts = 2> <OutPorts = 1>
ST_3 : Operation 58 [1/1] (0.00ns)   --->   "%p_Result_24 = bitselect i1 @_ssdm_op_BitSelect.i1.i17.i32, i17 %ret_V_4, i32 16"   --->   Operation 58 'bitselect' 'p_Result_24' <Predicate = true> <Delay = 0.00>
ST_3 : Operation 59 [1/1] (0.00ns)   --->   "%p_Result_25 = bitselect i1 @_ssdm_op_BitSelect.i1.i17.i32, i17 %ret_V_4, i32 15"   --->   Operation 59 'bitselect' 'p_Result_25' <Predicate = true> <Delay = 0.00>
ST_3 : Operation 60 [1/1] (0.00ns) (grouped into LUT with out node p_Result_15)   --->   "%xor_ln895_4 = xor i1 %p_Result_24, i1 1"   --->   Operation 60 'xor' 'xor_ln895_4' <Predicate = true> <Delay = 0.00> <CoreInst = "LogicGate">   --->   Core 74 'LogicGate' <Latency = 0> <II = 1> <Delay = 0.12> <FuncUnit> <Opcode : 'and' 'or' 'xor'> <InPorts = 2> <OutPorts = 1>
ST_3 : Operation 61 [1/1] (0.00ns) (grouped into LUT with out node p_Result_15)   --->   "%overflow_4 = and i1 %p_Result_25, i1 %xor_ln895_4"   --->   Operation 61 'and' 'overflow_4' <Predicate = true> <Delay = 0.00> <CoreInst = "LogicGate">   --->   Core 74 'LogicGate' <Latency = 0> <II = 1> <Delay = 0.12> <FuncUnit> <Opcode : 'and' 'or' 'xor'> <InPorts = 2> <OutPorts = 1>
ST_3 : Operation 62 [1/1] (0.00ns) (grouped into LUT with out node p_Result_15)   --->   "%xor_ln302_4 = xor i1 %p_Result_24, i1 %p_Result_25"   --->   Operation 62 'xor' 'xor_ln302_4' <Predicate = true> <Delay = 0.00> <CoreInst = "LogicGate">   --->   Core 74 'LogicGate' <Latency = 0> <II = 1> <Delay = 0.12> <FuncUnit> <Opcode : 'and' 'or' 'xor'> <InPorts = 2> <OutPorts = 1>
ST_3 : Operation 63 [1/1] (0.00ns) (grouped into LUT with out node p_Result_s)   --->   "%select_ln346 = select i1 %overflow, i10 511, i10 512"   --->   Operation 63 'select' 'select_ln346' <Predicate = true> <Delay = 0.00> <CoreInst = "Sel">   --->   Core 73 'Sel' <Latency = 0> <II = 1> <Delay = 0.30> <FuncUnit> <Opcode : 'select'> <InPorts = 3> <OutPorts = 1>
ST_3 : Operation 64 [1/1] (0.00ns) (grouped into LUT with out node p_Result_s)   --->   "%tmp_3 = partselect i10 @_ssdm_op_PartSelect.i10.i17.i32.i32, i17 %ret_V, i32 6, i32 15"   --->   Operation 64 'partselect' 'tmp_3' <Predicate = true> <Delay = 0.00>
ST_3 : Operation 65 [1/1] (0.30ns) (out node of the LUT)   --->   "%p_Result_s = select i1 %xor_ln302, i10 %select_ln346, i10 %tmp_3"   --->   Operation 65 'select' 'p_Result_s' <Predicate = true> <Delay = 0.30> <CoreInst = "Sel">   --->   Core 73 'Sel' <Latency = 0> <II = 1> <Delay = 0.30> <FuncUnit> <Opcode : 'select'> <InPorts = 3> <OutPorts = 1>
ST_3 : Operation 66 [1/1] (0.00ns)   --->   "%zext_ln225 = zext i10 %p_Result_s" [/home/ayvol/accelerator_wrapper/src/nnet_utils/nnet_activation_stream.h:225]   --->   Operation 66 'zext' 'zext_ln225' <Predicate = true> <Delay = 0.00>
ST_3 : Operation 67 [1/1] (0.00ns)   --->   "%exp_table_addr = getelementptr i18 %exp_table, i64 0, i64 %zext_ln225" [/home/ayvol/accelerator_wrapper/src/nnet_utils/nnet_activation_stream.h:225]   --->   Operation 67 'getelementptr' 'exp_table_addr' <Predicate = true> <Delay = 0.00>
ST_3 : Operation 68 [2/2] (1.20ns)   --->   "%r_V = load i10 %exp_table_addr" [/home/ayvol/accelerator_wrapper/src/nnet_utils/nnet_activation_stream.h:225]   --->   Operation 68 'load' 'r_V' <Predicate = true> <Delay = 1.20> <CoreInst = "ROM">   --->   Core 101 'ROM' <Latency = 1> <II = 1> <Delay = 1.20> <Storage> <Opcode : 'load'> <Ports = 0> <Width = 18> <Depth = 1024> <ROM>
ST_3 : Operation 69 [1/1] (0.00ns) (grouped into LUT with out node p_Result_12)   --->   "%select_ln346_1 = select i1 %overflow_1, i10 511, i10 512"   --->   Operation 69 'select' 'select_ln346_1' <Predicate = true> <Delay = 0.00> <CoreInst = "Sel">   --->   Core 73 'Sel' <Latency = 0> <II = 1> <Delay = 0.30> <FuncUnit> <Opcode : 'select'> <InPorts = 3> <OutPorts = 1>
ST_3 : Operation 70 [1/1] (0.00ns) (grouped into LUT with out node p_Result_12)   --->   "%tmp_4 = partselect i10 @_ssdm_op_PartSelect.i10.i17.i32.i32, i17 %ret_V_1, i32 6, i32 15"   --->   Operation 70 'partselect' 'tmp_4' <Predicate = true> <Delay = 0.00>
ST_3 : Operation 71 [1/1] (0.30ns) (out node of the LUT)   --->   "%p_Result_12 = select i1 %xor_ln302_1, i10 %select_ln346_1, i10 %tmp_4"   --->   Operation 71 'select' 'p_Result_12' <Predicate = true> <Delay = 0.30> <CoreInst = "Sel">   --->   Core 73 'Sel' <Latency = 0> <II = 1> <Delay = 0.30> <FuncUnit> <Opcode : 'select'> <InPorts = 3> <OutPorts = 1>
ST_3 : Operation 72 [1/1] (0.00ns)   --->   "%zext_ln225_1 = zext i10 %p_Result_12" [/home/ayvol/accelerator_wrapper/src/nnet_utils/nnet_activation_stream.h:225]   --->   Operation 72 'zext' 'zext_ln225_1' <Predicate = true> <Delay = 0.00>
ST_3 : Operation 73 [1/1] (0.00ns)   --->   "%exp_table_addr_1 = getelementptr i18 %exp_table, i64 0, i64 %zext_ln225_1" [/home/ayvol/accelerator_wrapper/src/nnet_utils/nnet_activation_stream.h:225]   --->   Operation 73 'getelementptr' 'exp_table_addr_1' <Predicate = true> <Delay = 0.00>
ST_3 : Operation 74 [2/2] (1.20ns)   --->   "%r_V_1 = load i10 %exp_table_addr_1" [/home/ayvol/accelerator_wrapper/src/nnet_utils/nnet_activation_stream.h:225]   --->   Operation 74 'load' 'r_V_1' <Predicate = true> <Delay = 1.20> <CoreInst = "ROM">   --->   Core 101 'ROM' <Latency = 1> <II = 1> <Delay = 1.20> <Storage> <Opcode : 'load'> <Ports = 0> <Width = 18> <Depth = 1024> <ROM>
ST_3 : Operation 75 [1/1] (0.00ns) (grouped into LUT with out node p_Result_13)   --->   "%select_ln346_2 = select i1 %overflow_2, i10 511, i10 512"   --->   Operation 75 'select' 'select_ln346_2' <Predicate = true> <Delay = 0.00> <CoreInst = "Sel">   --->   Core 73 'Sel' <Latency = 0> <II = 1> <Delay = 0.30> <FuncUnit> <Opcode : 'select'> <InPorts = 3> <OutPorts = 1>
ST_3 : Operation 76 [1/1] (0.00ns) (grouped into LUT with out node p_Result_13)   --->   "%tmp_5 = partselect i10 @_ssdm_op_PartSelect.i10.i17.i32.i32, i17 %ret_V_2, i32 6, i32 15"   --->   Operation 76 'partselect' 'tmp_5' <Predicate = true> <Delay = 0.00>
ST_3 : Operation 77 [1/1] (0.30ns) (out node of the LUT)   --->   "%p_Result_13 = select i1 %xor_ln302_2, i10 %select_ln346_2, i10 %tmp_5"   --->   Operation 77 'select' 'p_Result_13' <Predicate = true> <Delay = 0.30> <CoreInst = "Sel">   --->   Core 73 'Sel' <Latency = 0> <II = 1> <Delay = 0.30> <FuncUnit> <Opcode : 'select'> <InPorts = 3> <OutPorts = 1>
ST_3 : Operation 78 [1/1] (0.00ns)   --->   "%zext_ln225_2 = zext i10 %p_Result_13" [/home/ayvol/accelerator_wrapper/src/nnet_utils/nnet_activation_stream.h:225]   --->   Operation 78 'zext' 'zext_ln225_2' <Predicate = true> <Delay = 0.00>
ST_3 : Operation 79 [1/1] (0.00ns)   --->   "%exp_table_addr_2 = getelementptr i18 %exp_table, i64 0, i64 %zext_ln225_2" [/home/ayvol/accelerator_wrapper/src/nnet_utils/nnet_activation_stream.h:225]   --->   Operation 79 'getelementptr' 'exp_table_addr_2' <Predicate = true> <Delay = 0.00>
ST_3 : Operation 80 [2/2] (1.20ns)   --->   "%r_V_2 = load i10 %exp_table_addr_2" [/home/ayvol/accelerator_wrapper/src/nnet_utils/nnet_activation_stream.h:225]   --->   Operation 80 'load' 'r_V_2' <Predicate = true> <Delay = 1.20> <CoreInst = "ROM">   --->   Core 101 'ROM' <Latency = 1> <II = 1> <Delay = 1.20> <Storage> <Opcode : 'load'> <Ports = 0> <Width = 18> <Depth = 1024> <ROM>
ST_3 : Operation 81 [1/1] (0.00ns) (grouped into LUT with out node p_Result_14)   --->   "%select_ln346_3 = select i1 %overflow_3, i10 511, i10 512"   --->   Operation 81 'select' 'select_ln346_3' <Predicate = true> <Delay = 0.00> <CoreInst = "Sel">   --->   Core 73 'Sel' <Latency = 0> <II = 1> <Delay = 0.30> <FuncUnit> <Opcode : 'select'> <InPorts = 3> <OutPorts = 1>
ST_3 : Operation 82 [1/1] (0.00ns) (grouped into LUT with out node p_Result_14)   --->   "%tmp_6 = partselect i10 @_ssdm_op_PartSelect.i10.i17.i32.i32, i17 %ret_V_3, i32 6, i32 15"   --->   Operation 82 'partselect' 'tmp_6' <Predicate = true> <Delay = 0.00>
ST_3 : Operation 83 [1/1] (0.30ns) (out node of the LUT)   --->   "%p_Result_14 = select i1 %xor_ln302_3, i10 %select_ln346_3, i10 %tmp_6"   --->   Operation 83 'select' 'p_Result_14' <Predicate = true> <Delay = 0.30> <CoreInst = "Sel">   --->   Core 73 'Sel' <Latency = 0> <II = 1> <Delay = 0.30> <FuncUnit> <Opcode : 'select'> <InPorts = 3> <OutPorts = 1>
ST_3 : Operation 84 [1/1] (0.00ns)   --->   "%zext_ln225_3 = zext i10 %p_Result_14" [/home/ayvol/accelerator_wrapper/src/nnet_utils/nnet_activation_stream.h:225]   --->   Operation 84 'zext' 'zext_ln225_3' <Predicate = true> <Delay = 0.00>
ST_3 : Operation 85 [1/1] (0.00ns)   --->   "%exp_table_addr_3 = getelementptr i18 %exp_table, i64 0, i64 %zext_ln225_3" [/home/ayvol/accelerator_wrapper/src/nnet_utils/nnet_activation_stream.h:225]   --->   Operation 85 'getelementptr' 'exp_table_addr_3' <Predicate = true> <Delay = 0.00>
ST_3 : Operation 86 [2/2] (1.20ns)   --->   "%r_V_3 = load i10 %exp_table_addr_3" [/home/ayvol/accelerator_wrapper/src/nnet_utils/nnet_activation_stream.h:225]   --->   Operation 86 'load' 'r_V_3' <Predicate = true> <Delay = 1.20> <CoreInst = "ROM">   --->   Core 101 'ROM' <Latency = 1> <II = 1> <Delay = 1.20> <Storage> <Opcode : 'load'> <Ports = 0> <Width = 18> <Depth = 1024> <ROM>
ST_3 : Operation 87 [1/1] (0.00ns) (grouped into LUT with out node p_Result_15)   --->   "%select_ln346_4 = select i1 %overflow_4, i10 511, i10 512"   --->   Operation 87 'select' 'select_ln346_4' <Predicate = true> <Delay = 0.00> <CoreInst = "Sel">   --->   Core 73 'Sel' <Latency = 0> <II = 1> <Delay = 0.30> <FuncUnit> <Opcode : 'select'> <InPorts = 3> <OutPorts = 1>
ST_3 : Operation 88 [1/1] (0.00ns) (grouped into LUT with out node p_Result_15)   --->   "%tmp_7 = partselect i10 @_ssdm_op_PartSelect.i10.i17.i32.i32, i17 %ret_V_4, i32 6, i32 15"   --->   Operation 88 'partselect' 'tmp_7' <Predicate = true> <Delay = 0.00>
ST_3 : Operation 89 [1/1] (0.30ns) (out node of the LUT)   --->   "%p_Result_15 = select i1 %xor_ln302_4, i10 %select_ln346_4, i10 %tmp_7"   --->   Operation 89 'select' 'p_Result_15' <Predicate = true> <Delay = 0.30> <CoreInst = "Sel">   --->   Core 73 'Sel' <Latency = 0> <II = 1> <Delay = 0.30> <FuncUnit> <Opcode : 'select'> <InPorts = 3> <OutPorts = 1>
ST_3 : Operation 90 [1/1] (0.00ns)   --->   "%zext_ln225_4 = zext i10 %p_Result_15" [/home/ayvol/accelerator_wrapper/src/nnet_utils/nnet_activation_stream.h:225]   --->   Operation 90 'zext' 'zext_ln225_4' <Predicate = true> <Delay = 0.00>
ST_3 : Operation 91 [1/1] (0.00ns)   --->   "%exp_table_addr_4 = getelementptr i18 %exp_table, i64 0, i64 %zext_ln225_4" [/home/ayvol/accelerator_wrapper/src/nnet_utils/nnet_activation_stream.h:225]   --->   Operation 91 'getelementptr' 'exp_table_addr_4' <Predicate = true> <Delay = 0.00>
ST_3 : Operation 92 [2/2] (1.20ns)   --->   "%r_V_4 = load i10 %exp_table_addr_4" [/home/ayvol/accelerator_wrapper/src/nnet_utils/nnet_activation_stream.h:225]   --->   Operation 92 'load' 'r_V_4' <Predicate = true> <Delay = 1.20> <CoreInst = "ROM">   --->   Core 101 'ROM' <Latency = 1> <II = 1> <Delay = 1.20> <Storage> <Opcode : 'load'> <Ports = 0> <Width = 18> <Depth = 1024> <ROM>

State 4 <SV = 3> <Delay = 1.88>
ST_4 : Operation 93 [1/2] (1.20ns)   --->   "%r_V = load i10 %exp_table_addr" [/home/ayvol/accelerator_wrapper/src/nnet_utils/nnet_activation_stream.h:225]   --->   Operation 93 'load' 'r_V' <Predicate = true> <Delay = 1.20> <CoreInst = "ROM">   --->   Core 101 'ROM' <Latency = 1> <II = 1> <Delay = 1.20> <Storage> <Opcode : 'load'> <Ports = 0> <Width = 18> <Depth = 1024> <ROM>
ST_4 : Operation 94 [1/2] (1.20ns)   --->   "%r_V_1 = load i10 %exp_table_addr_1" [/home/ayvol/accelerator_wrapper/src/nnet_utils/nnet_activation_stream.h:225]   --->   Operation 94 'load' 'r_V_1' <Predicate = true> <Delay = 1.20> <CoreInst = "ROM">   --->   Core 101 'ROM' <Latency = 1> <II = 1> <Delay = 1.20> <Storage> <Opcode : 'load'> <Ports = 0> <Width = 18> <Depth = 1024> <ROM>
ST_4 : Operation 95 [1/2] (1.20ns)   --->   "%r_V_2 = load i10 %exp_table_addr_2" [/home/ayvol/accelerator_wrapper/src/nnet_utils/nnet_activation_stream.h:225]   --->   Operation 95 'load' 'r_V_2' <Predicate = true> <Delay = 1.20> <CoreInst = "ROM">   --->   Core 101 'ROM' <Latency = 1> <II = 1> <Delay = 1.20> <Storage> <Opcode : 'load'> <Ports = 0> <Width = 18> <Depth = 1024> <ROM>
ST_4 : Operation 96 [1/2] (1.20ns)   --->   "%r_V_3 = load i10 %exp_table_addr_3" [/home/ayvol/accelerator_wrapper/src/nnet_utils/nnet_activation_stream.h:225]   --->   Operation 96 'load' 'r_V_3' <Predicate = true> <Delay = 1.20> <CoreInst = "ROM">   --->   Core 101 'ROM' <Latency = 1> <II = 1> <Delay = 1.20> <Storage> <Opcode : 'load'> <Ports = 0> <Width = 18> <Depth = 1024> <ROM>
ST_4 : Operation 97 [1/2] (1.20ns)   --->   "%r_V_4 = load i10 %exp_table_addr_4" [/home/ayvol/accelerator_wrapper/src/nnet_utils/nnet_activation_stream.h:225]   --->   Operation 97 'load' 'r_V_4' <Predicate = true> <Delay = 1.20> <CoreInst = "ROM">   --->   Core 101 'ROM' <Latency = 1> <II = 1> <Delay = 1.20> <Storage> <Opcode : 'load'> <Ports = 0> <Width = 18> <Depth = 1024> <ROM>
ST_4 : Operation 98 [1/1] (0.00ns) (grouped into TernaryAdder)   --->   "%add_ln813_1 = add i18 %r_V_3, i18 %r_V_4"   --->   Operation 98 'add' 'add_ln813_1' <Predicate = true> <Delay = 0.00> <CoreInst = "TAddSub">   --->   Core 10 'TAddSub' <Latency = 0> <II = 1> <Delay = 0.34> <IPBlock> <Opcode : 'add' 'sub'> <InPorts = 3> <OutPorts = 1> <Sync> <CReg>
ST_4 : Operation 99 [1/1] (0.68ns) (root node of TernaryAdder)   --->   "%add_ln813_2 = add i18 %add_ln813_1, i18 %r_V_2"   --->   Operation 99 'add' 'add_ln813_2' <Predicate = true> <Delay = 0.68> <CoreInst = "TAddSub">   --->   Core 10 'TAddSub' <Latency = 0> <II = 1> <Delay = 0.34> <IPBlock> <Opcode : 'add' 'sub'> <InPorts = 3> <OutPorts = 1> <Sync> <CReg>

State 5 <SV = 4> <Delay = 1.88>
ST_5 : Operation 100 [1/1] (0.00ns) (grouped into TernaryAdder)   --->   "%add_ln813 = add i18 %r_V_1, i18 %r_V"   --->   Operation 100 'add' 'add_ln813' <Predicate = true> <Delay = 0.00> <CoreInst = "TAddSub">   --->   Core 10 'TAddSub' <Latency = 0> <II = 1> <Delay = 0.34> <IPBlock> <Opcode : 'add' 'sub'> <InPorts = 3> <OutPorts = 1> <Sync> <CReg>
ST_5 : Operation 101 [1/1] (0.68ns) (root node of TernaryAdder)   --->   "%exp_sum_V = add i18 %add_ln813_2, i18 %add_ln813"   --->   Operation 101 'add' 'exp_sum_V' <Predicate = true> <Delay = 0.68> <CoreInst = "TAddSub">   --->   Core 10 'TAddSub' <Latency = 0> <II = 1> <Delay = 0.34> <IPBlock> <Opcode : 'add' 'sub'> <InPorts = 3> <OutPorts = 1> <Sync> <CReg>
ST_5 : Operation 102 [1/1] (0.00ns)   --->   "%p_Result_5 = partselect i10 @_ssdm_op_PartSelect.i10.i18.i32.i32, i18 %exp_sum_V, i32 8, i32 17"   --->   Operation 102 'partselect' 'p_Result_5' <Predicate = true> <Delay = 0.00>
ST_5 : Operation 103 [1/1] (0.00ns)   --->   "%zext_ln235 = zext i10 %p_Result_5" [/home/ayvol/accelerator_wrapper/src/nnet_utils/nnet_activation_stream.h:235]   --->   Operation 103 'zext' 'zext_ln235' <Predicate = true> <Delay = 0.00>
ST_5 : Operation 104 [1/1] (0.00ns)   --->   "%invert_table_addr = getelementptr i18 %invert_table, i64 0, i64 %zext_ln235" [/home/ayvol/accelerator_wrapper/src/nnet_utils/nnet_activation_stream.h:235]   --->   Operation 104 'getelementptr' 'invert_table_addr' <Predicate = true> <Delay = 0.00>
ST_5 : Operation 105 [2/2] (1.20ns)   --->   "%inv_exp_sum_V = load i10 %invert_table_addr" [/home/ayvol/accelerator_wrapper/src/nnet_utils/nnet_activation_stream.h:235]   --->   Operation 105 'load' 'inv_exp_sum_V' <Predicate = true> <Delay = 1.20> <CoreInst = "ROM">   --->   Core 101 'ROM' <Latency = 1> <II = 1> <Delay = 1.20> <Storage> <Opcode : 'load'> <Ports = 0> <Width = 18> <Depth = 1024> <ROM>

State 6 <SV = 5> <Delay = 1.20>
ST_6 : Operation 106 [1/2] (1.20ns)   --->   "%inv_exp_sum_V = load i10 %invert_table_addr" [/home/ayvol/accelerator_wrapper/src/nnet_utils/nnet_activation_stream.h:235]   --->   Operation 106 'load' 'inv_exp_sum_V' <Predicate = true> <Delay = 1.20> <CoreInst = "ROM">   --->   Core 101 'ROM' <Latency = 1> <II = 1> <Delay = 1.20> <Storage> <Opcode : 'load'> <Ports = 0> <Width = 18> <Depth = 1024> <ROM>

State 7 <SV = 6> <Delay = 2.03>
ST_7 : Operation 107 [1/1] (0.00ns)   --->   "%sext_ln1273 = sext i18 %inv_exp_sum_V"   --->   Operation 107 'sext' 'sext_ln1273' <Predicate = true> <Delay = 0.00>
ST_7 : Operation 108 [1/1] (0.00ns)   --->   "%sext_ln1273_1 = sext i18 %r_V"   --->   Operation 108 'sext' 'sext_ln1273_1' <Predicate = true> <Delay = 0.00>
ST_7 : Operation 109 [1/1] (2.03ns)   --->   "%mul_ln1270 = mul i30 %sext_ln1273, i30 %sext_ln1273_1"   --->   Operation 109 'mul' 'mul_ln1270' <Predicate = true> <Delay = 2.03> <CoreInst = "Multiplier">   --->   Core 3 'Multiplier' <Latency = 0> <II = 1> <Delay = 2.03> <FuncUnit> <Opcode : 'mul'> <InPorts = 2> <OutPorts = 1>
ST_7 : Operation 110 [1/1] (0.00ns)   --->   "%trunc_ln2 = partselect i16 @_ssdm_op_PartSelect.i16.i30.i32.i32, i30 %mul_ln1270, i32 14, i32 29"   --->   Operation 110 'partselect' 'trunc_ln2' <Predicate = true> <Delay = 0.00>
ST_7 : Operation 111 [1/1] (0.00ns)   --->   "%sext_ln1273_2 = sext i18 %r_V_1"   --->   Operation 111 'sext' 'sext_ln1273_2' <Predicate = true> <Delay = 0.00>
ST_7 : Operation 112 [1/1] (2.03ns)   --->   "%mul_ln1270_1 = mul i30 %sext_ln1273, i30 %sext_ln1273_2"   --->   Operation 112 'mul' 'mul_ln1270_1' <Predicate = true> <Delay = 2.03> <CoreInst = "Multiplier">   --->   Core 3 'Multiplier' <Latency = 0> <II = 1> <Delay = 2.03> <FuncUnit> <Opcode : 'mul'> <InPorts = 2> <OutPorts = 1>
ST_7 : Operation 113 [1/1] (0.00ns)   --->   "%sext_ln1273_3 = sext i18 %r_V_2"   --->   Operation 113 'sext' 'sext_ln1273_3' <Predicate = true> <Delay = 0.00>
ST_7 : Operation 114 [1/1] (2.03ns)   --->   "%mul_ln1270_2 = mul i30 %sext_ln1273, i30 %sext_ln1273_3"   --->   Operation 114 'mul' 'mul_ln1270_2' <Predicate = true> <Delay = 2.03> <CoreInst = "Multiplier">   --->   Core 3 'Multiplier' <Latency = 0> <II = 1> <Delay = 2.03> <FuncUnit> <Opcode : 'mul'> <InPorts = 2> <OutPorts = 1>
ST_7 : Operation 115 [1/1] (0.00ns)   --->   "%sext_ln1273_4 = sext i18 %r_V_3"   --->   Operation 115 'sext' 'sext_ln1273_4' <Predicate = true> <Delay = 0.00>
ST_7 : Operation 116 [1/1] (2.03ns)   --->   "%mul_ln1270_3 = mul i30 %sext_ln1273, i30 %sext_ln1273_4"   --->   Operation 116 'mul' 'mul_ln1270_3' <Predicate = true> <Delay = 2.03> <CoreInst = "Multiplier">   --->   Core 3 'Multiplier' <Latency = 0> <II = 1> <Delay = 2.03> <FuncUnit> <Opcode : 'mul'> <InPorts = 2> <OutPorts = 1>
ST_7 : Operation 117 [1/1] (0.00ns)   --->   "%trunc_ln818_1 = partselect i16 @_ssdm_op_PartSelect.i16.i30.i32.i32, i30 %mul_ln1270_3, i32 14, i32 29"   --->   Operation 117 'partselect' 'trunc_ln818_1' <Predicate = true> <Delay = 0.00>
ST_7 : Operation 118 [1/1] (0.00ns)   --->   "%sext_ln1273_5 = sext i18 %r_V_4"   --->   Operation 118 'sext' 'sext_ln1273_5' <Predicate = true> <Delay = 0.00>
ST_7 : Operation 119 [1/1] (2.03ns)   --->   "%mul_ln1270_4 = mul i30 %sext_ln1273, i30 %sext_ln1273_5"   --->   Operation 119 'mul' 'mul_ln1270_4' <Predicate = true> <Delay = 2.03> <CoreInst = "Multiplier">   --->   Core 3 'Multiplier' <Latency = 0> <II = 1> <Delay = 2.03> <FuncUnit> <Opcode : 'mul'> <InPorts = 2> <OutPorts = 1>
ST_7 : Operation 120 [1/1] (0.00ns)   --->   "%trunc_ln818_2 = partselect i16 @_ssdm_op_PartSelect.i16.i30.i32.i32, i30 %mul_ln1270_4, i32 14, i32 29"   --->   Operation 120 'partselect' 'trunc_ln818_2' <Predicate = true> <Delay = 0.00>
ST_7 : Operation 121 [1/1] (0.00ns)   --->   "%tmp_1 = partselect i16 @_ssdm_op_PartSelect.i16.i30.i32.i32, i30 %mul_ln1270_2, i32 14, i32 29" [/home/ayvol/accelerator_wrapper/src/nnet_utils/nnet_activation_stream.h:246]   --->   Operation 121 'partselect' 'tmp_1' <Predicate = true> <Delay = 0.00>
ST_7 : Operation 122 [1/1] (0.00ns)   --->   "%tmp_2 = partselect i16 @_ssdm_op_PartSelect.i16.i30.i32.i32, i30 %mul_ln1270_1, i32 14, i32 29" [/home/ayvol/accelerator_wrapper/src/nnet_utils/nnet_activation_stream.h:246]   --->   Operation 122 'partselect' 'tmp_2' <Predicate = true> <Delay = 0.00>

State 8 <SV = 7> <Delay = 1.21>
ST_8 : Operation 123 [1/1] (0.00ns)   --->   "%specinterface_ln0 = specinterface void @_ssdm_op_SpecInterface, i80 %output_r, void @empty_20, i32 0, i32 0, void @empty_18, i32 0, i32 0, void @empty_18, void @empty_18, void @empty_18, i32 0, i32 0, i32 0, i32 0, void @empty_18, void @empty_18, i32 4294967295, i32 0"   --->   Operation 123 'specinterface' 'specinterface_ln0' <Predicate = true> <Delay = 0.00>
ST_8 : Operation 124 [1/1] (0.00ns)   --->   "%specinterface_ln0 = specinterface void @_ssdm_op_SpecInterface, i80 %layer11_out, void @empty_20, i32 0, i32 0, void @empty_18, i32 0, i32 0, void @empty_18, void @empty_18, void @empty_18, i32 0, i32 0, i32 0, i32 0, void @empty_18, void @empty_18, i32 4294967295, i32 0"   --->   Operation 124 'specinterface' 'specinterface_ln0' <Predicate = true> <Delay = 0.00>
ST_8 : Operation 125 [1/1] (0.00ns)   --->   "%rbegin1 = specregionbegin i32 @_ssdm_op_SpecRegionBegin, void @empty_14" [/home/ayvol/accelerator_wrapper/src/nnet_utils/nnet_activation_stream.h:241]   --->   Operation 125 'specregionbegin' 'rbegin1' <Predicate = true> <Delay = 0.00>
ST_8 : Operation 126 [1/1] (0.00ns)   --->   "%specresourcelimit_ln245 = specresourcelimit void @_ssdm_op_SpecResourceLimit, i64 5, void @empty_19, void @empty_18, void @empty_18, void @empty_18" [/home/ayvol/accelerator_wrapper/src/nnet_utils/nnet_activation_stream.h:245]   --->   Operation 126 'specresourcelimit' 'specresourcelimit_ln245' <Predicate = true> <Delay = 0.00>
ST_8 : Operation 127 [1/1] (0.00ns)   --->   "%rend20 = specregionend i32 @_ssdm_op_SpecRegionEnd, void @empty_14, i32 %rbegin1" [/home/ayvol/accelerator_wrapper/src/nnet_utils/nnet_activation_stream.h:245]   --->   Operation 127 'specregionend' 'rend20' <Predicate = true> <Delay = 0.00>
ST_8 : Operation 128 [1/1] (0.00ns)   --->   "%rbegin2 = specregionbegin i32 @_ssdm_op_SpecRegionBegin, void @empty_15" [/home/ayvol/accelerator_wrapper/src/nnet_utils/nnet_activation_stream.h:241]   --->   Operation 128 'specregionbegin' 'rbegin2' <Predicate = true> <Delay = 0.00>
ST_8 : Operation 129 [1/1] (0.00ns)   --->   "%specresourcelimit_ln245 = specresourcelimit void @_ssdm_op_SpecResourceLimit, i64 5, void @empty_19, void @empty_18, void @empty_18, void @empty_18" [/home/ayvol/accelerator_wrapper/src/nnet_utils/nnet_activation_stream.h:245]   --->   Operation 129 'specresourcelimit' 'specresourcelimit_ln245' <Predicate = true> <Delay = 0.00>
ST_8 : Operation 130 [1/1] (0.00ns)   --->   "%rend18 = specregionend i32 @_ssdm_op_SpecRegionEnd, void @empty_15, i32 %rbegin2" [/home/ayvol/accelerator_wrapper/src/nnet_utils/nnet_activation_stream.h:245]   --->   Operation 130 'specregionend' 'rend18' <Predicate = true> <Delay = 0.00>
ST_8 : Operation 131 [1/1] (0.00ns)   --->   "%rbegin3 = specregionbegin i32 @_ssdm_op_SpecRegionBegin, void @empty_16" [/home/ayvol/accelerator_wrapper/src/nnet_utils/nnet_activation_stream.h:241]   --->   Operation 131 'specregionbegin' 'rbegin3' <Predicate = true> <Delay = 0.00>
ST_8 : Operation 132 [1/1] (0.00ns)   --->   "%specresourcelimit_ln245 = specresourcelimit void @_ssdm_op_SpecResourceLimit, i64 5, void @empty_19, void @empty_18, void @empty_18, void @empty_18" [/home/ayvol/accelerator_wrapper/src/nnet_utils/nnet_activation_stream.h:245]   --->   Operation 132 'specresourcelimit' 'specresourcelimit_ln245' <Predicate = true> <Delay = 0.00>
ST_8 : Operation 133 [1/1] (0.00ns)   --->   "%rend16 = specregionend i32 @_ssdm_op_SpecRegionEnd, void @empty_16, i32 %rbegin3" [/home/ayvol/accelerator_wrapper/src/nnet_utils/nnet_activation_stream.h:245]   --->   Operation 133 'specregionend' 'rend16' <Predicate = true> <Delay = 0.00>
ST_8 : Operation 134 [1/1] (0.00ns)   --->   "%rbegin4 = specregionbegin i32 @_ssdm_op_SpecRegionBegin, void @empty_17" [/home/ayvol/accelerator_wrapper/src/nnet_utils/nnet_activation_stream.h:241]   --->   Operation 134 'specregionbegin' 'rbegin4' <Predicate = true> <Delay = 0.00>
ST_8 : Operation 135 [1/1] (0.00ns)   --->   "%specresourcelimit_ln245 = specresourcelimit void @_ssdm_op_SpecResourceLimit, i64 5, void @empty_19, void @empty_18, void @empty_18, void @empty_18" [/home/ayvol/accelerator_wrapper/src/nnet_utils/nnet_activation_stream.h:245]   --->   Operation 135 'specresourcelimit' 'specresourcelimit_ln245' <Predicate = true> <Delay = 0.00>
ST_8 : Operation 136 [1/1] (0.00ns)   --->   "%rend14 = specregionend i32 @_ssdm_op_SpecRegionEnd, void @empty_17, i32 %rbegin4" [/home/ayvol/accelerator_wrapper/src/nnet_utils/nnet_activation_stream.h:245]   --->   Operation 136 'specregionend' 'rend14' <Predicate = true> <Delay = 0.00>
ST_8 : Operation 137 [1/1] (0.00ns)   --->   "%rbegin = specregionbegin i32 @_ssdm_op_SpecRegionBegin, void @empty_9" [/home/ayvol/accelerator_wrapper/src/nnet_utils/nnet_activation_stream.h:241]   --->   Operation 137 'specregionbegin' 'rbegin' <Predicate = true> <Delay = 0.00>
ST_8 : Operation 138 [1/1] (0.00ns)   --->   "%specresourcelimit_ln245 = specresourcelimit void @_ssdm_op_SpecResourceLimit, i64 5, void @empty_19, void @empty_18, void @empty_18, void @empty_18" [/home/ayvol/accelerator_wrapper/src/nnet_utils/nnet_activation_stream.h:245]   --->   Operation 138 'specresourcelimit' 'specresourcelimit_ln245' <Predicate = true> <Delay = 0.00>
ST_8 : Operation 139 [1/1] (0.00ns)   --->   "%rend = specregionend i32 @_ssdm_op_SpecRegionEnd, void @empty_9, i32 %rbegin" [/home/ayvol/accelerator_wrapper/src/nnet_utils/nnet_activation_stream.h:245]   --->   Operation 139 'specregionend' 'rend' <Predicate = true> <Delay = 0.00>
ST_8 : Operation 140 [1/1] (0.00ns)   --->   "%p_0 = bitconcatenate i80 @_ssdm_op_BitConcatenate.i80.i16.i16.i16.i16.i16, i16 %trunc_ln818_2, i16 %trunc_ln818_1, i16 %tmp_1, i16 %tmp_2, i16 %trunc_ln2" [/home/ayvol/accelerator_wrapper/src/nnet_utils/nnet_activation_stream.h:246]   --->   Operation 140 'bitconcatenate' 'p_0' <Predicate = true> <Delay = 0.00>
ST_8 : Operation 141 [1/1] (1.21ns)   --->   "%write_ln246 = write void @_ssdm_op_Write.ap_fifo.volatile.i80P0A, i80 %output_r, i80 %p_0" [/home/ayvol/accelerator_wrapper/src/nnet_utils/nnet_activation_stream.h:246]   --->   Operation 141 'write' 'write_ln246' <Predicate = true> <Delay = 1.21> <CoreInst = "FIFO_SRL">   --->   Core 81 'FIFO_SRL' <Latency = 0> <II = 1> <Delay = 1.40> <Storage> <Opcode : 'read' 'write' 'nbread' 'nbwrite'> <Ports = 0> <Width = 80> <Depth = 1> <FIFO>
ST_8 : Operation 142 [1/1] (0.00ns)   --->   "%ret_ln248 = ret" [/home/ayvol/accelerator_wrapper/src/nnet_utils/nnet_activation_stream.h:248]   --->   Operation 142 'ret' 'ret_ln248' <Predicate = true> <Delay = 0.00>


============================================================
+ Verbose Summary: Timing violations
============================================================
Target clock period: 3.33ns, clock uncertainty: 0.9ns.

 <State 1>: 1.89ns
The critical path consists of the following:
	fifo read operation ('layer11_out_read', /home/ayvol/accelerator_wrapper/src/nnet_utils/nnet_activation_stream.h:199) on port 'layer11_out' (/home/ayvol/accelerator_wrapper/src/nnet_utils/nnet_activation_stream.h:199) [7]  (1.22 ns)
	'icmp' operation ('icmp_ln1651') [13]  (0.676 ns)

 <State 2>: 2.08ns
The critical path consists of the following:
	'xor' operation ('xor_ln1651') [14]  (0 ns)
	'select' operation ('select_ln65', /home/ayvol/accelerator_wrapper/src/nnet_utils/nnet_common.h:65) [15]  (0.243 ns)
	'icmp' operation ('icmp_ln1651_2') [19]  (0.676 ns)
	'xor' operation ('xor_ln1651_2') [20]  (0 ns)
	'select' operation ('select_ln65_2', /home/ayvol/accelerator_wrapper/src/nnet_utils/nnet_common.h:65) [21]  (0.243 ns)
	'icmp' operation ('icmp_ln1651_3') [22]  (0.676 ns)
	'xor' operation ('xor_ln1651_3') [23]  (0 ns)
	'select' operation ('x_max.V', /home/ayvol/accelerator_wrapper/src/nnet_utils/nnet_common.h:65) [24]  (0.243 ns)

 <State 3>: 2.29ns
The critical path consists of the following:
	'sub' operation ('ret.V') [27]  (0.785 ns)
	'xor' operation ('xor_ln302') [32]  (0 ns)
	'select' operation ('__Result__') [63]  (0.303 ns)
	'getelementptr' operation ('exp_table_addr', /home/ayvol/accelerator_wrapper/src/nnet_utils/nnet_activation_stream.h:225) [65]  (0 ns)
	'load' operation ('r.V', /home/ayvol/accelerator_wrapper/src/nnet_utils/nnet_activation_stream.h:225) on array 'exp_table' [66]  (1.2 ns)

 <State 4>: 1.88ns
The critical path consists of the following:
	'load' operation ('r.V', /home/ayvol/accelerator_wrapper/src/nnet_utils/nnet_activation_stream.h:225) on array 'exp_table' [78]  (1.2 ns)
	'add' operation ('add_ln813_2') [93]  (0.682 ns)

 <State 5>: 1.88ns
The critical path consists of the following:
	'add' operation ('add_ln813') [91]  (0 ns)
	'add' operation ('exp_sum.V') [94]  (0.682 ns)
	'getelementptr' operation ('invert_table_addr', /home/ayvol/accelerator_wrapper/src/nnet_utils/nnet_activation_stream.h:235) [97]  (0 ns)
	'load' operation ('inv_exp_sum.V', /home/ayvol/accelerator_wrapper/src/nnet_utils/nnet_activation_stream.h:235) on array 'invert_table' [98]  (1.2 ns)

 <State 6>: 1.2ns
The critical path consists of the following:
	'load' operation ('inv_exp_sum.V', /home/ayvol/accelerator_wrapper/src/nnet_utils/nnet_activation_stream.h:235) on array 'invert_table' [98]  (1.2 ns)

 <State 7>: 2.03ns
The critical path consists of the following:
	'mul' operation ('mul_ln1270') [102]  (2.03 ns)

 <State 8>: 1.22ns
The critical path consists of the following:
	fifo write operation ('write_ln246', /home/ayvol/accelerator_wrapper/src/nnet_utils/nnet_activation_stream.h:246) on port 'output_r' (/home/ayvol/accelerator_wrapper/src/nnet_utils/nnet_activation_stream.h:246) [131]  (1.22 ns)


============================================================
+ Verbose Summary: Binding
============================================================
N/A
* FSMD analyzer results:
  - Output states:
 - Input state : 
  - Chain level:
	State 1
	State 2
	State 3
	State 4
	State 5
	State 6
	State 7
	State 8


============================================================
+ Verbose Summary: Datapath Resource usage 
============================================================
N/A
