

================================================================
== Vitis HLS Report for 'VITIS_LOOP_65_4_proc_Pipeline_VITIS_LOOP_65_4'
================================================================
* Date:           Tue Jan 30 21:23:53 2024

* Version:        2022.2 (Build 3670227 on Oct 13 2022)
* Project:        alveo_hls4ml
* Solution:       solution (Vitis Kernel Flow Target)
* Product family: virtexuplus
* Target device:  xcu55c-fsvh2892-2L-e


================================================================
== Performance Estimates
================================================================
+ Timing: 
    * Summary: 
    +--------+---------+----------+------------+
    |  Clock |  Target | Estimated| Uncertainty|
    +--------+---------+----------+------------+
    |ap_clk  |  3.33 ns|  2.433 ns|     0.90 ns|
    +--------+---------+----------+------------+

+ Latency: 
    * Summary: 
    +---------+---------+-----------+-----------+-------+-------+---------+
    |  Latency (cycles) |   Latency (absolute)  |    Interval   | Pipeline|
    |   min   |   max   |    min    |    max    |  min  |  max  |   Type  |
    +---------+---------+-----------+-----------+-------+-------+---------+
    |    16387|    16387|  54.618 us|  54.618 us|  16387|  16387|       no|
    +---------+---------+-----------+-----------+-------+-------+---------+

    + Detail: 
        * Instance: 
        N/A

        * Loop: 
        +-------------------+---------+---------+----------+-----------+-----------+-------+----------+
        |                   |  Latency (cycles) | Iteration|  Initiation Interval  |  Trip |          |
        |     Loop Name     |   min   |   max   |  Latency |  achieved |   target  | Count | Pipelined|
        +-------------------+---------+---------+----------+-----------+-----------+-------+----------+
        |- VITIS_LOOP_65_4  |    16385|    16385|         3|          1|          1|  16384|       yes|
        +-------------------+---------+---------+----------+-----------+-----------+-------+----------+

============================================================
+ Verbose Summary: Synthesis Manager
============================================================
InlineROM: 1
ExposeGlobal: 0
============================================================
+ Verbose Summary: CDFG Model
============================================================
IsTopModel: 0
ResetActiveHigh: 1
IsCombinational: 0
IsDatapathOnly: 0
HasWiredReturn: 1
HasMFsm: 2
HasVarLatency: 1
IsPipeline: 0
IsRtlPipelined: 0
IsInstanceOverlapped: 0
IsDontTouch: 0
HasImplIP: 0
IsGatedGlobalClock: 0

+ Individual pipeline summary: 
  * Pipeline-0: initiation interval (II) = 1, depth = 3


============================================================
+ Verbose Summary: Schedule
============================================================
* Number of FSM states : 3
* Pipeline : 1
  Pipeline-0 : II = 1, D = 3, States = { 1 2 3 }
* Dataflow Pipeline: 0

* FSM state transitions: 
1 --> 2 
2 --> 3 
3 --> 

* FSM state operations: 

State 1 <SV = 0> <Delay = 1.24>
ST_1 : Operation 6 [1/1] (0.00ns)   --->   "%i = alloca i32 1"   --->   Operation 6 'alloca' 'i' <Predicate = true> <Delay = 0.00>
ST_1 : Operation 7 [1/1] (0.00ns)   --->   "%sext_ln65_read = read i63 @_ssdm_op_Read.ap_auto.i63, i63 %sext_ln65"   --->   Operation 7 'read' 'sext_ln65_read' <Predicate = true> <Delay = 0.00>
ST_1 : Operation 8 [1/1] (0.00ns)   --->   "%sext_ln65_cast = sext i63 %sext_ln65_read"   --->   Operation 8 'sext' 'sext_ln65_cast' <Predicate = true> <Delay = 0.00>
ST_1 : Operation 9 [1/1] (0.00ns)   --->   "%specinterface_ln0 = specinterface void @_ssdm_op_SpecInterface, i16 %gmem1, void @empty, i32 0, i32 0, void @empty_7, i32 64, i32 0, void @empty_2, void @empty_1, void @empty_7, i32 16, i32 16, i32 16, i32 16, void @empty_7, void @empty_7, i32 4294967295, i32 0"   --->   Operation 9 'specinterface' 'specinterface_ln0' <Predicate = true> <Delay = 0.00>
ST_1 : Operation 10 [1/1] (0.38ns)   --->   "%store_ln0 = store i15 0, i15 %i"   --->   Operation 10 'store' 'store_ln0' <Predicate = true> <Delay = 0.38>
ST_1 : Operation 11 [1/1] (0.00ns)   --->   "%br_ln0 = br void %for.cond47"   --->   Operation 11 'br' 'br_ln0' <Predicate = true> <Delay = 0.00>
ST_1 : Operation 12 [1/1] (0.00ns)   --->   "%i_1 = load i15 %i" [/home/ayvol/accelerator_wrapper/src/alveo_hls4ml.cpp:65]   --->   Operation 12 'load' 'i_1' <Predicate = true> <Delay = 0.00>
ST_1 : Operation 13 [1/1] (0.00ns)   --->   "%gmem1_addr = getelementptr i16 %gmem1, i64 %sext_ln65_cast" [/home/ayvol/accelerator_wrapper/src/alveo_hls4ml.cpp:65]   --->   Operation 13 'getelementptr' 'gmem1_addr' <Predicate = true> <Delay = 0.00>
ST_1 : Operation 14 [1/1] (0.66ns)   --->   "%icmp_ln65 = icmp_eq  i15 %i_1, i15 16384" [/home/ayvol/accelerator_wrapper/src/alveo_hls4ml.cpp:65]   --->   Operation 14 'icmp' 'icmp_ln65' <Predicate = true> <Delay = 0.66> <CoreInst = "Cmp">   --->   Core 9 'Cmp' <Latency = 0> <II = 1> <Delay = 0.66> <FuncUnit> <Opcode : 'icmp'> <InPorts = 2> <OutPorts = 1>
ST_1 : Operation 15 [1/1] (0.00ns)   --->   "%empty = speclooptripcount i32 @_ssdm_op_SpecLoopTripCount, i64 16384, i64 16384, i64 16384"   --->   Operation 15 'speclooptripcount' 'empty' <Predicate = true> <Delay = 0.00>
ST_1 : Operation 16 [1/1] (0.77ns)   --->   "%add_ln65 = add i15 %i_1, i15 1" [/home/ayvol/accelerator_wrapper/src/alveo_hls4ml.cpp:65]   --->   Operation 16 'add' 'add_ln65' <Predicate = true> <Delay = 0.77> <CoreInst = "Adder">   --->   Core 1 'Adder' <Latency = 0> <II = 1> <Delay = 0.77> <FuncUnit> <Opcode : 'add' 'sub'> <InPorts = 2> <OutPorts = 1>
ST_1 : Operation 17 [1/1] (0.00ns)   --->   "%br_ln65 = br i1 %icmp_ln65, void %for.inc64, void %for.end69.exitStub" [/home/ayvol/accelerator_wrapper/src/alveo_hls4ml.cpp:65]   --->   Operation 17 'br' 'br_ln65' <Predicate = true> <Delay = 0.00>
ST_1 : Operation 18 [1/1] (0.00ns)   --->   "%zext_ln65 = zext i15 %i_1" [/home/ayvol/accelerator_wrapper/src/alveo_hls4ml.cpp:65]   --->   Operation 18 'zext' 'zext_ln65' <Predicate = (!icmp_ln65)> <Delay = 0.00>
ST_1 : Operation 19 [1/1] (0.00ns)   --->   "%out_buf_V_addr = getelementptr i16 %out_buf_V, i64 0, i64 %zext_ln65" [/home/ayvol/accelerator_wrapper/src/alveo_hls4ml.cpp:69]   --->   Operation 19 'getelementptr' 'out_buf_V_addr' <Predicate = (!icmp_ln65)> <Delay = 0.00>
ST_1 : Operation 20 [2/2] (1.24ns)   --->   "%out_buf_V_load = load i14 %out_buf_V_addr" [/home/ayvol/accelerator_wrapper/src/alveo_hls4ml.cpp:69]   --->   Operation 20 'load' 'out_buf_V_load' <Predicate = (!icmp_ln65)> <Delay = 1.24> <CoreInst = "RAM">   --->   Core 83 'RAM' <Latency = 1> <II = 1> <Delay = 1.24> <Storage> <Opcode : 'load' 'store'> <Ports = 2> <Width = 16> <Depth = 16384> <RAM>
ST_1 : Operation 21 [1/1] (0.38ns)   --->   "%store_ln65 = store i15 %add_ln65, i15 %i" [/home/ayvol/accelerator_wrapper/src/alveo_hls4ml.cpp:65]   --->   Operation 21 'store' 'store_ln65' <Predicate = (!icmp_ln65)> <Delay = 0.38>

State 2 <SV = 1> <Delay = 1.24>
ST_2 : Operation 22 [1/2] (1.24ns)   --->   "%out_buf_V_load = load i14 %out_buf_V_addr" [/home/ayvol/accelerator_wrapper/src/alveo_hls4ml.cpp:69]   --->   Operation 22 'load' 'out_buf_V_load' <Predicate = true> <Delay = 1.24> <CoreInst = "RAM">   --->   Core 83 'RAM' <Latency = 1> <II = 1> <Delay = 1.24> <Storage> <Opcode : 'load' 'store'> <Ports = 2> <Width = 16> <Depth = 16384> <RAM>
ST_2 : Operation 27 [1/1] (0.00ns)   --->   "%ret_ln0 = ret"   --->   Operation 27 'ret' 'ret_ln0' <Predicate = (icmp_ln65)> <Delay = 0.00>

State 3 <SV = 2> <Delay = 2.43>
ST_3 : Operation 23 [1/1] (0.00ns)   --->   "%specpipeline_ln66 = specpipeline void @_ssdm_op_SpecPipeline, i32 4294967295, i32 0, i32 0, i32 0, void @empty_7" [/home/ayvol/accelerator_wrapper/src/alveo_hls4ml.cpp:66]   --->   Operation 23 'specpipeline' 'specpipeline_ln66' <Predicate = true> <Delay = 0.00>
ST_3 : Operation 24 [1/1] (0.00ns)   --->   "%specloopname_ln67 = specloopname void @_ssdm_op_SpecLoopName, void @empty_4" [/home/ayvol/accelerator_wrapper/src/alveo_hls4ml.cpp:67]   --->   Operation 24 'specloopname' 'specloopname_ln67' <Predicate = true> <Delay = 0.00>
ST_3 : Operation 25 [1/1] (2.43ns)   --->   "%write_ln69 = write void @_ssdm_op_Write.m_axi.p1i16, i16 %gmem1_addr, i16 %out_buf_V_load, i2 3" [/home/ayvol/accelerator_wrapper/src/alveo_hls4ml.cpp:69]   --->   Operation 25 'write' 'write_ln69' <Predicate = true> <Delay = 2.43> <CoreInst = "m_axi">   --->   Core 121 'm_axi' <Latency = 0> <II = 1> <Delay = 1.00> <Adapter> <Opcode : 'read' 'write' 'readreq' 'writereq' 'writeresp'>
ST_3 : Operation 26 [1/1] (0.00ns)   --->   "%br_ln65 = br void %for.cond47" [/home/ayvol/accelerator_wrapper/src/alveo_hls4ml.cpp:65]   --->   Operation 26 'br' 'br_ln65' <Predicate = true> <Delay = 0.00>


============================================================
+ Verbose Summary: Timing violations
============================================================
Target clock period: 3.33ns, clock uncertainty: 0.9ns.

 <State 1>: 1.25ns
The critical path consists of the following:
	'alloca' operation ('i') [4]  (0 ns)
	'load' operation ('i', /home/ayvol/accelerator_wrapper/src/alveo_hls4ml.cpp:65) on local variable 'i' [11]  (0 ns)
	'getelementptr' operation ('out_buf_V_addr', /home/ayvol/accelerator_wrapper/src/alveo_hls4ml.cpp:69) [21]  (0 ns)
	'load' operation ('out_buf_V_load', /home/ayvol/accelerator_wrapper/src/alveo_hls4ml.cpp:69) on array 'out_buf_V' [22]  (1.25 ns)

 <State 2>: 1.25ns
The critical path consists of the following:
	'load' operation ('out_buf_V_load', /home/ayvol/accelerator_wrapper/src/alveo_hls4ml.cpp:69) on array 'out_buf_V' [22]  (1.25 ns)

 <State 3>: 2.43ns
The critical path consists of the following:
	bus write operation ('write_ln69', /home/ayvol/accelerator_wrapper/src/alveo_hls4ml.cpp:69) on port 'gmem1' (/home/ayvol/accelerator_wrapper/src/alveo_hls4ml.cpp:69) [23]  (2.43 ns)


============================================================
+ Verbose Summary: Binding
============================================================
N/A
* FSMD analyzer results:
  - Output states:
 - Input state : 
  - Chain level:
	State 1
	State 2
	State 3


============================================================
+ Verbose Summary: Datapath Resource usage 
============================================================
N/A
