

================================================================
== Vitis HLS Report for 'write_result_Pipeline_VITIS_LOOP_23_1'
================================================================
* Date:           Sat Mar 16 03:52:50 2024

* Version:        2022.2 (Build 3670227 on Oct 13 2022)
* Project:        alveo_hls4ml
* Solution:       solution (Vitis Kernel Flow Target)
* Product family: virtexuplus
* Target device:  xcu55c-fsvh2892-2L-e


================================================================
== Performance Estimates
================================================================
+ Timing: 
    * Summary: 
    +--------+---------+----------+------------+
    |  Clock |  Target | Estimated| Uncertainty|
    +--------+---------+----------+------------+
    |ap_clk  |  3.33 ns|  2.433 ns|     0.90 ns|
    +--------+---------+----------+------------+

+ Latency: 
    * Summary: 
    +---------+---------+-----------+-----------+-------+-------+---------+
    |  Latency (cycles) |   Latency (absolute)  |    Interval   | Pipeline|
    |   min   |   max   |    min    |    max    |  min  |  max  |   Type  |
    +---------+---------+-----------+-----------+-------+-------+---------+
    |    16387|    16387|  54.618 us|  54.618 us|  16387|  16387|       no|
    +---------+---------+-----------+-----------+-------+-------+---------+

    + Detail: 
        * Instance: 
        N/A

        * Loop: 
        +-------------------+---------+---------+----------+-----------+-----------+-------+----------+
        |                   |  Latency (cycles) | Iteration|  Initiation Interval  |  Trip |          |
        |     Loop Name     |   min   |   max   |  Latency |  achieved |   target  | Count | Pipelined|
        +-------------------+---------+---------+----------+-----------+-----------+-------+----------+
        |- VITIS_LOOP_23_1  |    16385|    16385|         3|          1|          1|  16384|       yes|
        +-------------------+---------+---------+----------+-----------+-----------+-------+----------+

============================================================
+ Verbose Summary: Synthesis Manager
============================================================
InlineROM: 1
ExposeGlobal: 0
============================================================
+ Verbose Summary: CDFG Model
============================================================
IsTopModel: 0
ResetActiveHigh: 1
IsCombinational: 0
IsDatapathOnly: 0
HasWiredReturn: 1
HasMFsm: 2
HasVarLatency: 1
IsPipeline: 0
IsRtlPipelined: 0
IsInstanceOverlapped: 0
IsDontTouch: 0
HasImplIP: 0
IsGatedGlobalClock: 0

+ Individual pipeline summary: 
  * Pipeline-0: initiation interval (II) = 1, depth = 3


============================================================
+ Verbose Summary: Schedule
============================================================
* Number of FSM states : 3
* Pipeline : 1
  Pipeline-0 : II = 1, D = 3, States = { 1 2 3 }
* Dataflow Pipeline: 0

* FSM state transitions: 
1 --> 2 
2 --> 3 
3 --> 

* FSM state operations: 

State 1 <SV = 0> <Delay = 1.24>
ST_1 : Operation 6 [1/1] (0.00ns)   --->   "%phi_ln27 = alloca i32 1"   --->   Operation 6 'alloca' 'phi_ln27' <Predicate = true> <Delay = 0.00>
ST_1 : Operation 7 [1/1] (0.00ns)   --->   "%i = alloca i32 1"   --->   Operation 7 'alloca' 'i' <Predicate = true> <Delay = 0.00>
ST_1 : Operation 8 [1/1] (0.00ns)   --->   "%sext_ln23_read = read i58 @_ssdm_op_Read.ap_auto.i58, i58 %sext_ln23"   --->   Operation 8 'read' 'sext_ln23_read' <Predicate = true> <Delay = 0.00>
ST_1 : Operation 9 [1/1] (0.00ns)   --->   "%sext_ln23_cast = sext i58 %sext_ln23_read"   --->   Operation 9 'sext' 'sext_ln23_cast' <Predicate = true> <Delay = 0.00>
ST_1 : Operation 10 [1/1] (0.00ns)   --->   "%specinterface_ln0 = specinterface void @_ssdm_op_SpecInterface, i512 %gmem1, void @empty, i32 0, i32 0, void @empty_7, i32 64, i32 0, void @empty_2, void @empty_1, void @empty_7, i32 16, i32 16, i32 16, i32 16, void @empty_7, void @empty_7, i32 4294967295, i32 0"   --->   Operation 10 'specinterface' 'specinterface_ln0' <Predicate = true> <Delay = 0.00>
ST_1 : Operation 11 [1/1] (0.38ns)   --->   "%store_ln0 = store i15 0, i15 %i"   --->   Operation 11 'store' 'store_ln0' <Predicate = true> <Delay = 0.38>
ST_1 : Operation 12 [1/1] (0.38ns)   --->   "%store_ln0 = store i496 0, i496 %phi_ln27"   --->   Operation 12 'store' 'store_ln0' <Predicate = true> <Delay = 0.38>
ST_1 : Operation 13 [1/1] (0.00ns)   --->   "%br_ln0 = br void %for.inc"   --->   Operation 13 'br' 'br_ln0' <Predicate = true> <Delay = 0.00>
ST_1 : Operation 14 [1/1] (0.00ns)   --->   "%i_1 = load i15 %i" [/home/ayvol/accelerator_wrapper/src/alveo_hls4ml.cpp:23]   --->   Operation 14 'load' 'i_1' <Predicate = true> <Delay = 0.00>
ST_1 : Operation 15 [1/1] (0.66ns)   --->   "%icmp_ln23 = icmp_eq  i15 %i_1, i15 16384" [/home/ayvol/accelerator_wrapper/src/alveo_hls4ml.cpp:23]   --->   Operation 15 'icmp' 'icmp_ln23' <Predicate = true> <Delay = 0.66> <CoreInst = "Cmp">   --->   Core 9 'Cmp' <Latency = 0> <II = 1> <Delay = 0.66> <FuncUnit> <Opcode : 'icmp'> <InPorts = 2> <OutPorts = 1>
ST_1 : Operation 16 [1/1] (0.77ns)   --->   "%add_ln23 = add i15 %i_1, i15 1" [/home/ayvol/accelerator_wrapper/src/alveo_hls4ml.cpp:23]   --->   Operation 16 'add' 'add_ln23' <Predicate = true> <Delay = 0.77> <CoreInst = "Adder">   --->   Core 1 'Adder' <Latency = 0> <II = 1> <Delay = 0.77> <FuncUnit> <Opcode : 'add' 'sub'> <InPorts = 2> <OutPorts = 1>
ST_1 : Operation 17 [1/1] (0.00ns)   --->   "%br_ln23 = br i1 %icmp_ln23, void %for.inc.split, void %for.end11.exitStub" [/home/ayvol/accelerator_wrapper/src/alveo_hls4ml.cpp:23]   --->   Operation 17 'br' 'br_ln23' <Predicate = true> <Delay = 0.00>
ST_1 : Operation 18 [1/1] (0.00ns)   --->   "%zext_ln23 = zext i15 %i_1" [/home/ayvol/accelerator_wrapper/src/alveo_hls4ml.cpp:23]   --->   Operation 18 'zext' 'zext_ln23' <Predicate = (!icmp_ln23)> <Delay = 0.00>
ST_1 : Operation 19 [1/1] (0.00ns)   --->   "%trunc_ln23 = trunc i15 %i_1" [/home/ayvol/accelerator_wrapper/src/alveo_hls4ml.cpp:23]   --->   Operation 19 'trunc' 'trunc_ln23' <Predicate = (!icmp_ln23)> <Delay = 0.00>
ST_1 : Operation 20 [1/1] (0.00ns)   --->   "%out_buf_addr = getelementptr i16 %out_buf, i64 0, i64 %zext_ln23" [/home/ayvol/accelerator_wrapper/src/alveo_hls4ml.cpp:27]   --->   Operation 20 'getelementptr' 'out_buf_addr' <Predicate = (!icmp_ln23)> <Delay = 0.00>
ST_1 : Operation 21 [2/2] (1.24ns)   --->   "%out_buf_load = load i14 %out_buf_addr" [/home/ayvol/accelerator_wrapper/src/alveo_hls4ml.cpp:27]   --->   Operation 21 'load' 'out_buf_load' <Predicate = (!icmp_ln23)> <Delay = 1.24> <CoreInst = "RAM">   --->   Core 83 'RAM' <Latency = 1> <II = 1> <Delay = 1.24> <Storage> <Opcode : 'load' 'store'> <Ports = 2> <Width = 16> <Depth = 16384> <RAM>
ST_1 : Operation 22 [1/1] (0.63ns)   --->   "%icmp_ln27 = icmp_eq  i5 %trunc_ln23, i5 31" [/home/ayvol/accelerator_wrapper/src/alveo_hls4ml.cpp:27]   --->   Operation 22 'icmp' 'icmp_ln27' <Predicate = (!icmp_ln23)> <Delay = 0.63> <CoreInst = "Cmp">   --->   Core 9 'Cmp' <Latency = 0> <II = 1> <Delay = 0.63> <FuncUnit> <Opcode : 'icmp'> <InPorts = 2> <OutPorts = 1>
ST_1 : Operation 23 [1/1] (0.00ns)   --->   "%br_ln27 = br i1 %icmp_ln27, void %for.inc.split._crit_edge, void" [/home/ayvol/accelerator_wrapper/src/alveo_hls4ml.cpp:27]   --->   Operation 23 'br' 'br_ln27' <Predicate = (!icmp_ln23)> <Delay = 0.00>
ST_1 : Operation 24 [1/1] (0.38ns)   --->   "%store_ln23 = store i15 %add_ln23, i15 %i" [/home/ayvol/accelerator_wrapper/src/alveo_hls4ml.cpp:23]   --->   Operation 24 'store' 'store_ln23' <Predicate = (!icmp_ln23)> <Delay = 0.38>

State 2 <SV = 1> <Delay = 1.24>
ST_2 : Operation 25 [1/1] (0.00ns)   --->   "%gmem1_addr = getelementptr i512 %gmem1, i64 %sext_ln23_cast" [/home/ayvol/accelerator_wrapper/src/alveo_hls4ml.cpp:23]   --->   Operation 25 'getelementptr' 'gmem1_addr' <Predicate = true> <Delay = 0.00>
ST_2 : Operation 26 [1/1] (0.00ns)   --->   "%empty = speclooptripcount i32 @_ssdm_op_SpecLoopTripCount, i64 16384, i64 16384, i64 16384"   --->   Operation 26 'speclooptripcount' 'empty' <Predicate = true> <Delay = 0.00>
ST_2 : Operation 27 [1/2] (1.24ns)   --->   "%out_buf_load = load i14 %out_buf_addr" [/home/ayvol/accelerator_wrapper/src/alveo_hls4ml.cpp:27]   --->   Operation 27 'load' 'out_buf_load' <Predicate = (!icmp_ln23)> <Delay = 1.24> <CoreInst = "RAM">   --->   Core 83 'RAM' <Latency = 1> <II = 1> <Delay = 1.24> <Storage> <Opcode : 'load' 'store'> <Ports = 2> <Width = 16> <Depth = 16384> <RAM>
ST_2 : Operation 40 [1/1] (0.00ns)   --->   "%ret_ln0 = ret"   --->   Operation 40 'ret' 'ret_ln0' <Predicate = (icmp_ln23)> <Delay = 0.00>

State 3 <SV = 2> <Delay = 2.43>
ST_3 : Operation 28 [1/1] (0.00ns)   --->   "%phi_ln27_load_1 = load i496 %phi_ln27" [/home/ayvol/accelerator_wrapper/src/alveo_hls4ml.cpp:27]   --->   Operation 28 'load' 'phi_ln27_load_1' <Predicate = true> <Delay = 0.00>
ST_3 : Operation 29 [1/1] (0.00ns)   --->   "%specpipeline_ln24 = specpipeline void @_ssdm_op_SpecPipeline, i32 4294967295, i32 0, i32 0, i32 0, void @empty_7" [/home/ayvol/accelerator_wrapper/src/alveo_hls4ml.cpp:24]   --->   Operation 29 'specpipeline' 'specpipeline_ln24' <Predicate = true> <Delay = 0.00>
ST_3 : Operation 30 [1/1] (0.00ns)   --->   "%specloopname_ln23 = specloopname void @_ssdm_op_SpecLoopName, void @empty_6" [/home/ayvol/accelerator_wrapper/src/alveo_hls4ml.cpp:23]   --->   Operation 30 'specloopname' 'specloopname_ln23' <Predicate = true> <Delay = 0.00>
ST_3 : Operation 31 [1/1] (0.00ns)   --->   "%or_ln = bitconcatenate i512 @_ssdm_op_BitConcatenate.i512.i16.i496, i16 %out_buf_load, i496 %phi_ln27_load_1" [/home/ayvol/accelerator_wrapper/src/alveo_hls4ml.cpp:27]   --->   Operation 31 'bitconcatenate' 'or_ln' <Predicate = true> <Delay = 0.00>
ST_3 : Operation 32 [1/1] (2.43ns)   --->   "%write_ln27 = write void @_ssdm_op_Write.m_axi.p1i512, i512 %gmem1_addr, i512 %or_ln, i64 18446744073709551615" [/home/ayvol/accelerator_wrapper/src/alveo_hls4ml.cpp:27]   --->   Operation 32 'write' 'write_ln27' <Predicate = (icmp_ln27)> <Delay = 2.43> <CoreInst = "m_axi">   --->   Core 121 'm_axi' <Latency = 0> <II = 1> <Delay = 1.00> <Adapter> <Opcode : 'read' 'write' 'readreq' 'writereq' 'writeresp'>
ST_3 : Operation 33 [1/1] (0.00ns)   --->   "%br_ln27 = br void %for.inc.split._crit_edge" [/home/ayvol/accelerator_wrapper/src/alveo_hls4ml.cpp:27]   --->   Operation 33 'br' 'br_ln27' <Predicate = (icmp_ln27)> <Delay = 0.00>
ST_3 : Operation 34 [1/1] (0.00ns)   --->   "%phi_ln27_load = load i496 %phi_ln27" [/home/ayvol/accelerator_wrapper/src/alveo_hls4ml.cpp:23]   --->   Operation 34 'load' 'phi_ln27_load' <Predicate = (!icmp_ln27)> <Delay = 0.00>
ST_3 : Operation 35 [1/1] (0.00ns)   --->   "%tmp = partselect i480 @_ssdm_op_PartSelect.i480.i496.i32.i32, i496 %phi_ln27_load, i32 16, i32 495" [/home/ayvol/accelerator_wrapper/src/alveo_hls4ml.cpp:23]   --->   Operation 35 'partselect' 'tmp' <Predicate = (!icmp_ln27)> <Delay = 0.00>
ST_3 : Operation 36 [1/1] (0.00ns)   --->   "%tmp_1 = bitconcatenate i496 @_ssdm_op_BitConcatenate.i496.i16.i480, i16 %out_buf_load, i480 %tmp" [/home/ayvol/accelerator_wrapper/src/alveo_hls4ml.cpp:23]   --->   Operation 36 'bitconcatenate' 'tmp_1' <Predicate = (!icmp_ln27)> <Delay = 0.00>
ST_3 : Operation 37 [1/1] (0.55ns)   --->   "%select_ln27 = select i1 %icmp_ln27, i496 0, i496 %tmp_1" [/home/ayvol/accelerator_wrapper/src/alveo_hls4ml.cpp:27]   --->   Operation 37 'select' 'select_ln27' <Predicate = true> <Delay = 0.55> <CoreInst = "Sel">   --->   Core 73 'Sel' <Latency = 0> <II = 1> <Delay = 0.55> <FuncUnit> <Opcode : 'select'> <InPorts = 3> <OutPorts = 1>
ST_3 : Operation 38 [1/1] (0.38ns)   --->   "%store_ln23 = store i496 %select_ln27, i496 %phi_ln27" [/home/ayvol/accelerator_wrapper/src/alveo_hls4ml.cpp:23]   --->   Operation 38 'store' 'store_ln23' <Predicate = true> <Delay = 0.38>
ST_3 : Operation 39 [1/1] (0.00ns)   --->   "%br_ln23 = br void %for.inc" [/home/ayvol/accelerator_wrapper/src/alveo_hls4ml.cpp:23]   --->   Operation 39 'br' 'br_ln23' <Predicate = true> <Delay = 0.00>


============================================================
+ Verbose Summary: Binding
============================================================
STG Binding: 
---------------- STG Properties BEGIN ----------------
- Is combinational: 0
- Is one-state seq: 0
- Is datapath-only: 0
- Is pipelined: 0
- Is top level: 0
Port [ Return ] is wired: 1; IO mode=ap_ctrl_hs:ce=0
Port [ gmem1]:  wired=1; compound=1; hidden=0; nouse=0; global=0; static=0; extern=0; dir=1; type=4; pingpong=0; private_global=0; IO mode=m_axi:ce=0
Port [ sext_ln23]:  wired=1; compound=0; hidden=0; nouse=0; global=0; static=0; extern=0; dir=0; type=0; pingpong=0; private_global=0; IO mode=ap_none:ce=0
Port [ out_buf]:  wired=1; compound=1; hidden=0; nouse=0; global=0; static=0; extern=0; dir=0; type=1; pingpong=1; private_global=0; MemPort=[13]; IO mode=ap_memory:ce=0
---------------- STG Properties END ------------------

---------------- Datapath Model BEGIN ----------------

<LifeTime>
<method=bitvector/>
phi_ln27          (alloca           ) [ 0111]
i                 (alloca           ) [ 0100]
sext_ln23_read    (read             ) [ 0000]
sext_ln23_cast    (sext             ) [ 0110]
specinterface_ln0 (specinterface    ) [ 0000]
store_ln0         (store            ) [ 0000]
store_ln0         (store            ) [ 0000]
br_ln0            (br               ) [ 0000]
i_1               (load             ) [ 0000]
icmp_ln23         (icmp             ) [ 0110]
add_ln23          (add              ) [ 0000]
br_ln23           (br               ) [ 0000]
zext_ln23         (zext             ) [ 0000]
trunc_ln23        (trunc            ) [ 0000]
out_buf_addr      (getelementptr    ) [ 0110]
icmp_ln27         (icmp             ) [ 0111]
br_ln27           (br               ) [ 0000]
store_ln23        (store            ) [ 0000]
gmem1_addr        (getelementptr    ) [ 0101]
empty             (speclooptripcount) [ 0000]
out_buf_load      (load             ) [ 0101]
phi_ln27_load_1   (load             ) [ 0000]
specpipeline_ln24 (specpipeline     ) [ 0000]
specloopname_ln23 (specloopname     ) [ 0000]
or_ln             (bitconcatenate   ) [ 0000]
write_ln27        (write            ) [ 0000]
br_ln27           (br               ) [ 0000]
phi_ln27_load     (load             ) [ 0000]
tmp               (partselect       ) [ 0000]
tmp_1             (bitconcatenate   ) [ 0000]
select_ln27       (select           ) [ 0000]
store_ln23        (store            ) [ 0000]
br_ln23           (br               ) [ 0000]
ret_ln0           (ret              ) [ 0000]
</LifeTime>

<model>

<comp_list>
<comp id="0" class="1000" name="gmem1">
<pin_list>
<pin id="1" dir="1" index="0" bw="1" slack="0"/>
</pin_list>
<bind>
<StgValue><ssdm name="gmem1"/></StgValue>
</bind>
</comp>

<comp id="2" class="1000" name="sext_ln23">
<pin_list>
<pin id="3" dir="1" index="0" bw="1" slack="0"/>
</pin_list>
<bind>
<StgValue><ssdm name="sext_ln23"/></StgValue>
</bind>
</comp>

<comp id="4" class="1000" name="out_buf">
<pin_list>
<pin id="5" dir="1" index="0" bw="1" slack="0"/>
</pin_list>
<bind>
<StgValue><ssdm name="out_buf"/><MemPortTyVec>1 3 </MemPortTyVec>
</StgValue>
</bind>
</comp>

<comp id="6" class="1001" name="const_6">
<pin_list>
<pin id="7" dir="1" index="0" bw="1" slack="0"/>
</pin_list>
<bind>
<StgValue><ssdm name=""/></StgValue>
</bind>
</comp>

<comp id="8" class="1001" name="const_8">
<pin_list>
<pin id="9" dir="1" index="0" bw="1" slack="0"/>
</pin_list>
<bind>
<StgValue><ssdm name="_ssdm_op_Read.ap_auto.i58"/></StgValue>
</bind>
</comp>

<comp id="10" class="1001" name="const_10">
<pin_list>
<pin id="11" dir="1" index="0" bw="1" slack="2147483647"/>
</pin_list>
<bind>
<StgValue><ssdm name="_ssdm_op_SpecInterface"/></StgValue>
</bind>
</comp>

<comp id="12" class="1001" name="const_12">
<pin_list>
<pin id="13" dir="1" index="0" bw="1" slack="2147483647"/>
</pin_list>
<bind>
<StgValue><ssdm name="empty"/></StgValue>
</bind>
</comp>

<comp id="14" class="1001" name="const_14">
<pin_list>
<pin id="15" dir="1" index="0" bw="1" slack="2147483647"/>
</pin_list>
<bind>
<StgValue><ssdm name=""/></StgValue>
</bind>
</comp>

<comp id="16" class="1001" name="const_16">
<pin_list>
<pin id="17" dir="1" index="0" bw="1" slack="2147483647"/>
</pin_list>
<bind>
<StgValue><ssdm name="empty_7"/></StgValue>
</bind>
</comp>

<comp id="18" class="1001" name="const_18">
<pin_list>
<pin id="19" dir="1" index="0" bw="1" slack="2147483647"/>
</pin_list>
<bind>
<StgValue><ssdm name=""/></StgValue>
</bind>
</comp>

<comp id="20" class="1001" name="const_20">
<pin_list>
<pin id="21" dir="1" index="0" bw="1" slack="2147483647"/>
</pin_list>
<bind>
<StgValue><ssdm name="empty_2"/></StgValue>
</bind>
</comp>

<comp id="22" class="1001" name="const_22">
<pin_list>
<pin id="23" dir="1" index="0" bw="1" slack="2147483647"/>
</pin_list>
<bind>
<StgValue><ssdm name="empty_1"/></StgValue>
</bind>
</comp>

<comp id="24" class="1001" name="const_24">
<pin_list>
<pin id="25" dir="1" index="0" bw="1" slack="0"/>
</pin_list>
<bind>
<StgValue><ssdm name=""/></StgValue>
</bind>
</comp>

<comp id="26" class="1001" name="const_26">
<pin_list>
<pin id="27" dir="1" index="0" bw="1" slack="2147483647"/>
</pin_list>
<bind>
<StgValue><ssdm name=""/></StgValue>
</bind>
</comp>

<comp id="28" class="1001" name="const_28">
<pin_list>
<pin id="29" dir="1" index="0" bw="1" slack="0"/>
</pin_list>
<bind>
<StgValue><ssdm name=""/></StgValue>
</bind>
</comp>

<comp id="30" class="1001" name="const_30">
<pin_list>
<pin id="31" dir="1" index="0" bw="1" slack="0"/>
</pin_list>
<bind>
<StgValue><ssdm name=""/></StgValue>
</bind>
</comp>

<comp id="32" class="1001" name="const_32">
<pin_list>
<pin id="33" dir="1" index="0" bw="1" slack="0"/>
</pin_list>
<bind>
<StgValue><ssdm name=""/></StgValue>
</bind>
</comp>

<comp id="34" class="1001" name="const_34">
<pin_list>
<pin id="35" dir="1" index="0" bw="1" slack="0"/>
</pin_list>
<bind>
<StgValue><ssdm name=""/></StgValue>
</bind>
</comp>

<comp id="36" class="1001" name="const_36">
<pin_list>
<pin id="37" dir="1" index="0" bw="1" slack="0"/>
</pin_list>
<bind>
<StgValue><ssdm name=""/></StgValue>
</bind>
</comp>

<comp id="38" class="1001" name="const_38">
<pin_list>
<pin id="39" dir="1" index="0" bw="1" slack="0"/>
</pin_list>
<bind>
<StgValue><ssdm name=""/></StgValue>
</bind>
</comp>

<comp id="40" class="1001" name="const_40">
<pin_list>
<pin id="41" dir="1" index="0" bw="1" slack="2147483647"/>
</pin_list>
<bind>
<StgValue><ssdm name="_ssdm_op_SpecLoopTripCount"/></StgValue>
</bind>
</comp>

<comp id="42" class="1001" name="const_42">
<pin_list>
<pin id="43" dir="1" index="0" bw="1" slack="2147483647"/>
</pin_list>
<bind>
<StgValue><ssdm name=""/></StgValue>
</bind>
</comp>

<comp id="44" class="1001" name="const_44">
<pin_list>
<pin id="45" dir="1" index="0" bw="1" slack="2147483647"/>
</pin_list>
<bind>
<StgValue><ssdm name="_ssdm_op_SpecPipeline"/></StgValue>
</bind>
</comp>

<comp id="46" class="1001" name="const_46">
<pin_list>
<pin id="47" dir="1" index="0" bw="1" slack="2147483647"/>
</pin_list>
<bind>
<StgValue><ssdm name="_ssdm_op_SpecLoopName"/></StgValue>
</bind>
</comp>

<comp id="48" class="1001" name="const_48">
<pin_list>
<pin id="49" dir="1" index="0" bw="1" slack="2147483647"/>
</pin_list>
<bind>
<StgValue><ssdm name="empty_6"/></StgValue>
</bind>
</comp>

<comp id="50" class="1001" name="const_50">
<pin_list>
<pin id="51" dir="1" index="0" bw="1" slack="0"/>
</pin_list>
<bind>
<StgValue><ssdm name="_ssdm_op_BitConcatenate.i512.i16.i496"/></StgValue>
</bind>
</comp>

<comp id="52" class="1001" name="const_52">
<pin_list>
<pin id="53" dir="1" index="0" bw="1" slack="0"/>
</pin_list>
<bind>
<StgValue><ssdm name="_ssdm_op_Write.m_axi.p1i512"/></StgValue>
</bind>
</comp>

<comp id="54" class="1001" name="const_54">
<pin_list>
<pin id="55" dir="1" index="0" bw="1" slack="0"/>
</pin_list>
<bind>
<StgValue><ssdm name=""/></StgValue>
</bind>
</comp>

<comp id="56" class="1001" name="const_56">
<pin_list>
<pin id="57" dir="1" index="0" bw="1" slack="0"/>
</pin_list>
<bind>
<StgValue><ssdm name="_ssdm_op_PartSelect.i480.i496.i32.i32"/></StgValue>
</bind>
</comp>

<comp id="58" class="1001" name="const_58">
<pin_list>
<pin id="59" dir="1" index="0" bw="1" slack="0"/>
</pin_list>
<bind>
<StgValue><ssdm name=""/></StgValue>
</bind>
</comp>

<comp id="60" class="1001" name="const_60">
<pin_list>
<pin id="61" dir="1" index="0" bw="1" slack="0"/>
</pin_list>
<bind>
<StgValue><ssdm name="_ssdm_op_BitConcatenate.i496.i16.i480"/></StgValue>
</bind>
</comp>

<comp id="62" class="1004" name="phi_ln27_fu_62">
<pin_list>
<pin id="63" dir="0" index="0" bw="1" slack="0"/>
<pin id="64" dir="1" index="1" bw="496" slack="0"/>
</pin_list>
<bind>
<opcode="alloca(26) " fcode="alloca"/>
<opset="phi_ln27/1 "/>
</bind>
</comp>

<comp id="66" class="1004" name="i_fu_66">
<pin_list>
<pin id="67" dir="0" index="0" bw="1" slack="0"/>
<pin id="68" dir="1" index="1" bw="15" slack="0"/>
</pin_list>
<bind>
<opcode="alloca(26) " fcode="alloca"/>
<opset="i/1 "/>
</bind>
</comp>

<comp id="70" class="1004" name="sext_ln23_read_read_fu_70">
<pin_list>
<pin id="71" dir="0" index="0" bw="58" slack="0"/>
<pin id="72" dir="0" index="1" bw="58" slack="0"/>
<pin id="73" dir="1" index="2" bw="58" slack="0"/>
</pin_list>
<bind>
<opcode="read(1150) " fcode="read"/>
<opset="sext_ln23_read/1 "/>
</bind>
</comp>

<comp id="76" class="1004" name="write_ln27_write_fu_76">
<pin_list>
<pin id="77" dir="0" index="0" bw="0" slack="0"/>
<pin id="78" dir="0" index="1" bw="512" slack="1"/>
<pin id="79" dir="0" index="2" bw="512" slack="0"/>
<pin id="80" dir="0" index="3" bw="1" slack="0"/>
<pin id="81" dir="1" index="4" bw="0" slack="2147483647"/>
</pin_list>
<bind>
<opcode="write(1151) " fcode="write"/>
<opset="write_ln27/3 "/>
</bind>
</comp>

<comp id="84" class="1004" name="out_buf_addr_gep_fu_84">
<pin_list>
<pin id="85" dir="0" index="0" bw="16" slack="0"/>
<pin id="86" dir="0" index="1" bw="1" slack="0"/>
<pin id="87" dir="0" index="2" bw="15" slack="0"/>
<pin id="88" dir="1" index="3" bw="14" slack="0"/>
</pin_list>
<bind>
<opcode="getelementptr(29) " fcode="getelementptr"/>
<opset="out_buf_addr/1 "/>
</bind>
</comp>

<comp id="91" class="1004" name="grp_access_fu_91">
<pin_list>
<pin id="92" dir="0" index="0" bw="14" slack="0"/>
<pin id="93" dir="0" index="1" bw="16" slack="2147483647"/>
<pin id="94" dir="0" index="2" bw="0" slack="2147483647"/>
<pin id="95" dir="1" index="3" bw="16" slack="1"/>
</pin_list>
<bind>
<opcode="load(27) " fcode="load"/>
<opset="out_buf_load/1 "/>
</bind>
</comp>

<comp id="97" class="1004" name="sext_ln23_cast_fu_97">
<pin_list>
<pin id="98" dir="0" index="0" bw="58" slack="0"/>
<pin id="99" dir="1" index="1" bw="64" slack="1"/>
</pin_list>
<bind>
<opcode="sext(35) " fcode="sext"/>
<opset="sext_ln23_cast/1 "/>
</bind>
</comp>

<comp id="101" class="1004" name="store_ln0_store_fu_101">
<pin_list>
<pin id="102" dir="0" index="0" bw="1" slack="0"/>
<pin id="103" dir="0" index="1" bw="15" slack="0"/>
<pin id="104" dir="1" index="2" bw="0" slack="2147483647"/>
</pin_list>
<bind>
<opcode="store(28) " fcode="store"/>
<opset="store_ln0/1 "/>
</bind>
</comp>

<comp id="106" class="1004" name="store_ln0_store_fu_106">
<pin_list>
<pin id="107" dir="0" index="0" bw="1" slack="0"/>
<pin id="108" dir="0" index="1" bw="496" slack="0"/>
<pin id="109" dir="1" index="2" bw="0" slack="2147483647"/>
</pin_list>
<bind>
<opcode="store(28) " fcode="store"/>
<opset="store_ln0/1 "/>
</bind>
</comp>

<comp id="111" class="1004" name="i_1_load_fu_111">
<pin_list>
<pin id="112" dir="0" index="0" bw="15" slack="0"/>
<pin id="113" dir="1" index="1" bw="15" slack="0"/>
</pin_list>
<bind>
<opcode="load(27) " fcode="load"/>
<opset="i_1/1 "/>
</bind>
</comp>

<comp id="114" class="1004" name="icmp_ln23_fu_114">
<pin_list>
<pin id="115" dir="0" index="0" bw="15" slack="0"/>
<pin id="116" dir="0" index="1" bw="15" slack="0"/>
<pin id="117" dir="1" index="2" bw="1" slack="1"/>
</pin_list>
<bind>
<opcode="icmp(45) " fcode="icmp"/>
<opset="icmp_ln23/1 "/>
</bind>
</comp>

<comp id="120" class="1004" name="add_ln23_fu_120">
<pin_list>
<pin id="121" dir="0" index="0" bw="15" slack="0"/>
<pin id="122" dir="0" index="1" bw="1" slack="0"/>
<pin id="123" dir="1" index="2" bw="15" slack="0"/>
</pin_list>
<bind>
<opcode="add(8) " fcode="add"/>
<opset="add_ln23/1 "/>
</bind>
</comp>

<comp id="126" class="1004" name="zext_ln23_fu_126">
<pin_list>
<pin id="127" dir="0" index="0" bw="15" slack="0"/>
<pin id="128" dir="1" index="1" bw="64" slack="0"/>
</pin_list>
<bind>
<opcode="zext(34) " fcode="zext"/>
<opset="zext_ln23/1 "/>
</bind>
</comp>

<comp id="131" class="1004" name="trunc_ln23_fu_131">
<pin_list>
<pin id="132" dir="0" index="0" bw="15" slack="0"/>
<pin id="133" dir="1" index="1" bw="5" slack="0"/>
</pin_list>
<bind>
<opcode="trunc(33) " fcode="trunc"/>
<opset="trunc_ln23/1 "/>
</bind>
</comp>

<comp id="135" class="1004" name="icmp_ln27_fu_135">
<pin_list>
<pin id="136" dir="0" index="0" bw="5" slack="0"/>
<pin id="137" dir="0" index="1" bw="1" slack="0"/>
<pin id="138" dir="1" index="2" bw="1" slack="2"/>
</pin_list>
<bind>
<opcode="icmp(45) " fcode="icmp"/>
<opset="icmp_ln27/1 "/>
</bind>
</comp>

<comp id="141" class="1004" name="store_ln23_store_fu_141">
<pin_list>
<pin id="142" dir="0" index="0" bw="15" slack="0"/>
<pin id="143" dir="0" index="1" bw="15" slack="0"/>
<pin id="144" dir="1" index="2" bw="0" slack="2147483647"/>
</pin_list>
<bind>
<opcode="store(28) " fcode="store"/>
<opset="store_ln23/1 "/>
</bind>
</comp>

<comp id="146" class="1004" name="gmem1_addr_fu_146">
<pin_list>
<pin id="147" dir="0" index="0" bw="512" slack="0"/>
<pin id="148" dir="0" index="1" bw="58" slack="1"/>
<pin id="149" dir="1" index="2" bw="512" slack="1"/>
</pin_list>
<bind>
<opcode="getelementptr(29) " fcode="getelementptr"/>
<opset="gmem1_addr/2 "/>
</bind>
</comp>

<comp id="151" class="1004" name="phi_ln27_load_1_load_fu_151">
<pin_list>
<pin id="152" dir="0" index="0" bw="496" slack="2"/>
<pin id="153" dir="1" index="1" bw="496" slack="0"/>
</pin_list>
<bind>
<opcode="load(27) " fcode="load"/>
<opset="phi_ln27_load_1/3 "/>
</bind>
</comp>

<comp id="154" class="1004" name="or_ln_fu_154">
<pin_list>
<pin id="155" dir="0" index="0" bw="512" slack="0"/>
<pin id="156" dir="0" index="1" bw="16" slack="1"/>
<pin id="157" dir="0" index="2" bw="496" slack="0"/>
<pin id="158" dir="1" index="3" bw="512" slack="0"/>
</pin_list>
<bind>
<opcode="bitconcatenate(1004) " fcode="bitconcatenate"/>
<opset="or_ln/3 "/>
</bind>
</comp>

<comp id="162" class="1004" name="phi_ln27_load_load_fu_162">
<pin_list>
<pin id="163" dir="0" index="0" bw="496" slack="2"/>
<pin id="164" dir="1" index="1" bw="496" slack="0"/>
</pin_list>
<bind>
<opcode="load(27) " fcode="load"/>
<opset="phi_ln27_load/3 "/>
</bind>
</comp>

<comp id="165" class="1004" name="tmp_fu_165">
<pin_list>
<pin id="166" dir="0" index="0" bw="480" slack="0"/>
<pin id="167" dir="0" index="1" bw="496" slack="0"/>
<pin id="168" dir="0" index="2" bw="6" slack="0"/>
<pin id="169" dir="0" index="3" bw="10" slack="0"/>
<pin id="170" dir="1" index="4" bw="480" slack="0"/>
</pin_list>
<bind>
<opcode="partselect(1002) " fcode="partselect"/>
<opset="tmp/3 "/>
</bind>
</comp>

<comp id="175" class="1004" name="tmp_1_fu_175">
<pin_list>
<pin id="176" dir="0" index="0" bw="496" slack="0"/>
<pin id="177" dir="0" index="1" bw="16" slack="1"/>
<pin id="178" dir="0" index="2" bw="480" slack="0"/>
<pin id="179" dir="1" index="3" bw="496" slack="0"/>
</pin_list>
<bind>
<opcode="bitconcatenate(1004) " fcode="bitconcatenate"/>
<opset="tmp_1/3 "/>
</bind>
</comp>

<comp id="182" class="1004" name="select_ln27_fu_182">
<pin_list>
<pin id="183" dir="0" index="0" bw="1" slack="2"/>
<pin id="184" dir="0" index="1" bw="1" slack="0"/>
<pin id="185" dir="0" index="2" bw="496" slack="0"/>
<pin id="186" dir="1" index="3" bw="496" slack="0"/>
</pin_list>
<bind>
<opcode="select(49) " fcode="select"/>
<opset="select_ln27/3 "/>
</bind>
</comp>

<comp id="189" class="1004" name="store_ln23_store_fu_189">
<pin_list>
<pin id="190" dir="0" index="0" bw="496" slack="0"/>
<pin id="191" dir="0" index="1" bw="496" slack="2"/>
<pin id="192" dir="1" index="2" bw="0" slack="2147483647"/>
</pin_list>
<bind>
<opcode="store(28) " fcode="store"/>
<opset="store_ln23/3 "/>
</bind>
</comp>

<comp id="194" class="1005" name="phi_ln27_reg_194">
<pin_list>
<pin id="195" dir="0" index="0" bw="496" slack="0"/>
<pin id="196" dir="1" index="1" bw="496" slack="0"/>
</pin_list>
<bind>
<opset="phi_ln27 "/>
</bind>
</comp>

<comp id="202" class="1005" name="i_reg_202">
<pin_list>
<pin id="203" dir="0" index="0" bw="15" slack="0"/>
<pin id="204" dir="1" index="1" bw="15" slack="0"/>
</pin_list>
<bind>
<opset="i "/>
</bind>
</comp>

<comp id="209" class="1005" name="sext_ln23_cast_reg_209">
<pin_list>
<pin id="210" dir="0" index="0" bw="64" slack="1"/>
<pin id="211" dir="1" index="1" bw="64" slack="1"/>
</pin_list>
<bind>
<opset="sext_ln23_cast "/>
</bind>
</comp>

<comp id="214" class="1005" name="icmp_ln23_reg_214">
<pin_list>
<pin id="215" dir="0" index="0" bw="1" slack="1"/>
<pin id="216" dir="1" index="1" bw="1" slack="2147483647"/>
</pin_list>
<bind>
<opset="icmp_ln23 "/>
</bind>
</comp>

<comp id="218" class="1005" name="out_buf_addr_reg_218">
<pin_list>
<pin id="219" dir="0" index="0" bw="14" slack="1"/>
<pin id="220" dir="1" index="1" bw="14" slack="1"/>
</pin_list>
<bind>
<opset="out_buf_addr "/>
</bind>
</comp>

<comp id="223" class="1005" name="icmp_ln27_reg_223">
<pin_list>
<pin id="224" dir="0" index="0" bw="1" slack="2"/>
<pin id="225" dir="1" index="1" bw="1" slack="2"/>
</pin_list>
<bind>
<opset="icmp_ln27 "/>
</bind>
</comp>

<comp id="228" class="1005" name="gmem1_addr_reg_228">
<pin_list>
<pin id="229" dir="0" index="0" bw="512" slack="1"/>
<pin id="230" dir="1" index="1" bw="512" slack="1"/>
</pin_list>
<bind>
<opset="gmem1_addr "/>
</bind>
</comp>

<comp id="233" class="1005" name="out_buf_load_reg_233">
<pin_list>
<pin id="234" dir="0" index="0" bw="16" slack="1"/>
<pin id="235" dir="1" index="1" bw="16" slack="1"/>
</pin_list>
<bind>
<opset="out_buf_load "/>
</bind>
</comp>

</comp_list>

<net_list>
<net id="65"><net_src comp="6" pin="0"/><net_sink comp="62" pin=0"/></net>

<net id="69"><net_src comp="6" pin="0"/><net_sink comp="66" pin=0"/></net>

<net id="74"><net_src comp="8" pin="0"/><net_sink comp="70" pin=0"/></net>

<net id="75"><net_src comp="2" pin="0"/><net_sink comp="70" pin=1"/></net>

<net id="82"><net_src comp="52" pin="0"/><net_sink comp="76" pin=0"/></net>

<net id="83"><net_src comp="54" pin="0"/><net_sink comp="76" pin=3"/></net>

<net id="89"><net_src comp="4" pin="0"/><net_sink comp="84" pin=0"/></net>

<net id="90"><net_src comp="36" pin="0"/><net_sink comp="84" pin=1"/></net>

<net id="96"><net_src comp="84" pin="3"/><net_sink comp="91" pin=0"/></net>

<net id="100"><net_src comp="70" pin="2"/><net_sink comp="97" pin=0"/></net>

<net id="105"><net_src comp="28" pin="0"/><net_sink comp="101" pin=0"/></net>

<net id="110"><net_src comp="30" pin="0"/><net_sink comp="106" pin=0"/></net>

<net id="118"><net_src comp="111" pin="1"/><net_sink comp="114" pin=0"/></net>

<net id="119"><net_src comp="32" pin="0"/><net_sink comp="114" pin=1"/></net>

<net id="124"><net_src comp="111" pin="1"/><net_sink comp="120" pin=0"/></net>

<net id="125"><net_src comp="34" pin="0"/><net_sink comp="120" pin=1"/></net>

<net id="129"><net_src comp="111" pin="1"/><net_sink comp="126" pin=0"/></net>

<net id="130"><net_src comp="126" pin="1"/><net_sink comp="84" pin=2"/></net>

<net id="134"><net_src comp="111" pin="1"/><net_sink comp="131" pin=0"/></net>

<net id="139"><net_src comp="131" pin="1"/><net_sink comp="135" pin=0"/></net>

<net id="140"><net_src comp="38" pin="0"/><net_sink comp="135" pin=1"/></net>

<net id="145"><net_src comp="120" pin="2"/><net_sink comp="141" pin=0"/></net>

<net id="150"><net_src comp="0" pin="0"/><net_sink comp="146" pin=0"/></net>

<net id="159"><net_src comp="50" pin="0"/><net_sink comp="154" pin=0"/></net>

<net id="160"><net_src comp="151" pin="1"/><net_sink comp="154" pin=2"/></net>

<net id="161"><net_src comp="154" pin="3"/><net_sink comp="76" pin=2"/></net>

<net id="171"><net_src comp="56" pin="0"/><net_sink comp="165" pin=0"/></net>

<net id="172"><net_src comp="162" pin="1"/><net_sink comp="165" pin=1"/></net>

<net id="173"><net_src comp="24" pin="0"/><net_sink comp="165" pin=2"/></net>

<net id="174"><net_src comp="58" pin="0"/><net_sink comp="165" pin=3"/></net>

<net id="180"><net_src comp="60" pin="0"/><net_sink comp="175" pin=0"/></net>

<net id="181"><net_src comp="165" pin="4"/><net_sink comp="175" pin=2"/></net>

<net id="187"><net_src comp="30" pin="0"/><net_sink comp="182" pin=1"/></net>

<net id="188"><net_src comp="175" pin="3"/><net_sink comp="182" pin=2"/></net>

<net id="193"><net_src comp="182" pin="3"/><net_sink comp="189" pin=0"/></net>

<net id="197"><net_src comp="62" pin="1"/><net_sink comp="194" pin=0"/></net>

<net id="198"><net_src comp="194" pin="1"/><net_sink comp="106" pin=1"/></net>

<net id="199"><net_src comp="194" pin="1"/><net_sink comp="151" pin=0"/></net>

<net id="200"><net_src comp="194" pin="1"/><net_sink comp="162" pin=0"/></net>

<net id="201"><net_src comp="194" pin="1"/><net_sink comp="189" pin=1"/></net>

<net id="205"><net_src comp="66" pin="1"/><net_sink comp="202" pin=0"/></net>

<net id="206"><net_src comp="202" pin="1"/><net_sink comp="101" pin=1"/></net>

<net id="207"><net_src comp="202" pin="1"/><net_sink comp="111" pin=0"/></net>

<net id="208"><net_src comp="202" pin="1"/><net_sink comp="141" pin=1"/></net>

<net id="212"><net_src comp="97" pin="1"/><net_sink comp="209" pin=0"/></net>

<net id="213"><net_src comp="209" pin="1"/><net_sink comp="146" pin=1"/></net>

<net id="217"><net_src comp="114" pin="2"/><net_sink comp="214" pin=0"/></net>

<net id="221"><net_src comp="84" pin="3"/><net_sink comp="218" pin=0"/></net>

<net id="222"><net_src comp="218" pin="1"/><net_sink comp="91" pin=0"/></net>

<net id="226"><net_src comp="135" pin="2"/><net_sink comp="223" pin=0"/></net>

<net id="227"><net_src comp="223" pin="1"/><net_sink comp="182" pin=0"/></net>

<net id="231"><net_src comp="146" pin="2"/><net_sink comp="228" pin=0"/></net>

<net id="232"><net_src comp="228" pin="1"/><net_sink comp="76" pin=1"/></net>

<net id="236"><net_src comp="91" pin="3"/><net_sink comp="233" pin=0"/></net>

<net id="237"><net_src comp="233" pin="1"/><net_sink comp="154" pin=1"/></net>

<net id="238"><net_src comp="233" pin="1"/><net_sink comp="175" pin=1"/></net>

</net_list>

</model> 
---------------- Datapath Model END ------------------

* FSMD analyzer results:
  - Output states:
	Port: gmem1 | {3 }
 - Input state : 
	Port: write_result_Pipeline_VITIS_LOOP_23_1 : sext_ln23 | {1 }
	Port: write_result_Pipeline_VITIS_LOOP_23_1 : out_buf | {1 2 }
  - Chain level:
	State 1
		store_ln0 : 1
		store_ln0 : 1
		i_1 : 1
		icmp_ln23 : 2
		add_ln23 : 2
		br_ln23 : 3
		zext_ln23 : 2
		trunc_ln23 : 2
		out_buf_addr : 3
		out_buf_load : 4
		icmp_ln27 : 3
		br_ln27 : 4
		store_ln23 : 3
	State 2
	State 3
		or_ln : 1
		write_ln27 : 2
		tmp : 1
		tmp_1 : 2
		select_ln27 : 3
		store_ln23 : 4


============================================================
+ Verbose Summary: Datapath Resource usage 
============================================================

* Functional unit list:
|----------|---------------------------|---------|---------|
| Operation|      Functional Unit      |    FF   |   LUT   |
|----------|---------------------------|---------|---------|
|  select  |     select_ln27_fu_182    |    0    |   418   |
|----------|---------------------------|---------|---------|
|    add   |      add_ln23_fu_120      |    0    |    22   |
|----------|---------------------------|---------|---------|
|   icmp   |      icmp_ln23_fu_114     |    0    |    12   |
|          |      icmp_ln27_fu_135     |    0    |    9    |
|----------|---------------------------|---------|---------|
|   read   | sext_ln23_read_read_fu_70 |    0    |    0    |
|----------|---------------------------|---------|---------|
|   write  |   write_ln27_write_fu_76  |    0    |    0    |
|----------|---------------------------|---------|---------|
|   sext   |    sext_ln23_cast_fu_97   |    0    |    0    |
|----------|---------------------------|---------|---------|
|   zext   |      zext_ln23_fu_126     |    0    |    0    |
|----------|---------------------------|---------|---------|
|   trunc  |     trunc_ln23_fu_131     |    0    |    0    |
|----------|---------------------------|---------|---------|
|bitconcatenate|        or_ln_fu_154       |    0    |    0    |
|          |        tmp_1_fu_175       |    0    |    0    |
|----------|---------------------------|---------|---------|
|partselect|         tmp_fu_165        |    0    |    0    |
|----------|---------------------------|---------|---------|
|   Total  |                           |    0    |   461   |
|----------|---------------------------|---------|---------|

Memories:
N/A

* Register list:
+----------------------+--------+
|                      |   FF   |
+----------------------+--------+
|  gmem1_addr_reg_228  |   512  |
|       i_reg_202      |   15   |
|   icmp_ln23_reg_214  |    1   |
|   icmp_ln27_reg_223  |    1   |
| out_buf_addr_reg_218 |   14   |
| out_buf_load_reg_233 |   16   |
|   phi_ln27_reg_194   |   496  |
|sext_ln23_cast_reg_209|   64   |
+----------------------+--------+
|         Total        |  1119  |
+----------------------+--------+

* Multiplexer (MUX) list: 
|------------------|------|------|------|--------||---------||---------|
|       Comp       |  Pin | Size |  BW  | S x BW ||  Delay  ||   LUT   |
|------------------|------|------|------|--------||---------||---------|
| grp_access_fu_91 |  p0  |   2  |  14  |   28   ||    9    |
|------------------|------|------|------|--------||---------||---------|
|       Total      |      |      |      |   28   ||  0.387  ||    9    |
|------------------|------|------|------|--------||---------||---------|



* Summary:
+-----------+--------+--------+--------+
|           |  Delay |   FF   |   LUT  |
+-----------+--------+--------+--------+
|  Function |    -   |    0   |   461  |
|   Memory  |    -   |    -   |    -   |
|Multiplexer|    0   |    -   |    9   |
|  Register |    -   |  1119  |    -   |
+-----------+--------+--------+--------+
|   Total   |    0   |  1119  |   470  |
+-----------+--------+--------+--------+
