

================================================================
== Vitis HLS Report for 'write_result'
================================================================
* Date:           Sat Mar  2 01:07:39 2024

* Version:        2022.2 (Build 3670227 on Oct 13 2022)
* Project:        alveo_hls4ml
* Solution:       solution (Vitis Kernel Flow Target)
* Product family: virtexuplus
* Target device:  xcu55c-fsvh2892-2L-e


================================================================
== Performance Estimates
================================================================
+ Timing: 
    * Summary: 
    +--------+---------+----------+------------+
    |  Clock |  Target | Estimated| Uncertainty|
    +--------+---------+----------+------------+
    |ap_clk  |  3.33 ns|  2.433 ns|     0.90 ns|
    +--------+---------+----------+------------+

+ Latency: 
    * Summary: 
    +---------+---------+----------+----------+-----+-----+---------+
    |  Latency (cycles) |  Latency (absolute) |  Interval | Pipeline|
    |   min   |   max   |    min   |    max   | min | max |   Type  |
    +---------+---------+----------+----------+-----+-----+---------+
    |       75|       75|  0.250 us|  0.250 us|   75|   75|       no|
    +---------+---------+----------+----------+-----+-----+---------+

    + Detail: 
        * Instance: 
        N/A

        * Loop: 
        N/A

============================================================
+ Verbose Summary: Synthesis Manager
============================================================
InlineROM: 1
ExposeGlobal: 0
============================================================
+ Verbose Summary: CDFG Model
============================================================
IsTopModel: 0
ResetActiveHigh: 1
IsCombinational: 2
IsDatapathOnly: 0
HasWiredReturn: 1
HasMFsm: 0
HasVarLatency: 1
IsPipeline: 0
IsRtlPipelined: 0
IsInstanceOverlapped: 0
IsDontTouch: 0
HasImplIP: 0
IsGatedGlobalClock: 0


============================================================
+ Verbose Summary: Schedule
============================================================
* Number of FSM states : 76
* Pipeline : 0
* Dataflow Pipeline: 0

* FSM state transitions: 
1 --> 2 
2 --> 3 
3 --> 4 
4 --> 5 
5 --> 6 
6 --> 7 
7 --> 8 
8 --> 9 
9 --> 10 
10 --> 11 
11 --> 12 
12 --> 13 
13 --> 14 
14 --> 15 
15 --> 16 
16 --> 17 
17 --> 18 
18 --> 19 
19 --> 20 
20 --> 21 
21 --> 22 
22 --> 23 
23 --> 24 
24 --> 25 
25 --> 26 
26 --> 27 
27 --> 28 
28 --> 29 
29 --> 30 
30 --> 31 
31 --> 32 
32 --> 33 
33 --> 34 
34 --> 35 
35 --> 36 
36 --> 37 
37 --> 38 
38 --> 39 
39 --> 40 
40 --> 41 
41 --> 42 
42 --> 43 
43 --> 44 
44 --> 45 
45 --> 46 
46 --> 47 
47 --> 48 
48 --> 49 
49 --> 50 
50 --> 51 
51 --> 52 
52 --> 53 
53 --> 54 
54 --> 55 
55 --> 56 
56 --> 57 
57 --> 58 
58 --> 59 
59 --> 60 
60 --> 61 
61 --> 62 
62 --> 63 
63 --> 64 
64 --> 65 
65 --> 66 
66 --> 67 
67 --> 68 
68 --> 69 
69 --> 70 
70 --> 71 
71 --> 72 
72 --> 73 
73 --> 74 
74 --> 75 
75 --> 76 
76 --> 

* FSM state operations: 

State 1 <SV = 0> <Delay = 1.21>
ST_1 : Operation 77 [1/1] (1.21ns)   --->   "%out_read = read i64 @_ssdm_op_Read.ap_fifo.i64P0A, i64 %out_r"   --->   Operation 77 'read' 'out_read' <Predicate = true> <Delay = 1.21> <CoreInst = "FIFO_SRL">   --->   Core 81 'FIFO_SRL' <Latency = 0> <II = 1> <Delay = 1.41> <Storage> <Opcode : 'read' 'write' 'nbread' 'nbwrite'> <Ports = 0> <Width = 64> <Depth = 4> <FIFO>
ST_1 : Operation 78 [1/1] (1.21ns)   --->   "%n_read = read i13 @_ssdm_op_Read.ap_fifo.i13P0A, i13 %n"   --->   Operation 78 'read' 'n_read' <Predicate = true> <Delay = 1.21> <CoreInst = "FIFO_SRL">   --->   Core 81 'FIFO_SRL' <Latency = 0> <II = 1> <Delay = 1.33> <Storage> <Opcode : 'read' 'write' 'nbread' 'nbwrite'> <Ports = 0> <Width = 13> <Depth = 3> <FIFO>
ST_1 : Operation 79 [1/1] (1.21ns)   --->   "%output_read = read i80 @_ssdm_op_Read.ap_fifo.volatile.i80P0A, i80 %output_r" [/home/ayvol/accelerator_wrapper/src/alveo_hls4ml.cpp:52]   --->   Operation 79 'read' 'output_read' <Predicate = true> <Delay = 1.21> <CoreInst = "FIFO_SRL">   --->   Core 81 'FIFO_SRL' <Latency = 0> <II = 1> <Delay = 1.40> <Storage> <Opcode : 'read' 'write' 'nbread' 'nbwrite'> <Ports = 0> <Width = 80> <Depth = 1> <FIFO>
ST_1 : Operation 80 [1/1] (0.00ns)   --->   "%trunc_ln52 = trunc i80 %output_read" [/home/ayvol/accelerator_wrapper/src/alveo_hls4ml.cpp:52]   --->   Operation 80 'trunc' 'trunc_ln52' <Predicate = true> <Delay = 0.00>
ST_1 : Operation 81 [1/1] (0.00ns)   --->   "%trunc_ln52_3 = partselect i16 @_ssdm_op_PartSelect.i16.i80.i32.i32, i80 %output_read, i32 48, i32 63" [/home/ayvol/accelerator_wrapper/src/alveo_hls4ml.cpp:52]   --->   Operation 81 'partselect' 'trunc_ln52_3' <Predicate = true> <Delay = 0.00>
ST_1 : Operation 82 [1/1] (0.00ns)   --->   "%trunc_ln52_4 = partselect i16 @_ssdm_op_PartSelect.i16.i80.i32.i32, i80 %output_read, i32 64, i32 79" [/home/ayvol/accelerator_wrapper/src/alveo_hls4ml.cpp:52]   --->   Operation 82 'partselect' 'trunc_ln52_4' <Predicate = true> <Delay = 0.00>
ST_1 : Operation 83 [1/1] (0.00ns)   --->   "%tmp = partselect i16 @_ssdm_op_PartSelect.i16.i80.i32.i32, i80 %output_read, i32 16, i32 31" [/home/ayvol/accelerator_wrapper/src/alveo_hls4ml.cpp:52]   --->   Operation 83 'partselect' 'tmp' <Predicate = true> <Delay = 0.00>
ST_1 : Operation 84 [1/1] (0.00ns)   --->   "%tmp_1 = partselect i16 @_ssdm_op_PartSelect.i16.i80.i32.i32, i80 %output_read, i32 32, i32 47" [/home/ayvol/accelerator_wrapper/src/alveo_hls4ml.cpp:52]   --->   Operation 84 'partselect' 'tmp_1' <Predicate = true> <Delay = 0.00>

State 2 <SV = 1> <Delay = 1.92>
ST_2 : Operation 85 [1/1] (0.00ns)   --->   "%n_load_cast2 = zext i13 %n_read"   --->   Operation 85 'zext' 'n_load_cast2' <Predicate = true> <Delay = 0.00>
ST_2 : Operation 86 [1/1] (0.00ns)   --->   "%p_shl = bitconcatenate i15 @_ssdm_op_BitConcatenate.i15.i13.i2, i13 %n_read, i2 0"   --->   Operation 86 'bitconcatenate' 'p_shl' <Predicate = true> <Delay = 0.00>
ST_2 : Operation 87 [1/1] (0.00ns)   --->   "%zext_ln55 = zext i15 %p_shl" [/home/ayvol/accelerator_wrapper/src/alveo_hls4ml.cpp:55]   --->   Operation 87 'zext' 'zext_ln55' <Predicate = true> <Delay = 0.00>
ST_2 : Operation 88 [1/1] (0.77ns)   --->   "%add_ln55_1 = add i16 %zext_ln55, i16 %n_load_cast2" [/home/ayvol/accelerator_wrapper/src/alveo_hls4ml.cpp:55]   --->   Operation 88 'add' 'add_ln55_1' <Predicate = true> <Delay = 0.77> <CoreInst = "Adder">   --->   Core 1 'Adder' <Latency = 0> <II = 1> <Delay = 0.77> <FuncUnit> <Opcode : 'add' 'sub'> <InPorts = 2> <OutPorts = 1>
ST_2 : Operation 89 [1/1] (0.00ns)   --->   "%shl_ln = bitconcatenate i17 @_ssdm_op_BitConcatenate.i17.i16.i1, i16 %add_ln55_1, i1 0" [/home/ayvol/accelerator_wrapper/src/alveo_hls4ml.cpp:55]   --->   Operation 89 'bitconcatenate' 'shl_ln' <Predicate = true> <Delay = 0.00>
ST_2 : Operation 90 [1/1] (0.00ns)   --->   "%zext_ln55_1 = zext i17 %shl_ln" [/home/ayvol/accelerator_wrapper/src/alveo_hls4ml.cpp:55]   --->   Operation 90 'zext' 'zext_ln55_1' <Predicate = true> <Delay = 0.00>
ST_2 : Operation 91 [1/1] (1.14ns)   --->   "%add_ln55 = add i64 %out_read, i64 %zext_ln55_1" [/home/ayvol/accelerator_wrapper/src/alveo_hls4ml.cpp:55]   --->   Operation 91 'add' 'add_ln55' <Predicate = true> <Delay = 1.14> <CoreInst = "Adder">   --->   Core 1 'Adder' <Latency = 0> <II = 1> <Delay = 1.14> <FuncUnit> <Opcode : 'add' 'sub'> <InPorts = 2> <OutPorts = 1>
ST_2 : Operation 92 [1/1] (0.00ns)   --->   "%trunc_ln1 = partselect i63 @_ssdm_op_PartSelect.i63.i64.i32.i32, i64 %add_ln55, i32 1, i32 63" [/home/ayvol/accelerator_wrapper/src/alveo_hls4ml.cpp:53]   --->   Operation 92 'partselect' 'trunc_ln1' <Predicate = true> <Delay = 0.00>
ST_2 : Operation 93 [1/1] (0.00ns)   --->   "%sext_ln53 = sext i63 %trunc_ln1" [/home/ayvol/accelerator_wrapper/src/alveo_hls4ml.cpp:53]   --->   Operation 93 'sext' 'sext_ln53' <Predicate = true> <Delay = 0.00>
ST_2 : Operation 94 [1/1] (0.00ns)   --->   "%gmem1_addr = getelementptr i16 %gmem1, i64 %sext_ln53" [/home/ayvol/accelerator_wrapper/src/alveo_hls4ml.cpp:53]   --->   Operation 94 'getelementptr' 'gmem1_addr' <Predicate = true> <Delay = 0.00>

State 3 <SV = 2> <Delay = 2.43>
ST_3 : Operation 95 [1/1] (2.43ns)   --->   "%empty = writereq i1 @_ssdm_op_WriteReq.m_axi.p1i16, i16 %gmem1_addr, i32 5" [/home/ayvol/accelerator_wrapper/src/alveo_hls4ml.cpp:53]   --->   Operation 95 'writereq' 'empty' <Predicate = true> <Delay = 2.43> <CoreInst = "m_axi">   --->   Core 121 'm_axi' <Latency = 0> <II = 1> <Delay = 1.00> <Adapter> <Opcode : 'read' 'write' 'readreq' 'writereq' 'writeresp'>

State 4 <SV = 3> <Delay = 2.43>
ST_4 : Operation 96 [1/1] (2.43ns)   --->   "%write_ln53 = write void @_ssdm_op_Write.m_axi.p1i16, i16 %gmem1_addr, i16 %trunc_ln52, i2 3" [/home/ayvol/accelerator_wrapper/src/alveo_hls4ml.cpp:53]   --->   Operation 96 'write' 'write_ln53' <Predicate = true> <Delay = 2.43> <CoreInst = "m_axi">   --->   Core 121 'm_axi' <Latency = 0> <II = 1> <Delay = 1.00> <Adapter> <Opcode : 'read' 'write' 'readreq' 'writereq' 'writeresp'>

State 5 <SV = 4> <Delay = 2.43>
ST_5 : Operation 97 [1/1] (2.43ns)   --->   "%write_ln53 = write void @_ssdm_op_Write.m_axi.p1i16, i16 %gmem1_addr, i16 %tmp, i2 3" [/home/ayvol/accelerator_wrapper/src/alveo_hls4ml.cpp:53]   --->   Operation 97 'write' 'write_ln53' <Predicate = true> <Delay = 2.43> <CoreInst = "m_axi">   --->   Core 121 'm_axi' <Latency = 0> <II = 1> <Delay = 1.00> <Adapter> <Opcode : 'read' 'write' 'readreq' 'writereq' 'writeresp'>

State 6 <SV = 5> <Delay = 2.43>
ST_6 : Operation 98 [1/1] (2.43ns)   --->   "%write_ln53 = write void @_ssdm_op_Write.m_axi.p1i16, i16 %gmem1_addr, i16 %tmp_1, i2 3" [/home/ayvol/accelerator_wrapper/src/alveo_hls4ml.cpp:53]   --->   Operation 98 'write' 'write_ln53' <Predicate = true> <Delay = 2.43> <CoreInst = "m_axi">   --->   Core 121 'm_axi' <Latency = 0> <II = 1> <Delay = 1.00> <Adapter> <Opcode : 'read' 'write' 'readreq' 'writereq' 'writeresp'>

State 7 <SV = 6> <Delay = 2.43>
ST_7 : Operation 99 [1/1] (2.43ns)   --->   "%write_ln53 = write void @_ssdm_op_Write.m_axi.p1i16, i16 %gmem1_addr, i16 %trunc_ln52_3, i2 3" [/home/ayvol/accelerator_wrapper/src/alveo_hls4ml.cpp:53]   --->   Operation 99 'write' 'write_ln53' <Predicate = true> <Delay = 2.43> <CoreInst = "m_axi">   --->   Core 121 'm_axi' <Latency = 0> <II = 1> <Delay = 1.00> <Adapter> <Opcode : 'read' 'write' 'readreq' 'writereq' 'writeresp'>

State 8 <SV = 7> <Delay = 2.43>
ST_8 : Operation 100 [1/1] (2.43ns)   --->   "%write_ln53 = write void @_ssdm_op_Write.m_axi.p1i16, i16 %gmem1_addr, i16 %trunc_ln52_4, i2 3" [/home/ayvol/accelerator_wrapper/src/alveo_hls4ml.cpp:53]   --->   Operation 100 'write' 'write_ln53' <Predicate = true> <Delay = 2.43> <CoreInst = "m_axi">   --->   Core 121 'm_axi' <Latency = 0> <II = 1> <Delay = 1.00> <Adapter> <Opcode : 'read' 'write' 'readreq' 'writereq' 'writeresp'>

State 9 <SV = 8> <Delay = 2.43>
ST_9 : Operation 101 [68/68] (2.43ns)   --->   "%empty_75 = writeresp i1 @_ssdm_op_WriteResp.m_axi.p1i16, i16 %gmem1_addr" [/home/ayvol/accelerator_wrapper/src/alveo_hls4ml.cpp:53]   --->   Operation 101 'writeresp' 'empty_75' <Predicate = true> <Delay = 2.43> <CoreInst = "m_axi">   --->   Core 121 'm_axi' <Latency = 0> <II = 1> <Delay = 1.00> <Adapter> <Opcode : 'read' 'write' 'readreq' 'writereq' 'writeresp'>

State 10 <SV = 9> <Delay = 2.43>
ST_10 : Operation 102 [67/68] (2.43ns)   --->   "%empty_75 = writeresp i1 @_ssdm_op_WriteResp.m_axi.p1i16, i16 %gmem1_addr" [/home/ayvol/accelerator_wrapper/src/alveo_hls4ml.cpp:53]   --->   Operation 102 'writeresp' 'empty_75' <Predicate = true> <Delay = 2.43> <CoreInst = "m_axi">   --->   Core 121 'm_axi' <Latency = 0> <II = 1> <Delay = 1.00> <Adapter> <Opcode : 'read' 'write' 'readreq' 'writereq' 'writeresp'>

State 11 <SV = 10> <Delay = 2.43>
ST_11 : Operation 103 [66/68] (2.43ns)   --->   "%empty_75 = writeresp i1 @_ssdm_op_WriteResp.m_axi.p1i16, i16 %gmem1_addr" [/home/ayvol/accelerator_wrapper/src/alveo_hls4ml.cpp:53]   --->   Operation 103 'writeresp' 'empty_75' <Predicate = true> <Delay = 2.43> <CoreInst = "m_axi">   --->   Core 121 'm_axi' <Latency = 0> <II = 1> <Delay = 1.00> <Adapter> <Opcode : 'read' 'write' 'readreq' 'writereq' 'writeresp'>

State 12 <SV = 11> <Delay = 2.43>
ST_12 : Operation 104 [65/68] (2.43ns)   --->   "%empty_75 = writeresp i1 @_ssdm_op_WriteResp.m_axi.p1i16, i16 %gmem1_addr" [/home/ayvol/accelerator_wrapper/src/alveo_hls4ml.cpp:53]   --->   Operation 104 'writeresp' 'empty_75' <Predicate = true> <Delay = 2.43> <CoreInst = "m_axi">   --->   Core 121 'm_axi' <Latency = 0> <II = 1> <Delay = 1.00> <Adapter> <Opcode : 'read' 'write' 'readreq' 'writereq' 'writeresp'>

State 13 <SV = 12> <Delay = 2.43>
ST_13 : Operation 105 [64/68] (2.43ns)   --->   "%empty_75 = writeresp i1 @_ssdm_op_WriteResp.m_axi.p1i16, i16 %gmem1_addr" [/home/ayvol/accelerator_wrapper/src/alveo_hls4ml.cpp:53]   --->   Operation 105 'writeresp' 'empty_75' <Predicate = true> <Delay = 2.43> <CoreInst = "m_axi">   --->   Core 121 'm_axi' <Latency = 0> <II = 1> <Delay = 1.00> <Adapter> <Opcode : 'read' 'write' 'readreq' 'writereq' 'writeresp'>

State 14 <SV = 13> <Delay = 2.43>
ST_14 : Operation 106 [63/68] (2.43ns)   --->   "%empty_75 = writeresp i1 @_ssdm_op_WriteResp.m_axi.p1i16, i16 %gmem1_addr" [/home/ayvol/accelerator_wrapper/src/alveo_hls4ml.cpp:53]   --->   Operation 106 'writeresp' 'empty_75' <Predicate = true> <Delay = 2.43> <CoreInst = "m_axi">   --->   Core 121 'm_axi' <Latency = 0> <II = 1> <Delay = 1.00> <Adapter> <Opcode : 'read' 'write' 'readreq' 'writereq' 'writeresp'>

State 15 <SV = 14> <Delay = 2.43>
ST_15 : Operation 107 [62/68] (2.43ns)   --->   "%empty_75 = writeresp i1 @_ssdm_op_WriteResp.m_axi.p1i16, i16 %gmem1_addr" [/home/ayvol/accelerator_wrapper/src/alveo_hls4ml.cpp:53]   --->   Operation 107 'writeresp' 'empty_75' <Predicate = true> <Delay = 2.43> <CoreInst = "m_axi">   --->   Core 121 'm_axi' <Latency = 0> <II = 1> <Delay = 1.00> <Adapter> <Opcode : 'read' 'write' 'readreq' 'writereq' 'writeresp'>

State 16 <SV = 15> <Delay = 2.43>
ST_16 : Operation 108 [61/68] (2.43ns)   --->   "%empty_75 = writeresp i1 @_ssdm_op_WriteResp.m_axi.p1i16, i16 %gmem1_addr" [/home/ayvol/accelerator_wrapper/src/alveo_hls4ml.cpp:53]   --->   Operation 108 'writeresp' 'empty_75' <Predicate = true> <Delay = 2.43> <CoreInst = "m_axi">   --->   Core 121 'm_axi' <Latency = 0> <II = 1> <Delay = 1.00> <Adapter> <Opcode : 'read' 'write' 'readreq' 'writereq' 'writeresp'>

State 17 <SV = 16> <Delay = 2.43>
ST_17 : Operation 109 [60/68] (2.43ns)   --->   "%empty_75 = writeresp i1 @_ssdm_op_WriteResp.m_axi.p1i16, i16 %gmem1_addr" [/home/ayvol/accelerator_wrapper/src/alveo_hls4ml.cpp:53]   --->   Operation 109 'writeresp' 'empty_75' <Predicate = true> <Delay = 2.43> <CoreInst = "m_axi">   --->   Core 121 'm_axi' <Latency = 0> <II = 1> <Delay = 1.00> <Adapter> <Opcode : 'read' 'write' 'readreq' 'writereq' 'writeresp'>

State 18 <SV = 17> <Delay = 2.43>
ST_18 : Operation 110 [59/68] (2.43ns)   --->   "%empty_75 = writeresp i1 @_ssdm_op_WriteResp.m_axi.p1i16, i16 %gmem1_addr" [/home/ayvol/accelerator_wrapper/src/alveo_hls4ml.cpp:53]   --->   Operation 110 'writeresp' 'empty_75' <Predicate = true> <Delay = 2.43> <CoreInst = "m_axi">   --->   Core 121 'm_axi' <Latency = 0> <II = 1> <Delay = 1.00> <Adapter> <Opcode : 'read' 'write' 'readreq' 'writereq' 'writeresp'>

State 19 <SV = 18> <Delay = 2.43>
ST_19 : Operation 111 [58/68] (2.43ns)   --->   "%empty_75 = writeresp i1 @_ssdm_op_WriteResp.m_axi.p1i16, i16 %gmem1_addr" [/home/ayvol/accelerator_wrapper/src/alveo_hls4ml.cpp:53]   --->   Operation 111 'writeresp' 'empty_75' <Predicate = true> <Delay = 2.43> <CoreInst = "m_axi">   --->   Core 121 'm_axi' <Latency = 0> <II = 1> <Delay = 1.00> <Adapter> <Opcode : 'read' 'write' 'readreq' 'writereq' 'writeresp'>

State 20 <SV = 19> <Delay = 2.43>
ST_20 : Operation 112 [57/68] (2.43ns)   --->   "%empty_75 = writeresp i1 @_ssdm_op_WriteResp.m_axi.p1i16, i16 %gmem1_addr" [/home/ayvol/accelerator_wrapper/src/alveo_hls4ml.cpp:53]   --->   Operation 112 'writeresp' 'empty_75' <Predicate = true> <Delay = 2.43> <CoreInst = "m_axi">   --->   Core 121 'm_axi' <Latency = 0> <II = 1> <Delay = 1.00> <Adapter> <Opcode : 'read' 'write' 'readreq' 'writereq' 'writeresp'>

State 21 <SV = 20> <Delay = 2.43>
ST_21 : Operation 113 [56/68] (2.43ns)   --->   "%empty_75 = writeresp i1 @_ssdm_op_WriteResp.m_axi.p1i16, i16 %gmem1_addr" [/home/ayvol/accelerator_wrapper/src/alveo_hls4ml.cpp:53]   --->   Operation 113 'writeresp' 'empty_75' <Predicate = true> <Delay = 2.43> <CoreInst = "m_axi">   --->   Core 121 'm_axi' <Latency = 0> <II = 1> <Delay = 1.00> <Adapter> <Opcode : 'read' 'write' 'readreq' 'writereq' 'writeresp'>

State 22 <SV = 21> <Delay = 2.43>
ST_22 : Operation 114 [55/68] (2.43ns)   --->   "%empty_75 = writeresp i1 @_ssdm_op_WriteResp.m_axi.p1i16, i16 %gmem1_addr" [/home/ayvol/accelerator_wrapper/src/alveo_hls4ml.cpp:53]   --->   Operation 114 'writeresp' 'empty_75' <Predicate = true> <Delay = 2.43> <CoreInst = "m_axi">   --->   Core 121 'm_axi' <Latency = 0> <II = 1> <Delay = 1.00> <Adapter> <Opcode : 'read' 'write' 'readreq' 'writereq' 'writeresp'>

State 23 <SV = 22> <Delay = 2.43>
ST_23 : Operation 115 [54/68] (2.43ns)   --->   "%empty_75 = writeresp i1 @_ssdm_op_WriteResp.m_axi.p1i16, i16 %gmem1_addr" [/home/ayvol/accelerator_wrapper/src/alveo_hls4ml.cpp:53]   --->   Operation 115 'writeresp' 'empty_75' <Predicate = true> <Delay = 2.43> <CoreInst = "m_axi">   --->   Core 121 'm_axi' <Latency = 0> <II = 1> <Delay = 1.00> <Adapter> <Opcode : 'read' 'write' 'readreq' 'writereq' 'writeresp'>

State 24 <SV = 23> <Delay = 2.43>
ST_24 : Operation 116 [53/68] (2.43ns)   --->   "%empty_75 = writeresp i1 @_ssdm_op_WriteResp.m_axi.p1i16, i16 %gmem1_addr" [/home/ayvol/accelerator_wrapper/src/alveo_hls4ml.cpp:53]   --->   Operation 116 'writeresp' 'empty_75' <Predicate = true> <Delay = 2.43> <CoreInst = "m_axi">   --->   Core 121 'm_axi' <Latency = 0> <II = 1> <Delay = 1.00> <Adapter> <Opcode : 'read' 'write' 'readreq' 'writereq' 'writeresp'>

State 25 <SV = 24> <Delay = 2.43>
ST_25 : Operation 117 [52/68] (2.43ns)   --->   "%empty_75 = writeresp i1 @_ssdm_op_WriteResp.m_axi.p1i16, i16 %gmem1_addr" [/home/ayvol/accelerator_wrapper/src/alveo_hls4ml.cpp:53]   --->   Operation 117 'writeresp' 'empty_75' <Predicate = true> <Delay = 2.43> <CoreInst = "m_axi">   --->   Core 121 'm_axi' <Latency = 0> <II = 1> <Delay = 1.00> <Adapter> <Opcode : 'read' 'write' 'readreq' 'writereq' 'writeresp'>

State 26 <SV = 25> <Delay = 2.43>
ST_26 : Operation 118 [51/68] (2.43ns)   --->   "%empty_75 = writeresp i1 @_ssdm_op_WriteResp.m_axi.p1i16, i16 %gmem1_addr" [/home/ayvol/accelerator_wrapper/src/alveo_hls4ml.cpp:53]   --->   Operation 118 'writeresp' 'empty_75' <Predicate = true> <Delay = 2.43> <CoreInst = "m_axi">   --->   Core 121 'm_axi' <Latency = 0> <II = 1> <Delay = 1.00> <Adapter> <Opcode : 'read' 'write' 'readreq' 'writereq' 'writeresp'>

State 27 <SV = 26> <Delay = 2.43>
ST_27 : Operation 119 [50/68] (2.43ns)   --->   "%empty_75 = writeresp i1 @_ssdm_op_WriteResp.m_axi.p1i16, i16 %gmem1_addr" [/home/ayvol/accelerator_wrapper/src/alveo_hls4ml.cpp:53]   --->   Operation 119 'writeresp' 'empty_75' <Predicate = true> <Delay = 2.43> <CoreInst = "m_axi">   --->   Core 121 'm_axi' <Latency = 0> <II = 1> <Delay = 1.00> <Adapter> <Opcode : 'read' 'write' 'readreq' 'writereq' 'writeresp'>

State 28 <SV = 27> <Delay = 2.43>
ST_28 : Operation 120 [49/68] (2.43ns)   --->   "%empty_75 = writeresp i1 @_ssdm_op_WriteResp.m_axi.p1i16, i16 %gmem1_addr" [/home/ayvol/accelerator_wrapper/src/alveo_hls4ml.cpp:53]   --->   Operation 120 'writeresp' 'empty_75' <Predicate = true> <Delay = 2.43> <CoreInst = "m_axi">   --->   Core 121 'm_axi' <Latency = 0> <II = 1> <Delay = 1.00> <Adapter> <Opcode : 'read' 'write' 'readreq' 'writereq' 'writeresp'>

State 29 <SV = 28> <Delay = 2.43>
ST_29 : Operation 121 [48/68] (2.43ns)   --->   "%empty_75 = writeresp i1 @_ssdm_op_WriteResp.m_axi.p1i16, i16 %gmem1_addr" [/home/ayvol/accelerator_wrapper/src/alveo_hls4ml.cpp:53]   --->   Operation 121 'writeresp' 'empty_75' <Predicate = true> <Delay = 2.43> <CoreInst = "m_axi">   --->   Core 121 'm_axi' <Latency = 0> <II = 1> <Delay = 1.00> <Adapter> <Opcode : 'read' 'write' 'readreq' 'writereq' 'writeresp'>

State 30 <SV = 29> <Delay = 2.43>
ST_30 : Operation 122 [47/68] (2.43ns)   --->   "%empty_75 = writeresp i1 @_ssdm_op_WriteResp.m_axi.p1i16, i16 %gmem1_addr" [/home/ayvol/accelerator_wrapper/src/alveo_hls4ml.cpp:53]   --->   Operation 122 'writeresp' 'empty_75' <Predicate = true> <Delay = 2.43> <CoreInst = "m_axi">   --->   Core 121 'm_axi' <Latency = 0> <II = 1> <Delay = 1.00> <Adapter> <Opcode : 'read' 'write' 'readreq' 'writereq' 'writeresp'>

State 31 <SV = 30> <Delay = 2.43>
ST_31 : Operation 123 [46/68] (2.43ns)   --->   "%empty_75 = writeresp i1 @_ssdm_op_WriteResp.m_axi.p1i16, i16 %gmem1_addr" [/home/ayvol/accelerator_wrapper/src/alveo_hls4ml.cpp:53]   --->   Operation 123 'writeresp' 'empty_75' <Predicate = true> <Delay = 2.43> <CoreInst = "m_axi">   --->   Core 121 'm_axi' <Latency = 0> <II = 1> <Delay = 1.00> <Adapter> <Opcode : 'read' 'write' 'readreq' 'writereq' 'writeresp'>

State 32 <SV = 31> <Delay = 2.43>
ST_32 : Operation 124 [45/68] (2.43ns)   --->   "%empty_75 = writeresp i1 @_ssdm_op_WriteResp.m_axi.p1i16, i16 %gmem1_addr" [/home/ayvol/accelerator_wrapper/src/alveo_hls4ml.cpp:53]   --->   Operation 124 'writeresp' 'empty_75' <Predicate = true> <Delay = 2.43> <CoreInst = "m_axi">   --->   Core 121 'm_axi' <Latency = 0> <II = 1> <Delay = 1.00> <Adapter> <Opcode : 'read' 'write' 'readreq' 'writereq' 'writeresp'>

State 33 <SV = 32> <Delay = 2.43>
ST_33 : Operation 125 [44/68] (2.43ns)   --->   "%empty_75 = writeresp i1 @_ssdm_op_WriteResp.m_axi.p1i16, i16 %gmem1_addr" [/home/ayvol/accelerator_wrapper/src/alveo_hls4ml.cpp:53]   --->   Operation 125 'writeresp' 'empty_75' <Predicate = true> <Delay = 2.43> <CoreInst = "m_axi">   --->   Core 121 'm_axi' <Latency = 0> <II = 1> <Delay = 1.00> <Adapter> <Opcode : 'read' 'write' 'readreq' 'writereq' 'writeresp'>

State 34 <SV = 33> <Delay = 2.43>
ST_34 : Operation 126 [43/68] (2.43ns)   --->   "%empty_75 = writeresp i1 @_ssdm_op_WriteResp.m_axi.p1i16, i16 %gmem1_addr" [/home/ayvol/accelerator_wrapper/src/alveo_hls4ml.cpp:53]   --->   Operation 126 'writeresp' 'empty_75' <Predicate = true> <Delay = 2.43> <CoreInst = "m_axi">   --->   Core 121 'm_axi' <Latency = 0> <II = 1> <Delay = 1.00> <Adapter> <Opcode : 'read' 'write' 'readreq' 'writereq' 'writeresp'>

State 35 <SV = 34> <Delay = 2.43>
ST_35 : Operation 127 [42/68] (2.43ns)   --->   "%empty_75 = writeresp i1 @_ssdm_op_WriteResp.m_axi.p1i16, i16 %gmem1_addr" [/home/ayvol/accelerator_wrapper/src/alveo_hls4ml.cpp:53]   --->   Operation 127 'writeresp' 'empty_75' <Predicate = true> <Delay = 2.43> <CoreInst = "m_axi">   --->   Core 121 'm_axi' <Latency = 0> <II = 1> <Delay = 1.00> <Adapter> <Opcode : 'read' 'write' 'readreq' 'writereq' 'writeresp'>

State 36 <SV = 35> <Delay = 2.43>
ST_36 : Operation 128 [41/68] (2.43ns)   --->   "%empty_75 = writeresp i1 @_ssdm_op_WriteResp.m_axi.p1i16, i16 %gmem1_addr" [/home/ayvol/accelerator_wrapper/src/alveo_hls4ml.cpp:53]   --->   Operation 128 'writeresp' 'empty_75' <Predicate = true> <Delay = 2.43> <CoreInst = "m_axi">   --->   Core 121 'm_axi' <Latency = 0> <II = 1> <Delay = 1.00> <Adapter> <Opcode : 'read' 'write' 'readreq' 'writereq' 'writeresp'>

State 37 <SV = 36> <Delay = 2.43>
ST_37 : Operation 129 [40/68] (2.43ns)   --->   "%empty_75 = writeresp i1 @_ssdm_op_WriteResp.m_axi.p1i16, i16 %gmem1_addr" [/home/ayvol/accelerator_wrapper/src/alveo_hls4ml.cpp:53]   --->   Operation 129 'writeresp' 'empty_75' <Predicate = true> <Delay = 2.43> <CoreInst = "m_axi">   --->   Core 121 'm_axi' <Latency = 0> <II = 1> <Delay = 1.00> <Adapter> <Opcode : 'read' 'write' 'readreq' 'writereq' 'writeresp'>

State 38 <SV = 37> <Delay = 2.43>
ST_38 : Operation 130 [39/68] (2.43ns)   --->   "%empty_75 = writeresp i1 @_ssdm_op_WriteResp.m_axi.p1i16, i16 %gmem1_addr" [/home/ayvol/accelerator_wrapper/src/alveo_hls4ml.cpp:53]   --->   Operation 130 'writeresp' 'empty_75' <Predicate = true> <Delay = 2.43> <CoreInst = "m_axi">   --->   Core 121 'm_axi' <Latency = 0> <II = 1> <Delay = 1.00> <Adapter> <Opcode : 'read' 'write' 'readreq' 'writereq' 'writeresp'>

State 39 <SV = 38> <Delay = 2.43>
ST_39 : Operation 131 [38/68] (2.43ns)   --->   "%empty_75 = writeresp i1 @_ssdm_op_WriteResp.m_axi.p1i16, i16 %gmem1_addr" [/home/ayvol/accelerator_wrapper/src/alveo_hls4ml.cpp:53]   --->   Operation 131 'writeresp' 'empty_75' <Predicate = true> <Delay = 2.43> <CoreInst = "m_axi">   --->   Core 121 'm_axi' <Latency = 0> <II = 1> <Delay = 1.00> <Adapter> <Opcode : 'read' 'write' 'readreq' 'writereq' 'writeresp'>

State 40 <SV = 39> <Delay = 2.43>
ST_40 : Operation 132 [37/68] (2.43ns)   --->   "%empty_75 = writeresp i1 @_ssdm_op_WriteResp.m_axi.p1i16, i16 %gmem1_addr" [/home/ayvol/accelerator_wrapper/src/alveo_hls4ml.cpp:53]   --->   Operation 132 'writeresp' 'empty_75' <Predicate = true> <Delay = 2.43> <CoreInst = "m_axi">   --->   Core 121 'm_axi' <Latency = 0> <II = 1> <Delay = 1.00> <Adapter> <Opcode : 'read' 'write' 'readreq' 'writereq' 'writeresp'>

State 41 <SV = 40> <Delay = 2.43>
ST_41 : Operation 133 [36/68] (2.43ns)   --->   "%empty_75 = writeresp i1 @_ssdm_op_WriteResp.m_axi.p1i16, i16 %gmem1_addr" [/home/ayvol/accelerator_wrapper/src/alveo_hls4ml.cpp:53]   --->   Operation 133 'writeresp' 'empty_75' <Predicate = true> <Delay = 2.43> <CoreInst = "m_axi">   --->   Core 121 'm_axi' <Latency = 0> <II = 1> <Delay = 1.00> <Adapter> <Opcode : 'read' 'write' 'readreq' 'writereq' 'writeresp'>

State 42 <SV = 41> <Delay = 2.43>
ST_42 : Operation 134 [35/68] (2.43ns)   --->   "%empty_75 = writeresp i1 @_ssdm_op_WriteResp.m_axi.p1i16, i16 %gmem1_addr" [/home/ayvol/accelerator_wrapper/src/alveo_hls4ml.cpp:53]   --->   Operation 134 'writeresp' 'empty_75' <Predicate = true> <Delay = 2.43> <CoreInst = "m_axi">   --->   Core 121 'm_axi' <Latency = 0> <II = 1> <Delay = 1.00> <Adapter> <Opcode : 'read' 'write' 'readreq' 'writereq' 'writeresp'>

State 43 <SV = 42> <Delay = 2.43>
ST_43 : Operation 135 [34/68] (2.43ns)   --->   "%empty_75 = writeresp i1 @_ssdm_op_WriteResp.m_axi.p1i16, i16 %gmem1_addr" [/home/ayvol/accelerator_wrapper/src/alveo_hls4ml.cpp:53]   --->   Operation 135 'writeresp' 'empty_75' <Predicate = true> <Delay = 2.43> <CoreInst = "m_axi">   --->   Core 121 'm_axi' <Latency = 0> <II = 1> <Delay = 1.00> <Adapter> <Opcode : 'read' 'write' 'readreq' 'writereq' 'writeresp'>

State 44 <SV = 43> <Delay = 2.43>
ST_44 : Operation 136 [33/68] (2.43ns)   --->   "%empty_75 = writeresp i1 @_ssdm_op_WriteResp.m_axi.p1i16, i16 %gmem1_addr" [/home/ayvol/accelerator_wrapper/src/alveo_hls4ml.cpp:53]   --->   Operation 136 'writeresp' 'empty_75' <Predicate = true> <Delay = 2.43> <CoreInst = "m_axi">   --->   Core 121 'm_axi' <Latency = 0> <II = 1> <Delay = 1.00> <Adapter> <Opcode : 'read' 'write' 'readreq' 'writereq' 'writeresp'>

State 45 <SV = 44> <Delay = 2.43>
ST_45 : Operation 137 [32/68] (2.43ns)   --->   "%empty_75 = writeresp i1 @_ssdm_op_WriteResp.m_axi.p1i16, i16 %gmem1_addr" [/home/ayvol/accelerator_wrapper/src/alveo_hls4ml.cpp:53]   --->   Operation 137 'writeresp' 'empty_75' <Predicate = true> <Delay = 2.43> <CoreInst = "m_axi">   --->   Core 121 'm_axi' <Latency = 0> <II = 1> <Delay = 1.00> <Adapter> <Opcode : 'read' 'write' 'readreq' 'writereq' 'writeresp'>

State 46 <SV = 45> <Delay = 2.43>
ST_46 : Operation 138 [31/68] (2.43ns)   --->   "%empty_75 = writeresp i1 @_ssdm_op_WriteResp.m_axi.p1i16, i16 %gmem1_addr" [/home/ayvol/accelerator_wrapper/src/alveo_hls4ml.cpp:53]   --->   Operation 138 'writeresp' 'empty_75' <Predicate = true> <Delay = 2.43> <CoreInst = "m_axi">   --->   Core 121 'm_axi' <Latency = 0> <II = 1> <Delay = 1.00> <Adapter> <Opcode : 'read' 'write' 'readreq' 'writereq' 'writeresp'>

State 47 <SV = 46> <Delay = 2.43>
ST_47 : Operation 139 [30/68] (2.43ns)   --->   "%empty_75 = writeresp i1 @_ssdm_op_WriteResp.m_axi.p1i16, i16 %gmem1_addr" [/home/ayvol/accelerator_wrapper/src/alveo_hls4ml.cpp:53]   --->   Operation 139 'writeresp' 'empty_75' <Predicate = true> <Delay = 2.43> <CoreInst = "m_axi">   --->   Core 121 'm_axi' <Latency = 0> <II = 1> <Delay = 1.00> <Adapter> <Opcode : 'read' 'write' 'readreq' 'writereq' 'writeresp'>

State 48 <SV = 47> <Delay = 2.43>
ST_48 : Operation 140 [29/68] (2.43ns)   --->   "%empty_75 = writeresp i1 @_ssdm_op_WriteResp.m_axi.p1i16, i16 %gmem1_addr" [/home/ayvol/accelerator_wrapper/src/alveo_hls4ml.cpp:53]   --->   Operation 140 'writeresp' 'empty_75' <Predicate = true> <Delay = 2.43> <CoreInst = "m_axi">   --->   Core 121 'm_axi' <Latency = 0> <II = 1> <Delay = 1.00> <Adapter> <Opcode : 'read' 'write' 'readreq' 'writereq' 'writeresp'>

State 49 <SV = 48> <Delay = 2.43>
ST_49 : Operation 141 [28/68] (2.43ns)   --->   "%empty_75 = writeresp i1 @_ssdm_op_WriteResp.m_axi.p1i16, i16 %gmem1_addr" [/home/ayvol/accelerator_wrapper/src/alveo_hls4ml.cpp:53]   --->   Operation 141 'writeresp' 'empty_75' <Predicate = true> <Delay = 2.43> <CoreInst = "m_axi">   --->   Core 121 'm_axi' <Latency = 0> <II = 1> <Delay = 1.00> <Adapter> <Opcode : 'read' 'write' 'readreq' 'writereq' 'writeresp'>

State 50 <SV = 49> <Delay = 2.43>
ST_50 : Operation 142 [27/68] (2.43ns)   --->   "%empty_75 = writeresp i1 @_ssdm_op_WriteResp.m_axi.p1i16, i16 %gmem1_addr" [/home/ayvol/accelerator_wrapper/src/alveo_hls4ml.cpp:53]   --->   Operation 142 'writeresp' 'empty_75' <Predicate = true> <Delay = 2.43> <CoreInst = "m_axi">   --->   Core 121 'm_axi' <Latency = 0> <II = 1> <Delay = 1.00> <Adapter> <Opcode : 'read' 'write' 'readreq' 'writereq' 'writeresp'>

State 51 <SV = 50> <Delay = 2.43>
ST_51 : Operation 143 [26/68] (2.43ns)   --->   "%empty_75 = writeresp i1 @_ssdm_op_WriteResp.m_axi.p1i16, i16 %gmem1_addr" [/home/ayvol/accelerator_wrapper/src/alveo_hls4ml.cpp:53]   --->   Operation 143 'writeresp' 'empty_75' <Predicate = true> <Delay = 2.43> <CoreInst = "m_axi">   --->   Core 121 'm_axi' <Latency = 0> <II = 1> <Delay = 1.00> <Adapter> <Opcode : 'read' 'write' 'readreq' 'writereq' 'writeresp'>

State 52 <SV = 51> <Delay = 2.43>
ST_52 : Operation 144 [25/68] (2.43ns)   --->   "%empty_75 = writeresp i1 @_ssdm_op_WriteResp.m_axi.p1i16, i16 %gmem1_addr" [/home/ayvol/accelerator_wrapper/src/alveo_hls4ml.cpp:53]   --->   Operation 144 'writeresp' 'empty_75' <Predicate = true> <Delay = 2.43> <CoreInst = "m_axi">   --->   Core 121 'm_axi' <Latency = 0> <II = 1> <Delay = 1.00> <Adapter> <Opcode : 'read' 'write' 'readreq' 'writereq' 'writeresp'>

State 53 <SV = 52> <Delay = 2.43>
ST_53 : Operation 145 [24/68] (2.43ns)   --->   "%empty_75 = writeresp i1 @_ssdm_op_WriteResp.m_axi.p1i16, i16 %gmem1_addr" [/home/ayvol/accelerator_wrapper/src/alveo_hls4ml.cpp:53]   --->   Operation 145 'writeresp' 'empty_75' <Predicate = true> <Delay = 2.43> <CoreInst = "m_axi">   --->   Core 121 'm_axi' <Latency = 0> <II = 1> <Delay = 1.00> <Adapter> <Opcode : 'read' 'write' 'readreq' 'writereq' 'writeresp'>

State 54 <SV = 53> <Delay = 2.43>
ST_54 : Operation 146 [23/68] (2.43ns)   --->   "%empty_75 = writeresp i1 @_ssdm_op_WriteResp.m_axi.p1i16, i16 %gmem1_addr" [/home/ayvol/accelerator_wrapper/src/alveo_hls4ml.cpp:53]   --->   Operation 146 'writeresp' 'empty_75' <Predicate = true> <Delay = 2.43> <CoreInst = "m_axi">   --->   Core 121 'm_axi' <Latency = 0> <II = 1> <Delay = 1.00> <Adapter> <Opcode : 'read' 'write' 'readreq' 'writereq' 'writeresp'>

State 55 <SV = 54> <Delay = 2.43>
ST_55 : Operation 147 [22/68] (2.43ns)   --->   "%empty_75 = writeresp i1 @_ssdm_op_WriteResp.m_axi.p1i16, i16 %gmem1_addr" [/home/ayvol/accelerator_wrapper/src/alveo_hls4ml.cpp:53]   --->   Operation 147 'writeresp' 'empty_75' <Predicate = true> <Delay = 2.43> <CoreInst = "m_axi">   --->   Core 121 'm_axi' <Latency = 0> <II = 1> <Delay = 1.00> <Adapter> <Opcode : 'read' 'write' 'readreq' 'writereq' 'writeresp'>

State 56 <SV = 55> <Delay = 2.43>
ST_56 : Operation 148 [21/68] (2.43ns)   --->   "%empty_75 = writeresp i1 @_ssdm_op_WriteResp.m_axi.p1i16, i16 %gmem1_addr" [/home/ayvol/accelerator_wrapper/src/alveo_hls4ml.cpp:53]   --->   Operation 148 'writeresp' 'empty_75' <Predicate = true> <Delay = 2.43> <CoreInst = "m_axi">   --->   Core 121 'm_axi' <Latency = 0> <II = 1> <Delay = 1.00> <Adapter> <Opcode : 'read' 'write' 'readreq' 'writereq' 'writeresp'>

State 57 <SV = 56> <Delay = 2.43>
ST_57 : Operation 149 [20/68] (2.43ns)   --->   "%empty_75 = writeresp i1 @_ssdm_op_WriteResp.m_axi.p1i16, i16 %gmem1_addr" [/home/ayvol/accelerator_wrapper/src/alveo_hls4ml.cpp:53]   --->   Operation 149 'writeresp' 'empty_75' <Predicate = true> <Delay = 2.43> <CoreInst = "m_axi">   --->   Core 121 'm_axi' <Latency = 0> <II = 1> <Delay = 1.00> <Adapter> <Opcode : 'read' 'write' 'readreq' 'writereq' 'writeresp'>

State 58 <SV = 57> <Delay = 2.43>
ST_58 : Operation 150 [19/68] (2.43ns)   --->   "%empty_75 = writeresp i1 @_ssdm_op_WriteResp.m_axi.p1i16, i16 %gmem1_addr" [/home/ayvol/accelerator_wrapper/src/alveo_hls4ml.cpp:53]   --->   Operation 150 'writeresp' 'empty_75' <Predicate = true> <Delay = 2.43> <CoreInst = "m_axi">   --->   Core 121 'm_axi' <Latency = 0> <II = 1> <Delay = 1.00> <Adapter> <Opcode : 'read' 'write' 'readreq' 'writereq' 'writeresp'>

State 59 <SV = 58> <Delay = 2.43>
ST_59 : Operation 151 [18/68] (2.43ns)   --->   "%empty_75 = writeresp i1 @_ssdm_op_WriteResp.m_axi.p1i16, i16 %gmem1_addr" [/home/ayvol/accelerator_wrapper/src/alveo_hls4ml.cpp:53]   --->   Operation 151 'writeresp' 'empty_75' <Predicate = true> <Delay = 2.43> <CoreInst = "m_axi">   --->   Core 121 'm_axi' <Latency = 0> <II = 1> <Delay = 1.00> <Adapter> <Opcode : 'read' 'write' 'readreq' 'writereq' 'writeresp'>

State 60 <SV = 59> <Delay = 2.43>
ST_60 : Operation 152 [17/68] (2.43ns)   --->   "%empty_75 = writeresp i1 @_ssdm_op_WriteResp.m_axi.p1i16, i16 %gmem1_addr" [/home/ayvol/accelerator_wrapper/src/alveo_hls4ml.cpp:53]   --->   Operation 152 'writeresp' 'empty_75' <Predicate = true> <Delay = 2.43> <CoreInst = "m_axi">   --->   Core 121 'm_axi' <Latency = 0> <II = 1> <Delay = 1.00> <Adapter> <Opcode : 'read' 'write' 'readreq' 'writereq' 'writeresp'>

State 61 <SV = 60> <Delay = 2.43>
ST_61 : Operation 153 [16/68] (2.43ns)   --->   "%empty_75 = writeresp i1 @_ssdm_op_WriteResp.m_axi.p1i16, i16 %gmem1_addr" [/home/ayvol/accelerator_wrapper/src/alveo_hls4ml.cpp:53]   --->   Operation 153 'writeresp' 'empty_75' <Predicate = true> <Delay = 2.43> <CoreInst = "m_axi">   --->   Core 121 'm_axi' <Latency = 0> <II = 1> <Delay = 1.00> <Adapter> <Opcode : 'read' 'write' 'readreq' 'writereq' 'writeresp'>

State 62 <SV = 61> <Delay = 2.43>
ST_62 : Operation 154 [15/68] (2.43ns)   --->   "%empty_75 = writeresp i1 @_ssdm_op_WriteResp.m_axi.p1i16, i16 %gmem1_addr" [/home/ayvol/accelerator_wrapper/src/alveo_hls4ml.cpp:53]   --->   Operation 154 'writeresp' 'empty_75' <Predicate = true> <Delay = 2.43> <CoreInst = "m_axi">   --->   Core 121 'm_axi' <Latency = 0> <II = 1> <Delay = 1.00> <Adapter> <Opcode : 'read' 'write' 'readreq' 'writereq' 'writeresp'>

State 63 <SV = 62> <Delay = 2.43>
ST_63 : Operation 155 [14/68] (2.43ns)   --->   "%empty_75 = writeresp i1 @_ssdm_op_WriteResp.m_axi.p1i16, i16 %gmem1_addr" [/home/ayvol/accelerator_wrapper/src/alveo_hls4ml.cpp:53]   --->   Operation 155 'writeresp' 'empty_75' <Predicate = true> <Delay = 2.43> <CoreInst = "m_axi">   --->   Core 121 'm_axi' <Latency = 0> <II = 1> <Delay = 1.00> <Adapter> <Opcode : 'read' 'write' 'readreq' 'writereq' 'writeresp'>

State 64 <SV = 63> <Delay = 2.43>
ST_64 : Operation 156 [13/68] (2.43ns)   --->   "%empty_75 = writeresp i1 @_ssdm_op_WriteResp.m_axi.p1i16, i16 %gmem1_addr" [/home/ayvol/accelerator_wrapper/src/alveo_hls4ml.cpp:53]   --->   Operation 156 'writeresp' 'empty_75' <Predicate = true> <Delay = 2.43> <CoreInst = "m_axi">   --->   Core 121 'm_axi' <Latency = 0> <II = 1> <Delay = 1.00> <Adapter> <Opcode : 'read' 'write' 'readreq' 'writereq' 'writeresp'>

State 65 <SV = 64> <Delay = 2.43>
ST_65 : Operation 157 [12/68] (2.43ns)   --->   "%empty_75 = writeresp i1 @_ssdm_op_WriteResp.m_axi.p1i16, i16 %gmem1_addr" [/home/ayvol/accelerator_wrapper/src/alveo_hls4ml.cpp:53]   --->   Operation 157 'writeresp' 'empty_75' <Predicate = true> <Delay = 2.43> <CoreInst = "m_axi">   --->   Core 121 'm_axi' <Latency = 0> <II = 1> <Delay = 1.00> <Adapter> <Opcode : 'read' 'write' 'readreq' 'writereq' 'writeresp'>

State 66 <SV = 65> <Delay = 2.43>
ST_66 : Operation 158 [11/68] (2.43ns)   --->   "%empty_75 = writeresp i1 @_ssdm_op_WriteResp.m_axi.p1i16, i16 %gmem1_addr" [/home/ayvol/accelerator_wrapper/src/alveo_hls4ml.cpp:53]   --->   Operation 158 'writeresp' 'empty_75' <Predicate = true> <Delay = 2.43> <CoreInst = "m_axi">   --->   Core 121 'm_axi' <Latency = 0> <II = 1> <Delay = 1.00> <Adapter> <Opcode : 'read' 'write' 'readreq' 'writereq' 'writeresp'>

State 67 <SV = 66> <Delay = 2.43>
ST_67 : Operation 159 [10/68] (2.43ns)   --->   "%empty_75 = writeresp i1 @_ssdm_op_WriteResp.m_axi.p1i16, i16 %gmem1_addr" [/home/ayvol/accelerator_wrapper/src/alveo_hls4ml.cpp:53]   --->   Operation 159 'writeresp' 'empty_75' <Predicate = true> <Delay = 2.43> <CoreInst = "m_axi">   --->   Core 121 'm_axi' <Latency = 0> <II = 1> <Delay = 1.00> <Adapter> <Opcode : 'read' 'write' 'readreq' 'writereq' 'writeresp'>

State 68 <SV = 67> <Delay = 2.43>
ST_68 : Operation 160 [9/68] (2.43ns)   --->   "%empty_75 = writeresp i1 @_ssdm_op_WriteResp.m_axi.p1i16, i16 %gmem1_addr" [/home/ayvol/accelerator_wrapper/src/alveo_hls4ml.cpp:53]   --->   Operation 160 'writeresp' 'empty_75' <Predicate = true> <Delay = 2.43> <CoreInst = "m_axi">   --->   Core 121 'm_axi' <Latency = 0> <II = 1> <Delay = 1.00> <Adapter> <Opcode : 'read' 'write' 'readreq' 'writereq' 'writeresp'>

State 69 <SV = 68> <Delay = 2.43>
ST_69 : Operation 161 [8/68] (2.43ns)   --->   "%empty_75 = writeresp i1 @_ssdm_op_WriteResp.m_axi.p1i16, i16 %gmem1_addr" [/home/ayvol/accelerator_wrapper/src/alveo_hls4ml.cpp:53]   --->   Operation 161 'writeresp' 'empty_75' <Predicate = true> <Delay = 2.43> <CoreInst = "m_axi">   --->   Core 121 'm_axi' <Latency = 0> <II = 1> <Delay = 1.00> <Adapter> <Opcode : 'read' 'write' 'readreq' 'writereq' 'writeresp'>

State 70 <SV = 69> <Delay = 2.43>
ST_70 : Operation 162 [7/68] (2.43ns)   --->   "%empty_75 = writeresp i1 @_ssdm_op_WriteResp.m_axi.p1i16, i16 %gmem1_addr" [/home/ayvol/accelerator_wrapper/src/alveo_hls4ml.cpp:53]   --->   Operation 162 'writeresp' 'empty_75' <Predicate = true> <Delay = 2.43> <CoreInst = "m_axi">   --->   Core 121 'm_axi' <Latency = 0> <II = 1> <Delay = 1.00> <Adapter> <Opcode : 'read' 'write' 'readreq' 'writereq' 'writeresp'>

State 71 <SV = 70> <Delay = 2.43>
ST_71 : Operation 163 [6/68] (2.43ns)   --->   "%empty_75 = writeresp i1 @_ssdm_op_WriteResp.m_axi.p1i16, i16 %gmem1_addr" [/home/ayvol/accelerator_wrapper/src/alveo_hls4ml.cpp:53]   --->   Operation 163 'writeresp' 'empty_75' <Predicate = true> <Delay = 2.43> <CoreInst = "m_axi">   --->   Core 121 'm_axi' <Latency = 0> <II = 1> <Delay = 1.00> <Adapter> <Opcode : 'read' 'write' 'readreq' 'writereq' 'writeresp'>

State 72 <SV = 71> <Delay = 2.43>
ST_72 : Operation 164 [5/68] (2.43ns)   --->   "%empty_75 = writeresp i1 @_ssdm_op_WriteResp.m_axi.p1i16, i16 %gmem1_addr" [/home/ayvol/accelerator_wrapper/src/alveo_hls4ml.cpp:53]   --->   Operation 164 'writeresp' 'empty_75' <Predicate = true> <Delay = 2.43> <CoreInst = "m_axi">   --->   Core 121 'm_axi' <Latency = 0> <II = 1> <Delay = 1.00> <Adapter> <Opcode : 'read' 'write' 'readreq' 'writereq' 'writeresp'>

State 73 <SV = 72> <Delay = 2.43>
ST_73 : Operation 165 [4/68] (2.43ns)   --->   "%empty_75 = writeresp i1 @_ssdm_op_WriteResp.m_axi.p1i16, i16 %gmem1_addr" [/home/ayvol/accelerator_wrapper/src/alveo_hls4ml.cpp:53]   --->   Operation 165 'writeresp' 'empty_75' <Predicate = true> <Delay = 2.43> <CoreInst = "m_axi">   --->   Core 121 'm_axi' <Latency = 0> <II = 1> <Delay = 1.00> <Adapter> <Opcode : 'read' 'write' 'readreq' 'writereq' 'writeresp'>

State 74 <SV = 73> <Delay = 2.43>
ST_74 : Operation 166 [3/68] (2.43ns)   --->   "%empty_75 = writeresp i1 @_ssdm_op_WriteResp.m_axi.p1i16, i16 %gmem1_addr" [/home/ayvol/accelerator_wrapper/src/alveo_hls4ml.cpp:53]   --->   Operation 166 'writeresp' 'empty_75' <Predicate = true> <Delay = 2.43> <CoreInst = "m_axi">   --->   Core 121 'm_axi' <Latency = 0> <II = 1> <Delay = 1.00> <Adapter> <Opcode : 'read' 'write' 'readreq' 'writereq' 'writeresp'>

State 75 <SV = 74> <Delay = 2.43>
ST_75 : Operation 167 [2/68] (2.43ns)   --->   "%empty_75 = writeresp i1 @_ssdm_op_WriteResp.m_axi.p1i16, i16 %gmem1_addr" [/home/ayvol/accelerator_wrapper/src/alveo_hls4ml.cpp:53]   --->   Operation 167 'writeresp' 'empty_75' <Predicate = true> <Delay = 2.43> <CoreInst = "m_axi">   --->   Core 121 'm_axi' <Latency = 0> <II = 1> <Delay = 1.00> <Adapter> <Opcode : 'read' 'write' 'readreq' 'writereq' 'writeresp'>

State 76 <SV = 75> <Delay = 2.43>
ST_76 : Operation 168 [1/1] (0.00ns)   --->   "%specinterface_ln0 = specinterface void @_ssdm_op_SpecInterface, i64 %out_r, void @ap_fifo_str, i32 0, i32 0, void @p_str, i32 0, i32 0, void @p_str, void @p_str, void @p_str, i32 2, i32 2, i32 16, i32 16, void @p_str, void @ScalarProp_str, i32 4294967295, i32 0"   --->   Operation 168 'specinterface' 'specinterface_ln0' <Predicate = true> <Delay = 0.00>
ST_76 : Operation 169 [1/1] (0.00ns)   --->   "%specinterface_ln0 = specinterface void @_ssdm_op_SpecInterface, i13 %n, void @ap_fifo_str, i32 0, i32 0, void @p_str, i32 0, i32 0, void @p_str, void @p_str, void @p_str, i32 2, i32 2, i32 16, i32 16, void @p_str, void @ScalarProp_str, i32 4294967295, i32 0"   --->   Operation 169 'specinterface' 'specinterface_ln0' <Predicate = true> <Delay = 0.00>
ST_76 : Operation 170 [1/1] (0.00ns)   --->   "%specinterface_ln0 = specinterface void @_ssdm_op_SpecInterface, i80 %output_r, void @empty_20, i32 0, i32 0, void @empty_18, i32 0, i32 0, void @empty_18, void @empty_18, void @empty_18, i32 0, i32 0, i32 0, i32 0, void @empty_18, void @empty_18, i32 4294967295, i32 0"   --->   Operation 170 'specinterface' 'specinterface_ln0' <Predicate = true> <Delay = 0.00>
ST_76 : Operation 171 [1/1] (0.00ns)   --->   "%specinterface_ln0 = specinterface void @_ssdm_op_SpecInterface, i16 %gmem1, void @empty_13, i32 0, i32 0, void @empty_18, i32 64, i32 0, void @empty_5, void @empty_0, void @empty_18, i32 16, i32 16, i32 16, i32 16, void @empty_18, void @empty_18, i32 4294967295, i32 0"   --->   Operation 171 'specinterface' 'specinterface_ln0' <Predicate = true> <Delay = 0.00>
ST_76 : Operation 172 [1/68] (2.43ns)   --->   "%empty_75 = writeresp i1 @_ssdm_op_WriteResp.m_axi.p1i16, i16 %gmem1_addr" [/home/ayvol/accelerator_wrapper/src/alveo_hls4ml.cpp:53]   --->   Operation 172 'writeresp' 'empty_75' <Predicate = true> <Delay = 2.43> <CoreInst = "m_axi">   --->   Core 121 'm_axi' <Latency = 0> <II = 1> <Delay = 1.00> <Adapter> <Opcode : 'read' 'write' 'readreq' 'writereq' 'writeresp'>
ST_76 : Operation 173 [1/1] (0.00ns)   --->   "%ret_ln57 = ret" [/home/ayvol/accelerator_wrapper/src/alveo_hls4ml.cpp:57]   --->   Operation 173 'ret' 'ret_ln57' <Predicate = true> <Delay = 0.00>


============================================================
+ Verbose Summary: Binding
============================================================
STG Binding: 
---------------- STG Properties BEGIN ----------------
- Is combinational: 0
- Is one-state seq: 0
- Is datapath-only: 0
- Is pipelined: 0
- Is top level: 0
Port [ Return ] is wired: 1; IO mode=ap_ctrl_hs:ce=0
Port [ gmem1]:  wired=1; compound=1; hidden=0; nouse=0; global=0; static=0; extern=0; dir=1; type=4; pingpong=0; private_global=0; IO mode=m_axi:ce=0
Port [ out_r]:  wired=1; compound=1; hidden=0; nouse=0; global=0; static=0; extern=0; dir=0; type=3; pingpong=0; private_global=0; IO mode=ap_fifo:ce=0
Port [ output_r]:  wired=1; compound=1; hidden=0; nouse=0; global=0; static=0; extern=0; dir=0; type=3; pingpong=0; private_global=0; IO mode=ap_fifo:ce=0
Port [ n]:  wired=1; compound=1; hidden=0; nouse=0; global=0; static=0; extern=0; dir=0; type=3; pingpong=0; private_global=0; IO mode=ap_fifo:ce=0
---------------- STG Properties END ------------------

---------------- Datapath Model BEGIN ----------------

<LifeTime>
<method=bitvector/>
out_read          (read          ) [ 00100000000000000000000000000000000000000000000000000000000000000000000000000]
n_read            (read          ) [ 00100000000000000000000000000000000000000000000000000000000000000000000000000]
output_read       (read          ) [ 00000000000000000000000000000000000000000000000000000000000000000000000000000]
trunc_ln52        (trunc         ) [ 00111000000000000000000000000000000000000000000000000000000000000000000000000]
trunc_ln52_3      (partselect    ) [ 00111111000000000000000000000000000000000000000000000000000000000000000000000]
trunc_ln52_4      (partselect    ) [ 00111111100000000000000000000000000000000000000000000000000000000000000000000]
tmp               (partselect    ) [ 00111100000000000000000000000000000000000000000000000000000000000000000000000]
tmp_1             (partselect    ) [ 00111110000000000000000000000000000000000000000000000000000000000000000000000]
n_load_cast2      (zext          ) [ 00000000000000000000000000000000000000000000000000000000000000000000000000000]
p_shl             (bitconcatenate) [ 00000000000000000000000000000000000000000000000000000000000000000000000000000]
zext_ln55         (zext          ) [ 00000000000000000000000000000000000000000000000000000000000000000000000000000]
add_ln55_1        (add           ) [ 00000000000000000000000000000000000000000000000000000000000000000000000000000]
shl_ln            (bitconcatenate) [ 00000000000000000000000000000000000000000000000000000000000000000000000000000]
zext_ln55_1       (zext          ) [ 00000000000000000000000000000000000000000000000000000000000000000000000000000]
add_ln55          (add           ) [ 00000000000000000000000000000000000000000000000000000000000000000000000000000]
trunc_ln1         (partselect    ) [ 00000000000000000000000000000000000000000000000000000000000000000000000000000]
sext_ln53         (sext          ) [ 00000000000000000000000000000000000000000000000000000000000000000000000000000]
gmem1_addr        (getelementptr ) [ 00011111111111111111111111111111111111111111111111111111111111111111111111111]
empty             (writereq      ) [ 00000000000000000000000000000000000000000000000000000000000000000000000000000]
write_ln53        (write         ) [ 00000000000000000000000000000000000000000000000000000000000000000000000000000]
write_ln53        (write         ) [ 00000000000000000000000000000000000000000000000000000000000000000000000000000]
write_ln53        (write         ) [ 00000000000000000000000000000000000000000000000000000000000000000000000000000]
write_ln53        (write         ) [ 00000000000000000000000000000000000000000000000000000000000000000000000000000]
write_ln53        (write         ) [ 00000000000000000000000000000000000000000000000000000000000000000000000000000]
specinterface_ln0 (specinterface ) [ 00000000000000000000000000000000000000000000000000000000000000000000000000000]
specinterface_ln0 (specinterface ) [ 00000000000000000000000000000000000000000000000000000000000000000000000000000]
specinterface_ln0 (specinterface ) [ 00000000000000000000000000000000000000000000000000000000000000000000000000000]
specinterface_ln0 (specinterface ) [ 00000000000000000000000000000000000000000000000000000000000000000000000000000]
empty_75          (writeresp     ) [ 00000000000000000000000000000000000000000000000000000000000000000000000000000]
ret_ln57          (ret           ) [ 00000000000000000000000000000000000000000000000000000000000000000000000000000]
</LifeTime>

<model>

<comp_list>
<comp id="0" class="1000" name="gmem1">
<pin_list>
<pin id="1" dir="1" index="0" bw="1" slack="0"/>
</pin_list>
<bind>
<StgValue><ssdm name="gmem1"/></StgValue>
</bind>
</comp>

<comp id="2" class="1000" name="out_r">
<pin_list>
<pin id="3" dir="1" index="0" bw="1" slack="0"/>
</pin_list>
<bind>
<StgValue><ssdm name="out_r"/></StgValue>
</bind>
</comp>

<comp id="4" class="1000" name="output_r">
<pin_list>
<pin id="5" dir="1" index="0" bw="1" slack="0"/>
</pin_list>
<bind>
<StgValue><ssdm name="output_r"/></StgValue>
</bind>
</comp>

<comp id="6" class="1000" name="n">
<pin_list>
<pin id="7" dir="1" index="0" bw="1" slack="0"/>
</pin_list>
<bind>
<StgValue><ssdm name="n"/></StgValue>
</bind>
</comp>

<comp id="8" class="1001" name="const_8">
<pin_list>
<pin id="9" dir="1" index="0" bw="1" slack="0"/>
</pin_list>
<bind>
<StgValue><ssdm name="_ssdm_op_Read.ap_fifo.i64P0A"/></StgValue>
</bind>
</comp>

<comp id="10" class="1001" name="const_10">
<pin_list>
<pin id="11" dir="1" index="0" bw="1" slack="0"/>
</pin_list>
<bind>
<StgValue><ssdm name="_ssdm_op_Read.ap_fifo.i13P0A"/></StgValue>
</bind>
</comp>

<comp id="12" class="1001" name="const_12">
<pin_list>
<pin id="13" dir="1" index="0" bw="1" slack="0"/>
</pin_list>
<bind>
<StgValue><ssdm name="_ssdm_op_Read.ap_fifo.volatile.i80P0A"/></StgValue>
</bind>
</comp>

<comp id="14" class="1001" name="const_14">
<pin_list>
<pin id="15" dir="1" index="0" bw="1" slack="0"/>
</pin_list>
<bind>
<StgValue><ssdm name="_ssdm_op_PartSelect.i16.i80.i32.i32"/></StgValue>
</bind>
</comp>

<comp id="16" class="1001" name="const_16">
<pin_list>
<pin id="17" dir="1" index="0" bw="1" slack="0"/>
</pin_list>
<bind>
<StgValue><ssdm name=""/></StgValue>
</bind>
</comp>

<comp id="18" class="1001" name="const_18">
<pin_list>
<pin id="19" dir="1" index="0" bw="1" slack="0"/>
</pin_list>
<bind>
<StgValue><ssdm name=""/></StgValue>
</bind>
</comp>

<comp id="20" class="1001" name="const_20">
<pin_list>
<pin id="21" dir="1" index="0" bw="1" slack="0"/>
</pin_list>
<bind>
<StgValue><ssdm name=""/></StgValue>
</bind>
</comp>

<comp id="22" class="1001" name="const_22">
<pin_list>
<pin id="23" dir="1" index="0" bw="1" slack="0"/>
</pin_list>
<bind>
<StgValue><ssdm name=""/></StgValue>
</bind>
</comp>

<comp id="24" class="1001" name="const_24">
<pin_list>
<pin id="25" dir="1" index="0" bw="1" slack="0"/>
</pin_list>
<bind>
<StgValue><ssdm name=""/></StgValue>
</bind>
</comp>

<comp id="26" class="1001" name="const_26">
<pin_list>
<pin id="27" dir="1" index="0" bw="1" slack="0"/>
</pin_list>
<bind>
<StgValue><ssdm name=""/></StgValue>
</bind>
</comp>

<comp id="28" class="1001" name="const_28">
<pin_list>
<pin id="29" dir="1" index="0" bw="1" slack="0"/>
</pin_list>
<bind>
<StgValue><ssdm name=""/></StgValue>
</bind>
</comp>

<comp id="30" class="1001" name="const_30">
<pin_list>
<pin id="31" dir="1" index="0" bw="1" slack="0"/>
</pin_list>
<bind>
<StgValue><ssdm name=""/></StgValue>
</bind>
</comp>

<comp id="32" class="1001" name="const_32">
<pin_list>
<pin id="33" dir="1" index="0" bw="1" slack="0"/>
</pin_list>
<bind>
<StgValue><ssdm name="_ssdm_op_BitConcatenate.i15.i13.i2"/></StgValue>
</bind>
</comp>

<comp id="34" class="1001" name="const_34">
<pin_list>
<pin id="35" dir="1" index="0" bw="1" slack="0"/>
</pin_list>
<bind>
<StgValue><ssdm name=""/></StgValue>
</bind>
</comp>

<comp id="36" class="1001" name="const_36">
<pin_list>
<pin id="37" dir="1" index="0" bw="1" slack="0"/>
</pin_list>
<bind>
<StgValue><ssdm name="_ssdm_op_BitConcatenate.i17.i16.i1"/></StgValue>
</bind>
</comp>

<comp id="38" class="1001" name="const_38">
<pin_list>
<pin id="39" dir="1" index="0" bw="1" slack="0"/>
</pin_list>
<bind>
<StgValue><ssdm name=""/></StgValue>
</bind>
</comp>

<comp id="40" class="1001" name="const_40">
<pin_list>
<pin id="41" dir="1" index="0" bw="1" slack="0"/>
</pin_list>
<bind>
<StgValue><ssdm name="_ssdm_op_PartSelect.i63.i64.i32.i32"/></StgValue>
</bind>
</comp>

<comp id="42" class="1001" name="const_42">
<pin_list>
<pin id="43" dir="1" index="0" bw="1" slack="0"/>
</pin_list>
<bind>
<StgValue><ssdm name=""/></StgValue>
</bind>
</comp>

<comp id="44" class="1001" name="const_44">
<pin_list>
<pin id="45" dir="1" index="0" bw="1" slack="0"/>
</pin_list>
<bind>
<StgValue><ssdm name="_ssdm_op_WriteReq.m_axi.p1i16"/></StgValue>
</bind>
</comp>

<comp id="46" class="1001" name="const_46">
<pin_list>
<pin id="47" dir="1" index="0" bw="1" slack="0"/>
</pin_list>
<bind>
<StgValue><ssdm name=""/></StgValue>
</bind>
</comp>

<comp id="48" class="1001" name="const_48">
<pin_list>
<pin id="49" dir="1" index="0" bw="1" slack="0"/>
</pin_list>
<bind>
<StgValue><ssdm name="_ssdm_op_Write.m_axi.p1i16"/></StgValue>
</bind>
</comp>

<comp id="50" class="1001" name="const_50">
<pin_list>
<pin id="51" dir="1" index="0" bw="1" slack="0"/>
</pin_list>
<bind>
<StgValue><ssdm name=""/></StgValue>
</bind>
</comp>

<comp id="52" class="1001" name="const_52">
<pin_list>
<pin id="53" dir="1" index="0" bw="1" slack="0"/>
</pin_list>
<bind>
<StgValue><ssdm name="_ssdm_op_WriteResp.m_axi.p1i16"/></StgValue>
</bind>
</comp>

<comp id="54" class="1001" name="const_54">
<pin_list>
<pin id="55" dir="1" index="0" bw="1" slack="2147483647"/>
</pin_list>
<bind>
<StgValue><ssdm name="_ssdm_op_SpecInterface"/></StgValue>
</bind>
</comp>

<comp id="56" class="1001" name="const_56">
<pin_list>
<pin id="57" dir="1" index="0" bw="1" slack="2147483647"/>
</pin_list>
<bind>
<StgValue><ssdm name="ap_fifo_str"/></StgValue>
</bind>
</comp>

<comp id="58" class="1001" name="const_58">
<pin_list>
<pin id="59" dir="1" index="0" bw="1" slack="2147483647"/>
</pin_list>
<bind>
<StgValue><ssdm name=""/></StgValue>
</bind>
</comp>

<comp id="60" class="1001" name="const_60">
<pin_list>
<pin id="61" dir="1" index="0" bw="1" slack="2147483647"/>
</pin_list>
<bind>
<StgValue><ssdm name="p_str"/></StgValue>
</bind>
</comp>

<comp id="62" class="1001" name="const_62">
<pin_list>
<pin id="63" dir="1" index="0" bw="1" slack="2147483647"/>
</pin_list>
<bind>
<StgValue><ssdm name=""/></StgValue>
</bind>
</comp>

<comp id="64" class="1001" name="const_64">
<pin_list>
<pin id="65" dir="1" index="0" bw="1" slack="2147483647"/>
</pin_list>
<bind>
<StgValue><ssdm name="ScalarProp_str"/></StgValue>
</bind>
</comp>

<comp id="66" class="1001" name="const_66">
<pin_list>
<pin id="67" dir="1" index="0" bw="1" slack="2147483647"/>
</pin_list>
<bind>
<StgValue><ssdm name=""/></StgValue>
</bind>
</comp>

<comp id="68" class="1001" name="const_68">
<pin_list>
<pin id="69" dir="1" index="0" bw="1" slack="2147483647"/>
</pin_list>
<bind>
<StgValue><ssdm name="empty_20"/></StgValue>
</bind>
</comp>

<comp id="70" class="1001" name="const_70">
<pin_list>
<pin id="71" dir="1" index="0" bw="1" slack="2147483647"/>
</pin_list>
<bind>
<StgValue><ssdm name="empty_18"/></StgValue>
</bind>
</comp>

<comp id="72" class="1001" name="const_72">
<pin_list>
<pin id="73" dir="1" index="0" bw="1" slack="2147483647"/>
</pin_list>
<bind>
<StgValue><ssdm name="empty_13"/></StgValue>
</bind>
</comp>

<comp id="74" class="1001" name="const_74">
<pin_list>
<pin id="75" dir="1" index="0" bw="1" slack="2147483647"/>
</pin_list>
<bind>
<StgValue><ssdm name="empty_5"/></StgValue>
</bind>
</comp>

<comp id="76" class="1001" name="const_76">
<pin_list>
<pin id="77" dir="1" index="0" bw="1" slack="2147483647"/>
</pin_list>
<bind>
<StgValue><ssdm name="empty_0"/></StgValue>
</bind>
</comp>

<comp id="78" class="1004" name="out_read_read_fu_78">
<pin_list>
<pin id="79" dir="0" index="0" bw="64" slack="0"/>
<pin id="80" dir="0" index="1" bw="64" slack="0"/>
<pin id="81" dir="1" index="2" bw="64" slack="1"/>
</pin_list>
<bind>
<opcode="read(1150) " fcode="read"/>
<opset="out_read/1 "/>
</bind>
</comp>

<comp id="84" class="1004" name="n_read_read_fu_84">
<pin_list>
<pin id="85" dir="0" index="0" bw="13" slack="0"/>
<pin id="86" dir="0" index="1" bw="13" slack="0"/>
<pin id="87" dir="1" index="2" bw="13" slack="1"/>
</pin_list>
<bind>
<opcode="read(1150) " fcode="read"/>
<opset="n_read/1 "/>
</bind>
</comp>

<comp id="90" class="1004" name="output_read_read_fu_90">
<pin_list>
<pin id="91" dir="0" index="0" bw="80" slack="0"/>
<pin id="92" dir="0" index="1" bw="80" slack="0"/>
<pin id="93" dir="1" index="2" bw="80" slack="0"/>
</pin_list>
<bind>
<opcode="read(1150) " fcode="read"/>
<opset="output_read/1 "/>
</bind>
</comp>

<comp id="96" class="1004" name="grp_writeresp_fu_96">
<pin_list>
<pin id="97" dir="0" index="0" bw="1" slack="0"/>
<pin id="98" dir="0" index="1" bw="16" slack="1"/>
<pin id="99" dir="0" index="2" bw="4" slack="0"/>
<pin id="100" dir="1" index="3" bw="1" slack="2147483647"/>
</pin_list>
<bind>
<opcode="writereq(1155) writeresp(1158) " fcode="writeresp"/>
<opset="empty/3 empty_75/9 "/>
</bind>
</comp>

<comp id="103" class="1004" name="write_ln53_write_fu_103">
<pin_list>
<pin id="104" dir="0" index="0" bw="0" slack="0"/>
<pin id="105" dir="0" index="1" bw="16" slack="2"/>
<pin id="106" dir="0" index="2" bw="16" slack="3"/>
<pin id="107" dir="0" index="3" bw="1" slack="0"/>
<pin id="108" dir="1" index="4" bw="0" slack="2147483647"/>
</pin_list>
<bind>
<opcode="write(1151) " fcode="write"/>
<opset="write_ln53/4 "/>
</bind>
</comp>

<comp id="111" class="1004" name="write_ln53_write_fu_111">
<pin_list>
<pin id="112" dir="0" index="0" bw="0" slack="0"/>
<pin id="113" dir="0" index="1" bw="16" slack="3"/>
<pin id="114" dir="0" index="2" bw="16" slack="4"/>
<pin id="115" dir="0" index="3" bw="1" slack="0"/>
<pin id="116" dir="1" index="4" bw="0" slack="2147483647"/>
</pin_list>
<bind>
<opcode="write(1151) " fcode="write"/>
<opset="write_ln53/5 "/>
</bind>
</comp>

<comp id="119" class="1004" name="write_ln53_write_fu_119">
<pin_list>
<pin id="120" dir="0" index="0" bw="0" slack="0"/>
<pin id="121" dir="0" index="1" bw="16" slack="4"/>
<pin id="122" dir="0" index="2" bw="16" slack="5"/>
<pin id="123" dir="0" index="3" bw="1" slack="0"/>
<pin id="124" dir="1" index="4" bw="0" slack="2147483647"/>
</pin_list>
<bind>
<opcode="write(1151) " fcode="write"/>
<opset="write_ln53/6 "/>
</bind>
</comp>

<comp id="127" class="1004" name="write_ln53_write_fu_127">
<pin_list>
<pin id="128" dir="0" index="0" bw="0" slack="0"/>
<pin id="129" dir="0" index="1" bw="16" slack="5"/>
<pin id="130" dir="0" index="2" bw="16" slack="6"/>
<pin id="131" dir="0" index="3" bw="1" slack="0"/>
<pin id="132" dir="1" index="4" bw="0" slack="2147483647"/>
</pin_list>
<bind>
<opcode="write(1151) " fcode="write"/>
<opset="write_ln53/7 "/>
</bind>
</comp>

<comp id="135" class="1004" name="write_ln53_write_fu_135">
<pin_list>
<pin id="136" dir="0" index="0" bw="0" slack="0"/>
<pin id="137" dir="0" index="1" bw="16" slack="6"/>
<pin id="138" dir="0" index="2" bw="16" slack="7"/>
<pin id="139" dir="0" index="3" bw="1" slack="0"/>
<pin id="140" dir="1" index="4" bw="0" slack="2147483647"/>
</pin_list>
<bind>
<opcode="write(1151) " fcode="write"/>
<opset="write_ln53/8 "/>
</bind>
</comp>

<comp id="144" class="1004" name="trunc_ln52_fu_144">
<pin_list>
<pin id="145" dir="0" index="0" bw="80" slack="0"/>
<pin id="146" dir="1" index="1" bw="16" slack="3"/>
</pin_list>
<bind>
<opcode="trunc(33) " fcode="trunc"/>
<opset="trunc_ln52/1 "/>
</bind>
</comp>

<comp id="148" class="1004" name="trunc_ln52_3_fu_148">
<pin_list>
<pin id="149" dir="0" index="0" bw="16" slack="0"/>
<pin id="150" dir="0" index="1" bw="80" slack="0"/>
<pin id="151" dir="0" index="2" bw="7" slack="0"/>
<pin id="152" dir="0" index="3" bw="7" slack="0"/>
<pin id="153" dir="1" index="4" bw="16" slack="6"/>
</pin_list>
<bind>
<opcode="partselect(1002) " fcode="partselect"/>
<opset="trunc_ln52_3/1 "/>
</bind>
</comp>

<comp id="158" class="1004" name="trunc_ln52_4_fu_158">
<pin_list>
<pin id="159" dir="0" index="0" bw="16" slack="0"/>
<pin id="160" dir="0" index="1" bw="80" slack="0"/>
<pin id="161" dir="0" index="2" bw="8" slack="0"/>
<pin id="162" dir="0" index="3" bw="8" slack="0"/>
<pin id="163" dir="1" index="4" bw="16" slack="7"/>
</pin_list>
<bind>
<opcode="partselect(1002) " fcode="partselect"/>
<opset="trunc_ln52_4/1 "/>
</bind>
</comp>

<comp id="168" class="1004" name="tmp_fu_168">
<pin_list>
<pin id="169" dir="0" index="0" bw="16" slack="0"/>
<pin id="170" dir="0" index="1" bw="80" slack="0"/>
<pin id="171" dir="0" index="2" bw="6" slack="0"/>
<pin id="172" dir="0" index="3" bw="6" slack="0"/>
<pin id="173" dir="1" index="4" bw="16" slack="4"/>
</pin_list>
<bind>
<opcode="partselect(1002) " fcode="partselect"/>
<opset="tmp/1 "/>
</bind>
</comp>

<comp id="178" class="1004" name="tmp_1_fu_178">
<pin_list>
<pin id="179" dir="0" index="0" bw="16" slack="0"/>
<pin id="180" dir="0" index="1" bw="80" slack="0"/>
<pin id="181" dir="0" index="2" bw="7" slack="0"/>
<pin id="182" dir="0" index="3" bw="7" slack="0"/>
<pin id="183" dir="1" index="4" bw="16" slack="5"/>
</pin_list>
<bind>
<opcode="partselect(1002) " fcode="partselect"/>
<opset="tmp_1/1 "/>
</bind>
</comp>

<comp id="188" class="1004" name="n_load_cast2_fu_188">
<pin_list>
<pin id="189" dir="0" index="0" bw="13" slack="1"/>
<pin id="190" dir="1" index="1" bw="16" slack="0"/>
</pin_list>
<bind>
<opcode="zext(34) " fcode="zext"/>
<opset="n_load_cast2/2 "/>
</bind>
</comp>

<comp id="191" class="1004" name="p_shl_fu_191">
<pin_list>
<pin id="192" dir="0" index="0" bw="15" slack="0"/>
<pin id="193" dir="0" index="1" bw="13" slack="1"/>
<pin id="194" dir="0" index="2" bw="1" slack="0"/>
<pin id="195" dir="1" index="3" bw="15" slack="0"/>
</pin_list>
<bind>
<opcode="bitconcatenate(1004) " fcode="bitconcatenate"/>
<opset="p_shl/2 "/>
</bind>
</comp>

<comp id="198" class="1004" name="zext_ln55_fu_198">
<pin_list>
<pin id="199" dir="0" index="0" bw="15" slack="0"/>
<pin id="200" dir="1" index="1" bw="16" slack="0"/>
</pin_list>
<bind>
<opcode="zext(34) " fcode="zext"/>
<opset="zext_ln55/2 "/>
</bind>
</comp>

<comp id="202" class="1004" name="add_ln55_1_fu_202">
<pin_list>
<pin id="203" dir="0" index="0" bw="15" slack="0"/>
<pin id="204" dir="0" index="1" bw="13" slack="0"/>
<pin id="205" dir="1" index="2" bw="16" slack="0"/>
</pin_list>
<bind>
<opcode="add(8) " fcode="add"/>
<opset="add_ln55_1/2 "/>
</bind>
</comp>

<comp id="208" class="1004" name="shl_ln_fu_208">
<pin_list>
<pin id="209" dir="0" index="0" bw="17" slack="0"/>
<pin id="210" dir="0" index="1" bw="16" slack="0"/>
<pin id="211" dir="0" index="2" bw="1" slack="0"/>
<pin id="212" dir="1" index="3" bw="17" slack="0"/>
</pin_list>
<bind>
<opcode="bitconcatenate(1004) " fcode="bitconcatenate"/>
<opset="shl_ln/2 "/>
</bind>
</comp>

<comp id="216" class="1004" name="zext_ln55_1_fu_216">
<pin_list>
<pin id="217" dir="0" index="0" bw="17" slack="0"/>
<pin id="218" dir="1" index="1" bw="64" slack="0"/>
</pin_list>
<bind>
<opcode="zext(34) " fcode="zext"/>
<opset="zext_ln55_1/2 "/>
</bind>
</comp>

<comp id="220" class="1004" name="add_ln55_fu_220">
<pin_list>
<pin id="221" dir="0" index="0" bw="64" slack="1"/>
<pin id="222" dir="0" index="1" bw="17" slack="0"/>
<pin id="223" dir="1" index="2" bw="64" slack="0"/>
</pin_list>
<bind>
<opcode="add(8) " fcode="add"/>
<opset="add_ln55/2 "/>
</bind>
</comp>

<comp id="225" class="1004" name="trunc_ln1_fu_225">
<pin_list>
<pin id="226" dir="0" index="0" bw="63" slack="0"/>
<pin id="227" dir="0" index="1" bw="64" slack="0"/>
<pin id="228" dir="0" index="2" bw="1" slack="0"/>
<pin id="229" dir="0" index="3" bw="7" slack="0"/>
<pin id="230" dir="1" index="4" bw="63" slack="0"/>
</pin_list>
<bind>
<opcode="partselect(1002) " fcode="partselect"/>
<opset="trunc_ln1/2 "/>
</bind>
</comp>

<comp id="235" class="1004" name="sext_ln53_fu_235">
<pin_list>
<pin id="236" dir="0" index="0" bw="63" slack="0"/>
<pin id="237" dir="1" index="1" bw="64" slack="0"/>
</pin_list>
<bind>
<opcode="sext(35) " fcode="sext"/>
<opset="sext_ln53/2 "/>
</bind>
</comp>

<comp id="239" class="1004" name="gmem1_addr_fu_239">
<pin_list>
<pin id="240" dir="0" index="0" bw="16" slack="0"/>
<pin id="241" dir="0" index="1" bw="63" slack="0"/>
<pin id="242" dir="1" index="2" bw="16" slack="1"/>
</pin_list>
<bind>
<opcode="getelementptr(29) " fcode="getelementptr"/>
<opset="gmem1_addr/2 "/>
</bind>
</comp>

<comp id="245" class="1005" name="out_read_reg_245">
<pin_list>
<pin id="246" dir="0" index="0" bw="64" slack="1"/>
<pin id="247" dir="1" index="1" bw="64" slack="1"/>
</pin_list>
<bind>
<opset="out_read "/>
</bind>
</comp>

<comp id="250" class="1005" name="n_read_reg_250">
<pin_list>
<pin id="251" dir="0" index="0" bw="13" slack="1"/>
<pin id="252" dir="1" index="1" bw="13" slack="1"/>
</pin_list>
<bind>
<opset="n_read "/>
</bind>
</comp>

<comp id="256" class="1005" name="trunc_ln52_reg_256">
<pin_list>
<pin id="257" dir="0" index="0" bw="16" slack="3"/>
<pin id="258" dir="1" index="1" bw="16" slack="3"/>
</pin_list>
<bind>
<opset="trunc_ln52 "/>
</bind>
</comp>

<comp id="261" class="1005" name="trunc_ln52_3_reg_261">
<pin_list>
<pin id="262" dir="0" index="0" bw="16" slack="6"/>
<pin id="263" dir="1" index="1" bw="16" slack="6"/>
</pin_list>
<bind>
<opset="trunc_ln52_3 "/>
</bind>
</comp>

<comp id="266" class="1005" name="trunc_ln52_4_reg_266">
<pin_list>
<pin id="267" dir="0" index="0" bw="16" slack="7"/>
<pin id="268" dir="1" index="1" bw="16" slack="7"/>
</pin_list>
<bind>
<opset="trunc_ln52_4 "/>
</bind>
</comp>

<comp id="271" class="1005" name="tmp_reg_271">
<pin_list>
<pin id="272" dir="0" index="0" bw="16" slack="4"/>
<pin id="273" dir="1" index="1" bw="16" slack="4"/>
</pin_list>
<bind>
<opset="tmp "/>
</bind>
</comp>

<comp id="276" class="1005" name="tmp_1_reg_276">
<pin_list>
<pin id="277" dir="0" index="0" bw="16" slack="5"/>
<pin id="278" dir="1" index="1" bw="16" slack="5"/>
</pin_list>
<bind>
<opset="tmp_1 "/>
</bind>
</comp>

<comp id="281" class="1005" name="gmem1_addr_reg_281">
<pin_list>
<pin id="282" dir="0" index="0" bw="16" slack="1"/>
<pin id="283" dir="1" index="1" bw="16" slack="1"/>
</pin_list>
<bind>
<opset="gmem1_addr "/>
</bind>
</comp>

</comp_list>

<net_list>
<net id="82"><net_src comp="8" pin="0"/><net_sink comp="78" pin=0"/></net>

<net id="83"><net_src comp="2" pin="0"/><net_sink comp="78" pin=1"/></net>

<net id="88"><net_src comp="10" pin="0"/><net_sink comp="84" pin=0"/></net>

<net id="89"><net_src comp="6" pin="0"/><net_sink comp="84" pin=1"/></net>

<net id="94"><net_src comp="12" pin="0"/><net_sink comp="90" pin=0"/></net>

<net id="95"><net_src comp="4" pin="0"/><net_sink comp="90" pin=1"/></net>

<net id="101"><net_src comp="44" pin="0"/><net_sink comp="96" pin=0"/></net>

<net id="102"><net_src comp="46" pin="0"/><net_sink comp="96" pin=2"/></net>

<net id="109"><net_src comp="48" pin="0"/><net_sink comp="103" pin=0"/></net>

<net id="110"><net_src comp="50" pin="0"/><net_sink comp="103" pin=3"/></net>

<net id="117"><net_src comp="48" pin="0"/><net_sink comp="111" pin=0"/></net>

<net id="118"><net_src comp="50" pin="0"/><net_sink comp="111" pin=3"/></net>

<net id="125"><net_src comp="48" pin="0"/><net_sink comp="119" pin=0"/></net>

<net id="126"><net_src comp="50" pin="0"/><net_sink comp="119" pin=3"/></net>

<net id="133"><net_src comp="48" pin="0"/><net_sink comp="127" pin=0"/></net>

<net id="134"><net_src comp="50" pin="0"/><net_sink comp="127" pin=3"/></net>

<net id="141"><net_src comp="48" pin="0"/><net_sink comp="135" pin=0"/></net>

<net id="142"><net_src comp="50" pin="0"/><net_sink comp="135" pin=3"/></net>

<net id="143"><net_src comp="52" pin="0"/><net_sink comp="96" pin=0"/></net>

<net id="147"><net_src comp="90" pin="2"/><net_sink comp="144" pin=0"/></net>

<net id="154"><net_src comp="14" pin="0"/><net_sink comp="148" pin=0"/></net>

<net id="155"><net_src comp="90" pin="2"/><net_sink comp="148" pin=1"/></net>

<net id="156"><net_src comp="16" pin="0"/><net_sink comp="148" pin=2"/></net>

<net id="157"><net_src comp="18" pin="0"/><net_sink comp="148" pin=3"/></net>

<net id="164"><net_src comp="14" pin="0"/><net_sink comp="158" pin=0"/></net>

<net id="165"><net_src comp="90" pin="2"/><net_sink comp="158" pin=1"/></net>

<net id="166"><net_src comp="20" pin="0"/><net_sink comp="158" pin=2"/></net>

<net id="167"><net_src comp="22" pin="0"/><net_sink comp="158" pin=3"/></net>

<net id="174"><net_src comp="14" pin="0"/><net_sink comp="168" pin=0"/></net>

<net id="175"><net_src comp="90" pin="2"/><net_sink comp="168" pin=1"/></net>

<net id="176"><net_src comp="24" pin="0"/><net_sink comp="168" pin=2"/></net>

<net id="177"><net_src comp="26" pin="0"/><net_sink comp="168" pin=3"/></net>

<net id="184"><net_src comp="14" pin="0"/><net_sink comp="178" pin=0"/></net>

<net id="185"><net_src comp="90" pin="2"/><net_sink comp="178" pin=1"/></net>

<net id="186"><net_src comp="28" pin="0"/><net_sink comp="178" pin=2"/></net>

<net id="187"><net_src comp="30" pin="0"/><net_sink comp="178" pin=3"/></net>

<net id="196"><net_src comp="32" pin="0"/><net_sink comp="191" pin=0"/></net>

<net id="197"><net_src comp="34" pin="0"/><net_sink comp="191" pin=2"/></net>

<net id="201"><net_src comp="191" pin="3"/><net_sink comp="198" pin=0"/></net>

<net id="206"><net_src comp="198" pin="1"/><net_sink comp="202" pin=0"/></net>

<net id="207"><net_src comp="188" pin="1"/><net_sink comp="202" pin=1"/></net>

<net id="213"><net_src comp="36" pin="0"/><net_sink comp="208" pin=0"/></net>

<net id="214"><net_src comp="202" pin="2"/><net_sink comp="208" pin=1"/></net>

<net id="215"><net_src comp="38" pin="0"/><net_sink comp="208" pin=2"/></net>

<net id="219"><net_src comp="208" pin="3"/><net_sink comp="216" pin=0"/></net>

<net id="224"><net_src comp="216" pin="1"/><net_sink comp="220" pin=1"/></net>

<net id="231"><net_src comp="40" pin="0"/><net_sink comp="225" pin=0"/></net>

<net id="232"><net_src comp="220" pin="2"/><net_sink comp="225" pin=1"/></net>

<net id="233"><net_src comp="42" pin="0"/><net_sink comp="225" pin=2"/></net>

<net id="234"><net_src comp="18" pin="0"/><net_sink comp="225" pin=3"/></net>

<net id="238"><net_src comp="225" pin="4"/><net_sink comp="235" pin=0"/></net>

<net id="243"><net_src comp="0" pin="0"/><net_sink comp="239" pin=0"/></net>

<net id="244"><net_src comp="235" pin="1"/><net_sink comp="239" pin=1"/></net>

<net id="248"><net_src comp="78" pin="2"/><net_sink comp="245" pin=0"/></net>

<net id="249"><net_src comp="245" pin="1"/><net_sink comp="220" pin=0"/></net>

<net id="253"><net_src comp="84" pin="2"/><net_sink comp="250" pin=0"/></net>

<net id="254"><net_src comp="250" pin="1"/><net_sink comp="188" pin=0"/></net>

<net id="255"><net_src comp="250" pin="1"/><net_sink comp="191" pin=1"/></net>

<net id="259"><net_src comp="144" pin="1"/><net_sink comp="256" pin=0"/></net>

<net id="260"><net_src comp="256" pin="1"/><net_sink comp="103" pin=2"/></net>

<net id="264"><net_src comp="148" pin="4"/><net_sink comp="261" pin=0"/></net>

<net id="265"><net_src comp="261" pin="1"/><net_sink comp="127" pin=2"/></net>

<net id="269"><net_src comp="158" pin="4"/><net_sink comp="266" pin=0"/></net>

<net id="270"><net_src comp="266" pin="1"/><net_sink comp="135" pin=2"/></net>

<net id="274"><net_src comp="168" pin="4"/><net_sink comp="271" pin=0"/></net>

<net id="275"><net_src comp="271" pin="1"/><net_sink comp="111" pin=2"/></net>

<net id="279"><net_src comp="178" pin="4"/><net_sink comp="276" pin=0"/></net>

<net id="280"><net_src comp="276" pin="1"/><net_sink comp="119" pin=2"/></net>

<net id="284"><net_src comp="239" pin="2"/><net_sink comp="281" pin=0"/></net>

<net id="285"><net_src comp="281" pin="1"/><net_sink comp="96" pin=1"/></net>

<net id="286"><net_src comp="281" pin="1"/><net_sink comp="103" pin=1"/></net>

<net id="287"><net_src comp="281" pin="1"/><net_sink comp="111" pin=1"/></net>

<net id="288"><net_src comp="281" pin="1"/><net_sink comp="119" pin=1"/></net>

<net id="289"><net_src comp="281" pin="1"/><net_sink comp="127" pin=1"/></net>

<net id="290"><net_src comp="281" pin="1"/><net_sink comp="135" pin=1"/></net>

</net_list>

</model> 
---------------- Datapath Model END ------------------

* FSMD analyzer results:
  - Output states:
	Port: gmem1 | {3 4 5 6 7 8 9 10 11 12 13 14 15 16 17 18 19 20 21 22 23 24 25 26 27 28 29 30 31 32 33 34 35 36 37 38 39 40 41 42 43 44 45 46 47 48 49 50 51 52 53 54 55 56 57 58 59 60 61 62 63 64 65 66 67 68 69 70 71 72 73 74 75 76 }
 - Input state : 
	Port: write_result : out_r | {1 }
	Port: write_result : output_r | {1 }
	Port: write_result : n | {1 }
  - Chain level:
	State 1
	State 2
		zext_ln55 : 1
		add_ln55_1 : 2
		shl_ln : 3
		zext_ln55_1 : 4
		add_ln55 : 5
		trunc_ln1 : 6
		sext_ln53 : 7
		gmem1_addr : 8
	State 3
	State 4
	State 5
	State 6
	State 7
	State 8
	State 9
	State 10
	State 11
	State 12
	State 13
	State 14
	State 15
	State 16
	State 17
	State 18
	State 19
	State 20
	State 21
	State 22
	State 23
	State 24
	State 25
	State 26
	State 27
	State 28
	State 29
	State 30
	State 31
	State 32
	State 33
	State 34
	State 35
	State 36
	State 37
	State 38
	State 39
	State 40
	State 41
	State 42
	State 43
	State 44
	State 45
	State 46
	State 47
	State 48
	State 49
	State 50
	State 51
	State 52
	State 53
	State 54
	State 55
	State 56
	State 57
	State 58
	State 59
	State 60
	State 61
	State 62
	State 63
	State 64
	State 65
	State 66
	State 67
	State 68
	State 69
	State 70
	State 71
	State 72
	State 73
	State 74
	State 75
	State 76


============================================================
+ Verbose Summary: Datapath Resource usage 
============================================================

* Functional unit list:
|----------|-------------------------|---------|---------|
| Operation|     Functional Unit     |    FF   |   LUT   |
|----------|-------------------------|---------|---------|
|    add   |    add_ln55_1_fu_202    |    0    |    22   |
|          |     add_ln55_fu_220     |    0    |    71   |
|----------|-------------------------|---------|---------|
|          |   out_read_read_fu_78   |    0    |    0    |
|   read   |    n_read_read_fu_84    |    0    |    0    |
|          |  output_read_read_fu_90 |    0    |    0    |
|----------|-------------------------|---------|---------|
| writeresp|   grp_writeresp_fu_96   |    0    |    0    |
|----------|-------------------------|---------|---------|
|          | write_ln53_write_fu_103 |    0    |    0    |
|          | write_ln53_write_fu_111 |    0    |    0    |
|   write  | write_ln53_write_fu_119 |    0    |    0    |
|          | write_ln53_write_fu_127 |    0    |    0    |
|          | write_ln53_write_fu_135 |    0    |    0    |
|----------|-------------------------|---------|---------|
|   trunc  |    trunc_ln52_fu_144    |    0    |    0    |
|----------|-------------------------|---------|---------|
|          |   trunc_ln52_3_fu_148   |    0    |    0    |
|          |   trunc_ln52_4_fu_158   |    0    |    0    |
|partselect|        tmp_fu_168       |    0    |    0    |
|          |       tmp_1_fu_178      |    0    |    0    |
|          |     trunc_ln1_fu_225    |    0    |    0    |
|----------|-------------------------|---------|---------|
|          |   n_load_cast2_fu_188   |    0    |    0    |
|   zext   |     zext_ln55_fu_198    |    0    |    0    |
|          |    zext_ln55_1_fu_216   |    0    |    0    |
|----------|-------------------------|---------|---------|
|bitconcatenate|       p_shl_fu_191      |    0    |    0    |
|          |      shl_ln_fu_208      |    0    |    0    |
|----------|-------------------------|---------|---------|
|   sext   |     sext_ln53_fu_235    |    0    |    0    |
|----------|-------------------------|---------|---------|
|   Total  |                         |    0    |    93   |
|----------|-------------------------|---------|---------|

Memories:
N/A

* Register list:
+--------------------+--------+
|                    |   FF   |
+--------------------+--------+
| gmem1_addr_reg_281 |   16   |
|   n_read_reg_250   |   13   |
|  out_read_reg_245  |   64   |
|    tmp_1_reg_276   |   16   |
|     tmp_reg_271    |   16   |
|trunc_ln52_3_reg_261|   16   |
|trunc_ln52_4_reg_266|   16   |
| trunc_ln52_reg_256 |   16   |
+--------------------+--------+
|        Total       |   173  |
+--------------------+--------+

* Multiplexer (MUX) list: 
|---------------------|------|------|------|--------||---------|
|         Comp        |  Pin | Size |  BW  | S x BW ||  Delay  |
|---------------------|------|------|------|--------||---------|
| grp_writeresp_fu_96 |  p0  |   2  |   1  |    2   |
|---------------------|------|------|------|--------||---------|
|        Total        |      |      |      |    2   ||  0.387  |
|---------------------|------|------|------|--------||---------|



* Summary:
+-----------+--------+--------+--------+
|           |  Delay |   FF   |   LUT  |
+-----------+--------+--------+--------+
|  Function |    -   |    0   |   93   |
|   Memory  |    -   |    -   |    -   |
|Multiplexer|    0   |    -   |    -   |
|  Register |    -   |   173  |    -   |
+-----------+--------+--------+--------+
|   Total   |    0   |   173  |   93   |
+-----------+--------+--------+--------+
