INFO: [v++ 60-1306] Additional information associated with this v++ compile can be found at:
	Reports: /home/ayvol/accelerator_wrapper/_x.hw.xilinx_u55c_gen3x16_xdma_3_202210_1/reports/alveo_hls4ml
	Log files: /home/ayvol/accelerator_wrapper/_x.hw.xilinx_u55c_gen3x16_xdma_3_202210_1/logs/alveo_hls4ml
INFO: [v++ 60-1548] Creating build summary session with primary output /home/ayvol/accelerator_wrapper/_x.hw.xilinx_u55c_gen3x16_xdma_3_202210_1/alveo_hls4ml.xo.compile_summary, at Tue Feb 13 21:27:35 2024
INFO: [v++ 60-1315] Creating rulecheck session with output '/home/ayvol/accelerator_wrapper/_x.hw.xilinx_u55c_gen3x16_xdma_3_202210_1/reports/alveo_hls4ml/v++_compile_alveo_hls4ml_guidance.html', at Tue Feb 13 21:27:35 2024
INFO: [v++ 60-895]   Target platform: /opt/xilinx/platforms/xilinx_u55c_gen3x16_xdma_3_202210_1/xilinx_u55c_gen3x16_xdma_3_202210_1.xpfm
INFO: [v++ 60-1578]   This platform contains Xilinx Shell Archive '/opt/xilinx/platforms/xilinx_u55c_gen3x16_xdma_3_202210_1/hw/hw.xsa'
INFO: [v++ 74-78] Compiler Version string: 2022.2
INFO: [v++ 60-585] Compiling for hardware target
INFO: [v++ 60-423]   Target device: xilinx_u55c_gen3x16_xdma_3_202210_1
INFO: [v++ 60-242] Creating kernel: 'alveo_hls4ml'

===>The following messages were generated while  performing high-level synthesis for kernel: alveo_hls4ml Log file: /home/ayvol/accelerator_wrapper/_x.hw.xilinx_u55c_gen3x16_xdma_3_202210_1/alveo_hls4ml/alveo_hls4ml/vitis_hls.log :
INFO: [v++ 204-61] Pipelining loop 'VITIS_LOOP_41_1'.
INFO: [v++ 200-1470] Pipelining result : Target II = NA, Final II = 3, Depth = 5, loop 'VITIS_LOOP_41_1'
INFO: [v++ 204-61] Pipelining function 'shift_line_buffer<array<ap_fixed<16, 6, 5, 3, 0>, 3u>, config2>'.
INFO: [v++ 200-1470] Pipelining result : Target II = 1, Final II = 1, Depth = 1, function 'shift_line_buffer<array<ap_fixed<16, 6, 5, 3, 0>, 3u>, config2>'
INFO: [v++ 204-61] Pipelining function 'dense_latency<ap_fixed<16, 6, 5, 3, 0>, ap_fixed<16, 6, 5, 3, 0>, config2_mult>'.
INFO: [v++ 200-1470] Pipelining result : Target II = 1, Final II = 1, Depth = 2, function 'dense_latency<ap_fixed<16, 6, 5, 3, 0>, ap_fixed<16, 6, 5, 3, 0>, config2_mult>'
INFO: [v++ 204-61] Pipelining function 'compute_output_buffer_2d<array,array<ap_fixed<16,6,5,3,0>,16u>,config2>'.
INFO: [v++ 200-1470] Pipelining result : Target II = 1, Final II = 3, Depth = 4, function 'compute_output_buffer_2d<array,array<ap_fixed<16,6,5,3,0>,16u>,config2>'
INFO: [v++ 204-61] Pipelining loop 'ReadInputHeight_ReadInputWidth'.
INFO: [v++ 200-1470] Pipelining result : Target II = 1, Final II = 3, Depth = 5, loop 'ReadInputHeight_ReadInputWidth'
INFO: [v++ 204-61] Pipelining loop 'ReLUActLoop'.
INFO: [v++ 200-1470] Pipelining result : Target II = NA, Final II = 1, Depth = 3, loop 'ReLUActLoop'
INFO: [v++ 204-61] Pipelining loop 'ReadInputHeight_ReadInputWidth'.
INFO: [v++ 200-1470] Pipelining result : Target II = NA, Final II = 1, Depth = 3, loop 'ReadInputHeight_ReadInputWidth'
INFO: [v++ 204-61] Pipelining function 'shift_line_buffer<array<ap_fixed<16, 6, 5, 3, 0>, 16u>, config6>'.
INFO: [v++ 200-1470] Pipelining result : Target II = 1, Final II = 1, Depth = 1, function 'shift_line_buffer<array<ap_fixed<16, 6, 5, 3, 0>, 16u>, config6>'
INFO: [v++ 204-61] Pipelining function 'dense_latency<ap_fixed<16, 6, 5, 3, 0>, ap_fixed<16, 6, 5, 3, 0>, config6_mult>'.
INFO: [v++ 200-1470] Pipelining result : Target II = 1, Final II = 1, Depth = 3, function 'dense_latency<ap_fixed<16, 6, 5, 3, 0>, ap_fixed<16, 6, 5, 3, 0>, config6_mult>'
INFO: [v++ 204-61] Pipelining function 'compute_output_buffer_2d<array,array<ap_fixed<16,6,5,3,0>,16u>,config6>'.
INFO: [v++ 200-1470] Pipelining result : Target II = 1, Final II = 5, Depth = 6, function 'compute_output_buffer_2d<array,array<ap_fixed<16,6,5,3,0>,16u>,config6>'
INFO: [v++ 204-61] Pipelining loop 'ReadInputHeight_ReadInputWidth'.
INFO: [v++ 200-1470] Pipelining result : Target II = 1, Final II = 5, Depth = 7, loop 'ReadInputHeight_ReadInputWidth'
INFO: [v++ 204-61] Pipelining loop 'ReLUActLoop'.
INFO: [v++ 200-1470] Pipelining result : Target II = NA, Final II = 1, Depth = 3, loop 'ReLUActLoop'
INFO: [v++ 204-61] Pipelining loop 'ReadInputHeight_ReadInputWidth'.
INFO: [v++ 200-1470] Pipelining result : Target II = NA, Final II = 1, Depth = 3, loop 'ReadInputHeight_ReadInputWidth'
INFO: [v++ 204-61] Pipelining function 'shift_line_buffer<array<ap_fixed<16, 6, 5, 3, 0>, 16u>, config10>'.
INFO: [v++ 200-1470] Pipelining result : Target II = 1, Final II = 1, Depth = 1, function 'shift_line_buffer<array<ap_fixed<16, 6, 5, 3, 0>, 16u>, config10>'
INFO: [v++ 204-61] Pipelining function 'dense_latency<ap_fixed<16, 6, 5, 3, 0>, ap_fixed<16, 6, 5, 3, 0>, config10_mult>'.
INFO: [v++ 200-1470] Pipelining result : Target II = 1, Final II = 1, Depth = 3, function 'dense_latency<ap_fixed<16, 6, 5, 3, 0>, ap_fixed<16, 6, 5, 3, 0>, config10_mult>'
INFO: [v++ 204-61] Pipelining function 'compute_output_buffer_2d<array,array<ap_fixed<16,6,5,3,0>,24u>,config10>'.
INFO: [v++ 200-1470] Pipelining result : Target II = 1, Final II = 5, Depth = 6, function 'compute_output_buffer_2d<array,array<ap_fixed<16,6,5,3,0>,24u>,config10>'
INFO: [v++ 204-61] Pipelining loop 'ReadInputHeight_ReadInputWidth'.
INFO: [v++ 200-1470] Pipelining result : Target II = 1, Final II = 5, Depth = 7, loop 'ReadInputHeight_ReadInputWidth'
INFO: [v++ 204-61] Pipelining loop 'ReLUActLoop'.
INFO: [v++ 200-1470] Pipelining result : Target II = NA, Final II = 1, Depth = 3, loop 'ReLUActLoop'
INFO: [v++ 204-61] Pipelining loop 'ReadInputHeight_ReadInputWidth'.
INFO: [v++ 200-1470] Pipelining result : Target II = NA, Final II = 1, Depth = 3, loop 'ReadInputHeight_ReadInputWidth'
INFO: [v++ 204-61] Pipelining loop 'DataPrepare'.
INFO: [v++ 200-1470] Pipelining result : Target II = NA, Final II = 1, Depth = 2, loop 'DataPrepare'
INFO: [v++ 200-790] **** Loop Constraint Status: All loop constraints were satisfied.
INFO: [v++ 200-789] **** Estimated Fmax: 411.00 MHz
INFO: [v++ 60-594] Finished kernel compilation
INFO: [v++ 60-244] Generating system estimate report...
INFO: [v++ 60-1092] Generated system estimate report: /home/ayvol/accelerator_wrapper/_x.hw.xilinx_u55c_gen3x16_xdma_3_202210_1/reports/alveo_hls4ml/system_estimate_alveo_hls4ml.xtxt
INFO: [v++ 60-586] Created _x.hw.xilinx_u55c_gen3x16_xdma_3_202210_1/alveo_hls4ml.xo
INFO: [v++ 60-2343] Use the vitis_analyzer tool to visualize and navigate the relevant reports. Run the following command. 
    vitis_analyzer /home/ayvol/accelerator_wrapper/_x.hw.xilinx_u55c_gen3x16_xdma_3_202210_1/alveo_hls4ml.xo.compile_summary 
INFO: [v++ 60-791] Total elapsed time: 0h 58m 0s
INFO: [v++ 60-1653] Closing dispatch client.
