

================================================================
== Vitis HLS Report for 'conv_1d_latency_cl_ap_fixed_16_6_5_3_0_ap_fixed_16_6_5_3_0_config10_s'
================================================================
* Date:           Sun Mar  3 21:33:44 2024

* Version:        2022.2 (Build 3670227 on Oct 13 2022)
* Project:        alveo_hls4ml
* Solution:       solution (Vitis Kernel Flow Target)
* Product family: virtexuplus
* Target device:  xcu55c-fsvh2892-2L-e


================================================================
== Performance Estimates
================================================================
+ Timing: 
    * Summary: 
    +--------+---------+----------+------------+
    |  Clock |  Target | Estimated| Uncertainty|
    +--------+---------+----------+------------+
    |ap_clk  |  3.33 ns|  2.284 ns|     0.90 ns|
    +--------+---------+----------+------------+

+ Latency: 
    * Summary: 
    +---------+---------+----------+-----------+-----+-----+------------------------------------------+
    |  Latency (cycles) |  Latency (absolute)  |  Interval |                 Pipeline                 |
    |   min   |   max   |    min   |    max    | min | max |                   Type                   |
    +---------+---------+----------+-----------+-----+-----+------------------------------------------+
    |        3|        4|  9.999 ns|  13.332 ns|    2|    2|  loop rewind stp(delay=0 clock cycles(s))|
    +---------+---------+----------+-----------+-----+-----+------------------------------------------+

    + Detail: 
        * Instance: 
        N/A

        * Loop: 
        +-----------------+---------+---------+----------+-----------+-----------+------+----------+
        |                 |  Latency (cycles) | Iteration|  Initiation Interval  | Trip |          |
        |    Loop Name    |   min   |   max   |  Latency |  achieved |   target  | Count| Pipelined|
        +-----------------+---------+---------+----------+-----------+-----------+------+----------+
        |- PartitionLoop  |        3|        3|         3|          1|          1|     2|       yes|
        +-----------------+---------+---------+----------+-----------+-----------+------+----------+



================================================================
== Utilization Estimates
================================================================
* Summary: 
+---------------------+---------+------+---------+---------+-----+
|         Name        | BRAM_18K|  DSP |    FF   |   LUT   | URAM|
+---------------------+---------+------+---------+---------+-----+
|DSP                  |        -|     -|        -|        -|    -|
|Expression           |        -|     -|        0|      853|    -|
|FIFO                 |        -|     -|        -|        -|    -|
|Instance             |        -|     -|        -|        -|    -|
|Memory               |        -|     -|        -|        -|    -|
|Multiplexer          |        -|     -|        -|      503|    -|
|Register             |        -|     -|      305|        -|    -|
+---------------------+---------+------+---------+---------+-----+
|Total                |        0|     0|      305|     1356|    0|
+---------------------+---------+------+---------+---------+-----+
|Available SLR        |     1344|  3008|   869120|   434560|  320|
+---------------------+---------+------+---------+---------+-----+
|Utilization SLR (%)  |        0|     0|       ~0|       ~0|    0|
+---------------------+---------+------+---------+---------+-----+
|Available            |     4032|  9024|  2607360|  1303680|  960|
+---------------------+---------+------+---------+---------+-----+
|Utilization (%)      |        0|     0|       ~0|       ~0|    0|
+---------------------+---------+------+---------+---------+-----+

+ Detail: 
    * Instance: 
    N/A

    * DSP: 
    N/A

    * Memory: 
    N/A

    * FIFO: 
    N/A

    * Expression: 
    +----------------------------+----------+----+---+----+------------+------------+
    |        Variable Name       | Operation| DSP| FF| LUT| Bitwidth P0| Bitwidth P1|
    +----------------------------+----------+----+---+----+------------+------------+
    |add_ln813_67_fu_1469_p2     |         +|   0|  0|  19|          12|          12|
    |add_ln813_68_fu_1536_p2     |         +|   0|  0|  20|          13|          13|
    |add_ln813_69_fu_1475_p2     |         +|   0|  0|  19|          12|          12|
    |add_ln813_70_fu_1481_p2     |         +|   0|  0|  19|          12|          12|
    |add_ln813_71_fu_1552_p2     |         +|   0|  0|  20|          13|          13|
    |add_ln813_72_fu_1562_p2     |         +|   0|  0|  21|          14|          14|
    |add_ln813_73_fu_1487_p2     |         +|   0|  0|  19|          12|          12|
    |add_ln813_74_fu_1493_p2     |         +|   0|  0|  19|          12|          12|
    |add_ln813_75_fu_1574_p2     |         +|   0|  0|  20|          13|          13|
    |add_ln813_76_fu_1499_p2     |         +|   0|  0|  19|          12|          12|
    |add_ln813_77_fu_1505_p2     |         +|   0|  0|  19|          12|          12|
    |add_ln813_78_fu_1590_p2     |         +|   0|  0|  20|          13|          13|
    |add_ln813_79_fu_1600_p2     |         +|   0|  0|  21|          14|          14|
    |add_ln813_80_fu_1610_p2     |         +|   0|  0|  22|          15|          15|
    |add_ln813_81_fu_1622_p2     |         +|   0|  0|  23|          16|          16|
    |add_ln813_fu_1523_p2        |         +|   0|  0|  19|          12|          12|
    |r_V_115_fu_897_p2           |         -|   0|  0|  23|           1|          16|
    |r_V_116_fu_937_p2           |         -|   0|  0|  23|           1|          16|
    |r_V_117_fu_973_p2           |         -|   0|  0|  23|           1|          16|
    |r_V_118_fu_1013_p2          |         -|   0|  0|  23|           1|          16|
    |r_V_119_fu_1053_p2          |         -|   0|  0|  23|           1|          16|
    |r_V_120_fu_1093_p2          |         -|   0|  0|  23|           1|          16|
    |r_V_121_fu_1133_p2          |         -|   0|  0|  23|           1|          16|
    |r_V_122_fu_1173_p2          |         -|   0|  0|  23|           1|          16|
    |r_V_123_fu_1213_p2          |         -|   0|  0|  23|           1|          16|
    |r_V_124_fu_1249_p2          |         -|   0|  0|  23|           1|          16|
    |r_V_125_fu_1289_p2          |         -|   0|  0|  23|           1|          16|
    |r_V_126_fu_1329_p2          |         -|   0|  0|  23|           1|          16|
    |r_V_127_fu_1369_p2          |         -|   0|  0|  23|           1|          16|
    |r_V_128_fu_1409_p2          |         -|   0|  0|  23|           1|          16|
    |r_V_129_fu_1449_p2          |         -|   0|  0|  23|           1|          16|
    |r_V_fu_857_p2               |         -|   0|  0|  23|           1|          16|
    |ap_condition_208            |       and|   0|  0|   2|           1|           1|
    |select_ln105_10_fu_1229_p3  |    select|   0|  0|  10|           1|          10|
    |select_ln105_11_fu_1269_p3  |    select|   0|  0|  10|           1|          10|
    |select_ln105_12_fu_1309_p3  |    select|   0|  0|  10|           1|          10|
    |select_ln105_13_fu_1349_p3  |    select|   0|  0|  10|           1|          10|
    |select_ln105_14_fu_1389_p3  |    select|   0|  0|  10|           1|          10|
    |select_ln105_15_fu_1429_p3  |    select|   0|  0|  10|           1|          10|
    |select_ln105_1_fu_877_p3    |    select|   0|  0|  10|           1|          10|
    |select_ln105_2_fu_917_p3    |    select|   0|  0|  10|           1|          10|
    |select_ln105_3_fu_953_p3    |    select|   0|  0|  10|           1|          10|
    |select_ln105_4_fu_993_p3    |    select|   0|  0|  10|           1|          10|
    |select_ln105_5_fu_1033_p3   |    select|   0|  0|  10|           1|          10|
    |select_ln105_6_fu_1073_p3   |    select|   0|  0|  10|           1|          10|
    |select_ln105_7_fu_1113_p3   |    select|   0|  0|  10|           1|          10|
    |select_ln105_8_fu_1153_p3   |    select|   0|  0|  10|           1|          10|
    |select_ln105_9_fu_1193_p3   |    select|   0|  0|  10|           1|          10|
    |select_ln105_fu_837_p3      |    select|   0|  0|  10|           1|          10|
    |ap_enable_pp0               |       xor|   0|  0|   2|           1|           2|
    |i_part_fu_1511_p2           |       xor|   0|  0|   2|           1|           2|
    +----------------------------+----------+----+---+----+------------+------------+
    |Total                       |          |   0|  0| 853|         242|         628|
    +----------------------------+----------+----+---+----+------------+------------+

    * Multiplexer: 
    +-----------------------------------------+----+-----------+-----+-----------+
    |                   Name                  | LUT| Input Size| Bits| Total Bits|
    +-----------------------------------------+----+-----------+-----+-----------+
    |ap_done_int                              |   9|          2|    1|          2|
    |ap_loop_exit_ready_pp0_iter2_reg         |   9|          2|    1|          2|
    |ap_phi_mux_do_init_phi_fu_395_p6         |  14|          3|    1|          3|
    |ap_phi_mux_i_part_21_phi_fu_618_p6       |  14|          3|    1|          3|
    |ap_phi_mux_p_read1026_phi_phi_fu_763_p4  |  14|          3|   10|         30|
    |ap_phi_mux_p_read1127_phi_phi_fu_776_p4  |  14|          3|   10|         30|
    |ap_phi_mux_p_read117_phi_phi_fu_646_p4   |  14|          3|   10|         30|
    |ap_phi_mux_p_read1228_phi_phi_fu_789_p4  |  14|          3|   10|         30|
    |ap_phi_mux_p_read1329_phi_phi_fu_802_p4  |  14|          3|   10|         30|
    |ap_phi_mux_p_read1430_phi_phi_fu_815_p4  |  14|          3|   10|         30|
    |ap_phi_mux_p_read1531_phi_phi_fu_828_p4  |  14|          3|   10|         30|
    |ap_phi_mux_p_read16_phi_phi_fu_633_p4    |  14|          3|   10|         30|
    |ap_phi_mux_p_read218_phi_phi_fu_659_p4   |  14|          3|   10|         30|
    |ap_phi_mux_p_read319_phi_phi_fu_672_p4   |  14|          3|   10|         30|
    |ap_phi_mux_p_read420_phi_phi_fu_685_p4   |  14|          3|   10|         30|
    |ap_phi_mux_p_read521_phi_phi_fu_698_p4   |  14|          3|   10|         30|
    |ap_phi_mux_p_read622_phi_phi_fu_711_p4   |  14|          3|   10|         30|
    |ap_phi_mux_p_read723_phi_phi_fu_724_p4   |  14|          3|   10|         30|
    |ap_phi_mux_p_read824_phi_phi_fu_737_p4   |  14|          3|   10|         30|
    |ap_phi_mux_p_read925_phi_phi_fu_750_p4   |  14|          3|   10|         30|
    |i_part_21_reg_615                        |   9|          2|    1|          2|
    |p_read1026_phi_reg_759                   |  14|          3|   10|         30|
    |p_read1127_phi_reg_772                   |  14|          3|   10|         30|
    |p_read117_phi_reg_642                    |  14|          3|   10|         30|
    |p_read1228_phi_reg_785                   |  14|          3|   10|         30|
    |p_read1329_phi_reg_798                   |  14|          3|   10|         30|
    |p_read1430_phi_reg_811                   |  14|          3|   10|         30|
    |p_read1531_phi_reg_824                   |  14|          3|   10|         30|
    |p_read16_phi_reg_629                     |  14|          3|   10|         30|
    |p_read218_phi_reg_655                    |  14|          3|   10|         30|
    |p_read319_phi_reg_668                    |  14|          3|   10|         30|
    |p_read420_phi_reg_681                    |  14|          3|   10|         30|
    |p_read521_phi_reg_694                    |  14|          3|   10|         30|
    |p_read622_phi_reg_707                    |  14|          3|   10|         30|
    |p_read723_phi_reg_720                    |  14|          3|   10|         30|
    |p_read824_phi_reg_733                    |  14|          3|   10|         30|
    |p_read925_phi_reg_746                    |  14|          3|   10|         30|
    +-----------------------------------------+----+-----------+-----+-----------+
    |Total                                    | 503|        108|  325|        972|
    +-----------------------------------------+----+-----------+-----+-----------+

    * Register: 
    +----------------------------------+----+----+-----+-----------+
    |               Name               | FF | LUT| Bits| Const Bits|
    +----------------------------------+----+----+-----+-----------+
    |add_ln813_67_reg_1664             |  12|   0|   12|          0|
    |add_ln813_69_reg_1669             |  12|   0|   12|          0|
    |add_ln813_70_reg_1674             |  12|   0|   12|          0|
    |add_ln813_72_reg_1704             |  14|   0|   14|          0|
    |add_ln813_73_reg_1679             |  12|   0|   12|          0|
    |add_ln813_74_reg_1684             |  12|   0|   12|          0|
    |add_ln813_76_reg_1689             |  12|   0|   12|          0|
    |add_ln813_77_reg_1694             |  12|   0|   12|          0|
    |add_ln813_80_reg_1709             |  15|   0|   15|          0|
    |ap_CS_fsm                         |   1|   0|    1|          0|
    |ap_done_reg                       |   1|   0|    1|          0|
    |ap_enable_reg_pp0_iter1           |   1|   0|    1|          0|
    |ap_enable_reg_pp0_iter2           |   1|   0|    1|          0|
    |ap_loop_exit_ready_pp0_iter1_reg  |   1|   0|    1|          0|
    |ap_loop_exit_ready_pp0_iter2_reg  |   1|   0|    1|          0|
    |do_init_reg_392                   |   1|   0|    1|          0|
    |i_part_21_reg_615                 |   1|   0|    1|          0|
    |i_part_21_reg_615_pp0_iter1_reg   |   1|   0|    1|          0|
    |i_part_reg_1699                   |   1|   0|    1|          0|
    |p_read1026_phi_reg_759            |  10|   0|   10|          0|
    |p_read1127_phi_reg_772            |  10|   0|   10|          0|
    |p_read117_phi_reg_642             |  10|   0|   10|          0|
    |p_read1228_phi_reg_785            |  10|   0|   10|          0|
    |p_read1329_phi_reg_798            |  10|   0|   10|          0|
    |p_read1430_phi_reg_811            |  10|   0|   10|          0|
    |p_read1531_phi_reg_824            |  10|   0|   10|          0|
    |p_read16_phi_reg_629              |  10|   0|   10|          0|
    |p_read218_phi_reg_655             |  10|   0|   10|          0|
    |p_read319_phi_reg_668             |  10|   0|   10|          0|
    |p_read420_phi_reg_681             |  10|   0|   10|          0|
    |p_read521_phi_reg_694             |  10|   0|   10|          0|
    |p_read622_phi_reg_707             |  10|   0|   10|          0|
    |p_read723_phi_reg_720             |  10|   0|   10|          0|
    |p_read824_phi_reg_733             |  10|   0|   10|          0|
    |p_read925_phi_reg_746             |  10|   0|   10|          0|
    |trunc_ln818_73_reg_1654           |  11|   0|   11|          0|
    |trunc_ln818_80_reg_1659           |  11|   0|   11|          0|
    +----------------------------------+----+----+-----+-----------+
    |Total                             | 305|   0|  305|          0|
    +----------------------------------+----+----+-----+-----------+



================================================================
== Interface
================================================================
* Summary: 
+---------------+-----+-----+------------+----------------------------------------------------------------------------------+--------------+
|   RTL Ports   | Dir | Bits|  Protocol  |                                   Source Object                                  |    C Type    |
+---------------+-----+-----+------------+----------------------------------------------------------------------------------+--------------+
|ap_clk         |   in|    1|  ap_ctrl_hs|  conv_1d_latency_cl<ap_fixed<16, 6, 5, 3, 0>, ap_fixed<16, 6, 5, 3, 0>, config10>|  return value|
|ap_rst         |   in|    1|  ap_ctrl_hs|  conv_1d_latency_cl<ap_fixed<16, 6, 5, 3, 0>, ap_fixed<16, 6, 5, 3, 0>, config10>|  return value|
|ap_start       |   in|    1|  ap_ctrl_hs|  conv_1d_latency_cl<ap_fixed<16, 6, 5, 3, 0>, ap_fixed<16, 6, 5, 3, 0>, config10>|  return value|
|ap_done        |  out|    1|  ap_ctrl_hs|  conv_1d_latency_cl<ap_fixed<16, 6, 5, 3, 0>, ap_fixed<16, 6, 5, 3, 0>, config10>|  return value|
|ap_idle        |  out|    1|  ap_ctrl_hs|  conv_1d_latency_cl<ap_fixed<16, 6, 5, 3, 0>, ap_fixed<16, 6, 5, 3, 0>, config10>|  return value|
|ap_ready       |  out|    1|  ap_ctrl_hs|  conv_1d_latency_cl<ap_fixed<16, 6, 5, 3, 0>, ap_fixed<16, 6, 5, 3, 0>, config10>|  return value|
|p_read         |   in|   10|     ap_none|                                                                            p_read|        scalar|
|p_read1        |   in|   10|     ap_none|                                                                           p_read1|        scalar|
|p_read2        |   in|   10|     ap_none|                                                                           p_read2|        scalar|
|p_read3        |   in|   10|     ap_none|                                                                           p_read3|        scalar|
|p_read4        |   in|   10|     ap_none|                                                                           p_read4|        scalar|
|p_read5        |   in|   10|     ap_none|                                                                           p_read5|        scalar|
|p_read6        |   in|   10|     ap_none|                                                                           p_read6|        scalar|
|p_read7        |   in|   10|     ap_none|                                                                           p_read7|        scalar|
|p_read8        |   in|   10|     ap_none|                                                                           p_read8|        scalar|
|p_read9        |   in|   10|     ap_none|                                                                           p_read9|        scalar|
|p_read10       |   in|   10|     ap_none|                                                                          p_read10|        scalar|
|p_read11       |   in|   10|     ap_none|                                                                          p_read11|        scalar|
|p_read12       |   in|   10|     ap_none|                                                                          p_read12|        scalar|
|p_read13       |   in|   10|     ap_none|                                                                          p_read13|        scalar|
|p_read14       |   in|   10|     ap_none|                                                                          p_read14|        scalar|
|p_read15       |   in|   10|     ap_none|                                                                          p_read15|        scalar|
|res_0          |  out|   16|      ap_vld|                                                                             res_0|       pointer|
|res_0_ap_vld   |  out|    1|      ap_vld|                                                                             res_0|       pointer|
|res_1          |  out|   16|      ap_vld|                                                                             res_1|       pointer|
|res_1_ap_vld   |  out|    1|      ap_vld|                                                                             res_1|       pointer|
|res_2          |  out|   16|      ap_vld|                                                                             res_2|       pointer|
|res_2_ap_vld   |  out|    1|      ap_vld|                                                                             res_2|       pointer|
|res_3          |  out|   16|      ap_vld|                                                                             res_3|       pointer|
|res_3_ap_vld   |  out|    1|      ap_vld|                                                                             res_3|       pointer|
|res_4          |  out|   16|      ap_vld|                                                                             res_4|       pointer|
|res_4_ap_vld   |  out|    1|      ap_vld|                                                                             res_4|       pointer|
|res_5          |  out|   16|      ap_vld|                                                                             res_5|       pointer|
|res_5_ap_vld   |  out|    1|      ap_vld|                                                                             res_5|       pointer|
|res_6          |  out|   16|      ap_vld|                                                                             res_6|       pointer|
|res_6_ap_vld   |  out|    1|      ap_vld|                                                                             res_6|       pointer|
|res_7          |  out|   16|      ap_vld|                                                                             res_7|       pointer|
|res_7_ap_vld   |  out|    1|      ap_vld|                                                                             res_7|       pointer|
|res_8          |  out|   16|      ap_vld|                                                                             res_8|       pointer|
|res_8_ap_vld   |  out|    1|      ap_vld|                                                                             res_8|       pointer|
|res_9          |  out|   16|      ap_vld|                                                                             res_9|       pointer|
|res_9_ap_vld   |  out|    1|      ap_vld|                                                                             res_9|       pointer|
|res_10         |  out|   16|      ap_vld|                                                                            res_10|       pointer|
|res_10_ap_vld  |  out|    1|      ap_vld|                                                                            res_10|       pointer|
|res_11         |  out|   16|      ap_vld|                                                                            res_11|       pointer|
|res_11_ap_vld  |  out|    1|      ap_vld|                                                                            res_11|       pointer|
|res_12         |  out|   16|      ap_vld|                                                                            res_12|       pointer|
|res_12_ap_vld  |  out|    1|      ap_vld|                                                                            res_12|       pointer|
|res_13         |  out|   16|      ap_vld|                                                                            res_13|       pointer|
|res_13_ap_vld  |  out|    1|      ap_vld|                                                                            res_13|       pointer|
|res_14         |  out|   16|      ap_vld|                                                                            res_14|       pointer|
|res_14_ap_vld  |  out|    1|      ap_vld|                                                                            res_14|       pointer|
|res_15         |  out|   16|      ap_vld|                                                                            res_15|       pointer|
|res_15_ap_vld  |  out|    1|      ap_vld|                                                                            res_15|       pointer|
|res_16         |  out|   16|      ap_vld|                                                                            res_16|       pointer|
|res_16_ap_vld  |  out|    1|      ap_vld|                                                                            res_16|       pointer|
|res_17         |  out|   16|      ap_vld|                                                                            res_17|       pointer|
|res_17_ap_vld  |  out|    1|      ap_vld|                                                                            res_17|       pointer|
|res_18         |  out|   16|      ap_vld|                                                                            res_18|       pointer|
|res_18_ap_vld  |  out|    1|      ap_vld|                                                                            res_18|       pointer|
|res_19         |  out|   16|      ap_vld|                                                                            res_19|       pointer|
|res_19_ap_vld  |  out|    1|      ap_vld|                                                                            res_19|       pointer|
|res_20         |  out|   16|      ap_vld|                                                                            res_20|       pointer|
|res_20_ap_vld  |  out|    1|      ap_vld|                                                                            res_20|       pointer|
|res_21         |  out|   16|      ap_vld|                                                                            res_21|       pointer|
|res_21_ap_vld  |  out|    1|      ap_vld|                                                                            res_21|       pointer|
|res_22         |  out|   16|      ap_vld|                                                                            res_22|       pointer|
|res_22_ap_vld  |  out|    1|      ap_vld|                                                                            res_22|       pointer|
|res_23         |  out|   16|      ap_vld|                                                                            res_23|       pointer|
|res_23_ap_vld  |  out|    1|      ap_vld|                                                                            res_23|       pointer|
+---------------+-----+-----+------------+----------------------------------------------------------------------------------+--------------+

