

================================================================
== Vitis HLS Report for 'conv_1d_cl_array_ap_fixed_16u_array_ap_fixed_16_6_5_3_0_16u_config6_s'
================================================================
* Date:           Fri Mar  1 05:40:55 2024

* Version:        2022.2 (Build 3670227 on Oct 13 2022)
* Project:        alveo_hls4ml
* Solution:       solution (Vitis Kernel Flow Target)
* Product family: virtexuplus
* Target device:  xcu55c-fsvh2892-2L-e


================================================================
== Performance Estimates
================================================================
+ Timing: 
    * Summary: 
    +--------+---------+----------+------------+
    |  Clock |  Target | Estimated| Uncertainty|
    +--------+---------+----------+------------+
    |ap_clk  |  3.33 ns|  2.275 ns|     0.90 ns|
    +--------+---------+----------+------------+

+ Latency: 
    * Summary: 
    +---------+---------+-----------+-----------+-----+-----+---------+
    |  Latency (cycles) |   Latency (absolute)  |  Interval | Pipeline|
    |   min   |   max   |    min    |    max    | min | max |   Type  |
    +---------+---------+-----------+-----------+-----+-----+---------+
    |       16|       16|  53.328 ns|  53.328 ns|   16|   16|       no|
    +---------+---------+-----------+-----------+-----+-----+---------+

    + Detail: 
        * Instance: 
        N/A

        * Loop: 
        +------------------+---------+---------+----------+-----------+-----------+------+----------+
        |                  |  Latency (cycles) | Iteration|  Initiation Interval  | Trip |          |
        |     Loop Name    |   min   |   max   |  Latency |  achieved |   target  | Count| Pipelined|
        +------------------+---------+---------+----------+-----------+-----------+------+----------+
        |- ReadInputWidth  |       14|       14|         5|          1|          1|    11|       yes|
        +------------------+---------+---------+----------+-----------+-----------+------+----------+



================================================================
== Utilization Estimates
================================================================
* Summary: 
+---------------------+---------+------+---------+---------+-----+
|         Name        | BRAM_18K|  DSP |    FF   |   LUT   | URAM|
+---------------------+---------+------+---------+---------+-----+
|DSP                  |        -|     -|        -|        -|    -|
|Expression           |        -|     -|        0|     6131|    -|
|FIFO                 |        -|     -|        -|        -|    -|
|Instance             |        -|     -|        -|        -|    -|
|Memory               |        -|     -|        -|        -|    -|
|Multiplexer          |        -|     -|        -|       90|    -|
|Register             |        -|     -|     2946|       64|    -|
+---------------------+---------+------+---------+---------+-----+
|Total                |        0|     0|     2946|     6285|    0|
+---------------------+---------+------+---------+---------+-----+
|Available SLR        |     1344|  3008|   869120|   434560|  320|
+---------------------+---------+------+---------+---------+-----+
|Utilization SLR (%)  |        0|     0|       ~0|        1|    0|
+---------------------+---------+------+---------+---------+-----+
|Available            |     4032|  9024|  2607360|  1303680|  960|
+---------------------+---------+------+---------+---------+-----+
|Utilization (%)      |        0|     0|       ~0|       ~0|    0|
+---------------------+---------+------+---------+---------+-----+

+ Detail: 
    * Instance: 
    N/A

    * DSP: 
    N/A

    * Memory: 
    N/A

    * FIFO: 
    N/A

    * Expression: 
    +----------------------------------+----------+----+---+----+------------+------------+
    |           Variable Name          | Operation| DSP| FF| LUT| Bitwidth P0| Bitwidth P1|
    +----------------------------------+----------+----+---+----+------------+------------+
    |add_ln384_fu_418_p2               |         +|   0|  0|  39|          32|           1|
    |add_ln391_fu_1296_p2              |         +|   0|  0|  39|          32|           1|
    |add_ln813_279_fu_4851_p2          |         +|   0|  0|  23|          16|          16|
    |add_ln813_280_fu_4857_p2          |         +|   0|  0|  16|          16|          16|
    |add_ln813_281_fu_4863_p2          |         +|   0|  0|  16|          16|          16|
    |add_ln813_282_fu_1248_p2          |         +|   0|  0|  23|          16|          16|
    |add_ln813_283_fu_4869_p2          |         +|   0|  0|  16|          16|          16|
    |add_ln813_284_fu_4874_p2          |         +|   0|  0|  16|          16|          16|
    |add_ln813_285_fu_4880_p2          |         +|   0|  0|  23|          16|          16|
    |add_ln813_286_fu_4886_p2          |         +|   0|  0|  23|          16|          16|
    |add_ln813_287_fu_4892_p2          |         +|   0|  0|  16|          16|          16|
    |add_ln813_288_fu_4898_p2          |         +|   0|  0|  16|          16|          16|
    |add_ln813_289_fu_1254_p2          |         +|   0|  0|  23|          16|          16|
    |add_ln813_290_fu_4904_p2          |         +|   0|  0|  16|          16|          16|
    |add_ln813_291_fu_4909_p2          |         +|   0|  0|  16|          16|          16|
    |add_ln813_292_fu_5410_p2          |         +|   0|  0|  16|          16|          16|
    |add_ln813_293_fu_4915_p2          |         +|   0|  0|  16|          16|          16|
    |add_ln813_294_fu_4921_p2          |         +|   0|  0|  23|          16|          16|
    |add_ln813_295_fu_4927_p2          |         +|   0|  0|  16|          16|          16|
    |add_ln813_296_fu_4933_p2          |         +|   0|  0|  16|          16|          16|
    |add_ln813_297_fu_4939_p2          |         +|   0|  0|  23|          16|          16|
    |add_ln813_298_fu_4945_p2          |         +|   0|  0|  16|          16|          16|
    |add_ln813_299_fu_5414_p2          |         +|   0|  0|  16|          16|          16|
    |add_ln813_300_fu_4951_p2          |         +|   0|  0|  23|          16|          16|
    |add_ln813_301_fu_4957_p2          |         +|   0|  0|  23|          16|          16|
    |add_ln813_302_fu_4963_p2          |         +|   0|  0|  16|          16|          16|
    |add_ln813_303_fu_4969_p2          |         +|   0|  0|  16|          16|          16|
    |add_ln813_304_fu_1260_p2          |         +|   0|  0|  23|          16|          16|
    |add_ln813_305_fu_4975_p2          |         +|   0|  0|  16|          16|          16|
    |add_ln813_306_fu_4980_p2          |         +|   0|  0|  16|          16|          16|
    |add_ln813_307_fu_5418_p2          |         +|   0|  0|  16|          16|          16|
    |add_ln813_308_fu_5423_p2          |         +|   0|  0|  16|          16|          16|
    |add_ln813_309_fu_4986_p2          |         +|   0|  0|  23|          16|          16|
    |add_ln813_310_fu_4992_p2          |         +|   0|  0|  23|          16|          16|
    |add_ln813_311_fu_5429_p2          |         +|   0|  0|  16|          16|          16|
    |add_ln813_312_fu_4998_p2          |         +|   0|  0|  16|          16|          16|
    |add_ln813_313_fu_5004_p2          |         +|   0|  0|  23|          16|          16|
    |add_ln813_314_fu_5010_p2          |         +|   0|  0|  16|          16|          16|
    |add_ln813_315_fu_5433_p2          |         +|   0|  0|  16|          16|          16|
    |add_ln813_316_fu_5016_p2          |         +|   0|  0|  23|          16|          16|
    |add_ln813_317_fu_5022_p2          |         +|   0|  0|  23|          16|          16|
    |add_ln813_318_fu_5028_p2          |         +|   0|  0|  16|          16|          16|
    |add_ln813_319_fu_5034_p2          |         +|   0|  0|  16|          16|          16|
    |add_ln813_320_fu_1266_p2          |         +|   0|  0|  23|          16|          16|
    |add_ln813_321_fu_5040_p2          |         +|   0|  0|  16|          16|          16|
    |add_ln813_322_fu_5045_p2          |         +|   0|  0|  16|          16|          16|
    |add_ln813_323_fu_5438_p2          |         +|   0|  0|  16|          16|          16|
    |add_ln813_324_fu_5051_p2          |         +|   0|  0|  16|          16|          16|
    |add_ln813_325_fu_5057_p2          |         +|   0|  0|  23|          16|          16|
    |add_ln813_326_fu_5063_p2          |         +|   0|  0|  16|          16|          16|
    |add_ln813_327_fu_5069_p2          |         +|   0|  0|  16|          16|          16|
    |add_ln813_328_fu_5075_p2          |         +|   0|  0|  23|          16|          16|
    |add_ln813_329_fu_5081_p2          |         +|   0|  0|  16|          16|          16|
    |add_ln813_330_fu_5443_p2          |         +|   0|  0|  16|          16|          16|
    |add_ln813_331_fu_5087_p2          |         +|   0|  0|  23|          16|          16|
    |add_ln813_332_fu_5093_p2          |         +|   0|  0|  23|          16|          16|
    |add_ln813_333_fu_5099_p2          |         +|   0|  0|  16|          16|          16|
    |add_ln813_334_fu_5105_p2          |         +|   0|  0|  16|          16|          16|
    |add_ln813_335_fu_5111_p2          |         +|   0|  0|  23|          16|          16|
    |add_ln813_336_fu_5115_p2          |         +|   0|  0|  16|          16|          16|
    |add_ln813_337_fu_5121_p2          |         +|   0|  0|  16|          16|          16|
    |add_ln813_338_fu_5447_p2          |         +|   0|  0|  16|          16|          16|
    |add_ln813_339_fu_5452_p2          |         +|   0|  0|  16|          16|          16|
    |add_ln813_340_fu_5517_p2          |         +|   0|  0|  16|          16|          16|
    |add_ln813_341_fu_5127_p2          |         +|   0|  0|  16|          16|          16|
    |add_ln813_342_fu_5133_p2          |         +|   0|  0|  23|          16|          16|
    |add_ln813_343_fu_5139_p2          |         +|   0|  0|  16|          16|          16|
    |add_ln813_344_fu_5145_p2          |         +|   0|  0|  16|          16|          16|
    |add_ln813_345_fu_5151_p2          |         +|   0|  0|  23|          16|          16|
    |add_ln813_346_fu_5157_p2          |         +|   0|  0|  16|          16|          16|
    |add_ln813_347_fu_5458_p2          |         +|   0|  0|  16|          16|          16|
    |add_ln813_348_fu_5163_p2          |         +|   0|  0|  23|          16|          16|
    |add_ln813_349_fu_5169_p2          |         +|   0|  0|  23|          16|          16|
    |add_ln813_350_fu_5175_p2          |         +|   0|  0|  16|          16|          16|
    |add_ln813_351_fu_5181_p2          |         +|   0|  0|  16|          16|          16|
    |add_ln813_352_fu_5187_p2          |         +|   0|  0|  23|          16|          16|
    |add_ln813_353_fu_5191_p2          |         +|   0|  0|  16|          16|          16|
    |add_ln813_354_fu_5197_p2          |         +|   0|  0|  16|          16|          16|
    |add_ln813_355_fu_5462_p2          |         +|   0|  0|  16|          16|          16|
    |add_ln813_356_fu_5203_p2          |         +|   0|  0|  16|          16|          16|
    |add_ln813_357_fu_5209_p2          |         +|   0|  0|  23|          16|          16|
    |add_ln813_358_fu_5215_p2          |         +|   0|  0|  16|          16|          16|
    |add_ln813_359_fu_5221_p2          |         +|   0|  0|  16|          16|          16|
    |add_ln813_360_fu_5227_p2          |         +|   0|  0|  23|          16|          16|
    |add_ln813_361_fu_5233_p2          |         +|   0|  0|  16|          16|          16|
    |add_ln813_362_fu_5467_p2          |         +|   0|  0|  16|          16|          16|
    |add_ln813_363_fu_5239_p2          |         +|   0|  0|  23|          16|          16|
    |add_ln813_364_fu_5245_p2          |         +|   0|  0|  23|          16|          16|
    |add_ln813_365_fu_5251_p2          |         +|   0|  0|  16|          16|          16|
    |add_ln813_366_fu_5257_p2          |         +|   0|  0|  16|          16|          16|
    |add_ln813_367_fu_1272_p2          |         +|   0|  0|  23|          16|          16|
    |add_ln813_368_fu_5263_p2          |         +|   0|  0|  16|          16|          16|
    |add_ln813_369_fu_5268_p2          |         +|   0|  0|  16|          16|          16|
    |add_ln813_370_fu_5471_p2          |         +|   0|  0|  16|          16|          16|
    |add_ln813_371_fu_5476_p2          |         +|   0|  0|  16|          16|          16|
    |add_ln813_372_fu_5274_p2          |         +|   0|  0|  23|          16|          16|
    |add_ln813_373_fu_5280_p2          |         +|   0|  0|  23|          16|          16|
    |add_ln813_374_fu_5482_p2          |         +|   0|  0|  16|          16|          16|
    |add_ln813_375_fu_5286_p2          |         +|   0|  0|  16|          16|          16|
    |add_ln813_376_fu_5292_p2          |         +|   0|  0|  23|          16|          16|
    |add_ln813_377_fu_5298_p2          |         +|   0|  0|  16|          16|          16|
    |add_ln813_378_fu_5486_p2          |         +|   0|  0|  16|          16|          16|
    |add_ln813_379_fu_5304_p2          |         +|   0|  0|  23|          16|          16|
    |add_ln813_380_fu_5310_p2          |         +|   0|  0|  23|          16|          16|
    |add_ln813_381_fu_5316_p2          |         +|   0|  0|  16|          16|          16|
    |add_ln813_382_fu_5322_p2          |         +|   0|  0|  16|          16|          16|
    |add_ln813_383_fu_1278_p2          |         +|   0|  0|  23|          16|          16|
    |add_ln813_384_fu_5328_p2          |         +|   0|  0|  16|          16|          16|
    |add_ln813_385_fu_5333_p2          |         +|   0|  0|  16|          16|          16|
    |add_ln813_386_fu_5491_p2          |         +|   0|  0|  16|          16|          16|
    |add_ln813_387_fu_5339_p2          |         +|   0|  0|  16|          16|          16|
    |add_ln813_388_fu_5345_p2          |         +|   0|  0|  23|          16|          16|
    |add_ln813_389_fu_5351_p2          |         +|   0|  0|  16|          16|          16|
    |add_ln813_390_fu_5357_p2          |         +|   0|  0|  16|          16|          16|
    |add_ln813_391_fu_5363_p2          |         +|   0|  0|  23|          16|          16|
    |add_ln813_392_fu_5369_p2          |         +|   0|  0|  16|          16|          16|
    |add_ln813_393_fu_5496_p2          |         +|   0|  0|  16|          16|          16|
    |add_ln813_394_fu_5375_p2          |         +|   0|  0|  23|          16|          16|
    |add_ln813_395_fu_5381_p2          |         +|   0|  0|  23|          16|          16|
    |add_ln813_396_fu_5387_p2          |         +|   0|  0|  16|          16|          16|
    |add_ln813_397_fu_5393_p2          |         +|   0|  0|  16|          16|          16|
    |add_ln813_398_fu_1284_p2          |         +|   0|  0|  16|          16|          12|
    |add_ln813_399_fu_1290_p2          |         +|   0|  0|  16|          16|          16|
    |add_ln813_400_fu_5399_p2          |         +|   0|  0|  16|          16|          16|
    |add_ln813_401_fu_5404_p2          |         +|   0|  0|  16|          16|          16|
    |add_ln813_402_fu_5500_p2          |         +|   0|  0|  16|          16|          16|
    |add_ln813_403_fu_5505_p2          |         +|   0|  0|  16|          16|          16|
    |add_ln813_404_fu_5511_p2          |         +|   0|  0|  16|          16|          16|
    |add_ln813_fu_4845_p2              |         +|   0|  0|  23|          16|          16|
    |i_iw_11_fu_402_p2                 |         +|   0|  0|  12|           4|           1|
    |res_out_V_fu_5521_p2              |         +|   0|  0|  16|          16|          16|
    |r_V_450_fu_2231_p2                |         -|   0|  0|  28|           1|          21|
    |r_V_452_fu_824_p2                 |         -|   0|  0|  28|           1|          21|
    |r_V_454_fu_2255_p2                |         -|   0|  0|  28|           1|          21|
    |r_V_456_fu_2279_p2                |         -|   0|  0|  28|           1|          21|
    |r_V_458_fu_2303_p2                |         -|   0|  0|  28|           1|          21|
    |r_V_460_fu_2327_p2                |         -|   0|  0|  28|           1|          21|
    |r_V_462_fu_2351_p2                |         -|   0|  0|  28|           1|          21|
    |r_V_464_fu_2375_p2                |         -|   0|  0|  28|           1|          21|
    |r_V_466_fu_2399_p2                |         -|   0|  0|  28|           1|          21|
    |r_V_468_fu_2423_p2                |         -|   0|  0|  28|           1|          21|
    |r_V_470_fu_2447_p2                |         -|   0|  0|  28|           1|          21|
    |r_V_472_fu_2471_p2                |         -|   0|  0|  28|           1|          21|
    |r_V_474_fu_2495_p2                |         -|   0|  0|  28|           1|          21|
    |r_V_476_fu_2519_p2                |         -|   0|  0|  28|           1|          21|
    |r_V_478_fu_848_p2                 |         -|   0|  0|  28|           1|          21|
    |r_V_480_fu_2543_p2                |         -|   0|  0|  28|           1|          21|
    |r_V_482_fu_2567_p2                |         -|   0|  0|  28|           1|          21|
    |r_V_484_fu_872_p2                 |         -|   0|  0|  28|           1|          21|
    |r_V_486_fu_2591_p2                |         -|   0|  0|  28|           1|          21|
    |r_V_488_fu_2615_p2                |         -|   0|  0|  28|           1|          21|
    |r_V_490_fu_2639_p2                |         -|   0|  0|  28|           1|          21|
    |r_V_492_fu_2663_p2                |         -|   0|  0|  28|           1|          21|
    |r_V_494_fu_2687_p2                |         -|   0|  0|  28|           1|          21|
    |r_V_496_fu_2711_p2                |         -|   0|  0|  28|           1|          21|
    |r_V_498_fu_2735_p2                |         -|   0|  0|  28|           1|          21|
    |r_V_500_fu_2759_p2                |         -|   0|  0|  28|           1|          21|
    |r_V_502_fu_2783_p2                |         -|   0|  0|  28|           1|          21|
    |r_V_504_fu_2807_p2                |         -|   0|  0|  28|           1|          21|
    |r_V_506_fu_2831_p2                |         -|   0|  0|  28|           1|          21|
    |r_V_508_fu_2855_p2                |         -|   0|  0|  28|           1|          21|
    |r_V_510_fu_896_p2                 |         -|   0|  0|  28|           1|          21|
    |r_V_512_fu_2879_p2                |         -|   0|  0|  28|           1|          21|
    |r_V_514_fu_2903_p2                |         -|   0|  0|  28|           1|          21|
    |r_V_516_fu_920_p2                 |         -|   0|  0|  28|           1|          21|
    |r_V_518_fu_2927_p2                |         -|   0|  0|  28|           1|          21|
    |r_V_520_fu_2951_p2                |         -|   0|  0|  28|           1|          21|
    |r_V_522_fu_2975_p2                |         -|   0|  0|  28|           1|          21|
    |r_V_524_fu_2999_p2                |         -|   0|  0|  28|           1|          21|
    |r_V_526_fu_3023_p2                |         -|   0|  0|  28|           1|          21|
    |r_V_528_fu_3047_p2                |         -|   0|  0|  28|           1|          21|
    |r_V_530_fu_3071_p2                |         -|   0|  0|  28|           1|          21|
    |r_V_532_fu_3095_p2                |         -|   0|  0|  28|           1|          21|
    |r_V_534_fu_3119_p2                |         -|   0|  0|  28|           1|          21|
    |r_V_536_fu_3143_p2                |         -|   0|  0|  28|           1|          21|
    |r_V_538_fu_3167_p2                |         -|   0|  0|  28|           1|          21|
    |r_V_540_fu_3191_p2                |         -|   0|  0|  28|           1|          21|
    |r_V_542_fu_944_p2                 |         -|   0|  0|  28|           1|          21|
    |r_V_544_fu_3215_p2                |         -|   0|  0|  28|           1|          21|
    |r_V_546_fu_3239_p2                |         -|   0|  0|  28|           1|          21|
    |r_V_548_fu_968_p2                 |         -|   0|  0|  28|           1|          21|
    |r_V_550_fu_3263_p2                |         -|   0|  0|  28|           1|          21|
    |r_V_552_fu_3287_p2                |         -|   0|  0|  28|           1|          21|
    |r_V_554_fu_3311_p2                |         -|   0|  0|  28|           1|          21|
    |r_V_556_fu_3335_p2                |         -|   0|  0|  28|           1|          21|
    |r_V_558_fu_3359_p2                |         -|   0|  0|  28|           1|          21|
    |r_V_560_fu_3383_p2                |         -|   0|  0|  28|           1|          21|
    |r_V_562_fu_3407_p2                |         -|   0|  0|  28|           1|          21|
    |r_V_564_fu_3431_p2                |         -|   0|  0|  28|           1|          21|
    |r_V_566_fu_3455_p2                |         -|   0|  0|  28|           1|          21|
    |r_V_568_fu_3479_p2                |         -|   0|  0|  28|           1|          21|
    |r_V_570_fu_3503_p2                |         -|   0|  0|  28|           1|          21|
    |r_V_572_fu_3527_p2                |         -|   0|  0|  28|           1|          21|
    |r_V_574_fu_992_p2                 |         -|   0|  0|  28|           1|          21|
    |r_V_576_fu_3551_p2                |         -|   0|  0|  28|           1|          21|
    |r_V_578_fu_3575_p2                |         -|   0|  0|  28|           1|          21|
    |r_V_580_fu_1016_p2                |         -|   0|  0|  28|           1|          21|
    |r_V_582_fu_3599_p2                |         -|   0|  0|  28|           1|          21|
    |r_V_584_fu_3623_p2                |         -|   0|  0|  28|           1|          21|
    |r_V_586_fu_3647_p2                |         -|   0|  0|  28|           1|          21|
    |r_V_588_fu_3671_p2                |         -|   0|  0|  28|           1|          21|
    |r_V_590_fu_3695_p2                |         -|   0|  0|  28|           1|          21|
    |r_V_592_fu_3719_p2                |         -|   0|  0|  28|           1|          21|
    |r_V_594_fu_3743_p2                |         -|   0|  0|  28|           1|          21|
    |r_V_596_fu_3767_p2                |         -|   0|  0|  28|           1|          21|
    |r_V_598_fu_3791_p2                |         -|   0|  0|  28|           1|          21|
    |r_V_600_fu_3815_p2                |         -|   0|  0|  28|           1|          21|
    |r_V_602_fu_3839_p2                |         -|   0|  0|  28|           1|          21|
    |r_V_604_fu_3863_p2                |         -|   0|  0|  28|           1|          21|
    |r_V_606_fu_1040_p2                |         -|   0|  0|  28|           1|          21|
    |r_V_608_fu_3887_p2                |         -|   0|  0|  28|           1|          21|
    |r_V_610_fu_3911_p2                |         -|   0|  0|  28|           1|          21|
    |r_V_612_fu_1064_p2                |         -|   0|  0|  28|           1|          21|
    |r_V_614_fu_3935_p2                |         -|   0|  0|  28|           1|          21|
    |r_V_616_fu_3959_p2                |         -|   0|  0|  28|           1|          21|
    |r_V_618_fu_3983_p2                |         -|   0|  0|  28|           1|          21|
    |r_V_620_fu_4007_p2                |         -|   0|  0|  28|           1|          21|
    |r_V_622_fu_4030_p2                |         -|   0|  0|  28|           1|          21|
    |r_V_624_fu_4054_p2                |         -|   0|  0|  28|           1|          21|
    |r_V_626_fu_4078_p2                |         -|   0|  0|  28|           1|          21|
    |r_V_628_fu_4102_p2                |         -|   0|  0|  28|           1|          21|
    |r_V_630_fu_4125_p2                |         -|   0|  0|  28|           1|          21|
    |r_V_632_fu_4149_p2                |         -|   0|  0|  28|           1|          21|
    |r_V_634_fu_4173_p2                |         -|   0|  0|  28|           1|          21|
    |r_V_636_fu_4197_p2                |         -|   0|  0|  28|           1|          21|
    |r_V_638_fu_1088_p2                |         -|   0|  0|  28|           1|          21|
    |r_V_640_fu_4220_p2                |         -|   0|  0|  28|           1|          21|
    |r_V_642_fu_4244_p2                |         -|   0|  0|  28|           1|          21|
    |r_V_644_fu_1112_p2                |         -|   0|  0|  28|           1|          21|
    |r_V_646_fu_4268_p2                |         -|   0|  0|  28|           1|          21|
    |r_V_648_fu_4292_p2                |         -|   0|  0|  28|           1|          21|
    |r_V_650_fu_4316_p2                |         -|   0|  0|  28|           1|          21|
    |r_V_652_fu_4340_p2                |         -|   0|  0|  28|           1|          21|
    |r_V_654_fu_1136_p2                |         -|   0|  0|  28|           1|          21|
    |r_V_656_fu_4364_p2                |         -|   0|  0|  28|           1|          21|
    |r_V_658_fu_4388_p2                |         -|   0|  0|  28|           1|          21|
    |r_V_660_fu_4412_p2                |         -|   0|  0|  28|           1|          21|
    |r_V_662_fu_1160_p2                |         -|   0|  0|  28|           1|          21|
    |r_V_664_fu_4436_p2                |         -|   0|  0|  28|           1|          21|
    |r_V_666_fu_4460_p2                |         -|   0|  0|  28|           1|          21|
    |r_V_668_fu_4484_p2                |         -|   0|  0|  28|           1|          21|
    |r_V_670_fu_4507_p2                |         -|   0|  0|  28|           1|          21|
    |r_V_672_fu_1184_p2                |         -|   0|  0|  28|           1|          21|
    |r_V_674_fu_4530_p2                |         -|   0|  0|  28|           1|          21|
    |r_V_676_fu_1208_p2                |         -|   0|  0|  28|           1|          21|
    |r_V_678_fu_4553_p2                |         -|   0|  0|  28|           1|          21|
    |r_V_680_fu_4576_p2                |         -|   0|  0|  28|           1|          21|
    |r_V_682_fu_4599_p2                |         -|   0|  0|  28|           1|          21|
    |r_V_684_fu_4622_p2                |         -|   0|  0|  28|           1|          21|
    |r_V_686_fu_4645_p2                |         -|   0|  0|  28|           1|          21|
    |r_V_688_fu_4668_p2                |         -|   0|  0|  28|           1|          21|
    |r_V_690_fu_4691_p2                |         -|   0|  0|  28|           1|          21|
    |r_V_692_fu_4714_p2                |         -|   0|  0|  28|           1|          21|
    |r_V_694_fu_4737_p2                |         -|   0|  0|  28|           1|          21|
    |r_V_696_fu_4760_p2                |         -|   0|  0|  28|           1|          21|
    |r_V_698_fu_4783_p2                |         -|   0|  0|  28|           1|          21|
    |r_V_700_fu_4806_p2                |         -|   0|  0|  28|           1|          21|
    |r_V_702_fu_1232_p2                |         -|   0|  0|  28|           1|          21|
    |r_V_704_fu_4829_p2                |         -|   0|  0|  28|           1|          21|
    |and_ln360_fu_811_p2               |       and|   0|  0|   2|           1|           1|
    |ap_block_state2_pp0_stage0_iter1  |       and|   0|  0|   2|           1|           1|
    |ap_block_state5_pp0_stage0_iter4  |       and|   0|  0|   2|           1|           1|
    |ap_condition_386                  |       and|   0|  0|   2|           1|           1|
    |ap_condition_639                  |       and|   0|  0|   2|           1|           1|
    |icmp_ln21_fu_396_p2               |      icmp|   0|  0|   9|           4|           4|
    |icmp_ln360_3_fu_412_p2            |      icmp|   0|  0|  20|          32|           3|
    |icmp_ln360_fu_805_p2              |      icmp|   0|  0|  20|          32|           3|
    |icmp_ln384_fu_424_p2              |      icmp|   0|  0|  20|          32|           4|
    |ap_block_pp0_stage0_01001         |        or|   0|  0|   2|           1|           1|
    |select_ln391_fu_1302_p3           |    select|   0|  0|  32|           1|           3|
    |ap_enable_pp0                     |       xor|   0|  0|   2|           1|           2|
    +----------------------------------+----------+----+---+----+------------+------------+
    |Total                             |          |   0|  0|6131|        2352|        4760|
    +----------------------------------+----------+----+---+----+------------+------------+

    * Multiplexer: 
    +-----------------------------------------+----+-----------+-----+-----------+
    |                   Name                  | LUT| Input Size| Bits| Total Bits|
    +-----------------------------------------+----+-----------+-----+-----------+
    |ap_done_int                              |   9|          2|    1|          2|
    |ap_enable_reg_pp0_iter1                  |   9|          2|    1|          2|
    |ap_phi_mux_storemerge_phi_fu_381_p4      |   9|          2|   32|         64|
    |ap_phi_reg_pp0_iter1_storemerge_reg_377  |   9|          2|   32|         64|
    |ap_sig_allocacmp_i_iw                    |   9|          2|    4|          8|
    |i_iw_05_fu_360                           |   9|          2|    4|          8|
    |layer26_out_blk_n                        |   9|          2|    1|          2|
    |layer6_out_blk_n                         |   9|          2|    1|          2|
    |pX_5                                     |   9|          2|   32|         64|
    |real_start                               |   9|          2|    1|          2|
    +-----------------------------------------+----+-----------+-----+-----------+
    |Total                                    |  90|         20|  109|        218|
    +-----------------------------------------+----+-----------+-----+-----------+

    * Register: 
    +---------------------------------------------------------------------------------------+----+----+-----+-----------+
    |                                          Name                                         | FF | LUT| Bits| Const Bits|
    +---------------------------------------------------------------------------------------+----+----+-----+-----------+
    |a_V_220_reg_5664                                                                       |  16|   0|   16|          0|
    |a_V_224_reg_5670                                                                       |  16|   0|   16|          0|
    |a_V_229_reg_5676                                                                       |  16|   0|   16|          0|
    |a_V_244_reg_5682                                                                       |  16|   0|   16|          0|
    |a_V_246_reg_5583                                                                       |  16|   0|   16|          0|
    |a_V_248_reg_5594                                                                       |  16|   0|   16|          0|
    |a_V_249_reg_5600                                                                       |  16|   0|   16|          0|
    |a_V_250_reg_5606                                                                       |  16|   0|   16|          0|
    |a_V_251_reg_5612                                                                       |  16|   0|   16|          0|
    |a_V_252_reg_5618                                                                       |  16|   0|   16|          0|
    |a_V_253_reg_5623                                                                       |  16|   0|   16|          0|
    |a_V_254_reg_5629                                                                       |  16|   0|   16|          0|
    |a_V_255_reg_5635                                                                       |  16|   0|   16|          0|
    |a_V_256_reg_5641                                                                       |  16|   0|   16|          0|
    |a_V_257_reg_5646                                                                       |  16|   0|   16|          0|
    |a_V_258_reg_5652                                                                       |  16|   0|   16|          0|
    |a_V_259_reg_5658                                                                       |  16|   0|   16|          0|
    |a_V_261_reg_5589                                                                       |  16|   0|   16|          0|
    |add_ln813_282_reg_5711                                                                 |  16|   0|   16|          0|
    |add_ln813_284_reg_5746                                                                 |  16|   0|   16|          0|
    |add_ln813_289_reg_5716                                                                 |  16|   0|   16|          0|
    |add_ln813_291_reg_5751                                                                 |  16|   0|   16|          0|
    |add_ln813_295_reg_5756                                                                 |  16|   0|   16|          0|
    |add_ln813_298_reg_5761                                                                 |  16|   0|   16|          0|
    |add_ln813_304_reg_5721                                                                 |  16|   0|   16|          0|
    |add_ln813_306_reg_5766                                                                 |  16|   0|   16|          0|
    |add_ln813_308_reg_5871                                                                 |  16|   0|   16|          0|
    |add_ln813_309_reg_5771                                                                 |  16|   0|   16|          0|
    |add_ln813_310_reg_5776                                                                 |  16|   0|   16|          0|
    |add_ln813_314_reg_5781                                                                 |  16|   0|   16|          0|
    |add_ln813_320_reg_5726                                                                 |  16|   0|   16|          0|
    |add_ln813_322_reg_5786                                                                 |  16|   0|   16|          0|
    |add_ln813_326_reg_5791                                                                 |  16|   0|   16|          0|
    |add_ln813_329_reg_5796                                                                 |  16|   0|   16|          0|
    |add_ln813_337_reg_5801                                                                 |  16|   0|   16|          0|
    |add_ln813_339_reg_5876                                                                 |  16|   0|   16|          0|
    |add_ln813_343_reg_5806                                                                 |  16|   0|   16|          0|
    |add_ln813_346_reg_5811                                                                 |  16|   0|   16|          0|
    |add_ln813_354_reg_5816                                                                 |  16|   0|   16|          0|
    |add_ln813_358_reg_5821                                                                 |  16|   0|   16|          0|
    |add_ln813_361_reg_5826                                                                 |  16|   0|   16|          0|
    |add_ln813_367_reg_5731                                                                 |  16|   0|   16|          0|
    |add_ln813_369_reg_5831                                                                 |  16|   0|   16|          0|
    |add_ln813_372_reg_5836                                                                 |  16|   0|   16|          0|
    |add_ln813_373_reg_5841                                                                 |  16|   0|   16|          0|
    |add_ln813_377_reg_5846                                                                 |  16|   0|   16|          0|
    |add_ln813_383_reg_5736                                                                 |  16|   0|   16|          0|
    |add_ln813_385_reg_5851                                                                 |  16|   0|   16|          0|
    |add_ln813_389_reg_5856                                                                 |  16|   0|   16|          0|
    |add_ln813_392_reg_5861                                                                 |  16|   0|   16|          0|
    |add_ln813_399_reg_5741                                                                 |  16|   0|   16|          0|
    |add_ln813_401_reg_5866                                                                 |  16|   0|   16|          0|
    |add_ln813_404_reg_5881                                                                 |  16|   0|   16|          0|
    |and_ln360_reg_5687                                                                     |   1|   0|    1|          0|
    |ap_CS_fsm                                                                              |   1|   0|    1|          0|
    |ap_done_reg                                                                            |   1|   0|    1|          0|
    |ap_enable_reg_pp0_iter1                                                                |   1|   0|    1|          0|
    |ap_enable_reg_pp0_iter2                                                                |   1|   0|    1|          0|
    |ap_enable_reg_pp0_iter3                                                                |   1|   0|    1|          0|
    |ap_enable_reg_pp0_iter4                                                                |   1|   0|    1|          0|
    |ap_loop_exit_ready_pp0_iter1_reg                                                       |   1|   0|    1|          0|
    |ap_loop_exit_ready_pp0_iter2_reg                                                       |   1|   0|    1|          0|
    |ap_loop_exit_ready_pp0_iter3_reg                                                       |   1|   0|    1|          0|
    |ap_phi_reg_pp0_iter1_storemerge_reg_377                                                |  32|   0|   32|          0|
    |i_iw_05_fu_360                                                                         |   4|   0|    4|          0|
    |icmp_ln21_reg_5570                                                                     |   1|   0|    1|          0|
    |icmp_ln360_3_reg_5574                                                                  |   1|   0|    1|          0|
    |icmp_ln384_reg_5579                                                                    |   1|   0|    1|          0|
    |mult_V_192_reg_5691                                                                    |  16|   0|   16|          0|
    |mult_V_269_reg_5696                                                                    |  16|   0|   16|          0|
    |mult_V_304_reg_5701                                                                    |  16|   0|   16|          0|
    |mult_V_317_reg_5706                                                                    |  16|   0|   16|          0|
    |pX_5                                                                                   |  32|   0|   32|          0|
    |p_ZZN4nnet24compute_output_buffer_1dINS_5arrayI8ap_fixedILi16ELi6EL9ap_q_mode5EL9      |  16|   0|   16|          0|
    |p_ZZN4nnet24compute_output_buffer_1dINS_5arrayI8ap_fixedILi16ELi6EL9ap_q_mode5EL9_1    |  16|   0|   16|          0|
    |p_ZZN4nnet24compute_output_buffer_1dINS_5arrayI8ap_fixedILi16ELi6EL9ap_q_mode5EL9_10   |  16|   0|   16|          0|
    |p_ZZN4nnet24compute_output_buffer_1dINS_5arrayI8ap_fixedILi16ELi6EL9ap_q_mode5EL9_11   |  16|   0|   16|          0|
    |p_ZZN4nnet24compute_output_buffer_1dINS_5arrayI8ap_fixedILi16ELi6EL9ap_q_mode5EL9_12   |  16|   0|   16|          0|
    |p_ZZN4nnet24compute_output_buffer_1dINS_5arrayI8ap_fixedILi16ELi6EL9ap_q_mode5EL9_13   |  16|   0|   16|          0|
    |p_ZZN4nnet24compute_output_buffer_1dINS_5arrayI8ap_fixedILi16ELi6EL9ap_q_mode5EL9_14   |  16|   0|   16|          0|
    |p_ZZN4nnet24compute_output_buffer_1dINS_5arrayI8ap_fixedILi16ELi6EL9ap_q_mode5EL9_15   |  16|   0|   16|          0|
    |p_ZZN4nnet24compute_output_buffer_1dINS_5arrayI8ap_fixedILi16ELi6EL9ap_q_mode5EL9_16   |  16|   0|   16|          0|
    |p_ZZN4nnet24compute_output_buffer_1dINS_5arrayI8ap_fixedILi16ELi6EL9ap_q_mode5EL9_17   |  16|   0|   16|          0|
    |p_ZZN4nnet24compute_output_buffer_1dINS_5arrayI8ap_fixedILi16ELi6EL9ap_q_mode5EL9_18   |  16|   0|   16|          0|
    |p_ZZN4nnet24compute_output_buffer_1dINS_5arrayI8ap_fixedILi16ELi6EL9ap_q_mode5EL9_19   |  16|   0|   16|          0|
    |p_ZZN4nnet24compute_output_buffer_1dINS_5arrayI8ap_fixedILi16ELi6EL9ap_q_mode5EL9_2    |  16|   0|   16|          0|
    |p_ZZN4nnet24compute_output_buffer_1dINS_5arrayI8ap_fixedILi16ELi6EL9ap_q_mode5EL9_20   |  16|   0|   16|          0|
    |p_ZZN4nnet24compute_output_buffer_1dINS_5arrayI8ap_fixedILi16ELi6EL9ap_q_mode5EL9_21   |  16|   0|   16|          0|
    |p_ZZN4nnet24compute_output_buffer_1dINS_5arrayI8ap_fixedILi16ELi6EL9ap_q_mode5EL9_22   |  16|   0|   16|          0|
    |p_ZZN4nnet24compute_output_buffer_1dINS_5arrayI8ap_fixedILi16ELi6EL9ap_q_mode5EL9_23   |  16|   0|   16|          0|
    |p_ZZN4nnet24compute_output_buffer_1dINS_5arrayI8ap_fixedILi16ELi6EL9ap_q_mode5EL9_24   |  16|   0|   16|          0|
    |p_ZZN4nnet24compute_output_buffer_1dINS_5arrayI8ap_fixedILi16ELi6EL9ap_q_mode5EL9_25   |  16|   0|   16|          0|
    |p_ZZN4nnet24compute_output_buffer_1dINS_5arrayI8ap_fixedILi16ELi6EL9ap_q_mode5EL9_26   |  16|   0|   16|          0|
    |p_ZZN4nnet24compute_output_buffer_1dINS_5arrayI8ap_fixedILi16ELi6EL9ap_q_mode5EL9_27   |  16|   0|   16|          0|
    |p_ZZN4nnet24compute_output_buffer_1dINS_5arrayI8ap_fixedILi16ELi6EL9ap_q_mode5EL9_28   |  16|   0|   16|          0|
    |p_ZZN4nnet24compute_output_buffer_1dINS_5arrayI8ap_fixedILi16ELi6EL9ap_q_mode5EL9_29   |  16|   0|   16|          0|
    |p_ZZN4nnet24compute_output_buffer_1dINS_5arrayI8ap_fixedILi16ELi6EL9ap_q_mode5EL9_3    |  16|   0|   16|          0|
    |p_ZZN4nnet24compute_output_buffer_1dINS_5arrayI8ap_fixedILi16ELi6EL9ap_q_mode5EL9_30   |  16|   0|   16|          0|
    |p_ZZN4nnet24compute_output_buffer_1dINS_5arrayI8ap_fixedILi16ELi6EL9ap_q_mode5EL9_31   |  16|   0|   16|          0|
    |p_ZZN4nnet24compute_output_buffer_1dINS_5arrayI8ap_fixedILi16ELi6EL9ap_q_mode5EL9_32   |  16|   0|   16|          0|
    |p_ZZN4nnet24compute_output_buffer_1dINS_5arrayI8ap_fixedILi16ELi6EL9ap_q_mode5EL9_33   |  16|   0|   16|          0|
    |p_ZZN4nnet24compute_output_buffer_1dINS_5arrayI8ap_fixedILi16ELi6EL9ap_q_mode5EL9_335  |  16|   0|   16|          0|
    |p_ZZN4nnet24compute_output_buffer_1dINS_5arrayI8ap_fixedILi16ELi6EL9ap_q_mode5EL9_336  |  16|   0|   16|          0|
    |p_ZZN4nnet24compute_output_buffer_1dINS_5arrayI8ap_fixedILi16ELi6EL9ap_q_mode5EL9_337  |  16|   0|   16|          0|
    |p_ZZN4nnet24compute_output_buffer_1dINS_5arrayI8ap_fixedILi16ELi6EL9ap_q_mode5EL9_338  |  16|   0|   16|          0|
    |p_ZZN4nnet24compute_output_buffer_1dINS_5arrayI8ap_fixedILi16ELi6EL9ap_q_mode5EL9_339  |  16|   0|   16|          0|
    |p_ZZN4nnet24compute_output_buffer_1dINS_5arrayI8ap_fixedILi16ELi6EL9ap_q_mode5EL9_34   |  16|   0|   16|          0|
    |p_ZZN4nnet24compute_output_buffer_1dINS_5arrayI8ap_fixedILi16ELi6EL9ap_q_mode5EL9_340  |  16|   0|   16|          0|
    |p_ZZN4nnet24compute_output_buffer_1dINS_5arrayI8ap_fixedILi16ELi6EL9ap_q_mode5EL9_341  |  16|   0|   16|          0|
    |p_ZZN4nnet24compute_output_buffer_1dINS_5arrayI8ap_fixedILi16ELi6EL9ap_q_mode5EL9_342  |  16|   0|   16|          0|
    |p_ZZN4nnet24compute_output_buffer_1dINS_5arrayI8ap_fixedILi16ELi6EL9ap_q_mode5EL9_343  |  16|   0|   16|          0|
    |p_ZZN4nnet24compute_output_buffer_1dINS_5arrayI8ap_fixedILi16ELi6EL9ap_q_mode5EL9_344  |  16|   0|   16|          0|
    |p_ZZN4nnet24compute_output_buffer_1dINS_5arrayI8ap_fixedILi16ELi6EL9ap_q_mode5EL9_345  |  16|   0|   16|          0|
    |p_ZZN4nnet24compute_output_buffer_1dINS_5arrayI8ap_fixedILi16ELi6EL9ap_q_mode5EL9_346  |  16|   0|   16|          0|
    |p_ZZN4nnet24compute_output_buffer_1dINS_5arrayI8ap_fixedILi16ELi6EL9ap_q_mode5EL9_35   |  16|   0|   16|          0|
    |p_ZZN4nnet24compute_output_buffer_1dINS_5arrayI8ap_fixedILi16ELi6EL9ap_q_mode5EL9_36   |  16|   0|   16|          0|
    |p_ZZN4nnet24compute_output_buffer_1dINS_5arrayI8ap_fixedILi16ELi6EL9ap_q_mode5EL9_37   |  16|   0|   16|          0|
    |p_ZZN4nnet24compute_output_buffer_1dINS_5arrayI8ap_fixedILi16ELi6EL9ap_q_mode5EL9_38   |  16|   0|   16|          0|
    |p_ZZN4nnet24compute_output_buffer_1dINS_5arrayI8ap_fixedILi16ELi6EL9ap_q_mode5EL9_39   |  16|   0|   16|          0|
    |p_ZZN4nnet24compute_output_buffer_1dINS_5arrayI8ap_fixedILi16ELi6EL9ap_q_mode5EL9_4    |  16|   0|   16|          0|
    |p_ZZN4nnet24compute_output_buffer_1dINS_5arrayI8ap_fixedILi16ELi6EL9ap_q_mode5EL9_40   |  16|   0|   16|          0|
    |p_ZZN4nnet24compute_output_buffer_1dINS_5arrayI8ap_fixedILi16ELi6EL9ap_q_mode5EL9_41   |  16|   0|   16|          0|
    |p_ZZN4nnet24compute_output_buffer_1dINS_5arrayI8ap_fixedILi16ELi6EL9ap_q_mode5EL9_42   |  16|   0|   16|          0|
    |p_ZZN4nnet24compute_output_buffer_1dINS_5arrayI8ap_fixedILi16ELi6EL9ap_q_mode5EL9_43   |  16|   0|   16|          0|
    |p_ZZN4nnet24compute_output_buffer_1dINS_5arrayI8ap_fixedILi16ELi6EL9ap_q_mode5EL9_44   |  16|   0|   16|          0|
    |p_ZZN4nnet24compute_output_buffer_1dINS_5arrayI8ap_fixedILi16ELi6EL9ap_q_mode5EL9_45   |  16|   0|   16|          0|
    |p_ZZN4nnet24compute_output_buffer_1dINS_5arrayI8ap_fixedILi16ELi6EL9ap_q_mode5EL9_46   |  16|   0|   16|          0|
    |p_ZZN4nnet24compute_output_buffer_1dINS_5arrayI8ap_fixedILi16ELi6EL9ap_q_mode5EL9_47   |  16|   0|   16|          0|
    |p_ZZN4nnet24compute_output_buffer_1dINS_5arrayI8ap_fixedILi16ELi6EL9ap_q_mode5EL9_48   |  16|   0|   16|          0|
    |p_ZZN4nnet24compute_output_buffer_1dINS_5arrayI8ap_fixedILi16ELi6EL9ap_q_mode5EL9_49   |  16|   0|   16|          0|
    |p_ZZN4nnet24compute_output_buffer_1dINS_5arrayI8ap_fixedILi16ELi6EL9ap_q_mode5EL9_5    |  16|   0|   16|          0|
    |p_ZZN4nnet24compute_output_buffer_1dINS_5arrayI8ap_fixedILi16ELi6EL9ap_q_mode5EL9_50   |  16|   0|   16|          0|
    |p_ZZN4nnet24compute_output_buffer_1dINS_5arrayI8ap_fixedILi16ELi6EL9ap_q_mode5EL9_51   |  16|   0|   16|          0|
    |p_ZZN4nnet24compute_output_buffer_1dINS_5arrayI8ap_fixedILi16ELi6EL9ap_q_mode5EL9_52   |  16|   0|   16|          0|
    |p_ZZN4nnet24compute_output_buffer_1dINS_5arrayI8ap_fixedILi16ELi6EL9ap_q_mode5EL9_53   |  16|   0|   16|          0|
    |p_ZZN4nnet24compute_output_buffer_1dINS_5arrayI8ap_fixedILi16ELi6EL9ap_q_mode5EL9_54   |  16|   0|   16|          0|
    |p_ZZN4nnet24compute_output_buffer_1dINS_5arrayI8ap_fixedILi16ELi6EL9ap_q_mode5EL9_55   |  16|   0|   16|          0|
    |p_ZZN4nnet24compute_output_buffer_1dINS_5arrayI8ap_fixedILi16ELi6EL9ap_q_mode5EL9_56   |  16|   0|   16|          0|
    |p_ZZN4nnet24compute_output_buffer_1dINS_5arrayI8ap_fixedILi16ELi6EL9ap_q_mode5EL9_57   |  16|   0|   16|          0|
    |p_ZZN4nnet24compute_output_buffer_1dINS_5arrayI8ap_fixedILi16ELi6EL9ap_q_mode5EL9_58   |  16|   0|   16|          0|
    |p_ZZN4nnet24compute_output_buffer_1dINS_5arrayI8ap_fixedILi16ELi6EL9ap_q_mode5EL9_59   |  16|   0|   16|          0|
    |p_ZZN4nnet24compute_output_buffer_1dINS_5arrayI8ap_fixedILi16ELi6EL9ap_q_mode5EL9_6    |  16|   0|   16|          0|
    |p_ZZN4nnet24compute_output_buffer_1dINS_5arrayI8ap_fixedILi16ELi6EL9ap_q_mode5EL9_60   |  16|   0|   16|          0|
    |p_ZZN4nnet24compute_output_buffer_1dINS_5arrayI8ap_fixedILi16ELi6EL9ap_q_mode5EL9_61   |  16|   0|   16|          0|
    |p_ZZN4nnet24compute_output_buffer_1dINS_5arrayI8ap_fixedILi16ELi6EL9ap_q_mode5EL9_62   |  16|   0|   16|          0|
    |p_ZZN4nnet24compute_output_buffer_1dINS_5arrayI8ap_fixedILi16ELi6EL9ap_q_mode5EL9_63   |  16|   0|   16|          0|
    |p_ZZN4nnet24compute_output_buffer_1dINS_5arrayI8ap_fixedILi16ELi6EL9ap_q_mode5EL9_64   |  16|   0|   16|          0|
    |p_ZZN4nnet24compute_output_buffer_1dINS_5arrayI8ap_fixedILi16ELi6EL9ap_q_mode5EL9_65   |  16|   0|   16|          0|
    |p_ZZN4nnet24compute_output_buffer_1dINS_5arrayI8ap_fixedILi16ELi6EL9ap_q_mode5EL9_66   |  16|   0|   16|          0|
    |p_ZZN4nnet24compute_output_buffer_1dINS_5arrayI8ap_fixedILi16ELi6EL9ap_q_mode5EL9_67   |  16|   0|   16|          0|
    |p_ZZN4nnet24compute_output_buffer_1dINS_5arrayI8ap_fixedILi16ELi6EL9ap_q_mode5EL9_68   |  16|   0|   16|          0|
    |p_ZZN4nnet24compute_output_buffer_1dINS_5arrayI8ap_fixedILi16ELi6EL9ap_q_mode5EL9_69   |  16|   0|   16|          0|
    |p_ZZN4nnet24compute_output_buffer_1dINS_5arrayI8ap_fixedILi16ELi6EL9ap_q_mode5EL9_7    |  16|   0|   16|          0|
    |p_ZZN4nnet24compute_output_buffer_1dINS_5arrayI8ap_fixedILi16ELi6EL9ap_q_mode5EL9_70   |  16|   0|   16|          0|
    |p_ZZN4nnet24compute_output_buffer_1dINS_5arrayI8ap_fixedILi16ELi6EL9ap_q_mode5EL9_71   |  16|   0|   16|          0|
    |p_ZZN4nnet24compute_output_buffer_1dINS_5arrayI8ap_fixedILi16ELi6EL9ap_q_mode5EL9_72   |  16|   0|   16|          0|
    |p_ZZN4nnet24compute_output_buffer_1dINS_5arrayI8ap_fixedILi16ELi6EL9ap_q_mode5EL9_73   |  16|   0|   16|          0|
    |p_ZZN4nnet24compute_output_buffer_1dINS_5arrayI8ap_fixedILi16ELi6EL9ap_q_mode5EL9_74   |  16|   0|   16|          0|
    |p_ZZN4nnet24compute_output_buffer_1dINS_5arrayI8ap_fixedILi16ELi6EL9ap_q_mode5EL9_75   |  16|   0|   16|          0|
    |p_ZZN4nnet24compute_output_buffer_1dINS_5arrayI8ap_fixedILi16ELi6EL9ap_q_mode5EL9_76   |  16|   0|   16|          0|
    |p_ZZN4nnet24compute_output_buffer_1dINS_5arrayI8ap_fixedILi16ELi6EL9ap_q_mode5EL9_77   |  16|   0|   16|          0|
    |p_ZZN4nnet24compute_output_buffer_1dINS_5arrayI8ap_fixedILi16ELi6EL9ap_q_mode5EL9_78   |  16|   0|   16|          0|
    |p_ZZN4nnet24compute_output_buffer_1dINS_5arrayI8ap_fixedILi16ELi6EL9ap_q_mode5EL9_79   |  16|   0|   16|          0|
    |p_ZZN4nnet24compute_output_buffer_1dINS_5arrayI8ap_fixedILi16ELi6EL9ap_q_mode5EL9_8    |  16|   0|   16|          0|
    |p_ZZN4nnet24compute_output_buffer_1dINS_5arrayI8ap_fixedILi16ELi6EL9ap_q_mode5EL9_80   |  16|   0|   16|          0|
    |p_ZZN4nnet24compute_output_buffer_1dINS_5arrayI8ap_fixedILi16ELi6EL9ap_q_mode5EL9_81   |  16|   0|   16|          0|
    |p_ZZN4nnet24compute_output_buffer_1dINS_5arrayI8ap_fixedILi16ELi6EL9ap_q_mode5EL9_82   |  16|   0|   16|          0|
    |p_ZZN4nnet24compute_output_buffer_1dINS_5arrayI8ap_fixedILi16ELi6EL9ap_q_mode5EL9_83   |  16|   0|   16|          0|
    |p_ZZN4nnet24compute_output_buffer_1dINS_5arrayI8ap_fixedILi16ELi6EL9ap_q_mode5EL9_84   |  16|   0|   16|          0|
    |p_ZZN4nnet24compute_output_buffer_1dINS_5arrayI8ap_fixedILi16ELi6EL9ap_q_mode5EL9_85   |  16|   0|   16|          0|
    |p_ZZN4nnet24compute_output_buffer_1dINS_5arrayI8ap_fixedILi16ELi6EL9ap_q_mode5EL9_86   |  16|   0|   16|          0|
    |p_ZZN4nnet24compute_output_buffer_1dINS_5arrayI8ap_fixedILi16ELi6EL9ap_q_mode5EL9_87   |  16|   0|   16|          0|
    |p_ZZN4nnet24compute_output_buffer_1dINS_5arrayI8ap_fixedILi16ELi6EL9ap_q_mode5EL9_88   |  16|   0|   16|          0|
    |p_ZZN4nnet24compute_output_buffer_1dINS_5arrayI8ap_fixedILi16ELi6EL9ap_q_mode5EL9_89   |  16|   0|   16|          0|
    |p_ZZN4nnet24compute_output_buffer_1dINS_5arrayI8ap_fixedILi16ELi6EL9ap_q_mode5EL9_9    |  16|   0|   16|          0|
    |p_ZZN4nnet24compute_output_buffer_1dINS_5arrayI8ap_fixedILi16ELi6EL9ap_q_mode5EL9_90   |  16|   0|   16|          0|
    |p_ZZN4nnet24compute_output_buffer_1dINS_5arrayI8ap_fixedILi16ELi6EL9ap_q_mode5EL9_91   |  16|   0|   16|          0|
    |p_ZZN4nnet24compute_output_buffer_1dINS_5arrayI8ap_fixedILi16ELi6EL9ap_q_mode5EL9_92   |  16|   0|   16|          0|
    |p_ZZN4nnet24compute_output_buffer_1dINS_5arrayI8ap_fixedILi16ELi6EL9ap_q_mode5EL9_93   |  16|   0|   16|          0|
    |p_ZZN4nnet24compute_output_buffer_1dINS_5arrayI8ap_fixedILi16ELi6EL9ap_q_mode5EL9_94   |  16|   0|   16|          0|
    |p_ZZN4nnet24compute_output_buffer_1dINS_5arrayI8ap_fixedILi16ELi6EL9ap_q_mode5EL9_95   |  16|   0|   16|          0|
    |p_ZZN4nnet24compute_output_buffer_1dINS_5arrayI8ap_fixedILi16ELi6EL9ap_q_mode5EL9_96   |  16|   0|   16|          0|
    |p_ZZN4nnet24compute_output_buffer_1dINS_5arrayI8ap_fixedILi16ELi6EL9ap_q_mode5EL9_97   |  16|   0|   16|          0|
    |p_ZZN4nnet24compute_output_buffer_1dINS_5arrayI8ap_fixedILi16ELi6EL9ap_q_mode5EL9_98   |  16|   0|   16|          0|
    |p_ZZN4nnet24compute_output_buffer_1dINS_5arrayI8ap_fixedILi16ELi6EL9ap_q_mode5EL9_99   |  16|   0|   16|          0|
    |sX_5                                                                                   |  32|   0|   32|          0|
    |start_once_reg                                                                         |   1|   0|    1|          0|
    |and_ln360_reg_5687                                                                     |  64|  32|    1|          0|
    |icmp_ln21_reg_5570                                                                     |  64|  32|    1|          0|
    +---------------------------------------------------------------------------------------+----+----+-----+-----------+
    |Total                                                                                  |2946|  64| 2820|          0|
    +---------------------------------------------------------------------------------------+----+----+-----+-----------+



================================================================
== Interface
================================================================
* Summary: 
+----------------------------+-----+-----+------------+-------------------------------------------------------------------------+--------------+
|          RTL Ports         | Dir | Bits|  Protocol  |                              Source Object                              |    C Type    |
+----------------------------+-----+-----+------------+-------------------------------------------------------------------------+--------------+
|ap_clk                      |   in|    1|  ap_ctrl_hs|  conv_1d_cl<array<ap_fixed,16u>,array<ap_fixed<16,6,5,3,0>,16u>,config6>|  return value|
|ap_rst                      |   in|    1|  ap_ctrl_hs|  conv_1d_cl<array<ap_fixed,16u>,array<ap_fixed<16,6,5,3,0>,16u>,config6>|  return value|
|ap_start                    |   in|    1|  ap_ctrl_hs|  conv_1d_cl<array<ap_fixed,16u>,array<ap_fixed<16,6,5,3,0>,16u>,config6>|  return value|
|start_full_n                |   in|    1|  ap_ctrl_hs|  conv_1d_cl<array<ap_fixed,16u>,array<ap_fixed<16,6,5,3,0>,16u>,config6>|  return value|
|ap_done                     |  out|    1|  ap_ctrl_hs|  conv_1d_cl<array<ap_fixed,16u>,array<ap_fixed<16,6,5,3,0>,16u>,config6>|  return value|
|ap_continue                 |   in|    1|  ap_ctrl_hs|  conv_1d_cl<array<ap_fixed,16u>,array<ap_fixed<16,6,5,3,0>,16u>,config6>|  return value|
|ap_idle                     |  out|    1|  ap_ctrl_hs|  conv_1d_cl<array<ap_fixed,16u>,array<ap_fixed<16,6,5,3,0>,16u>,config6>|  return value|
|ap_ready                    |  out|    1|  ap_ctrl_hs|  conv_1d_cl<array<ap_fixed,16u>,array<ap_fixed<16,6,5,3,0>,16u>,config6>|  return value|
|start_out                   |  out|    1|  ap_ctrl_hs|  conv_1d_cl<array<ap_fixed,16u>,array<ap_fixed<16,6,5,3,0>,16u>,config6>|  return value|
|start_write                 |  out|    1|  ap_ctrl_hs|  conv_1d_cl<array<ap_fixed,16u>,array<ap_fixed<16,6,5,3,0>,16u>,config6>|  return value|
|layer26_out_dout            |   in|  256|     ap_fifo|                                                              layer26_out|       pointer|
|layer26_out_num_data_valid  |   in|    5|     ap_fifo|                                                              layer26_out|       pointer|
|layer26_out_fifo_cap        |   in|    5|     ap_fifo|                                                              layer26_out|       pointer|
|layer26_out_empty_n         |   in|    1|     ap_fifo|                                                              layer26_out|       pointer|
|layer26_out_read            |  out|    1|     ap_fifo|                                                              layer26_out|       pointer|
|layer6_out_din              |  out|  256|     ap_fifo|                                                               layer6_out|       pointer|
|layer6_out_num_data_valid   |   in|    3|     ap_fifo|                                                               layer6_out|       pointer|
|layer6_out_fifo_cap         |   in|    3|     ap_fifo|                                                               layer6_out|       pointer|
|layer6_out_full_n           |   in|    1|     ap_fifo|                                                               layer6_out|       pointer|
|layer6_out_write            |  out|    1|     ap_fifo|                                                               layer6_out|       pointer|
+----------------------------+-----+-----+------------+-------------------------------------------------------------------------+--------------+

