

================================================================
== Vitis HLS Report for 'relu_array_ap_fixed_32u_array_ap_ufixed_6_0_4_0_0_32u_relu_config7_s'
================================================================
* Date:           Sat Mar  2 01:09:12 2024

* Version:        2022.2 (Build 3670227 on Oct 13 2022)
* Project:        alveo_hls4ml
* Solution:       solution (Vitis Kernel Flow Target)
* Product family: virtexuplus
* Target device:  xcu55c-fsvh2892-2L-e


================================================================
== Performance Estimates
================================================================
+ Timing: 
    * Summary: 
    +--------+---------+----------+------------+
    |  Clock |  Target | Estimated| Uncertainty|
    +--------+---------+----------+------------+
    |ap_clk  |  3.33 ns|  2.423 ns|     0.90 ns|
    +--------+---------+----------+------------+

+ Latency: 
    * Summary: 
    +---------+---------+----------+----------+-----+-----+---------+
    |  Latency (cycles) |  Latency (absolute) |  Interval | Pipeline|
    |   min   |   max   |    min   |    max   | min | max |   Type  |
    +---------+---------+----------+----------+-----+-----+---------+
    |        1|        1|  3.333 ns|  3.333 ns|    1|    1|       no|
    +---------+---------+----------+----------+-----+-----+---------+

    + Detail: 
        * Instance: 
        N/A

        * Loop: 
        N/A



================================================================
== Utilization Estimates
================================================================
* Summary: 
+---------------------+---------+------+---------+---------+-----+
|         Name        | BRAM_18K|  DSP |    FF   |   LUT   | URAM|
+---------------------+---------+------+---------+---------+-----+
|DSP                  |        -|     -|        -|        -|    -|
|Expression           |        -|     -|        0|     2370|    -|
|FIFO                 |        -|     -|        -|        -|    -|
|Instance             |        -|     -|        -|        -|    -|
|Memory               |        -|     -|        -|        -|    -|
|Multiplexer          |        -|     -|        -|       50|    -|
|Register             |        -|     -|      804|        -|    -|
+---------------------+---------+------+---------+---------+-----+
|Total                |        0|     0|      804|     2420|    0|
+---------------------+---------+------+---------+---------+-----+
|Available SLR        |     1344|  3008|   869120|   434560|  320|
+---------------------+---------+------+---------+---------+-----+
|Utilization SLR (%)  |        0|     0|       ~0|       ~0|    0|
+---------------------+---------+------+---------+---------+-----+
|Available            |     4032|  9024|  2607360|  1303680|  960|
+---------------------+---------+------+---------+---------+-----+
|Utilization (%)      |        0|     0|       ~0|       ~0|    0|
+---------------------+---------+------+---------+---------+-----+

+ Detail: 
    * Instance: 
    N/A

    * DSP: 
    N/A

    * Memory: 
    N/A

    * FIFO: 
    N/A

    * Expression: 
    +--------------------------------+----------+----+---+----+------------+------------+
    |          Variable Name         | Operation| DSP| FF| LUT| Bitwidth P0| Bitwidth P1|
    +--------------------------------+----------+----+---+----+------------+------------+
    |p_Val2_192_fu_869_p2            |         +|   0|  0|  13|           6|           6|
    |p_Val2_194_fu_961_p2            |         +|   0|  0|  13|           6|           6|
    |p_Val2_196_fu_1053_p2           |         +|   0|  0|  13|           6|           6|
    |p_Val2_198_fu_1145_p2           |         +|   0|  0|  13|           6|           6|
    |p_Val2_199_fu_1237_p2           |         +|   0|  0|  13|           6|           6|
    |p_Val2_200_fu_1329_p2           |         +|   0|  0|  13|           6|           6|
    |p_Val2_201_fu_1421_p2           |         +|   0|  0|  13|           6|           6|
    |p_Val2_202_fu_1513_p2           |         +|   0|  0|  13|           6|           6|
    |p_Val2_203_fu_1605_p2           |         +|   0|  0|  13|           6|           6|
    |p_Val2_204_fu_1697_p2           |         +|   0|  0|  13|           6|           6|
    |p_Val2_205_fu_1789_p2           |         +|   0|  0|  13|           6|           6|
    |p_Val2_206_fu_1881_p2           |         +|   0|  0|  13|           6|           6|
    |p_Val2_207_fu_1973_p2           |         +|   0|  0|  13|           6|           6|
    |p_Val2_208_fu_2065_p2           |         +|   0|  0|  13|           6|           6|
    |p_Val2_209_fu_2157_p2           |         +|   0|  0|  13|           6|           6|
    |p_Val2_210_fu_2249_p2           |         +|   0|  0|  13|           6|           6|
    |p_Val2_211_fu_2341_p2           |         +|   0|  0|  13|           6|           6|
    |p_Val2_212_fu_2433_p2           |         +|   0|  0|  13|           6|           6|
    |p_Val2_213_fu_2525_p2           |         +|   0|  0|  13|           6|           6|
    |p_Val2_214_fu_2617_p2           |         +|   0|  0|  13|           6|           6|
    |p_Val2_215_fu_2709_p2           |         +|   0|  0|  13|           6|           6|
    |p_Val2_216_fu_2801_p2           |         +|   0|  0|  13|           6|           6|
    |p_Val2_217_fu_2893_p2           |         +|   0|  0|  13|           6|           6|
    |p_Val2_218_fu_2985_p2           |         +|   0|  0|  13|           6|           6|
    |p_Val2_219_fu_3077_p2           |         +|   0|  0|  13|           6|           6|
    |p_Val2_220_fu_3169_p2           |         +|   0|  0|  13|           6|           6|
    |p_Val2_221_fu_3261_p2           |         +|   0|  0|  13|           6|           6|
    |p_Val2_222_fu_3353_p2           |         +|   0|  0|  13|           6|           6|
    |p_Val2_223_fu_3445_p2           |         +|   0|  0|  13|           6|           6|
    |p_Val2_224_fu_3537_p2           |         +|   0|  0|  13|           6|           6|
    |p_Val2_227_fu_3629_p2           |         +|   0|  0|  13|           6|           6|
    |p_Val2_229_fu_3721_p2           |         +|   0|  0|  13|           6|           6|
    |and_ln374_64_fu_951_p2          |       and|   0|  0|   2|           1|           1|
    |and_ln374_65_fu_1043_p2         |       and|   0|  0|   2|           1|           1|
    |and_ln374_66_fu_1135_p2         |       and|   0|  0|   2|           1|           1|
    |and_ln374_67_fu_1227_p2         |       and|   0|  0|   2|           1|           1|
    |and_ln374_68_fu_1319_p2         |       and|   0|  0|   2|           1|           1|
    |and_ln374_69_fu_1411_p2         |       and|   0|  0|   2|           1|           1|
    |and_ln374_70_fu_1503_p2         |       and|   0|  0|   2|           1|           1|
    |and_ln374_71_fu_1595_p2         |       and|   0|  0|   2|           1|           1|
    |and_ln374_72_fu_1687_p2         |       and|   0|  0|   2|           1|           1|
    |and_ln374_73_fu_1779_p2         |       and|   0|  0|   2|           1|           1|
    |and_ln374_74_fu_1871_p2         |       and|   0|  0|   2|           1|           1|
    |and_ln374_75_fu_1963_p2         |       and|   0|  0|   2|           1|           1|
    |and_ln374_76_fu_2055_p2         |       and|   0|  0|   2|           1|           1|
    |and_ln374_77_fu_2147_p2         |       and|   0|  0|   2|           1|           1|
    |and_ln374_78_fu_2239_p2         |       and|   0|  0|   2|           1|           1|
    |and_ln374_79_fu_2331_p2         |       and|   0|  0|   2|           1|           1|
    |and_ln374_80_fu_2423_p2         |       and|   0|  0|   2|           1|           1|
    |and_ln374_81_fu_2515_p2         |       and|   0|  0|   2|           1|           1|
    |and_ln374_82_fu_2607_p2         |       and|   0|  0|   2|           1|           1|
    |and_ln374_83_fu_2699_p2         |       and|   0|  0|   2|           1|           1|
    |and_ln374_84_fu_2791_p2         |       and|   0|  0|   2|           1|           1|
    |and_ln374_85_fu_2883_p2         |       and|   0|  0|   2|           1|           1|
    |and_ln374_86_fu_2975_p2         |       and|   0|  0|   2|           1|           1|
    |and_ln374_87_fu_3067_p2         |       and|   0|  0|   2|           1|           1|
    |and_ln374_88_fu_3159_p2         |       and|   0|  0|   2|           1|           1|
    |and_ln374_89_fu_3251_p2         |       and|   0|  0|   2|           1|           1|
    |and_ln374_90_fu_3343_p2         |       and|   0|  0|   2|           1|           1|
    |and_ln374_91_fu_3435_p2         |       and|   0|  0|   2|           1|           1|
    |and_ln374_92_fu_3527_p2         |       and|   0|  0|   2|           1|           1|
    |and_ln374_93_fu_3619_p2         |       and|   0|  0|   2|           1|           1|
    |and_ln374_94_fu_3711_p2         |       and|   0|  0|   2|           1|           1|
    |and_ln374_fu_859_p2             |       and|   0|  0|   2|           1|           1|
    |Range1_all_ones_64_fu_977_p2    |      icmp|   0|  0|  10|           6|           2|
    |Range1_all_ones_65_fu_1069_p2   |      icmp|   0|  0|  10|           6|           2|
    |Range1_all_ones_66_fu_1161_p2   |      icmp|   0|  0|  10|           6|           2|
    |Range1_all_ones_67_fu_1253_p2   |      icmp|   0|  0|  10|           6|           2|
    |Range1_all_ones_68_fu_1345_p2   |      icmp|   0|  0|  10|           6|           2|
    |Range1_all_ones_69_fu_1437_p2   |      icmp|   0|  0|  10|           6|           2|
    |Range1_all_ones_70_fu_1529_p2   |      icmp|   0|  0|  10|           6|           2|
    |Range1_all_ones_71_fu_1621_p2   |      icmp|   0|  0|  10|           6|           2|
    |Range1_all_ones_72_fu_1713_p2   |      icmp|   0|  0|  10|           6|           2|
    |Range1_all_ones_73_fu_1805_p2   |      icmp|   0|  0|  10|           6|           2|
    |Range1_all_ones_74_fu_1897_p2   |      icmp|   0|  0|  10|           6|           2|
    |Range1_all_ones_75_fu_1989_p2   |      icmp|   0|  0|  10|           6|           2|
    |Range1_all_ones_76_fu_2081_p2   |      icmp|   0|  0|  10|           6|           2|
    |Range1_all_ones_77_fu_2173_p2   |      icmp|   0|  0|  10|           6|           2|
    |Range1_all_ones_78_fu_2265_p2   |      icmp|   0|  0|  10|           6|           2|
    |Range1_all_ones_79_fu_2357_p2   |      icmp|   0|  0|  10|           6|           2|
    |Range1_all_ones_80_fu_2449_p2   |      icmp|   0|  0|  10|           6|           2|
    |Range1_all_ones_81_fu_2541_p2   |      icmp|   0|  0|  10|           6|           2|
    |Range1_all_ones_82_fu_2633_p2   |      icmp|   0|  0|  10|           6|           2|
    |Range1_all_ones_83_fu_2725_p2   |      icmp|   0|  0|  10|           6|           2|
    |Range1_all_ones_84_fu_2817_p2   |      icmp|   0|  0|  10|           6|           2|
    |Range1_all_ones_85_fu_2909_p2   |      icmp|   0|  0|  10|           6|           2|
    |Range1_all_ones_86_fu_3001_p2   |      icmp|   0|  0|  10|           6|           2|
    |Range1_all_ones_87_fu_3093_p2   |      icmp|   0|  0|  10|           6|           2|
    |Range1_all_ones_88_fu_3185_p2   |      icmp|   0|  0|  10|           6|           2|
    |Range1_all_ones_89_fu_3277_p2   |      icmp|   0|  0|  10|           6|           2|
    |Range1_all_ones_90_fu_3369_p2   |      icmp|   0|  0|  10|           6|           2|
    |Range1_all_ones_91_fu_3461_p2   |      icmp|   0|  0|  10|           6|           2|
    |Range1_all_ones_92_fu_3553_p2   |      icmp|   0|  0|  10|           6|           2|
    |Range1_all_ones_93_fu_3645_p2   |      icmp|   0|  0|  10|           6|           2|
    |Range1_all_ones_94_fu_3737_p2   |      icmp|   0|  0|  10|           6|           2|
    |Range1_all_ones_fu_885_p2       |      icmp|   0|  0|  10|           6|           2|
    |Range1_all_zeros_64_fu_983_p2   |      icmp|   0|  0|  10|           6|           1|
    |Range1_all_zeros_65_fu_1075_p2  |      icmp|   0|  0|  10|           6|           1|
    |Range1_all_zeros_66_fu_1167_p2  |      icmp|   0|  0|  10|           6|           1|
    |Range1_all_zeros_67_fu_1259_p2  |      icmp|   0|  0|  10|           6|           1|
    |Range1_all_zeros_68_fu_1351_p2  |      icmp|   0|  0|  10|           6|           1|
    |Range1_all_zeros_69_fu_1443_p2  |      icmp|   0|  0|  10|           6|           1|
    |Range1_all_zeros_70_fu_1535_p2  |      icmp|   0|  0|  10|           6|           1|
    |Range1_all_zeros_71_fu_1627_p2  |      icmp|   0|  0|  10|           6|           1|
    |Range1_all_zeros_72_fu_1719_p2  |      icmp|   0|  0|  10|           6|           1|
    |Range1_all_zeros_73_fu_1811_p2  |      icmp|   0|  0|  10|           6|           1|
    |Range1_all_zeros_74_fu_1903_p2  |      icmp|   0|  0|  10|           6|           1|
    |Range1_all_zeros_75_fu_1995_p2  |      icmp|   0|  0|  10|           6|           1|
    |Range1_all_zeros_76_fu_2087_p2  |      icmp|   0|  0|  10|           6|           1|
    |Range1_all_zeros_77_fu_2179_p2  |      icmp|   0|  0|  10|           6|           1|
    |Range1_all_zeros_78_fu_2271_p2  |      icmp|   0|  0|  10|           6|           1|
    |Range1_all_zeros_79_fu_2363_p2  |      icmp|   0|  0|  10|           6|           1|
    |Range1_all_zeros_80_fu_2455_p2  |      icmp|   0|  0|  10|           6|           1|
    |Range1_all_zeros_81_fu_2547_p2  |      icmp|   0|  0|  10|           6|           1|
    |Range1_all_zeros_82_fu_2639_p2  |      icmp|   0|  0|  10|           6|           1|
    |Range1_all_zeros_83_fu_2731_p2  |      icmp|   0|  0|  10|           6|           1|
    |Range1_all_zeros_84_fu_2823_p2  |      icmp|   0|  0|  10|           6|           1|
    |Range1_all_zeros_85_fu_2915_p2  |      icmp|   0|  0|  10|           6|           1|
    |Range1_all_zeros_86_fu_3007_p2  |      icmp|   0|  0|  10|           6|           1|
    |Range1_all_zeros_87_fu_3099_p2  |      icmp|   0|  0|  10|           6|           1|
    |Range1_all_zeros_88_fu_3191_p2  |      icmp|   0|  0|  10|           6|           1|
    |Range1_all_zeros_89_fu_3283_p2  |      icmp|   0|  0|  10|           6|           1|
    |Range1_all_zeros_90_fu_3375_p2  |      icmp|   0|  0|  10|           6|           1|
    |Range1_all_zeros_91_fu_3467_p2  |      icmp|   0|  0|  10|           6|           1|
    |Range1_all_zeros_92_fu_3559_p2  |      icmp|   0|  0|  10|           6|           1|
    |Range1_all_zeros_93_fu_3651_p2  |      icmp|   0|  0|  10|           6|           1|
    |Range1_all_zeros_94_fu_3743_p2  |      icmp|   0|  0|  10|           6|           1|
    |Range1_all_zeros_fu_891_p2      |      icmp|   0|  0|  10|           6|           1|
    |icmp_ln1649_64_fu_897_p2        |      icmp|   0|  0|  13|          16|           1|
    |icmp_ln1649_65_fu_989_p2        |      icmp|   0|  0|  13|          16|           1|
    |icmp_ln1649_66_fu_1081_p2       |      icmp|   0|  0|  13|          16|           1|
    |icmp_ln1649_67_fu_1173_p2       |      icmp|   0|  0|  13|          16|           1|
    |icmp_ln1649_68_fu_1265_p2       |      icmp|   0|  0|  13|          16|           1|
    |icmp_ln1649_69_fu_1357_p2       |      icmp|   0|  0|  13|          16|           1|
    |icmp_ln1649_70_fu_1449_p2       |      icmp|   0|  0|  13|          16|           1|
    |icmp_ln1649_71_fu_1541_p2       |      icmp|   0|  0|  13|          16|           1|
    |icmp_ln1649_72_fu_1633_p2       |      icmp|   0|  0|  13|          16|           1|
    |icmp_ln1649_73_fu_1725_p2       |      icmp|   0|  0|  13|          16|           1|
    |icmp_ln1649_74_fu_1817_p2       |      icmp|   0|  0|  13|          16|           1|
    |icmp_ln1649_75_fu_1909_p2       |      icmp|   0|  0|  13|          16|           1|
    |icmp_ln1649_76_fu_2001_p2       |      icmp|   0|  0|  13|          16|           1|
    |icmp_ln1649_77_fu_2093_p2       |      icmp|   0|  0|  13|          16|           1|
    |icmp_ln1649_78_fu_2185_p2       |      icmp|   0|  0|  13|          16|           1|
    |icmp_ln1649_79_fu_2277_p2       |      icmp|   0|  0|  13|          16|           1|
    |icmp_ln1649_80_fu_2369_p2       |      icmp|   0|  0|  13|          16|           1|
    |icmp_ln1649_81_fu_2461_p2       |      icmp|   0|  0|  13|          16|           1|
    |icmp_ln1649_82_fu_2553_p2       |      icmp|   0|  0|  13|          16|           1|
    |icmp_ln1649_83_fu_2645_p2       |      icmp|   0|  0|  13|          16|           1|
    |icmp_ln1649_84_fu_2737_p2       |      icmp|   0|  0|  13|          16|           1|
    |icmp_ln1649_85_fu_2829_p2       |      icmp|   0|  0|  13|          16|           1|
    |icmp_ln1649_86_fu_2921_p2       |      icmp|   0|  0|  13|          16|           1|
    |icmp_ln1649_87_fu_3013_p2       |      icmp|   0|  0|  13|          16|           1|
    |icmp_ln1649_88_fu_3105_p2       |      icmp|   0|  0|  13|          16|           1|
    |icmp_ln1649_89_fu_3197_p2       |      icmp|   0|  0|  13|          16|           1|
    |icmp_ln1649_90_fu_3289_p2       |      icmp|   0|  0|  13|          16|           1|
    |icmp_ln1649_91_fu_3381_p2       |      icmp|   0|  0|  13|          16|           1|
    |icmp_ln1649_92_fu_3473_p2       |      icmp|   0|  0|  13|          16|           1|
    |icmp_ln1649_93_fu_3565_p2       |      icmp|   0|  0|  13|          16|           1|
    |icmp_ln1649_94_fu_3657_p2       |      icmp|   0|  0|  13|          16|           1|
    |icmp_ln1649_fu_811_p2           |      icmp|   0|  0|  13|          16|           1|
    |r_64_fu_939_p2                  |      icmp|   0|  0|   8|           3|           1|
    |r_65_fu_1031_p2                 |      icmp|   0|  0|   8|           3|           1|
    |r_66_fu_1123_p2                 |      icmp|   0|  0|   8|           3|           1|
    |r_67_fu_1215_p2                 |      icmp|   0|  0|   8|           3|           1|
    |r_68_fu_1307_p2                 |      icmp|   0|  0|   8|           3|           1|
    |r_69_fu_1399_p2                 |      icmp|   0|  0|   8|           3|           1|
    |r_70_fu_1491_p2                 |      icmp|   0|  0|   8|           3|           1|
    |r_71_fu_1583_p2                 |      icmp|   0|  0|   8|           3|           1|
    |r_72_fu_1675_p2                 |      icmp|   0|  0|   8|           3|           1|
    |r_73_fu_1767_p2                 |      icmp|   0|  0|   8|           3|           1|
    |r_74_fu_1859_p2                 |      icmp|   0|  0|   8|           3|           1|
    |r_75_fu_1951_p2                 |      icmp|   0|  0|   8|           3|           1|
    |r_76_fu_2043_p2                 |      icmp|   0|  0|   8|           3|           1|
    |r_77_fu_2135_p2                 |      icmp|   0|  0|   8|           3|           1|
    |r_78_fu_2227_p2                 |      icmp|   0|  0|   8|           3|           1|
    |r_79_fu_2319_p2                 |      icmp|   0|  0|   8|           3|           1|
    |r_80_fu_2411_p2                 |      icmp|   0|  0|   8|           3|           1|
    |r_81_fu_2503_p2                 |      icmp|   0|  0|   8|           3|           1|
    |r_82_fu_2595_p2                 |      icmp|   0|  0|   8|           3|           1|
    |r_83_fu_2687_p2                 |      icmp|   0|  0|   8|           3|           1|
    |r_84_fu_2779_p2                 |      icmp|   0|  0|   8|           3|           1|
    |r_85_fu_2871_p2                 |      icmp|   0|  0|   8|           3|           1|
    |r_86_fu_2963_p2                 |      icmp|   0|  0|   8|           3|           1|
    |r_87_fu_3055_p2                 |      icmp|   0|  0|   8|           3|           1|
    |r_88_fu_3147_p2                 |      icmp|   0|  0|   8|           3|           1|
    |r_89_fu_3239_p2                 |      icmp|   0|  0|   8|           3|           1|
    |r_90_fu_3331_p2                 |      icmp|   0|  0|   8|           3|           1|
    |r_91_fu_3423_p2                 |      icmp|   0|  0|   8|           3|           1|
    |r_92_fu_3515_p2                 |      icmp|   0|  0|   8|           3|           1|
    |r_93_fu_3607_p2                 |      icmp|   0|  0|   8|           3|           1|
    |r_94_fu_3699_p2                 |      icmp|   0|  0|   8|           3|           1|
    |r_fu_847_p2                     |      icmp|   0|  0|   8|           3|           1|
    |ap_block_state1                 |        or|   0|  0|   2|           1|           1|
    |or_ln374_64_fu_945_p2           |        or|   0|  0|   2|           1|           1|
    |or_ln374_65_fu_1037_p2          |        or|   0|  0|   2|           1|           1|
    |or_ln374_66_fu_1129_p2          |        or|   0|  0|   2|           1|           1|
    |or_ln374_67_fu_1221_p2          |        or|   0|  0|   2|           1|           1|
    |or_ln374_68_fu_1313_p2          |        or|   0|  0|   2|           1|           1|
    |or_ln374_69_fu_1405_p2          |        or|   0|  0|   2|           1|           1|
    |or_ln374_70_fu_1497_p2          |        or|   0|  0|   2|           1|           1|
    |or_ln374_71_fu_1589_p2          |        or|   0|  0|   2|           1|           1|
    |or_ln374_72_fu_1681_p2          |        or|   0|  0|   2|           1|           1|
    |or_ln374_73_fu_1773_p2          |        or|   0|  0|   2|           1|           1|
    |or_ln374_74_fu_1865_p2          |        or|   0|  0|   2|           1|           1|
    |or_ln374_75_fu_1957_p2          |        or|   0|  0|   2|           1|           1|
    |or_ln374_76_fu_2049_p2          |        or|   0|  0|   2|           1|           1|
    |or_ln374_77_fu_2141_p2          |        or|   0|  0|   2|           1|           1|
    |or_ln374_78_fu_2233_p2          |        or|   0|  0|   2|           1|           1|
    |or_ln374_79_fu_2325_p2          |        or|   0|  0|   2|           1|           1|
    |or_ln374_80_fu_2417_p2          |        or|   0|  0|   2|           1|           1|
    |or_ln374_81_fu_2509_p2          |        or|   0|  0|   2|           1|           1|
    |or_ln374_82_fu_2601_p2          |        or|   0|  0|   2|           1|           1|
    |or_ln374_83_fu_2693_p2          |        or|   0|  0|   2|           1|           1|
    |or_ln374_84_fu_2785_p2          |        or|   0|  0|   2|           1|           1|
    |or_ln374_85_fu_2877_p2          |        or|   0|  0|   2|           1|           1|
    |or_ln374_86_fu_2969_p2          |        or|   0|  0|   2|           1|           1|
    |or_ln374_87_fu_3061_p2          |        or|   0|  0|   2|           1|           1|
    |or_ln374_88_fu_3153_p2          |        or|   0|  0|   2|           1|           1|
    |or_ln374_89_fu_3245_p2          |        or|   0|  0|   2|           1|           1|
    |or_ln374_90_fu_3337_p2          |        or|   0|  0|   2|           1|           1|
    |or_ln374_91_fu_3429_p2          |        or|   0|  0|   2|           1|           1|
    |or_ln374_92_fu_3521_p2          |        or|   0|  0|   2|           1|           1|
    |or_ln374_93_fu_3613_p2          |        or|   0|  0|   2|           1|           1|
    |or_ln374_94_fu_3705_p2          |        or|   0|  0|   2|           1|           1|
    |or_ln374_fu_853_p2              |        or|   0|  0|   2|           1|           1|
    |deleted_zeros_64_fu_3810_p3     |    select|   0|  0|   2|           1|           1|
    |deleted_zeros_65_fu_3851_p3     |    select|   0|  0|   2|           1|           1|
    |deleted_zeros_66_fu_3892_p3     |    select|   0|  0|   2|           1|           1|
    |deleted_zeros_67_fu_3933_p3     |    select|   0|  0|   2|           1|           1|
    |deleted_zeros_68_fu_3974_p3     |    select|   0|  0|   2|           1|           1|
    |deleted_zeros_69_fu_4015_p3     |    select|   0|  0|   2|           1|           1|
    |deleted_zeros_70_fu_4056_p3     |    select|   0|  0|   2|           1|           1|
    |deleted_zeros_71_fu_4097_p3     |    select|   0|  0|   2|           1|           1|
    |deleted_zeros_72_fu_4138_p3     |    select|   0|  0|   2|           1|           1|
    |deleted_zeros_73_fu_4179_p3     |    select|   0|  0|   2|           1|           1|
    |deleted_zeros_74_fu_4220_p3     |    select|   0|  0|   2|           1|           1|
    |deleted_zeros_75_fu_4261_p3     |    select|   0|  0|   2|           1|           1|
    |deleted_zeros_76_fu_4302_p3     |    select|   0|  0|   2|           1|           1|
    |deleted_zeros_77_fu_4343_p3     |    select|   0|  0|   2|           1|           1|
    |deleted_zeros_78_fu_4384_p3     |    select|   0|  0|   2|           1|           1|
    |deleted_zeros_79_fu_4425_p3     |    select|   0|  0|   2|           1|           1|
    |deleted_zeros_80_fu_4466_p3     |    select|   0|  0|   2|           1|           1|
    |deleted_zeros_81_fu_4507_p3     |    select|   0|  0|   2|           1|           1|
    |deleted_zeros_82_fu_4548_p3     |    select|   0|  0|   2|           1|           1|
    |deleted_zeros_83_fu_4589_p3     |    select|   0|  0|   2|           1|           1|
    |deleted_zeros_84_fu_4630_p3     |    select|   0|  0|   2|           1|           1|
    |deleted_zeros_85_fu_4671_p3     |    select|   0|  0|   2|           1|           1|
    |deleted_zeros_86_fu_4712_p3     |    select|   0|  0|   2|           1|           1|
    |deleted_zeros_87_fu_4753_p3     |    select|   0|  0|   2|           1|           1|
    |deleted_zeros_88_fu_4794_p3     |    select|   0|  0|   2|           1|           1|
    |deleted_zeros_89_fu_4835_p3     |    select|   0|  0|   2|           1|           1|
    |deleted_zeros_90_fu_4876_p3     |    select|   0|  0|   2|           1|           1|
    |deleted_zeros_91_fu_4917_p3     |    select|   0|  0|   2|           1|           1|
    |deleted_zeros_92_fu_4958_p3     |    select|   0|  0|   2|           1|           1|
    |deleted_zeros_93_fu_4999_p3     |    select|   0|  0|   2|           1|           1|
    |deleted_zeros_94_fu_5040_p3     |    select|   0|  0|   2|           1|           1|
    |deleted_zeros_fu_3769_p3        |    select|   0|  0|   2|           1|           1|
    |select_ln1649_64_fu_3824_p3     |    select|   0|  0|   6|           1|           6|
    |select_ln1649_65_fu_3865_p3     |    select|   0|  0|   6|           1|           6|
    |select_ln1649_66_fu_3906_p3     |    select|   0|  0|   6|           1|           6|
    |select_ln1649_67_fu_3947_p3     |    select|   0|  0|   6|           1|           6|
    |select_ln1649_68_fu_3988_p3     |    select|   0|  0|   6|           1|           6|
    |select_ln1649_69_fu_4029_p3     |    select|   0|  0|   6|           1|           6|
    |select_ln1649_70_fu_4070_p3     |    select|   0|  0|   6|           1|           6|
    |select_ln1649_71_fu_4111_p3     |    select|   0|  0|   6|           1|           6|
    |select_ln1649_72_fu_4152_p3     |    select|   0|  0|   6|           1|           6|
    |select_ln1649_73_fu_4193_p3     |    select|   0|  0|   6|           1|           6|
    |select_ln1649_74_fu_4234_p3     |    select|   0|  0|   6|           1|           6|
    |select_ln1649_75_fu_4275_p3     |    select|   0|  0|   6|           1|           6|
    |select_ln1649_76_fu_4316_p3     |    select|   0|  0|   6|           1|           6|
    |select_ln1649_77_fu_4357_p3     |    select|   0|  0|   6|           1|           6|
    |select_ln1649_78_fu_4398_p3     |    select|   0|  0|   6|           1|           6|
    |select_ln1649_79_fu_4439_p3     |    select|   0|  0|   6|           1|           6|
    |select_ln1649_80_fu_4480_p3     |    select|   0|  0|   6|           1|           6|
    |select_ln1649_81_fu_4521_p3     |    select|   0|  0|   6|           1|           6|
    |select_ln1649_82_fu_4562_p3     |    select|   0|  0|   6|           1|           6|
    |select_ln1649_83_fu_4603_p3     |    select|   0|  0|   6|           1|           6|
    |select_ln1649_84_fu_4644_p3     |    select|   0|  0|   6|           1|           6|
    |select_ln1649_85_fu_4685_p3     |    select|   0|  0|   6|           1|           6|
    |select_ln1649_86_fu_4726_p3     |    select|   0|  0|   6|           1|           6|
    |select_ln1649_87_fu_4767_p3     |    select|   0|  0|   6|           1|           6|
    |select_ln1649_88_fu_4808_p3     |    select|   0|  0|   6|           1|           6|
    |select_ln1649_89_fu_4849_p3     |    select|   0|  0|   6|           1|           6|
    |select_ln1649_90_fu_4890_p3     |    select|   0|  0|   6|           1|           6|
    |select_ln1649_91_fu_4931_p3     |    select|   0|  0|   6|           1|           6|
    |select_ln1649_92_fu_4972_p3     |    select|   0|  0|   6|           1|           6|
    |select_ln1649_93_fu_5013_p3     |    select|   0|  0|   6|           1|           6|
    |select_ln1649_94_fu_5054_p3     |    select|   0|  0|   6|           1|           6|
    |select_ln1649_fu_3783_p3        |    select|   0|  0|   6|           1|           6|
    |select_ln302_64_fu_3817_p3      |    select|   0|  0|   6|           1|           6|
    |select_ln302_65_fu_3858_p3      |    select|   0|  0|   6|           1|           6|
    |select_ln302_66_fu_3899_p3      |    select|   0|  0|   6|           1|           6|
    |select_ln302_67_fu_3940_p3      |    select|   0|  0|   6|           1|           6|
    |select_ln302_68_fu_3981_p3      |    select|   0|  0|   6|           1|           6|
    |select_ln302_69_fu_4022_p3      |    select|   0|  0|   6|           1|           6|
    |select_ln302_70_fu_4063_p3      |    select|   0|  0|   6|           1|           6|
    |select_ln302_71_fu_4104_p3      |    select|   0|  0|   6|           1|           6|
    |select_ln302_72_fu_4145_p3      |    select|   0|  0|   6|           1|           6|
    |select_ln302_73_fu_4186_p3      |    select|   0|  0|   6|           1|           6|
    |select_ln302_74_fu_4227_p3      |    select|   0|  0|   6|           1|           6|
    |select_ln302_75_fu_4268_p3      |    select|   0|  0|   6|           1|           6|
    |select_ln302_76_fu_4309_p3      |    select|   0|  0|   6|           1|           6|
    |select_ln302_77_fu_4350_p3      |    select|   0|  0|   6|           1|           6|
    |select_ln302_78_fu_4391_p3      |    select|   0|  0|   6|           1|           6|
    |select_ln302_79_fu_4432_p3      |    select|   0|  0|   6|           1|           6|
    |select_ln302_80_fu_4473_p3      |    select|   0|  0|   6|           1|           6|
    |select_ln302_81_fu_4514_p3      |    select|   0|  0|   6|           1|           6|
    |select_ln302_82_fu_4555_p3      |    select|   0|  0|   6|           1|           6|
    |select_ln302_83_fu_4596_p3      |    select|   0|  0|   6|           1|           6|
    |select_ln302_84_fu_4637_p3      |    select|   0|  0|   6|           1|           6|
    |select_ln302_85_fu_4678_p3      |    select|   0|  0|   6|           1|           6|
    |select_ln302_86_fu_4719_p3      |    select|   0|  0|   6|           1|           6|
    |select_ln302_87_fu_4760_p3      |    select|   0|  0|   6|           1|           6|
    |select_ln302_88_fu_4801_p3      |    select|   0|  0|   6|           1|           6|
    |select_ln302_89_fu_4842_p3      |    select|   0|  0|   6|           1|           6|
    |select_ln302_90_fu_4883_p3      |    select|   0|  0|   6|           1|           6|
    |select_ln302_91_fu_4924_p3      |    select|   0|  0|   6|           1|           6|
    |select_ln302_92_fu_4965_p3      |    select|   0|  0|   6|           1|           6|
    |select_ln302_93_fu_5006_p3      |    select|   0|  0|   6|           1|           6|
    |select_ln302_94_fu_5047_p3      |    select|   0|  0|   6|           1|           6|
    |select_ln302_fu_3776_p3         |    select|   0|  0|   6|           1|           6|
    |select_ln888_64_fu_3804_p3      |    select|   0|  0|   2|           1|           1|
    |select_ln888_65_fu_3845_p3      |    select|   0|  0|   2|           1|           1|
    |select_ln888_66_fu_3886_p3      |    select|   0|  0|   2|           1|           1|
    |select_ln888_67_fu_3927_p3      |    select|   0|  0|   2|           1|           1|
    |select_ln888_68_fu_3968_p3      |    select|   0|  0|   2|           1|           1|
    |select_ln888_69_fu_4009_p3      |    select|   0|  0|   2|           1|           1|
    |select_ln888_70_fu_4050_p3      |    select|   0|  0|   2|           1|           1|
    |select_ln888_71_fu_4091_p3      |    select|   0|  0|   2|           1|           1|
    |select_ln888_72_fu_4132_p3      |    select|   0|  0|   2|           1|           1|
    |select_ln888_73_fu_4173_p3      |    select|   0|  0|   2|           1|           1|
    |select_ln888_74_fu_4214_p3      |    select|   0|  0|   2|           1|           1|
    |select_ln888_75_fu_4255_p3      |    select|   0|  0|   2|           1|           1|
    |select_ln888_76_fu_4296_p3      |    select|   0|  0|   2|           1|           1|
    |select_ln888_77_fu_4337_p3      |    select|   0|  0|   2|           1|           1|
    |select_ln888_78_fu_4378_p3      |    select|   0|  0|   2|           1|           1|
    |select_ln888_79_fu_4419_p3      |    select|   0|  0|   2|           1|           1|
    |select_ln888_80_fu_4460_p3      |    select|   0|  0|   2|           1|           1|
    |select_ln888_81_fu_4501_p3      |    select|   0|  0|   2|           1|           1|
    |select_ln888_82_fu_4542_p3      |    select|   0|  0|   2|           1|           1|
    |select_ln888_83_fu_4583_p3      |    select|   0|  0|   2|           1|           1|
    |select_ln888_84_fu_4624_p3      |    select|   0|  0|   2|           1|           1|
    |select_ln888_85_fu_4665_p3      |    select|   0|  0|   2|           1|           1|
    |select_ln888_86_fu_4706_p3      |    select|   0|  0|   2|           1|           1|
    |select_ln888_87_fu_4747_p3      |    select|   0|  0|   2|           1|           1|
    |select_ln888_88_fu_4788_p3      |    select|   0|  0|   2|           1|           1|
    |select_ln888_89_fu_4829_p3      |    select|   0|  0|   2|           1|           1|
    |select_ln888_90_fu_4870_p3      |    select|   0|  0|   2|           1|           1|
    |select_ln888_91_fu_4911_p3      |    select|   0|  0|   2|           1|           1|
    |select_ln888_92_fu_4952_p3      |    select|   0|  0|   2|           1|           1|
    |select_ln888_93_fu_4993_p3      |    select|   0|  0|   2|           1|           1|
    |select_ln888_94_fu_5034_p3      |    select|   0|  0|   2|           1|           1|
    |select_ln888_fu_3763_p3         |    select|   0|  0|   2|           1|           1|
    +--------------------------------+----------+----+---+----+------------+------------+
    |Total                           |          |   0|  0|2370|        1377|         865|
    +--------------------------------+----------+----+---+----+------------+------------+

    * Multiplexer: 
    +------------------+----+-----------+-----+-----------+
    |       Name       | LUT| Input Size| Bits| Total Bits|
    +------------------+----+-----------+-----+-----------+
    |ap_NS_fsm         |  14|          3|    1|          3|
    |ap_done           |   9|          2|    1|          2|
    |layer5_out_blk_n  |   9|          2|    1|          2|
    |layer7_out_blk_n  |   9|          2|    1|          2|
    |real_start        |   9|          2|    1|          2|
    +------------------+----+-----------+-----+-----------+
    |Total             |  50|         11|    5|         11|
    +------------------+----+-----------+-----+-----------+

    * Register: 
    +------------------------------+-----+----+-----+-----------+
    |             Name             |  FF | LUT| Bits| Const Bits|
    +------------------------------+-----+----+-----+-----------+
    |Range1_all_ones_64_reg_5199   |    1|   0|    1|          0|
    |Range1_all_ones_65_reg_5221   |    1|   0|    1|          0|
    |Range1_all_ones_66_reg_5243   |    1|   0|    1|          0|
    |Range1_all_ones_67_reg_5265   |    1|   0|    1|          0|
    |Range1_all_ones_68_reg_5287   |    1|   0|    1|          0|
    |Range1_all_ones_69_reg_5309   |    1|   0|    1|          0|
    |Range1_all_ones_70_reg_5331   |    1|   0|    1|          0|
    |Range1_all_ones_71_reg_5353   |    1|   0|    1|          0|
    |Range1_all_ones_72_reg_5375   |    1|   0|    1|          0|
    |Range1_all_ones_73_reg_5397   |    1|   0|    1|          0|
    |Range1_all_ones_74_reg_5419   |    1|   0|    1|          0|
    |Range1_all_ones_75_reg_5441   |    1|   0|    1|          0|
    |Range1_all_ones_76_reg_5463   |    1|   0|    1|          0|
    |Range1_all_ones_77_reg_5485   |    1|   0|    1|          0|
    |Range1_all_ones_78_reg_5507   |    1|   0|    1|          0|
    |Range1_all_ones_79_reg_5529   |    1|   0|    1|          0|
    |Range1_all_ones_80_reg_5551   |    1|   0|    1|          0|
    |Range1_all_ones_81_reg_5573   |    1|   0|    1|          0|
    |Range1_all_ones_82_reg_5595   |    1|   0|    1|          0|
    |Range1_all_ones_83_reg_5617   |    1|   0|    1|          0|
    |Range1_all_ones_84_reg_5639   |    1|   0|    1|          0|
    |Range1_all_ones_85_reg_5661   |    1|   0|    1|          0|
    |Range1_all_ones_86_reg_5683   |    1|   0|    1|          0|
    |Range1_all_ones_87_reg_5705   |    1|   0|    1|          0|
    |Range1_all_ones_88_reg_5727   |    1|   0|    1|          0|
    |Range1_all_ones_89_reg_5749   |    1|   0|    1|          0|
    |Range1_all_ones_90_reg_5771   |    1|   0|    1|          0|
    |Range1_all_ones_91_reg_5793   |    1|   0|    1|          0|
    |Range1_all_ones_92_reg_5815   |    1|   0|    1|          0|
    |Range1_all_ones_93_reg_5837   |    1|   0|    1|          0|
    |Range1_all_ones_94_reg_5859   |    1|   0|    1|          0|
    |Range1_all_ones_reg_5177      |    1|   0|    1|          0|
    |Range1_all_zeros_64_reg_5204  |    1|   0|    1|          0|
    |Range1_all_zeros_65_reg_5226  |    1|   0|    1|          0|
    |Range1_all_zeros_66_reg_5248  |    1|   0|    1|          0|
    |Range1_all_zeros_67_reg_5270  |    1|   0|    1|          0|
    |Range1_all_zeros_68_reg_5292  |    1|   0|    1|          0|
    |Range1_all_zeros_69_reg_5314  |    1|   0|    1|          0|
    |Range1_all_zeros_70_reg_5336  |    1|   0|    1|          0|
    |Range1_all_zeros_71_reg_5358  |    1|   0|    1|          0|
    |Range1_all_zeros_72_reg_5380  |    1|   0|    1|          0|
    |Range1_all_zeros_73_reg_5402  |    1|   0|    1|          0|
    |Range1_all_zeros_74_reg_5424  |    1|   0|    1|          0|
    |Range1_all_zeros_75_reg_5446  |    1|   0|    1|          0|
    |Range1_all_zeros_76_reg_5468  |    1|   0|    1|          0|
    |Range1_all_zeros_77_reg_5490  |    1|   0|    1|          0|
    |Range1_all_zeros_78_reg_5512  |    1|   0|    1|          0|
    |Range1_all_zeros_79_reg_5534  |    1|   0|    1|          0|
    |Range1_all_zeros_80_reg_5556  |    1|   0|    1|          0|
    |Range1_all_zeros_81_reg_5578  |    1|   0|    1|          0|
    |Range1_all_zeros_82_reg_5600  |    1|   0|    1|          0|
    |Range1_all_zeros_83_reg_5622  |    1|   0|    1|          0|
    |Range1_all_zeros_84_reg_5644  |    1|   0|    1|          0|
    |Range1_all_zeros_85_reg_5666  |    1|   0|    1|          0|
    |Range1_all_zeros_86_reg_5688  |    1|   0|    1|          0|
    |Range1_all_zeros_87_reg_5710  |    1|   0|    1|          0|
    |Range1_all_zeros_88_reg_5732  |    1|   0|    1|          0|
    |Range1_all_zeros_89_reg_5754  |    1|   0|    1|          0|
    |Range1_all_zeros_90_reg_5776  |    1|   0|    1|          0|
    |Range1_all_zeros_91_reg_5798  |    1|   0|    1|          0|
    |Range1_all_zeros_92_reg_5820  |    1|   0|    1|          0|
    |Range1_all_zeros_93_reg_5842  |    1|   0|    1|          0|
    |Range1_all_zeros_94_reg_5864  |    1|   0|    1|          0|
    |Range1_all_zeros_reg_5182     |    1|   0|    1|          0|
    |ap_CS_fsm                     |    2|   0|    2|          0|
    |ap_done_reg                   |    1|   0|    1|          0|
    |icmp_ln1649_64_reg_5188       |    1|   0|    1|          0|
    |icmp_ln1649_65_reg_5210       |    1|   0|    1|          0|
    |icmp_ln1649_66_reg_5232       |    1|   0|    1|          0|
    |icmp_ln1649_67_reg_5254       |    1|   0|    1|          0|
    |icmp_ln1649_68_reg_5276       |    1|   0|    1|          0|
    |icmp_ln1649_69_reg_5298       |    1|   0|    1|          0|
    |icmp_ln1649_70_reg_5320       |    1|   0|    1|          0|
    |icmp_ln1649_71_reg_5342       |    1|   0|    1|          0|
    |icmp_ln1649_72_reg_5364       |    1|   0|    1|          0|
    |icmp_ln1649_73_reg_5386       |    1|   0|    1|          0|
    |icmp_ln1649_74_reg_5408       |    1|   0|    1|          0|
    |icmp_ln1649_75_reg_5430       |    1|   0|    1|          0|
    |icmp_ln1649_76_reg_5452       |    1|   0|    1|          0|
    |icmp_ln1649_77_reg_5474       |    1|   0|    1|          0|
    |icmp_ln1649_78_reg_5496       |    1|   0|    1|          0|
    |icmp_ln1649_79_reg_5518       |    1|   0|    1|          0|
    |icmp_ln1649_80_reg_5540       |    1|   0|    1|          0|
    |icmp_ln1649_81_reg_5562       |    1|   0|    1|          0|
    |icmp_ln1649_82_reg_5584       |    1|   0|    1|          0|
    |icmp_ln1649_83_reg_5606       |    1|   0|    1|          0|
    |icmp_ln1649_84_reg_5628       |    1|   0|    1|          0|
    |icmp_ln1649_85_reg_5650       |    1|   0|    1|          0|
    |icmp_ln1649_86_reg_5672       |    1|   0|    1|          0|
    |icmp_ln1649_87_reg_5694       |    1|   0|    1|          0|
    |icmp_ln1649_88_reg_5716       |    1|   0|    1|          0|
    |icmp_ln1649_89_reg_5738       |    1|   0|    1|          0|
    |icmp_ln1649_90_reg_5760       |    1|   0|    1|          0|
    |icmp_ln1649_91_reg_5782       |    1|   0|    1|          0|
    |icmp_ln1649_92_reg_5804       |    1|   0|    1|          0|
    |icmp_ln1649_93_reg_5826       |    1|   0|    1|          0|
    |icmp_ln1649_94_reg_5848       |    1|   0|    1|          0|
    |icmp_ln1649_reg_5166          |    1|   0|    1|          0|
    |layer5_out_read_reg_5130      |  512|   0|  512|          0|
    |p_Val2_192_reg_5171           |    6|   0|    6|          0|
    |p_Val2_194_reg_5193           |    6|   0|    6|          0|
    |p_Val2_196_reg_5215           |    6|   0|    6|          0|
    |p_Val2_198_reg_5237           |    6|   0|    6|          0|
    |p_Val2_199_reg_5259           |    6|   0|    6|          0|
    |p_Val2_200_reg_5281           |    6|   0|    6|          0|
    |p_Val2_201_reg_5303           |    6|   0|    6|          0|
    |p_Val2_202_reg_5325           |    6|   0|    6|          0|
    |p_Val2_203_reg_5347           |    6|   0|    6|          0|
    |p_Val2_204_reg_5369           |    6|   0|    6|          0|
    |p_Val2_205_reg_5391           |    6|   0|    6|          0|
    |p_Val2_206_reg_5413           |    6|   0|    6|          0|
    |p_Val2_207_reg_5435           |    6|   0|    6|          0|
    |p_Val2_208_reg_5457           |    6|   0|    6|          0|
    |p_Val2_209_reg_5479           |    6|   0|    6|          0|
    |p_Val2_210_reg_5501           |    6|   0|    6|          0|
    |p_Val2_211_reg_5523           |    6|   0|    6|          0|
    |p_Val2_212_reg_5545           |    6|   0|    6|          0|
    |p_Val2_213_reg_5567           |    6|   0|    6|          0|
    |p_Val2_214_reg_5589           |    6|   0|    6|          0|
    |p_Val2_215_reg_5611           |    6|   0|    6|          0|
    |p_Val2_216_reg_5633           |    6|   0|    6|          0|
    |p_Val2_217_reg_5655           |    6|   0|    6|          0|
    |p_Val2_218_reg_5677           |    6|   0|    6|          0|
    |p_Val2_219_reg_5699           |    6|   0|    6|          0|
    |p_Val2_220_reg_5721           |    6|   0|    6|          0|
    |p_Val2_221_reg_5743           |    6|   0|    6|          0|
    |p_Val2_222_reg_5765           |    6|   0|    6|          0|
    |p_Val2_223_reg_5787           |    6|   0|    6|          0|
    |p_Val2_224_reg_5809           |    6|   0|    6|          0|
    |p_Val2_227_reg_5831           |    6|   0|    6|          0|
    |p_Val2_229_reg_5853           |    6|   0|    6|          0|
    |start_once_reg                |    1|   0|    1|          0|
    +------------------------------+-----+----+-----+-----------+
    |Total                         |  804|   0|  804|          0|
    +------------------------------+-----+----+-----+-----------+



================================================================
== Interface
================================================================
* Summary: 
+---------------------------+-----+-----+------------+------------------------------------------------------------------------+--------------+
|         RTL Ports         | Dir | Bits|  Protocol  |                              Source Object                             |    C Type    |
+---------------------------+-----+-----+------------+------------------------------------------------------------------------+--------------+
|ap_clk                     |   in|    1|  ap_ctrl_hs|  relu<array<ap_fixed,32u>,array<ap_ufixed<6,0,4,0,0>,32u>,relu_config7>|  return value|
|ap_rst                     |   in|    1|  ap_ctrl_hs|  relu<array<ap_fixed,32u>,array<ap_ufixed<6,0,4,0,0>,32u>,relu_config7>|  return value|
|ap_start                   |   in|    1|  ap_ctrl_hs|  relu<array<ap_fixed,32u>,array<ap_ufixed<6,0,4,0,0>,32u>,relu_config7>|  return value|
|start_full_n               |   in|    1|  ap_ctrl_hs|  relu<array<ap_fixed,32u>,array<ap_ufixed<6,0,4,0,0>,32u>,relu_config7>|  return value|
|ap_done                    |  out|    1|  ap_ctrl_hs|  relu<array<ap_fixed,32u>,array<ap_ufixed<6,0,4,0,0>,32u>,relu_config7>|  return value|
|ap_continue                |   in|    1|  ap_ctrl_hs|  relu<array<ap_fixed,32u>,array<ap_ufixed<6,0,4,0,0>,32u>,relu_config7>|  return value|
|ap_idle                    |  out|    1|  ap_ctrl_hs|  relu<array<ap_fixed,32u>,array<ap_ufixed<6,0,4,0,0>,32u>,relu_config7>|  return value|
|ap_ready                   |  out|    1|  ap_ctrl_hs|  relu<array<ap_fixed,32u>,array<ap_ufixed<6,0,4,0,0>,32u>,relu_config7>|  return value|
|start_out                  |  out|    1|  ap_ctrl_hs|  relu<array<ap_fixed,32u>,array<ap_ufixed<6,0,4,0,0>,32u>,relu_config7>|  return value|
|start_write                |  out|    1|  ap_ctrl_hs|  relu<array<ap_fixed,32u>,array<ap_ufixed<6,0,4,0,0>,32u>,relu_config7>|  return value|
|layer5_out_dout            |   in|  512|     ap_fifo|                                                              layer5_out|       pointer|
|layer5_out_num_data_valid  |   in|    2|     ap_fifo|                                                              layer5_out|       pointer|
|layer5_out_fifo_cap        |   in|    2|     ap_fifo|                                                              layer5_out|       pointer|
|layer5_out_empty_n         |   in|    1|     ap_fifo|                                                              layer5_out|       pointer|
|layer5_out_read            |  out|    1|     ap_fifo|                                                              layer5_out|       pointer|
|layer7_out_din             |  out|  192|     ap_fifo|                                                              layer7_out|       pointer|
|layer7_out_num_data_valid  |   in|    2|     ap_fifo|                                                              layer7_out|       pointer|
|layer7_out_fifo_cap        |   in|    2|     ap_fifo|                                                              layer7_out|       pointer|
|layer7_out_full_n          |   in|    1|     ap_fifo|                                                              layer7_out|       pointer|
|layer7_out_write           |  out|    1|     ap_fifo|                                                              layer7_out|       pointer|
+---------------------------+-----+-----+------------+------------------------------------------------------------------------+--------------+

