

================================================================
== Vitis HLS Report for 'relu_ap_fixed_16_6_5_3_0_ap_ufixed_6_0_4_0_0_relu_config4_s'
================================================================
* Date:           Wed Mar  6 03:04:09 2024

* Version:        2022.2 (Build 3670227 on Oct 13 2022)
* Project:        alveo_hls4ml
* Solution:       solution (Vitis Kernel Flow Target)
* Product family: virtexuplus
* Target device:  xcu55c-fsvh2892-2L-e


================================================================
== Performance Estimates
================================================================
+ Timing: 
    * Summary: 
    +--------+---------+----------+------------+
    |  Clock |  Target | Estimated| Uncertainty|
    +--------+---------+----------+------------+
    |ap_clk  |  3.33 ns|  2.423 ns|     0.90 ns|
    +--------+---------+----------+------------+

+ Latency: 
    * Summary: 
    +---------+---------+----------+----------+-----+-----+---------+
    |  Latency (cycles) |  Latency (absolute) |  Interval | Pipeline|
    |   min   |   max   |    min   |    max   | min | max |   Type  |
    +---------+---------+----------+----------+-----+-----+---------+
    |        1|        1|  3.333 ns|  3.333 ns|    1|    1|      yes|
    +---------+---------+----------+----------+-----+-----+---------+

    + Detail: 
        * Instance: 
        N/A

        * Loop: 
        N/A



================================================================
== Utilization Estimates
================================================================
* Summary: 
+---------------------+---------+------+---------+---------+-----+
|         Name        | BRAM_18K|  DSP |    FF   |   LUT   | URAM|
+---------------------+---------+------+---------+---------+-----+
|DSP                  |        -|     -|        -|        -|    -|
|Expression           |        -|     -|        0|      302|    -|
|FIFO                 |        -|     -|        -|        -|    -|
|Instance             |        -|     -|        -|        -|    -|
|Memory               |        -|     -|        -|        -|    -|
|Multiplexer          |        -|     -|        -|       45|    -|
|Register             |        -|     -|      123|        -|    -|
+---------------------+---------+------+---------+---------+-----+
|Total                |        0|     0|      123|      347|    0|
+---------------------+---------+------+---------+---------+-----+
|Available SLR        |     1344|  3008|   869120|   434560|  320|
+---------------------+---------+------+---------+---------+-----+
|Utilization SLR (%)  |        0|     0|       ~0|       ~0|    0|
+---------------------+---------+------+---------+---------+-----+
|Available            |     4032|  9024|  2607360|  1303680|  960|
+---------------------+---------+------+---------+---------+-----+
|Utilization (%)      |        0|     0|       ~0|       ~0|    0|
+---------------------+---------+------+---------+---------+-----+

+ Detail: 
    * Instance: 
    N/A

    * DSP: 
    N/A

    * Memory: 
    N/A

    * FIFO: 
    N/A

    * Expression: 
    +------------------------------+----------+----+---+----+------------+------------+
    |         Variable Name        | Operation| DSP| FF| LUT| Bitwidth P0| Bitwidth P1|
    +------------------------------+----------+----+---+----+------------+------------+
    |p_Val2_1_fu_122_p2            |         +|   0|  0|  13|           6|           6|
    |p_Val2_3_fu_202_p2            |         +|   0|  0|  13|           6|           6|
    |p_Val2_5_fu_282_p2            |         +|   0|  0|  13|           6|           6|
    |p_Val2_7_fu_362_p2            |         +|   0|  0|  13|           6|           6|
    |and_ln374_1_fu_192_p2         |       and|   0|  0|   2|           1|           1|
    |and_ln374_2_fu_272_p2         |       and|   0|  0|   2|           1|           1|
    |and_ln374_3_fu_352_p2         |       and|   0|  0|   2|           1|           1|
    |and_ln374_fu_112_p2           |       and|   0|  0|   2|           1|           1|
    |Range1_all_ones_1_fu_218_p2   |      icmp|   0|  0|  10|           6|           2|
    |Range1_all_ones_2_fu_298_p2   |      icmp|   0|  0|  10|           6|           2|
    |Range1_all_ones_3_fu_378_p2   |      icmp|   0|  0|  10|           6|           2|
    |Range1_all_ones_fu_138_p2     |      icmp|   0|  0|  10|           6|           2|
    |Range1_all_zeros_1_fu_224_p2  |      icmp|   0|  0|  10|           6|           1|
    |Range1_all_zeros_2_fu_304_p2  |      icmp|   0|  0|  10|           6|           1|
    |Range1_all_zeros_3_fu_384_p2  |      icmp|   0|  0|  10|           6|           1|
    |Range1_all_zeros_fu_144_p2    |      icmp|   0|  0|  10|           6|           1|
    |icmp_ln1649_1_fu_437_p2       |      icmp|   0|  0|  13|          16|           1|
    |icmp_ln1649_2_fu_484_p2       |      icmp|   0|  0|  13|          16|           1|
    |icmp_ln1649_3_fu_531_p2       |      icmp|   0|  0|  13|          16|           1|
    |icmp_ln1649_fu_390_p2         |      icmp|   0|  0|  13|          16|           1|
    |r_1_fu_180_p2                 |      icmp|   0|  0|   8|           3|           1|
    |r_2_fu_260_p2                 |      icmp|   0|  0|   8|           3|           1|
    |r_3_fu_340_p2                 |      icmp|   0|  0|   8|           3|           1|
    |r_fu_100_p2                   |      icmp|   0|  0|   8|           3|           1|
    |ap_block_pp0_stage0_11001     |        or|   0|  0|   2|           1|           1|
    |ap_block_pp0_stage0_subdone   |        or|   0|  0|   2|           1|           1|
    |or_ln374_1_fu_186_p2          |        or|   0|  0|   2|           1|           1|
    |or_ln374_2_fu_266_p2          |        or|   0|  0|   2|           1|           1|
    |or_ln374_3_fu_346_p2          |        or|   0|  0|   2|           1|           1|
    |or_ln374_fu_106_p2            |        or|   0|  0|   2|           1|           1|
    |deleted_zeros_1_fu_462_p3     |    select|   0|  0|   2|           1|           1|
    |deleted_zeros_2_fu_509_p3     |    select|   0|  0|   2|           1|           1|
    |deleted_zeros_3_fu_556_p3     |    select|   0|  0|   2|           1|           1|
    |deleted_zeros_fu_415_p3       |    select|   0|  0|   2|           1|           1|
    |select_ln1649_1_fu_476_p3     |    select|   0|  0|   6|           1|           6|
    |select_ln1649_2_fu_523_p3     |    select|   0|  0|   6|           1|           6|
    |select_ln1649_3_fu_570_p3     |    select|   0|  0|   6|           1|           6|
    |select_ln1649_fu_429_p3       |    select|   0|  0|   6|           1|           6|
    |select_ln302_1_fu_469_p3      |    select|   0|  0|   6|           1|           6|
    |select_ln302_2_fu_516_p3      |    select|   0|  0|   6|           1|           6|
    |select_ln302_3_fu_563_p3      |    select|   0|  0|   6|           1|           6|
    |select_ln302_fu_422_p3        |    select|   0|  0|   6|           1|           6|
    |select_ln888_1_fu_456_p3      |    select|   0|  0|   2|           1|           1|
    |select_ln888_2_fu_503_p3      |    select|   0|  0|   2|           1|           1|
    |select_ln888_3_fu_550_p3      |    select|   0|  0|   2|           1|           1|
    |select_ln888_fu_409_p3        |    select|   0|  0|   2|           1|           1|
    |ap_enable_pp0                 |       xor|   0|  0|   2|           1|           2|
    +------------------------------+----------+----+---+----+------------+------------+
    |Total                         |          |   0|  0| 302|         175|         112|
    +------------------------------+----------+----+---+----+------------+------------+

    * Multiplexer: 
    +-------------+----+-----------+-----+-----------+
    |     Name    | LUT| Input Size| Bits| Total Bits|
    +-------------+----+-----------+-----+-----------+
    |ap_done      |   9|          2|    1|          2|
    |ap_return_0  |   9|          2|    6|         12|
    |ap_return_1  |   9|          2|    6|         12|
    |ap_return_2  |   9|          2|    6|         12|
    |ap_return_3  |   9|          2|    6|         12|
    +-------------+----+-----------+-----+-----------+
    |Total        |  45|         10|   25|         50|
    +-------------+----+-----------+-----+-----------+

    * Register: 
    +----------------------------+----+----+-----+-----------+
    |            Name            | FF | LUT| Bits| Const Bits|
    +----------------------------+----+----+-----+-----------+
    |Range1_all_ones_1_reg_649   |   1|   0|    1|          0|
    |Range1_all_ones_2_reg_666   |   1|   0|    1|          0|
    |Range1_all_ones_3_reg_683   |   1|   0|    1|          0|
    |Range1_all_ones_reg_632     |   1|   0|    1|          0|
    |Range1_all_zeros_1_reg_654  |   1|   0|    1|          0|
    |Range1_all_zeros_2_reg_671  |   1|   0|    1|          0|
    |Range1_all_zeros_3_reg_688  |   1|   0|    1|          0|
    |Range1_all_zeros_reg_637    |   1|   0|    1|          0|
    |ap_CS_fsm                   |   1|   0|    1|          0|
    |ap_done_reg                 |   1|   0|    1|          0|
    |ap_enable_reg_pp0_iter1     |   1|   0|    1|          0|
    |ap_return_0_preg            |   6|   0|    6|          0|
    |ap_return_1_preg            |   6|   0|    6|          0|
    |ap_return_2_preg            |   6|   0|    6|          0|
    |ap_return_3_preg            |   6|   0|    6|          0|
    |p_Val2_1_reg_626            |   6|   0|    6|          0|
    |p_Val2_3_reg_643            |   6|   0|    6|          0|
    |p_Val2_5_reg_660            |   6|   0|    6|          0|
    |p_Val2_7_reg_677            |   6|   0|    6|          0|
    |p_read_1_reg_602            |  16|   0|   16|          0|
    |p_read_2_reg_608            |  16|   0|   16|          0|
    |p_read_3_reg_614            |  16|   0|   16|          0|
    |p_read_4_reg_620            |  16|   0|   16|          0|
    +----------------------------+----+----+-----+-----------+
    |Total                       | 123|   0|  123|          0|
    +----------------------------+----+----+-----+-----------+



================================================================
== Interface
================================================================
* Summary: 
+-------------+-----+-----+------------+------------------------------------------------------------------------+--------------+
|  RTL Ports  | Dir | Bits|  Protocol  |                              Source Object                             |    C Type    |
+-------------+-----+-----+------------+------------------------------------------------------------------------+--------------+
|ap_clk       |   in|    1|  ap_ctrl_hs|  relu<ap_fixed<16, 6, 5, 3, 0>, ap_ufixed<6, 0, 4, 0, 0>, relu_config4>|  return value|
|ap_rst       |   in|    1|  ap_ctrl_hs|  relu<ap_fixed<16, 6, 5, 3, 0>, ap_ufixed<6, 0, 4, 0, 0>, relu_config4>|  return value|
|ap_start     |   in|    1|  ap_ctrl_hs|  relu<ap_fixed<16, 6, 5, 3, 0>, ap_ufixed<6, 0, 4, 0, 0>, relu_config4>|  return value|
|ap_done      |  out|    1|  ap_ctrl_hs|  relu<ap_fixed<16, 6, 5, 3, 0>, ap_ufixed<6, 0, 4, 0, 0>, relu_config4>|  return value|
|ap_continue  |   in|    1|  ap_ctrl_hs|  relu<ap_fixed<16, 6, 5, 3, 0>, ap_ufixed<6, 0, 4, 0, 0>, relu_config4>|  return value|
|ap_idle      |  out|    1|  ap_ctrl_hs|  relu<ap_fixed<16, 6, 5, 3, 0>, ap_ufixed<6, 0, 4, 0, 0>, relu_config4>|  return value|
|ap_ready     |  out|    1|  ap_ctrl_hs|  relu<ap_fixed<16, 6, 5, 3, 0>, ap_ufixed<6, 0, 4, 0, 0>, relu_config4>|  return value|
|ap_ce        |   in|    1|  ap_ctrl_hs|  relu<ap_fixed<16, 6, 5, 3, 0>, ap_ufixed<6, 0, 4, 0, 0>, relu_config4>|  return value|
|ap_return_0  |  out|    6|  ap_ctrl_hs|  relu<ap_fixed<16, 6, 5, 3, 0>, ap_ufixed<6, 0, 4, 0, 0>, relu_config4>|  return value|
|ap_return_1  |  out|    6|  ap_ctrl_hs|  relu<ap_fixed<16, 6, 5, 3, 0>, ap_ufixed<6, 0, 4, 0, 0>, relu_config4>|  return value|
|ap_return_2  |  out|    6|  ap_ctrl_hs|  relu<ap_fixed<16, 6, 5, 3, 0>, ap_ufixed<6, 0, 4, 0, 0>, relu_config4>|  return value|
|ap_return_3  |  out|    6|  ap_ctrl_hs|  relu<ap_fixed<16, 6, 5, 3, 0>, ap_ufixed<6, 0, 4, 0, 0>, relu_config4>|  return value|
|p_read       |   in|   16|     ap_none|                                                                  p_read|        scalar|
|p_read1      |   in|   16|     ap_none|                                                                 p_read1|        scalar|
|p_read2      |   in|   16|     ap_none|                                                                 p_read2|        scalar|
|p_read3      |   in|   16|     ap_none|                                                                 p_read3|        scalar|
+-------------+-----+-----+------------+------------------------------------------------------------------------+--------------+

