

================================================================
== Vitis HLS Report for 'softmax_stable_array_array_ap_fixed_16_6_5_3_0_5u_softmax_config13_s'
================================================================
* Date:           Sat Mar  2 01:09:46 2024

* Version:        2022.2 (Build 3670227 on Oct 13 2022)
* Project:        alveo_hls4ml
* Solution:       solution (Vitis Kernel Flow Target)
* Product family: virtexuplus
* Target device:  xcu55c-fsvh2892-2L-e


================================================================
== Performance Estimates
================================================================
+ Timing: 
    * Summary: 
    +--------+---------+----------+------------+
    |  Clock |  Target | Estimated| Uncertainty|
    +--------+---------+----------+------------+
    |ap_clk  |  3.33 ns|  2.288 ns|     0.90 ns|
    +--------+---------+----------+------------+

+ Latency: 
    * Summary: 
    +---------+---------+-----------+-----------+-----+-----+---------+
    |  Latency (cycles) |   Latency (absolute)  |  Interval | Pipeline|
    |   min   |   max   |    min    |    max    | min | max |   Type  |
    +---------+---------+-----------+-----------+-----+-----+---------+
    |        7|        7|  23.331 ns|  23.331 ns|    7|    7|       no|
    +---------+---------+-----------+-----------+-----+-----+---------+

    + Detail: 
        * Instance: 
        N/A

        * Loop: 
        N/A



================================================================
== Utilization Estimates
================================================================
* Summary: 
+---------------------+---------+------+---------+---------+-----+
|         Name        | BRAM_18K|  DSP |    FF   |   LUT   | URAM|
+---------------------+---------+------+---------+---------+-----+
|DSP                  |        -|     -|        -|        -|    -|
|Expression           |        -|     -|        0|      453|    -|
|FIFO                 |        -|     -|        -|        -|    -|
|Instance             |        -|     5|        0|       25|    -|
|Memory               |        8|     -|        0|        0|    -|
|Multiplexer          |        -|     -|        -|       67|    -|
|Register             |        -|     -|      312|        -|    -|
+---------------------+---------+------+---------+---------+-----+
|Total                |        8|     5|      312|      545|    0|
+---------------------+---------+------+---------+---------+-----+
|Available SLR        |     1344|  3008|   869120|   434560|  320|
+---------------------+---------+------+---------+---------+-----+
|Utilization SLR (%)  |       ~0|    ~0|       ~0|       ~0|    0|
+---------------------+---------+------+---------+---------+-----+
|Available            |     4032|  9024|  2607360|  1303680|  960|
+---------------------+---------+------+---------+---------+-----+
|Utilization (%)      |       ~0|    ~0|       ~0|       ~0|    0|
+---------------------+---------+------+---------+---------+-----+

+ Detail: 
    * Instance: 
    +-------------------------+--------------------+---------+----+---+----+-----+
    |         Instance        |       Module       | BRAM_18K| DSP| FF| LUT| URAM|
    +-------------------------+--------------------+---------+----+---+----+-----+
    |mul_18s_18s_30_1_1_U159  |mul_18s_18s_30_1_1  |        0|   1|  0|   5|    0|
    |mul_18s_18s_30_1_1_U160  |mul_18s_18s_30_1_1  |        0|   1|  0|   5|    0|
    |mul_18s_18s_30_1_1_U161  |mul_18s_18s_30_1_1  |        0|   1|  0|   5|    0|
    |mul_18s_18s_30_1_1_U162  |mul_18s_18s_30_1_1  |        0|   1|  0|   5|    0|
    |mul_18s_18s_30_1_1_U163  |mul_18s_18s_30_1_1  |        0|   1|  0|   5|    0|
    +-------------------------+--------------------+---------+----+---+----+-----+
    |Total                    |                    |        0|   5|  0|  25|    0|
    +-------------------------+--------------------+---------+----+---+----+-----+

    * DSP: 
    N/A

    * Memory: 
    +----------------+----------------------------------------------------------------------------------+---------+---+----+-----+------+-----+------+-------------+
    |     Memory     |                                      Module                                      | BRAM_18K| FF| LUT| URAM| Words| Bits| Banks| W*Bits*Banks|
    +----------------+----------------------------------------------------------------------------------+---------+---+----+-----+------+-----+------+-------------+
    |exp_table_U     |softmax_stable_array_array_ap_fixed_16_6_5_3_0_5u_softmax_config13_s_exp_tablbkb  |        6|  0|   0|    0|  1024|   18|     1|        18432|
    |invert_table_U  |softmax_stable_array_array_ap_fixed_16_6_5_3_0_5u_softmax_config13_s_invert_tcud  |        2|  0|   0|    0|  1024|   18|     1|        18432|
    +----------------+----------------------------------------------------------------------------------+---------+---+----+-----+------+-----+------+-------------+
    |Total           |                                                                                  |        8|  0|   0|    0|  2048|   36|     2|        36864|
    +----------------+----------------------------------------------------------------------------------+---------+---+----+-----+------+-----+------+-------------+

    * FIFO: 
    N/A

    * Expression: 
    +--------------------------+----------+----+---+----+------------+------------+
    |       Variable Name      | Operation| DSP| FF| LUT| Bitwidth P0| Bitwidth P1|
    +--------------------------+----------+----+---+----+------------+------------+
    |add_ln813_1_fu_777_p2     |         +|   0|  0|  18|          18|          18|
    |add_ln813_2_fu_783_p2     |         +|   0|  0|  18|          18|          18|
    |add_ln813_fu_789_p2       |         +|   0|  0|  18|          18|          18|
    |exp_sum_V_fu_793_p2       |         +|   0|  0|  18|          18|          18|
    |ret_V_1_fu_453_p2         |         -|   0|  0|  24|          17|          17|
    |ret_V_2_fu_496_p2         |         -|   0|  0|  24|          17|          17|
    |ret_V_3_fu_539_p2         |         -|   0|  0|  24|          17|          17|
    |ret_V_4_fu_582_p2         |         -|   0|  0|  24|          17|          17|
    |ret_V_fu_410_p2           |         -|   0|  0|  24|          17|          17|
    |overflow_1_fu_481_p2      |       and|   0|  0|   2|           1|           1|
    |overflow_2_fu_524_p2      |       and|   0|  0|   2|           1|           1|
    |overflow_3_fu_567_p2      |       and|   0|  0|   2|           1|           1|
    |overflow_4_fu_610_p2      |       and|   0|  0|   2|           1|           1|
    |overflow_fu_438_p2        |       and|   0|  0|   2|           1|           1|
    |icmp_ln1651_1_fu_338_p2   |      icmp|   0|  0|  13|          16|          16|
    |icmp_ln1651_2_fu_366_p2   |      icmp|   0|  0|  13|          16|          16|
    |icmp_ln1651_3_fu_386_p2   |      icmp|   0|  0|  13|          16|          16|
    |icmp_ln1651_fu_332_p2     |      icmp|   0|  0|  13|          16|          16|
    |ap_block_state1           |        or|   0|  0|   2|           1|           1|
    |p_Result_12_fu_671_p3     |    select|   0|  0|  10|           1|          10|
    |p_Result_13_fu_702_p3     |    select|   0|  0|  10|           1|          10|
    |p_Result_14_fu_733_p3     |    select|   0|  0|  10|           1|          10|
    |p_Result_15_fu_764_p3     |    select|   0|  0|  10|           1|          10|
    |p_Result_s_fu_640_p3      |    select|   0|  0|  10|           1|          10|
    |select_ln346_1_fu_653_p3  |    select|   0|  0|  11|           1|           9|
    |select_ln346_2_fu_684_p3  |    select|   0|  0|  11|           1|           9|
    |select_ln346_3_fu_715_p3  |    select|   0|  0|  11|           1|           9|
    |select_ln346_4_fu_746_p3  |    select|   0|  0|  11|           1|           9|
    |select_ln346_fu_622_p3    |    select|   0|  0|  11|           1|           9|
    |select_ln65_1_fu_360_p3   |    select|   0|  0|  16|           1|          16|
    |select_ln65_2_fu_378_p3   |    select|   0|  0|  16|           1|          16|
    |select_ln65_fu_349_p3     |    select|   0|  0|  16|           1|          16|
    |x_max_V_fu_397_p3         |    select|   0|  0|  16|           1|          16|
    |xor_ln1651_1_fu_355_p2    |       xor|   0|  0|   2|           1|           2|
    |xor_ln1651_2_fu_372_p2    |       xor|   0|  0|   2|           1|           2|
    |xor_ln1651_3_fu_391_p2    |       xor|   0|  0|   2|           1|           2|
    |xor_ln1651_fu_344_p2      |       xor|   0|  0|   2|           1|           2|
    |xor_ln302_1_fu_487_p2     |       xor|   0|  0|   2|           1|           1|
    |xor_ln302_2_fu_530_p2     |       xor|   0|  0|   2|           1|           1|
    |xor_ln302_3_fu_573_p2     |       xor|   0|  0|   2|           1|           1|
    |xor_ln302_4_fu_616_p2     |       xor|   0|  0|   2|           1|           1|
    |xor_ln302_fu_444_p2       |       xor|   0|  0|   2|           1|           1|
    |xor_ln895_1_fu_475_p2     |       xor|   0|  0|   2|           1|           2|
    |xor_ln895_2_fu_518_p2     |       xor|   0|  0|   2|           1|           2|
    |xor_ln895_3_fu_561_p2     |       xor|   0|  0|   2|           1|           2|
    |xor_ln895_4_fu_604_p2     |       xor|   0|  0|   2|           1|           2|
    |xor_ln895_fu_432_p2       |       xor|   0|  0|   2|           1|           2|
    +--------------------------+----------+----+---+----+------------+------------+
    |Total                     |          |   0|  0| 453|         255|         409|
    +--------------------------+----------+----+---+----+------------+------------+

    * Multiplexer: 
    +-------------------+----+-----------+-----+-----------+
    |        Name       | LUT| Input Size| Bits| Total Bits|
    +-------------------+----+-----------+-----+-----------+
    |ap_NS_fsm          |  49|          9|    1|          9|
    |layer11_out_blk_n  |   9|          2|    1|          2|
    |output_r_blk_n     |   9|          2|    1|          2|
    +-------------------+----+-----------+-----+-----------+
    |Total              |  67|         13|    3|         13|
    +-------------------+----+-----------+-----+-----------+

    * Register: 
    +------------------------+----+----+-----+-----------+
    |          Name          | FF | LUT| Bits| Const Bits|
    +------------------------+----+----+-----+-----------+
    |add_ln813_2_reg_999     |  18|   0|   18|          0|
    |ap_CS_fsm               |   8|   0|    8|          0|
    |icmp_ln1651_1_reg_937   |   1|   0|    1|          0|
    |icmp_ln1651_reg_932     |   1|   0|    1|          0|
    |inv_exp_sum_V_reg_1009  |  18|   0|   18|          0|
    |r_V_1_reg_978           |  18|   0|   18|          0|
    |r_V_2_reg_984           |  18|   0|   18|          0|
    |r_V_3_reg_989           |  18|   0|   18|          0|
    |r_V_4_reg_994           |  18|   0|   18|          0|
    |r_V_reg_972             |  18|   0|   18|          0|
    |tmp_1_reg_1029          |  16|   0|   16|          0|
    |tmp_2_reg_1034          |  16|   0|   16|          0|
    |tmp_reg_920             |  16|   0|   16|          0|
    |tmp_s_reg_926           |  16|   0|   16|          0|
    |trunc_ln199_3_reg_907   |  16|   0|   16|          0|
    |trunc_ln199_4_reg_913   |  16|   0|   16|          0|
    |trunc_ln199_reg_901     |  16|   0|   16|          0|
    |trunc_ln2_reg_1014      |  16|   0|   16|          0|
    |trunc_ln818_1_reg_1019  |  16|   0|   16|          0|
    |trunc_ln818_2_reg_1024  |  16|   0|   16|          0|
    |x_max_V_reg_942         |  16|   0|   16|          0|
    +------------------------+----+----+-----+-----------+
    |Total                   | 312|   0|  312|          0|
    +------------------------+----+----+-----+-----------+



================================================================
== Interface
================================================================
* Summary: 
+----------------------------+-----+-----+------------+-----------------------------------------------------------------------+--------------+
|          RTL Ports         | Dir | Bits|  Protocol  |                             Source Object                             |    C Type    |
+----------------------------+-----+-----+------------+-----------------------------------------------------------------------+--------------+
|ap_clk                      |   in|    1|  ap_ctrl_hs|  softmax_stable<array,array<ap_fixed<16,6,5,3,0>,5u>,softmax_config13>|  return value|
|ap_rst                      |   in|    1|  ap_ctrl_hs|  softmax_stable<array,array<ap_fixed<16,6,5,3,0>,5u>,softmax_config13>|  return value|
|ap_start                    |   in|    1|  ap_ctrl_hs|  softmax_stable<array,array<ap_fixed<16,6,5,3,0>,5u>,softmax_config13>|  return value|
|ap_done                     |  out|    1|  ap_ctrl_hs|  softmax_stable<array,array<ap_fixed<16,6,5,3,0>,5u>,softmax_config13>|  return value|
|ap_idle                     |  out|    1|  ap_ctrl_hs|  softmax_stable<array,array<ap_fixed<16,6,5,3,0>,5u>,softmax_config13>|  return value|
|ap_ready                    |  out|    1|  ap_ctrl_hs|  softmax_stable<array,array<ap_fixed<16,6,5,3,0>,5u>,softmax_config13>|  return value|
|layer11_out_dout            |   in|   80|     ap_fifo|                                                            layer11_out|       pointer|
|layer11_out_num_data_valid  |   in|    2|     ap_fifo|                                                            layer11_out|       pointer|
|layer11_out_fifo_cap        |   in|    2|     ap_fifo|                                                            layer11_out|       pointer|
|layer11_out_empty_n         |   in|    1|     ap_fifo|                                                            layer11_out|       pointer|
|layer11_out_read            |  out|    1|     ap_fifo|                                                            layer11_out|       pointer|
|output_r_din                |  out|   80|     ap_fifo|                                                               output_r|       pointer|
|output_r_num_data_valid     |   in|    2|     ap_fifo|                                                               output_r|       pointer|
|output_r_fifo_cap           |   in|    2|     ap_fifo|                                                               output_r|       pointer|
|output_r_full_n             |   in|    1|     ap_fifo|                                                               output_r|       pointer|
|output_r_write              |  out|    1|     ap_fifo|                                                               output_r|       pointer|
+----------------------------+-----+-----+------------+-----------------------------------------------------------------------+--------------+

