

================================================================
== Vitis HLS Report for 'VITIS_LOOP_65_4_proc'
================================================================
* Date:           Tue Jan 30 21:24:34 2024

* Version:        2022.2 (Build 3670227 on Oct 13 2022)
* Project:        alveo_hls4ml
* Solution:       solution (Vitis Kernel Flow Target)
* Product family: virtexuplus
* Target device:  xcu55c-fsvh2892-2L-e


================================================================
== Performance Estimates
================================================================
+ Timing: 
    * Summary: 
    +--------+---------+----------+------------+
    |  Clock |  Target | Estimated| Uncertainty|
    +--------+---------+----------+------------+
    |ap_clk  |  3.33 ns|  2.433 ns|     0.90 ns|
    +--------+---------+----------+------------+

+ Latency: 
    * Summary: 
    +---------+---------+-----------+-----------+-------+-------+---------+
    |  Latency (cycles) |   Latency (absolute)  |    Interval   | Pipeline|
    |   min   |   max   |    min    |    max    |  min  |  max  |   Type  |
    +---------+---------+-----------+-----------+-------+-------+---------+
    |    16458|    16458|  54.855 us|  54.855 us|  16458|  16458|       no|
    +---------+---------+-----------+-----------+-------+-------+---------+

    + Detail: 
        * Instance: 
        +---------------------------------------------------------+-----------------------------------------------+---------+---------+-----------+-----------+-------+-------+---------+
        |                                                         |                                               |  Latency (cycles) |   Latency (absolute)  |    Interval   | Pipeline|
        |                         Instance                        |                     Module                    |   min   |   max   |    min    |    max    |  min  |  max  |   Type  |
        +---------------------------------------------------------+-----------------------------------------------+---------+---------+-----------+-----------+-------+-------+---------+
        |grp_VITIS_LOOP_65_4_proc_Pipeline_VITIS_LOOP_65_4_fu_62  |VITIS_LOOP_65_4_proc_Pipeline_VITIS_LOOP_65_4  |    16387|    16387|  54.618 us|  54.618 us|  16387|  16387|       no|
        +---------------------------------------------------------+-----------------------------------------------+---------+---------+-----------+-----------+-------+-------+---------+

        * Loop: 
        N/A



================================================================
== Utilization Estimates
================================================================
* Summary: 
+---------------------+---------+------+---------+---------+-----+
|         Name        | BRAM_18K|  DSP |    FF   |   LUT   | URAM|
+---------------------+---------+------+---------+---------+-----+
|DSP                  |        -|     -|        -|        -|    -|
|Expression           |        -|     -|        0|        2|    -|
|FIFO                 |        -|     -|        -|        -|    -|
|Instance             |        -|     -|       36|       84|    -|
|Memory               |        -|     -|        -|        -|    -|
|Multiplexer          |        -|     -|        -|      513|    -|
|Register             |        -|     -|      137|        -|    -|
+---------------------+---------+------+---------+---------+-----+
|Total                |        0|     0|      173|      599|    0|
+---------------------+---------+------+---------+---------+-----+
|Available SLR        |     1344|  3008|   869120|   434560|  320|
+---------------------+---------+------+---------+---------+-----+
|Utilization SLR (%)  |        0|     0|       ~0|       ~0|    0|
+---------------------+---------+------+---------+---------+-----+
|Available            |     4032|  9024|  2607360|  1303680|  960|
+---------------------+---------+------+---------+---------+-----+
|Utilization (%)      |        0|     0|       ~0|       ~0|    0|
+---------------------+---------+------+---------+---------+-----+

+ Detail: 
    * Instance: 
    +---------------------------------------------------------+-----------------------------------------------+---------+----+----+----+-----+
    |                         Instance                        |                     Module                    | BRAM_18K| DSP| FF | LUT| URAM|
    +---------------------------------------------------------+-----------------------------------------------+---------+----+----+----+-----+
    |grp_VITIS_LOOP_65_4_proc_Pipeline_VITIS_LOOP_65_4_fu_62  |VITIS_LOOP_65_4_proc_Pipeline_VITIS_LOOP_65_4  |        0|   0|  36|  84|    0|
    +---------------------------------------------------------+-----------------------------------------------+---------+----+----+----+-----+
    |Total                                                    |                                               |        0|   0|  36|  84|    0|
    +---------------------------------------------------------+-----------------------------------------------+---------+----+----+----+-----+

    * DSP: 
    N/A

    * Memory: 
    N/A

    * FIFO: 
    N/A

    * Expression: 
    +-----------------+----------+----+---+----+------------+------------+
    |  Variable Name  | Operation| DSP| FF| LUT| Bitwidth P0| Bitwidth P1|
    +-----------------+----------+----+---+----+------------+------------+
    |ap_block_state1  |        or|   0|  0|   2|           1|           1|
    +-----------------+----------+----+---+----+------------+------------+
    |Total            |          |   0|  0|   2|           1|           1|
    +-----------------+----------+----+---+----+------------+------------+

    * Multiplexer: 
    +----------------------+-----+-----------+-----+-----------+
    |         Name         | LUT | Input Size| Bits| Total Bits|
    +----------------------+-----+-----------+-----+-----------+
    |ap_NS_fsm             |  331|         73|    1|         73|
    |ap_done               |    9|          2|    1|          2|
    |gmem1_blk_n_AW        |    9|          2|    1|          2|
    |gmem1_blk_n_B         |    9|          2|    1|          2|
    |m_axi_gmem1_AWADDR    |   14|          3|   64|        192|
    |m_axi_gmem1_AWBURST   |    9|          2|    2|          4|
    |m_axi_gmem1_AWCACHE   |    9|          2|    4|          8|
    |m_axi_gmem1_AWID      |    9|          2|    1|          2|
    |m_axi_gmem1_AWLEN     |   14|          3|   32|         96|
    |m_axi_gmem1_AWLOCK    |    9|          2|    2|          4|
    |m_axi_gmem1_AWPROT    |    9|          2|    3|          6|
    |m_axi_gmem1_AWQOS     |    9|          2|    4|          8|
    |m_axi_gmem1_AWREGION  |    9|          2|    4|          8|
    |m_axi_gmem1_AWSIZE    |    9|          2|    3|          6|
    |m_axi_gmem1_AWUSER    |    9|          2|    1|          2|
    |m_axi_gmem1_AWVALID   |   14|          3|    1|          3|
    |m_axi_gmem1_BREADY    |   14|          3|    1|          3|
    |m_axi_gmem1_WVALID    |    9|          2|    1|          2|
    |out_r_blk_n           |    9|          2|    1|          2|
    +----------------------+-----+-----------+-----+-----------+
    |Total                 |  513|        113|  128|        425|
    +----------------------+-----+-----------+-----+-----------+

    * Register: 
    +----------------------------------------------------------------------+----+----+-----+-----------+
    |                                 Name                                 | FF | LUT| Bits| Const Bits|
    +----------------------------------------------------------------------+----+----+-----+-----------+
    |ap_CS_fsm                                                             |  72|   0|   72|          0|
    |ap_done_reg                                                           |   1|   0|    1|          0|
    |grp_VITIS_LOOP_65_4_proc_Pipeline_VITIS_LOOP_65_4_fu_62_ap_start_reg  |   1|   0|    1|          0|
    |trunc_ln_reg_91                                                       |  63|   0|   63|          0|
    +----------------------------------------------------------------------+----+----+-----+-----------+
    |Total                                                                 | 137|   0|  137|          0|
    +----------------------------------------------------------------------+----+----+-----+-----------+



================================================================
== Interface
================================================================
* Summary: 
+----------------------+-----+-----+------------+----------------------+--------------+
|       RTL Ports      | Dir | Bits|  Protocol  |     Source Object    |    C Type    |
+----------------------+-----+-----+------------+----------------------+--------------+
|ap_clk                |   in|    1|  ap_ctrl_hs|  VITIS_LOOP_65_4_proc|  return value|
|ap_rst                |   in|    1|  ap_ctrl_hs|  VITIS_LOOP_65_4_proc|  return value|
|ap_start              |   in|    1|  ap_ctrl_hs|  VITIS_LOOP_65_4_proc|  return value|
|ap_done               |  out|    1|  ap_ctrl_hs|  VITIS_LOOP_65_4_proc|  return value|
|ap_continue           |   in|    1|  ap_ctrl_hs|  VITIS_LOOP_65_4_proc|  return value|
|ap_idle               |  out|    1|  ap_ctrl_hs|  VITIS_LOOP_65_4_proc|  return value|
|ap_ready              |  out|    1|  ap_ctrl_hs|  VITIS_LOOP_65_4_proc|  return value|
|out_r_dout            |   in|   64|     ap_fifo|                 out_r|       pointer|
|out_r_num_data_valid  |   in|    3|     ap_fifo|                 out_r|       pointer|
|out_r_fifo_cap        |   in|    3|     ap_fifo|                 out_r|       pointer|
|out_r_empty_n         |   in|    1|     ap_fifo|                 out_r|       pointer|
|out_r_read            |  out|    1|     ap_fifo|                 out_r|       pointer|
|m_axi_gmem1_AWVALID   |  out|    1|       m_axi|                 gmem1|       pointer|
|m_axi_gmem1_AWREADY   |   in|    1|       m_axi|                 gmem1|       pointer|
|m_axi_gmem1_AWADDR    |  out|   64|       m_axi|                 gmem1|       pointer|
|m_axi_gmem1_AWID      |  out|    1|       m_axi|                 gmem1|       pointer|
|m_axi_gmem1_AWLEN     |  out|   32|       m_axi|                 gmem1|       pointer|
|m_axi_gmem1_AWSIZE    |  out|    3|       m_axi|                 gmem1|       pointer|
|m_axi_gmem1_AWBURST   |  out|    2|       m_axi|                 gmem1|       pointer|
|m_axi_gmem1_AWLOCK    |  out|    2|       m_axi|                 gmem1|       pointer|
|m_axi_gmem1_AWCACHE   |  out|    4|       m_axi|                 gmem1|       pointer|
|m_axi_gmem1_AWPROT    |  out|    3|       m_axi|                 gmem1|       pointer|
|m_axi_gmem1_AWQOS     |  out|    4|       m_axi|                 gmem1|       pointer|
|m_axi_gmem1_AWREGION  |  out|    4|       m_axi|                 gmem1|       pointer|
|m_axi_gmem1_AWUSER    |  out|    1|       m_axi|                 gmem1|       pointer|
|m_axi_gmem1_WVALID    |  out|    1|       m_axi|                 gmem1|       pointer|
|m_axi_gmem1_WREADY    |   in|    1|       m_axi|                 gmem1|       pointer|
|m_axi_gmem1_WDATA     |  out|   16|       m_axi|                 gmem1|       pointer|
|m_axi_gmem1_WSTRB     |  out|    2|       m_axi|                 gmem1|       pointer|
|m_axi_gmem1_WLAST     |  out|    1|       m_axi|                 gmem1|       pointer|
|m_axi_gmem1_WID       |  out|    1|       m_axi|                 gmem1|       pointer|
|m_axi_gmem1_WUSER     |  out|    1|       m_axi|                 gmem1|       pointer|
|m_axi_gmem1_ARVALID   |  out|    1|       m_axi|                 gmem1|       pointer|
|m_axi_gmem1_ARREADY   |   in|    1|       m_axi|                 gmem1|       pointer|
|m_axi_gmem1_ARADDR    |  out|   64|       m_axi|                 gmem1|       pointer|
|m_axi_gmem1_ARID      |  out|    1|       m_axi|                 gmem1|       pointer|
|m_axi_gmem1_ARLEN     |  out|   32|       m_axi|                 gmem1|       pointer|
|m_axi_gmem1_ARSIZE    |  out|    3|       m_axi|                 gmem1|       pointer|
|m_axi_gmem1_ARBURST   |  out|    2|       m_axi|                 gmem1|       pointer|
|m_axi_gmem1_ARLOCK    |  out|    2|       m_axi|                 gmem1|       pointer|
|m_axi_gmem1_ARCACHE   |  out|    4|       m_axi|                 gmem1|       pointer|
|m_axi_gmem1_ARPROT    |  out|    3|       m_axi|                 gmem1|       pointer|
|m_axi_gmem1_ARQOS     |  out|    4|       m_axi|                 gmem1|       pointer|
|m_axi_gmem1_ARREGION  |  out|    4|       m_axi|                 gmem1|       pointer|
|m_axi_gmem1_ARUSER    |  out|    1|       m_axi|                 gmem1|       pointer|
|m_axi_gmem1_RVALID    |   in|    1|       m_axi|                 gmem1|       pointer|
|m_axi_gmem1_RREADY    |  out|    1|       m_axi|                 gmem1|       pointer|
|m_axi_gmem1_RDATA     |   in|   16|       m_axi|                 gmem1|       pointer|
|m_axi_gmem1_RLAST     |   in|    1|       m_axi|                 gmem1|       pointer|
|m_axi_gmem1_RID       |   in|    1|       m_axi|                 gmem1|       pointer|
|m_axi_gmem1_RFIFONUM  |   in|   10|       m_axi|                 gmem1|       pointer|
|m_axi_gmem1_RUSER     |   in|    1|       m_axi|                 gmem1|       pointer|
|m_axi_gmem1_RRESP     |   in|    2|       m_axi|                 gmem1|       pointer|
|m_axi_gmem1_BVALID    |   in|    1|       m_axi|                 gmem1|       pointer|
|m_axi_gmem1_BREADY    |  out|    1|       m_axi|                 gmem1|       pointer|
|m_axi_gmem1_BRESP     |   in|    2|       m_axi|                 gmem1|       pointer|
|m_axi_gmem1_BID       |   in|    1|       m_axi|                 gmem1|       pointer|
|m_axi_gmem1_BUSER     |   in|    1|       m_axi|                 gmem1|       pointer|
|out_buf_V_address0    |  out|   14|   ap_memory|             out_buf_V|         array|
|out_buf_V_ce0         |  out|    1|   ap_memory|             out_buf_V|         array|
|out_buf_V_q0          |   in|   16|   ap_memory|             out_buf_V|         array|
+----------------------+-----+-----+------------+----------------------+--------------+

