remark: /home/ayvol/accelerator_wrapper/src/alveo_hls4ml.cpp:67:2: Loop 'anonymous' is marked as complete unroll implied by the pipeline pragma
remark: /home/ayvol/accelerator_wrapper/src/alveo_hls4ml.cpp:52:2: Loop 'anonymous' is marked as complete unroll implied by the pipeline pragma
remark: /home/ayvol/accelerator_wrapper/src/ereg_v1.cpp:113:15: Loop 'anonymous' is marked as complete unroll implied by the pipeline pragma
remark: /home/ayvol/accelerator_wrapper/src/ereg_v1.cpp:109:14: Loop 'anonymous' is marked as complete unroll implied by the pipeline pragma
remark: /home/ayvol/accelerator_wrapper/src/ereg_v1.cpp:105:14: Loop 'anonymous' is marked as complete unroll implied by the pipeline pragma
remark: /home/ayvol/accelerator_wrapper/src/ereg_v1.cpp:101:14: Loop 'anonymous' is marked as complete unroll implied by the pipeline pragma
remark: /home/ayvol/accelerator_wrapper/src/ereg_v1.cpp:97:14: Loop 'anonymous' is marked as complete unroll implied by the pipeline pragma
remark: /home/ayvol/accelerator_wrapper/src/ereg_v1.cpp:93:14: Loop 'anonymous' is marked as complete unroll implied by the pipeline pragma
remark: /home/ayvol/accelerator_wrapper/src/ereg_v1.cpp:89:14: Loop 'anonymous' is marked as complete unroll implied by the pipeline pragma
remark: /home/ayvol/accelerator_wrapper/src/ereg_v1.cpp:85:14: Loop 'anonymous' is marked as complete unroll implied by the pipeline pragma
remark: /home/ayvol/accelerator_wrapper/src/ereg_v1.cpp:81:11: Loop 'anonymous' is marked as complete unroll implied by the pipeline pragma
remark: /home/ayvol/accelerator_wrapper/src/nnet_utils/nnet_dense.h:195:13: Loop 'Result' is marked as complete unroll implied by the pipeline pragma
remark: /home/ayvol/accelerator_wrapper/src/nnet_utils/nnet_dense.h:184:13: Loop 'Accum1' is marked as complete unroll implied by the pipeline pragma
remark: /home/ayvol/accelerator_wrapper/src/nnet_utils/nnet_dense.h:188:17: Loop 'Accum2' is marked as complete unroll implied by the pipeline pragma
remark: /home/ayvol/accelerator_wrapper/src/nnet_utils/nnet_dense.h:176:17: Loop 'ResetAccum' is marked as complete unroll implied by the pipeline pragma
remark: /home/ayvol/accelerator_wrapper/src/nnet_utils/nnet_dense.h:160:15: Loop 'Product1' is marked as complete unroll implied by the pipeline pragma
remark: /home/ayvol/accelerator_wrapper/src/nnet_utils/nnet_dense.h:165:19: Loop 'Product2' is marked as complete unroll implied by the pipeline pragma
remark: /home/ayvol/accelerator_wrapper/src/nnet_utils/nnet_dense.h:115:32: Loop 'anonymous' is marked as complete unroll implied by the pipeline pragma
remark: /home/ayvol/accelerator_wrapper/src/nnet_utils/nnet_dense.h:114:32: Loop 'anonymous' is marked as complete unroll implied by the pipeline pragma
remark: /home/ayvol/accelerator_wrapper/src/nnet_utils/nnet_activation.h:78:5: Loop 'anonymous' is marked as complete unroll implied by the pipeline pragma
remark: /home/ayvol/accelerator_wrapper/src/nnet_utils/nnet_dense.h:195:13: Loop 'Result' is marked as complete unroll implied by the pipeline pragma
remark: /home/ayvol/accelerator_wrapper/src/nnet_utils/nnet_dense.h:184:13: Loop 'Accum1' is marked as complete unroll implied by the pipeline pragma
remark: /home/ayvol/accelerator_wrapper/src/nnet_utils/nnet_dense.h:188:17: Loop 'Accum2' is marked as complete unroll implied by the pipeline pragma
remark: /home/ayvol/accelerator_wrapper/src/nnet_utils/nnet_dense.h:176:17: Loop 'ResetAccum' is marked as complete unroll implied by the pipeline pragma
remark: /home/ayvol/accelerator_wrapper/src/nnet_utils/nnet_dense.h:160:15: Loop 'Product1' is marked as complete unroll implied by the pipeline pragma
remark: /home/ayvol/accelerator_wrapper/src/nnet_utils/nnet_dense.h:165:19: Loop 'Product2' is marked as complete unroll implied by the pipeline pragma
remark: /home/ayvol/accelerator_wrapper/src/nnet_utils/nnet_dense.h:115:32: Loop 'anonymous' is marked as complete unroll implied by the pipeline pragma
remark: /home/ayvol/accelerator_wrapper/src/nnet_utils/nnet_dense.h:114:32: Loop 'anonymous' is marked as complete unroll implied by the pipeline pragma
remark: /home/ayvol/accelerator_wrapper/src/nnet_utils/nnet_batchnorm.h:80:13: Loop 'Result' is marked as complete unroll implied by the pipeline pragma
remark: /home/ayvol/accelerator_wrapper/src/nnet_utils/nnet_activation.h:78:5: Loop 'anonymous' is marked as complete unroll implied by the pipeline pragma
remark: /home/ayvol/accelerator_wrapper/src/nnet_utils/nnet_dense.h:195:13: Loop 'Result' is marked as complete unroll implied by the pipeline pragma
remark: /home/ayvol/accelerator_wrapper/src/nnet_utils/nnet_dense.h:184:13: Loop 'Accum1' is marked as complete unroll implied by the pipeline pragma
remark: /home/ayvol/accelerator_wrapper/src/nnet_utils/nnet_dense.h:188:17: Loop 'Accum2' is marked as complete unroll implied by the pipeline pragma
remark: /home/ayvol/accelerator_wrapper/src/nnet_utils/nnet_dense.h:176:17: Loop 'ResetAccum' is marked as complete unroll implied by the pipeline pragma
remark: /home/ayvol/accelerator_wrapper/src/nnet_utils/nnet_dense.h:160:15: Loop 'Product1' is marked as complete unroll implied by the pipeline pragma
remark: /home/ayvol/accelerator_wrapper/src/nnet_utils/nnet_dense.h:165:19: Loop 'Product2' is marked as complete unroll implied by the pipeline pragma
remark: /home/ayvol/accelerator_wrapper/src/nnet_utils/nnet_dense.h:115:32: Loop 'anonymous' is marked as complete unroll implied by the pipeline pragma
remark: /home/ayvol/accelerator_wrapper/src/nnet_utils/nnet_dense.h:114:32: Loop 'anonymous' is marked as complete unroll implied by the pipeline pragma
remark: /home/ayvol/accelerator_wrapper/src/nnet_utils/nnet_batchnorm.h:80:13: Loop 'Result' is marked as complete unroll implied by the pipeline pragma
remark: /home/ayvol/accelerator_wrapper/src/nnet_utils/nnet_activation.h:78:5: Loop 'anonymous' is marked as complete unroll implied by the pipeline pragma
remark: /home/ayvol/accelerator_wrapper/src/nnet_utils/nnet_dense.h:195:13: Loop 'Result' is marked as complete unroll implied by the pipeline pragma
remark: /home/ayvol/accelerator_wrapper/src/nnet_utils/nnet_dense.h:184:13: Loop 'Accum1' is marked as complete unroll implied by the pipeline pragma
remark: /home/ayvol/accelerator_wrapper/src/nnet_utils/nnet_dense.h:188:17: Loop 'Accum2' is marked as complete unroll implied by the pipeline pragma
remark: /home/ayvol/accelerator_wrapper/src/nnet_utils/nnet_dense.h:176:17: Loop 'ResetAccum' is marked as complete unroll implied by the pipeline pragma
remark: /home/ayvol/accelerator_wrapper/src/nnet_utils/nnet_dense.h:160:15: Loop 'Product1' is marked as complete unroll implied by the pipeline pragma
remark: /home/ayvol/accelerator_wrapper/src/nnet_utils/nnet_dense.h:165:19: Loop 'Product2' is marked as complete unroll implied by the pipeline pragma
remark: /home/ayvol/accelerator_wrapper/src/nnet_utils/nnet_dense.h:115:32: Loop 'anonymous' is marked as complete unroll implied by the pipeline pragma
remark: /home/ayvol/accelerator_wrapper/src/nnet_utils/nnet_dense.h:114:32: Loop 'anonymous' is marked as complete unroll implied by the pipeline pragma
remark: /home/ayvol/accelerator_wrapper/src/nnet_utils/nnet_batchnorm.h:80:13: Loop 'Result' is marked as complete unroll implied by the pipeline pragma
remark: /home/ayvol/accelerator_wrapper/src/alveo_hls4ml.cpp:40:0: Unrolling loop 'anonymous' (/home/ayvol/accelerator_wrapper/src/alveo_hls4ml.cpp:67:2) in function 'alveo_hls4ml' completely with a factor of 1
remark: /home/ayvol/accelerator_wrapper/src/alveo_hls4ml.cpp:40:0: Unrolling loop 'anonymous' (/home/ayvol/accelerator_wrapper/src/alveo_hls4ml.cpp:52:2) in function 'alveo_hls4ml' completely with a factor of 18
remark: /home/ayvol/accelerator_wrapper/src/ereg_v1.cpp:44:0: Unrolling loop 'anonymous' (/home/ayvol/accelerator_wrapper/src/ereg_v1.cpp:113:15) in function 'ereg_v1' completely with a factor of 3
remark: /home/ayvol/accelerator_wrapper/src/ereg_v1.cpp:44:0: Unrolling loop 'anonymous' (/home/ayvol/accelerator_wrapper/src/ereg_v1.cpp:109:14) in function 'ereg_v1' completely with a factor of 3
remark: /home/ayvol/accelerator_wrapper/src/ereg_v1.cpp:44:0: Unrolling loop 'anonymous' (/home/ayvol/accelerator_wrapper/src/ereg_v1.cpp:105:14) in function 'ereg_v1' completely with a factor of 11
remark: /home/ayvol/accelerator_wrapper/src/ereg_v1.cpp:44:0: Unrolling loop 'anonymous' (/home/ayvol/accelerator_wrapper/src/ereg_v1.cpp:101:14) in function 'ereg_v1' completely with a factor of 11
remark: /home/ayvol/accelerator_wrapper/src/ereg_v1.cpp:44:0: Unrolling loop 'anonymous' (/home/ayvol/accelerator_wrapper/src/ereg_v1.cpp:97:14) in function 'ereg_v1' completely with a factor of 11
remark: /home/ayvol/accelerator_wrapper/src/ereg_v1.cpp:44:0: Unrolling loop 'anonymous' (/home/ayvol/accelerator_wrapper/src/ereg_v1.cpp:93:14) in function 'ereg_v1' completely with a factor of 31
remark: /home/ayvol/accelerator_wrapper/src/ereg_v1.cpp:44:0: Unrolling loop 'anonymous' (/home/ayvol/accelerator_wrapper/src/ereg_v1.cpp:89:14) in function 'ereg_v1' completely with a factor of 31
remark: /home/ayvol/accelerator_wrapper/src/ereg_v1.cpp:44:0: Unrolling loop 'anonymous' (/home/ayvol/accelerator_wrapper/src/ereg_v1.cpp:85:14) in function 'ereg_v1' completely with a factor of 31
remark: /home/ayvol/accelerator_wrapper/src/ereg_v1.cpp:44:0: Unrolling loop 'anonymous' (/home/ayvol/accelerator_wrapper/src/ereg_v1.cpp:81:11) in function 'ereg_v1' completely with a factor of 18
remark: /home/ayvol/accelerator_wrapper/src/nnet_utils/nnet_dense.h:112:0: Unrolling loop 'Result' (/home/ayvol/accelerator_wrapper/src/nnet_utils/nnet_dense.h:195:13) in function 'nnet::dense_latency<ap_fixed<16, 6, (ap_q_mode)5, (ap_o_mode)3, 0>, ap_fixed<16, 6, (ap_q_mode)5, (ap_o_mode)3, 0>, config11>' completely with a factor of 1
remark: /home/ayvol/accelerator_wrapper/src/nnet_utils/nnet_dense.h:112:0: Unrolling loop 'Accum1' (/home/ayvol/accelerator_wrapper/src/nnet_utils/nnet_dense.h:184:13) in function 'nnet::dense_latency<ap_fixed<16, 6, (ap_q_mode)5, (ap_o_mode)3, 0>, ap_fixed<16, 6, (ap_q_mode)5, (ap_o_mode)3, 0>, config11>' completely with a factor of 3
remark: /home/ayvol/accelerator_wrapper/src/nnet_utils/nnet_dense.h:112:0: Unrolling loop 'Accum2' (/home/ayvol/accelerator_wrapper/src/nnet_utils/nnet_dense.h:188:17) in function 'nnet::dense_latency<ap_fixed<16, 6, (ap_q_mode)5, (ap_o_mode)3, 0>, ap_fixed<16, 6, (ap_q_mode)5, (ap_o_mode)3, 0>, config11>' completely with a factor of 1
remark: /home/ayvol/accelerator_wrapper/src/nnet_utils/nnet_dense.h:112:0: Unrolling loop 'Accum2' (/home/ayvol/accelerator_wrapper/src/nnet_utils/nnet_dense.h:188:17) in function 'nnet::dense_latency<ap_fixed<16, 6, (ap_q_mode)5, (ap_o_mode)3, 0>, ap_fixed<16, 6, (ap_q_mode)5, (ap_o_mode)3, 0>, config11>' completely with a factor of 1
remark: /home/ayvol/accelerator_wrapper/src/nnet_utils/nnet_dense.h:112:0: Unrolling loop 'Accum2' (/home/ayvol/accelerator_wrapper/src/nnet_utils/nnet_dense.h:188:17) in function 'nnet::dense_latency<ap_fixed<16, 6, (ap_q_mode)5, (ap_o_mode)3, 0>, ap_fixed<16, 6, (ap_q_mode)5, (ap_o_mode)3, 0>, config11>' completely with a factor of 1
remark: /home/ayvol/accelerator_wrapper/src/nnet_utils/nnet_dense.h:112:0: Unrolling loop 'ResetAccum' (/home/ayvol/accelerator_wrapper/src/nnet_utils/nnet_dense.h:176:17) in function 'nnet::dense_latency<ap_fixed<16, 6, (ap_q_mode)5, (ap_o_mode)3, 0>, ap_fixed<16, 6, (ap_q_mode)5, (ap_o_mode)3, 0>, config11>' completely with a factor of 1
remark: /home/ayvol/accelerator_wrapper/src/nnet_utils/nnet_dense.h:112:0: Unrolling loop 'Product1' (/home/ayvol/accelerator_wrapper/src/nnet_utils/nnet_dense.h:160:15) in function 'nnet::dense_latency<ap_fixed<16, 6, (ap_q_mode)5, (ap_o_mode)3, 0>, ap_fixed<16, 6, (ap_q_mode)5, (ap_o_mode)3, 0>, config11>' completely with a factor of 3
remark: /home/ayvol/accelerator_wrapper/src/nnet_utils/nnet_dense.h:112:0: Unrolling loop 'Product2' (/home/ayvol/accelerator_wrapper/src/nnet_utils/nnet_dense.h:165:19) in function 'nnet::dense_latency<ap_fixed<16, 6, (ap_q_mode)5, (ap_o_mode)3, 0>, ap_fixed<16, 6, (ap_q_mode)5, (ap_o_mode)3, 0>, config11>' completely with a factor of 1
remark: /home/ayvol/accelerator_wrapper/src/nnet_utils/nnet_dense.h:112:0: Unrolling loop 'Product2' (/home/ayvol/accelerator_wrapper/src/nnet_utils/nnet_dense.h:165:19) in function 'nnet::dense_latency<ap_fixed<16, 6, (ap_q_mode)5, (ap_o_mode)3, 0>, ap_fixed<16, 6, (ap_q_mode)5, (ap_o_mode)3, 0>, config11>' completely with a factor of 1
remark: /home/ayvol/accelerator_wrapper/src/nnet_utils/nnet_dense.h:112:0: Unrolling loop 'Product2' (/home/ayvol/accelerator_wrapper/src/nnet_utils/nnet_dense.h:165:19) in function 'nnet::dense_latency<ap_fixed<16, 6, (ap_q_mode)5, (ap_o_mode)3, 0>, ap_fixed<16, 6, (ap_q_mode)5, (ap_o_mode)3, 0>, config11>' completely with a factor of 1
remark: /home/ayvol/accelerator_wrapper/src/nnet_utils/nnet_dense.h:112:0: Unrolling loop 'anonymous' (/home/ayvol/accelerator_wrapper/src/nnet_utils/nnet_dense.h:115:32) in function 'nnet::dense_latency<ap_fixed<16, 6, (ap_q_mode)5, (ap_o_mode)3, 0>, ap_fixed<16, 6, (ap_q_mode)5, (ap_o_mode)3, 0>, config11>' completely with a factor of 1
remark: /home/ayvol/accelerator_wrapper/src/nnet_utils/nnet_dense.h:112:0: Unrolling loop 'anonymous' (/home/ayvol/accelerator_wrapper/src/nnet_utils/nnet_dense.h:114:32) in function 'nnet::dense_latency<ap_fixed<16, 6, (ap_q_mode)5, (ap_o_mode)3, 0>, ap_fixed<16, 6, (ap_q_mode)5, (ap_o_mode)3, 0>, config11>' completely with a factor of 3
remark: /home/ayvol/accelerator_wrapper/src/nnet_utils/nnet_activation.h:72:0: Unrolling loop 'anonymous' (/home/ayvol/accelerator_wrapper/src/nnet_utils/nnet_activation.h:78:5) in function 'nnet::relu<ap_fixed<16, 6, (ap_q_mode)5, (ap_o_mode)3, 0>, ap_fixed<16, 6, (ap_q_mode)5, (ap_o_mode)3, 0>, relu_config10>' completely with a factor of 3
remark: /home/ayvol/accelerator_wrapper/src/nnet_utils/nnet_dense.h:112:0: Unrolling loop 'Result' (/home/ayvol/accelerator_wrapper/src/nnet_utils/nnet_dense.h:195:13) in function 'nnet::dense_latency<ap_fixed<16, 6, (ap_q_mode)5, (ap_o_mode)3, 0>, ap_fixed<16, 6, (ap_q_mode)5, (ap_o_mode)3, 0>, config9>' completely with a factor of 3
remark: /home/ayvol/accelerator_wrapper/src/nnet_utils/nnet_dense.h:112:0: Unrolling loop 'Accum1' (/home/ayvol/accelerator_wrapper/src/nnet_utils/nnet_dense.h:184:13) in function 'nnet::dense_latency<ap_fixed<16, 6, (ap_q_mode)5, (ap_o_mode)3, 0>, ap_fixed<16, 6, (ap_q_mode)5, (ap_o_mode)3, 0>, config9>' completely with a factor of 11
remark: /home/ayvol/accelerator_wrapper/src/nnet_utils/nnet_dense.h:112:0: Unrolling loop 'Accum2' (/home/ayvol/accelerator_wrapper/src/nnet_utils/nnet_dense.h:188:17) in function 'nnet::dense_latency<ap_fixed<16, 6, (ap_q_mode)5, (ap_o_mode)3, 0>, ap_fixed<16, 6, (ap_q_mode)5, (ap_o_mode)3, 0>, config9>' completely with a factor of 3
remark: /home/ayvol/accelerator_wrapper/src/nnet_utils/nnet_dense.h:112:0: Unrolling loop 'Accum2' (/home/ayvol/accelerator_wrapper/src/nnet_utils/nnet_dense.h:188:17) in function 'nnet::dense_latency<ap_fixed<16, 6, (ap_q_mode)5, (ap_o_mode)3, 0>, ap_fixed<16, 6, (ap_q_mode)5, (ap_o_mode)3, 0>, config9>' completely with a factor of 3
remark: /home/ayvol/accelerator_wrapper/src/nnet_utils/nnet_dense.h:112:0: Unrolling loop 'Accum2' (/home/ayvol/accelerator_wrapper/src/nnet_utils/nnet_dense.h:188:17) in function 'nnet::dense_latency<ap_fixed<16, 6, (ap_q_mode)5, (ap_o_mode)3, 0>, ap_fixed<16, 6, (ap_q_mode)5, (ap_o_mode)3, 0>, config9>' completely with a factor of 3
remark: /home/ayvol/accelerator_wrapper/src/nnet_utils/nnet_dense.h:112:0: Unrolling loop 'Accum2' (/home/ayvol/accelerator_wrapper/src/nnet_utils/nnet_dense.h:188:17) in function 'nnet::dense_latency<ap_fixed<16, 6, (ap_q_mode)5, (ap_o_mode)3, 0>, ap_fixed<16, 6, (ap_q_mode)5, (ap_o_mode)3, 0>, config9>' completely with a factor of 3
remark: /home/ayvol/accelerator_wrapper/src/nnet_utils/nnet_dense.h:112:0: Unrolling loop 'Accum2' (/home/ayvol/accelerator_wrapper/src/nnet_utils/nnet_dense.h:188:17) in function 'nnet::dense_latency<ap_fixed<16, 6, (ap_q_mode)5, (ap_o_mode)3, 0>, ap_fixed<16, 6, (ap_q_mode)5, (ap_o_mode)3, 0>, config9>' completely with a factor of 3
remark: /home/ayvol/accelerator_wrapper/src/nnet_utils/nnet_dense.h:112:0: Unrolling loop 'Accum2' (/home/ayvol/accelerator_wrapper/src/nnet_utils/nnet_dense.h:188:17) in function 'nnet::dense_latency<ap_fixed<16, 6, (ap_q_mode)5, (ap_o_mode)3, 0>, ap_fixed<16, 6, (ap_q_mode)5, (ap_o_mode)3, 0>, config9>' completely with a factor of 3
remark: /home/ayvol/accelerator_wrapper/src/nnet_utils/nnet_dense.h:112:0: Unrolling loop 'Accum2' (/home/ayvol/accelerator_wrapper/src/nnet_utils/nnet_dense.h:188:17) in function 'nnet::dense_latency<ap_fixed<16, 6, (ap_q_mode)5, (ap_o_mode)3, 0>, ap_fixed<16, 6, (ap_q_mode)5, (ap_o_mode)3, 0>, config9>' completely with a factor of 3
remark: /home/ayvol/accelerator_wrapper/src/nnet_utils/nnet_dense.h:112:0: Unrolling loop 'Accum2' (/home/ayvol/accelerator_wrapper/src/nnet_utils/nnet_dense.h:188:17) in function 'nnet::dense_latency<ap_fixed<16, 6, (ap_q_mode)5, (ap_o_mode)3, 0>, ap_fixed<16, 6, (ap_q_mode)5, (ap_o_mode)3, 0>, config9>' completely with a factor of 3
remark: /home/ayvol/accelerator_wrapper/src/nnet_utils/nnet_dense.h:112:0: Unrolling loop 'Accum2' (/home/ayvol/accelerator_wrapper/src/nnet_utils/nnet_dense.h:188:17) in function 'nnet::dense_latency<ap_fixed<16, 6, (ap_q_mode)5, (ap_o_mode)3, 0>, ap_fixed<16, 6, (ap_q_mode)5, (ap_o_mode)3, 0>, config9>' completely with a factor of 3
remark: /home/ayvol/accelerator_wrapper/src/nnet_utils/nnet_dense.h:112:0: Unrolling loop 'Accum2' (/home/ayvol/accelerator_wrapper/src/nnet_utils/nnet_dense.h:188:17) in function 'nnet::dense_latency<ap_fixed<16, 6, (ap_q_mode)5, (ap_o_mode)3, 0>, ap_fixed<16, 6, (ap_q_mode)5, (ap_o_mode)3, 0>, config9>' completely with a factor of 3
remark: /home/ayvol/accelerator_wrapper/src/nnet_utils/nnet_dense.h:112:0: Unrolling loop 'Accum2' (/home/ayvol/accelerator_wrapper/src/nnet_utils/nnet_dense.h:188:17) in function 'nnet::dense_latency<ap_fixed<16, 6, (ap_q_mode)5, (ap_o_mode)3, 0>, ap_fixed<16, 6, (ap_q_mode)5, (ap_o_mode)3, 0>, config9>' completely with a factor of 3
remark: /home/ayvol/accelerator_wrapper/src/nnet_utils/nnet_dense.h:112:0: Unrolling loop 'ResetAccum' (/home/ayvol/accelerator_wrapper/src/nnet_utils/nnet_dense.h:176:17) in function 'nnet::dense_latency<ap_fixed<16, 6, (ap_q_mode)5, (ap_o_mode)3, 0>, ap_fixed<16, 6, (ap_q_mode)5, (ap_o_mode)3, 0>, config9>' completely with a factor of 3
remark: /home/ayvol/accelerator_wrapper/src/nnet_utils/nnet_dense.h:112:0: Unrolling loop 'Product1' (/home/ayvol/accelerator_wrapper/src/nnet_utils/nnet_dense.h:160:15) in function 'nnet::dense_latency<ap_fixed<16, 6, (ap_q_mode)5, (ap_o_mode)3, 0>, ap_fixed<16, 6, (ap_q_mode)5, (ap_o_mode)3, 0>, config9>' completely with a factor of 11
remark: /home/ayvol/accelerator_wrapper/src/nnet_utils/nnet_dense.h:112:0: Unrolling loop 'Product2' (/home/ayvol/accelerator_wrapper/src/nnet_utils/nnet_dense.h:165:19) in function 'nnet::dense_latency<ap_fixed<16, 6, (ap_q_mode)5, (ap_o_mode)3, 0>, ap_fixed<16, 6, (ap_q_mode)5, (ap_o_mode)3, 0>, config9>' completely with a factor of 3
remark: /home/ayvol/accelerator_wrapper/src/nnet_utils/nnet_dense.h:112:0: Unrolling loop 'Product2' (/home/ayvol/accelerator_wrapper/src/nnet_utils/nnet_dense.h:165:19) in function 'nnet::dense_latency<ap_fixed<16, 6, (ap_q_mode)5, (ap_o_mode)3, 0>, ap_fixed<16, 6, (ap_q_mode)5, (ap_o_mode)3, 0>, config9>' completely with a factor of 3
remark: /home/ayvol/accelerator_wrapper/src/nnet_utils/nnet_dense.h:112:0: Unrolling loop 'Product2' (/home/ayvol/accelerator_wrapper/src/nnet_utils/nnet_dense.h:165:19) in function 'nnet::dense_latency<ap_fixed<16, 6, (ap_q_mode)5, (ap_o_mode)3, 0>, ap_fixed<16, 6, (ap_q_mode)5, (ap_o_mode)3, 0>, config9>' completely with a factor of 3
remark: /home/ayvol/accelerator_wrapper/src/nnet_utils/nnet_dense.h:112:0: Unrolling loop 'Product2' (/home/ayvol/accelerator_wrapper/src/nnet_utils/nnet_dense.h:165:19) in function 'nnet::dense_latency<ap_fixed<16, 6, (ap_q_mode)5, (ap_o_mode)3, 0>, ap_fixed<16, 6, (ap_q_mode)5, (ap_o_mode)3, 0>, config9>' completely with a factor of 3
remark: /home/ayvol/accelerator_wrapper/src/nnet_utils/nnet_dense.h:112:0: Unrolling loop 'Product2' (/home/ayvol/accelerator_wrapper/src/nnet_utils/nnet_dense.h:165:19) in function 'nnet::dense_latency<ap_fixed<16, 6, (ap_q_mode)5, (ap_o_mode)3, 0>, ap_fixed<16, 6, (ap_q_mode)5, (ap_o_mode)3, 0>, config9>' completely with a factor of 3
remark: /home/ayvol/accelerator_wrapper/src/nnet_utils/nnet_dense.h:112:0: Unrolling loop 'Product2' (/home/ayvol/accelerator_wrapper/src/nnet_utils/nnet_dense.h:165:19) in function 'nnet::dense_latency<ap_fixed<16, 6, (ap_q_mode)5, (ap_o_mode)3, 0>, ap_fixed<16, 6, (ap_q_mode)5, (ap_o_mode)3, 0>, config9>' completely with a factor of 3
remark: /home/ayvol/accelerator_wrapper/src/nnet_utils/nnet_dense.h:112:0: Unrolling loop 'Product2' (/home/ayvol/accelerator_wrapper/src/nnet_utils/nnet_dense.h:165:19) in function 'nnet::dense_latency<ap_fixed<16, 6, (ap_q_mode)5, (ap_o_mode)3, 0>, ap_fixed<16, 6, (ap_q_mode)5, (ap_o_mode)3, 0>, config9>' completely with a factor of 3
remark: /home/ayvol/accelerator_wrapper/src/nnet_utils/nnet_dense.h:112:0: Unrolling loop 'Product2' (/home/ayvol/accelerator_wrapper/src/nnet_utils/nnet_dense.h:165:19) in function 'nnet::dense_latency<ap_fixed<16, 6, (ap_q_mode)5, (ap_o_mode)3, 0>, ap_fixed<16, 6, (ap_q_mode)5, (ap_o_mode)3, 0>, config9>' completely with a factor of 3
remark: /home/ayvol/accelerator_wrapper/src/nnet_utils/nnet_dense.h:112:0: Unrolling loop 'Product2' (/home/ayvol/accelerator_wrapper/src/nnet_utils/nnet_dense.h:165:19) in function 'nnet::dense_latency<ap_fixed<16, 6, (ap_q_mode)5, (ap_o_mode)3, 0>, ap_fixed<16, 6, (ap_q_mode)5, (ap_o_mode)3, 0>, config9>' completely with a factor of 3
remark: /home/ayvol/accelerator_wrapper/src/nnet_utils/nnet_dense.h:112:0: Unrolling loop 'Product2' (/home/ayvol/accelerator_wrapper/src/nnet_utils/nnet_dense.h:165:19) in function 'nnet::dense_latency<ap_fixed<16, 6, (ap_q_mode)5, (ap_o_mode)3, 0>, ap_fixed<16, 6, (ap_q_mode)5, (ap_o_mode)3, 0>, config9>' completely with a factor of 3
remark: /home/ayvol/accelerator_wrapper/src/nnet_utils/nnet_dense.h:112:0: Unrolling loop 'Product2' (/home/ayvol/accelerator_wrapper/src/nnet_utils/nnet_dense.h:165:19) in function 'nnet::dense_latency<ap_fixed<16, 6, (ap_q_mode)5, (ap_o_mode)3, 0>, ap_fixed<16, 6, (ap_q_mode)5, (ap_o_mode)3, 0>, config9>' completely with a factor of 3
remark: /home/ayvol/accelerator_wrapper/src/nnet_utils/nnet_dense.h:112:0: Unrolling loop 'anonymous' (/home/ayvol/accelerator_wrapper/src/nnet_utils/nnet_dense.h:115:32) in function 'nnet::dense_latency<ap_fixed<16, 6, (ap_q_mode)5, (ap_o_mode)3, 0>, ap_fixed<16, 6, (ap_q_mode)5, (ap_o_mode)3, 0>, config9>' completely with a factor of 3
remark: /home/ayvol/accelerator_wrapper/src/nnet_utils/nnet_dense.h:112:0: Unrolling loop 'anonymous' (/home/ayvol/accelerator_wrapper/src/nnet_utils/nnet_dense.h:114:32) in function 'nnet::dense_latency<ap_fixed<16, 6, (ap_q_mode)5, (ap_o_mode)3, 0>, ap_fixed<16, 6, (ap_q_mode)5, (ap_o_mode)3, 0>, config9>' completely with a factor of 33
remark: /home/ayvol/accelerator_wrapper/src/nnet_utils/nnet_batchnorm.h:54:0: Unrolling loop 'Result' (/home/ayvol/accelerator_wrapper/src/nnet_utils/nnet_batchnorm.h:80:13) in function 'nnet::normalize<ap_fixed<16, 6, (ap_q_mode)5, (ap_o_mode)3, 0>, ap_fixed<16, 6, (ap_q_mode)5, (ap_o_mode)3, 0>, config8>' completely with a factor of 11
remark: /home/ayvol/accelerator_wrapper/src/nnet_utils/nnet_activation.h:72:0: Unrolling loop 'anonymous' (/home/ayvol/accelerator_wrapper/src/nnet_utils/nnet_activation.h:78:5) in function 'nnet::relu<ap_fixed<16, 6, (ap_q_mode)5, (ap_o_mode)3, 0>, ap_fixed<16, 6, (ap_q_mode)5, (ap_o_mode)3, 0>, relu_config7>' completely with a factor of 11
remark: /home/ayvol/accelerator_wrapper/src/nnet_utils/nnet_dense.h:112:0: Unrolling loop 'Result' (/home/ayvol/accelerator_wrapper/src/nnet_utils/nnet_dense.h:195:13) in function 'nnet::dense_latency<ap_fixed<16, 6, (ap_q_mode)5, (ap_o_mode)3, 0>, ap_fixed<16, 6, (ap_q_mode)5, (ap_o_mode)3, 0>, config6>' completely with a factor of 11
remark: /home/ayvol/accelerator_wrapper/src/nnet_utils/nnet_dense.h:112:0: Unrolling loop 'Accum1' (/home/ayvol/accelerator_wrapper/src/nnet_utils/nnet_dense.h:184:13) in function 'nnet::dense_latency<ap_fixed<16, 6, (ap_q_mode)5, (ap_o_mode)3, 0>, ap_fixed<16, 6, (ap_q_mode)5, (ap_o_mode)3, 0>, config6>' completely with a factor of 31
remark: /home/ayvol/accelerator_wrapper/src/nnet_utils/nnet_dense.h:112:0: Unrolling loop 'Accum2' (/home/ayvol/accelerator_wrapper/src/nnet_utils/nnet_dense.h:188:17) in function 'nnet::dense_latency<ap_fixed<16, 6, (ap_q_mode)5, (ap_o_mode)3, 0>, ap_fixed<16, 6, (ap_q_mode)5, (ap_o_mode)3, 0>, config6>' completely with a factor of 11
remark: /home/ayvol/accelerator_wrapper/src/nnet_utils/nnet_dense.h:112:0: Unrolling loop 'Accum2' (/home/ayvol/accelerator_wrapper/src/nnet_utils/nnet_dense.h:188:17) in function 'nnet::dense_latency<ap_fixed<16, 6, (ap_q_mode)5, (ap_o_mode)3, 0>, ap_fixed<16, 6, (ap_q_mode)5, (ap_o_mode)3, 0>, config6>' completely with a factor of 11
remark: /home/ayvol/accelerator_wrapper/src/nnet_utils/nnet_dense.h:112:0: Unrolling loop 'Accum2' (/home/ayvol/accelerator_wrapper/src/nnet_utils/nnet_dense.h:188:17) in function 'nnet::dense_latency<ap_fixed<16, 6, (ap_q_mode)5, (ap_o_mode)3, 0>, ap_fixed<16, 6, (ap_q_mode)5, (ap_o_mode)3, 0>, config6>' completely with a factor of 11
remark: /home/ayvol/accelerator_wrapper/src/nnet_utils/nnet_dense.h:112:0: Unrolling loop 'Accum2' (/home/ayvol/accelerator_wrapper/src/nnet_utils/nnet_dense.h:188:17) in function 'nnet::dense_latency<ap_fixed<16, 6, (ap_q_mode)5, (ap_o_mode)3, 0>, ap_fixed<16, 6, (ap_q_mode)5, (ap_o_mode)3, 0>, config6>' completely with a factor of 11
remark: /home/ayvol/accelerator_wrapper/src/nnet_utils/nnet_dense.h:112:0: Unrolling loop 'Accum2' (/home/ayvol/accelerator_wrapper/src/nnet_utils/nnet_dense.h:188:17) in function 'nnet::dense_latency<ap_fixed<16, 6, (ap_q_mode)5, (ap_o_mode)3, 0>, ap_fixed<16, 6, (ap_q_mode)5, (ap_o_mode)3, 0>, config6>' completely with a factor of 11
remark: /home/ayvol/accelerator_wrapper/src/nnet_utils/nnet_dense.h:112:0: Unrolling loop 'Accum2' (/home/ayvol/accelerator_wrapper/src/nnet_utils/nnet_dense.h:188:17) in function 'nnet::dense_latency<ap_fixed<16, 6, (ap_q_mode)5, (ap_o_mode)3, 0>, ap_fixed<16, 6, (ap_q_mode)5, (ap_o_mode)3, 0>, config6>' completely with a factor of 11
remark: /home/ayvol/accelerator_wrapper/src/nnet_utils/nnet_dense.h:112:0: Unrolling loop 'Accum2' (/home/ayvol/accelerator_wrapper/src/nnet_utils/nnet_dense.h:188:17) in function 'nnet::dense_latency<ap_fixed<16, 6, (ap_q_mode)5, (ap_o_mode)3, 0>, ap_fixed<16, 6, (ap_q_mode)5, (ap_o_mode)3, 0>, config6>' completely with a factor of 11
remark: /home/ayvol/accelerator_wrapper/src/nnet_utils/nnet_dense.h:112:0: Unrolling loop 'Accum2' (/home/ayvol/accelerator_wrapper/src/nnet_utils/nnet_dense.h:188:17) in function 'nnet::dense_latency<ap_fixed<16, 6, (ap_q_mode)5, (ap_o_mode)3, 0>, ap_fixed<16, 6, (ap_q_mode)5, (ap_o_mode)3, 0>, config6>' completely with a factor of 11
remark: /home/ayvol/accelerator_wrapper/src/nnet_utils/nnet_dense.h:112:0: Unrolling loop 'Accum2' (/home/ayvol/accelerator_wrapper/src/nnet_utils/nnet_dense.h:188:17) in function 'nnet::dense_latency<ap_fixed<16, 6, (ap_q_mode)5, (ap_o_mode)3, 0>, ap_fixed<16, 6, (ap_q_mode)5, (ap_o_mode)3, 0>, config6>' completely with a factor of 11
remark: /home/ayvol/accelerator_wrapper/src/nnet_utils/nnet_dense.h:112:0: Unrolling loop 'Accum2' (/home/ayvol/accelerator_wrapper/src/nnet_utils/nnet_dense.h:188:17) in function 'nnet::dense_latency<ap_fixed<16, 6, (ap_q_mode)5, (ap_o_mode)3, 0>, ap_fixed<16, 6, (ap_q_mode)5, (ap_o_mode)3, 0>, config6>' completely with a factor of 11
remark: /home/ayvol/accelerator_wrapper/src/nnet_utils/nnet_dense.h:112:0: Unrolling loop 'Accum2' (/home/ayvol/accelerator_wrapper/src/nnet_utils/nnet_dense.h:188:17) in function 'nnet::dense_latency<ap_fixed<16, 6, (ap_q_mode)5, (ap_o_mode)3, 0>, ap_fixed<16, 6, (ap_q_mode)5, (ap_o_mode)3, 0>, config6>' completely with a factor of 11
remark: /home/ayvol/accelerator_wrapper/src/nnet_utils/nnet_dense.h:112:0: Unrolling loop 'Accum2' (/home/ayvol/accelerator_wrapper/src/nnet_utils/nnet_dense.h:188:17) in function 'nnet::dense_latency<ap_fixed<16, 6, (ap_q_mode)5, (ap_o_mode)3, 0>, ap_fixed<16, 6, (ap_q_mode)5, (ap_o_mode)3, 0>, config6>' completely with a factor of 11
remark: /home/ayvol/accelerator_wrapper/src/nnet_utils/nnet_dense.h:112:0: Unrolling loop 'Accum2' (/home/ayvol/accelerator_wrapper/src/nnet_utils/nnet_dense.h:188:17) in function 'nnet::dense_latency<ap_fixed<16, 6, (ap_q_mode)5, (ap_o_mode)3, 0>, ap_fixed<16, 6, (ap_q_mode)5, (ap_o_mode)3, 0>, config6>' completely with a factor of 11
remark: /home/ayvol/accelerator_wrapper/src/nnet_utils/nnet_dense.h:112:0: Unrolling loop 'Accum2' (/home/ayvol/accelerator_wrapper/src/nnet_utils/nnet_dense.h:188:17) in function 'nnet::dense_latency<ap_fixed<16, 6, (ap_q_mode)5, (ap_o_mode)3, 0>, ap_fixed<16, 6, (ap_q_mode)5, (ap_o_mode)3, 0>, config6>' completely with a factor of 11
remark: /home/ayvol/accelerator_wrapper/src/nnet_utils/nnet_dense.h:112:0: Unrolling loop 'Accum2' (/home/ayvol/accelerator_wrapper/src/nnet_utils/nnet_dense.h:188:17) in function 'nnet::dense_latency<ap_fixed<16, 6, (ap_q_mode)5, (ap_o_mode)3, 0>, ap_fixed<16, 6, (ap_q_mode)5, (ap_o_mode)3, 0>, config6>' completely with a factor of 11
remark: /home/ayvol/accelerator_wrapper/src/nnet_utils/nnet_dense.h:112:0: Unrolling loop 'Accum2' (/home/ayvol/accelerator_wrapper/src/nnet_utils/nnet_dense.h:188:17) in function 'nnet::dense_latency<ap_fixed<16, 6, (ap_q_mode)5, (ap_o_mode)3, 0>, ap_fixed<16, 6, (ap_q_mode)5, (ap_o_mode)3, 0>, config6>' completely with a factor of 11
remark: /home/ayvol/accelerator_wrapper/src/nnet_utils/nnet_dense.h:112:0: Unrolling loop 'Accum2' (/home/ayvol/accelerator_wrapper/src/nnet_utils/nnet_dense.h:188:17) in function 'nnet::dense_latency<ap_fixed<16, 6, (ap_q_mode)5, (ap_o_mode)3, 0>, ap_fixed<16, 6, (ap_q_mode)5, (ap_o_mode)3, 0>, config6>' completely with a factor of 11
remark: /home/ayvol/accelerator_wrapper/src/nnet_utils/nnet_dense.h:112:0: Unrolling loop 'Accum2' (/home/ayvol/accelerator_wrapper/src/nnet_utils/nnet_dense.h:188:17) in function 'nnet::dense_latency<ap_fixed<16, 6, (ap_q_mode)5, (ap_o_mode)3, 0>, ap_fixed<16, 6, (ap_q_mode)5, (ap_o_mode)3, 0>, config6>' completely with a factor of 11
remark: /home/ayvol/accelerator_wrapper/src/nnet_utils/nnet_dense.h:112:0: Unrolling loop 'Accum2' (/home/ayvol/accelerator_wrapper/src/nnet_utils/nnet_dense.h:188:17) in function 'nnet::dense_latency<ap_fixed<16, 6, (ap_q_mode)5, (ap_o_mode)3, 0>, ap_fixed<16, 6, (ap_q_mode)5, (ap_o_mode)3, 0>, config6>' completely with a factor of 11
remark: /home/ayvol/accelerator_wrapper/src/nnet_utils/nnet_dense.h:112:0: Unrolling loop 'Accum2' (/home/ayvol/accelerator_wrapper/src/nnet_utils/nnet_dense.h:188:17) in function 'nnet::dense_latency<ap_fixed<16, 6, (ap_q_mode)5, (ap_o_mode)3, 0>, ap_fixed<16, 6, (ap_q_mode)5, (ap_o_mode)3, 0>, config6>' completely with a factor of 11
remark: /home/ayvol/accelerator_wrapper/src/nnet_utils/nnet_dense.h:112:0: Unrolling loop 'Accum2' (/home/ayvol/accelerator_wrapper/src/nnet_utils/nnet_dense.h:188:17) in function 'nnet::dense_latency<ap_fixed<16, 6, (ap_q_mode)5, (ap_o_mode)3, 0>, ap_fixed<16, 6, (ap_q_mode)5, (ap_o_mode)3, 0>, config6>' completely with a factor of 11
remark: /home/ayvol/accelerator_wrapper/src/nnet_utils/nnet_dense.h:112:0: Unrolling loop 'Accum2' (/home/ayvol/accelerator_wrapper/src/nnet_utils/nnet_dense.h:188:17) in function 'nnet::dense_latency<ap_fixed<16, 6, (ap_q_mode)5, (ap_o_mode)3, 0>, ap_fixed<16, 6, (ap_q_mode)5, (ap_o_mode)3, 0>, config6>' completely with a factor of 11
remark: /home/ayvol/accelerator_wrapper/src/nnet_utils/nnet_dense.h:112:0: Unrolling loop 'Accum2' (/home/ayvol/accelerator_wrapper/src/nnet_utils/nnet_dense.h:188:17) in function 'nnet::dense_latency<ap_fixed<16, 6, (ap_q_mode)5, (ap_o_mode)3, 0>, ap_fixed<16, 6, (ap_q_mode)5, (ap_o_mode)3, 0>, config6>' completely with a factor of 11
remark: /home/ayvol/accelerator_wrapper/src/nnet_utils/nnet_dense.h:112:0: Unrolling loop 'Accum2' (/home/ayvol/accelerator_wrapper/src/nnet_utils/nnet_dense.h:188:17) in function 'nnet::dense_latency<ap_fixed<16, 6, (ap_q_mode)5, (ap_o_mode)3, 0>, ap_fixed<16, 6, (ap_q_mode)5, (ap_o_mode)3, 0>, config6>' completely with a factor of 11
remark: /home/ayvol/accelerator_wrapper/src/nnet_utils/nnet_dense.h:112:0: Unrolling loop 'Accum2' (/home/ayvol/accelerator_wrapper/src/nnet_utils/nnet_dense.h:188:17) in function 'nnet::dense_latency<ap_fixed<16, 6, (ap_q_mode)5, (ap_o_mode)3, 0>, ap_fixed<16, 6, (ap_q_mode)5, (ap_o_mode)3, 0>, config6>' completely with a factor of 11
remark: /home/ayvol/accelerator_wrapper/src/nnet_utils/nnet_dense.h:112:0: Unrolling loop 'Accum2' (/home/ayvol/accelerator_wrapper/src/nnet_utils/nnet_dense.h:188:17) in function 'nnet::dense_latency<ap_fixed<16, 6, (ap_q_mode)5, (ap_o_mode)3, 0>, ap_fixed<16, 6, (ap_q_mode)5, (ap_o_mode)3, 0>, config6>' completely with a factor of 11
remark: /home/ayvol/accelerator_wrapper/src/nnet_utils/nnet_dense.h:112:0: Unrolling loop 'Accum2' (/home/ayvol/accelerator_wrapper/src/nnet_utils/nnet_dense.h:188:17) in function 'nnet::dense_latency<ap_fixed<16, 6, (ap_q_mode)5, (ap_o_mode)3, 0>, ap_fixed<16, 6, (ap_q_mode)5, (ap_o_mode)3, 0>, config6>' completely with a factor of 11
remark: /home/ayvol/accelerator_wrapper/src/nnet_utils/nnet_dense.h:112:0: Unrolling loop 'Accum2' (/home/ayvol/accelerator_wrapper/src/nnet_utils/nnet_dense.h:188:17) in function 'nnet::dense_latency<ap_fixed<16, 6, (ap_q_mode)5, (ap_o_mode)3, 0>, ap_fixed<16, 6, (ap_q_mode)5, (ap_o_mode)3, 0>, config6>' completely with a factor of 11
remark: /home/ayvol/accelerator_wrapper/src/nnet_utils/nnet_dense.h:112:0: Unrolling loop 'Accum2' (/home/ayvol/accelerator_wrapper/src/nnet_utils/nnet_dense.h:188:17) in function 'nnet::dense_latency<ap_fixed<16, 6, (ap_q_mode)5, (ap_o_mode)3, 0>, ap_fixed<16, 6, (ap_q_mode)5, (ap_o_mode)3, 0>, config6>' completely with a factor of 11
remark: /home/ayvol/accelerator_wrapper/src/nnet_utils/nnet_dense.h:112:0: Unrolling loop 'Accum2' (/home/ayvol/accelerator_wrapper/src/nnet_utils/nnet_dense.h:188:17) in function 'nnet::dense_latency<ap_fixed<16, 6, (ap_q_mode)5, (ap_o_mode)3, 0>, ap_fixed<16, 6, (ap_q_mode)5, (ap_o_mode)3, 0>, config6>' completely with a factor of 11
remark: /home/ayvol/accelerator_wrapper/src/nnet_utils/nnet_dense.h:112:0: Unrolling loop 'Accum2' (/home/ayvol/accelerator_wrapper/src/nnet_utils/nnet_dense.h:188:17) in function 'nnet::dense_latency<ap_fixed<16, 6, (ap_q_mode)5, (ap_o_mode)3, 0>, ap_fixed<16, 6, (ap_q_mode)5, (ap_o_mode)3, 0>, config6>' completely with a factor of 11
remark: /home/ayvol/accelerator_wrapper/src/nnet_utils/nnet_dense.h:112:0: Unrolling loop 'ResetAccum' (/home/ayvol/accelerator_wrapper/src/nnet_utils/nnet_dense.h:176:17) in function 'nnet::dense_latency<ap_fixed<16, 6, (ap_q_mode)5, (ap_o_mode)3, 0>, ap_fixed<16, 6, (ap_q_mode)5, (ap_o_mode)3, 0>, config6>' completely with a factor of 11
remark: /home/ayvol/accelerator_wrapper/src/nnet_utils/nnet_dense.h:112:0: Unrolling loop 'Product1' (/home/ayvol/accelerator_wrapper/src/nnet_utils/nnet_dense.h:160:15) in function 'nnet::dense_latency<ap_fixed<16, 6, (ap_q_mode)5, (ap_o_mode)3, 0>, ap_fixed<16, 6, (ap_q_mode)5, (ap_o_mode)3, 0>, config6>' completely with a factor of 31
remark: /home/ayvol/accelerator_wrapper/src/nnet_utils/nnet_dense.h:112:0: Unrolling loop 'Product2' (/home/ayvol/accelerator_wrapper/src/nnet_utils/nnet_dense.h:165:19) in function 'nnet::dense_latency<ap_fixed<16, 6, (ap_q_mode)5, (ap_o_mode)3, 0>, ap_fixed<16, 6, (ap_q_mode)5, (ap_o_mode)3, 0>, config6>' completely with a factor of 11
remark: /home/ayvol/accelerator_wrapper/src/nnet_utils/nnet_dense.h:112:0: Unrolling loop 'Product2' (/home/ayvol/accelerator_wrapper/src/nnet_utils/nnet_dense.h:165:19) in function 'nnet::dense_latency<ap_fixed<16, 6, (ap_q_mode)5, (ap_o_mode)3, 0>, ap_fixed<16, 6, (ap_q_mode)5, (ap_o_mode)3, 0>, config6>' completely with a factor of 11
remark: /home/ayvol/accelerator_wrapper/src/nnet_utils/nnet_dense.h:112:0: Unrolling loop 'Product2' (/home/ayvol/accelerator_wrapper/src/nnet_utils/nnet_dense.h:165:19) in function 'nnet::dense_latency<ap_fixed<16, 6, (ap_q_mode)5, (ap_o_mode)3, 0>, ap_fixed<16, 6, (ap_q_mode)5, (ap_o_mode)3, 0>, config6>' completely with a factor of 11
remark: /home/ayvol/accelerator_wrapper/src/nnet_utils/nnet_dense.h:112:0: Unrolling loop 'Product2' (/home/ayvol/accelerator_wrapper/src/nnet_utils/nnet_dense.h:165:19) in function 'nnet::dense_latency<ap_fixed<16, 6, (ap_q_mode)5, (ap_o_mode)3, 0>, ap_fixed<16, 6, (ap_q_mode)5, (ap_o_mode)3, 0>, config6>' completely with a factor of 11
remark: /home/ayvol/accelerator_wrapper/src/nnet_utils/nnet_dense.h:112:0: Unrolling loop 'Product2' (/home/ayvol/accelerator_wrapper/src/nnet_utils/nnet_dense.h:165:19) in function 'nnet::dense_latency<ap_fixed<16, 6, (ap_q_mode)5, (ap_o_mode)3, 0>, ap_fixed<16, 6, (ap_q_mode)5, (ap_o_mode)3, 0>, config6>' completely with a factor of 11
remark: /home/ayvol/accelerator_wrapper/src/nnet_utils/nnet_dense.h:112:0: Unrolling loop 'Product2' (/home/ayvol/accelerator_wrapper/src/nnet_utils/nnet_dense.h:165:19) in function 'nnet::dense_latency<ap_fixed<16, 6, (ap_q_mode)5, (ap_o_mode)3, 0>, ap_fixed<16, 6, (ap_q_mode)5, (ap_o_mode)3, 0>, config6>' completely with a factor of 11
remark: /home/ayvol/accelerator_wrapper/src/nnet_utils/nnet_dense.h:112:0: Unrolling loop 'Product2' (/home/ayvol/accelerator_wrapper/src/nnet_utils/nnet_dense.h:165:19) in function 'nnet::dense_latency<ap_fixed<16, 6, (ap_q_mode)5, (ap_o_mode)3, 0>, ap_fixed<16, 6, (ap_q_mode)5, (ap_o_mode)3, 0>, config6>' completely with a factor of 11
remark: /home/ayvol/accelerator_wrapper/src/nnet_utils/nnet_dense.h:112:0: Unrolling loop 'Product2' (/home/ayvol/accelerator_wrapper/src/nnet_utils/nnet_dense.h:165:19) in function 'nnet::dense_latency<ap_fixed<16, 6, (ap_q_mode)5, (ap_o_mode)3, 0>, ap_fixed<16, 6, (ap_q_mode)5, (ap_o_mode)3, 0>, config6>' completely with a factor of 11
remark: /home/ayvol/accelerator_wrapper/src/nnet_utils/nnet_dense.h:112:0: Unrolling loop 'Product2' (/home/ayvol/accelerator_wrapper/src/nnet_utils/nnet_dense.h:165:19) in function 'nnet::dense_latency<ap_fixed<16, 6, (ap_q_mode)5, (ap_o_mode)3, 0>, ap_fixed<16, 6, (ap_q_mode)5, (ap_o_mode)3, 0>, config6>' completely with a factor of 11
remark: /home/ayvol/accelerator_wrapper/src/nnet_utils/nnet_dense.h:112:0: Unrolling loop 'Product2' (/home/ayvol/accelerator_wrapper/src/nnet_utils/nnet_dense.h:165:19) in function 'nnet::dense_latency<ap_fixed<16, 6, (ap_q_mode)5, (ap_o_mode)3, 0>, ap_fixed<16, 6, (ap_q_mode)5, (ap_o_mode)3, 0>, config6>' completely with a factor of 11
remark: /home/ayvol/accelerator_wrapper/src/nnet_utils/nnet_dense.h:112:0: Unrolling loop 'Product2' (/home/ayvol/accelerator_wrapper/src/nnet_utils/nnet_dense.h:165:19) in function 'nnet::dense_latency<ap_fixed<16, 6, (ap_q_mode)5, (ap_o_mode)3, 0>, ap_fixed<16, 6, (ap_q_mode)5, (ap_o_mode)3, 0>, config6>' completely with a factor of 11
remark: /home/ayvol/accelerator_wrapper/src/nnet_utils/nnet_dense.h:112:0: Unrolling loop 'Product2' (/home/ayvol/accelerator_wrapper/src/nnet_utils/nnet_dense.h:165:19) in function 'nnet::dense_latency<ap_fixed<16, 6, (ap_q_mode)5, (ap_o_mode)3, 0>, ap_fixed<16, 6, (ap_q_mode)5, (ap_o_mode)3, 0>, config6>' completely with a factor of 11
remark: /home/ayvol/accelerator_wrapper/src/nnet_utils/nnet_dense.h:112:0: Unrolling loop 'Product2' (/home/ayvol/accelerator_wrapper/src/nnet_utils/nnet_dense.h:165:19) in function 'nnet::dense_latency<ap_fixed<16, 6, (ap_q_mode)5, (ap_o_mode)3, 0>, ap_fixed<16, 6, (ap_q_mode)5, (ap_o_mode)3, 0>, config6>' completely with a factor of 11
remark: /home/ayvol/accelerator_wrapper/src/nnet_utils/nnet_dense.h:112:0: Unrolling loop 'Product2' (/home/ayvol/accelerator_wrapper/src/nnet_utils/nnet_dense.h:165:19) in function 'nnet::dense_latency<ap_fixed<16, 6, (ap_q_mode)5, (ap_o_mode)3, 0>, ap_fixed<16, 6, (ap_q_mode)5, (ap_o_mode)3, 0>, config6>' completely with a factor of 11
remark: /home/ayvol/accelerator_wrapper/src/nnet_utils/nnet_dense.h:112:0: Unrolling loop 'Product2' (/home/ayvol/accelerator_wrapper/src/nnet_utils/nnet_dense.h:165:19) in function 'nnet::dense_latency<ap_fixed<16, 6, (ap_q_mode)5, (ap_o_mode)3, 0>, ap_fixed<16, 6, (ap_q_mode)5, (ap_o_mode)3, 0>, config6>' completely with a factor of 11
remark: /home/ayvol/accelerator_wrapper/src/nnet_utils/nnet_dense.h:112:0: Unrolling loop 'Product2' (/home/ayvol/accelerator_wrapper/src/nnet_utils/nnet_dense.h:165:19) in function 'nnet::dense_latency<ap_fixed<16, 6, (ap_q_mode)5, (ap_o_mode)3, 0>, ap_fixed<16, 6, (ap_q_mode)5, (ap_o_mode)3, 0>, config6>' completely with a factor of 11
remark: /home/ayvol/accelerator_wrapper/src/nnet_utils/nnet_dense.h:112:0: Unrolling loop 'Product2' (/home/ayvol/accelerator_wrapper/src/nnet_utils/nnet_dense.h:165:19) in function 'nnet::dense_latency<ap_fixed<16, 6, (ap_q_mode)5, (ap_o_mode)3, 0>, ap_fixed<16, 6, (ap_q_mode)5, (ap_o_mode)3, 0>, config6>' completely with a factor of 11
remark: /home/ayvol/accelerator_wrapper/src/nnet_utils/nnet_dense.h:112:0: Unrolling loop 'Product2' (/home/ayvol/accelerator_wrapper/src/nnet_utils/nnet_dense.h:165:19) in function 'nnet::dense_latency<ap_fixed<16, 6, (ap_q_mode)5, (ap_o_mode)3, 0>, ap_fixed<16, 6, (ap_q_mode)5, (ap_o_mode)3, 0>, config6>' completely with a factor of 11
remark: /home/ayvol/accelerator_wrapper/src/nnet_utils/nnet_dense.h:112:0: Unrolling loop 'Product2' (/home/ayvol/accelerator_wrapper/src/nnet_utils/nnet_dense.h:165:19) in function 'nnet::dense_latency<ap_fixed<16, 6, (ap_q_mode)5, (ap_o_mode)3, 0>, ap_fixed<16, 6, (ap_q_mode)5, (ap_o_mode)3, 0>, config6>' completely with a factor of 11
remark: /home/ayvol/accelerator_wrapper/src/nnet_utils/nnet_dense.h:112:0: Unrolling loop 'Product2' (/home/ayvol/accelerator_wrapper/src/nnet_utils/nnet_dense.h:165:19) in function 'nnet::dense_latency<ap_fixed<16, 6, (ap_q_mode)5, (ap_o_mode)3, 0>, ap_fixed<16, 6, (ap_q_mode)5, (ap_o_mode)3, 0>, config6>' completely with a factor of 11
remark: /home/ayvol/accelerator_wrapper/src/nnet_utils/nnet_dense.h:112:0: Unrolling loop 'Product2' (/home/ayvol/accelerator_wrapper/src/nnet_utils/nnet_dense.h:165:19) in function 'nnet::dense_latency<ap_fixed<16, 6, (ap_q_mode)5, (ap_o_mode)3, 0>, ap_fixed<16, 6, (ap_q_mode)5, (ap_o_mode)3, 0>, config6>' completely with a factor of 11
remark: /home/ayvol/accelerator_wrapper/src/nnet_utils/nnet_dense.h:112:0: Unrolling loop 'Product2' (/home/ayvol/accelerator_wrapper/src/nnet_utils/nnet_dense.h:165:19) in function 'nnet::dense_latency<ap_fixed<16, 6, (ap_q_mode)5, (ap_o_mode)3, 0>, ap_fixed<16, 6, (ap_q_mode)5, (ap_o_mode)3, 0>, config6>' completely with a factor of 11
remark: /home/ayvol/accelerator_wrapper/src/nnet_utils/nnet_dense.h:112:0: Unrolling loop 'Product2' (/home/ayvol/accelerator_wrapper/src/nnet_utils/nnet_dense.h:165:19) in function 'nnet::dense_latency<ap_fixed<16, 6, (ap_q_mode)5, (ap_o_mode)3, 0>, ap_fixed<16, 6, (ap_q_mode)5, (ap_o_mode)3, 0>, config6>' completely with a factor of 11
remark: /home/ayvol/accelerator_wrapper/src/nnet_utils/nnet_dense.h:112:0: Unrolling loop 'Product2' (/home/ayvol/accelerator_wrapper/src/nnet_utils/nnet_dense.h:165:19) in function 'nnet::dense_latency<ap_fixed<16, 6, (ap_q_mode)5, (ap_o_mode)3, 0>, ap_fixed<16, 6, (ap_q_mode)5, (ap_o_mode)3, 0>, config6>' completely with a factor of 11
remark: /home/ayvol/accelerator_wrapper/src/nnet_utils/nnet_dense.h:112:0: Unrolling loop 'Product2' (/home/ayvol/accelerator_wrapper/src/nnet_utils/nnet_dense.h:165:19) in function 'nnet::dense_latency<ap_fixed<16, 6, (ap_q_mode)5, (ap_o_mode)3, 0>, ap_fixed<16, 6, (ap_q_mode)5, (ap_o_mode)3, 0>, config6>' completely with a factor of 11
remark: /home/ayvol/accelerator_wrapper/src/nnet_utils/nnet_dense.h:112:0: Unrolling loop 'Product2' (/home/ayvol/accelerator_wrapper/src/nnet_utils/nnet_dense.h:165:19) in function 'nnet::dense_latency<ap_fixed<16, 6, (ap_q_mode)5, (ap_o_mode)3, 0>, ap_fixed<16, 6, (ap_q_mode)5, (ap_o_mode)3, 0>, config6>' completely with a factor of 11
remark: /home/ayvol/accelerator_wrapper/src/nnet_utils/nnet_dense.h:112:0: Unrolling loop 'Product2' (/home/ayvol/accelerator_wrapper/src/nnet_utils/nnet_dense.h:165:19) in function 'nnet::dense_latency<ap_fixed<16, 6, (ap_q_mode)5, (ap_o_mode)3, 0>, ap_fixed<16, 6, (ap_q_mode)5, (ap_o_mode)3, 0>, config6>' completely with a factor of 11
remark: /home/ayvol/accelerator_wrapper/src/nnet_utils/nnet_dense.h:112:0: Unrolling loop 'Product2' (/home/ayvol/accelerator_wrapper/src/nnet_utils/nnet_dense.h:165:19) in function 'nnet::dense_latency<ap_fixed<16, 6, (ap_q_mode)5, (ap_o_mode)3, 0>, ap_fixed<16, 6, (ap_q_mode)5, (ap_o_mode)3, 0>, config6>' completely with a factor of 11
remark: /home/ayvol/accelerator_wrapper/src/nnet_utils/nnet_dense.h:112:0: Unrolling loop 'Product2' (/home/ayvol/accelerator_wrapper/src/nnet_utils/nnet_dense.h:165:19) in function 'nnet::dense_latency<ap_fixed<16, 6, (ap_q_mode)5, (ap_o_mode)3, 0>, ap_fixed<16, 6, (ap_q_mode)5, (ap_o_mode)3, 0>, config6>' completely with a factor of 11
remark: /home/ayvol/accelerator_wrapper/src/nnet_utils/nnet_dense.h:112:0: Unrolling loop 'Product2' (/home/ayvol/accelerator_wrapper/src/nnet_utils/nnet_dense.h:165:19) in function 'nnet::dense_latency<ap_fixed<16, 6, (ap_q_mode)5, (ap_o_mode)3, 0>, ap_fixed<16, 6, (ap_q_mode)5, (ap_o_mode)3, 0>, config6>' completely with a factor of 11
remark: /home/ayvol/accelerator_wrapper/src/nnet_utils/nnet_dense.h:112:0: Unrolling loop 'Product2' (/home/ayvol/accelerator_wrapper/src/nnet_utils/nnet_dense.h:165:19) in function 'nnet::dense_latency<ap_fixed<16, 6, (ap_q_mode)5, (ap_o_mode)3, 0>, ap_fixed<16, 6, (ap_q_mode)5, (ap_o_mode)3, 0>, config6>' completely with a factor of 11
remark: /home/ayvol/accelerator_wrapper/src/nnet_utils/nnet_dense.h:112:0: Unrolling loop 'anonymous' (/home/ayvol/accelerator_wrapper/src/nnet_utils/nnet_dense.h:115:32) in function 'nnet::dense_latency<ap_fixed<16, 6, (ap_q_mode)5, (ap_o_mode)3, 0>, ap_fixed<16, 6, (ap_q_mode)5, (ap_o_mode)3, 0>, config6>' completely with a factor of 11
remark: /home/ayvol/accelerator_wrapper/src/nnet_utils/nnet_dense.h:112:0: Unrolling loop 'anonymous' (/home/ayvol/accelerator_wrapper/src/nnet_utils/nnet_dense.h:114:32) in function 'nnet::dense_latency<ap_fixed<16, 6, (ap_q_mode)5, (ap_o_mode)3, 0>, ap_fixed<16, 6, (ap_q_mode)5, (ap_o_mode)3, 0>, config6>' completely with a factor of 341
remark: /home/ayvol/accelerator_wrapper/src/nnet_utils/nnet_batchnorm.h:54:0: Unrolling loop 'Result' (/home/ayvol/accelerator_wrapper/src/nnet_utils/nnet_batchnorm.h:80:13) in function 'nnet::normalize<ap_fixed<16, 6, (ap_q_mode)5, (ap_o_mode)3, 0>, ap_fixed<16, 6, (ap_q_mode)5, (ap_o_mode)3, 0>, config5>' completely with a factor of 31
remark: /home/ayvol/accelerator_wrapper/src/nnet_utils/nnet_activation.h:72:0: Unrolling loop 'anonymous' (/home/ayvol/accelerator_wrapper/src/nnet_utils/nnet_activation.h:78:5) in function 'nnet::relu<ap_fixed<16, 6, (ap_q_mode)5, (ap_o_mode)3, 0>, ap_fixed<16, 6, (ap_q_mode)5, (ap_o_mode)3, 0>, relu_config4>' completely with a factor of 31
remark: /home/ayvol/accelerator_wrapper/src/nnet_utils/nnet_dense.h:112:0: Unrolling loop 'Result' (/home/ayvol/accelerator_wrapper/src/nnet_utils/nnet_dense.h:195:13) in function 'nnet::dense_latency<ap_fixed<16, 6, (ap_q_mode)5, (ap_o_mode)3, 0>, ap_fixed<16, 6, (ap_q_mode)5, (ap_o_mode)3, 0>, config3>' completely with a factor of 31
remark: /home/ayvol/accelerator_wrapper/src/nnet_utils/nnet_dense.h:112:0: Unrolling loop 'Accum1' (/home/ayvol/accelerator_wrapper/src/nnet_utils/nnet_dense.h:184:13) in function 'nnet::dense_latency<ap_fixed<16, 6, (ap_q_mode)5, (ap_o_mode)3, 0>, ap_fixed<16, 6, (ap_q_mode)5, (ap_o_mode)3, 0>, config3>' completely with a factor of 18
remark: /home/ayvol/accelerator_wrapper/src/nnet_utils/nnet_dense.h:112:0: Unrolling loop 'Accum2' (/home/ayvol/accelerator_wrapper/src/nnet_utils/nnet_dense.h:188:17) in function 'nnet::dense_latency<ap_fixed<16, 6, (ap_q_mode)5, (ap_o_mode)3, 0>, ap_fixed<16, 6, (ap_q_mode)5, (ap_o_mode)3, 0>, config3>' completely with a factor of 31
remark: /home/ayvol/accelerator_wrapper/src/nnet_utils/nnet_dense.h:112:0: Unrolling loop 'Accum2' (/home/ayvol/accelerator_wrapper/src/nnet_utils/nnet_dense.h:188:17) in function 'nnet::dense_latency<ap_fixed<16, 6, (ap_q_mode)5, (ap_o_mode)3, 0>, ap_fixed<16, 6, (ap_q_mode)5, (ap_o_mode)3, 0>, config3>' completely with a factor of 31
remark: /home/ayvol/accelerator_wrapper/src/nnet_utils/nnet_dense.h:112:0: Unrolling loop 'Accum2' (/home/ayvol/accelerator_wrapper/src/nnet_utils/nnet_dense.h:188:17) in function 'nnet::dense_latency<ap_fixed<16, 6, (ap_q_mode)5, (ap_o_mode)3, 0>, ap_fixed<16, 6, (ap_q_mode)5, (ap_o_mode)3, 0>, config3>' completely with a factor of 31
remark: /home/ayvol/accelerator_wrapper/src/nnet_utils/nnet_dense.h:112:0: Unrolling loop 'Accum2' (/home/ayvol/accelerator_wrapper/src/nnet_utils/nnet_dense.h:188:17) in function 'nnet::dense_latency<ap_fixed<16, 6, (ap_q_mode)5, (ap_o_mode)3, 0>, ap_fixed<16, 6, (ap_q_mode)5, (ap_o_mode)3, 0>, config3>' completely with a factor of 31
remark: /home/ayvol/accelerator_wrapper/src/nnet_utils/nnet_dense.h:112:0: Unrolling loop 'Accum2' (/home/ayvol/accelerator_wrapper/src/nnet_utils/nnet_dense.h:188:17) in function 'nnet::dense_latency<ap_fixed<16, 6, (ap_q_mode)5, (ap_o_mode)3, 0>, ap_fixed<16, 6, (ap_q_mode)5, (ap_o_mode)3, 0>, config3>' completely with a factor of 31
remark: /home/ayvol/accelerator_wrapper/src/nnet_utils/nnet_dense.h:112:0: Unrolling loop 'Accum2' (/home/ayvol/accelerator_wrapper/src/nnet_utils/nnet_dense.h:188:17) in function 'nnet::dense_latency<ap_fixed<16, 6, (ap_q_mode)5, (ap_o_mode)3, 0>, ap_fixed<16, 6, (ap_q_mode)5, (ap_o_mode)3, 0>, config3>' completely with a factor of 31
remark: /home/ayvol/accelerator_wrapper/src/nnet_utils/nnet_dense.h:112:0: Unrolling loop 'Accum2' (/home/ayvol/accelerator_wrapper/src/nnet_utils/nnet_dense.h:188:17) in function 'nnet::dense_latency<ap_fixed<16, 6, (ap_q_mode)5, (ap_o_mode)3, 0>, ap_fixed<16, 6, (ap_q_mode)5, (ap_o_mode)3, 0>, config3>' completely with a factor of 31
remark: /home/ayvol/accelerator_wrapper/src/nnet_utils/nnet_dense.h:112:0: Unrolling loop 'Accum2' (/home/ayvol/accelerator_wrapper/src/nnet_utils/nnet_dense.h:188:17) in function 'nnet::dense_latency<ap_fixed<16, 6, (ap_q_mode)5, (ap_o_mode)3, 0>, ap_fixed<16, 6, (ap_q_mode)5, (ap_o_mode)3, 0>, config3>' completely with a factor of 31
remark: /home/ayvol/accelerator_wrapper/src/nnet_utils/nnet_dense.h:112:0: Unrolling loop 'Accum2' (/home/ayvol/accelerator_wrapper/src/nnet_utils/nnet_dense.h:188:17) in function 'nnet::dense_latency<ap_fixed<16, 6, (ap_q_mode)5, (ap_o_mode)3, 0>, ap_fixed<16, 6, (ap_q_mode)5, (ap_o_mode)3, 0>, config3>' completely with a factor of 31
remark: /home/ayvol/accelerator_wrapper/src/nnet_utils/nnet_dense.h:112:0: Unrolling loop 'Accum2' (/home/ayvol/accelerator_wrapper/src/nnet_utils/nnet_dense.h:188:17) in function 'nnet::dense_latency<ap_fixed<16, 6, (ap_q_mode)5, (ap_o_mode)3, 0>, ap_fixed<16, 6, (ap_q_mode)5, (ap_o_mode)3, 0>, config3>' completely with a factor of 31
remark: /home/ayvol/accelerator_wrapper/src/nnet_utils/nnet_dense.h:112:0: Unrolling loop 'Accum2' (/home/ayvol/accelerator_wrapper/src/nnet_utils/nnet_dense.h:188:17) in function 'nnet::dense_latency<ap_fixed<16, 6, (ap_q_mode)5, (ap_o_mode)3, 0>, ap_fixed<16, 6, (ap_q_mode)5, (ap_o_mode)3, 0>, config3>' completely with a factor of 31
remark: /home/ayvol/accelerator_wrapper/src/nnet_utils/nnet_dense.h:112:0: Unrolling loop 'Accum2' (/home/ayvol/accelerator_wrapper/src/nnet_utils/nnet_dense.h:188:17) in function 'nnet::dense_latency<ap_fixed<16, 6, (ap_q_mode)5, (ap_o_mode)3, 0>, ap_fixed<16, 6, (ap_q_mode)5, (ap_o_mode)3, 0>, config3>' completely with a factor of 31
remark: /home/ayvol/accelerator_wrapper/src/nnet_utils/nnet_dense.h:112:0: Unrolling loop 'Accum2' (/home/ayvol/accelerator_wrapper/src/nnet_utils/nnet_dense.h:188:17) in function 'nnet::dense_latency<ap_fixed<16, 6, (ap_q_mode)5, (ap_o_mode)3, 0>, ap_fixed<16, 6, (ap_q_mode)5, (ap_o_mode)3, 0>, config3>' completely with a factor of 31
remark: /home/ayvol/accelerator_wrapper/src/nnet_utils/nnet_dense.h:112:0: Unrolling loop 'Accum2' (/home/ayvol/accelerator_wrapper/src/nnet_utils/nnet_dense.h:188:17) in function 'nnet::dense_latency<ap_fixed<16, 6, (ap_q_mode)5, (ap_o_mode)3, 0>, ap_fixed<16, 6, (ap_q_mode)5, (ap_o_mode)3, 0>, config3>' completely with a factor of 31
remark: /home/ayvol/accelerator_wrapper/src/nnet_utils/nnet_dense.h:112:0: Unrolling loop 'Accum2' (/home/ayvol/accelerator_wrapper/src/nnet_utils/nnet_dense.h:188:17) in function 'nnet::dense_latency<ap_fixed<16, 6, (ap_q_mode)5, (ap_o_mode)3, 0>, ap_fixed<16, 6, (ap_q_mode)5, (ap_o_mode)3, 0>, config3>' completely with a factor of 31
remark: /home/ayvol/accelerator_wrapper/src/nnet_utils/nnet_dense.h:112:0: Unrolling loop 'Accum2' (/home/ayvol/accelerator_wrapper/src/nnet_utils/nnet_dense.h:188:17) in function 'nnet::dense_latency<ap_fixed<16, 6, (ap_q_mode)5, (ap_o_mode)3, 0>, ap_fixed<16, 6, (ap_q_mode)5, (ap_o_mode)3, 0>, config3>' completely with a factor of 31
remark: /home/ayvol/accelerator_wrapper/src/nnet_utils/nnet_dense.h:112:0: Unrolling loop 'Accum2' (/home/ayvol/accelerator_wrapper/src/nnet_utils/nnet_dense.h:188:17) in function 'nnet::dense_latency<ap_fixed<16, 6, (ap_q_mode)5, (ap_o_mode)3, 0>, ap_fixed<16, 6, (ap_q_mode)5, (ap_o_mode)3, 0>, config3>' completely with a factor of 31
remark: /home/ayvol/accelerator_wrapper/src/nnet_utils/nnet_dense.h:112:0: Unrolling loop 'Accum2' (/home/ayvol/accelerator_wrapper/src/nnet_utils/nnet_dense.h:188:17) in function 'nnet::dense_latency<ap_fixed<16, 6, (ap_q_mode)5, (ap_o_mode)3, 0>, ap_fixed<16, 6, (ap_q_mode)5, (ap_o_mode)3, 0>, config3>' completely with a factor of 31
remark: /home/ayvol/accelerator_wrapper/src/nnet_utils/nnet_dense.h:112:0: Unrolling loop 'ResetAccum' (/home/ayvol/accelerator_wrapper/src/nnet_utils/nnet_dense.h:176:17) in function 'nnet::dense_latency<ap_fixed<16, 6, (ap_q_mode)5, (ap_o_mode)3, 0>, ap_fixed<16, 6, (ap_q_mode)5, (ap_o_mode)3, 0>, config3>' completely with a factor of 31
remark: /home/ayvol/accelerator_wrapper/src/nnet_utils/nnet_dense.h:112:0: Unrolling loop 'Product1' (/home/ayvol/accelerator_wrapper/src/nnet_utils/nnet_dense.h:160:15) in function 'nnet::dense_latency<ap_fixed<16, 6, (ap_q_mode)5, (ap_o_mode)3, 0>, ap_fixed<16, 6, (ap_q_mode)5, (ap_o_mode)3, 0>, config3>' completely with a factor of 18
remark: /home/ayvol/accelerator_wrapper/src/nnet_utils/nnet_dense.h:112:0: Unrolling loop 'Product2' (/home/ayvol/accelerator_wrapper/src/nnet_utils/nnet_dense.h:165:19) in function 'nnet::dense_latency<ap_fixed<16, 6, (ap_q_mode)5, (ap_o_mode)3, 0>, ap_fixed<16, 6, (ap_q_mode)5, (ap_o_mode)3, 0>, config3>' completely with a factor of 31
remark: /home/ayvol/accelerator_wrapper/src/nnet_utils/nnet_dense.h:112:0: Unrolling loop 'Product2' (/home/ayvol/accelerator_wrapper/src/nnet_utils/nnet_dense.h:165:19) in function 'nnet::dense_latency<ap_fixed<16, 6, (ap_q_mode)5, (ap_o_mode)3, 0>, ap_fixed<16, 6, (ap_q_mode)5, (ap_o_mode)3, 0>, config3>' completely with a factor of 31
remark: /home/ayvol/accelerator_wrapper/src/nnet_utils/nnet_dense.h:112:0: Unrolling loop 'Product2' (/home/ayvol/accelerator_wrapper/src/nnet_utils/nnet_dense.h:165:19) in function 'nnet::dense_latency<ap_fixed<16, 6, (ap_q_mode)5, (ap_o_mode)3, 0>, ap_fixed<16, 6, (ap_q_mode)5, (ap_o_mode)3, 0>, config3>' completely with a factor of 31
remark: /home/ayvol/accelerator_wrapper/src/nnet_utils/nnet_dense.h:112:0: Unrolling loop 'Product2' (/home/ayvol/accelerator_wrapper/src/nnet_utils/nnet_dense.h:165:19) in function 'nnet::dense_latency<ap_fixed<16, 6, (ap_q_mode)5, (ap_o_mode)3, 0>, ap_fixed<16, 6, (ap_q_mode)5, (ap_o_mode)3, 0>, config3>' completely with a factor of 31
remark: /home/ayvol/accelerator_wrapper/src/nnet_utils/nnet_dense.h:112:0: Unrolling loop 'Product2' (/home/ayvol/accelerator_wrapper/src/nnet_utils/nnet_dense.h:165:19) in function 'nnet::dense_latency<ap_fixed<16, 6, (ap_q_mode)5, (ap_o_mode)3, 0>, ap_fixed<16, 6, (ap_q_mode)5, (ap_o_mode)3, 0>, config3>' completely with a factor of 31
remark: /home/ayvol/accelerator_wrapper/src/nnet_utils/nnet_dense.h:112:0: Unrolling loop 'Product2' (/home/ayvol/accelerator_wrapper/src/nnet_utils/nnet_dense.h:165:19) in function 'nnet::dense_latency<ap_fixed<16, 6, (ap_q_mode)5, (ap_o_mode)3, 0>, ap_fixed<16, 6, (ap_q_mode)5, (ap_o_mode)3, 0>, config3>' completely with a factor of 31
remark: /home/ayvol/accelerator_wrapper/src/nnet_utils/nnet_dense.h:112:0: Unrolling loop 'Product2' (/home/ayvol/accelerator_wrapper/src/nnet_utils/nnet_dense.h:165:19) in function 'nnet::dense_latency<ap_fixed<16, 6, (ap_q_mode)5, (ap_o_mode)3, 0>, ap_fixed<16, 6, (ap_q_mode)5, (ap_o_mode)3, 0>, config3>' completely with a factor of 31
remark: /home/ayvol/accelerator_wrapper/src/nnet_utils/nnet_dense.h:112:0: Unrolling loop 'Product2' (/home/ayvol/accelerator_wrapper/src/nnet_utils/nnet_dense.h:165:19) in function 'nnet::dense_latency<ap_fixed<16, 6, (ap_q_mode)5, (ap_o_mode)3, 0>, ap_fixed<16, 6, (ap_q_mode)5, (ap_o_mode)3, 0>, config3>' completely with a factor of 31
remark: /home/ayvol/accelerator_wrapper/src/nnet_utils/nnet_dense.h:112:0: Unrolling loop 'Product2' (/home/ayvol/accelerator_wrapper/src/nnet_utils/nnet_dense.h:165:19) in function 'nnet::dense_latency<ap_fixed<16, 6, (ap_q_mode)5, (ap_o_mode)3, 0>, ap_fixed<16, 6, (ap_q_mode)5, (ap_o_mode)3, 0>, config3>' completely with a factor of 31
remark: /home/ayvol/accelerator_wrapper/src/nnet_utils/nnet_dense.h:112:0: Unrolling loop 'Product2' (/home/ayvol/accelerator_wrapper/src/nnet_utils/nnet_dense.h:165:19) in function 'nnet::dense_latency<ap_fixed<16, 6, (ap_q_mode)5, (ap_o_mode)3, 0>, ap_fixed<16, 6, (ap_q_mode)5, (ap_o_mode)3, 0>, config3>' completely with a factor of 31
remark: /home/ayvol/accelerator_wrapper/src/nnet_utils/nnet_dense.h:112:0: Unrolling loop 'Product2' (/home/ayvol/accelerator_wrapper/src/nnet_utils/nnet_dense.h:165:19) in function 'nnet::dense_latency<ap_fixed<16, 6, (ap_q_mode)5, (ap_o_mode)3, 0>, ap_fixed<16, 6, (ap_q_mode)5, (ap_o_mode)3, 0>, config3>' completely with a factor of 31
remark: /home/ayvol/accelerator_wrapper/src/nnet_utils/nnet_dense.h:112:0: Unrolling loop 'Product2' (/home/ayvol/accelerator_wrapper/src/nnet_utils/nnet_dense.h:165:19) in function 'nnet::dense_latency<ap_fixed<16, 6, (ap_q_mode)5, (ap_o_mode)3, 0>, ap_fixed<16, 6, (ap_q_mode)5, (ap_o_mode)3, 0>, config3>' completely with a factor of 31
remark: /home/ayvol/accelerator_wrapper/src/nnet_utils/nnet_dense.h:112:0: Unrolling loop 'Product2' (/home/ayvol/accelerator_wrapper/src/nnet_utils/nnet_dense.h:165:19) in function 'nnet::dense_latency<ap_fixed<16, 6, (ap_q_mode)5, (ap_o_mode)3, 0>, ap_fixed<16, 6, (ap_q_mode)5, (ap_o_mode)3, 0>, config3>' completely with a factor of 31
remark: /home/ayvol/accelerator_wrapper/src/nnet_utils/nnet_dense.h:112:0: Unrolling loop 'Product2' (/home/ayvol/accelerator_wrapper/src/nnet_utils/nnet_dense.h:165:19) in function 'nnet::dense_latency<ap_fixed<16, 6, (ap_q_mode)5, (ap_o_mode)3, 0>, ap_fixed<16, 6, (ap_q_mode)5, (ap_o_mode)3, 0>, config3>' completely with a factor of 31
remark: /home/ayvol/accelerator_wrapper/src/nnet_utils/nnet_dense.h:112:0: Unrolling loop 'Product2' (/home/ayvol/accelerator_wrapper/src/nnet_utils/nnet_dense.h:165:19) in function 'nnet::dense_latency<ap_fixed<16, 6, (ap_q_mode)5, (ap_o_mode)3, 0>, ap_fixed<16, 6, (ap_q_mode)5, (ap_o_mode)3, 0>, config3>' completely with a factor of 31
remark: /home/ayvol/accelerator_wrapper/src/nnet_utils/nnet_dense.h:112:0: Unrolling loop 'Product2' (/home/ayvol/accelerator_wrapper/src/nnet_utils/nnet_dense.h:165:19) in function 'nnet::dense_latency<ap_fixed<16, 6, (ap_q_mode)5, (ap_o_mode)3, 0>, ap_fixed<16, 6, (ap_q_mode)5, (ap_o_mode)3, 0>, config3>' completely with a factor of 31
remark: /home/ayvol/accelerator_wrapper/src/nnet_utils/nnet_dense.h:112:0: Unrolling loop 'Product2' (/home/ayvol/accelerator_wrapper/src/nnet_utils/nnet_dense.h:165:19) in function 'nnet::dense_latency<ap_fixed<16, 6, (ap_q_mode)5, (ap_o_mode)3, 0>, ap_fixed<16, 6, (ap_q_mode)5, (ap_o_mode)3, 0>, config3>' completely with a factor of 31
remark: /home/ayvol/accelerator_wrapper/src/nnet_utils/nnet_dense.h:112:0: Unrolling loop 'Product2' (/home/ayvol/accelerator_wrapper/src/nnet_utils/nnet_dense.h:165:19) in function 'nnet::dense_latency<ap_fixed<16, 6, (ap_q_mode)5, (ap_o_mode)3, 0>, ap_fixed<16, 6, (ap_q_mode)5, (ap_o_mode)3, 0>, config3>' completely with a factor of 31
remark: /home/ayvol/accelerator_wrapper/src/nnet_utils/nnet_dense.h:112:0: Unrolling loop 'anonymous' (/home/ayvol/accelerator_wrapper/src/nnet_utils/nnet_dense.h:115:32) in function 'nnet::dense_latency<ap_fixed<16, 6, (ap_q_mode)5, (ap_o_mode)3, 0>, ap_fixed<16, 6, (ap_q_mode)5, (ap_o_mode)3, 0>, config3>' completely with a factor of 31
remark: /home/ayvol/accelerator_wrapper/src/nnet_utils/nnet_dense.h:112:0: Unrolling loop 'anonymous' (/home/ayvol/accelerator_wrapper/src/nnet_utils/nnet_dense.h:114:32) in function 'nnet::dense_latency<ap_fixed<16, 6, (ap_q_mode)5, (ap_o_mode)3, 0>, ap_fixed<16, 6, (ap_q_mode)5, (ap_o_mode)3, 0>, config3>' completely with a factor of 558
remark: /home/ayvol/accelerator_wrapper/src/nnet_utils/nnet_batchnorm.h:54:0: Unrolling loop 'Result' (/home/ayvol/accelerator_wrapper/src/nnet_utils/nnet_batchnorm.h:80:13) in function 'nnet::normalize<ap_fixed<16, 6, (ap_q_mode)5, (ap_o_mode)3, 0>, ap_fixed<16, 6, (ap_q_mode)5, (ap_o_mode)3, 0>, config2>' completely with a factor of 18
remark: /home/ayvol/accelerator_wrapper/src/nnet_utils/nnet_dense.h:112:0: Inlining function 'std::enable_if<!(std::is_same<ap_fixed<16, 6, (ap_q_mode)5, (ap_o_mode)3, 0>, ap_uint<1> >::value), ap_fixed<16, 6, (ap_q_mode)5, (ap_o_mode)3, 0> >::type nnet::cast<ap_fixed<16, 6, (ap_q_mode)5, (ap_o_mode)3, 0>, ap_fixed<16, 6, (ap_q_mode)5, (ap_o_mode)3, 0>, config3>(config3::accum_t)' into 'void nnet::dense_latency<ap_fixed<16, 6, (ap_q_mode)5, (ap_o_mode)3, 0>, ap_fixed<16, 6, (ap_q_mode)5, (ap_o_mode)3, 0>, config3>(ap_fixed<16, 6, (ap_q_mode)5, (ap_o_mode)3, 0>*, ap_fixed<16, 6, (ap_q_mode)5, (ap_o_mode)3, 0>*, config3::weight_t*, config3::bias_t*)'
remark: /home/ayvol/accelerator_wrapper/src/nnet_utils/nnet_dense.h:112:0: Inlining function 'std::enable_if<!(std::is_same<ap_fixed<16, 6, (ap_q_mode)5, (ap_o_mode)3, 0>, ap_uint<1> >::value), ap_fixed<16, 6, (ap_q_mode)5, (ap_o_mode)3, 0> >::type nnet::cast<ap_fixed<16, 6, (ap_q_mode)5, (ap_o_mode)3, 0>, ap_fixed<16, 6, (ap_q_mode)5, (ap_o_mode)3, 0>, config6>(config6::accum_t)' into 'void nnet::dense_latency<ap_fixed<16, 6, (ap_q_mode)5, (ap_o_mode)3, 0>, ap_fixed<16, 6, (ap_q_mode)5, (ap_o_mode)3, 0>, config6>(ap_fixed<16, 6, (ap_q_mode)5, (ap_o_mode)3, 0>*, ap_fixed<16, 6, (ap_q_mode)5, (ap_o_mode)3, 0>*, config6::weight_t*, config6::bias_t*)'
remark: /home/ayvol/accelerator_wrapper/src/nnet_utils/nnet_dense.h:112:0: Inlining function 'std::enable_if<!(std::is_same<ap_fixed<16, 6, (ap_q_mode)5, (ap_o_mode)3, 0>, ap_uint<1> >::value), ap_fixed<16, 6, (ap_q_mode)5, (ap_o_mode)3, 0> >::type nnet::cast<ap_fixed<16, 6, (ap_q_mode)5, (ap_o_mode)3, 0>, ap_fixed<16, 6, (ap_q_mode)5, (ap_o_mode)3, 0>, config9>(config9::accum_t)' into 'void nnet::dense_latency<ap_fixed<16, 6, (ap_q_mode)5, (ap_o_mode)3, 0>, ap_fixed<16, 6, (ap_q_mode)5, (ap_o_mode)3, 0>, config9>(ap_fixed<16, 6, (ap_q_mode)5, (ap_o_mode)3, 0>*, ap_fixed<16, 6, (ap_q_mode)5, (ap_o_mode)3, 0>*, config9::weight_t*, config9::bias_t*)'
remark: /home/ayvol/accelerator_wrapper/src/nnet_utils/nnet_dense.h:112:0: Inlining function 'std::enable_if<!(std::is_same<ap_fixed<16, 6, (ap_q_mode)5, (ap_o_mode)3, 0>, ap_uint<1> >::value), ap_fixed<16, 6, (ap_q_mode)5, (ap_o_mode)3, 0> >::type nnet::cast<ap_fixed<16, 6, (ap_q_mode)5, (ap_o_mode)3, 0>, ap_fixed<16, 6, (ap_q_mode)5, (ap_o_mode)3, 0>, config11>(config11::accum_t)' into 'void nnet::dense_latency<ap_fixed<16, 6, (ap_q_mode)5, (ap_o_mode)3, 0>, ap_fixed<16, 6, (ap_q_mode)5, (ap_o_mode)3, 0>, config11>(ap_fixed<16, 6, (ap_q_mode)5, (ap_o_mode)3, 0>*, ap_fixed<16, 6, (ap_q_mode)5, (ap_o_mode)3, 0>*, config11::weight_t*, config11::bias_t*)'
remark: /home/ayvol/accelerator_wrapper/src/ereg_v1.cpp:44:0: Inlining function 'void nnet::relu<ap_fixed<16, 6, (ap_q_mode)5, (ap_o_mode)3, 0>, ap_fixed<16, 6, (ap_q_mode)5, (ap_o_mode)3, 0>, relu_config10>(ap_fixed<16, 6, (ap_q_mode)5, (ap_o_mode)3, 0>*, ap_fixed<16, 6, (ap_q_mode)5, (ap_o_mode)3, 0>*)' into 'ereg_v1(ap_fixed<16, 6, (ap_q_mode)5, (ap_o_mode)3, 0>*, ap_fixed<16, 6, (ap_q_mode)5, (ap_o_mode)3, 0>*)'
