In file included from /home/ayvol/accelerator_wrapper/src/alveo_hls4ml.cpp:1:
In file included from /home/ayvol/accelerator_wrapper/src/alveo_hls4ml.h:39:
In file included from /home/ayvol/accelerator_wrapper/src/parameters.h:5:
In file included from /tools/Xilinx/Vitis_HLS/2022.2/common/technology/autopilot/ap_int.h:12:
/tools/Xilinx/Vitis_HLS/2022.2/common/technology/autopilot/ap_int_ref.h:678:9: warning: HLS pragma dump _XLX_SEP_ PragmaIsValid=1_XLX_SEP_ PragmaType=unroll_XLX_SEP_ PragmaContext=_XLX_SEP_ PragmaFunction=and_reduce_XLX_SEP_ PragmaOptions=_XLX_SEP_ [-Wdump-hls-pragmas]
#pragma HLS unroll
        ^
/tools/Xilinx/Vitis_HLS/2022.2/common/technology/autopilot/ap_int_ref.h:692:9: warning: HLS pragma dump _XLX_SEP_ PragmaIsValid=1_XLX_SEP_ PragmaType=unroll_XLX_SEP_ PragmaContext=_XLX_SEP_ PragmaFunction=or_reduce_XLX_SEP_ PragmaOptions=_XLX_SEP_ [-Wdump-hls-pragmas]
#pragma HLS unroll
        ^
/tools/Xilinx/Vitis_HLS/2022.2/common/technology/autopilot/ap_int_ref.h:706:9: warning: HLS pragma dump _XLX_SEP_ PragmaIsValid=1_XLX_SEP_ PragmaType=unroll_XLX_SEP_ PragmaContext=_XLX_SEP_ PragmaFunction=xor_reduce_XLX_SEP_ PragmaOptions=_XLX_SEP_ [-Wdump-hls-pragmas]
#pragma HLS unroll
        ^
In file included from /home/ayvol/accelerator_wrapper/src/alveo_hls4ml.cpp:1:
In file included from /home/ayvol/accelerator_wrapper/src/alveo_hls4ml.h:39:
In file included from /home/ayvol/accelerator_wrapper/src/parameters.h:7:
/home/ayvol/accelerator_wrapper/src/nnet_utils/nnet_dense.h:60:9: warning: HLS pragma dump _XLX_SEP_ PragmaIsValid=1_XLX_SEP_ PragmaType=inline_XLX_SEP_ PragmaContext=_XLX_SEP_ PragmaFunction=product_XLX_SEP_ PragmaOptions=off_XLX_SEP_ [-Wdump-hls-pragmas]
#pragma HLS inline off
        ^
/home/ayvol/accelerator_wrapper/src/nnet_utils/nnet_dense.h:69:9: warning: HLS pragma dump _XLX_SEP_ PragmaIsValid=1_XLX_SEP_ PragmaType=inline_XLX_SEP_ PragmaContext=_XLX_SEP_ PragmaFunction=product_XLX_SEP_ PragmaOptions=off_XLX_SEP_ [-Wdump-hls-pragmas]
#pragma HLS inline off
        ^
/home/ayvol/accelerator_wrapper/src/nnet_utils/nnet_dense.h:78:9: warning: HLS pragma dump _XLX_SEP_ PragmaIsValid=1_XLX_SEP_ PragmaType=inline_XLX_SEP_ PragmaContext=_XLX_SEP_ PragmaFunction=product_XLX_SEP_ PragmaOptions=off_XLX_SEP_ [-Wdump-hls-pragmas]
#pragma HLS inline off
        ^
/home/ayvol/accelerator_wrapper/src/nnet_utils/nnet_dense.h:89:9: warning: HLS pragma dump _XLX_SEP_ PragmaIsValid=1_XLX_SEP_ PragmaType=inline_XLX_SEP_ PragmaContext=_XLX_SEP_ PragmaFunction=product_XLX_SEP_ PragmaOptions=off_XLX_SEP_ [-Wdump-hls-pragmas]
#pragma HLS inline off
        ^
/home/ayvol/accelerator_wrapper/src/nnet_utils/nnet_dense.h:118:9: warning: HLS pragma dump _XLX_SEP_ PragmaIsValid=1_XLX_SEP_ PragmaType=function_instantiate_XLX_SEP_ PragmaContext=_XLX_SEP_ PragmaFunction=dense_latency_XLX_SEP_ PragmaOptions=variable=weights,biases_XLX_SEP_ [-Wdump-hls-pragmas]
#pragma HLS function_instantiate variable=weights,biases
        ^
/home/ayvol/accelerator_wrapper/src/nnet_utils/nnet_dense.h:124:9: warning: HLS pragma dump _XLX_SEP_ PragmaIsValid=1_XLX_SEP_ PragmaType=pipeline_XLX_SEP_ PragmaContext=_XLX_SEP_ PragmaFunction=dense_latency_XLX_SEP_ PragmaOptions=II=CONFIG_T::reuse_factor_XLX_SEP_ [-Wdump-hls-pragmas]
#pragma HLS PIPELINE II=CONFIG_T::reuse_factor
        ^
/home/ayvol/accelerator_wrapper/src/nnet_utils/nnet_dense.h:127:9: warning: HLS pragma dump _XLX_SEP_ PragmaIsValid=1_XLX_SEP_ PragmaType=array_partition_XLX_SEP_ PragmaContext=_XLX_SEP_ PragmaFunction=dense_latency_XLX_SEP_ PragmaOptions=variable=biases complete_XLX_SEP_ [-Wdump-hls-pragmas]
#pragma HLS ARRAY_PARTITION variable=biases complete
        ^
/home/ayvol/accelerator_wrapper/src/nnet_utils/nnet_dense.h:128:9: warning: HLS pragma dump _XLX_SEP_ PragmaIsValid=1_XLX_SEP_ PragmaType=array_partition_XLX_SEP_ PragmaContext=_XLX_SEP_ PragmaFunction=dense_latency_XLX_SEP_ PragmaOptions=variable=mult complete_XLX_SEP_ [-Wdump-hls-pragmas]
#pragma HLS ARRAY_PARTITION variable=mult complete
        ^
/home/ayvol/accelerator_wrapper/src/nnet_utils/nnet_dense.h:129:9: warning: HLS pragma dump _XLX_SEP_ PragmaIsValid=1_XLX_SEP_ PragmaType=array_partition_XLX_SEP_ PragmaContext=_XLX_SEP_ PragmaFunction=dense_latency_XLX_SEP_ PragmaOptions=variable=acc complete_XLX_SEP_ [-Wdump-hls-pragmas]
#pragma HLS ARRAY_PARTITION variable=acc complete
        ^
/home/ayvol/accelerator_wrapper/src/nnet_utils/nnet_dense.h:132:34: warning: unexpected pragma argument 'product', expects function/operation [-Winvalid-hls-pragmas]
#pragma HLS ALLOCATION instances=product limit=multiplier_limit function
                                 ^
/home/ayvol/accelerator_wrapper/src/nnet_utils/nnet_dense.h:132:9: warning: HLS pragma dump _XLX_SEP_ PragmaIsValid=0_XLX_SEP_ PragmaType=allocation_XLX_SEP_ PragmaContext=_XLX_SEP_ PragmaFunction=dense_latency_XLX_SEP_ PragmaOptions=instances=product_XLX_SEP_ [-Wdump-hls-pragmas]
#pragma HLS ALLOCATION instances=product limit=multiplier_limit function
        ^
/home/ayvol/accelerator_wrapper/src/nnet_utils/nnet_dense.h:148:9: warning: HLS pragma dump _XLX_SEP_ PragmaIsValid=1_XLX_SEP_ PragmaType=array_partition_XLX_SEP_ PragmaContext=_XLX_SEP_ PragmaFunction=dense_latency_XLX_SEP_ PragmaOptions=variable=weights cyclic factor=cycle_factor_XLX_SEP_ [-Wdump-hls-pragmas]
#pragma HLS ARRAY_PARTITION variable=weights cyclic factor=cycle_factor
        ^
/home/ayvol/accelerator_wrapper/src/nnet_utils/nnet_dense.h:149:9: warning: HLS pragma dump _XLX_SEP_ PragmaIsValid=1_XLX_SEP_ PragmaType=array_partition_XLX_SEP_ PragmaContext=_XLX_SEP_ PragmaFunction=dense_latency_XLX_SEP_ PragmaOptions=variable=mult cyclic factor=cycle_factor_XLX_SEP_ [-Wdump-hls-pragmas]
#pragma HLS ARRAY_PARTITION variable=mult cyclic factor=cycle_factor
        ^
/home/ayvol/accelerator_wrapper/src/nnet_utils/nnet_dense.h:150:9: warning: HLS pragma dump _XLX_SEP_ PragmaIsValid=1_XLX_SEP_ PragmaType=array_partition_XLX_SEP_ PragmaContext=_XLX_SEP_ PragmaFunction=dense_latency_XLX_SEP_ PragmaOptions=variable=acc complete_XLX_SEP_ [-Wdump-hls-pragmas]
#pragma HLS ARRAY_PARTITION variable=acc complete
        ^
/home/ayvol/accelerator_wrapper/src/nnet_utils/nnet_dense.h:151:9: warning: HLS pragma dump _XLX_SEP_ PragmaIsValid=1_XLX_SEP_ PragmaType=dataflow_XLX_SEP_ PragmaContext=_XLX_SEP_ PragmaFunction=dense_latency_XLX_SEP_ PragmaOptions=_XLX_SEP_ [-Wdump-hls-pragmas]
#pragma HLS DATAFLOW
        ^
/home/ayvol/accelerator_wrapper/src/nnet_utils/nnet_dense.h:152:9: warning: HLS pragma dump _XLX_SEP_ PragmaIsValid=1_XLX_SEP_ PragmaType=stream_XLX_SEP_ PragmaContext=_XLX_SEP_ PragmaFunction=dense_latency_XLX_SEP_ PragmaOptions=variable=mult depth=1_XLX_SEP_ [-Wdump-hls-pragmas]
#pragma HLS STREAM variable=mult depth=1
        ^
/home/ayvol/accelerator_wrapper/src/nnet_utils/nnet_dense.h:153:9: warning: HLS pragma dump _XLX_SEP_ PragmaIsValid=1_XLX_SEP_ PragmaType=stream_XLX_SEP_ PragmaContext=_XLX_SEP_ PragmaFunction=dense_latency_XLX_SEP_ PragmaOptions=variable=acc depth=1_XLX_SEP_ [-Wdump-hls-pragmas]
#pragma HLS STREAM variable=acc depth=1
        ^
/home/ayvol/accelerator_wrapper/src/nnet_utils/nnet_dense.h:155:9: warning: 'Resource pragma' is deprecated, use 'bind_op/bind_storage pragma' instead [-Wignored-hls-pragmas]
#pragma HLS RESOURCE variable=weights core=ROM_2P_BRAM
        ^
/home/ayvol/accelerator_wrapper/src/nnet_utils/nnet_dense.h:155:9: warning: HLS pragma dump _XLX_SEP_ PragmaIsValid=1_XLX_SEP_ PragmaType=resource_XLX_SEP_ PragmaContext=_XLX_SEP_ PragmaFunction=dense_latency_XLX_SEP_ PragmaOptions=variable=weights core=ROM_2P_BRAM_XLX_SEP_ [-Wdump-hls-pragmas]
/home/ayvol/accelerator_wrapper/src/nnet_utils/nnet_dense.h:162:9: warning: HLS pragma dump _XLX_SEP_ PragmaIsValid=1_XLX_SEP_ PragmaType=pipeline_XLX_SEP_ PragmaContext=_XLX_SEP_ PragmaFunction=dense_latency_XLX_SEP_ PragmaOptions=_XLX_SEP_ [-Wdump-hls-pragmas]
#pragma HLS PIPELINE
        ^
/home/ayvol/accelerator_wrapper/src/nnet_utils/nnet_dense.h:168:34: warning: unexpected pragma argument 'product', expects function/operation [-Winvalid-hls-pragmas]
#pragma HLS ALLOCATION instances=product limit=multiplier_limit function
                                 ^
/home/ayvol/accelerator_wrapper/src/nnet_utils/nnet_dense.h:168:9: warning: HLS pragma dump _XLX_SEP_ PragmaIsValid=0_XLX_SEP_ PragmaType=allocation_XLX_SEP_ PragmaContext=_XLX_SEP_ PragmaFunction=dense_latency_XLX_SEP_ PragmaOptions=instances=product_XLX_SEP_ [-Wdump-hls-pragmas]
#pragma HLS ALLOCATION instances=product limit=multiplier_limit function
        ^
/home/ayvol/accelerator_wrapper/src/nnet_utils/nnet_dense.h:178:9: warning: HLS pragma dump _XLX_SEP_ PragmaIsValid=1_XLX_SEP_ PragmaType=unroll_XLX_SEP_ PragmaContext=_XLX_SEP_ PragmaFunction=dense_latency_XLX_SEP_ PragmaOptions=_XLX_SEP_ [-Wdump-hls-pragmas]
#pragma HLS UNROLL
        ^
/home/ayvol/accelerator_wrapper/src/nnet_utils/nnet_dense.h:186:9: warning: HLS pragma dump _XLX_SEP_ PragmaIsValid=1_XLX_SEP_ PragmaType=pipeline_XLX_SEP_ PragmaContext=_XLX_SEP_ PragmaFunction=dense_latency_XLX_SEP_ PragmaOptions=_XLX_SEP_ [-Wdump-hls-pragmas]
#pragma HLS PIPELINE
        ^
/home/ayvol/accelerator_wrapper/src/nnet_utils/nnet_dense.h:197:9: warning: HLS pragma dump _XLX_SEP_ PragmaIsValid=1_XLX_SEP_ PragmaType=unroll_XLX_SEP_ PragmaContext=_XLX_SEP_ PragmaFunction=dense_latency_XLX_SEP_ PragmaOptions=_XLX_SEP_ [-Wdump-hls-pragmas]
#pragma HLS UNROLL
        ^
In file included from /home/ayvol/accelerator_wrapper/src/alveo_hls4ml.cpp:1:
In file included from /home/ayvol/accelerator_wrapper/src/alveo_hls4ml.h:39:
In file included from /home/ayvol/accelerator_wrapper/src/parameters.h:8:
/home/ayvol/accelerator_wrapper/src/nnet_utils/nnet_dense_large.h:49:9: warning: HLS pragma dump _XLX_SEP_ PragmaIsValid=1_XLX_SEP_ PragmaType=function_instantiate_XLX_SEP_ PragmaContext=_XLX_SEP_ PragmaFunction=dense_large_rf_leq_nin_XLX_SEP_ PragmaOptions=variable=weights,biases_XLX_SEP_ [-Wdump-hls-pragmas]
#pragma HLS function_instantiate variable=weights,biases
        ^
/home/ayvol/accelerator_wrapper/src/nnet_utils/nnet_dense_large.h:51:9: warning: HLS pragma dump _XLX_SEP_ PragmaIsValid=1_XLX_SEP_ PragmaType=array_reshape_XLX_SEP_ PragmaContext=_XLX_SEP_ PragmaFunction=dense_large_rf_leq_nin_XLX_SEP_ PragmaOptions=variable=weights block factor=block_factor_XLX_SEP_ [-Wdump-hls-pragmas]
#pragma HLS ARRAY_RESHAPE variable=weights block factor=block_factor
        ^
/home/ayvol/accelerator_wrapper/src/nnet_utils/nnet_dense_large.h:52:9: warning: HLS pragma dump _XLX_SEP_ PragmaIsValid=1_XLX_SEP_ PragmaType=array_partition_XLX_SEP_ PragmaContext=_XLX_SEP_ PragmaFunction=dense_large_rf_leq_nin_XLX_SEP_ PragmaOptions=variable=biases complete_XLX_SEP_ [-Wdump-hls-pragmas]
#pragma HLS ARRAY_PARTITION variable=biases complete
        ^
/home/ayvol/accelerator_wrapper/src/nnet_utils/nnet_dense_large.h:55:9: warning: HLS pragma dump _XLX_SEP_ PragmaIsValid=1_XLX_SEP_ PragmaType=array_partition_XLX_SEP_ PragmaContext=_XLX_SEP_ PragmaFunction=dense_large_rf_leq_nin_XLX_SEP_ PragmaOptions=variable=acc complete_XLX_SEP_ [-Wdump-hls-pragmas]
#pragma HLS ARRAY_PARTITION variable=acc complete
        ^
/home/ayvol/accelerator_wrapper/src/nnet_utils/nnet_dense_large.h:59:9: warning: HLS pragma dump _XLX_SEP_ PragmaIsValid=1_XLX_SEP_ PragmaType=unroll_XLX_SEP_ PragmaContext=_XLX_SEP_ PragmaFunction=dense_large_rf_leq_nin_XLX_SEP_ PragmaOptions=_XLX_SEP_ [-Wdump-hls-pragmas]
#pragma HLS UNROLL
        ^
/home/ayvol/accelerator_wrapper/src/nnet_utils/nnet_dense_large.h:65:9: warning: HLS pragma dump _XLX_SEP_ PragmaIsValid=1_XLX_SEP_ PragmaType=pipeline_XLX_SEP_ PragmaContext=_XLX_SEP_ PragmaFunction=dense_large_rf_leq_nin_XLX_SEP_ PragmaOptions=II=1 rewind_XLX_SEP_ [-Wdump-hls-pragmas]
#pragma HLS PIPELINE II=1 rewind
        ^
/home/ayvol/accelerator_wrapper/src/nnet_utils/nnet_dense_large.h:74:9: warning: HLS pragma dump _XLX_SEP_ PragmaIsValid=1_XLX_SEP_ PragmaType=unroll_XLX_SEP_ PragmaContext=_XLX_SEP_ PragmaFunction=dense_large_rf_leq_nin_XLX_SEP_ PragmaOptions=_XLX_SEP_ [-Wdump-hls-pragmas]
#pragma HLS UNROLL
        ^
/home/ayvol/accelerator_wrapper/src/nnet_utils/nnet_dense_large.h:98:9: warning: HLS pragma dump _XLX_SEP_ PragmaIsValid=1_XLX_SEP_ PragmaType=unroll_XLX_SEP_ PragmaContext=_XLX_SEP_ PragmaFunction=dense_large_rf_leq_nin_XLX_SEP_ PragmaOptions=_XLX_SEP_ [-Wdump-hls-pragmas]
#pragma HLS UNROLL
        ^
/home/ayvol/accelerator_wrapper/src/nnet_utils/nnet_dense_large.h:121:9: warning: HLS pragma dump _XLX_SEP_ PragmaIsValid=1_XLX_SEP_ PragmaType=function_instantiate_XLX_SEP_ PragmaContext=_XLX_SEP_ PragmaFunction=dense_large_rf_gt_nin_rem0_XLX_SEP_ PragmaOptions=variable=weights,biases_XLX_SEP_ [-Wdump-hls-pragmas]
#pragma HLS function_instantiate variable=weights,biases
        ^
/home/ayvol/accelerator_wrapper/src/nnet_utils/nnet_dense_large.h:123:9: warning: HLS pragma dump _XLX_SEP_ PragmaIsValid=1_XLX_SEP_ PragmaType=array_reshape_XLX_SEP_ PragmaContext=_XLX_SEP_ PragmaFunction=dense_large_rf_gt_nin_rem0_XLX_SEP_ PragmaOptions=variable=weights block factor=block_factor_XLX_SEP_ [-Wdump-hls-pragmas]
#pragma HLS ARRAY_RESHAPE variable=weights block factor=block_factor
        ^
/home/ayvol/accelerator_wrapper/src/nnet_utils/nnet_dense_large.h:124:9: warning: HLS pragma dump _XLX_SEP_ PragmaIsValid=1_XLX_SEP_ PragmaType=array_partition_XLX_SEP_ PragmaContext=_XLX_SEP_ PragmaFunction=dense_large_rf_gt_nin_rem0_XLX_SEP_ PragmaOptions=variable=biases complete_XLX_SEP_ [-Wdump-hls-pragmas]
#pragma HLS ARRAY_PARTITION variable=biases complete
        ^
/home/ayvol/accelerator_wrapper/src/nnet_utils/nnet_dense_large.h:127:9: warning: HLS pragma dump _XLX_SEP_ PragmaIsValid=1_XLX_SEP_ PragmaType=array_partition_XLX_SEP_ PragmaContext=_XLX_SEP_ PragmaFunction=dense_large_rf_gt_nin_rem0_XLX_SEP_ PragmaOptions=variable=acc complete_XLX_SEP_ [-Wdump-hls-pragmas]
#pragma HLS ARRAY_PARTITION variable=acc complete
        ^
/home/ayvol/accelerator_wrapper/src/nnet_utils/nnet_dense_large.h:131:9: warning: HLS pragma dump _XLX_SEP_ PragmaIsValid=1_XLX_SEP_ PragmaType=unroll_XLX_SEP_ PragmaContext=_XLX_SEP_ PragmaFunction=dense_large_rf_gt_nin_rem0_XLX_SEP_ PragmaOptions=_XLX_SEP_ [-Wdump-hls-pragmas]
#pragma HLS UNROLL
        ^
/home/ayvol/accelerator_wrapper/src/nnet_utils/nnet_dense_large.h:152:9: warning: HLS pragma dump _XLX_SEP_ PragmaIsValid=1_XLX_SEP_ PragmaType=pipeline_XLX_SEP_ PragmaContext=_XLX_SEP_ PragmaFunction=dense_large_rf_gt_nin_rem0_XLX_SEP_ PragmaOptions=II=1 rewind_XLX_SEP_ [-Wdump-hls-pragmas]
#pragma HLS PIPELINE II=1 rewind
        ^
/home/ayvol/accelerator_wrapper/src/nnet_utils/nnet_dense_large.h:159:9: warning: HLS pragma dump _XLX_SEP_ PragmaIsValid=1_XLX_SEP_ PragmaType=unroll_XLX_SEP_ PragmaContext=_XLX_SEP_ PragmaFunction=dense_large_rf_gt_nin_rem0_XLX_SEP_ PragmaOptions=_XLX_SEP_ [-Wdump-hls-pragmas]
#pragma HLS UNROLL
        ^
/home/ayvol/accelerator_wrapper/src/nnet_utils/nnet_dense_large.h:177:9: warning: HLS pragma dump _XLX_SEP_ PragmaIsValid=1_XLX_SEP_ PragmaType=unroll_XLX_SEP_ PragmaContext=_XLX_SEP_ PragmaFunction=dense_large_rf_gt_nin_rem0_XLX_SEP_ PragmaOptions=_XLX_SEP_ [-Wdump-hls-pragmas]
#pragma HLS UNROLL
        ^
/home/ayvol/accelerator_wrapper/src/nnet_utils/nnet_dense_large.h:200:9: warning: HLS pragma dump _XLX_SEP_ PragmaIsValid=1_XLX_SEP_ PragmaType=function_instantiate_XLX_SEP_ PragmaContext=_XLX_SEP_ PragmaFunction=dense_large_rf_gt_nin_XLX_SEP_ PragmaOptions=variable=weights,biases_XLX_SEP_ [-Wdump-hls-pragmas]
#pragma HLS function_instantiate variable=weights,biases
        ^
/home/ayvol/accelerator_wrapper/src/nnet_utils/nnet_dense_large.h:202:9: warning: HLS pragma dump _XLX_SEP_ PragmaIsValid=1_XLX_SEP_ PragmaType=array_reshape_XLX_SEP_ PragmaContext=_XLX_SEP_ PragmaFunction=dense_large_rf_gt_nin_XLX_SEP_ PragmaOptions=variable=weights block factor=block_factor_XLX_SEP_ [-Wdump-hls-pragmas]
#pragma HLS ARRAY_RESHAPE variable=weights block factor=block_factor
        ^
/home/ayvol/accelerator_wrapper/src/nnet_utils/nnet_dense_large.h:203:9: warning: HLS pragma dump _XLX_SEP_ PragmaIsValid=1_XLX_SEP_ PragmaType=array_partition_XLX_SEP_ PragmaContext=_XLX_SEP_ PragmaFunction=dense_large_rf_gt_nin_XLX_SEP_ PragmaOptions=variable=biases complete_XLX_SEP_ [-Wdump-hls-pragmas]
#pragma HLS ARRAY_PARTITION variable=biases complete
        ^
/home/ayvol/accelerator_wrapper/src/nnet_utils/nnet_dense_large.h:206:9: warning: HLS pragma dump _XLX_SEP_ PragmaIsValid=1_XLX_SEP_ PragmaType=array_partition_XLX_SEP_ PragmaContext=_XLX_SEP_ PragmaFunction=dense_large_rf_gt_nin_XLX_SEP_ PragmaOptions=variable=acc complete_XLX_SEP_ [-Wdump-hls-pragmas]
#pragma HLS ARRAY_PARTITION variable=acc complete
        ^
/home/ayvol/accelerator_wrapper/src/nnet_utils/nnet_dense_large.h:210:9: warning: HLS pragma dump _XLX_SEP_ PragmaIsValid=1_XLX_SEP_ PragmaType=unroll_XLX_SEP_ PragmaContext=_XLX_SEP_ PragmaFunction=dense_large_rf_gt_nin_XLX_SEP_ PragmaOptions=_XLX_SEP_ [-Wdump-hls-pragmas]
#pragma HLS UNROLL
        ^
/home/ayvol/accelerator_wrapper/src/nnet_utils/nnet_dense_large.h:216:9: warning: HLS pragma dump _XLX_SEP_ PragmaIsValid=1_XLX_SEP_ PragmaType=pipeline_XLX_SEP_ PragmaContext=_XLX_SEP_ PragmaFunction=dense_large_rf_gt_nin_XLX_SEP_ PragmaOptions=II=1 rewind_XLX_SEP_ [-Wdump-hls-pragmas]
#pragma HLS PIPELINE II=1 rewind
        ^
/home/ayvol/accelerator_wrapper/src/nnet_utils/nnet_dense_large.h:218:9: warning: HLS pragma dump _XLX_SEP_ PragmaIsValid=1_XLX_SEP_ PragmaType=array_partition_XLX_SEP_ PragmaContext=_XLX_SEP_ PragmaFunction=dense_large_rf_gt_nin_XLX_SEP_ PragmaOptions=variable=tmpmult complete_XLX_SEP_ [-Wdump-hls-pragmas]
#pragma HLS ARRAY_PARTITION variable=tmpmult complete
        ^
/home/ayvol/accelerator_wrapper/src/nnet_utils/nnet_dense_large.h:222:9: warning: HLS pragma dump _XLX_SEP_ PragmaIsValid=1_XLX_SEP_ PragmaType=unroll_XLX_SEP_ PragmaContext=_XLX_SEP_ PragmaFunction=dense_large_rf_gt_nin_XLX_SEP_ PragmaOptions=_XLX_SEP_ [-Wdump-hls-pragmas]
#pragma HLS UNROLL
        ^
/home/ayvol/accelerator_wrapper/src/nnet_utils/nnet_dense_large.h:230:9: warning: HLS pragma dump _XLX_SEP_ PragmaIsValid=1_XLX_SEP_ PragmaType=array_partition_XLX_SEP_ PragmaContext=_XLX_SEP_ PragmaFunction=dense_large_rf_gt_nin_XLX_SEP_ PragmaOptions=variable=mult complete_XLX_SEP_ [-Wdump-hls-pragmas]
#pragma HLS ARRAY_PARTITION variable=mult complete
        ^
/home/ayvol/accelerator_wrapper/src/nnet_utils/nnet_dense_large.h:234:9: warning: HLS pragma dump _XLX_SEP_ PragmaIsValid=1_XLX_SEP_ PragmaType=unroll_XLX_SEP_ PragmaContext=_XLX_SEP_ PragmaFunction=dense_large_rf_gt_nin_XLX_SEP_ PragmaOptions=_XLX_SEP_ [-Wdump-hls-pragmas]
#pragma HLS UNROLL
        ^
/home/ayvol/accelerator_wrapper/src/nnet_utils/nnet_dense_large.h:240:9: warning: HLS pragma dump _XLX_SEP_ PragmaIsValid=1_XLX_SEP_ PragmaType=unroll_XLX_SEP_ PragmaContext=_XLX_SEP_ PragmaFunction=dense_large_rf_gt_nin_XLX_SEP_ PragmaOptions=_XLX_SEP_ [-Wdump-hls-pragmas]
#pragma HLS UNROLL
        ^
/home/ayvol/accelerator_wrapper/src/nnet_utils/nnet_dense_large.h:249:9: warning: HLS pragma dump _XLX_SEP_ PragmaIsValid=1_XLX_SEP_ PragmaType=unroll_XLX_SEP_ PragmaContext=_XLX_SEP_ PragmaFunction=dense_large_rf_gt_nin_XLX_SEP_ PragmaOptions=_XLX_SEP_ [-Wdump-hls-pragmas]
#pragma HLS UNROLL
        ^
/home/ayvol/accelerator_wrapper/src/nnet_utils/nnet_dense_large.h:259:9: warning: HLS pragma dump _XLX_SEP_ PragmaIsValid=1_XLX_SEP_ PragmaType=unroll_XLX_SEP_ PragmaContext=_XLX_SEP_ PragmaFunction=dense_large_rf_gt_nin_XLX_SEP_ PragmaOptions=_XLX_SEP_ [-Wdump-hls-pragmas]
#pragma HLS UNROLL
        ^
/home/ayvol/accelerator_wrapper/src/nnet_utils/nnet_dense_large.h:271:26: warning: 'region' in '#pragma HLS Inline' is deprecated, use 'Inline Pragma' instead [-Wignored-hls-pragmas]
#pragma HLS INLINE region
                         ^
/home/ayvol/accelerator_wrapper/src/nnet_utils/nnet_dense_large.h:271:9: warning: HLS pragma dump _XLX_SEP_ PragmaIsValid=1_XLX_SEP_ PragmaType=inline_XLX_SEP_ PragmaContext=_XLX_SEP_ PragmaFunction=dense_large_XLX_SEP_ PragmaOptions=region_XLX_SEP_ [-Wdump-hls-pragmas]
#pragma HLS INLINE region
        ^
In file included from /home/ayvol/accelerator_wrapper/src/alveo_hls4ml.cpp:1:
In file included from /home/ayvol/accelerator_wrapper/src/alveo_hls4ml.h:39:
In file included from /home/ayvol/accelerator_wrapper/src/parameters.h:9:
/home/ayvol/accelerator_wrapper/src/nnet_utils/nnet_dense_compressed.h:35:9: warning: HLS pragma dump _XLX_SEP_ PragmaIsValid=1_XLX_SEP_ PragmaType=unroll_XLX_SEP_ PragmaContext=_XLX_SEP_ PragmaFunction=fill_mult_XLX_SEP_ PragmaOptions=_XLX_SEP_ [-Wdump-hls-pragmas]
#pragma HLS UNROLL
        ^
/home/ayvol/accelerator_wrapper/src/nnet_utils/nnet_dense_compressed.h:51:9: warning: HLS pragma dump _XLX_SEP_ PragmaIsValid=1_XLX_SEP_ PragmaType=array_partition_XLX_SEP_ PragmaContext=_XLX_SEP_ PragmaFunction=dense_compressed_XLX_SEP_ PragmaOptions=variable=acc complete_XLX_SEP_ [-Wdump-hls-pragmas]
#pragma HLS ARRAY_PARTITION variable=acc complete
        ^
/home/ayvol/accelerator_wrapper/src/nnet_utils/nnet_dense_compressed.h:52:9: warning: HLS pragma dump _XLX_SEP_ PragmaIsValid=1_XLX_SEP_ PragmaType=array_partition_XLX_SEP_ PragmaContext=_XLX_SEP_ PragmaFunction=dense_compressed_XLX_SEP_ PragmaOptions=variable=biases complete_XLX_SEP_ [-Wdump-hls-pragmas]
#pragma HLS ARRAY_PARTITION variable=biases complete
        ^
/home/ayvol/accelerator_wrapper/src/nnet_utils/nnet_dense_compressed.h:53:9: warning: HLS pragma dump _XLX_SEP_ PragmaIsValid=1_XLX_SEP_ PragmaType=array_reshape_XLX_SEP_ PragmaContext=_XLX_SEP_ PragmaFunction=dense_compressed_XLX_SEP_ PragmaOptions=variable=weights block factor=multiplier_limit_XLX_SEP_ [-Wdump-hls-pragmas]
#pragma HLS ARRAY_RESHAPE variable=weights block factor=multiplier_limit
        ^
/home/ayvol/accelerator_wrapper/src/nnet_utils/nnet_dense_compressed.h:56:9: warning: the pragma is not supported and will be ignored [-Winvalid-hls-pragmas]
#pragma HLS data_pack variable=weights struct_level
        ^
/home/ayvol/accelerator_wrapper/src/nnet_utils/nnet_dense_compressed.h:56:9: warning: HLS pragma dump _XLX_SEP_ PragmaIsValid=0_XLX_SEP_ PragmaType=data_pack_XLX_SEP_ PragmaContext=_XLX_SEP_ PragmaFunction=dense_compressed_XLX_SEP_ PragmaOptions=variable_XLX_SEP_ [-Wdump-hls-pragmas]
/home/ayvol/accelerator_wrapper/src/nnet_utils/nnet_dense_compressed.h:61:9: warning: HLS pragma dump _XLX_SEP_ PragmaIsValid=1_XLX_SEP_ PragmaType=unroll_XLX_SEP_ PragmaContext=_XLX_SEP_ PragmaFunction=dense_compressed_XLX_SEP_ PragmaOptions=_XLX_SEP_ [-Wdump-hls-pragmas]
#pragma HLS UNROLL
        ^
/home/ayvol/accelerator_wrapper/src/nnet_utils/nnet_dense_compressed.h:69:9: warning: HLS pragma dump _XLX_SEP_ PragmaIsValid=1_XLX_SEP_ PragmaType=pipeline_XLX_SEP_ PragmaContext=_XLX_SEP_ PragmaFunction=dense_compressed_XLX_SEP_ PragmaOptions=II=1 rewind_XLX_SEP_ [-Wdump-hls-pragmas]
#pragma HLS PIPELINE II=1 rewind
        ^
/home/ayvol/accelerator_wrapper/src/nnet_utils/nnet_dense_compressed.h:72:9: warning: HLS pragma dump _XLX_SEP_ PragmaIsValid=1_XLX_SEP_ PragmaType=array_partition_XLX_SEP_ PragmaContext=_XLX_SEP_ PragmaFunction=dense_compressed_XLX_SEP_ PragmaOptions=variable=mult complete_XLX_SEP_ [-Wdump-hls-pragmas]
#pragma HLS ARRAY_PARTITION variable=mult complete
        ^
/home/ayvol/accelerator_wrapper/src/nnet_utils/nnet_dense_compressed.h:76:9: warning: HLS pragma dump _XLX_SEP_ PragmaIsValid=1_XLX_SEP_ PragmaType=unroll_XLX_SEP_ PragmaContext=_XLX_SEP_ PragmaFunction=dense_compressed_XLX_SEP_ PragmaOptions=_XLX_SEP_ [-Wdump-hls-pragmas]
#pragma HLS UNROLL
        ^
/home/ayvol/accelerator_wrapper/src/nnet_utils/nnet_dense_compressed.h:82:9: warning: HLS pragma dump _XLX_SEP_ PragmaIsValid=1_XLX_SEP_ PragmaType=unroll_XLX_SEP_ PragmaContext=_XLX_SEP_ PragmaFunction=dense_compressed_XLX_SEP_ PragmaOptions=_XLX_SEP_ [-Wdump-hls-pragmas]
#pragma HLS UNROLL
        ^
/home/ayvol/accelerator_wrapper/src/nnet_utils/nnet_dense_compressed.h:101:9: warning: HLS pragma dump _XLX_SEP_ PragmaIsValid=1_XLX_SEP_ PragmaType=unroll_XLX_SEP_ PragmaContext=_XLX_SEP_ PragmaFunction=dense_compressed_XLX_SEP_ PragmaOptions=_XLX_SEP_ [-Wdump-hls-pragmas]
#pragma HLS UNROLL
        ^
In file included from /home/ayvol/accelerator_wrapper/src/alveo_hls4ml.cpp:1:
In file included from /home/ayvol/accelerator_wrapper/src/alveo_hls4ml.h:39:
In file included from /home/ayvol/accelerator_wrapper/src/parameters.h:10:
/home/ayvol/accelerator_wrapper/src/nnet_utils/nnet_conv.h:98:9: warning: HLS pragma dump _XLX_SEP_ PragmaIsValid=1_XLX_SEP_ PragmaType=array_partition_XLX_SEP_ PragmaContext=_XLX_SEP_ PragmaFunction=conv_1d_latency_cl_XLX_SEP_ PragmaOptions=variable=mult complete dim=0_XLX_SEP_ [-Wdump-hls-pragmas]
#pragma HLS ARRAY_PARTITION variable=mult complete dim=0
        ^
/home/ayvol/accelerator_wrapper/src/nnet_utils/nnet_conv.h:99:9: warning: HLS pragma dump _XLX_SEP_ PragmaIsValid=1_XLX_SEP_ PragmaType=array_partition_XLX_SEP_ PragmaContext=_XLX_SEP_ PragmaFunction=conv_1d_latency_cl_XLX_SEP_ PragmaOptions=variable=acc complete dim=0_XLX_SEP_ [-Wdump-hls-pragmas]
#pragma HLS ARRAY_PARTITION variable=acc complete dim=0
        ^
/home/ayvol/accelerator_wrapper/src/nnet_utils/nnet_conv.h:102:9: warning: HLS pragma dump _XLX_SEP_ PragmaIsValid=1_XLX_SEP_ PragmaType=function_instantiate_XLX_SEP_ PragmaContext=_XLX_SEP_ PragmaFunction=conv_1d_latency_cl_XLX_SEP_ PragmaOptions=variable=weights,biases_XLX_SEP_ [-Wdump-hls-pragmas]
#pragma HLS function_instantiate variable=weights,biases
        ^
/home/ayvol/accelerator_wrapper/src/nnet_utils/nnet_conv.h:105:9: warning: HLS pragma dump _XLX_SEP_ PragmaIsValid=1_XLX_SEP_ PragmaType=pipeline_XLX_SEP_ PragmaContext=_XLX_SEP_ PragmaFunction=conv_1d_latency_cl_XLX_SEP_ PragmaOptions=_XLX_SEP_ [-Wdump-hls-pragmas]
#pragma HLS PIPELINE
        ^
/home/ayvol/accelerator_wrapper/src/nnet_utils/nnet_conv.h:106:9: warning: HLS pragma dump _XLX_SEP_ PragmaIsValid=1_XLX_SEP_ PragmaType=array_partition_XLX_SEP_ PragmaContext=_XLX_SEP_ PragmaFunction=conv_1d_latency_cl_XLX_SEP_ PragmaOptions=variable=biases complete dim=0_XLX_SEP_ [-Wdump-hls-pragmas]
#pragma HLS ARRAY_PARTITION variable=biases complete dim=0
        ^
/home/ayvol/accelerator_wrapper/src/nnet_utils/nnet_conv.h:110:34: warning: unexpected pragma argument 'mul', expects function/operation [-Winvalid-hls-pragmas]
#pragma HLS ALLOCATION instances=mul limit=multiplier_limit operation
                                 ^
/home/ayvol/accelerator_wrapper/src/nnet_utils/nnet_conv.h:110:9: warning: HLS pragma dump _XLX_SEP_ PragmaIsValid=0_XLX_SEP_ PragmaType=allocation_XLX_SEP_ PragmaContext=_XLX_SEP_ PragmaFunction=conv_1d_latency_cl_XLX_SEP_ PragmaOptions=instances=mul_XLX_SEP_ [-Wdump-hls-pragmas]
#pragma HLS ALLOCATION instances=mul limit=multiplier_limit operation
        ^
In file included from /home/ayvol/accelerator_wrapper/src/alveo_hls4ml.cpp:1:
In file included from /home/ayvol/accelerator_wrapper/src/alveo_hls4ml.h:39:
In file included from /home/ayvol/accelerator_wrapper/src/parameters.h:11:
/home/ayvol/accelerator_wrapper/src/nnet_utils/nnet_conv_large.h:14:9: warning: HLS pragma dump _XLX_SEP_ PragmaIsValid=1_XLX_SEP_ PragmaType=pipeline_XLX_SEP_ PragmaContext=_XLX_SEP_ PragmaFunction=im2col_1d_XLX_SEP_ PragmaOptions=II=1 rewind_XLX_SEP_ [-Wdump-hls-pragmas]
#pragma HLS PIPELINE II=1 rewind
        ^
/home/ayvol/accelerator_wrapper/src/nnet_utils/nnet_conv_large.h:16:9: warning: HLS pragma dump _XLX_SEP_ PragmaIsValid=1_XLX_SEP_ PragmaType=unroll_XLX_SEP_ PragmaContext=_XLX_SEP_ PragmaFunction=im2col_1d_XLX_SEP_ PragmaOptions=_XLX_SEP_ [-Wdump-hls-pragmas]
#pragma HLS UNROLL
        ^
/home/ayvol/accelerator_wrapper/src/nnet_utils/nnet_conv_large.h:19:9: warning: HLS pragma dump _XLX_SEP_ PragmaIsValid=1_XLX_SEP_ PragmaType=unroll_XLX_SEP_ PragmaContext=_XLX_SEP_ PragmaFunction=im2col_1d_XLX_SEP_ PragmaOptions=_XLX_SEP_ [-Wdump-hls-pragmas]
#pragma HLS UNROLL
        ^
/home/ayvol/accelerator_wrapper/src/nnet_utils/nnet_conv_large.h:47:9: warning: HLS pragma dump _XLX_SEP_ PragmaIsValid=1_XLX_SEP_ PragmaType=array_partition_XLX_SEP_ PragmaContext=_XLX_SEP_ PragmaFunction=conv_1d_full_XLX_SEP_ PragmaOptions=variable=data_col complete_XLX_SEP_ [-Wdump-hls-pragmas]
#pragma HLS ARRAY_PARTITION variable=data_col complete
        ^
/home/ayvol/accelerator_wrapper/src/nnet_utils/nnet_conv_large.h:48:9: warning: HLS pragma dump _XLX_SEP_ PragmaIsValid=1_XLX_SEP_ PragmaType=array_partition_XLX_SEP_ PragmaContext=_XLX_SEP_ PragmaFunction=conv_1d_full_XLX_SEP_ PragmaOptions=variable=res_col complete_XLX_SEP_ [-Wdump-hls-pragmas]
#pragma HLS ARRAY_PARTITION variable=res_col complete
        ^
/home/ayvol/accelerator_wrapper/src/nnet_utils/nnet_conv_large.h:53:9: warning: HLS pragma dump _XLX_SEP_ PragmaIsValid=1_XLX_SEP_ PragmaType=unroll_XLX_SEP_ PragmaContext=_XLX_SEP_ PragmaFunction=conv_1d_full_XLX_SEP_ PragmaOptions=_XLX_SEP_ [-Wdump-hls-pragmas]
#pragma HLS UNROLL
        ^
/home/ayvol/accelerator_wrapper/src/nnet_utils/nnet_conv_large.h:70:9: warning: HLS pragma dump _XLX_SEP_ PragmaIsValid=1_XLX_SEP_ PragmaType=pipeline_XLX_SEP_ PragmaContext=_XLX_SEP_ PragmaFunction=im2col_1d_cf_idx_XLX_SEP_ PragmaOptions=II=1 rewind_XLX_SEP_ [-Wdump-hls-pragmas]
#pragma HLS PIPELINE II=1 rewind
        ^
/home/ayvol/accelerator_wrapper/src/nnet_utils/nnet_conv_large.h:73:9: warning: HLS pragma dump _XLX_SEP_ PragmaIsValid=1_XLX_SEP_ PragmaType=unroll_XLX_SEP_ PragmaContext=_XLX_SEP_ PragmaFunction=im2col_1d_cf_idx_XLX_SEP_ PragmaOptions=_XLX_SEP_ [-Wdump-hls-pragmas]
#pragma HLS UNROLL
        ^
/home/ayvol/accelerator_wrapper/src/nnet_utils/nnet_conv_large.h:91:9: warning: HLS pragma dump _XLX_SEP_ PragmaIsValid=1_XLX_SEP_ PragmaType=unroll_XLX_SEP_ PragmaContext=_XLX_SEP_ PragmaFunction=im2col_1d_cf_XLX_SEP_ PragmaOptions=_XLX_SEP_ [-Wdump-hls-pragmas]
#pragma HLS UNROLL
        ^
/home/ayvol/accelerator_wrapper/src/nnet_utils/nnet_conv_large.h:128:9: warning: HLS pragma dump _XLX_SEP_ PragmaIsValid=1_XLX_SEP_ PragmaType=array_partition_XLX_SEP_ PragmaContext=_XLX_SEP_ PragmaFunction=conv_1d_large_cf_XLX_SEP_ PragmaOptions=variable=data_col complete_XLX_SEP_ [-Wdump-hls-pragmas]
#pragma HLS ARRAY_PARTITION variable=data_col complete
        ^
/home/ayvol/accelerator_wrapper/src/nnet_utils/nnet_conv_large.h:129:9: warning: HLS pragma dump _XLX_SEP_ PragmaIsValid=1_XLX_SEP_ PragmaType=array_partition_XLX_SEP_ PragmaContext=_XLX_SEP_ PragmaFunction=conv_1d_large_cf_XLX_SEP_ PragmaOptions=variable=res_col complete_XLX_SEP_ [-Wdump-hls-pragmas]
#pragma HLS ARRAY_PARTITION variable=res_col complete
        ^
/home/ayvol/accelerator_wrapper/src/nnet_utils/nnet_conv_large.h:133:9: warning: HLS pragma dump _XLX_SEP_ PragmaIsValid=1_XLX_SEP_ PragmaType=pipeline_XLX_SEP_ PragmaContext=_XLX_SEP_ PragmaFunction=conv_1d_large_cf_XLX_SEP_ PragmaOptions=_XLX_SEP_ [-Wdump-hls-pragmas]
#pragma HLS PIPELINE
        ^
/home/ayvol/accelerator_wrapper/src/nnet_utils/nnet_conv_large.h:148:9: warning: HLS pragma dump _XLX_SEP_ PragmaIsValid=1_XLX_SEP_ PragmaType=unroll_XLX_SEP_ PragmaContext=_XLX_SEP_ PragmaFunction=im2col_1d_cl_XLX_SEP_ PragmaOptions=_XLX_SEP_ [-Wdump-hls-pragmas]
#pragma HLS UNROLL
        ^
/home/ayvol/accelerator_wrapper/src/nnet_utils/nnet_conv_large.h:185:9: warning: HLS pragma dump _XLX_SEP_ PragmaIsValid=1_XLX_SEP_ PragmaType=array_partition_XLX_SEP_ PragmaContext=_XLX_SEP_ PragmaFunction=conv_1d_large_cl_XLX_SEP_ PragmaOptions=variable=data_col complete_XLX_SEP_ [-Wdump-hls-pragmas]
#pragma HLS ARRAY_PARTITION variable=data_col complete
        ^
/home/ayvol/accelerator_wrapper/src/nnet_utils/nnet_conv_large.h:186:9: warning: HLS pragma dump _XLX_SEP_ PragmaIsValid=1_XLX_SEP_ PragmaType=array_partition_XLX_SEP_ PragmaContext=_XLX_SEP_ PragmaFunction=conv_1d_large_cl_XLX_SEP_ PragmaOptions=variable=res_col complete_XLX_SEP_ [-Wdump-hls-pragmas]
#pragma HLS ARRAY_PARTITION variable=res_col complete
        ^
/home/ayvol/accelerator_wrapper/src/nnet_utils/nnet_conv_large.h:190:9: warning: HLS pragma dump _XLX_SEP_ PragmaIsValid=1_XLX_SEP_ PragmaType=pipeline_XLX_SEP_ PragmaContext=_XLX_SEP_ PragmaFunction=conv_1d_large_cl_XLX_SEP_ PragmaOptions=_XLX_SEP_ [-Wdump-hls-pragmas]
#pragma HLS PIPELINE
        ^
In file included from /home/ayvol/accelerator_wrapper/src/alveo_hls4ml.cpp:1:
In file included from /home/ayvol/accelerator_wrapper/src/alveo_hls4ml.h:39:
In file included from /home/ayvol/accelerator_wrapper/src/parameters.h:12:
/home/ayvol/accelerator_wrapper/src/nnet_utils/nnet_conv2d.h:114:9: warning: HLS pragma dump _XLX_SEP_ PragmaIsValid=1_XLX_SEP_ PragmaType=array_partition_XLX_SEP_ PragmaContext=_XLX_SEP_ PragmaFunction=conv_2d_latency_cf_XLX_SEP_ PragmaOptions=variable=mult complete dim=0_XLX_SEP_ [-Wdump-hls-pragmas]
#pragma HLS ARRAY_PARTITION variable=mult complete dim=0
        ^
/home/ayvol/accelerator_wrapper/src/nnet_utils/nnet_conv2d.h:115:9: warning: HLS pragma dump _XLX_SEP_ PragmaIsValid=1_XLX_SEP_ PragmaType=array_partition_XLX_SEP_ PragmaContext=_XLX_SEP_ PragmaFunction=conv_2d_latency_cf_XLX_SEP_ PragmaOptions=variable=acc complete dim=0_XLX_SEP_ [-Wdump-hls-pragmas]
#pragma HLS ARRAY_PARTITION variable=acc complete dim=0
        ^
/home/ayvol/accelerator_wrapper/src/nnet_utils/nnet_conv2d.h:118:9: warning: HLS pragma dump _XLX_SEP_ PragmaIsValid=1_XLX_SEP_ PragmaType=function_instantiate_XLX_SEP_ PragmaContext=_XLX_SEP_ PragmaFunction=conv_2d_latency_cf_XLX_SEP_ PragmaOptions=variable=weights,biases_XLX_SEP_ [-Wdump-hls-pragmas]
#pragma HLS function_instantiate variable=weights,biases
        ^
/home/ayvol/accelerator_wrapper/src/nnet_utils/nnet_conv2d.h:121:9: warning: HLS pragma dump _XLX_SEP_ PragmaIsValid=1_XLX_SEP_ PragmaType=pipeline_XLX_SEP_ PragmaContext=_XLX_SEP_ PragmaFunction=conv_2d_latency_cf_XLX_SEP_ PragmaOptions=_XLX_SEP_ [-Wdump-hls-pragmas]
#pragma HLS PIPELINE
        ^
/home/ayvol/accelerator_wrapper/src/nnet_utils/nnet_conv2d.h:122:9: warning: HLS pragma dump _XLX_SEP_ PragmaIsValid=1_XLX_SEP_ PragmaType=array_partition_XLX_SEP_ PragmaContext=_XLX_SEP_ PragmaFunction=conv_2d_latency_cf_XLX_SEP_ PragmaOptions=variable=biases complete dim=0_XLX_SEP_ [-Wdump-hls-pragmas]
#pragma HLS ARRAY_PARTITION variable=biases complete dim=0
        ^
/home/ayvol/accelerator_wrapper/src/nnet_utils/nnet_conv2d.h:126:34: warning: unexpected pragma argument 'mul', expects function/operation [-Winvalid-hls-pragmas]
#pragma HLS ALLOCATION instances=mul limit=multiplier_limit operation
                                 ^
/home/ayvol/accelerator_wrapper/src/nnet_utils/nnet_conv2d.h:126:9: warning: HLS pragma dump _XLX_SEP_ PragmaIsValid=0_XLX_SEP_ PragmaType=allocation_XLX_SEP_ PragmaContext=_XLX_SEP_ PragmaFunction=conv_2d_latency_cf_XLX_SEP_ PragmaOptions=instances=mul_XLX_SEP_ [-Wdump-hls-pragmas]
#pragma HLS ALLOCATION instances=mul limit=multiplier_limit operation
        ^
/home/ayvol/accelerator_wrapper/src/nnet_utils/nnet_conv2d.h:230:9: warning: HLS pragma dump _XLX_SEP_ PragmaIsValid=1_XLX_SEP_ PragmaType=array_partition_XLX_SEP_ PragmaContext=_XLX_SEP_ PragmaFunction=conv_2d_latency_cl_XLX_SEP_ PragmaOptions=variable=mult complete dim=0_XLX_SEP_ [-Wdump-hls-pragmas]
#pragma HLS ARRAY_PARTITION variable=mult complete dim=0
        ^
/home/ayvol/accelerator_wrapper/src/nnet_utils/nnet_conv2d.h:231:9: warning: HLS pragma dump _XLX_SEP_ PragmaIsValid=1_XLX_SEP_ PragmaType=array_partition_XLX_SEP_ PragmaContext=_XLX_SEP_ PragmaFunction=conv_2d_latency_cl_XLX_SEP_ PragmaOptions=variable=acc complete dim=0_XLX_SEP_ [-Wdump-hls-pragmas]
#pragma HLS ARRAY_PARTITION variable=acc complete dim=0
        ^
/home/ayvol/accelerator_wrapper/src/nnet_utils/nnet_conv2d.h:234:9: warning: HLS pragma dump _XLX_SEP_ PragmaIsValid=1_XLX_SEP_ PragmaType=function_instantiate_XLX_SEP_ PragmaContext=_XLX_SEP_ PragmaFunction=conv_2d_latency_cl_XLX_SEP_ PragmaOptions=variable=weights,biases_XLX_SEP_ [-Wdump-hls-pragmas]
#pragma HLS function_instantiate variable=weights,biases
        ^
/home/ayvol/accelerator_wrapper/src/nnet_utils/nnet_conv2d.h:237:9: warning: HLS pragma dump _XLX_SEP_ PragmaIsValid=1_XLX_SEP_ PragmaType=pipeline_XLX_SEP_ PragmaContext=_XLX_SEP_ PragmaFunction=conv_2d_latency_cl_XLX_SEP_ PragmaOptions=_XLX_SEP_ [-Wdump-hls-pragmas]
#pragma HLS PIPELINE
        ^
/home/ayvol/accelerator_wrapper/src/nnet_utils/nnet_conv2d.h:238:9: warning: HLS pragma dump _XLX_SEP_ PragmaIsValid=1_XLX_SEP_ PragmaType=array_partition_XLX_SEP_ PragmaContext=_XLX_SEP_ PragmaFunction=conv_2d_latency_cl_XLX_SEP_ PragmaOptions=variable=biases complete dim=0_XLX_SEP_ [-Wdump-hls-pragmas]
#pragma HLS ARRAY_PARTITION variable=biases complete dim=0
        ^
/home/ayvol/accelerator_wrapper/src/nnet_utils/nnet_conv2d.h:242:34: warning: unexpected pragma argument 'mul', expects function/operation [-Winvalid-hls-pragmas]
#pragma HLS ALLOCATION instances=mul limit=multiplier_limit operation
                                 ^
/home/ayvol/accelerator_wrapper/src/nnet_utils/nnet_conv2d.h:242:9: warning: HLS pragma dump _XLX_SEP_ PragmaIsValid=0_XLX_SEP_ PragmaType=allocation_XLX_SEP_ PragmaContext=_XLX_SEP_ PragmaFunction=conv_2d_latency_cl_XLX_SEP_ PragmaOptions=instances=mul_XLX_SEP_ [-Wdump-hls-pragmas]
#pragma HLS ALLOCATION instances=mul limit=multiplier_limit operation
        ^
In file included from /home/ayvol/accelerator_wrapper/src/alveo_hls4ml.cpp:1:
In file included from /home/ayvol/accelerator_wrapper/src/alveo_hls4ml.h:39:
In file included from /home/ayvol/accelerator_wrapper/src/parameters.h:13:
/home/ayvol/accelerator_wrapper/src/nnet_utils/nnet_conv2d_large.h:61:9: warning: HLS pragma dump _XLX_SEP_ PragmaIsValid=1_XLX_SEP_ PragmaType=array_partition_XLX_SEP_ PragmaContext=_XLX_SEP_ PragmaFunction=conv_2d_full_XLX_SEP_ PragmaOptions=variable=data_col complete_XLX_SEP_ [-Wdump-hls-pragmas]
#pragma HLS ARRAY_PARTITION variable=data_col complete
        ^
/home/ayvol/accelerator_wrapper/src/nnet_utils/nnet_conv2d_large.h:62:9: warning: HLS pragma dump _XLX_SEP_ PragmaIsValid=1_XLX_SEP_ PragmaType=array_partition_XLX_SEP_ PragmaContext=_XLX_SEP_ PragmaFunction=conv_2d_full_XLX_SEP_ PragmaOptions=variable=res_col complete_XLX_SEP_ [-Wdump-hls-pragmas]
#pragma HLS ARRAY_PARTITION variable=res_col complete
        ^
/home/ayvol/accelerator_wrapper/src/nnet_utils/nnet_conv2d_large.h:88:9: warning: HLS pragma dump _XLX_SEP_ PragmaIsValid=1_XLX_SEP_ PragmaType=unroll_XLX_SEP_ PragmaContext=_XLX_SEP_ PragmaFunction=im2col_2d_cf_XLX_SEP_ PragmaOptions=_XLX_SEP_ [-Wdump-hls-pragmas]
#pragma HLS UNROLL
        ^
/home/ayvol/accelerator_wrapper/src/nnet_utils/nnet_conv2d_large.h:131:9: warning: HLS pragma dump _XLX_SEP_ PragmaIsValid=1_XLX_SEP_ PragmaType=array_partition_XLX_SEP_ PragmaContext=_XLX_SEP_ PragmaFunction=conv_2d_large_cf_XLX_SEP_ PragmaOptions=variable=data_col complete_XLX_SEP_ [-Wdump-hls-pragmas]
#pragma HLS ARRAY_PARTITION variable=data_col complete
        ^
/home/ayvol/accelerator_wrapper/src/nnet_utils/nnet_conv2d_large.h:132:9: warning: HLS pragma dump _XLX_SEP_ PragmaIsValid=1_XLX_SEP_ PragmaType=array_partition_XLX_SEP_ PragmaContext=_XLX_SEP_ PragmaFunction=conv_2d_large_cf_XLX_SEP_ PragmaOptions=variable=res_col complete_XLX_SEP_ [-Wdump-hls-pragmas]
#pragma HLS ARRAY_PARTITION variable=res_col complete
        ^
/home/ayvol/accelerator_wrapper/src/nnet_utils/nnet_conv2d_large.h:138:9: warning: HLS pragma dump _XLX_SEP_ PragmaIsValid=1_XLX_SEP_ PragmaType=pipeline_XLX_SEP_ PragmaContext=_XLX_SEP_ PragmaFunction=conv_2d_large_cf_XLX_SEP_ PragmaOptions=_XLX_SEP_ [-Wdump-hls-pragmas]
#pragma HLS PIPELINE
        ^
/home/ayvol/accelerator_wrapper/src/nnet_utils/nnet_conv2d_large.h:159:9: warning: HLS pragma dump _XLX_SEP_ PragmaIsValid=1_XLX_SEP_ PragmaType=unroll_XLX_SEP_ PragmaContext=_XLX_SEP_ PragmaFunction=im2col_2d_cl_XLX_SEP_ PragmaOptions=_XLX_SEP_ [-Wdump-hls-pragmas]
#pragma HLS UNROLL
        ^
/home/ayvol/accelerator_wrapper/src/nnet_utils/nnet_conv2d_large.h:200:9: warning: HLS pragma dump _XLX_SEP_ PragmaIsValid=1_XLX_SEP_ PragmaType=array_partition_XLX_SEP_ PragmaContext=_XLX_SEP_ PragmaFunction=conv_2d_large_cl_XLX_SEP_ PragmaOptions=variable=data_col complete_XLX_SEP_ [-Wdump-hls-pragmas]
#pragma HLS ARRAY_PARTITION variable=data_col complete
        ^
/home/ayvol/accelerator_wrapper/src/nnet_utils/nnet_conv2d_large.h:201:9: warning: HLS pragma dump _XLX_SEP_ PragmaIsValid=1_XLX_SEP_ PragmaType=array_partition_XLX_SEP_ PragmaContext=_XLX_SEP_ PragmaFunction=conv_2d_large_cl_XLX_SEP_ PragmaOptions=variable=res_col complete_XLX_SEP_ [-Wdump-hls-pragmas]
#pragma HLS ARRAY_PARTITION variable=res_col complete
        ^
/home/ayvol/accelerator_wrapper/src/nnet_utils/nnet_conv2d_large.h:207:9: warning: HLS pragma dump _XLX_SEP_ PragmaIsValid=1_XLX_SEP_ PragmaType=pipeline_XLX_SEP_ PragmaContext=_XLX_SEP_ PragmaFunction=conv_2d_large_cl_XLX_SEP_ PragmaOptions=_XLX_SEP_ [-Wdump-hls-pragmas]
#pragma HLS PIPELINE
        ^
In file included from /home/ayvol/accelerator_wrapper/src/alveo_hls4ml.cpp:1:
In file included from /home/ayvol/accelerator_wrapper/src/alveo_hls4ml.h:39:
In file included from /home/ayvol/accelerator_wrapper/src/parameters.h:14:
/home/ayvol/accelerator_wrapper/src/nnet_utils/nnet_activation.h:54:9: warning: HLS pragma dump _XLX_SEP_ PragmaIsValid=1_XLX_SEP_ PragmaType=pipeline_XLX_SEP_ PragmaContext=_XLX_SEP_ PragmaFunction=linear_XLX_SEP_ PragmaOptions=_XLX_SEP_ [-Wdump-hls-pragmas]
#pragma HLS PIPELINE
        ^
/home/ayvol/accelerator_wrapper/src/nnet_utils/nnet_activation.h:59:9: warning: HLS pragma dump _XLX_SEP_ PragmaIsValid=1_XLX_SEP_ PragmaType=pipeline_XLX_SEP_ PragmaContext=_XLX_SEP_ PragmaFunction=linear_XLX_SEP_ PragmaOptions=_XLX_SEP_ [-Wdump-hls-pragmas]
#pragma HLS PIPELINE
        ^
/home/ayvol/accelerator_wrapper/src/nnet_utils/nnet_activation.h:74:9: warning: HLS pragma dump _XLX_SEP_ PragmaIsValid=1_XLX_SEP_ PragmaType=pipeline_XLX_SEP_ PragmaContext=_XLX_SEP_ PragmaFunction=relu_XLX_SEP_ PragmaOptions=_XLX_SEP_ [-Wdump-hls-pragmas]
#pragma HLS PIPELINE
        ^
/home/ayvol/accelerator_wrapper/src/nnet_utils/nnet_activation.h:80:9: warning: HLS pragma dump _XLX_SEP_ PragmaIsValid=1_XLX_SEP_ PragmaType=pipeline_XLX_SEP_ PragmaContext=_XLX_SEP_ PragmaFunction=relu_XLX_SEP_ PragmaOptions=_XLX_SEP_ [-Wdump-hls-pragmas]
#pragma HLS PIPELINE
        ^
/home/ayvol/accelerator_wrapper/src/nnet_utils/nnet_activation.h:92:9: warning: HLS pragma dump _XLX_SEP_ PragmaIsValid=1_XLX_SEP_ PragmaType=pipeline_XLX_SEP_ PragmaContext=_XLX_SEP_ PragmaFunction=relu_max_XLX_SEP_ PragmaOptions=_XLX_SEP_ [-Wdump-hls-pragmas]
#pragma HLS PIPELINE
        ^
/home/ayvol/accelerator_wrapper/src/nnet_utils/nnet_activation.h:98:9: warning: HLS pragma dump _XLX_SEP_ PragmaIsValid=1_XLX_SEP_ PragmaType=pipeline_XLX_SEP_ PragmaContext=_XLX_SEP_ PragmaFunction=relu_max_XLX_SEP_ PragmaOptions=_XLX_SEP_ [-Wdump-hls-pragmas]
#pragma HLS PIPELINE
        ^
/home/ayvol/accelerator_wrapper/src/nnet_utils/nnet_activation.h:158:9: warning: HLS pragma dump _XLX_SEP_ PragmaIsValid=1_XLX_SEP_ PragmaType=pipeline_XLX_SEP_ PragmaContext=_XLX_SEP_ PragmaFunction=sigmoid_XLX_SEP_ PragmaOptions=_XLX_SEP_ [-Wdump-hls-pragmas]
#pragma HLS PIPELINE
        ^
/home/ayvol/accelerator_wrapper/src/nnet_utils/nnet_activation.h:166:9: warning: HLS pragma dump _XLX_SEP_ PragmaIsValid=1_XLX_SEP_ PragmaType=pipeline_XLX_SEP_ PragmaContext=_XLX_SEP_ PragmaFunction=sigmoid_XLX_SEP_ PragmaOptions=_XLX_SEP_ [-Wdump-hls-pragmas]
#pragma HLS PIPELINE
        ^
/home/ayvol/accelerator_wrapper/src/nnet_utils/nnet_activation.h:232:9: warning: HLS pragma dump _XLX_SEP_ PragmaIsValid=1_XLX_SEP_ PragmaType=pipeline_XLX_SEP_ PragmaContext=_XLX_SEP_ PragmaFunction=softmax_XLX_SEP_ PragmaOptions=_XLX_SEP_ [-Wdump-hls-pragmas]
#pragma HLS PIPELINE
        ^
/home/ayvol/accelerator_wrapper/src/nnet_utils/nnet_activation.h:247:9: warning: HLS pragma dump _XLX_SEP_ PragmaIsValid=1_XLX_SEP_ PragmaType=pipeline_XLX_SEP_ PragmaContext=_XLX_SEP_ PragmaFunction=softmax_XLX_SEP_ PragmaOptions=_XLX_SEP_ [-Wdump-hls-pragmas]
#pragma HLS PIPELINE
        ^
/home/ayvol/accelerator_wrapper/src/nnet_utils/nnet_activation.h:308:9: warning: HLS pragma dump _XLX_SEP_ PragmaIsValid=1_XLX_SEP_ PragmaType=pipeline_XLX_SEP_ PragmaContext=_XLX_SEP_ PragmaFunction=tanh_XLX_SEP_ PragmaOptions=_XLX_SEP_ [-Wdump-hls-pragmas]
#pragma HLS PIPELINE
        ^
/home/ayvol/accelerator_wrapper/src/nnet_utils/nnet_activation.h:316:9: warning: HLS pragma dump _XLX_SEP_ PragmaIsValid=1_XLX_SEP_ PragmaType=pipeline_XLX_SEP_ PragmaContext=_XLX_SEP_ PragmaFunction=tanh_XLX_SEP_ PragmaOptions=_XLX_SEP_ [-Wdump-hls-pragmas]
#pragma HLS PIPELINE
        ^
/home/ayvol/accelerator_wrapper/src/nnet_utils/nnet_activation.h:334:9: warning: HLS pragma dump _XLX_SEP_ PragmaIsValid=1_XLX_SEP_ PragmaType=pipeline_XLX_SEP_ PragmaContext=_XLX_SEP_ PragmaFunction=hard_sigmoid_XLX_SEP_ PragmaOptions=_XLX_SEP_ [-Wdump-hls-pragmas]
#pragma HLS PIPELINE
        ^
/home/ayvol/accelerator_wrapper/src/nnet_utils/nnet_activation.h:342:9: warning: HLS pragma dump _XLX_SEP_ PragmaIsValid=1_XLX_SEP_ PragmaType=pipeline_XLX_SEP_ PragmaContext=_XLX_SEP_ PragmaFunction=hard_sigmoid_XLX_SEP_ PragmaOptions=_XLX_SEP_ [-Wdump-hls-pragmas]
#pragma HLS PIPELINE
        ^
/home/ayvol/accelerator_wrapper/src/nnet_utils/nnet_activation.h:358:9: warning: HLS pragma dump _XLX_SEP_ PragmaIsValid=1_XLX_SEP_ PragmaType=pipeline_XLX_SEP_ PragmaContext=_XLX_SEP_ PragmaFunction=leaky_relu_XLX_SEP_ PragmaOptions=_XLX_SEP_ [-Wdump-hls-pragmas]
#pragma HLS PIPELINE
        ^
/home/ayvol/accelerator_wrapper/src/nnet_utils/nnet_activation.h:364:9: warning: HLS pragma dump _XLX_SEP_ PragmaIsValid=1_XLX_SEP_ PragmaType=pipeline_XLX_SEP_ PragmaContext=_XLX_SEP_ PragmaFunction=leaky_relu_XLX_SEP_ PragmaOptions=_XLX_SEP_ [-Wdump-hls-pragmas]
#pragma HLS PIPELINE
        ^
/home/ayvol/accelerator_wrapper/src/nnet_utils/nnet_activation.h:379:9: warning: HLS pragma dump _XLX_SEP_ PragmaIsValid=1_XLX_SEP_ PragmaType=pipeline_XLX_SEP_ PragmaContext=_XLX_SEP_ PragmaFunction=thresholded_relu_XLX_SEP_ PragmaOptions=_XLX_SEP_ [-Wdump-hls-pragmas]
#pragma HLS PIPELINE
        ^
/home/ayvol/accelerator_wrapper/src/nnet_utils/nnet_activation.h:385:9: warning: HLS pragma dump _XLX_SEP_ PragmaIsValid=1_XLX_SEP_ PragmaType=pipeline_XLX_SEP_ PragmaContext=_XLX_SEP_ PragmaFunction=thresholded_relu_XLX_SEP_ PragmaOptions=_XLX_SEP_ [-Wdump-hls-pragmas]
#pragma HLS PIPELINE
        ^
/home/ayvol/accelerator_wrapper/src/nnet_utils/nnet_activation.h:432:9: warning: HLS pragma dump _XLX_SEP_ PragmaIsValid=1_XLX_SEP_ PragmaType=pipeline_XLX_SEP_ PragmaContext=_XLX_SEP_ PragmaFunction=softplus_XLX_SEP_ PragmaOptions=_XLX_SEP_ [-Wdump-hls-pragmas]
#pragma HLS PIPELINE
        ^
/home/ayvol/accelerator_wrapper/src/nnet_utils/nnet_activation.h:440:9: warning: HLS pragma dump _XLX_SEP_ PragmaIsValid=1_XLX_SEP_ PragmaType=pipeline_XLX_SEP_ PragmaContext=_XLX_SEP_ PragmaFunction=softplus_XLX_SEP_ PragmaOptions=_XLX_SEP_ [-Wdump-hls-pragmas]
#pragma HLS PIPELINE
        ^
/home/ayvol/accelerator_wrapper/src/nnet_utils/nnet_activation.h:489:9: warning: HLS pragma dump _XLX_SEP_ PragmaIsValid=1_XLX_SEP_ PragmaType=pipeline_XLX_SEP_ PragmaContext=_XLX_SEP_ PragmaFunction=softsign_XLX_SEP_ PragmaOptions=_XLX_SEP_ [-Wdump-hls-pragmas]
#pragma HLS PIPELINE
        ^
/home/ayvol/accelerator_wrapper/src/nnet_utils/nnet_activation.h:497:9: warning: HLS pragma dump _XLX_SEP_ PragmaIsValid=1_XLX_SEP_ PragmaType=pipeline_XLX_SEP_ PragmaContext=_XLX_SEP_ PragmaFunction=softsign_XLX_SEP_ PragmaOptions=_XLX_SEP_ [-Wdump-hls-pragmas]
#pragma HLS PIPELINE
        ^
/home/ayvol/accelerator_wrapper/src/nnet_utils/nnet_activation.h:546:9: warning: HLS pragma dump _XLX_SEP_ PragmaIsValid=1_XLX_SEP_ PragmaType=pipeline_XLX_SEP_ PragmaContext=_XLX_SEP_ PragmaFunction=elu_XLX_SEP_ PragmaOptions=_XLX_SEP_ [-Wdump-hls-pragmas]
#pragma HLS PIPELINE
        ^
/home/ayvol/accelerator_wrapper/src/nnet_utils/nnet_activation.h:554:9: warning: HLS pragma dump _XLX_SEP_ PragmaIsValid=1_XLX_SEP_ PragmaType=pipeline_XLX_SEP_ PragmaContext=_XLX_SEP_ PragmaFunction=elu_XLX_SEP_ PragmaOptions=_XLX_SEP_ [-Wdump-hls-pragmas]
#pragma HLS PIPELINE
        ^
/home/ayvol/accelerator_wrapper/src/nnet_utils/nnet_activation.h:612:9: warning: HLS pragma dump _XLX_SEP_ PragmaIsValid=1_XLX_SEP_ PragmaType=pipeline_XLX_SEP_ PragmaContext=_XLX_SEP_ PragmaFunction=selu_XLX_SEP_ PragmaOptions=_XLX_SEP_ [-Wdump-hls-pragmas]
#pragma HLS PIPELINE
        ^
/home/ayvol/accelerator_wrapper/src/nnet_utils/nnet_activation.h:620:9: warning: HLS pragma dump _XLX_SEP_ PragmaIsValid=1_XLX_SEP_ PragmaType=pipeline_XLX_SEP_ PragmaContext=_XLX_SEP_ PragmaFunction=selu_XLX_SEP_ PragmaOptions=_XLX_SEP_ [-Wdump-hls-pragmas]
#pragma HLS PIPELINE
        ^
/home/ayvol/accelerator_wrapper/src/nnet_utils/nnet_activation.h:640:9: warning: HLS pragma dump _XLX_SEP_ PragmaIsValid=1_XLX_SEP_ PragmaType=pipeline_XLX_SEP_ PragmaContext=_XLX_SEP_ PragmaFunction=prelu_XLX_SEP_ PragmaOptions=_XLX_SEP_ [-Wdump-hls-pragmas]
#pragma HLS PIPELINE
        ^
/home/ayvol/accelerator_wrapper/src/nnet_utils/nnet_activation.h:646:9: warning: HLS pragma dump _XLX_SEP_ PragmaIsValid=1_XLX_SEP_ PragmaType=pipeline_XLX_SEP_ PragmaContext=_XLX_SEP_ PragmaFunction=prelu_XLX_SEP_ PragmaOptions=_XLX_SEP_ [-Wdump-hls-pragmas]
#pragma HLS PIPELINE
        ^
/home/ayvol/accelerator_wrapper/src/nnet_utils/nnet_activation.h:662:9: warning: HLS pragma dump _XLX_SEP_ PragmaIsValid=1_XLX_SEP_ PragmaType=pipeline_XLX_SEP_ PragmaContext=_XLX_SEP_ PragmaFunction=binary_tanh_XLX_SEP_ PragmaOptions=_XLX_SEP_ [-Wdump-hls-pragmas]
#pragma HLS PIPELINE
        ^
/home/ayvol/accelerator_wrapper/src/nnet_utils/nnet_activation.h:670:9: warning: HLS pragma dump _XLX_SEP_ PragmaIsValid=1_XLX_SEP_ PragmaType=pipeline_XLX_SEP_ PragmaContext=_XLX_SEP_ PragmaFunction=binary_tanh_XLX_SEP_ PragmaOptions=_XLX_SEP_ [-Wdump-hls-pragmas]
#pragma HLS PIPELINE
        ^
/home/ayvol/accelerator_wrapper/src/nnet_utils/nnet_activation.h:690:9: warning: HLS pragma dump _XLX_SEP_ PragmaIsValid=1_XLX_SEP_ PragmaType=pipeline_XLX_SEP_ PragmaContext=_XLX_SEP_ PragmaFunction=ternary_tanh_XLX_SEP_ PragmaOptions=_XLX_SEP_ [-Wdump-hls-pragmas]
#pragma HLS PIPELINE
        ^
/home/ayvol/accelerator_wrapper/src/nnet_utils/nnet_activation.h:698:9: warning: HLS pragma dump _XLX_SEP_ PragmaIsValid=1_XLX_SEP_ PragmaType=pipeline_XLX_SEP_ PragmaContext=_XLX_SEP_ PragmaFunction=ternary_tanh_XLX_SEP_ PragmaOptions=_XLX_SEP_ [-Wdump-hls-pragmas]
#pragma HLS PIPELINE
        ^
In file included from /home/ayvol/accelerator_wrapper/src/alveo_hls4ml.cpp:1:
In file included from /home/ayvol/accelerator_wrapper/src/alveo_hls4ml.h:39:
In file included from /home/ayvol/accelerator_wrapper/src/parameters.h:16:
/home/ayvol/accelerator_wrapper/src/nnet_utils/nnet_batchnorm.h:58:9: warning: HLS pragma dump _XLX_SEP_ PragmaIsValid=1_XLX_SEP_ PragmaType=function_instantiate_XLX_SEP_ PragmaContext=_XLX_SEP_ PragmaFunction=normalize_XLX_SEP_ PragmaOptions=variable=scale,bias_XLX_SEP_ [-Wdump-hls-pragmas]
#pragma HLS function_instantiate variable=scale,bias
        ^
/home/ayvol/accelerator_wrapper/src/nnet_utils/nnet_batchnorm.h:64:9: warning: HLS pragma dump _XLX_SEP_ PragmaIsValid=1_XLX_SEP_ PragmaType=pipeline_XLX_SEP_ PragmaContext=_XLX_SEP_ PragmaFunction=normalize_XLX_SEP_ PragmaOptions=II=CONFIG_T::reuse_factor_XLX_SEP_ [-Wdump-hls-pragmas]
#pragma HLS PIPELINE II=CONFIG_T::reuse_factor
        ^
/home/ayvol/accelerator_wrapper/src/nnet_utils/nnet_batchnorm.h:67:9: warning: HLS pragma dump _XLX_SEP_ PragmaIsValid=1_XLX_SEP_ PragmaType=array_partition_XLX_SEP_ PragmaContext=_XLX_SEP_ PragmaFunction=normalize_XLX_SEP_ PragmaOptions=variable=scale complete_XLX_SEP_ [-Wdump-hls-pragmas]
#pragma HLS ARRAY_PARTITION variable=scale complete
        ^
/home/ayvol/accelerator_wrapper/src/nnet_utils/nnet_batchnorm.h:68:9: warning: HLS pragma dump _XLX_SEP_ PragmaIsValid=1_XLX_SEP_ PragmaType=array_partition_XLX_SEP_ PragmaContext=_XLX_SEP_ PragmaFunction=normalize_XLX_SEP_ PragmaOptions=variable=bias complete_XLX_SEP_ [-Wdump-hls-pragmas]
#pragma HLS ARRAY_PARTITION variable=bias complete
        ^
/home/ayvol/accelerator_wrapper/src/nnet_utils/nnet_batchnorm.h:71:34: warning: unexpected pragma argument 'mul', expects function/operation [-Winvalid-hls-pragmas]
#pragma HLS ALLOCATION instances=mul limit=multiplier_limit operation
                                 ^
/home/ayvol/accelerator_wrapper/src/nnet_utils/nnet_batchnorm.h:71:9: warning: HLS pragma dump _XLX_SEP_ PragmaIsValid=0_XLX_SEP_ PragmaType=allocation_XLX_SEP_ PragmaContext=_XLX_SEP_ PragmaFunction=normalize_XLX_SEP_ PragmaOptions=instances=mul_XLX_SEP_ [-Wdump-hls-pragmas]
#pragma HLS ALLOCATION instances=mul limit=multiplier_limit operation
        ^
/home/ayvol/accelerator_wrapper/src/nnet_utils/nnet_batchnorm.h:74:9: warning: HLS pragma dump _XLX_SEP_ PragmaIsValid=1_XLX_SEP_ PragmaType=array_reshape_XLX_SEP_ PragmaContext=_XLX_SEP_ PragmaFunction=normalize_XLX_SEP_ PragmaOptions=variable=scale complete dim=1_XLX_SEP_ [-Wdump-hls-pragmas]
#pragma HLS ARRAY_RESHAPE variable=scale complete dim=1
        ^
/home/ayvol/accelerator_wrapper/src/nnet_utils/nnet_batchnorm.h:75:9: warning: HLS pragma dump _XLX_SEP_ PragmaIsValid=1_XLX_SEP_ PragmaType=array_reshape_XLX_SEP_ PragmaContext=_XLX_SEP_ PragmaFunction=normalize_XLX_SEP_ PragmaOptions=variable=bias complete dim=1_XLX_SEP_ [-Wdump-hls-pragmas]
#pragma HLS ARRAY_RESHAPE variable=bias complete dim=1
        ^
/home/ayvol/accelerator_wrapper/src/nnet_utils/nnet_batchnorm.h:76:9: warning: HLS pragma dump _XLX_SEP_ PragmaIsValid=1_XLX_SEP_ PragmaType=dataflow_XLX_SEP_ PragmaContext=_XLX_SEP_ PragmaFunction=normalize_XLX_SEP_ PragmaOptions=_XLX_SEP_ [-Wdump-hls-pragmas]
#pragma HLS DATAFLOW
        ^
/home/ayvol/accelerator_wrapper/src/nnet_utils/nnet_batchnorm.h:82:9: warning: HLS pragma dump _XLX_SEP_ PragmaIsValid=1_XLX_SEP_ PragmaType=unroll_XLX_SEP_ PragmaContext=_XLX_SEP_ PragmaFunction=normalize_XLX_SEP_ PragmaOptions=_XLX_SEP_ [-Wdump-hls-pragmas]
#pragma HLS UNROLL
        ^
/home/ayvol/accelerator_wrapper/src/nnet_utils/nnet_batchnorm.h:83:9: warning: HLS pragma dump _XLX_SEP_ PragmaIsValid=1_XLX_SEP_ PragmaType=pipeline_XLX_SEP_ PragmaContext=_XLX_SEP_ PragmaFunction=normalize_XLX_SEP_ PragmaOptions=_XLX_SEP_ [-Wdump-hls-pragmas]
#pragma HLS PIPELINE
        ^
/home/ayvol/accelerator_wrapper/src/nnet_utils/nnet_batchnorm.h:114:9: warning: HLS pragma dump _XLX_SEP_ PragmaIsValid=1_XLX_SEP_ PragmaType=pipeline_XLX_SEP_ PragmaContext=_XLX_SEP_ PragmaFunction=normalize_binary_tanh_XLX_SEP_ PragmaOptions=_XLX_SEP_ [-Wdump-hls-pragmas]
#pragma HLS PIPELINE
        ^
/home/ayvol/accelerator_wrapper/src/nnet_utils/nnet_batchnorm.h:115:9: warning: HLS pragma dump _XLX_SEP_ PragmaIsValid=1_XLX_SEP_ PragmaType=array_partition_XLX_SEP_ PragmaContext=_XLX_SEP_ PragmaFunction=normalize_binary_tanh_XLX_SEP_ PragmaOptions=variable=res complete_XLX_SEP_ [-Wdump-hls-pragmas]
#pragma HLS ARRAY_PARTITION variable=res complete
        ^
/home/ayvol/accelerator_wrapper/src/nnet_utils/nnet_batchnorm.h:122:9: warning: HLS pragma dump _XLX_SEP_ PragmaIsValid=1_XLX_SEP_ PragmaType=pipeline_XLX_SEP_ PragmaContext=_XLX_SEP_ PragmaFunction=normalize_binary_tanh_XLX_SEP_ PragmaOptions=_XLX_SEP_ [-Wdump-hls-pragmas]
#pragma HLS PIPELINE
        ^
/home/ayvol/accelerator_wrapper/src/nnet_utils/nnet_batchnorm.h:137:9: warning: HLS pragma dump _XLX_SEP_ PragmaIsValid=1_XLX_SEP_ PragmaType=pipeline_XLX_SEP_ PragmaContext=_XLX_SEP_ PragmaFunction=normalize_ternary_tanh_XLX_SEP_ PragmaOptions=_XLX_SEP_ [-Wdump-hls-pragmas]
#pragma HLS PIPELINE
        ^
/home/ayvol/accelerator_wrapper/src/nnet_utils/nnet_batchnorm.h:138:9: warning: HLS pragma dump _XLX_SEP_ PragmaIsValid=1_XLX_SEP_ PragmaType=array_partition_XLX_SEP_ PragmaContext=_XLX_SEP_ PragmaFunction=normalize_ternary_tanh_XLX_SEP_ PragmaOptions=variable=res complete_XLX_SEP_ [-Wdump-hls-pragmas]
#pragma HLS ARRAY_PARTITION variable=res complete
        ^
/home/ayvol/accelerator_wrapper/src/nnet_utils/nnet_batchnorm.h:145:9: warning: HLS pragma dump _XLX_SEP_ PragmaIsValid=1_XLX_SEP_ PragmaType=pipeline_XLX_SEP_ PragmaContext=_XLX_SEP_ PragmaFunction=normalize_ternary_tanh_XLX_SEP_ PragmaOptions=_XLX_SEP_ [-Wdump-hls-pragmas]
#pragma HLS PIPELINE
        ^
In file included from /home/ayvol/accelerator_wrapper/src/alveo_hls4ml.cpp:1:
In file included from /home/ayvol/accelerator_wrapper/src/alveo_hls4ml.h:39:
In file included from /home/ayvol/accelerator_wrapper/src/parameters.h:17:
/home/ayvol/accelerator_wrapper/src/nnet_utils/nnet_pooling.h:141:34: warning: unexpected pragma argument 'pool_op', expects function/operation [-Winvalid-hls-pragmas]
#pragma HLS ALLOCATION instances=pool_op limit=limit function
                                 ^
/home/ayvol/accelerator_wrapper/src/nnet_utils/nnet_pooling.h:141:9: warning: HLS pragma dump _XLX_SEP_ PragmaIsValid=0_XLX_SEP_ PragmaType=allocation_XLX_SEP_ PragmaContext=_XLX_SEP_ PragmaFunction=pooling2d_cl_XLX_SEP_ PragmaOptions=instances=pool_op_XLX_SEP_ [-Wdump-hls-pragmas]
#pragma HLS ALLOCATION instances=pool_op limit=limit function
        ^
/home/ayvol/accelerator_wrapper/src/nnet_utils/nnet_pooling.h:192:34: warning: unexpected pragma argument 'pool_op', expects function/operation [-Winvalid-hls-pragmas]
#pragma HLS ALLOCATION instances=pool_op limit=limit function
                                 ^
/home/ayvol/accelerator_wrapper/src/nnet_utils/nnet_pooling.h:192:9: warning: HLS pragma dump _XLX_SEP_ PragmaIsValid=0_XLX_SEP_ PragmaType=allocation_XLX_SEP_ PragmaContext=_XLX_SEP_ PragmaFunction=pooling2d_cf_XLX_SEP_ PragmaOptions=instances=pool_op_XLX_SEP_ [-Wdump-hls-pragmas]
#pragma HLS ALLOCATION instances=pool_op limit=limit function
        ^
In file included from /home/ayvol/accelerator_wrapper/src/alveo_hls4ml.cpp:1:
In file included from /home/ayvol/accelerator_wrapper/src/alveo_hls4ml.h:39:
In file included from /home/ayvol/accelerator_wrapper/src/parameters.h:20:
/home/ayvol/accelerator_wrapper/src/nnet_utils/nnet_image.h:27:9: warning: HLS pragma dump _XLX_SEP_ PragmaIsValid=1_XLX_SEP_ PragmaType=pipeline_XLX_SEP_ PragmaContext=_XLX_SEP_ PragmaFunction=resize_nearest_XLX_SEP_ PragmaOptions=II=CONFIG_T::reuse_factor_XLX_SEP_ [-Wdump-hls-pragmas]
#pragma HLS PIPELINE II=CONFIG_T::reuse_factor
        ^
/home/ayvol/accelerator_wrapper/_x.sw_emu.xilinx_u55c_gen3x16_xdma_3_202210_1/alveo_hls4ml/alveo_hls4ml/alveo_hls4ml.tcl:32:9: warning: HLS pragma dump _XLX_SEP_ PragmaIsValid=1_XLX_SEP_ PragmaType=top_XLX_SEP_ PragmaContext=directive_XLX_SEP_ PragmaFunction=alveo_hls4ml_XLX_SEP_ PragmaOptions=name=alveo_hls4ml_XLX_SEP_ [-Wdump-hls-pragmas]
#pragma HLSDIRECTIVE TOP name=alveo_hls4ml
        ^
/home/ayvol/accelerator_wrapper/src/alveo_hls4ml.cpp:42:9: warning: HLS pragma dump _XLX_SEP_ PragmaIsValid=1_XLX_SEP_ PragmaType=dataflow_XLX_SEP_ PragmaContext=_XLX_SEP_ PragmaFunction=alveo_hls4ml_XLX_SEP_ PragmaOptions=_XLX_SEP_ [-Wdump-hls-pragmas]
#pragma HLS DATAFLOW
        ^
/home/ayvol/accelerator_wrapper/src/alveo_hls4ml.cpp:46:9: warning: HLS pragma dump _XLX_SEP_ PragmaIsValid=1_XLX_SEP_ PragmaType=array_reshape_XLX_SEP_ PragmaContext=_XLX_SEP_ PragmaFunction=alveo_hls4ml_XLX_SEP_ PragmaOptions=variable=in_buf complete dim=2_XLX_SEP_ [-Wdump-hls-pragmas]
#pragma HLS ARRAY_RESHAPE variable=in_buf complete dim=2
        ^
/home/ayvol/accelerator_wrapper/src/alveo_hls4ml.cpp:47:9: warning: HLS pragma dump _XLX_SEP_ PragmaIsValid=1_XLX_SEP_ PragmaType=array_reshape_XLX_SEP_ PragmaContext=_XLX_SEP_ PragmaFunction=alveo_hls4ml_XLX_SEP_ PragmaOptions=variable=out_buf complete dim=2_XLX_SEP_ [-Wdump-hls-pragmas]
#pragma HLS ARRAY_RESHAPE variable=out_buf complete dim=2
        ^
/home/ayvol/accelerator_wrapper/src/alveo_hls4ml.cpp:51:9: warning: HLS pragma dump _XLX_SEP_ PragmaIsValid=1_XLX_SEP_ PragmaType=pipeline_XLX_SEP_ PragmaContext=_XLX_SEP_ PragmaFunction=alveo_hls4ml_XLX_SEP_ PragmaOptions=_XLX_SEP_ [-Wdump-hls-pragmas]
#pragma HLS PIPELINE
        ^
/home/ayvol/accelerator_wrapper/src/alveo_hls4ml.cpp:53:9: warning: HLS pragma dump _XLX_SEP_ PragmaIsValid=1_XLX_SEP_ PragmaType=unroll_XLX_SEP_ PragmaContext=_XLX_SEP_ PragmaFunction=alveo_hls4ml_XLX_SEP_ PragmaOptions=_XLX_SEP_ [-Wdump-hls-pragmas]
#pragma HLS UNROLL
        ^
/home/ayvol/accelerator_wrapper/src/alveo_hls4ml.cpp:60:9: warning: HLS pragma dump _XLX_SEP_ PragmaIsValid=1_XLX_SEP_ PragmaType=dataflow_XLX_SEP_ PragmaContext=_XLX_SEP_ PragmaFunction=alveo_hls4ml_XLX_SEP_ PragmaOptions=_XLX_SEP_ [-Wdump-hls-pragmas]
#pragma HLS DATAFLOW
        ^
/home/ayvol/accelerator_wrapper/src/alveo_hls4ml.cpp:66:9: warning: HLS pragma dump _XLX_SEP_ PragmaIsValid=1_XLX_SEP_ PragmaType=pipeline_XLX_SEP_ PragmaContext=_XLX_SEP_ PragmaFunction=alveo_hls4ml_XLX_SEP_ PragmaOptions=_XLX_SEP_ [-Wdump-hls-pragmas]
#pragma HLS PIPELINE
        ^
/home/ayvol/accelerator_wrapper/src/alveo_hls4ml.cpp:68:9: warning: HLS pragma dump _XLX_SEP_ PragmaIsValid=1_XLX_SEP_ PragmaType=unroll_XLX_SEP_ PragmaContext=_XLX_SEP_ PragmaFunction=alveo_hls4ml_XLX_SEP_ PragmaOptions=_XLX_SEP_ [-Wdump-hls-pragmas]
#pragma HLS UNROLL
        ^
181 warnings generated.
