Copyright 1986-2022 Xilinx, Inc. All Rights Reserved.
----------------------------------------------------------------------------------------------------------------------------------------------------------------------------------------------------------------------------------------------------------------------------------------------------------------------------------------------------------------------------
| Tool Version : Vivado v.2022.2 (lin64) Build 3671981 Fri Oct 14 04:59:54 MDT 2022
| Date         : Fri Mar  8 09:58:58 2024
| Host         : egl running 64-bit Ubuntu 20.04.4 LTS
| Command      : report_accelerator_utilization -kernels { alveo_hls4ml:level0_i/ulp/alveo_hls4ml_1/inst:alveo_hls4ml_1 alveo_hls4ml:level0_i/ulp/alveo_hls4ml_2/inst:alveo_hls4ml_2 alveo_hls4ml:level0_i/ulp/alveo_hls4ml_3/inst:alveo_hls4ml_3 alveo_hls4ml:level0_i/ulp/alveo_hls4ml_4/inst:alveo_hls4ml_4} -file kernel_util_placed.rpt -name kernel_util_placed -json
| Design       : level0_wrapper
| Device       : xcu55c
| Design State : Fully Placed
----------------------------------------------------------------------------------------------------------------------------------------------------------------------------------------------------------------------------------------------------------------------------------------------------------------------------------------------------------------------------

Accelerator Utilization Design Information

Table of Contents
-----------------
1. System Utilization

1. System Utilization
---------------------

+---------------------+-------------------+------------------+-------------------+----------------+---------------+----------------+
| Name                | LUT               | LUTAsMem         | REG               | BRAM           | URAM          | DSP            |
+---------------------+-------------------+------------------+-------------------+----------------+---------------+----------------+
| Platform            |  127583 [  9.79%] |  10328 [  1.72%] |  178730 [  6.85%] |  200 [  9.92%] |   0 [  0.00%] |    4 [  0.04%] |
| User Budget         | 1176097 [100.00%] | 590632 [100.00%] | 2428630 [100.00%] | 1816 [100.00%] | 960 [100.00%] | 9020 [100.00%] |
|    Used Resources   |   76355 [  6.49%] |   1944 [  0.33%] |   61222 [  2.52%] |  700 [ 38.55%] |   0 [  0.00%] |  108 [  1.20%] |
|    Unused Resources | 1099742 [ 93.51%] | 588688 [ 99.67%] | 2367408 [ 97.48%] | 1116 [ 61.45%] | 960 [100.00%] | 8912 [ 98.80%] |
| alveo_hls4ml        |   76355 [  6.49%] |   1944 [  0.33%] |   61222 [  2.52%] |  700 [ 38.55%] |   0 [  0.00%] |  108 [  1.20%] |
|    alveo_hls4ml_1   |   19090 [  1.62%] |    486 [  0.08%] |   15216 [  0.63%] |  175 [  9.64%] |   0 [  0.00%] |   27 [  0.30%] |
|    alveo_hls4ml_2   |   19082 [  1.62%] |    486 [  0.08%] |   15294 [  0.63%] |  175 [  9.64%] |   0 [  0.00%] |   27 [  0.30%] |
|    alveo_hls4ml_3   |   19088 [  1.62%] |    486 [  0.08%] |   15469 [  0.64%] |  175 [  9.64%] |   0 [  0.00%] |   27 [  0.30%] |
|    alveo_hls4ml_4   |   19095 [  1.62%] |    486 [  0.08%] |   15243 [  0.63%] |  175 [  9.64%] |   0 [  0.00%] |   27 [  0.30%] |
+---------------------+-------------------+------------------+-------------------+----------------+---------------+----------------+


