Copyright 1986-2022 Xilinx, Inc. All Rights Reserved.
------------------------------------------------------------------------------------------
| Tool Version : Vivado v.2022.2 (lin64) Build 3671981 Fri Oct 14 04:59:54 MDT 2022
| Date         : Fri Mar  8 23:16:48 2024
| Host         : egl running 64-bit Ubuntu 20.04.4 LTS
| Command      : report_utilization -slr -file slr_util_placed.rpt -pb slr_util_placed.pb
| Design       : level0_wrapper
| Device       : xcu55c-fsvh2892-2L-e
| Speed File   : -2L
| Design State : Fully Placed
------------------------------------------------------------------------------------------

Utilization Design Information

Table of Contents
-----------------
1. SLR Connectivity
2. SLR Connectivity Matrix
3. SLR CLB Logic and Dedicated Block Utilization
4. SLR IO Utilization

1. SLR Connectivity
-------------------

+----------------------------------+-------+-------+-----------+-------+
|                                  |  Used | Fixed | Available | Util% |
+----------------------------------+-------+-------+-----------+-------+
| SLR2 <-> SLR1                    |  5666 |       |     23040 | 24.59 |
|   SLR1 -> SLR2                   |  2863 |       |           | 12.43 |
|     Using TX_REG only            |     0 |     0 |           |       |
|     Using RX_REG only            |     0 |     0 |           |       |
|     Using Both TX_REG and RX_REG |     0 |     0 |           |       |
|   SLR2 -> SLR1                   |  2803 |       |           | 12.17 |
|     Using TX_REG only            |     0 |     0 |           |       |
|     Using RX_REG only            |     0 |     0 |           |       |
|     Using Both TX_REG and RX_REG |     0 |     0 |           |       |
| SLR1 <-> SLR0                    |  6263 |       |     23040 | 27.18 |
|   SLR0 -> SLR1                   |  3197 |       |           | 13.88 |
|     Using TX_REG only            |     0 |     0 |           |       |
|     Using RX_REG only            |     0 |     0 |           |       |
|     Using Both TX_REG and RX_REG |     0 |     0 |           |       |
|   SLR1 -> SLR0                   |  3066 |       |           | 13.31 |
|     Using TX_REG only            |     0 |     0 |           |       |
|     Using RX_REG only            |     0 |     0 |           |       |
|     Using Both TX_REG and RX_REG |     0 |     0 |           |       |
+----------------------------------+-------+-------+-----------+-------+
| Total SLLs Used                  | 11929 |       |           |       |
+----------------------------------+-------+-------+-----------+-------+


2. SLR Connectivity Matrix
--------------------------

+-----------+------+------+------+
| FROM \ TO | SLR2 | SLR1 | SLR0 |
+-----------+------+------+------+
| SLR2      |    0 | 2577 |  226 |
| SLR1      | 2751 |    0 | 2840 |
| SLR0      |  112 | 3085 |    0 |
+-----------+------+------+------+


3. SLR CLB Logic and Dedicated Block Utilization
------------------------------------------------

+----------------------------+--------+--------+--------+--------+--------+--------+
|          Site Type         |  SLR0  |  SLR1  |  SLR2  | SLR0 % | SLR1 % | SLR2 % |
+----------------------------+--------+--------+--------+--------+--------+--------+
| CLB                        |  29788 |  44102 |  24614 |  54.20 |  81.67 |  45.58 |
|   CLBL                     |  15461 |  23709 |  13147 |  52.80 |  80.97 |  44.90 |
|   CLBM                     |  14327 |  20393 |  11467 |  55.79 |  82.50 |  46.39 |
| CLB LUTs                   | 129549 | 228246 | 110282 |  29.46 |  52.83 |  25.53 |
|   LUT as Logic             | 122945 | 220555 | 106753 |  27.96 |  51.05 |  24.71 |
|     using O5 output only   |   1654 |   1416 |    712 |   0.38 |   0.33 |   0.16 |
|     using O6 output only   |  85653 | 155061 |  74196 |  19.48 |  35.89 |  17.18 |
|     using O5 and O6        |  35638 |  64078 |  31845 |   8.11 |  14.83 |   7.37 |
|   LUT as Memory            |   6604 |   7691 |   3529 |   3.21 |   3.89 |   1.78 |
|     LUT as Distributed RAM |   3244 |   4820 |   1464 |   1.58 |   2.44 |   0.74 |
|       using O5 output only |      0 |      0 |      0 |   0.00 |   0.00 |   0.00 |
|       using O6 output only |    412 |    730 |    176 |   0.20 |   0.37 |   0.09 |
|       using O5 and O6      |   2832 |   4090 |   1288 |   1.38 |   2.07 |   0.65 |
|     LUT as Shift Register  |   3360 |   2871 |   2065 |   1.64 |   1.45 |   1.04 |
|       using O5 output only |      0 |      0 |      0 |   0.00 |   0.00 |   0.00 |
|       using O6 output only |   2575 |   2669 |   1958 |   1.25 |   1.35 |   0.99 |
|       using O5 and O6      |    785 |    202 |    107 |   0.38 |   0.10 |   0.05 |
| CLB Registers              | 128106 | 173272 |  88273 |  14.57 |  20.05 |  10.22 |
| CARRY8                     |  14087 |  27857 |  13747 |  25.63 |  51.59 |  25.46 |
| F7 Muxes                   |   1551 |   1295 |    566 |   0.71 |   0.60 |   0.26 |
| F8 Muxes                   |    197 |    260 |      0 |   0.18 |   0.24 |   0.00 |
| F9 Muxes                   |      0 |      0 |      0 |   0.00 |   0.00 |   0.00 |
| Block RAM Tile             |     83 |    136 |     73 |  12.35 |  20.24 |  10.86 |
|   RAMB36/FIFO              |     75 |    126 |     68 |  11.16 |  18.75 |  10.12 |
|   RAMB18                   |     16 |     20 |     10 |   1.19 |   1.49 |   0.74 |
| URAM                       |      0 |      0 |      0 |   0.00 |   0.00 |   0.00 |
| DSPs                       |    772 |   1544 |    776 |  26.81 |  50.26 |  25.26 |
| Unique Control Sets        |   3404 |   4378 |   1687 |   3.10 |   4.05 |   1.56 |
+----------------------------+--------+--------+--------+--------+--------+--------+
* Note: Available Control Sets based on CLB Registers / 8


4. SLR IO Utilization
---------------------

+-----------+-----------+---------+------------+----------+------------+----------+-----+
| SLR Index | Used IOBs | (%)IOBs | Used IPADs | (%)IPADs | Used OPADs | (%)OPADs | GTs |
+-----------+-----------+---------+------------+----------+------------+----------+-----+
| SLR2      |         0 |    0.00 |          0 |     0.00 |          0 |     0.00 |   0 |
| SLR1      |         0 |    0.00 |          0 |     0.00 |          0 |     0.00 |   0 |
| SLR0      |        12 |    5.77 |          0 |     0.00 |          0 |     0.00 |  16 |
+-----------+-----------+---------+------------+----------+------------+----------+-----+
| Total     |        12 |         |          0 |          |          0 |          |  16 |
+-----------+-----------+---------+------------+----------+------------+----------+-----+


