Copyright 1986-2022 Xilinx, Inc. All Rights Reserved.
---------------------------------------------------------------------------------------
| Tool Version : Vivado v.2022.2 (lin64) Build 3671981 Fri Oct 14 04:59:54 MDT 2022
| Date         : Mon Mar  4 00:04:46 2024
| Host         : egl running 64-bit Ubuntu 20.04.4 LTS
| Command      : report_utilization -file full_util_placed.rpt -pb full_util_placed.pb
| Design       : level0_wrapper
| Device       : xcu55c-fsvh2892-2L-e
| Speed File   : -2L
| Design State : Fully Placed
---------------------------------------------------------------------------------------

Utilization Design Information

Table of Contents
-----------------
1. CLB Logic
1.1 Summary of Registers by Type
2. CLB Logic Distribution
3. BLOCKRAM
4. ARITHMETIC
5. I/O
6. CLOCK
7. ADVANCED
8. CONFIGURATION
9. Primitives
10. Black Boxes
11. Instantiated Netlists
12. SLR Connectivity
13. SLR Connectivity Matrix
14. SLR CLB Logic and Dedicated Block Utilization
15. SLR IO Utilization

1. CLB Logic
------------

+----------------------------+--------+--------+------------+-----------+-------+
|          Site Type         |  Used  |  Fixed | Prohibited | Available | Util% |
+----------------------------+--------+--------+------------+-----------+-------+
| CLB LUTs                   | 192871 | 107889 |          0 |   1303680 | 14.79 |
|   LUT as Logic             | 179035 | 101912 |          0 |   1303680 | 13.73 |
|   LUT as Memory            |  13836 |   5977 |          0 |    600960 |  2.30 |
|     LUT as Distributed RAM |   8152 |   4564 |            |           |       |
|     LUT as Shift Register  |   5684 |   1413 |            |           |       |
| CLB Registers              | 259946 | 136116 |          0 |   2607360 |  9.97 |
|   Register as Flip Flop    | 259942 | 136112 |          0 |   2607360 |  9.97 |
|   Register as Latch        |      0 |      0 |          0 |   2607360 |  0.00 |
|   Register as AND/OR       |      4 |      4 |          0 |   2607360 | <0.01 |
| CARRY8                     |   2475 |    946 |          0 |    162960 |  1.52 |
| F7 Muxes                   |   3368 |   1684 |          0 |    651840 |  0.52 |
| F8 Muxes                   |    457 |    451 |          0 |    325920 |  0.14 |
| F9 Muxes                   |      0 |      0 |          0 |    162960 |  0.00 |
+----------------------------+--------+--------+------------+-----------+-------+
* Warning! LUT value is adjusted to account for LUT combining.


1.1 Summary of Registers by Type
--------------------------------

+--------+--------------+-------------+--------------+
|  Total | Clock Enable | Synchronous | Asynchronous |
+--------+--------------+-------------+--------------+
| 4      |            _ |           - |            - |
| 0      |            _ |           - |          Set |
| 0      |            _ |           - |        Reset |
| 0      |            _ |         Set |            - |
| 0      |            _ |       Reset |            - |
| 0      |          Yes |           - |            - |
| 392    |          Yes |           - |          Set |
| 4114   |          Yes |           - |        Reset |
| 8583   |          Yes |         Set |            - |
| 246853 |          Yes |       Reset |            - |
+--------+--------------+-------------+--------------+


2. CLB Logic Distribution
-------------------------

+--------------------------------------------+--------+--------+------------+-----------+-------+
|                  Site Type                 |  Used  |  Fixed | Prohibited | Available | Util% |
+--------------------------------------------+--------+--------+------------+-----------+-------+
| CLB                                        |  42242 |      0 |          0 |    162960 | 25.92 |
|   CLBL                                     |  22242 |      0 |            |           |       |
|   CLBM                                     |  20000 |      0 |            |           |       |
| LUT as Logic                               | 179035 | 101912 |          0 |   1303680 | 13.73 |
|   using O5 output only                     |   3427 |        |            |           |       |
|   using O6 output only                     | 131099 |        |            |           |       |
|   using O5 and O6                          |  44509 |        |            |           |       |
| LUT as Memory                              |  13836 |   5977 |          0 |    600960 |  2.30 |
|   LUT as Distributed RAM                   |   8152 |   4564 |            |           |       |
|     using O5 output only                   |      0 |        |            |           |       |
|     using O6 output only                   |    646 |        |            |           |       |
|     using O5 and O6                        |   7506 |        |            |           |       |
|   LUT as Shift Register                    |   5684 |   1413 |            |           |       |
|     using O5 output only                   |      0 |        |            |           |       |
|     using O6 output only                   |   3562 |        |            |           |       |
|     using O5 and O6                        |   2122 |        |            |           |       |
| CLB Registers                              | 259946 |      0 |          0 |   2607360 |  9.97 |
|   Register driven from within the CLB      | 124816 |        |            |           |       |
|   Register driven from outside the CLB     | 135130 |        |            |           |       |
|     LUT in front of the register is unused |  77097 |        |            |           |       |
|     LUT in front of the register is used   |  58033 |        |            |           |       |
| Unique Control Sets                        |  11209 |        |          0 |    325920 |  3.44 |
+--------------------------------------------+--------+--------+------------+-----------+-------+
* * Note: Available Control Sets calculated as Slices * 2, Review the Control Sets Report for more information regarding control sets.


3. BLOCKRAM
-----------

+-------------------+------+-------+------------+-----------+-------+
|     Site Type     | Used | Fixed | Prohibited | Available | Util% |
+-------------------+------+-------+------------+-----------+-------+
| Block RAM Tile    |  546 |     0 |          0 |      2016 | 27.08 |
|   RAMB36/FIFO*    |  541 |   193 |          0 |      2016 | 26.84 |
|     RAMB36E2 only |  541 |       |            |           |       |
|   RAMB18          |   10 |     6 |          0 |      4032 |  0.25 |
|     RAMB18E2 only |   10 |       |            |           |       |
| URAM              |    0 |     0 |          0 |       960 |  0.00 |
+-------------------+------+-------+------------+-----------+-------+
* Note: Each Block RAM Tile only has one FIFO logic available and therefore can accommodate only one FIFO36E2 or one FIFO18E2. However, if a FIFO18E2 occupies a Block RAM Tile, that tile can still accommodate a RAMB18E2


4. ARITHMETIC
-------------

+----------------+------+-------+------------+-----------+-------+
|    Site Type   | Used | Fixed | Prohibited | Available | Util% |
+----------------+------+-------+------------+-----------+-------+
| DSPs           |    4 |     4 |          0 |      9024 |  0.04 |
|   DSP48E2 only |    4 |       |            |           |       |
+----------------+------+-------+------------+-----------+-------+


5. I/O
------

+------------------+------+-------+------------+-----------+-------+
|     Site Type    | Used | Fixed | Prohibited | Available | Util% |
+------------------+------+-------+------------+-----------+-------+
| Bonded IOB       |   12 |    12 |          0 |       624 |  1.92 |
| HPIOB_M          |    6 |     6 |          0 |       288 |  2.08 |
|   INPUT          |    3 |       |            |           |       |
|   OUTPUT         |    3 |       |            |           |       |
|   BIDIR          |    0 |       |            |           |       |
| HPIOB_S          |    5 |     5 |          0 |       288 |  1.74 |
|   INPUT          |    5 |       |            |           |       |
|   OUTPUT         |    0 |       |            |           |       |
|   BIDIR          |    0 |       |            |           |       |
| HPIOB_SNGL       |    1 |     1 |          0 |        48 |  2.08 |
|   INPUT          |    1 |       |            |           |       |
|   OUTPUT         |    0 |       |            |           |       |
|   BIDIR          |    0 |       |            |           |       |
| HPIOBDIFFINBUF   |    1 |     1 |          0 |       288 |  0.35 |
|   DIFFINBUF      |    1 |     1 |            |           |       |
| HPIOBDIFFOUTBUF  |    0 |     0 |          0 |       288 |  0.00 |
| BITSLICE_CONTROL |    0 |     0 |          0 |        96 |  0.00 |
| BITSLICE_RX_TX   |    0 |     0 |          0 |      3744 |  0.00 |
| BITSLICE_TX      |    0 |     0 |          0 |        96 |  0.00 |
| RIU_OR           |    0 |     0 |          0 |        48 |  0.00 |
+------------------+------+-------+------------+-----------+-------+


6. CLOCK
--------

+----------------------+------+-------+------------+-----------+-------+
|       Site Type      | Used | Fixed | Prohibited | Available | Util% |
+----------------------+------+-------+------------+-----------+-------+
| GLOBAL CLOCK BUFFERs |   42 |    31 |          0 |      1008 |  4.17 |
|   BUFGCE             |   17 |     6 |          0 |       288 |  5.90 |
|   BUFGCE_DIV         |    1 |     1 |          0 |        48 |  2.08 |
|   BUFG_GT            |   22 |    22 |          0 |       576 |  3.82 |
|   BUFGCTRL*          |    1 |     1 |          0 |        96 |  1.04 |
| PLL                  |    1 |     1 |          0 |        24 |  4.17 |
| MMCM                 |    3 |     1 |          0 |        12 | 25.00 |
+----------------------+------+-------+------------+-----------+-------+
* Note: Each used BUFGCTRL counts as two GLOBAL CLOCK BUFFERs. This table does not include global clocking resources, only buffer cell usage. See the Clock Utilization Report (report_clock_utilization) for detailed accounting of global clocking resource availability.


7. ADVANCED
-----------

+----------------------+------+-------+------------+-----------+--------+
|       Site Type      | Used | Fixed | Prohibited | Available |  Util% |
+----------------------+------+-------+------------+-----------+--------+
| CMACE4               |    0 |     0 |          0 |         8 |   0.00 |
| GTYE4_CHANNEL        |   16 |    16 |          0 |        40 |  40.00 |
| GTYE4_COMMON         |    4 |     4 |          0 |        10 |  40.00 |
| HBM_REF_CLK          |    2 |     2 |          0 |         2 | 100.00 |
| HBM_SNGLBLI_INTF_APB |    2 |     2 |          0 |        32 |   6.25 |
| HBM_SNGLBLI_INTF_AXI |   32 |    32 |          0 |        32 | 100.00 |
| ILKNE4               |    0 |     0 |          0 |         4 |   0.00 |
| OBUFDS_GTE4          |    0 |     0 |          0 |        20 |   0.00 |
| OBUFDS_GTE4_ADV      |    0 |     0 |          0 |        20 |   0.00 |
| PCIE40E4             |    0 |     0 |          0 |         2 |   0.00 |
| PCIE4CE4             |    1 |     1 |          0 |         4 |  25.00 |
| SYSMONE4             |    0 |     0 |          0 |         3 |   0.00 |
+----------------------+------+-------+------------+-----------+--------+


8. CONFIGURATION
----------------

+-------------+------+-------+------------+-----------+-------+
|  Site Type  | Used | Fixed | Prohibited | Available | Util% |
+-------------+------+-------+------------+-----------+-------+
| BSCANE2     |    1 |     1 |          0 |        12 |  8.33 |
| DNA_PORTE2  |    0 |     0 |          0 |         3 |  0.00 |
| EFUSE_USR   |    0 |     0 |          0 |         3 |  0.00 |
| FRAME_ECCE4 |    0 |     0 |          0 |         3 |  0.00 |
| ICAPE3      |    1 |     1 |          0 |         6 | 16.67 |
| MASTER_JTAG |    0 |     0 |          0 |         3 |  0.00 |
| STARTUPE3   |    1 |     1 |          0 |         3 | 33.33 |
+-------------+------+-------+------------+-----------+-------+


9. Primitives
-------------

+----------------------+--------+---------------------+
|       Ref Name       |  Used  | Functional Category |
+----------------------+--------+---------------------+
| FDRE                 | 246853 |            Register |
| LUT6                 |  66083 |                 CLB |
| LUT3                 |  44293 |                 CLB |
| LUT4                 |  41416 |                 CLB |
| LUT5                 |  37484 |                 CLB |
| LUT2                 |  28487 |                 CLB |
| RAMD32               |  13232 |                 CLB |
| FDSE                 |   8583 |            Register |
| LUT1                 |   5781 |                 CLB |
| SRL16E               |   4977 |                 CLB |
| FDCE                 |   4114 |            Register |
| MUXF7                |   3368 |                 CLB |
| SRLC32E              |   2815 |                 CLB |
| CARRY8               |   2475 |                 CLB |
| RAMS32               |   1858 |                 CLB |
| RAMB36E2             |    541 |            BLOCKRAM |
| RAMD64E              |    528 |                 CLB |
| MUXF8                |    457 |                 CLB |
| FDPE                 |    392 |            Register |
| RAMS64E              |     40 |                 CLB |
| HBM_SNGLBLI_INTF_AXI |     32 |            Advanced |
| BUFG_GT              |     22 |               Clock |
| BUFG_GT_SYNC         |     17 |               Clock |
| BUFGCE               |     17 |               Clock |
| GTYE4_CHANNEL        |     16 |            Advanced |
| SRLC16E              |     14 |                 CLB |
| RAMB18E2             |     10 |            BLOCKRAM |
| IBUFCTRL             |      8 |              Others |
| INBUF                |      7 |                 I/O |
| GTYE4_COMMON         |      4 |            Advanced |
| DSP48E2              |      4 |          Arithmetic |
| AND2B1L              |      4 |              Others |
| OBUF                 |      3 |                 I/O |
| MMCME4_ADV           |      3 |               Clock |
| HBM_SNGLBLI_INTF_APB |      2 |            Advanced |
| HBM_REF_CLK          |      2 |            Advanced |
| STARTUPE3            |      1 |       Configuration |
| PLLE4_ADV            |      1 |               Clock |
| PCIE4CE4             |      1 |            Advanced |
| ICAPE3               |      1 |       Configuration |
| IBUFDS_GTE4          |      1 |                 I/O |
| DIFFINBUF            |      1 |                 I/O |
| BUFGCTRL             |      1 |               Clock |
| BUFGCE_DIV           |      1 |               Clock |
| BSCANE2              |      1 |       Configuration |
+----------------------+--------+---------------------+


10. Black Boxes
---------------

+----------+------+
| Ref Name | Used |
+----------+------+


11. Instantiated Netlists
-------------------------

+--------------------------------------------+------+
|                  Ref Name                  | Used |
+--------------------------------------------+------+
| xsdbm                                      |    1 |
| ulp_xbar_1                                 |    1 |
| ulp_xbar_0                                 |    1 |
| ulp_ulp_ucs_0                              |    1 |
| ulp_ulp_cmp_0                              |    1 |
| ulp_s00_regslice_17                        |    1 |
| ulp_s00_regslice_16                        |    1 |
| ulp_s00_regslice_15                        |    1 |
| ulp_regslice_control_userpf_2              |    1 |
| ulp_regslice_control_userpf_1              |    1 |
| ulp_regslice_control_userpf_0              |    1 |
| ulp_proc_sys_reset_kernel_slr0_0           |    1 |
| ulp_proc_sys_reset_ctrl_slr2_0             |    1 |
| ulp_proc_sys_reset_ctrl_slr1_0             |    1 |
| ulp_proc_sys_reset_ctrl_slr0_0             |    1 |
| ulp_m04_regslice_0                         |    1 |
| ulp_m03_regslice_0                         |    1 |
| ulp_m02_regslice_0                         |    1 |
| ulp_m01_regslice_0                         |    1 |
| ulp_m00_regslice_0                         |    1 |
| ulp_ii_level0_wire_0                       |    1 |
| ulp_hmss_0_0                               |    1 |
| ulp_axi_vip_data_0                         |    1 |
| ulp_axi_vip_ctrl_userpf_2                  |    1 |
| ulp_axi_vip_ctrl_userpf_1                  |    1 |
| ulp_axi_vip_ctrl_userpf_0                  |    1 |
| ulp_axi_gpio_null_2                        |    1 |
| ulp_axi_gpio_null_1                        |    1 |
| ulp_axi_gpio_null_0                        |    1 |
| ulp_auto_cc_6                              |    1 |
| ulp_auto_cc_5                              |    1 |
| ulp_auto_cc_4                              |    1 |
| ulp_auto_cc_3                              |    1 |
| ulp_auto_cc_2                              |    1 |
| ulp_auto_cc_1                              |    1 |
| ulp_auto_cc_0                              |    1 |
| ulp_alveo_hls4ml_4_0                       |    1 |
| ulp_alveo_hls4ml_3_0                       |    1 |
| ulp_alveo_hls4ml_2_0                       |    1 |
| ulp_alveo_hls4ml_1_0                       |    1 |
| ulp                                        |    1 |
| level0_ii_level0_pipe_0                    |    1 |
| blp_wrapper                                |    1 |
| bd_85ad_vip_S08_0                          |    1 |
| bd_85ad_vip_S07_0                          |    1 |
| bd_85ad_vip_S06_0                          |    1 |
| bd_85ad_vip_S05_0                          |    1 |
| bd_85ad_vip_S04_0                          |    1 |
| bd_85ad_vip_S03_0                          |    1 |
| bd_85ad_vip_S02_0                          |    1 |
| bd_85ad_vip_S01_0                          |    1 |
| bd_85ad_vip_S00_0                          |    1 |
| bd_85ad_util_vector_logic_0                |    1 |
| bd_85ad_slice8_28_0                        |    1 |
| bd_85ad_slice7_24_0                        |    1 |
| bd_85ad_slice6_20_0                        |    1 |
| bd_85ad_slice5_16_0                        |    1 |
| bd_85ad_slice4_12_0                        |    1 |
| bd_85ad_slice3_8_0                         |    1 |
| bd_85ad_slice2_4_0                         |    1 |
| bd_85ad_slice1_0_0                         |    1 |
| bd_85ad_slice0_13_0                        |    1 |
| bd_85ad_interconnect8_28_0                 |    1 |
| bd_85ad_interconnect7_24_0                 |    1 |
| bd_85ad_interconnect6_20_0                 |    1 |
| bd_85ad_interconnect5_16_0                 |    1 |
| bd_85ad_interconnect4_12_0                 |    1 |
| bd_85ad_interconnect3_8_0                  |    1 |
| bd_85ad_interconnect2_4_0                  |    1 |
| bd_85ad_interconnect1_0_0                  |    1 |
| bd_85ad_interconnect0_13_0                 |    1 |
| bd_85ad_init_reduce_0                      |    1 |
| bd_85ad_hbm_reset_sync_SLR2_0              |    1 |
| bd_85ad_hbm_reset_sync_SLR0_0              |    1 |
| bd_85ad_hbm_inst_0                         |    1 |
| bd_85ad_axi_apb_bridge_inst_0              |    1 |
| bd_7cf0_bsip_0                             |    1 |
| bd_7cf0_bs_switch_1_0                      |    1 |
| bd_7cf0_axi_jtag_0                         |    1 |
| bd_58f6_xsdbm_0                            |    1 |
| bd_58f6_lut_buffer_0                       |    1 |
| bd_22c0_xbar_1                             |    1 |
| bd_22c0_xbar_0                             |    1 |
| bd_22c0_psreset_kernel_01_0                |    1 |
| bd_22c0_psreset_kernel_00_0                |    1 |
| bd_22c0_psreset_hbm_0                      |    1 |
| bd_22c0_psreset_aclk_freerun_0             |    1 |
| bd_22c0_gpio_ucs_control_status_0          |    1 |
| bd_22c0_gpio_gapping_demand_0              |    1 |
| bd_22c0_gapping_demand_update_0            |    1 |
| bd_22c0_gapping_demand_toggle_0            |    1 |
| bd_22c0_frequency_counter_aclk_kernel_01_0 |    1 |
| bd_22c0_frequency_counter_aclk_kernel_00_0 |    1 |
| bd_22c0_frequency_counter_aclk_hbm_0       |    1 |
| bd_22c0_frequency_counter_aclk_0           |    1 |
| bd_22c0_fanout_aresetn_pcie_slr2_4_0       |    1 |
| bd_22c0_fanout_aresetn_pcie_slr2_3_0       |    1 |
| bd_22c0_fanout_aresetn_pcie_slr2_2_0       |    1 |
| bd_22c0_fanout_aresetn_pcie_slr2_1_0       |    1 |
| bd_22c0_fanout_aresetn_pcie_slr1_4_0       |    1 |
| bd_22c0_fanout_aresetn_pcie_slr1_3_0       |    1 |
| bd_22c0_fanout_aresetn_pcie_slr1_2_0       |    1 |
| bd_22c0_fanout_aresetn_pcie_slr1_1_0       |    1 |
| bd_22c0_fanout_aresetn_pcie_slr0_4_0       |    1 |
| bd_22c0_fanout_aresetn_pcie_slr0_3_0       |    1 |
| bd_22c0_fanout_aresetn_pcie_slr0_2_0       |    1 |
| bd_22c0_fanout_aresetn_pcie_slr0_1_0       |    1 |
| bd_22c0_fanout_aresetn_kernel_01_slr2_4_0  |    1 |
| bd_22c0_fanout_aresetn_kernel_01_slr2_3_0  |    1 |
| bd_22c0_fanout_aresetn_kernel_01_slr2_2_0  |    1 |
| bd_22c0_fanout_aresetn_kernel_01_slr2_1_0  |    1 |
| bd_22c0_fanout_aresetn_kernel_01_slr1_4_0  |    1 |
| bd_22c0_fanout_aresetn_kernel_01_slr1_3_0  |    1 |
| bd_22c0_fanout_aresetn_kernel_01_slr1_2_0  |    1 |
| bd_22c0_fanout_aresetn_kernel_01_slr1_1_0  |    1 |
| bd_22c0_fanout_aresetn_kernel_01_slr0_4_0  |    1 |
| bd_22c0_fanout_aresetn_kernel_01_slr0_3_0  |    1 |
| bd_22c0_fanout_aresetn_kernel_01_slr0_2_0  |    1 |
| bd_22c0_fanout_aresetn_kernel_01_slr0_1_0  |    1 |
| bd_22c0_fanout_aresetn_kernel_00_slr2_4_0  |    1 |
| bd_22c0_fanout_aresetn_kernel_00_slr2_3_0  |    1 |
| bd_22c0_fanout_aresetn_kernel_00_slr2_2_0  |    1 |
| bd_22c0_fanout_aresetn_kernel_00_slr2_1_0  |    1 |
| bd_22c0_fanout_aresetn_kernel_00_slr1_4_0  |    1 |
| bd_22c0_fanout_aresetn_kernel_00_slr1_3_0  |    1 |
| bd_22c0_fanout_aresetn_kernel_00_slr1_2_0  |    1 |
| bd_22c0_fanout_aresetn_kernel_00_slr1_1_0  |    1 |
| bd_22c0_fanout_aresetn_kernel_00_slr0_4_0  |    1 |
| bd_22c0_fanout_aresetn_kernel_00_slr0_3_0  |    1 |
| bd_22c0_fanout_aresetn_kernel_00_slr0_2_0  |    1 |
| bd_22c0_fanout_aresetn_kernel_00_slr0_1_0  |    1 |
| bd_22c0_fanout_aresetn_hbm_0               |    1 |
| bd_22c0_fanout_aresetn_ctrl_slr2_4_0       |    1 |
| bd_22c0_fanout_aresetn_ctrl_slr2_3_0       |    1 |
| bd_22c0_fanout_aresetn_ctrl_slr2_2_0       |    1 |
| bd_22c0_fanout_aresetn_ctrl_slr2_1_0       |    1 |
| bd_22c0_fanout_aresetn_ctrl_slr1_4_0       |    1 |
| bd_22c0_fanout_aresetn_ctrl_slr1_3_0       |    1 |
| bd_22c0_fanout_aresetn_ctrl_slr1_2_0       |    1 |
| bd_22c0_fanout_aresetn_ctrl_slr1_1_0       |    1 |
| bd_22c0_fanout_aresetn_ctrl_slr0_4_0       |    1 |
| bd_22c0_fanout_aresetn_ctrl_slr0_3_0       |    1 |
| bd_22c0_fanout_aresetn_ctrl_slr0_2_0       |    1 |
| bd_22c0_fanout_aresetn_ctrl_slr0_1_0       |    1 |
| bd_22c0_clock_throttling_avg_0             |    1 |
| bd_22c0_clock_throttling_aclk_kernel_01_0  |    1 |
| bd_22c0_clock_throttling_aclk_kernel_00_0  |    1 |
| bd_22c0_clock_shutdown_latch_0             |    1 |
| bd_22c0_clkwiz_hbm_0                       |    1 |
| bd_22c0_clkwiz_aclk_kernel_01_0            |    1 |
| bd_22c0_clkwiz_aclk_kernel_00_0            |    1 |
| bd_22c0_clk_hbm_adapt_0                    |    1 |
| bd_22c0_build_info_0                       |    1 |
| bd_22c0_auto_cc_0                          |    1 |
| bd_22c0_aclk_kernel_01_cont_adapt_0        |    1 |
| bd_22c0_aclk_kernel_01_adapt_0             |    1 |
| bd_22c0_aclk_kernel_00_cont_adapt_0        |    1 |
| bd_22c0_aclk_kernel_00_adapt_0             |    1 |
| bd_097b_user_debug_hub_0                   |    1 |
| bd_097b_user_debug_bridge_0                |    1 |
| bd_097b_build_info_0                       |    1 |
+--------------------------------------------+------+


12. SLR Connectivity
--------------------

+----------------------------------+-------+-------+-----------+-------+
|                                  |  Used | Fixed | Available | Util% |
+----------------------------------+-------+-------+-----------+-------+
| SLR2 <-> SLR1                    |  5101 |       |     23040 | 22.14 |
|   SLR1 -> SLR2                   |  2592 |       |           | 11.25 |
|     Using TX_REG only            |     0 |     0 |           |       |
|     Using RX_REG only            |     0 |     0 |           |       |
|     Using Both TX_REG and RX_REG |     0 |     0 |           |       |
|   SLR2 -> SLR1                   |  2509 |       |           | 10.89 |
|     Using TX_REG only            |     0 |     0 |           |       |
|     Using RX_REG only            |     0 |     0 |           |       |
|     Using Both TX_REG and RX_REG |     0 |     0 |           |       |
| SLR1 <-> SLR0                    |  5396 |       |     23040 | 23.42 |
|   SLR0 -> SLR1                   |  2820 |       |           | 12.24 |
|     Using TX_REG only            |     0 |     0 |           |       |
|     Using RX_REG only            |     0 |     0 |           |       |
|     Using Both TX_REG and RX_REG |     0 |     0 |           |       |
|   SLR1 -> SLR0                   |  2576 |       |           | 11.18 |
|     Using TX_REG only            |     0 |     0 |           |       |
|     Using RX_REG only            |     0 |     0 |           |       |
|     Using Both TX_REG and RX_REG |     0 |     0 |           |       |
+----------------------------------+-------+-------+-----------+-------+
| Total SLLs Used                  | 10497 |       |           |       |
+----------------------------------+-------+-------+-----------+-------+


13. SLR Connectivity Matrix
---------------------------

+-----------+------+------+------+
| FROM \ TO | SLR2 | SLR1 | SLR0 |
+-----------+------+------+------+
| SLR2      |    0 | 2367 |  142 |
| SLR1      | 2528 |    0 | 2434 |
| SLR0      |   64 | 2756 |    0 |
+-----------+------+------+------+


14. SLR CLB Logic and Dedicated Block Utilization
-------------------------------------------------

+----------------------------+--------+-------+-------+--------+--------+--------+
|          Site Type         |  SLR0  |  SLR1 |  SLR2 | SLR0 % | SLR1 % | SLR2 % |
+----------------------------+--------+-------+-------+--------+--------+--------+
| CLB                        |  24916 | 10337 |  6989 |  45.33 |  19.14 |  12.94 |
|   CLBL                     |  13052 |  5635 |  3555 |  44.58 |  19.25 |  12.14 |
|   CLBM                     |  11864 |  4702 |  3434 |  46.20 |  19.02 |  13.89 |
| CLB LUTs                   | 109238 | 58100 | 25533 |  24.84 |  13.45 |   5.91 |
|   LUT as Logic             | 100595 | 54432 | 24008 |  22.88 |  12.60 |   5.56 |
|     using O5 output only   |   2132 |   860 |   435 |   0.48 |   0.20 |   0.10 |
|     using O6 output only   |  73709 | 40327 | 17063 |  16.76 |   9.33 |   3.95 |
|     using O5 and O6        |  24754 | 13245 |  6510 |   5.63 |   3.07 |   1.51 |
|   LUT as Memory            |   8643 |  3668 |  1525 |   4.21 |   1.85 |   0.77 |
|     LUT as Distributed RAM |   3800 |  3532 |   820 |   1.85 |   1.79 |   0.41 |
|       using O5 output only |      0 |     0 |     0 |   0.00 |   0.00 |   0.00 |
|       using O6 output only |    256 |   386 |     4 |   0.12 |   0.20 |  <0.01 |
|       using O5 and O6      |   3544 |  3146 |   816 |   1.73 |   1.59 |   0.41 |
|     LUT as Shift Register  |   4843 |   136 |   705 |   2.36 |   0.07 |   0.36 |
|       using O5 output only |      0 |     0 |     0 |   0.00 |   0.00 |   0.00 |
|       using O6 output only |   2811 |    80 |   671 |   1.37 |   0.04 |   0.34 |
|       using O5 and O6      |   2032 |    56 |    34 |   0.99 |   0.03 |   0.02 |
| CLB Registers              | 158394 | 66232 | 35320 |  18.01 |   7.67 |   4.09 |
| CARRY8                     |   1791 |   577 |   107 |   3.26 |   1.07 |   0.20 |
| F7 Muxes                   |   1894 |  1037 |   437 |   0.86 |   0.48 |   0.20 |
| F8 Muxes                   |    197 |   260 |     0 |   0.18 |   0.24 |   0.00 |
| F9 Muxes                   |      0 |     0 |     0 |   0.00 |   0.00 |   0.00 |
| Block RAM Tile             |    406 |    90 |    50 |  60.42 |  13.39 |   7.44 |
|   RAMB36/FIFO              |    401 |    90 |    50 |  59.67 |  13.39 |   7.44 |
|   RAMB18                   |     10 |     0 |     0 |   0.74 |   0.00 |   0.00 |
| URAM                       |      0 |     0 |     0 |   0.00 |   0.00 |   0.00 |
| DSPs                       |      0 |     0 |     4 |   0.00 |   0.00 |   0.13 |
| Unique Control Sets        |   7005 |  3176 |  1102 |   6.37 |   2.94 |   1.02 |
+----------------------------+--------+-------+-------+--------+--------+--------+
* Note: Available Control Sets based on CLB Registers / 8


15. SLR IO Utilization
----------------------

+-----------+-----------+---------+------------+----------+------------+----------+-----+
| SLR Index | Used IOBs | (%)IOBs | Used IPADs | (%)IPADs | Used OPADs | (%)OPADs | GTs |
+-----------+-----------+---------+------------+----------+------------+----------+-----+
| SLR2      |         0 |    0.00 |          0 |     0.00 |          0 |     0.00 |   0 |
| SLR1      |         0 |    0.00 |          0 |     0.00 |          0 |     0.00 |   0 |
| SLR0      |        12 |    5.77 |          0 |     0.00 |          0 |     0.00 |  16 |
+-----------+-----------+---------+------------+----------+------------+----------+-----+
| Total     |        12 |         |          0 |          |          0 |          |  16 |
+-----------+-----------+---------+------------+----------+------------+----------+-----+


