Copyright 1986-2022 Xilinx, Inc. All Rights Reserved.
------------------------------------------------------------------------------------------
| Tool Version : Vivado v.2022.2 (lin64) Build 3671981 Fri Oct 14 04:59:54 MDT 2022
| Date         : Fri Mar  1 08:45:51 2024
| Host         : egl running 64-bit Ubuntu 20.04.4 LTS
| Command      : report_utilization -slr -file slr_util_routed.rpt -pb slr_util_routed.pb
| Design       : level0_wrapper
| Device       : xcu55c-fsvh2892-2L-e
| Speed File   : -2L
| Design State : Routed
------------------------------------------------------------------------------------------

Utilization Design Information

Table of Contents
-----------------
1. SLR Connectivity
2. SLR Connectivity Matrix
3. SLR CLB Logic and Dedicated Block Utilization
4. SLR IO Utilization

1. SLR Connectivity
-------------------

+----------------------------------+-------+-------+-----------+-------+
|                                  |  Used | Fixed | Available | Util% |
+----------------------------------+-------+-------+-----------+-------+
| SLR2 <-> SLR1                    |  5106 |       |     23040 | 22.16 |
|   SLR1 -> SLR2                   |  2594 |       |           | 11.26 |
|     Using TX_REG only            |     0 |     0 |           |       |
|     Using RX_REG only            |     0 |     0 |           |       |
|     Using Both TX_REG and RX_REG |     0 |     0 |           |       |
|   SLR2 -> SLR1                   |  2512 |       |           | 10.90 |
|     Using TX_REG only            |     0 |     0 |           |       |
|     Using RX_REG only            |     0 |     0 |           |       |
|     Using Both TX_REG and RX_REG |     0 |     0 |           |       |
| SLR1 <-> SLR0                    |  5317 |       |     23040 | 23.08 |
|   SLR0 -> SLR1                   |  2792 |       |           | 12.12 |
|     Using TX_REG only            |     0 |     0 |           |       |
|     Using RX_REG only            |     0 |     0 |           |       |
|     Using Both TX_REG and RX_REG |     0 |     0 |           |       |
|   SLR1 -> SLR0                   |  2525 |       |           | 10.96 |
|     Using TX_REG only            |     0 |     0 |           |       |
|     Using RX_REG only            |     0 |     0 |           |       |
|     Using Both TX_REG and RX_REG |     0 |     0 |           |       |
+----------------------------------+-------+-------+-----------+-------+
| Total SLLs Used                  | 10423 |       |           |       |
+----------------------------------+-------+-------+-----------+-------+


2. SLR Connectivity Matrix
--------------------------

+-----------+------+------+------+
| FROM \ TO | SLR2 | SLR1 | SLR0 |
+-----------+------+------+------+
| SLR2      |    0 | 2354 |  158 |
| SLR1      | 2528 |    0 | 2367 |
| SLR0      |   66 | 2726 |    0 |
+-----------+------+------+------+


3. SLR CLB Logic and Dedicated Block Utilization
------------------------------------------------

+----------------------------+--------+-------+-------+--------+--------+--------+
|          Site Type         |  SLR0  |  SLR1 |  SLR2 | SLR0 % | SLR1 % | SLR2 % |
+----------------------------+--------+-------+-------+--------+--------+--------+
| CLB                        |  20584 |  9841 |  7065 |  37.45 |  18.22 |  13.08 |
|   CLBL                     |  11125 |  5483 |  3604 |  38.00 |  18.73 |  12.31 |
|   CLBM                     |   9459 |  4358 |  3461 |  36.83 |  17.63 |  14.00 |
| CLB LUTs                   |  89976 | 57931 | 25408 |  20.46 |  13.41 |   5.88 |
|   LUT as Logic             |  81033 | 54263 | 23883 |  18.43 |  12.56 |   5.53 |
|     using O5 output only   |   1693 |   855 |   434 |   0.39 |   0.20 |   0.10 |
|     using O6 output only   |  53832 | 40242 | 16982 |  12.24 |   9.32 |   3.93 |
|     using O5 and O6        |  25508 | 13166 |  6467 |   5.80 |   3.05 |   1.50 |
|   LUT as Memory            |   8943 |  3668 |  1525 |   4.35 |   1.85 |   0.77 |
|     LUT as Distributed RAM |   3928 |  3532 |   820 |   1.91 |   1.79 |   0.41 |
|       using O5 output only |      0 |     0 |     0 |   0.00 |   0.00 |   0.00 |
|       using O6 output only |    240 |   386 |     4 |   0.12 |   0.20 |  <0.01 |
|       using O5 and O6      |   3688 |  3146 |   816 |   1.80 |   1.59 |   0.41 |
|     LUT as Shift Register  |   5015 |   136 |   705 |   2.44 |   0.07 |   0.36 |
|       using O5 output only |      0 |     0 |     0 |   0.00 |   0.00 |   0.00 |
|       using O6 output only |   2987 |    80 |   671 |   1.45 |   0.04 |   0.34 |
|       using O5 and O6      |   2028 |    56 |    34 |   0.99 |   0.03 |   0.02 |
| CLB Registers              | 117154 | 66098 | 35127 |  13.32 |   7.65 |   4.07 |
| CARRY8                     |   3683 |   577 |   107 |   6.70 |   1.07 |   0.20 |
| F7 Muxes                   |   1794 |  1037 |   437 |   0.82 |   0.48 |   0.20 |
| F8 Muxes                   |    197 |   260 |     0 |   0.18 |   0.24 |   0.00 |
| F9 Muxes                   |      0 |     0 |     0 |   0.00 |   0.00 |   0.00 |
| Block RAM Tile             |     70 |    90 |    50 |  10.42 |  13.39 |   7.44 |
|   RAMB36/FIFO              |     65 |    90 |    50 |   9.67 |  13.39 |   7.44 |
|   RAMB18                   |     10 |     0 |     0 |   0.74 |   0.00 |   0.00 |
| URAM                       |      0 |     0 |     0 |   0.00 |   0.00 |   0.00 |
| DSPs                       |      8 |     0 |     4 |   0.28 |   0.00 |   0.13 |
| Unique Control Sets        |   4077 |  3149 |  1091 |   3.71 |   2.92 |   1.01 |
+----------------------------+--------+-------+-------+--------+--------+--------+
* Note: Available Control Sets based on CLB Registers / 8


4. SLR IO Utilization
---------------------

+-----------+-----------+---------+------------+----------+------------+----------+-----+
| SLR Index | Used IOBs | (%)IOBs | Used IPADs | (%)IPADs | Used OPADs | (%)OPADs | GTs |
+-----------+-----------+---------+------------+----------+------------+----------+-----+
| SLR2      |         0 |    0.00 |          0 |     0.00 |          0 |     0.00 |   0 |
| SLR1      |         0 |    0.00 |          0 |     0.00 |          0 |     0.00 |   0 |
| SLR0      |        12 |    5.77 |          0 |     0.00 |          0 |     0.00 |  16 |
+-----------+-----------+---------+------------+----------+------------+----------+-----+
| Total     |        12 |         |          0 |          |          0 |          |  16 |
+-----------+-----------+---------+------------+----------+------------+----------+-----+


