Copyright 1986-2022 Xilinx, Inc. All Rights Reserved.
------------------------------------------------------------------------------------------------------------------------------------------------------------------------------------------------------------------------------------------------------------------------------------------------------------------------------------------------------------------------------
| Tool Version : Vivado v.2022.2 (lin64) Build 3671981 Fri Oct 14 04:59:54 MDT 2022
| Date         : Sat Mar  2 02:25:47 2024
| Host         : egl running 64-bit Ubuntu 20.04.4 LTS
| Command      : report_accelerator_utilization -kernels { alveo_hls4ml:level0_i/ulp/alveo_hls4ml_1/inst:alveo_hls4ml_1 alveo_hls4ml:level0_i/ulp/alveo_hls4ml_2/inst:alveo_hls4ml_2 alveo_hls4ml:level0_i/ulp/alveo_hls4ml_3/inst:alveo_hls4ml_3 alveo_hls4ml:level0_i/ulp/alveo_hls4ml_4/inst:alveo_hls4ml_4} -file kernel_util_synthed.rpt -name kernel_util_synthed -json
| Design       : level0_wrapper
| Device       : xcu55c
| Design State : Synthesized
------------------------------------------------------------------------------------------------------------------------------------------------------------------------------------------------------------------------------------------------------------------------------------------------------------------------------------------------------------------------------

Accelerator Utilization Design Information

Table of Contents
-----------------
1. System Utilization

1. System Utilization
---------------------

+---------------------+-------------------+------------------+-------------------+----------------+---------------+----------------+
| Name                | LUT               | LUTAsMem         | REG               | BRAM           | URAM          | DSP            |
+---------------------+-------------------+------------------+-------------------+----------------+---------------+----------------+
| Platform            |  143142 [ 10.98%] |  11374 [  1.89%] |  182562 [  7.00%] |  200 [  9.92%] |   0 [  0.00%] |    4 [  0.04%] |
| User Budget         | 1160538 [100.00%] | 589586 [100.00%] | 2424798 [100.00%] | 1816 [100.00%] | 960 [100.00%] | 9020 [100.00%] |
|    Used Resources   |   75336 [  6.49%] |   3108 [  0.53%] |   57172 [  2.36%] |   24 [  1.32%] |   0 [  0.00%] |  108 [  1.20%] |
|    Unused Resources | 1085202 [ 93.51%] | 586478 [ 99.47%] | 2367626 [ 97.64%] | 1792 [ 98.68%] | 960 [100.00%] | 8912 [ 98.80%] |
| alveo_hls4ml        |   75336 [  6.49%] |   3108 [  0.53%] |   57172 [  2.36%] |   24 [  1.32%] |   0 [  0.00%] |  108 [  1.20%] |
|    alveo_hls4ml_1   |   18834 [  1.62%] |    777 [  0.13%] |   14293 [  0.59%] |    6 [  0.33%] |   0 [  0.00%] |   27 [  0.30%] |
|    alveo_hls4ml_2   |   18834 [  1.62%] |    777 [  0.13%] |   14293 [  0.59%] |    6 [  0.33%] |   0 [  0.00%] |   27 [  0.30%] |
|    alveo_hls4ml_3   |   18834 [  1.62%] |    777 [  0.13%] |   14293 [  0.59%] |    6 [  0.33%] |   0 [  0.00%] |   27 [  0.30%] |
|    alveo_hls4ml_4   |   18834 [  1.62%] |    777 [  0.13%] |   14293 [  0.59%] |    6 [  0.33%] |   0 [  0.00%] |   27 [  0.30%] |
+---------------------+-------------------+------------------+-------------------+----------------+---------------+----------------+


