==============================================================
Vitis HLS - High-Level Synthesis from C, C++ and OpenCL v2022.2 (64-bit)
Tool Version Limit: 2019.12
Copyright 1986-2022 Xilinx, Inc. All Rights Reserved.
==============================================================
INFO: [HLS 200-1505] Using flow_target 'vitis'
INFO: [HLS 200-435] Setting 'open_solution -flow_target vitis' configuration: config_interface -m_axi_latency=64
INFO: [HLS 200-435] Setting 'open_solution -flow_target vitis' configuration: config_interface -m_axi_alignment_byte_size=64
INFO: [HLS 200-435] Setting 'open_solution -flow_target vitis' configuration: config_interface -m_axi_max_widen_bitwidth=512
INFO: [HLS 200-435] Setting 'open_solution -flow_target vitis' configuration: config_rtl -register_reset_num=3
INFO: [HLS 200-1510] Running: set_part xcu55c-fsvh2892-2L-e 
INFO: [HLS 200-1611] Setting target device to 'xcu55c-fsvh2892-2L-e'
INFO: [HLS 200-1510] Running: create_clock -period 300.000000MHz -name default 
INFO: [SYN 201-201] Setting up clock 'default' with a period of 3.333ns.
INFO: [HLS 200-1510] Running: config_rtl -kernel_profile 
INFO: [HLS 200-1510] Running: config_dataflow -strict_mode warning 
INFO: [HLS 200-1510] Running: config_debug -enable 
INFO: [HLS 200-1510] Running: config_export -deadlock_detection none 
WARNING: [HLS 200-483] The 'config_export -deadlock_detection' command is deprecated and will be removed in a future release. Use 'config_rtl -deadlock_detection' as its replacement.
INFO: [HLS 200-1907] Replacing 'config_export -deadlock_detection=none' with 'config_rtl -deadlock_detection=none' in current solution file
INFO: [HLS 200-1510] Running: config_interface -m_axi_conservative_mode=1 
INFO: [HLS 200-1510] Running: config_interface -m_axi_addr64 
INFO: [HLS 200-1510] Running: config_interface -m_axi_auto_max_ports=0 
INFO: [HLS 200-1510] Running: config_export -format xo -ipname alveo_hls4ml 
INFO: [HLS 200-1907] Replacing 'config_export -deadlock_detection=none' with 'config_rtl -deadlock_detection=none' in current solution file
INFO: [HLS 200-1510] Running: config_interface -m_axi_auto_max_ports=true 
INFO: [HLS 200-1510] Running: config_interface -m_axi_offset slave 
INFO: [HLS 200-1510] Running: csynth_design -synthesis_check 
INFO: [HLS 200-111] Finished File checks and directory preparation: CPU user time: 0.01 seconds. CPU system time: 0 seconds. Elapsed time: 0.01 seconds; current allocated memory: 754.215 MB.
INFO: [HLS 200-10] Analyzing design file '/home/ayvol/accelerator_wrapper/src/ereg_v1.cpp' ... 
WARNING: [HLS 207-5555] unexpected pragma argument 'product', expects function/operation (/home/ayvol/accelerator_wrapper/src/nnet_utils/nnet_dense.h:132:34)
WARNING: [HLS 207-5527] 'Resource pragma' is deprecated, use 'bind_op/bind_storage pragma' instead (/home/ayvol/accelerator_wrapper/src/nnet_utils/nnet_dense.h:155:9)
WARNING: [HLS 207-5555] unexpected pragma argument 'product', expects function/operation (/home/ayvol/accelerator_wrapper/src/nnet_utils/nnet_dense.h:168:34)
WARNING: [HLS 207-5528] 'region' in '#pragma HLS Inline' is deprecated, use 'Inline Pragma' instead (/home/ayvol/accelerator_wrapper/src/nnet_utils/nnet_dense_large.h:271:26)
WARNING: [HLS 207-5506] the pragma is not supported and will be ignored (/home/ayvol/accelerator_wrapper/src/nnet_utils/nnet_dense_compressed.h:56:9)
WARNING: [HLS 207-5555] unexpected pragma argument 'mul', expects function/operation (/home/ayvol/accelerator_wrapper/src/nnet_utils/nnet_conv.h:110:34)
WARNING: [HLS 207-5555] unexpected pragma argument 'mul', expects function/operation (/home/ayvol/accelerator_wrapper/src/nnet_utils/nnet_conv2d.h:126:34)
WARNING: [HLS 207-5555] unexpected pragma argument 'mul', expects function/operation (/home/ayvol/accelerator_wrapper/src/nnet_utils/nnet_conv2d.h:242:34)
WARNING: [HLS 207-5555] unexpected pragma argument 'mul', expects function/operation (/home/ayvol/accelerator_wrapper/src/nnet_utils/nnet_batchnorm.h:71:34)
WARNING: [HLS 207-5555] unexpected pragma argument 'pool_op', expects function/operation (/home/ayvol/accelerator_wrapper/src/nnet_utils/nnet_pooling.h:141:34)
WARNING: [HLS 207-5555] unexpected pragma argument 'pool_op', expects function/operation (/home/ayvol/accelerator_wrapper/src/nnet_utils/nnet_pooling.h:192:34)
WARNING: [HLS 207-5560] Only for/while/do support the pipeline  pragma (/home/ayvol/accelerator_wrapper/src/nnet_utils/nnet_batchnorm.h:64:9)
WARNING: [HLS 207-5558] Only for-loops and functions support the dataflow (/home/ayvol/accelerator_wrapper/src/nnet_utils/nnet_batchnorm.h:76:9)
WARNING: [HLS 207-5559] Only for/while loops support the 'Unroll ' (/home/ayvol/accelerator_wrapper/src/nnet_utils/nnet_batchnorm.h:82:9)
WARNING: [HLS 207-5560] Only for/while/do support the pipeline  pragma (/home/ayvol/accelerator_wrapper/src/nnet_utils/nnet_batchnorm.h:83:9)
WARNING: [HLS 207-5560] Only for/while/do support the pipeline  pragma (/home/ayvol/accelerator_wrapper/src/nnet_utils/nnet_dense.h:124:9)
WARNING: [HLS 207-5558] Only for-loops and functions support the dataflow (/home/ayvol/accelerator_wrapper/src/nnet_utils/nnet_dense.h:151:9)
WARNING: [HLS 207-5560] Only for/while/do support the pipeline  pragma (/home/ayvol/accelerator_wrapper/src/nnet_utils/nnet_dense.h:162:9)
WARNING: [HLS 207-5559] Only for/while loops support the 'Unroll ' (/home/ayvol/accelerator_wrapper/src/nnet_utils/nnet_dense.h:178:9)
WARNING: [HLS 207-5560] Only for/while/do support the pipeline  pragma (/home/ayvol/accelerator_wrapper/src/nnet_utils/nnet_dense.h:186:9)
WARNING: [HLS 207-5559] Only for/while loops support the 'Unroll ' (/home/ayvol/accelerator_wrapper/src/nnet_utils/nnet_dense.h:197:9)
WARNING: [HLS 207-5560] Only for/while/do support the pipeline  pragma (/home/ayvol/accelerator_wrapper/src/nnet_utils/nnet_activation.h:74:9)
WARNING: [HLS 207-5560] Only for/while/do support the pipeline  pragma (/home/ayvol/accelerator_wrapper/src/nnet_utils/nnet_activation.h:80:9)
INFO: [HLS 200-10] Analyzing design file '/home/ayvol/accelerator_wrapper/src/alveo_hls4ml.cpp' ... 
WARNING: [HLS 207-5555] unexpected pragma argument 'product', expects function/operation (/home/ayvol/accelerator_wrapper/src/nnet_utils/nnet_dense.h:132:34)
WARNING: [HLS 207-5527] 'Resource pragma' is deprecated, use 'bind_op/bind_storage pragma' instead (/home/ayvol/accelerator_wrapper/src/nnet_utils/nnet_dense.h:155:9)
WARNING: [HLS 207-5555] unexpected pragma argument 'product', expects function/operation (/home/ayvol/accelerator_wrapper/src/nnet_utils/nnet_dense.h:168:34)
WARNING: [HLS 207-5528] 'region' in '#pragma HLS Inline' is deprecated, use 'Inline Pragma' instead (/home/ayvol/accelerator_wrapper/src/nnet_utils/nnet_dense_large.h:271:26)
WARNING: [HLS 207-5506] the pragma is not supported and will be ignored (/home/ayvol/accelerator_wrapper/src/nnet_utils/nnet_dense_compressed.h:56:9)
WARNING: [HLS 207-5555] unexpected pragma argument 'mul', expects function/operation (/home/ayvol/accelerator_wrapper/src/nnet_utils/nnet_conv.h:110:34)
WARNING: [HLS 207-5555] unexpected pragma argument 'mul', expects function/operation (/home/ayvol/accelerator_wrapper/src/nnet_utils/nnet_conv2d.h:126:34)
WARNING: [HLS 207-5555] unexpected pragma argument 'mul', expects function/operation (/home/ayvol/accelerator_wrapper/src/nnet_utils/nnet_conv2d.h:242:34)
WARNING: [HLS 207-5555] unexpected pragma argument 'mul', expects function/operation (/home/ayvol/accelerator_wrapper/src/nnet_utils/nnet_batchnorm.h:71:34)
WARNING: [HLS 207-5555] unexpected pragma argument 'pool_op', expects function/operation (/home/ayvol/accelerator_wrapper/src/nnet_utils/nnet_pooling.h:141:34)
WARNING: [HLS 207-5555] unexpected pragma argument 'pool_op', expects function/operation (/home/ayvol/accelerator_wrapper/src/nnet_utils/nnet_pooling.h:192:34)
INFO: [HLS 200-111] Finished Source Code Analysis and Preprocessing: CPU user time: 9.5 seconds. CPU system time: 1.23 seconds. Elapsed time: 28.71 seconds; current allocated memory: 761.672 MB.
INFO: [HLS 200-777] Using interface defaults for 'Vitis' flow target.
INFO: [HLS 214-291] Loop 'anonymous' is marked as complete unroll implied by the pipeline pragma (/home/ayvol/accelerator_wrapper/src/alveo_hls4ml.cpp:67:2)
INFO: [HLS 214-291] Loop 'anonymous' is marked as complete unroll implied by the pipeline pragma (/home/ayvol/accelerator_wrapper/src/alveo_hls4ml.cpp:52:2)
INFO: [HLS 214-291] Loop 'anonymous' is marked as complete unroll implied by the pipeline pragma (/home/ayvol/accelerator_wrapper/src/ereg_v1.cpp:113:15)
INFO: [HLS 214-291] Loop 'anonymous' is marked as complete unroll implied by the pipeline pragma (/home/ayvol/accelerator_wrapper/src/ereg_v1.cpp:109:14)
INFO: [HLS 214-291] Loop 'anonymous' is marked as complete unroll implied by the pipeline pragma (/home/ayvol/accelerator_wrapper/src/ereg_v1.cpp:105:14)
INFO: [HLS 214-291] Loop 'anonymous' is marked as complete unroll implied by the pipeline pragma (/home/ayvol/accelerator_wrapper/src/ereg_v1.cpp:101:14)
INFO: [HLS 214-291] Loop 'anonymous' is marked as complete unroll implied by the pipeline pragma (/home/ayvol/accelerator_wrapper/src/ereg_v1.cpp:97:14)
INFO: [HLS 214-291] Loop 'anonymous' is marked as complete unroll implied by the pipeline pragma (/home/ayvol/accelerator_wrapper/src/ereg_v1.cpp:93:14)
INFO: [HLS 214-291] Loop 'anonymous' is marked as complete unroll implied by the pipeline pragma (/home/ayvol/accelerator_wrapper/src/ereg_v1.cpp:89:14)
INFO: [HLS 214-291] Loop 'anonymous' is marked as complete unroll implied by the pipeline pragma (/home/ayvol/accelerator_wrapper/src/ereg_v1.cpp:85:14)
INFO: [HLS 214-291] Loop 'anonymous' is marked as complete unroll implied by the pipeline pragma (/home/ayvol/accelerator_wrapper/src/ereg_v1.cpp:81:11)
INFO: [HLS 214-291] Loop 'Result' is marked as complete unroll implied by the pipeline pragma (/home/ayvol/accelerator_wrapper/src/nnet_utils/nnet_dense.h:195:13)
INFO: [HLS 214-291] Loop 'Accum1' is marked as complete unroll implied by the pipeline pragma (/home/ayvol/accelerator_wrapper/src/nnet_utils/nnet_dense.h:184:13)
INFO: [HLS 214-291] Loop 'Accum2' is marked as complete unroll implied by the pipeline pragma (/home/ayvol/accelerator_wrapper/src/nnet_utils/nnet_dense.h:188:17)
INFO: [HLS 214-291] Loop 'ResetAccum' is marked as complete unroll implied by the pipeline pragma (/home/ayvol/accelerator_wrapper/src/nnet_utils/nnet_dense.h:176:17)
INFO: [HLS 214-291] Loop 'Product1' is marked as complete unroll implied by the pipeline pragma (/home/ayvol/accelerator_wrapper/src/nnet_utils/nnet_dense.h:160:15)
INFO: [HLS 214-291] Loop 'Product2' is marked as complete unroll implied by the pipeline pragma (/home/ayvol/accelerator_wrapper/src/nnet_utils/nnet_dense.h:165:19)
INFO: [HLS 214-291] Loop 'anonymous' is marked as complete unroll implied by the pipeline pragma (/home/ayvol/accelerator_wrapper/src/nnet_utils/nnet_dense.h:115:32)
INFO: [HLS 214-291] Loop 'anonymous' is marked as complete unroll implied by the pipeline pragma (/home/ayvol/accelerator_wrapper/src/nnet_utils/nnet_dense.h:114:32)
INFO: [HLS 214-291] Loop 'anonymous' is marked as complete unroll implied by the pipeline pragma (/home/ayvol/accelerator_wrapper/src/nnet_utils/nnet_activation.h:78:5)
INFO: [HLS 214-291] Loop 'Result' is marked as complete unroll implied by the pipeline pragma (/home/ayvol/accelerator_wrapper/src/nnet_utils/nnet_batchnorm.h:80:13)
INFO: [HLS 214-186] Unrolling loop 'anonymous' (/home/ayvol/accelerator_wrapper/src/alveo_hls4ml.cpp:67:2) in function 'alveo_hls4ml' completely with a factor of 1 (/home/ayvol/accelerator_wrapper/src/alveo_hls4ml.cpp:40:0)
INFO: [HLS 214-186] Unrolling loop 'anonymous' (/home/ayvol/accelerator_wrapper/src/alveo_hls4ml.cpp:52:2) in function 'alveo_hls4ml' completely with a factor of 18 (/home/ayvol/accelerator_wrapper/src/alveo_hls4ml.cpp:40:0)
INFO: [HLS 214-186] Unrolling loop 'anonymous' (/home/ayvol/accelerator_wrapper/src/ereg_v1.cpp:113:15) in function 'ereg_v1' completely with a factor of 3 (/home/ayvol/accelerator_wrapper/src/ereg_v1.cpp:44:0)
INFO: [HLS 214-186] Unrolling loop 'anonymous' (/home/ayvol/accelerator_wrapper/src/ereg_v1.cpp:109:14) in function 'ereg_v1' completely with a factor of 3 (/home/ayvol/accelerator_wrapper/src/ereg_v1.cpp:44:0)
INFO: [HLS 214-186] Unrolling loop 'anonymous' (/home/ayvol/accelerator_wrapper/src/ereg_v1.cpp:105:14) in function 'ereg_v1' completely with a factor of 11 (/home/ayvol/accelerator_wrapper/src/ereg_v1.cpp:44:0)
INFO: [HLS 214-186] Unrolling loop 'anonymous' (/home/ayvol/accelerator_wrapper/src/ereg_v1.cpp:101:14) in function 'ereg_v1' completely with a factor of 11 (/home/ayvol/accelerator_wrapper/src/ereg_v1.cpp:44:0)
INFO: [HLS 214-186] Unrolling loop 'anonymous' (/home/ayvol/accelerator_wrapper/src/ereg_v1.cpp:97:14) in function 'ereg_v1' completely with a factor of 11 (/home/ayvol/accelerator_wrapper/src/ereg_v1.cpp:44:0)
INFO: [HLS 214-186] Unrolling loop 'anonymous' (/home/ayvol/accelerator_wrapper/src/ereg_v1.cpp:93:14) in function 'ereg_v1' completely with a factor of 31 (/home/ayvol/accelerator_wrapper/src/ereg_v1.cpp:44:0)
INFO: [HLS 214-186] Unrolling loop 'anonymous' (/home/ayvol/accelerator_wrapper/src/ereg_v1.cpp:89:14) in function 'ereg_v1' completely with a factor of 31 (/home/ayvol/accelerator_wrapper/src/ereg_v1.cpp:44:0)
INFO: [HLS 214-186] Unrolling loop 'anonymous' (/home/ayvol/accelerator_wrapper/src/ereg_v1.cpp:85:14) in function 'ereg_v1' completely with a factor of 31 (/home/ayvol/accelerator_wrapper/src/ereg_v1.cpp:44:0)
INFO: [HLS 214-186] Unrolling loop 'anonymous' (/home/ayvol/accelerator_wrapper/src/ereg_v1.cpp:81:11) in function 'ereg_v1' completely with a factor of 18 (/home/ayvol/accelerator_wrapper/src/ereg_v1.cpp:44:0)
INFO: [HLS 214-186] Unrolling loop 'Result' (/home/ayvol/accelerator_wrapper/src/nnet_utils/nnet_dense.h:195:13) in function 'nnet::dense_latency<ap_fixed<16, 6, (ap_q_mode)5, (ap_o_mode)3, 0>, ap_fixed<16, 6, (ap_q_mode)5, (ap_o_mode)3, 0>, config11>' completely with a factor of 1 (/home/ayvol/accelerator_wrapper/src/nnet_utils/nnet_dense.h:112:0)
INFO: [HLS 214-186] Unrolling loop 'Accum1' (/home/ayvol/accelerator_wrapper/src/nnet_utils/nnet_dense.h:184:13) in function 'nnet::dense_latency<ap_fixed<16, 6, (ap_q_mode)5, (ap_o_mode)3, 0>, ap_fixed<16, 6, (ap_q_mode)5, (ap_o_mode)3, 0>, config11>' completely with a factor of 3 (/home/ayvol/accelerator_wrapper/src/nnet_utils/nnet_dense.h:112:0)
INFO: [HLS 214-186] Unrolling loop 'Accum2' (/home/ayvol/accelerator_wrapper/src/nnet_utils/nnet_dense.h:188:17) in function 'nnet::dense_latency<ap_fixed<16, 6, (ap_q_mode)5, (ap_o_mode)3, 0>, ap_fixed<16, 6, (ap_q_mode)5, (ap_o_mode)3, 0>, config11>' completely with a factor of 1 (/home/ayvol/accelerator_wrapper/src/nnet_utils/nnet_dense.h:112:0)
INFO: [HLS 214-186] Unrolling loop 'ResetAccum' (/home/ayvol/accelerator_wrapper/src/nnet_utils/nnet_dense.h:176:17) in function 'nnet::dense_latency<ap_fixed<16, 6, (ap_q_mode)5, (ap_o_mode)3, 0>, ap_fixed<16, 6, (ap_q_mode)5, (ap_o_mode)3, 0>, config11>' completely with a factor of 1 (/home/ayvol/accelerator_wrapper/src/nnet_utils/nnet_dense.h:112:0)
INFO: [HLS 214-186] Unrolling loop 'Product1' (/home/ayvol/accelerator_wrapper/src/nnet_utils/nnet_dense.h:160:15) in function 'nnet::dense_latency<ap_fixed<16, 6, (ap_q_mode)5, (ap_o_mode)3, 0>, ap_fixed<16, 6, (ap_q_mode)5, (ap_o_mode)3, 0>, config11>' completely with a factor of 3 (/home/ayvol/accelerator_wrapper/src/nnet_utils/nnet_dense.h:112:0)
INFO: [HLS 214-186] Unrolling loop 'Product2' (/home/ayvol/accelerator_wrapper/src/nnet_utils/nnet_dense.h:165:19) in function 'nnet::dense_latency<ap_fixed<16, 6, (ap_q_mode)5, (ap_o_mode)3, 0>, ap_fixed<16, 6, (ap_q_mode)5, (ap_o_mode)3, 0>, config11>' completely with a factor of 1 (/home/ayvol/accelerator_wrapper/src/nnet_utils/nnet_dense.h:112:0)
INFO: [HLS 214-186] Unrolling loop 'anonymous' (/home/ayvol/accelerator_wrapper/src/nnet_utils/nnet_dense.h:115:32) in function 'nnet::dense_latency<ap_fixed<16, 6, (ap_q_mode)5, (ap_o_mode)3, 0>, ap_fixed<16, 6, (ap_q_mode)5, (ap_o_mode)3, 0>, config11>' completely with a factor of 1 (/home/ayvol/accelerator_wrapper/src/nnet_utils/nnet_dense.h:112:0)
INFO: [HLS 214-186] Unrolling loop 'anonymous' (/home/ayvol/accelerator_wrapper/src/nnet_utils/nnet_dense.h:114:32) in function 'nnet::dense_latency<ap_fixed<16, 6, (ap_q_mode)5, (ap_o_mode)3, 0>, ap_fixed<16, 6, (ap_q_mode)5, (ap_o_mode)3, 0>, config11>' completely with a factor of 3 (/home/ayvol/accelerator_wrapper/src/nnet_utils/nnet_dense.h:112:0)
INFO: [HLS 214-186] Unrolling loop 'anonymous' (/home/ayvol/accelerator_wrapper/src/nnet_utils/nnet_activation.h:78:5) in function 'nnet::relu<ap_fixed<16, 6, (ap_q_mode)5, (ap_o_mode)3, 0>, ap_fixed<16, 6, (ap_q_mode)5, (ap_o_mode)3, 0>, relu_config10>' completely with a factor of 3 (/home/ayvol/accelerator_wrapper/src/nnet_utils/nnet_activation.h:72:0)
INFO: [HLS 214-186] Unrolling loop 'Result' (/home/ayvol/accelerator_wrapper/src/nnet_utils/nnet_dense.h:195:13) in function 'nnet::dense_latency<ap_fixed<16, 6, (ap_q_mode)5, (ap_o_mode)3, 0>, ap_fixed<16, 6, (ap_q_mode)5, (ap_o_mode)3, 0>, config9>' completely with a factor of 3 (/home/ayvol/accelerator_wrapper/src/nnet_utils/nnet_dense.h:112:0)
INFO: [HLS 214-186] Unrolling loop 'Accum1' (/home/ayvol/accelerator_wrapper/src/nnet_utils/nnet_dense.h:184:13) in function 'nnet::dense_latency<ap_fixed<16, 6, (ap_q_mode)5, (ap_o_mode)3, 0>, ap_fixed<16, 6, (ap_q_mode)5, (ap_o_mode)3, 0>, config9>' completely with a factor of 11 (/home/ayvol/accelerator_wrapper/src/nnet_utils/nnet_dense.h:112:0)
INFO: [HLS 214-186] Unrolling loop 'Accum2' (/home/ayvol/accelerator_wrapper/src/nnet_utils/nnet_dense.h:188:17) in function 'nnet::dense_latency<ap_fixed<16, 6, (ap_q_mode)5, (ap_o_mode)3, 0>, ap_fixed<16, 6, (ap_q_mode)5, (ap_o_mode)3, 0>, config9>' completely with a factor of 3 (/home/ayvol/accelerator_wrapper/src/nnet_utils/nnet_dense.h:112:0)
INFO: [HLS 214-186] Unrolling loop 'ResetAccum' (/home/ayvol/accelerator_wrapper/src/nnet_utils/nnet_dense.h:176:17) in function 'nnet::dense_latency<ap_fixed<16, 6, (ap_q_mode)5, (ap_o_mode)3, 0>, ap_fixed<16, 6, (ap_q_mode)5, (ap_o_mode)3, 0>, config9>' completely with a factor of 3 (/home/ayvol/accelerator_wrapper/src/nnet_utils/nnet_dense.h:112:0)
INFO: [HLS 214-186] Unrolling loop 'Product1' (/home/ayvol/accelerator_wrapper/src/nnet_utils/nnet_dense.h:160:15) in function 'nnet::dense_latency<ap_fixed<16, 6, (ap_q_mode)5, (ap_o_mode)3, 0>, ap_fixed<16, 6, (ap_q_mode)5, (ap_o_mode)3, 0>, config9>' completely with a factor of 11 (/home/ayvol/accelerator_wrapper/src/nnet_utils/nnet_dense.h:112:0)
INFO: [HLS 214-186] Unrolling loop 'Product2' (/home/ayvol/accelerator_wrapper/src/nnet_utils/nnet_dense.h:165:19) in function 'nnet::dense_latency<ap_fixed<16, 6, (ap_q_mode)5, (ap_o_mode)3, 0>, ap_fixed<16, 6, (ap_q_mode)5, (ap_o_mode)3, 0>, config9>' completely with a factor of 3 (/home/ayvol/accelerator_wrapper/src/nnet_utils/nnet_dense.h:112:0)
INFO: [HLS 214-186] Unrolling loop 'anonymous' (/home/ayvol/accelerator_wrapper/src/nnet_utils/nnet_dense.h:115:32) in function 'nnet::dense_latency<ap_fixed<16, 6, (ap_q_mode)5, (ap_o_mode)3, 0>, ap_fixed<16, 6, (ap_q_mode)5, (ap_o_mode)3, 0>, config9>' completely with a factor of 3 (/home/ayvol/accelerator_wrapper/src/nnet_utils/nnet_dense.h:112:0)
INFO: [HLS 214-186] Unrolling loop 'anonymous' (/home/ayvol/accelerator_wrapper/src/nnet_utils/nnet_dense.h:114:32) in function 'nnet::dense_latency<ap_fixed<16, 6, (ap_q_mode)5, (ap_o_mode)3, 0>, ap_fixed<16, 6, (ap_q_mode)5, (ap_o_mode)3, 0>, config9>' completely with a factor of 33 (/home/ayvol/accelerator_wrapper/src/nnet_utils/nnet_dense.h:112:0)
INFO: [HLS 214-186] Unrolling loop 'Result' (/home/ayvol/accelerator_wrapper/src/nnet_utils/nnet_batchnorm.h:80:13) in function 'nnet::normalize<ap_fixed<16, 6, (ap_q_mode)5, (ap_o_mode)3, 0>, ap_fixed<16, 6, (ap_q_mode)5, (ap_o_mode)3, 0>, config8>' completely with a factor of 11 (/home/ayvol/accelerator_wrapper/src/nnet_utils/nnet_batchnorm.h:54:0)
INFO: [HLS 214-186] Unrolling loop 'anonymous' (/home/ayvol/accelerator_wrapper/src/nnet_utils/nnet_activation.h:78:5) in function 'nnet::relu<ap_fixed<16, 6, (ap_q_mode)5, (ap_o_mode)3, 0>, ap_fixed<16, 6, (ap_q_mode)5, (ap_o_mode)3, 0>, relu_config7>' completely with a factor of 11 (/home/ayvol/accelerator_wrapper/src/nnet_utils/nnet_activation.h:72:0)
INFO: [HLS 214-186] Unrolling loop 'Result' (/home/ayvol/accelerator_wrapper/src/nnet_utils/nnet_dense.h:195:13) in function 'nnet::dense_latency<ap_fixed<16, 6, (ap_q_mode)5, (ap_o_mode)3, 0>, ap_fixed<16, 6, (ap_q_mode)5, (ap_o_mode)3, 0>, config6>' completely with a factor of 11 (/home/ayvol/accelerator_wrapper/src/nnet_utils/nnet_dense.h:112:0)
INFO: [HLS 214-186] Unrolling loop 'Accum1' (/home/ayvol/accelerator_wrapper/src/nnet_utils/nnet_dense.h:184:13) in function 'nnet::dense_latency<ap_fixed<16, 6, (ap_q_mode)5, (ap_o_mode)3, 0>, ap_fixed<16, 6, (ap_q_mode)5, (ap_o_mode)3, 0>, config6>' completely with a factor of 31 (/home/ayvol/accelerator_wrapper/src/nnet_utils/nnet_dense.h:112:0)
INFO: [HLS 214-186] Unrolling loop 'Accum2' (/home/ayvol/accelerator_wrapper/src/nnet_utils/nnet_dense.h:188:17) in function 'nnet::dense_latency<ap_fixed<16, 6, (ap_q_mode)5, (ap_o_mode)3, 0>, ap_fixed<16, 6, (ap_q_mode)5, (ap_o_mode)3, 0>, config6>' completely with a factor of 11 (/home/ayvol/accelerator_wrapper/src/nnet_utils/nnet_dense.h:112:0)
INFO: [HLS 214-186] Unrolling loop 'ResetAccum' (/home/ayvol/accelerator_wrapper/src/nnet_utils/nnet_dense.h:176:17) in function 'nnet::dense_latency<ap_fixed<16, 6, (ap_q_mode)5, (ap_o_mode)3, 0>, ap_fixed<16, 6, (ap_q_mode)5, (ap_o_mode)3, 0>, config6>' completely with a factor of 11 (/home/ayvol/accelerator_wrapper/src/nnet_utils/nnet_dense.h:112:0)
INFO: [HLS 214-186] Unrolling loop 'Product1' (/home/ayvol/accelerator_wrapper/src/nnet_utils/nnet_dense.h:160:15) in function 'nnet::dense_latency<ap_fixed<16, 6, (ap_q_mode)5, (ap_o_mode)3, 0>, ap_fixed<16, 6, (ap_q_mode)5, (ap_o_mode)3, 0>, config6>' completely with a factor of 31 (/home/ayvol/accelerator_wrapper/src/nnet_utils/nnet_dense.h:112:0)
INFO: [HLS 214-186] Unrolling loop 'Product2' (/home/ayvol/accelerator_wrapper/src/nnet_utils/nnet_dense.h:165:19) in function 'nnet::dense_latency<ap_fixed<16, 6, (ap_q_mode)5, (ap_o_mode)3, 0>, ap_fixed<16, 6, (ap_q_mode)5, (ap_o_mode)3, 0>, config6>' completely with a factor of 11 (/home/ayvol/accelerator_wrapper/src/nnet_utils/nnet_dense.h:112:0)
INFO: [HLS 214-186] Unrolling loop 'anonymous' (/home/ayvol/accelerator_wrapper/src/nnet_utils/nnet_dense.h:115:32) in function 'nnet::dense_latency<ap_fixed<16, 6, (ap_q_mode)5, (ap_o_mode)3, 0>, ap_fixed<16, 6, (ap_q_mode)5, (ap_o_mode)3, 0>, config6>' completely with a factor of 11 (/home/ayvol/accelerator_wrapper/src/nnet_utils/nnet_dense.h:112:0)
INFO: [HLS 214-186] Unrolling loop 'anonymous' (/home/ayvol/accelerator_wrapper/src/nnet_utils/nnet_dense.h:114:32) in function 'nnet::dense_latency<ap_fixed<16, 6, (ap_q_mode)5, (ap_o_mode)3, 0>, ap_fixed<16, 6, (ap_q_mode)5, (ap_o_mode)3, 0>, config6>' completely with a factor of 341 (/home/ayvol/accelerator_wrapper/src/nnet_utils/nnet_dense.h:112:0)
INFO: [HLS 214-186] Unrolling loop 'Result' (/home/ayvol/accelerator_wrapper/src/nnet_utils/nnet_batchnorm.h:80:13) in function 'nnet::normalize<ap_fixed<16, 6, (ap_q_mode)5, (ap_o_mode)3, 0>, ap_fixed<16, 6, (ap_q_mode)5, (ap_o_mode)3, 0>, config5>' completely with a factor of 31 (/home/ayvol/accelerator_wrapper/src/nnet_utils/nnet_batchnorm.h:54:0)
INFO: [HLS 214-186] Unrolling loop 'anonymous' (/home/ayvol/accelerator_wrapper/src/nnet_utils/nnet_activation.h:78:5) in function 'nnet::relu<ap_fixed<16, 6, (ap_q_mode)5, (ap_o_mode)3, 0>, ap_fixed<16, 6, (ap_q_mode)5, (ap_o_mode)3, 0>, relu_config4>' completely with a factor of 31 (/home/ayvol/accelerator_wrapper/src/nnet_utils/nnet_activation.h:72:0)
INFO: [HLS 214-186] Unrolling loop 'Result' (/home/ayvol/accelerator_wrapper/src/nnet_utils/nnet_dense.h:195:13) in function 'nnet::dense_latency<ap_fixed<16, 6, (ap_q_mode)5, (ap_o_mode)3, 0>, ap_fixed<16, 6, (ap_q_mode)5, (ap_o_mode)3, 0>, config3>' completely with a factor of 31 (/home/ayvol/accelerator_wrapper/src/nnet_utils/nnet_dense.h:112:0)
INFO: [HLS 214-186] Unrolling loop 'Accum1' (/home/ayvol/accelerator_wrapper/src/nnet_utils/nnet_dense.h:184:13) in function 'nnet::dense_latency<ap_fixed<16, 6, (ap_q_mode)5, (ap_o_mode)3, 0>, ap_fixed<16, 6, (ap_q_mode)5, (ap_o_mode)3, 0>, config3>' completely with a factor of 18 (/home/ayvol/accelerator_wrapper/src/nnet_utils/nnet_dense.h:112:0)
INFO: [HLS 214-186] Unrolling loop 'Accum2' (/home/ayvol/accelerator_wrapper/src/nnet_utils/nnet_dense.h:188:17) in function 'nnet::dense_latency<ap_fixed<16, 6, (ap_q_mode)5, (ap_o_mode)3, 0>, ap_fixed<16, 6, (ap_q_mode)5, (ap_o_mode)3, 0>, config3>' completely with a factor of 31 (/home/ayvol/accelerator_wrapper/src/nnet_utils/nnet_dense.h:112:0)
INFO: [HLS 214-186] Unrolling loop 'ResetAccum' (/home/ayvol/accelerator_wrapper/src/nnet_utils/nnet_dense.h:176:17) in function 'nnet::dense_latency<ap_fixed<16, 6, (ap_q_mode)5, (ap_o_mode)3, 0>, ap_fixed<16, 6, (ap_q_mode)5, (ap_o_mode)3, 0>, config3>' completely with a factor of 31 (/home/ayvol/accelerator_wrapper/src/nnet_utils/nnet_dense.h:112:0)
