

================================================================
== Vitis HLS Report for 'conv_1d_cl_array_ap_fixed_16u_array_ap_fixed_16_6_5_3_0_24u_config10_s'
================================================================
* Date:           Fri Mar  1 05:42:14 2024

* Version:        2022.2 (Build 3670227 on Oct 13 2022)
* Project:        alveo_hls4ml
* Solution:       solution (Vitis Kernel Flow Target)
* Product family: virtexuplus
* Target device:  xcu55c-fsvh2892-2L-e


================================================================
== Performance Estimates
================================================================
+ Timing: 
    * Summary: 
    +--------+---------+----------+------------+
    |  Clock |  Target | Estimated| Uncertainty|
    +--------+---------+----------+------------+
    |ap_clk  |  3.33 ns|  2.275 ns|     0.90 ns|
    +--------+---------+----------+------------+

+ Latency: 
    * Summary: 
    +---------+---------+-----------+-----------+-----+-----+---------+
    |  Latency (cycles) |   Latency (absolute)  |  Interval | Pipeline|
    |   min   |   max   |    min    |    max    | min | max |   Type  |
    +---------+---------+-----------+-----------+-----+-----+---------+
    |       14|       14|  46.662 ns|  46.662 ns|   14|   14|       no|
    +---------+---------+-----------+-----------+-----+-----+---------+

    + Detail: 
        * Instance: 
        N/A

        * Loop: 
        +------------------+---------+---------+----------+-----------+-----------+------+----------+
        |                  |  Latency (cycles) | Iteration|  Initiation Interval  | Trip |          |
        |     Loop Name    |   min   |   max   |  Latency |  achieved |   target  | Count| Pipelined|
        +------------------+---------+---------+----------+-----------+-----------+------+----------+
        |- ReadInputWidth  |       12|       12|         5|          1|          1|     9|       yes|
        +------------------+---------+---------+----------+-----------+-----------+------+----------+



================================================================
== Utilization Estimates
================================================================
* Summary: 
+---------------------+---------+------+---------+---------+-----+
|         Name        | BRAM_18K|  DSP |    FF   |   LUT   | URAM|
+---------------------+---------+------+---------+---------+-----+
|DSP                  |        -|     -|        -|        -|    -|
|Expression           |        -|     -|        0|     6131|    -|
|FIFO                 |        -|     -|        -|        -|    -|
|Instance             |        -|     -|        -|        -|    -|
|Memory               |        -|     -|        -|        -|    -|
|Multiplexer          |        -|     -|        -|       90|    -|
|Register             |        -|     -|     2946|       64|    -|
+---------------------+---------+------+---------+---------+-----+
|Total                |        0|     0|     2946|     6285|    0|
+---------------------+---------+------+---------+---------+-----+
|Available SLR        |     1344|  3008|   869120|   434560|  320|
+---------------------+---------+------+---------+---------+-----+
|Utilization SLR (%)  |        0|     0|       ~0|        1|    0|
+---------------------+---------+------+---------+---------+-----+
|Available            |     4032|  9024|  2607360|  1303680|  960|
+---------------------+---------+------+---------+---------+-----+
|Utilization (%)      |        0|     0|       ~0|       ~0|    0|
+---------------------+---------+------+---------+---------+-----+

+ Detail: 
    * Instance: 
    N/A

    * DSP: 
    N/A

    * Memory: 
    N/A

    * FIFO: 
    N/A

    * Expression: 
    +----------------------------------+----------+----+---+----+------------+------------+
    |           Variable Name          | Operation| DSP| FF| LUT| Bitwidth P0| Bitwidth P1|
    +----------------------------------+----------+----+---+----+------------+------------+
    |add_ln384_fu_418_p2               |         +|   0|  0|  39|          32|           1|
    |add_ln391_fu_1296_p2              |         +|   0|  0|  39|          32|           1|
    |add_ln813_152_fu_4851_p2          |         +|   0|  0|  23|          16|          16|
    |add_ln813_153_fu_4857_p2          |         +|   0|  0|  16|          16|          16|
    |add_ln813_154_fu_4863_p2          |         +|   0|  0|  16|          16|          16|
    |add_ln813_155_fu_1248_p2          |         +|   0|  0|  23|          16|          16|
    |add_ln813_156_fu_4869_p2          |         +|   0|  0|  16|          16|          16|
    |add_ln813_157_fu_4874_p2          |         +|   0|  0|  16|          16|          16|
    |add_ln813_158_fu_4880_p2          |         +|   0|  0|  23|          16|          16|
    |add_ln813_159_fu_4886_p2          |         +|   0|  0|  23|          16|          16|
    |add_ln813_160_fu_4892_p2          |         +|   0|  0|  16|          16|          16|
    |add_ln813_161_fu_4898_p2          |         +|   0|  0|  16|          16|          16|
    |add_ln813_162_fu_1254_p2          |         +|   0|  0|  23|          16|          16|
    |add_ln813_163_fu_4904_p2          |         +|   0|  0|  16|          16|          16|
    |add_ln813_164_fu_4909_p2          |         +|   0|  0|  16|          16|          16|
    |add_ln813_165_fu_5410_p2          |         +|   0|  0|  16|          16|          16|
    |add_ln813_166_fu_4915_p2          |         +|   0|  0|  16|          16|          16|
    |add_ln813_167_fu_4921_p2          |         +|   0|  0|  23|          16|          16|
    |add_ln813_168_fu_4927_p2          |         +|   0|  0|  16|          16|          16|
    |add_ln813_169_fu_4933_p2          |         +|   0|  0|  16|          16|          16|
    |add_ln813_170_fu_4939_p2          |         +|   0|  0|  23|          16|          16|
    |add_ln813_171_fu_4945_p2          |         +|   0|  0|  16|          16|          16|
    |add_ln813_172_fu_5414_p2          |         +|   0|  0|  16|          16|          16|
    |add_ln813_173_fu_4951_p2          |         +|   0|  0|  23|          16|          16|
    |add_ln813_174_fu_4957_p2          |         +|   0|  0|  23|          16|          16|
    |add_ln813_175_fu_4963_p2          |         +|   0|  0|  16|          16|          16|
    |add_ln813_176_fu_4969_p2          |         +|   0|  0|  16|          16|          16|
    |add_ln813_177_fu_1260_p2          |         +|   0|  0|  23|          16|          16|
    |add_ln813_178_fu_4975_p2          |         +|   0|  0|  16|          16|          16|
    |add_ln813_179_fu_4980_p2          |         +|   0|  0|  16|          16|          16|
    |add_ln813_180_fu_5418_p2          |         +|   0|  0|  16|          16|          16|
    |add_ln813_181_fu_5423_p2          |         +|   0|  0|  16|          16|          16|
    |add_ln813_182_fu_4986_p2          |         +|   0|  0|  23|          16|          16|
    |add_ln813_183_fu_4992_p2          |         +|   0|  0|  23|          16|          16|
    |add_ln813_184_fu_5429_p2          |         +|   0|  0|  16|          16|          16|
    |add_ln813_185_fu_4998_p2          |         +|   0|  0|  16|          16|          16|
    |add_ln813_186_fu_5004_p2          |         +|   0|  0|  23|          16|          16|
    |add_ln813_187_fu_5010_p2          |         +|   0|  0|  16|          16|          16|
    |add_ln813_188_fu_5433_p2          |         +|   0|  0|  16|          16|          16|
    |add_ln813_189_fu_5016_p2          |         +|   0|  0|  23|          16|          16|
    |add_ln813_190_fu_5022_p2          |         +|   0|  0|  23|          16|          16|
    |add_ln813_191_fu_5028_p2          |         +|   0|  0|  16|          16|          16|
    |add_ln813_192_fu_5034_p2          |         +|   0|  0|  16|          16|          16|
    |add_ln813_193_fu_1266_p2          |         +|   0|  0|  23|          16|          16|
    |add_ln813_194_fu_5040_p2          |         +|   0|  0|  16|          16|          16|
    |add_ln813_195_fu_5045_p2          |         +|   0|  0|  16|          16|          16|
    |add_ln813_196_fu_5438_p2          |         +|   0|  0|  16|          16|          16|
    |add_ln813_197_fu_5051_p2          |         +|   0|  0|  16|          16|          16|
    |add_ln813_198_fu_5057_p2          |         +|   0|  0|  23|          16|          16|
    |add_ln813_199_fu_5063_p2          |         +|   0|  0|  16|          16|          16|
    |add_ln813_200_fu_5069_p2          |         +|   0|  0|  16|          16|          16|
    |add_ln813_201_fu_5075_p2          |         +|   0|  0|  23|          16|          16|
    |add_ln813_202_fu_5081_p2          |         +|   0|  0|  16|          16|          16|
    |add_ln813_203_fu_5443_p2          |         +|   0|  0|  16|          16|          16|
    |add_ln813_204_fu_5087_p2          |         +|   0|  0|  23|          16|          16|
    |add_ln813_205_fu_5093_p2          |         +|   0|  0|  23|          16|          16|
    |add_ln813_206_fu_5099_p2          |         +|   0|  0|  16|          16|          16|
    |add_ln813_207_fu_5105_p2          |         +|   0|  0|  16|          16|          16|
    |add_ln813_208_fu_5111_p2          |         +|   0|  0|  23|          16|          16|
    |add_ln813_209_fu_5115_p2          |         +|   0|  0|  16|          16|          16|
    |add_ln813_210_fu_5121_p2          |         +|   0|  0|  16|          16|          16|
    |add_ln813_211_fu_5447_p2          |         +|   0|  0|  16|          16|          16|
    |add_ln813_212_fu_5452_p2          |         +|   0|  0|  16|          16|          16|
    |add_ln813_213_fu_5517_p2          |         +|   0|  0|  16|          16|          16|
    |add_ln813_214_fu_5127_p2          |         +|   0|  0|  16|          16|          16|
    |add_ln813_215_fu_5133_p2          |         +|   0|  0|  23|          16|          16|
    |add_ln813_216_fu_5139_p2          |         +|   0|  0|  16|          16|          16|
    |add_ln813_217_fu_5145_p2          |         +|   0|  0|  16|          16|          16|
    |add_ln813_218_fu_5151_p2          |         +|   0|  0|  23|          16|          16|
    |add_ln813_219_fu_5157_p2          |         +|   0|  0|  16|          16|          16|
    |add_ln813_220_fu_5458_p2          |         +|   0|  0|  16|          16|          16|
    |add_ln813_221_fu_5163_p2          |         +|   0|  0|  23|          16|          16|
    |add_ln813_222_fu_5169_p2          |         +|   0|  0|  23|          16|          16|
    |add_ln813_223_fu_5175_p2          |         +|   0|  0|  16|          16|          16|
    |add_ln813_224_fu_5181_p2          |         +|   0|  0|  16|          16|          16|
    |add_ln813_225_fu_5187_p2          |         +|   0|  0|  23|          16|          16|
    |add_ln813_226_fu_5191_p2          |         +|   0|  0|  16|          16|          16|
    |add_ln813_227_fu_5197_p2          |         +|   0|  0|  16|          16|          16|
    |add_ln813_228_fu_5462_p2          |         +|   0|  0|  16|          16|          16|
    |add_ln813_229_fu_5203_p2          |         +|   0|  0|  16|          16|          16|
    |add_ln813_230_fu_5209_p2          |         +|   0|  0|  23|          16|          16|
    |add_ln813_231_fu_5215_p2          |         +|   0|  0|  16|          16|          16|
    |add_ln813_232_fu_5221_p2          |         +|   0|  0|  16|          16|          16|
    |add_ln813_233_fu_5227_p2          |         +|   0|  0|  23|          16|          16|
    |add_ln813_234_fu_5233_p2          |         +|   0|  0|  16|          16|          16|
    |add_ln813_235_fu_5467_p2          |         +|   0|  0|  16|          16|          16|
    |add_ln813_236_fu_5239_p2          |         +|   0|  0|  23|          16|          16|
    |add_ln813_237_fu_5245_p2          |         +|   0|  0|  23|          16|          16|
    |add_ln813_238_fu_5251_p2          |         +|   0|  0|  16|          16|          16|
    |add_ln813_239_fu_5257_p2          |         +|   0|  0|  16|          16|          16|
    |add_ln813_240_fu_1272_p2          |         +|   0|  0|  23|          16|          16|
    |add_ln813_241_fu_5263_p2          |         +|   0|  0|  16|          16|          16|
    |add_ln813_242_fu_5268_p2          |         +|   0|  0|  16|          16|          16|
    |add_ln813_243_fu_5471_p2          |         +|   0|  0|  16|          16|          16|
    |add_ln813_244_fu_5476_p2          |         +|   0|  0|  16|          16|          16|
    |add_ln813_245_fu_5274_p2          |         +|   0|  0|  23|          16|          16|
    |add_ln813_246_fu_5280_p2          |         +|   0|  0|  23|          16|          16|
    |add_ln813_247_fu_5482_p2          |         +|   0|  0|  16|          16|          16|
    |add_ln813_248_fu_5286_p2          |         +|   0|  0|  16|          16|          16|
    |add_ln813_249_fu_5292_p2          |         +|   0|  0|  23|          16|          16|
    |add_ln813_250_fu_5298_p2          |         +|   0|  0|  16|          16|          16|
    |add_ln813_251_fu_5486_p2          |         +|   0|  0|  16|          16|          16|
    |add_ln813_252_fu_5304_p2          |         +|   0|  0|  23|          16|          16|
    |add_ln813_253_fu_5310_p2          |         +|   0|  0|  23|          16|          16|
    |add_ln813_254_fu_5316_p2          |         +|   0|  0|  16|          16|          16|
    |add_ln813_255_fu_5322_p2          |         +|   0|  0|  16|          16|          16|
    |add_ln813_256_fu_1278_p2          |         +|   0|  0|  23|          16|          16|
    |add_ln813_257_fu_5328_p2          |         +|   0|  0|  16|          16|          16|
    |add_ln813_258_fu_5333_p2          |         +|   0|  0|  16|          16|          16|
    |add_ln813_259_fu_5491_p2          |         +|   0|  0|  16|          16|          16|
    |add_ln813_260_fu_5339_p2          |         +|   0|  0|  16|          16|          16|
    |add_ln813_261_fu_5345_p2          |         +|   0|  0|  23|          16|          16|
    |add_ln813_262_fu_5351_p2          |         +|   0|  0|  16|          16|          16|
    |add_ln813_263_fu_5357_p2          |         +|   0|  0|  16|          16|          16|
    |add_ln813_264_fu_5363_p2          |         +|   0|  0|  23|          16|          16|
    |add_ln813_265_fu_5369_p2          |         +|   0|  0|  16|          16|          16|
    |add_ln813_266_fu_5496_p2          |         +|   0|  0|  16|          16|          16|
    |add_ln813_267_fu_5375_p2          |         +|   0|  0|  23|          16|          16|
    |add_ln813_268_fu_5381_p2          |         +|   0|  0|  23|          16|          16|
    |add_ln813_269_fu_5387_p2          |         +|   0|  0|  16|          16|          16|
    |add_ln813_270_fu_5393_p2          |         +|   0|  0|  16|          16|          16|
    |add_ln813_271_fu_1284_p2          |         +|   0|  0|  16|          16|          12|
    |add_ln813_272_fu_1290_p2          |         +|   0|  0|  16|          16|          16|
    |add_ln813_273_fu_5399_p2          |         +|   0|  0|  16|          16|          16|
    |add_ln813_274_fu_5404_p2          |         +|   0|  0|  16|          16|          16|
    |add_ln813_275_fu_5500_p2          |         +|   0|  0|  16|          16|          16|
    |add_ln813_276_fu_5505_p2          |         +|   0|  0|  16|          16|          16|
    |add_ln813_277_fu_5511_p2          |         +|   0|  0|  16|          16|          16|
    |add_ln813_fu_4845_p2              |         +|   0|  0|  23|          16|          16|
    |i_iw_10_fu_402_p2                 |         +|   0|  0|  12|           4|           1|
    |res_out_V_fu_5521_p2              |         +|   0|  0|  16|          16|          16|
    |r_V_195_fu_2231_p2                |         -|   0|  0|  28|           1|          21|
    |r_V_197_fu_824_p2                 |         -|   0|  0|  28|           1|          21|
    |r_V_199_fu_2255_p2                |         -|   0|  0|  28|           1|          21|
    |r_V_201_fu_2279_p2                |         -|   0|  0|  28|           1|          21|
    |r_V_203_fu_2303_p2                |         -|   0|  0|  28|           1|          21|
    |r_V_205_fu_2327_p2                |         -|   0|  0|  28|           1|          21|
    |r_V_207_fu_2351_p2                |         -|   0|  0|  28|           1|          21|
    |r_V_209_fu_2375_p2                |         -|   0|  0|  28|           1|          21|
    |r_V_211_fu_2399_p2                |         -|   0|  0|  28|           1|          21|
    |r_V_213_fu_2423_p2                |         -|   0|  0|  28|           1|          21|
    |r_V_215_fu_2447_p2                |         -|   0|  0|  28|           1|          21|
    |r_V_217_fu_2471_p2                |         -|   0|  0|  28|           1|          21|
    |r_V_219_fu_2495_p2                |         -|   0|  0|  28|           1|          21|
    |r_V_221_fu_2519_p2                |         -|   0|  0|  28|           1|          21|
    |r_V_223_fu_848_p2                 |         -|   0|  0|  28|           1|          21|
    |r_V_225_fu_2543_p2                |         -|   0|  0|  28|           1|          21|
    |r_V_227_fu_2567_p2                |         -|   0|  0|  28|           1|          21|
    |r_V_229_fu_872_p2                 |         -|   0|  0|  28|           1|          21|
    |r_V_231_fu_2591_p2                |         -|   0|  0|  28|           1|          21|
    |r_V_233_fu_2615_p2                |         -|   0|  0|  28|           1|          21|
    |r_V_235_fu_2639_p2                |         -|   0|  0|  28|           1|          21|
    |r_V_237_fu_2663_p2                |         -|   0|  0|  28|           1|          21|
    |r_V_239_fu_2687_p2                |         -|   0|  0|  28|           1|          21|
    |r_V_241_fu_2711_p2                |         -|   0|  0|  28|           1|          21|
    |r_V_243_fu_2735_p2                |         -|   0|  0|  28|           1|          21|
    |r_V_245_fu_2759_p2                |         -|   0|  0|  28|           1|          21|
    |r_V_247_fu_2783_p2                |         -|   0|  0|  28|           1|          21|
    |r_V_249_fu_2807_p2                |         -|   0|  0|  28|           1|          21|
    |r_V_251_fu_2831_p2                |         -|   0|  0|  28|           1|          21|
    |r_V_253_fu_2855_p2                |         -|   0|  0|  28|           1|          21|
    |r_V_255_fu_896_p2                 |         -|   0|  0|  28|           1|          21|
    |r_V_257_fu_2879_p2                |         -|   0|  0|  28|           1|          21|
    |r_V_259_fu_2903_p2                |         -|   0|  0|  28|           1|          21|
    |r_V_261_fu_920_p2                 |         -|   0|  0|  28|           1|          21|
    |r_V_263_fu_2927_p2                |         -|   0|  0|  28|           1|          21|
    |r_V_265_fu_2951_p2                |         -|   0|  0|  28|           1|          21|
    |r_V_267_fu_2975_p2                |         -|   0|  0|  28|           1|          21|
    |r_V_269_fu_2999_p2                |         -|   0|  0|  28|           1|          21|
    |r_V_271_fu_3023_p2                |         -|   0|  0|  28|           1|          21|
    |r_V_273_fu_3047_p2                |         -|   0|  0|  28|           1|          21|
    |r_V_275_fu_3071_p2                |         -|   0|  0|  28|           1|          21|
    |r_V_277_fu_3095_p2                |         -|   0|  0|  28|           1|          21|
    |r_V_279_fu_3119_p2                |         -|   0|  0|  28|           1|          21|
    |r_V_281_fu_3143_p2                |         -|   0|  0|  28|           1|          21|
    |r_V_283_fu_3167_p2                |         -|   0|  0|  28|           1|          21|
    |r_V_285_fu_3191_p2                |         -|   0|  0|  28|           1|          21|
    |r_V_287_fu_944_p2                 |         -|   0|  0|  28|           1|          21|
    |r_V_289_fu_3215_p2                |         -|   0|  0|  28|           1|          21|
    |r_V_291_fu_3239_p2                |         -|   0|  0|  28|           1|          21|
    |r_V_293_fu_968_p2                 |         -|   0|  0|  28|           1|          21|
    |r_V_295_fu_3263_p2                |         -|   0|  0|  28|           1|          21|
    |r_V_297_fu_3287_p2                |         -|   0|  0|  28|           1|          21|
    |r_V_299_fu_3311_p2                |         -|   0|  0|  28|           1|          21|
    |r_V_301_fu_3335_p2                |         -|   0|  0|  28|           1|          21|
    |r_V_303_fu_3359_p2                |         -|   0|  0|  28|           1|          21|
    |r_V_305_fu_3383_p2                |         -|   0|  0|  28|           1|          21|
    |r_V_307_fu_3407_p2                |         -|   0|  0|  28|           1|          21|
    |r_V_309_fu_3431_p2                |         -|   0|  0|  28|           1|          21|
    |r_V_311_fu_3455_p2                |         -|   0|  0|  28|           1|          21|
    |r_V_313_fu_3479_p2                |         -|   0|  0|  28|           1|          21|
    |r_V_315_fu_3503_p2                |         -|   0|  0|  28|           1|          21|
    |r_V_317_fu_3527_p2                |         -|   0|  0|  28|           1|          21|
    |r_V_319_fu_992_p2                 |         -|   0|  0|  28|           1|          21|
    |r_V_321_fu_3551_p2                |         -|   0|  0|  28|           1|          21|
    |r_V_323_fu_3575_p2                |         -|   0|  0|  28|           1|          21|
    |r_V_325_fu_1016_p2                |         -|   0|  0|  28|           1|          21|
    |r_V_327_fu_3599_p2                |         -|   0|  0|  28|           1|          21|
    |r_V_329_fu_3623_p2                |         -|   0|  0|  28|           1|          21|
    |r_V_331_fu_3647_p2                |         -|   0|  0|  28|           1|          21|
    |r_V_333_fu_3671_p2                |         -|   0|  0|  28|           1|          21|
    |r_V_335_fu_3695_p2                |         -|   0|  0|  28|           1|          21|
    |r_V_337_fu_3719_p2                |         -|   0|  0|  28|           1|          21|
    |r_V_339_fu_3743_p2                |         -|   0|  0|  28|           1|          21|
    |r_V_341_fu_3767_p2                |         -|   0|  0|  28|           1|          21|
    |r_V_343_fu_3791_p2                |         -|   0|  0|  28|           1|          21|
    |r_V_345_fu_3815_p2                |         -|   0|  0|  28|           1|          21|
    |r_V_347_fu_3839_p2                |         -|   0|  0|  28|           1|          21|
    |r_V_349_fu_3863_p2                |         -|   0|  0|  28|           1|          21|
    |r_V_351_fu_1040_p2                |         -|   0|  0|  28|           1|          21|
    |r_V_353_fu_3887_p2                |         -|   0|  0|  28|           1|          21|
    |r_V_355_fu_3911_p2                |         -|   0|  0|  28|           1|          21|
    |r_V_357_fu_1064_p2                |         -|   0|  0|  28|           1|          21|
    |r_V_359_fu_3935_p2                |         -|   0|  0|  28|           1|          21|
    |r_V_361_fu_3959_p2                |         -|   0|  0|  28|           1|          21|
    |r_V_363_fu_3983_p2                |         -|   0|  0|  28|           1|          21|
    |r_V_365_fu_4007_p2                |         -|   0|  0|  28|           1|          21|
    |r_V_367_fu_4030_p2                |         -|   0|  0|  28|           1|          21|
    |r_V_369_fu_4054_p2                |         -|   0|  0|  28|           1|          21|
    |r_V_371_fu_4078_p2                |         -|   0|  0|  28|           1|          21|
    |r_V_373_fu_4102_p2                |         -|   0|  0|  28|           1|          21|
    |r_V_375_fu_4125_p2                |         -|   0|  0|  28|           1|          21|
    |r_V_377_fu_4149_p2                |         -|   0|  0|  28|           1|          21|
    |r_V_379_fu_4173_p2                |         -|   0|  0|  28|           1|          21|
    |r_V_381_fu_4197_p2                |         -|   0|  0|  28|           1|          21|
    |r_V_383_fu_1088_p2                |         -|   0|  0|  28|           1|          21|
    |r_V_385_fu_4220_p2                |         -|   0|  0|  28|           1|          21|
    |r_V_387_fu_4244_p2                |         -|   0|  0|  28|           1|          21|
    |r_V_389_fu_1112_p2                |         -|   0|  0|  28|           1|          21|
    |r_V_391_fu_4268_p2                |         -|   0|  0|  28|           1|          21|
    |r_V_393_fu_4292_p2                |         -|   0|  0|  28|           1|          21|
    |r_V_395_fu_4316_p2                |         -|   0|  0|  28|           1|          21|
    |r_V_397_fu_4340_p2                |         -|   0|  0|  28|           1|          21|
    |r_V_399_fu_1136_p2                |         -|   0|  0|  28|           1|          21|
    |r_V_401_fu_4364_p2                |         -|   0|  0|  28|           1|          21|
    |r_V_403_fu_4388_p2                |         -|   0|  0|  28|           1|          21|
    |r_V_405_fu_4412_p2                |         -|   0|  0|  28|           1|          21|
    |r_V_407_fu_1160_p2                |         -|   0|  0|  28|           1|          21|
    |r_V_409_fu_4436_p2                |         -|   0|  0|  28|           1|          21|
    |r_V_411_fu_4460_p2                |         -|   0|  0|  28|           1|          21|
    |r_V_413_fu_4484_p2                |         -|   0|  0|  28|           1|          21|
    |r_V_415_fu_4507_p2                |         -|   0|  0|  28|           1|          21|
    |r_V_417_fu_1184_p2                |         -|   0|  0|  28|           1|          21|
    |r_V_419_fu_4530_p2                |         -|   0|  0|  28|           1|          21|
    |r_V_421_fu_1208_p2                |         -|   0|  0|  28|           1|          21|
    |r_V_423_fu_4553_p2                |         -|   0|  0|  28|           1|          21|
    |r_V_425_fu_4576_p2                |         -|   0|  0|  28|           1|          21|
    |r_V_427_fu_4599_p2                |         -|   0|  0|  28|           1|          21|
    |r_V_429_fu_4622_p2                |         -|   0|  0|  28|           1|          21|
    |r_V_431_fu_4645_p2                |         -|   0|  0|  28|           1|          21|
    |r_V_433_fu_4668_p2                |         -|   0|  0|  28|           1|          21|
    |r_V_435_fu_4691_p2                |         -|   0|  0|  28|           1|          21|
    |r_V_437_fu_4714_p2                |         -|   0|  0|  28|           1|          21|
    |r_V_439_fu_4737_p2                |         -|   0|  0|  28|           1|          21|
    |r_V_441_fu_4760_p2                |         -|   0|  0|  28|           1|          21|
    |r_V_443_fu_4783_p2                |         -|   0|  0|  28|           1|          21|
    |r_V_445_fu_4806_p2                |         -|   0|  0|  28|           1|          21|
    |r_V_447_fu_1232_p2                |         -|   0|  0|  28|           1|          21|
    |r_V_449_fu_4829_p2                |         -|   0|  0|  28|           1|          21|
    |and_ln360_fu_811_p2               |       and|   0|  0|   2|           1|           1|
    |ap_block_state2_pp0_stage0_iter1  |       and|   0|  0|   2|           1|           1|
    |ap_block_state5_pp0_stage0_iter4  |       and|   0|  0|   2|           1|           1|
    |ap_condition_386                  |       and|   0|  0|   2|           1|           1|
    |ap_condition_639                  |       and|   0|  0|   2|           1|           1|
    |icmp_ln21_fu_396_p2               |      icmp|   0|  0|   9|           4|           4|
    |icmp_ln360_2_fu_412_p2            |      icmp|   0|  0|  20|          32|           3|
    |icmp_ln360_fu_805_p2              |      icmp|   0|  0|  20|          32|           3|
    |icmp_ln384_fu_424_p2              |      icmp|   0|  0|  20|          32|           4|
    |ap_block_pp0_stage0_01001         |        or|   0|  0|   2|           1|           1|
    |select_ln391_fu_1302_p3           |    select|   0|  0|  32|           1|           3|
    |ap_enable_pp0                     |       xor|   0|  0|   2|           1|           2|
    +----------------------------------+----------+----+---+----+------------+------------+
    |Total                             |          |   0|  0|6131|        2352|        4760|
    +----------------------------------+----------+----+---+----+------------+------------+

    * Multiplexer: 
    +-----------------------------------------+----+-----------+-----+-----------+
    |                   Name                  | LUT| Input Size| Bits| Total Bits|
    +-----------------------------------------+----+-----------+-----+-----------+
    |ap_done_int                              |   9|          2|    1|          2|
    |ap_enable_reg_pp0_iter1                  |   9|          2|    1|          2|
    |ap_phi_mux_storemerge_phi_fu_381_p4      |   9|          2|   32|         64|
    |ap_phi_reg_pp0_iter1_storemerge_reg_377  |   9|          2|   32|         64|
    |ap_sig_allocacmp_i_iw_9                  |   9|          2|    4|          8|
    |i_iw_fu_360                              |   9|          2|    4|          8|
    |layer10_out_blk_n                        |   9|          2|    1|          2|
    |layer27_out_blk_n                        |   9|          2|    1|          2|
    |pX_4                                     |   9|          2|   32|         64|
    |real_start                               |   9|          2|    1|          2|
    +-----------------------------------------+----+-----------+-----+-----------+
    |Total                                    |  90|         20|  109|        218|
    +-----------------------------------------+----+-----------+-----+-----------+

    * Register: 
    +---------------------------------------------------------------------------------------+----+----+-----+-----------+
    |                                          Name                                         | FF | LUT| Bits| Const Bits|
    +---------------------------------------------------------------------------------------+----+----+-----+-----------+
    |a_V_102_reg_5692                                                                       |  16|   0|   16|          0|
    |a_V_117_reg_5698                                                                       |  16|   0|   16|          0|
    |a_V_119_reg_5599                                                                       |  16|   0|   16|          0|
    |a_V_121_reg_5610                                                                       |  16|   0|   16|          0|
    |a_V_122_reg_5616                                                                       |  16|   0|   16|          0|
    |a_V_123_reg_5622                                                                       |  16|   0|   16|          0|
    |a_V_124_reg_5628                                                                       |  16|   0|   16|          0|
    |a_V_125_reg_5634                                                                       |  16|   0|   16|          0|
    |a_V_126_reg_5639                                                                       |  16|   0|   16|          0|
    |a_V_127_reg_5645                                                                       |  16|   0|   16|          0|
    |a_V_128_reg_5651                                                                       |  16|   0|   16|          0|
    |a_V_129_reg_5657                                                                       |  16|   0|   16|          0|
    |a_V_130_reg_5662                                                                       |  16|   0|   16|          0|
    |a_V_131_reg_5668                                                                       |  16|   0|   16|          0|
    |a_V_132_reg_5674                                                                       |  16|   0|   16|          0|
    |a_V_134_reg_5605                                                                       |  16|   0|   16|          0|
    |a_V_93_reg_5680                                                                        |  16|   0|   16|          0|
    |a_V_97_reg_5686                                                                        |  16|   0|   16|          0|
    |add_ln813_155_reg_5727                                                                 |  16|   0|   16|          0|
    |add_ln813_157_reg_5762                                                                 |  16|   0|   16|          0|
    |add_ln813_162_reg_5732                                                                 |  16|   0|   16|          0|
    |add_ln813_164_reg_5767                                                                 |  16|   0|   16|          0|
    |add_ln813_168_reg_5772                                                                 |  16|   0|   16|          0|
    |add_ln813_171_reg_5777                                                                 |  16|   0|   16|          0|
    |add_ln813_177_reg_5737                                                                 |  16|   0|   16|          0|
    |add_ln813_179_reg_5782                                                                 |  16|   0|   16|          0|
    |add_ln813_181_reg_5887                                                                 |  16|   0|   16|          0|
    |add_ln813_182_reg_5787                                                                 |  16|   0|   16|          0|
    |add_ln813_183_reg_5792                                                                 |  16|   0|   16|          0|
    |add_ln813_187_reg_5797                                                                 |  16|   0|   16|          0|
    |add_ln813_193_reg_5742                                                                 |  16|   0|   16|          0|
    |add_ln813_195_reg_5802                                                                 |  16|   0|   16|          0|
    |add_ln813_199_reg_5807                                                                 |  16|   0|   16|          0|
    |add_ln813_202_reg_5812                                                                 |  16|   0|   16|          0|
    |add_ln813_210_reg_5817                                                                 |  16|   0|   16|          0|
    |add_ln813_212_reg_5892                                                                 |  16|   0|   16|          0|
    |add_ln813_216_reg_5822                                                                 |  16|   0|   16|          0|
    |add_ln813_219_reg_5827                                                                 |  16|   0|   16|          0|
    |add_ln813_227_reg_5832                                                                 |  16|   0|   16|          0|
    |add_ln813_231_reg_5837                                                                 |  16|   0|   16|          0|
    |add_ln813_234_reg_5842                                                                 |  16|   0|   16|          0|
    |add_ln813_240_reg_5747                                                                 |  16|   0|   16|          0|
    |add_ln813_242_reg_5847                                                                 |  16|   0|   16|          0|
    |add_ln813_245_reg_5852                                                                 |  16|   0|   16|          0|
    |add_ln813_246_reg_5857                                                                 |  16|   0|   16|          0|
    |add_ln813_250_reg_5862                                                                 |  16|   0|   16|          0|
    |add_ln813_256_reg_5752                                                                 |  16|   0|   16|          0|
    |add_ln813_258_reg_5867                                                                 |  16|   0|   16|          0|
    |add_ln813_262_reg_5872                                                                 |  16|   0|   16|          0|
    |add_ln813_265_reg_5877                                                                 |  16|   0|   16|          0|
    |add_ln813_272_reg_5757                                                                 |  16|   0|   16|          0|
    |add_ln813_274_reg_5882                                                                 |  16|   0|   16|          0|
    |add_ln813_277_reg_5897                                                                 |  16|   0|   16|          0|
    |and_ln360_reg_5703                                                                     |   1|   0|    1|          0|
    |ap_CS_fsm                                                                              |   1|   0|    1|          0|
    |ap_done_reg                                                                            |   1|   0|    1|          0|
    |ap_enable_reg_pp0_iter1                                                                |   1|   0|    1|          0|
    |ap_enable_reg_pp0_iter2                                                                |   1|   0|    1|          0|
    |ap_enable_reg_pp0_iter3                                                                |   1|   0|    1|          0|
    |ap_enable_reg_pp0_iter4                                                                |   1|   0|    1|          0|
    |ap_loop_exit_ready_pp0_iter1_reg                                                       |   1|   0|    1|          0|
    |ap_loop_exit_ready_pp0_iter2_reg                                                       |   1|   0|    1|          0|
    |ap_loop_exit_ready_pp0_iter3_reg                                                       |   1|   0|    1|          0|
    |ap_phi_reg_pp0_iter1_storemerge_reg_377                                                |  32|   0|   32|          0|
    |i_iw_fu_360                                                                            |   4|   0|    4|          0|
    |icmp_ln21_reg_5586                                                                     |   1|   0|    1|          0|
    |icmp_ln360_2_reg_5590                                                                  |   1|   0|    1|          0|
    |icmp_ln384_reg_5595                                                                    |   1|   0|    1|          0|
    |mult_V_142_reg_5712                                                                    |  16|   0|   16|          0|
    |mult_V_177_reg_5717                                                                    |  16|   0|   16|          0|
    |mult_V_190_reg_5722                                                                    |  16|   0|   16|          0|
    |mult_V_65_reg_5707                                                                     |  16|   0|   16|          0|
    |pX_4                                                                                   |  32|   0|   32|          0|
    |p_ZZN4nnet24compute_output_buffer_1dINS_5arrayI8ap_fixedILi16ELi6EL9ap_q_mode5EL9_223  |  16|   0|   16|          0|
    |p_ZZN4nnet24compute_output_buffer_1dINS_5arrayI8ap_fixedILi16ELi6EL9ap_q_mode5EL9_224  |  16|   0|   16|          0|
    |p_ZZN4nnet24compute_output_buffer_1dINS_5arrayI8ap_fixedILi16ELi6EL9ap_q_mode5EL9_225  |  16|   0|   16|          0|
    |p_ZZN4nnet24compute_output_buffer_1dINS_5arrayI8ap_fixedILi16ELi6EL9ap_q_mode5EL9_226  |  16|   0|   16|          0|
    |p_ZZN4nnet24compute_output_buffer_1dINS_5arrayI8ap_fixedILi16ELi6EL9ap_q_mode5EL9_227  |  16|   0|   16|          0|
    |p_ZZN4nnet24compute_output_buffer_1dINS_5arrayI8ap_fixedILi16ELi6EL9ap_q_mode5EL9_228  |  16|   0|   16|          0|
    |p_ZZN4nnet24compute_output_buffer_1dINS_5arrayI8ap_fixedILi16ELi6EL9ap_q_mode5EL9_229  |  16|   0|   16|          0|
    |p_ZZN4nnet24compute_output_buffer_1dINS_5arrayI8ap_fixedILi16ELi6EL9ap_q_mode5EL9_230  |  16|   0|   16|          0|
    |p_ZZN4nnet24compute_output_buffer_1dINS_5arrayI8ap_fixedILi16ELi6EL9ap_q_mode5EL9_231  |  16|   0|   16|          0|
    |p_ZZN4nnet24compute_output_buffer_1dINS_5arrayI8ap_fixedILi16ELi6EL9ap_q_mode5EL9_232  |  16|   0|   16|          0|
    |p_ZZN4nnet24compute_output_buffer_1dINS_5arrayI8ap_fixedILi16ELi6EL9ap_q_mode5EL9_233  |  16|   0|   16|          0|
    |p_ZZN4nnet24compute_output_buffer_1dINS_5arrayI8ap_fixedILi16ELi6EL9ap_q_mode5EL9_234  |  16|   0|   16|          0|
    |p_ZZN4nnet24compute_output_buffer_1dINS_5arrayI8ap_fixedILi16ELi6EL9ap_q_mode5EL9_235  |  16|   0|   16|          0|
    |p_ZZN4nnet24compute_output_buffer_1dINS_5arrayI8ap_fixedILi16ELi6EL9ap_q_mode5EL9_236  |  16|   0|   16|          0|
    |p_ZZN4nnet24compute_output_buffer_1dINS_5arrayI8ap_fixedILi16ELi6EL9ap_q_mode5EL9_237  |  16|   0|   16|          0|
    |p_ZZN4nnet24compute_output_buffer_1dINS_5arrayI8ap_fixedILi16ELi6EL9ap_q_mode5EL9_238  |  16|   0|   16|          0|
    |p_ZZN4nnet24compute_output_buffer_1dINS_5arrayI8ap_fixedILi16ELi6EL9ap_q_mode5EL9_239  |  16|   0|   16|          0|
    |p_ZZN4nnet24compute_output_buffer_1dINS_5arrayI8ap_fixedILi16ELi6EL9ap_q_mode5EL9_240  |  16|   0|   16|          0|
    |p_ZZN4nnet24compute_output_buffer_1dINS_5arrayI8ap_fixedILi16ELi6EL9ap_q_mode5EL9_241  |  16|   0|   16|          0|
    |p_ZZN4nnet24compute_output_buffer_1dINS_5arrayI8ap_fixedILi16ELi6EL9ap_q_mode5EL9_242  |  16|   0|   16|          0|
    |p_ZZN4nnet24compute_output_buffer_1dINS_5arrayI8ap_fixedILi16ELi6EL9ap_q_mode5EL9_243  |  16|   0|   16|          0|
    |p_ZZN4nnet24compute_output_buffer_1dINS_5arrayI8ap_fixedILi16ELi6EL9ap_q_mode5EL9_244  |  16|   0|   16|          0|
    |p_ZZN4nnet24compute_output_buffer_1dINS_5arrayI8ap_fixedILi16ELi6EL9ap_q_mode5EL9_245  |  16|   0|   16|          0|
    |p_ZZN4nnet24compute_output_buffer_1dINS_5arrayI8ap_fixedILi16ELi6EL9ap_q_mode5EL9_246  |  16|   0|   16|          0|
    |p_ZZN4nnet24compute_output_buffer_1dINS_5arrayI8ap_fixedILi16ELi6EL9ap_q_mode5EL9_247  |  16|   0|   16|          0|
    |p_ZZN4nnet24compute_output_buffer_1dINS_5arrayI8ap_fixedILi16ELi6EL9ap_q_mode5EL9_248  |  16|   0|   16|          0|
    |p_ZZN4nnet24compute_output_buffer_1dINS_5arrayI8ap_fixedILi16ELi6EL9ap_q_mode5EL9_249  |  16|   0|   16|          0|
    |p_ZZN4nnet24compute_output_buffer_1dINS_5arrayI8ap_fixedILi16ELi6EL9ap_q_mode5EL9_250  |  16|   0|   16|          0|
    |p_ZZN4nnet24compute_output_buffer_1dINS_5arrayI8ap_fixedILi16ELi6EL9ap_q_mode5EL9_251  |  16|   0|   16|          0|
    |p_ZZN4nnet24compute_output_buffer_1dINS_5arrayI8ap_fixedILi16ELi6EL9ap_q_mode5EL9_252  |  16|   0|   16|          0|
    |p_ZZN4nnet24compute_output_buffer_1dINS_5arrayI8ap_fixedILi16ELi6EL9ap_q_mode5EL9_253  |  16|   0|   16|          0|
    |p_ZZN4nnet24compute_output_buffer_1dINS_5arrayI8ap_fixedILi16ELi6EL9ap_q_mode5EL9_254  |  16|   0|   16|          0|
    |p_ZZN4nnet24compute_output_buffer_1dINS_5arrayI8ap_fixedILi16ELi6EL9ap_q_mode5EL9_255  |  16|   0|   16|          0|
    |p_ZZN4nnet24compute_output_buffer_1dINS_5arrayI8ap_fixedILi16ELi6EL9ap_q_mode5EL9_256  |  16|   0|   16|          0|
    |p_ZZN4nnet24compute_output_buffer_1dINS_5arrayI8ap_fixedILi16ELi6EL9ap_q_mode5EL9_257  |  16|   0|   16|          0|
    |p_ZZN4nnet24compute_output_buffer_1dINS_5arrayI8ap_fixedILi16ELi6EL9ap_q_mode5EL9_258  |  16|   0|   16|          0|
    |p_ZZN4nnet24compute_output_buffer_1dINS_5arrayI8ap_fixedILi16ELi6EL9ap_q_mode5EL9_259  |  16|   0|   16|          0|
    |p_ZZN4nnet24compute_output_buffer_1dINS_5arrayI8ap_fixedILi16ELi6EL9ap_q_mode5EL9_260  |  16|   0|   16|          0|
    |p_ZZN4nnet24compute_output_buffer_1dINS_5arrayI8ap_fixedILi16ELi6EL9ap_q_mode5EL9_261  |  16|   0|   16|          0|
    |p_ZZN4nnet24compute_output_buffer_1dINS_5arrayI8ap_fixedILi16ELi6EL9ap_q_mode5EL9_262  |  16|   0|   16|          0|
    |p_ZZN4nnet24compute_output_buffer_1dINS_5arrayI8ap_fixedILi16ELi6EL9ap_q_mode5EL9_263  |  16|   0|   16|          0|
    |p_ZZN4nnet24compute_output_buffer_1dINS_5arrayI8ap_fixedILi16ELi6EL9ap_q_mode5EL9_264  |  16|   0|   16|          0|
    |p_ZZN4nnet24compute_output_buffer_1dINS_5arrayI8ap_fixedILi16ELi6EL9ap_q_mode5EL9_265  |  16|   0|   16|          0|
    |p_ZZN4nnet24compute_output_buffer_1dINS_5arrayI8ap_fixedILi16ELi6EL9ap_q_mode5EL9_266  |  16|   0|   16|          0|
    |p_ZZN4nnet24compute_output_buffer_1dINS_5arrayI8ap_fixedILi16ELi6EL9ap_q_mode5EL9_267  |  16|   0|   16|          0|
    |p_ZZN4nnet24compute_output_buffer_1dINS_5arrayI8ap_fixedILi16ELi6EL9ap_q_mode5EL9_268  |  16|   0|   16|          0|
    |p_ZZN4nnet24compute_output_buffer_1dINS_5arrayI8ap_fixedILi16ELi6EL9ap_q_mode5EL9_269  |  16|   0|   16|          0|
    |p_ZZN4nnet24compute_output_buffer_1dINS_5arrayI8ap_fixedILi16ELi6EL9ap_q_mode5EL9_270  |  16|   0|   16|          0|
    |p_ZZN4nnet24compute_output_buffer_1dINS_5arrayI8ap_fixedILi16ELi6EL9ap_q_mode5EL9_271  |  16|   0|   16|          0|
    |p_ZZN4nnet24compute_output_buffer_1dINS_5arrayI8ap_fixedILi16ELi6EL9ap_q_mode5EL9_272  |  16|   0|   16|          0|
    |p_ZZN4nnet24compute_output_buffer_1dINS_5arrayI8ap_fixedILi16ELi6EL9ap_q_mode5EL9_273  |  16|   0|   16|          0|
    |p_ZZN4nnet24compute_output_buffer_1dINS_5arrayI8ap_fixedILi16ELi6EL9ap_q_mode5EL9_274  |  16|   0|   16|          0|
    |p_ZZN4nnet24compute_output_buffer_1dINS_5arrayI8ap_fixedILi16ELi6EL9ap_q_mode5EL9_275  |  16|   0|   16|          0|
    |p_ZZN4nnet24compute_output_buffer_1dINS_5arrayI8ap_fixedILi16ELi6EL9ap_q_mode5EL9_276  |  16|   0|   16|          0|
    |p_ZZN4nnet24compute_output_buffer_1dINS_5arrayI8ap_fixedILi16ELi6EL9ap_q_mode5EL9_277  |  16|   0|   16|          0|
    |p_ZZN4nnet24compute_output_buffer_1dINS_5arrayI8ap_fixedILi16ELi6EL9ap_q_mode5EL9_278  |  16|   0|   16|          0|
    |p_ZZN4nnet24compute_output_buffer_1dINS_5arrayI8ap_fixedILi16ELi6EL9ap_q_mode5EL9_279  |  16|   0|   16|          0|
    |p_ZZN4nnet24compute_output_buffer_1dINS_5arrayI8ap_fixedILi16ELi6EL9ap_q_mode5EL9_280  |  16|   0|   16|          0|
    |p_ZZN4nnet24compute_output_buffer_1dINS_5arrayI8ap_fixedILi16ELi6EL9ap_q_mode5EL9_281  |  16|   0|   16|          0|
    |p_ZZN4nnet24compute_output_buffer_1dINS_5arrayI8ap_fixedILi16ELi6EL9ap_q_mode5EL9_282  |  16|   0|   16|          0|
    |p_ZZN4nnet24compute_output_buffer_1dINS_5arrayI8ap_fixedILi16ELi6EL9ap_q_mode5EL9_283  |  16|   0|   16|          0|
    |p_ZZN4nnet24compute_output_buffer_1dINS_5arrayI8ap_fixedILi16ELi6EL9ap_q_mode5EL9_284  |  16|   0|   16|          0|
    |p_ZZN4nnet24compute_output_buffer_1dINS_5arrayI8ap_fixedILi16ELi6EL9ap_q_mode5EL9_285  |  16|   0|   16|          0|
    |p_ZZN4nnet24compute_output_buffer_1dINS_5arrayI8ap_fixedILi16ELi6EL9ap_q_mode5EL9_286  |  16|   0|   16|          0|
    |p_ZZN4nnet24compute_output_buffer_1dINS_5arrayI8ap_fixedILi16ELi6EL9ap_q_mode5EL9_287  |  16|   0|   16|          0|
    |p_ZZN4nnet24compute_output_buffer_1dINS_5arrayI8ap_fixedILi16ELi6EL9ap_q_mode5EL9_288  |  16|   0|   16|          0|
    |p_ZZN4nnet24compute_output_buffer_1dINS_5arrayI8ap_fixedILi16ELi6EL9ap_q_mode5EL9_289  |  16|   0|   16|          0|
    |p_ZZN4nnet24compute_output_buffer_1dINS_5arrayI8ap_fixedILi16ELi6EL9ap_q_mode5EL9_290  |  16|   0|   16|          0|
    |p_ZZN4nnet24compute_output_buffer_1dINS_5arrayI8ap_fixedILi16ELi6EL9ap_q_mode5EL9_291  |  16|   0|   16|          0|
    |p_ZZN4nnet24compute_output_buffer_1dINS_5arrayI8ap_fixedILi16ELi6EL9ap_q_mode5EL9_292  |  16|   0|   16|          0|
    |p_ZZN4nnet24compute_output_buffer_1dINS_5arrayI8ap_fixedILi16ELi6EL9ap_q_mode5EL9_293  |  16|   0|   16|          0|
    |p_ZZN4nnet24compute_output_buffer_1dINS_5arrayI8ap_fixedILi16ELi6EL9ap_q_mode5EL9_294  |  16|   0|   16|          0|
    |p_ZZN4nnet24compute_output_buffer_1dINS_5arrayI8ap_fixedILi16ELi6EL9ap_q_mode5EL9_295  |  16|   0|   16|          0|
    |p_ZZN4nnet24compute_output_buffer_1dINS_5arrayI8ap_fixedILi16ELi6EL9ap_q_mode5EL9_296  |  16|   0|   16|          0|
    |p_ZZN4nnet24compute_output_buffer_1dINS_5arrayI8ap_fixedILi16ELi6EL9ap_q_mode5EL9_297  |  16|   0|   16|          0|
    |p_ZZN4nnet24compute_output_buffer_1dINS_5arrayI8ap_fixedILi16ELi6EL9ap_q_mode5EL9_298  |  16|   0|   16|          0|
    |p_ZZN4nnet24compute_output_buffer_1dINS_5arrayI8ap_fixedILi16ELi6EL9ap_q_mode5EL9_299  |  16|   0|   16|          0|
    |p_ZZN4nnet24compute_output_buffer_1dINS_5arrayI8ap_fixedILi16ELi6EL9ap_q_mode5EL9_300  |  16|   0|   16|          0|
    |p_ZZN4nnet24compute_output_buffer_1dINS_5arrayI8ap_fixedILi16ELi6EL9ap_q_mode5EL9_301  |  16|   0|   16|          0|
    |p_ZZN4nnet24compute_output_buffer_1dINS_5arrayI8ap_fixedILi16ELi6EL9ap_q_mode5EL9_302  |  16|   0|   16|          0|
    |p_ZZN4nnet24compute_output_buffer_1dINS_5arrayI8ap_fixedILi16ELi6EL9ap_q_mode5EL9_303  |  16|   0|   16|          0|
    |p_ZZN4nnet24compute_output_buffer_1dINS_5arrayI8ap_fixedILi16ELi6EL9ap_q_mode5EL9_304  |  16|   0|   16|          0|
    |p_ZZN4nnet24compute_output_buffer_1dINS_5arrayI8ap_fixedILi16ELi6EL9ap_q_mode5EL9_305  |  16|   0|   16|          0|
    |p_ZZN4nnet24compute_output_buffer_1dINS_5arrayI8ap_fixedILi16ELi6EL9ap_q_mode5EL9_306  |  16|   0|   16|          0|
    |p_ZZN4nnet24compute_output_buffer_1dINS_5arrayI8ap_fixedILi16ELi6EL9ap_q_mode5EL9_307  |  16|   0|   16|          0|
    |p_ZZN4nnet24compute_output_buffer_1dINS_5arrayI8ap_fixedILi16ELi6EL9ap_q_mode5EL9_308  |  16|   0|   16|          0|
    |p_ZZN4nnet24compute_output_buffer_1dINS_5arrayI8ap_fixedILi16ELi6EL9ap_q_mode5EL9_309  |  16|   0|   16|          0|
    |p_ZZN4nnet24compute_output_buffer_1dINS_5arrayI8ap_fixedILi16ELi6EL9ap_q_mode5EL9_310  |  16|   0|   16|          0|
    |p_ZZN4nnet24compute_output_buffer_1dINS_5arrayI8ap_fixedILi16ELi6EL9ap_q_mode5EL9_311  |  16|   0|   16|          0|
    |p_ZZN4nnet24compute_output_buffer_1dINS_5arrayI8ap_fixedILi16ELi6EL9ap_q_mode5EL9_312  |  16|   0|   16|          0|
    |p_ZZN4nnet24compute_output_buffer_1dINS_5arrayI8ap_fixedILi16ELi6EL9ap_q_mode5EL9_313  |  16|   0|   16|          0|
    |p_ZZN4nnet24compute_output_buffer_1dINS_5arrayI8ap_fixedILi16ELi6EL9ap_q_mode5EL9_314  |  16|   0|   16|          0|
    |p_ZZN4nnet24compute_output_buffer_1dINS_5arrayI8ap_fixedILi16ELi6EL9ap_q_mode5EL9_315  |  16|   0|   16|          0|
    |p_ZZN4nnet24compute_output_buffer_1dINS_5arrayI8ap_fixedILi16ELi6EL9ap_q_mode5EL9_316  |  16|   0|   16|          0|
    |p_ZZN4nnet24compute_output_buffer_1dINS_5arrayI8ap_fixedILi16ELi6EL9ap_q_mode5EL9_317  |  16|   0|   16|          0|
    |p_ZZN4nnet24compute_output_buffer_1dINS_5arrayI8ap_fixedILi16ELi6EL9ap_q_mode5EL9_318  |  16|   0|   16|          0|
    |p_ZZN4nnet24compute_output_buffer_1dINS_5arrayI8ap_fixedILi16ELi6EL9ap_q_mode5EL9_319  |  16|   0|   16|          0|
    |p_ZZN4nnet24compute_output_buffer_1dINS_5arrayI8ap_fixedILi16ELi6EL9ap_q_mode5EL9_320  |  16|   0|   16|          0|
    |p_ZZN4nnet24compute_output_buffer_1dINS_5arrayI8ap_fixedILi16ELi6EL9ap_q_mode5EL9_321  |  16|   0|   16|          0|
    |p_ZZN4nnet24compute_output_buffer_1dINS_5arrayI8ap_fixedILi16ELi6EL9ap_q_mode5EL9_322  |  16|   0|   16|          0|
    |p_ZZN4nnet24compute_output_buffer_1dINS_5arrayI8ap_fixedILi16ELi6EL9ap_q_mode5EL9_323  |  16|   0|   16|          0|
    |p_ZZN4nnet24compute_output_buffer_1dINS_5arrayI8ap_fixedILi16ELi6EL9ap_q_mode5EL9_324  |  16|   0|   16|          0|
    |p_ZZN4nnet24compute_output_buffer_1dINS_5arrayI8ap_fixedILi16ELi6EL9ap_q_mode5EL9_325  |  16|   0|   16|          0|
    |p_ZZN4nnet24compute_output_buffer_1dINS_5arrayI8ap_fixedILi16ELi6EL9ap_q_mode5EL9_326  |  16|   0|   16|          0|
    |p_ZZN4nnet24compute_output_buffer_1dINS_5arrayI8ap_fixedILi16ELi6EL9ap_q_mode5EL9_327  |  16|   0|   16|          0|
    |p_ZZN4nnet24compute_output_buffer_1dINS_5arrayI8ap_fixedILi16ELi6EL9ap_q_mode5EL9_328  |  16|   0|   16|          0|
    |p_ZZN4nnet24compute_output_buffer_1dINS_5arrayI8ap_fixedILi16ELi6EL9ap_q_mode5EL9_329  |  16|   0|   16|          0|
    |p_ZZN4nnet24compute_output_buffer_1dINS_5arrayI8ap_fixedILi16ELi6EL9ap_q_mode5EL9_330  |  16|   0|   16|          0|
    |p_ZZN4nnet24compute_output_buffer_1dINS_5arrayI8ap_fixedILi16ELi6EL9ap_q_mode5EL9_331  |  16|   0|   16|          0|
    |p_ZZN4nnet24compute_output_buffer_1dINS_5arrayI8ap_fixedILi16ELi6EL9ap_q_mode5EL9_332  |  16|   0|   16|          0|
    |p_ZZN4nnet24compute_output_buffer_1dINS_5arrayI8ap_fixedILi16ELi6EL9ap_q_mode5EL9_333  |  16|   0|   16|          0|
    |p_ZZN4nnet24compute_output_buffer_1dINS_5arrayI8ap_fixedILi16ELi6EL9ap_q_mode5EL9_334  |  16|   0|   16|          0|
    |sX_4                                                                                   |  32|   0|   32|          0|
    |start_once_reg                                                                         |   1|   0|    1|          0|
    |and_ln360_reg_5703                                                                     |  64|  32|    1|          0|
    |icmp_ln21_reg_5586                                                                     |  64|  32|    1|          0|
    +---------------------------------------------------------------------------------------+----+----+-----+-----------+
    |Total                                                                                  |2946|  64| 2820|          0|
    +---------------------------------------------------------------------------------------+----+----+-----+-----------+



================================================================
== Interface
================================================================
* Summary: 
+----------------------------+-----+-----+------------+--------------------------------------------------------------------------+--------------+
|          RTL Ports         | Dir | Bits|  Protocol  |                               Source Object                              |    C Type    |
+----------------------------+-----+-----+------------+--------------------------------------------------------------------------+--------------+
|ap_clk                      |   in|    1|  ap_ctrl_hs|  conv_1d_cl<array<ap_fixed,16u>,array<ap_fixed<16,6,5,3,0>,24u>,config10>|  return value|
|ap_rst                      |   in|    1|  ap_ctrl_hs|  conv_1d_cl<array<ap_fixed,16u>,array<ap_fixed<16,6,5,3,0>,24u>,config10>|  return value|
|ap_start                    |   in|    1|  ap_ctrl_hs|  conv_1d_cl<array<ap_fixed,16u>,array<ap_fixed<16,6,5,3,0>,24u>,config10>|  return value|
|start_full_n                |   in|    1|  ap_ctrl_hs|  conv_1d_cl<array<ap_fixed,16u>,array<ap_fixed<16,6,5,3,0>,24u>,config10>|  return value|
|ap_done                     |  out|    1|  ap_ctrl_hs|  conv_1d_cl<array<ap_fixed,16u>,array<ap_fixed<16,6,5,3,0>,24u>,config10>|  return value|
|ap_continue                 |   in|    1|  ap_ctrl_hs|  conv_1d_cl<array<ap_fixed,16u>,array<ap_fixed<16,6,5,3,0>,24u>,config10>|  return value|
|ap_idle                     |  out|    1|  ap_ctrl_hs|  conv_1d_cl<array<ap_fixed,16u>,array<ap_fixed<16,6,5,3,0>,24u>,config10>|  return value|
|ap_ready                    |  out|    1|  ap_ctrl_hs|  conv_1d_cl<array<ap_fixed,16u>,array<ap_fixed<16,6,5,3,0>,24u>,config10>|  return value|
|start_out                   |  out|    1|  ap_ctrl_hs|  conv_1d_cl<array<ap_fixed,16u>,array<ap_fixed<16,6,5,3,0>,24u>,config10>|  return value|
|start_write                 |  out|    1|  ap_ctrl_hs|  conv_1d_cl<array<ap_fixed,16u>,array<ap_fixed<16,6,5,3,0>,24u>,config10>|  return value|
|layer27_out_dout            |   in|  256|     ap_fifo|                                                               layer27_out|       pointer|
|layer27_out_num_data_valid  |   in|    5|     ap_fifo|                                                               layer27_out|       pointer|
|layer27_out_fifo_cap        |   in|    5|     ap_fifo|                                                               layer27_out|       pointer|
|layer27_out_empty_n         |   in|    1|     ap_fifo|                                                               layer27_out|       pointer|
|layer27_out_read            |  out|    1|     ap_fifo|                                                               layer27_out|       pointer|
|layer10_out_din             |  out|  384|     ap_fifo|                                                               layer10_out|       pointer|
|layer10_out_num_data_valid  |   in|    2|     ap_fifo|                                                               layer10_out|       pointer|
|layer10_out_fifo_cap        |   in|    2|     ap_fifo|                                                               layer10_out|       pointer|
|layer10_out_full_n          |   in|    1|     ap_fifo|                                                               layer10_out|       pointer|
|layer10_out_write           |  out|    1|     ap_fifo|                                                               layer10_out|       pointer|
+----------------------------+-----+-----+------------+--------------------------------------------------------------------------+--------------+

