

================================================================
== Vitis HLS Report for 'dense_latency_ap_ufixed_6_0_4_0_0_ap_fixed_16_6_5_3_0_config11_s'
================================================================
* Date:           Fri Mar  8 07:14:06 2024

* Version:        2022.2 (Build 3670227 on Oct 13 2022)
* Project:        alveo_hls4ml
* Solution:       solution (Vitis Kernel Flow Target)
* Product family: virtexuplus
* Target device:  xcu55c-fsvh2892-2L-e


================================================================
== Performance Estimates
================================================================
+ Timing: 
    * Summary: 
    +--------+---------+----------+------------+
    |  Clock |  Target | Estimated| Uncertainty|
    +--------+---------+----------+------------+
    |ap_clk  |  3.33 ns|  2.245 ns|     0.90 ns|
    +--------+---------+----------+------------+

+ Latency: 
    * Summary: 
    +---------+---------+----------+----------+-----+-----+---------+
    |  Latency (cycles) |  Latency (absolute) |  Interval | Pipeline|
    |   min   |   max   |    min   |    max   | min | max |   Type  |
    +---------+---------+----------+----------+-----+-----+---------+
    |        2|        2|  6.666 ns|  6.666 ns|    1|    1|      yes|
    +---------+---------+----------+----------+-----+-----+---------+

    + Detail: 
        * Instance: 
        N/A

        * Loop: 
        N/A



================================================================
== Utilization Estimates
================================================================
* Summary: 
+---------------------+---------+------+---------+---------+-----+
|         Name        | BRAM_18K|  DSP |    FF   |   LUT   | URAM|
+---------------------+---------+------+---------+---------+-----+
|DSP                  |        -|     -|        -|        -|    -|
|Expression           |        -|     -|        0|     1448|    -|
|FIFO                 |        -|     -|        -|        -|    -|
|Instance             |        -|     -|        -|        -|    -|
|Memory               |        -|     -|        -|        -|    -|
|Multiplexer          |        -|     -|        -|       70|    -|
|Register             |        -|     -|      537|        -|    -|
+---------------------+---------+------+---------+---------+-----+
|Total                |        0|     0|      537|     1518|    0|
+---------------------+---------+------+---------+---------+-----+
|Available SLR        |     1344|  3008|   869120|   434560|  320|
+---------------------+---------+------+---------+---------+-----+
|Utilization SLR (%)  |        0|     0|       ~0|       ~0|    0|
+---------------------+---------+------+---------+---------+-----+
|Available            |     4032|  9024|  2607360|  1303680|  960|
+---------------------+---------+------+---------+---------+-----+
|Utilization (%)      |        0|     0|       ~0|       ~0|    0|
+---------------------+---------+------+---------+---------+-----+

+ Detail: 
    * Instance: 
    N/A

    * DSP: 
    N/A

    * Memory: 
    N/A

    * FIFO: 
    N/A

    * Expression: 
    +--------------------------+----------+----+---+----+------------+------------+
    |       Variable Name      | Operation| DSP| FF| LUT| Bitwidth P0| Bitwidth P1|
    +--------------------------+----------+----+---+----+------------+------------+
    |add_ln813_681_fu_1250_p2  |         +|   0|  0|  19|          12|          12|
    |add_ln813_682_fu_1260_p2  |         +|   0|  0|  20|          13|          13|
    |add_ln813_683_fu_1266_p2  |         +|   0|  0|  20|          13|          13|
    |add_ln813_684_fu_1467_p2  |         +|   0|  0|  21|          14|          14|
    |add_ln813_685_fu_1477_p2  |         +|   0|  0|  22|          15|          15|
    |add_ln813_686_fu_1272_p2  |         +|   0|  0|  20|          13|          13|
    |add_ln813_687_fu_1486_p2  |         +|   0|  0|  16|          15|          15|
    |add_ln813_688_fu_1278_p2  |         +|   0|  0|  19|          12|          12|
    |add_ln813_689_fu_1288_p2  |         +|   0|  0|  19|          12|          12|
    |add_ln813_690_fu_1298_p2  |         +|   0|  0|  20|          13|          13|
    |add_ln813_691_fu_1495_p2  |         +|   0|  0|  16|          15|          15|
    |add_ln813_692_fu_1742_p2  |         +|   0|  0|  19|          12|          12|
    |add_ln813_693_fu_1752_p2  |         +|   0|  0|  23|          16|          16|
    |add_ln813_694_fu_1758_p2  |         +|   0|  0|  19|          12|          11|
    |add_ln813_695_fu_1768_p2  |         +|   0|  0|  20|          13|          13|
    |add_ln813_696_fu_1304_p2  |         +|   0|  0|  19|          12|           8|
    |add_ln813_697_fu_1314_p2  |         +|   0|  0|  20|          13|          13|
    |add_ln813_698_fu_1504_p2  |         +|   0|  0|  16|          14|          14|
    |add_ln813_699_fu_1320_p2  |         +|   0|  0|  20|          13|          13|
    |add_ln813_700_fu_1513_p2  |         +|   0|  0|  16|          14|          14|
    |add_ln813_701_fu_1523_p2  |         +|   0|  0|  22|          15|          15|
    |add_ln813_702_fu_1326_p2  |         +|   0|  0|  19|          12|           9|
    |add_ln813_703_fu_1336_p2  |         +|   0|  0|  19|          12|          12|
    |add_ln813_704_fu_1346_p2  |         +|   0|  0|  20|          13|          13|
    |add_ln813_705_fu_1352_p2  |         +|   0|  0|  20|          13|          13|
    |add_ln813_706_fu_1535_p2  |         +|   0|  0|  21|          14|          14|
    |add_ln813_707_fu_1358_p2  |         +|   0|  0|  20|          13|          13|
    |add_ln813_708_fu_1548_p2  |         +|   0|  0|  22|          15|          15|
    |add_ln813_709_fu_1364_p2  |         +|   0|  0|  19|          12|           7|
    |add_ln813_710_fu_1374_p2  |         +|   0|  0|  20|          13|          13|
    |add_ln813_711_fu_1557_p2  |         +|   0|  0|  16|          14|          14|
    |add_ln813_712_fu_1380_p2  |         +|   0|  0|  20|          13|          13|
    |add_ln813_713_fu_1566_p2  |         +|   0|  0|  16|          14|          14|
    |add_ln813_714_fu_1386_p2  |         +|   0|  0|  19|          12|          12|
    |add_ln813_715_fu_1579_p2  |         +|   0|  0|  16|          15|          15|
    |add_ln813_716_fu_1392_p2  |         +|   0|  0|  19|          12|          12|
    |add_ln813_717_fu_1402_p2  |         +|   0|  0|  19|          12|          12|
    |add_ln813_718_fu_1412_p2  |         +|   0|  0|  20|          13|          13|
    |add_ln813_719_fu_1588_p2  |         +|   0|  0|  16|          15|          15|
    |add_ln813_fu_1240_p2      |         +|   0|  0|  19|          12|           8|
    |r_V_576_fu_318_p2         |         -|   0|  0|  19|           1|          12|
    |r_V_577_fu_354_p2         |         -|   0|  0|  19|          12|          12|
    |r_V_578_fu_1605_p2        |         -|   0|  0|  19|           1|          12|
    |r_V_579_fu_386_p2         |         -|   0|  0|  19|           1|          12|
    |r_V_580_fu_422_p2         |         -|   0|  0|  19|           1|          12|
    |r_V_581_fu_468_p2         |         -|   0|  0|  19|           1|          12|
    |r_V_582_fu_500_p2         |         -|   0|  0|  19|          12|          12|
    |r_V_583_fu_532_p2         |         -|   0|  0|  19|           1|          12|
    |r_V_584_fu_1432_p2        |         -|   0|  0|  19|          12|          12|
    |r_V_585_fu_568_p2         |         -|   0|  0|  19|          12|          12|
    |r_V_586_fu_588_p2         |         -|   0|  0|  19|           1|          12|
    |r_V_587_fu_608_p2         |         -|   0|  0|  19|          12|          12|
    |r_V_588_fu_636_p2         |         -|   0|  0|  19|           1|          12|
    |r_V_589_fu_668_p2         |         -|   0|  0|  19|           1|          12|
    |r_V_590_fu_700_p2         |         -|   0|  0|  19|           1|          12|
    |r_V_592_fu_732_p2         |         -|   0|  0|  19|           1|          12|
    |r_V_593_fu_764_p2         |         -|   0|  0|  19|           1|          12|
    |r_V_594_fu_800_p2         |         -|   0|  0|  19|          12|          12|
    |r_V_595_fu_848_p2         |         -|   0|  0|  18|          11|          11|
    |r_V_596_fu_884_p2         |         -|   0|  0|  19|          12|          12|
    |r_V_597_fu_904_p2         |         -|   0|  0|  19|           1|          12|
    |r_V_598_fu_1647_p2        |         -|   0|  0|  18|          11|          11|
    |r_V_599_fu_936_p2         |         -|   0|  0|  19|           1|          12|
    |r_V_600_fu_1685_p2        |         -|   0|  0|  19|          12|          12|
    |r_V_601_fu_972_p2         |         -|   0|  0|  19|           1|          12|
    |r_V_603_fu_992_p2         |         -|   0|  0|  19|          12|          12|
    |r_V_604_fu_1028_p2        |         -|   0|  0|  19|           1|          12|
    |r_V_605_fu_1048_p2        |         -|   0|  0|  19|          12|          12|
    |r_V_606_fu_1084_p2        |         -|   0|  0|  19|          12|          12|
    |r_V_607_fu_1100_p2        |         -|   0|  0|  19|           1|          12|
    |r_V_608_fu_1719_p2        |         -|   0|  0|  19|          12|          12|
    |r_V_609_fu_1136_p2        |         -|   0|  0|  19|           1|          12|
    |r_V_610_fu_1156_p2        |         -|   0|  0|  19|          12|          12|
    |r_V_611_fu_1188_p2        |         -|   0|  0|  19|           1|          12|
    |r_V_612_fu_1220_p2        |         -|   0|  0|  19|           1|          12|
    |r_V_fu_286_p2             |         -|   0|  0|  19|           1|          12|
    +--------------------------+----------+----+---+----+------------+------------+
    |Total                     |          |   0|  0|1448|         729|         943|
    +--------------------------+----------+----+---+----+------------+------------+

    * Multiplexer: 
    +-------------+----+-----------+-----+-----------+
    |     Name    | LUT| Input Size| Bits| Total Bits|
    +-------------+----+-----------+-----+-----------+
    |ap_return_0  |  14|          3|   16|         48|
    |ap_return_1  |  14|          3|   16|         48|
    |ap_return_2  |  14|          3|   16|         48|
    |ap_return_3  |  14|          3|   16|         48|
    |ap_return_4  |  14|          3|   16|         48|
    +-------------+----+-----------+-----+-----------+
    |Total        |  70|         15|   80|        240|
    +-------------+----+-----------+-----+-----------+

    * Register: 
    +-----------------------------------+----+----+-----+-----------+
    |                Name               | FF | LUT| Bits| Const Bits|
    +-----------------------------------+----+----+-----+-----------+
    |add_ln813_682_reg_1861             |  13|   0|   13|          0|
    |add_ln813_683_reg_1866             |  12|   0|   13|          1|
    |add_ln813_686_reg_1871             |  13|   0|   13|          0|
    |add_ln813_690_reg_1876             |   9|   0|   13|          4|
    |add_ln813_691_reg_1926             |  15|   0|   15|          0|
    |add_ln813_697_reg_1881             |   9|   0|   13|          4|
    |add_ln813_699_reg_1886             |  13|   0|   13|          0|
    |add_ln813_701_reg_1931             |  15|   0|   15|          0|
    |add_ln813_704_reg_1891             |  13|   0|   13|          0|
    |add_ln813_705_reg_1896             |  13|   0|   13|          0|
    |add_ln813_707_reg_1901             |  13|   0|   13|          0|
    |add_ln813_708_reg_1936             |  15|   0|   15|          0|
    |add_ln813_710_reg_1906             |   9|   0|   13|          4|
    |add_ln813_712_reg_1911             |  13|   0|   13|          0|
    |add_ln813_714_reg_1916             |  12|   0|   12|          0|
    |add_ln813_718_reg_1921             |   9|   0|   13|          4|
    |add_ln813_719_reg_1941             |  15|   0|   15|          0|
    |ap_ce_reg                          |   1|   0|    1|          0|
    |ap_return_0_int_reg                |  16|   0|   16|          0|
    |ap_return_1_int_reg                |  16|   0|   16|          0|
    |ap_return_2_int_reg                |  16|   0|   16|          0|
    |ap_return_3_int_reg                |  16|   0|   16|          0|
    |ap_return_4_int_reg                |  16|   0|   16|          0|
    |lshr_ln818_10_reg_1851             |  11|   0|   11|          0|
    |lshr_ln818_4_reg_1846              |  11|   0|   11|          0|
    |p_read10_int_reg                   |   6|   0|    6|          0|
    |p_read11_int_reg                   |   6|   0|    6|          0|
    |p_read12_int_reg                   |   6|   0|    6|          0|
    |p_read13_int_reg                   |   6|   0|    6|          0|
    |p_read14_int_reg                   |   6|   0|    6|          0|
    |p_read15_int_reg                   |   6|   0|    6|          0|
    |p_read16_int_reg                   |   6|   0|    6|          0|
    |p_read17_int_reg                   |   6|   0|    6|          0|
    |p_read18_int_reg                   |   6|   0|    6|          0|
    |p_read19_int_reg                   |   6|   0|    6|          0|
    |p_read1_int_reg                    |   6|   0|    6|          0|
    |p_read20_int_reg                   |   6|   0|    6|          0|
    |p_read21_int_reg                   |   6|   0|    6|          0|
    |p_read22_int_reg                   |   6|   0|    6|          0|
    |p_read23_int_reg                   |   6|   0|    6|          0|
    |p_read24_int_reg                   |   6|   0|    6|          0|
    |p_read25_int_reg                   |   6|   0|    6|          0|
    |p_read26_int_reg                   |   6|   0|    6|          0|
    |p_read2_int_reg                    |   6|   0|    6|          0|
    |p_read330_reg_1841                 |   6|   0|    6|          0|
    |p_read330_reg_1841_pp0_iter1_reg   |   6|   0|    6|          0|
    |p_read3_int_reg                    |   6|   0|    6|          0|
    |p_read4_int_reg                    |   6|   0|    6|          0|
    |p_read5_int_reg                    |   6|   0|    6|          0|
    |p_read6_int_reg                    |   6|   0|    6|          0|
    |p_read7_int_reg                    |   6|   0|    6|          0|
    |p_read835_reg_1835                 |   6|   0|    6|          0|
    |p_read8_int_reg                    |   6|   0|    6|          0|
    |p_read9_int_reg                    |   6|   0|    6|          0|
    |p_read_157_reg_1817                |   6|   0|    6|          0|
    |p_read_157_reg_1817_pp0_iter1_reg  |   6|   0|    6|          0|
    |p_read_159_reg_1823                |   6|   0|    6|          0|
    |p_read_159_reg_1823_pp0_iter1_reg  |   6|   0|    6|          0|
    |p_read_161_reg_1829                |   6|   0|    6|          0|
    |p_read_161_reg_1829_pp0_iter1_reg  |   6|   0|    6|          0|
    |p_read_int_reg                     |   6|   0|    6|          0|
    |trunc_ln818_23_reg_1856            |   7|   0|   11|          4|
    +-----------------------------------+----+----+-----+-----------+
    |Total                              | 537|   0|  558|         21|
    +-----------------------------------+----+----+-----+-----------+



================================================================
== Interface
================================================================
* Summary: 
+-------------+-----+-----+------------+-----------------------------------------------------------------------------+--------------+
|  RTL Ports  | Dir | Bits|  Protocol  |                                Source Object                                |    C Type    |
+-------------+-----+-----+------------+-----------------------------------------------------------------------------+--------------+
|ap_clk       |   in|    1|  ap_ctrl_hs|  dense_latency<ap_ufixed<6, 0, 4, 0, 0>, ap_fixed<16, 6, 5, 3, 0>, config11>|  return value|
|ap_rst       |   in|    1|  ap_ctrl_hs|  dense_latency<ap_ufixed<6, 0, 4, 0, 0>, ap_fixed<16, 6, 5, 3, 0>, config11>|  return value|
|ap_return_0  |  out|   16|  ap_ctrl_hs|  dense_latency<ap_ufixed<6, 0, 4, 0, 0>, ap_fixed<16, 6, 5, 3, 0>, config11>|  return value|
|ap_return_1  |  out|   16|  ap_ctrl_hs|  dense_latency<ap_ufixed<6, 0, 4, 0, 0>, ap_fixed<16, 6, 5, 3, 0>, config11>|  return value|
|ap_return_2  |  out|   16|  ap_ctrl_hs|  dense_latency<ap_ufixed<6, 0, 4, 0, 0>, ap_fixed<16, 6, 5, 3, 0>, config11>|  return value|
|ap_return_3  |  out|   16|  ap_ctrl_hs|  dense_latency<ap_ufixed<6, 0, 4, 0, 0>, ap_fixed<16, 6, 5, 3, 0>, config11>|  return value|
|ap_return_4  |  out|   16|  ap_ctrl_hs|  dense_latency<ap_ufixed<6, 0, 4, 0, 0>, ap_fixed<16, 6, 5, 3, 0>, config11>|  return value|
|ap_ce        |   in|    1|  ap_ctrl_hs|  dense_latency<ap_ufixed<6, 0, 4, 0, 0>, ap_fixed<16, 6, 5, 3, 0>, config11>|  return value|
|p_read       |   in|    6|     ap_none|                                                                       p_read|        scalar|
|p_read1      |   in|    6|     ap_none|                                                                      p_read1|        scalar|
|p_read2      |   in|    6|     ap_none|                                                                      p_read2|        scalar|
|p_read3      |   in|    6|     ap_none|                                                                      p_read3|        scalar|
|p_read4      |   in|    6|     ap_none|                                                                      p_read4|        scalar|
|p_read5      |   in|    6|     ap_none|                                                                      p_read5|        scalar|
|p_read6      |   in|    6|     ap_none|                                                                      p_read6|        scalar|
|p_read7      |   in|    6|     ap_none|                                                                      p_read7|        scalar|
|p_read8      |   in|    6|     ap_none|                                                                      p_read8|        scalar|
|p_read9      |   in|    6|     ap_none|                                                                      p_read9|        scalar|
|p_read10     |   in|    6|     ap_none|                                                                     p_read10|        scalar|
|p_read11     |   in|    6|     ap_none|                                                                     p_read11|        scalar|
|p_read12     |   in|    6|     ap_none|                                                                     p_read12|        scalar|
|p_read13     |   in|    6|     ap_none|                                                                     p_read13|        scalar|
|p_read14     |   in|    6|     ap_none|                                                                     p_read14|        scalar|
|p_read15     |   in|    6|     ap_none|                                                                     p_read15|        scalar|
|p_read16     |   in|    6|     ap_none|                                                                     p_read16|        scalar|
|p_read17     |   in|    6|     ap_none|                                                                     p_read17|        scalar|
|p_read18     |   in|    6|     ap_none|                                                                     p_read18|        scalar|
|p_read19     |   in|    6|     ap_none|                                                                     p_read19|        scalar|
|p_read20     |   in|    6|     ap_none|                                                                     p_read20|        scalar|
|p_read21     |   in|    6|     ap_none|                                                                     p_read21|        scalar|
|p_read22     |   in|    6|     ap_none|                                                                     p_read22|        scalar|
|p_read23     |   in|    6|     ap_none|                                                                     p_read23|        scalar|
|p_read24     |   in|    6|     ap_none|                                                                     p_read24|        scalar|
|p_read25     |   in|    6|     ap_none|                                                                     p_read25|        scalar|
|p_read26     |   in|    6|     ap_none|                                                                     p_read26|        scalar|
+-------------+-----+-----+------------+-----------------------------------------------------------------------------+--------------+

