

================================================================
== Vitis HLS Report for 'dense_array_ap_ufixed_64u_array_ap_fixed_16_6_5_3_0_32u_config5_s'
================================================================
* Date:           Sat Mar  2 01:08:59 2024

* Version:        2022.2 (Build 3670227 on Oct 13 2022)
* Project:        alveo_hls4ml
* Solution:       solution (Vitis Kernel Flow Target)
* Product family: virtexuplus
* Target device:  xcu55c-fsvh2892-2L-e


================================================================
== Performance Estimates
================================================================
+ Timing: 
    * Summary: 
    +--------+---------+----------+------------+
    |  Clock |  Target | Estimated| Uncertainty|
    +--------+---------+----------+------------+
    |ap_clk  |  3.33 ns|  2.342 ns|     0.90 ns|
    +--------+---------+----------+------------+

+ Latency: 
    * Summary: 
    +---------+---------+-----------+-----------+-----+-----+---------+
    |  Latency (cycles) |   Latency (absolute)  |  Interval | Pipeline|
    |   min   |   max   |    min    |    max    | min | max |   Type  |
    +---------+---------+-----------+-----------+-----+-----+---------+
    |        4|        4|  13.332 ns|  13.332 ns|    4|    4|       no|
    +---------+---------+-----------+-----------+-----+-----+---------+

    + Detail: 
        * Instance: 
        N/A

        * Loop: 
        N/A



================================================================
== Utilization Estimates
================================================================
* Summary: 
+---------------------+---------+------+---------+---------+-----+
|         Name        | BRAM_18K|  DSP |    FF   |   LUT   | URAM|
+---------------------+---------+------+---------+---------+-----+
|DSP                  |        -|     -|        -|        -|    -|
|Expression           |        -|     -|        0|    14530|    -|
|FIFO                 |        -|     -|        -|        -|    -|
|Instance             |        -|     0|        0|      966|    -|
|Memory               |        -|     -|        -|        -|    -|
|Multiplexer          |        -|     -|        -|       67|    -|
|Register             |        -|     -|     3121|        -|    -|
+---------------------+---------+------+---------+---------+-----+
|Total                |        0|     0|     3121|    15563|    0|
+---------------------+---------+------+---------+---------+-----+
|Available SLR        |     1344|  3008|   869120|   434560|  320|
+---------------------+---------+------+---------+---------+-----+
|Utilization SLR (%)  |        0|     0|       ~0|        3|    0|
+---------------------+---------+------+---------+---------+-----+
|Available            |     4032|  9024|  2607360|  1303680|  960|
+---------------------+---------+------+---------+---------+-----+
|Utilization (%)      |        0|     0|       ~0|        1|    0|
+---------------------+---------+------+---------+---------+-----+

+ Detail: 
    * Instance: 
    +------------------------+--------------------+---------+----+---+----+-----+
    |        Instance        |       Module       | BRAM_18K| DSP| FF| LUT| URAM|
    +------------------------+--------------------+---------+----+---+----+-----+
    |mul_6ns_5ns_10_1_1_U50  |mul_6ns_5ns_10_1_1  |        0|   0|  0|  23|    0|
    |mul_6ns_5ns_10_1_1_U51  |mul_6ns_5ns_10_1_1  |        0|   0|  0|  23|    0|
    |mul_6ns_5ns_10_1_1_U55  |mul_6ns_5ns_10_1_1  |        0|   0|  0|  23|    0|
    |mul_6ns_5ns_10_1_1_U56  |mul_6ns_5ns_10_1_1  |        0|   0|  0|  23|    0|
    |mul_6ns_5ns_10_1_1_U57  |mul_6ns_5ns_10_1_1  |        0|   0|  0|  23|    0|
    |mul_6ns_5ns_10_1_1_U59  |mul_6ns_5ns_10_1_1  |        0|   0|  0|  23|    0|
    |mul_6ns_5ns_10_1_1_U67  |mul_6ns_5ns_10_1_1  |        0|   0|  0|  23|    0|
    |mul_6ns_5ns_10_1_1_U68  |mul_6ns_5ns_10_1_1  |        0|   0|  0|  23|    0|
    |mul_6ns_5ns_10_1_1_U71  |mul_6ns_5ns_10_1_1  |        0|   0|  0|  23|    0|
    |mul_6ns_5ns_10_1_1_U75  |mul_6ns_5ns_10_1_1  |        0|   0|  0|  23|    0|
    |mul_6ns_5ns_10_1_1_U80  |mul_6ns_5ns_10_1_1  |        0|   0|  0|  23|    0|
    |mul_6ns_5ns_10_1_1_U82  |mul_6ns_5ns_10_1_1  |        0|   0|  0|  23|    0|
    |mul_6ns_5ns_10_1_1_U84  |mul_6ns_5ns_10_1_1  |        0|   0|  0|  23|    0|
    |mul_6ns_5ns_10_1_1_U87  |mul_6ns_5ns_10_1_1  |        0|   0|  0|  23|    0|
    |mul_6ns_5s_11_1_1_U49   |mul_6ns_5s_11_1_1   |        0|   0|  0|  23|    0|
    |mul_6ns_5s_11_1_1_U58   |mul_6ns_5s_11_1_1   |        0|   0|  0|  23|    0|
    |mul_6ns_5s_11_1_1_U61   |mul_6ns_5s_11_1_1   |        0|   0|  0|  23|    0|
    |mul_6ns_5s_11_1_1_U66   |mul_6ns_5s_11_1_1   |        0|   0|  0|  23|    0|
    |mul_6ns_5s_11_1_1_U69   |mul_6ns_5s_11_1_1   |        0|   0|  0|  23|    0|
    |mul_6ns_5s_11_1_1_U72   |mul_6ns_5s_11_1_1   |        0|   0|  0|  23|    0|
    |mul_6ns_5s_11_1_1_U74   |mul_6ns_5s_11_1_1   |        0|   0|  0|  23|    0|
    |mul_6ns_5s_11_1_1_U78   |mul_6ns_5s_11_1_1   |        0|   0|  0|  23|    0|
    |mul_6ns_5s_11_1_1_U79   |mul_6ns_5s_11_1_1   |        0|   0|  0|  23|    0|
    |mul_6ns_5s_11_1_1_U81   |mul_6ns_5s_11_1_1   |        0|   0|  0|  23|    0|
    |mul_6ns_5s_11_1_1_U83   |mul_6ns_5s_11_1_1   |        0|   0|  0|  23|    0|
    |mul_6ns_6ns_11_1_1_U53  |mul_6ns_6ns_11_1_1  |        0|   0|  0|  23|    0|
    |mul_6ns_6ns_11_1_1_U54  |mul_6ns_6ns_11_1_1  |        0|   0|  0|  23|    0|
    |mul_6ns_6ns_11_1_1_U60  |mul_6ns_6ns_11_1_1  |        0|   0|  0|  23|    0|
    |mul_6ns_6ns_11_1_1_U65  |mul_6ns_6ns_11_1_1  |        0|   0|  0|  23|    0|
    |mul_6ns_6ns_11_1_1_U70  |mul_6ns_6ns_11_1_1  |        0|   0|  0|  23|    0|
    |mul_6ns_6ns_11_1_1_U77  |mul_6ns_6ns_11_1_1  |        0|   0|  0|  23|    0|
    |mul_6ns_6ns_11_1_1_U86  |mul_6ns_6ns_11_1_1  |        0|   0|  0|  23|    0|
    |mul_6ns_6s_12_1_1_U52   |mul_6ns_6s_12_1_1   |        0|   0|  0|  23|    0|
    |mul_6ns_6s_12_1_1_U62   |mul_6ns_6s_12_1_1   |        0|   0|  0|  23|    0|
    |mul_6ns_6s_12_1_1_U63   |mul_6ns_6s_12_1_1   |        0|   0|  0|  23|    0|
    |mul_6ns_6s_12_1_1_U64   |mul_6ns_6s_12_1_1   |        0|   0|  0|  23|    0|
    |mul_6ns_6s_12_1_1_U73   |mul_6ns_6s_12_1_1   |        0|   0|  0|  23|    0|
    |mul_6ns_6s_12_1_1_U76   |mul_6ns_6s_12_1_1   |        0|   0|  0|  23|    0|
    |mul_6ns_6s_12_1_1_U85   |mul_6ns_6s_12_1_1   |        0|   0|  0|  23|    0|
    |mul_6ns_6s_12_1_1_U88   |mul_6ns_6s_12_1_1   |        0|   0|  0|  23|    0|
    |mul_6ns_6s_12_1_1_U89   |mul_6ns_6s_12_1_1   |        0|   0|  0|  23|    0|
    |mul_6ns_6s_12_1_1_U90   |mul_6ns_6s_12_1_1   |        0|   0|  0|  23|    0|
    +------------------------+--------------------+---------+----+---+----+-----+
    |Total                   |                    |        0|   0|  0| 966|    0|
    +------------------------+--------------------+---------+----+---+----+-----+

    * DSP: 
    N/A

    * Memory: 
    N/A

    * FIFO: 
    N/A

    * Expression: 
    +----------------------------+----------+----+---+-----+------------+------------+
    |        Variable Name       | Operation| DSP| FF| LUT | Bitwidth P0| Bitwidth P1|
    +----------------------------+----------+----+---+-----+------------+------------+
    |add_ln813_100_fu_88658_p2   |         +|   0|  0|   22|          15|          15|
    |add_ln813_101_fu_86898_p2   |         +|   0|  0|   16|           9|           9|
    |add_ln813_102_fu_86908_p2   |         +|   0|  0|   19|           8|           8|
    |add_ln813_103_fu_86914_p2   |         +|   0|  0|   19|           8|           8|
    |add_ln813_104_fu_86924_p2   |         +|   0|  0|   17|          10|          10|
    |add_ln813_105_fu_88667_p2   |         +|   0|  0|   16|          15|          15|
    |add_ln813_107_fu_80658_p2   |         +|   0|  0|   17|          10|           9|
    |add_ln813_108_fu_80668_p2   |         +|   0|  0|   16|           9|           9|
    |add_ln813_109_fu_80678_p2   |         +|   0|  0|   17|          11|          11|
    |add_ln813_10_fu_86462_p2    |         +|   0|  0|   20|          13|          13|
    |add_ln813_110_fu_80684_p2   |         +|   0|  0|   17|          11|          11|
    |add_ln813_111_fu_86933_p2   |         +|   0|  0|   20|          13|          13|
    |add_ln813_112_fu_86943_p2   |         +|   0|  0|   21|          14|          14|
    |add_ln813_113_fu_80690_p2   |         +|   0|  0|   17|          10|          10|
    |add_ln813_114_fu_86952_p2   |         +|   0|  0|   16|          14|          14|
    |add_ln813_115_fu_86958_p2   |         +|   0|  0|   16|          14|          14|
    |add_ln813_116_fu_86964_p2   |         +|   0|  0|   19|          12|          12|
    |add_ln813_117_fu_88685_p2   |         +|   0|  0|   22|          15|          15|
    |add_ln813_118_fu_86970_p2   |         +|   0|  0|   18|          11|          11|
    |add_ln813_119_fu_86976_p2   |         +|   0|  0|   17|          10|          10|
    |add_ln813_11_fu_80444_p2    |         +|   0|  0|   15|           8|           8|
    |add_ln813_120_fu_86986_p2   |         +|   0|  0|   18|          11|          11|
    |add_ln813_121_fu_88697_p2   |         +|   0|  0|   19|          12|          12|
    |add_ln813_122_fu_88707_p2   |         +|   0|  0|   16|          15|          15|
    |add_ln813_123_fu_86992_p2   |         +|   0|  0|   19|          12|          12|
    |add_ln813_124_fu_88716_p2   |         +|   0|  0|   16|          15|          15|
    |add_ln813_125_fu_86998_p2   |         +|   0|  0|   17|          13|          13|
    |add_ln813_126_fu_87004_p2   |         +|   0|  0|   15|           8|           8|
    |add_ln813_127_fu_87014_p2   |         +|   0|  0|   17|          13|          13|
    |add_ln813_129_fu_80696_p2   |         +|   0|  0|   18|           9|           8|
    |add_ln813_12_fu_86475_p2    |         +|   0|  0|   16|           9|           9|
    |add_ln813_130_fu_80702_p2   |         +|   0|  0|   18|           9|           9|
    |add_ln813_131_fu_87023_p2   |         +|   0|  0|   19|          12|          12|
    |add_ln813_132_fu_80708_p2   |         +|   0|  0|   17|          10|          10|
    |add_ln813_133_fu_87036_p2   |         +|   0|  0|   20|          13|          13|
    |add_ln813_134_fu_80714_p2   |         +|   0|  0|   14|           7|           7|
    |add_ln813_135_fu_87045_p2   |         +|   0|  0|   16|           9|           9|
    |add_ln813_136_fu_87055_p2   |         +|   0|  0|   17|          13|          13|
    |add_ln813_137_fu_87061_p2   |         +|   0|  0|   17|          13|          13|
    |add_ln813_138_fu_87067_p2   |         +|   0|  0|   16|           9|           9|
    |add_ln813_139_fu_87077_p2   |         +|   0|  0|   18|          11|          11|
    |add_ln813_13_fu_86485_p2    |         +|   0|  0|   21|          14|          14|
    |add_ln813_140_fu_88741_p2   |         +|   0|  0|   16|          14|          14|
    |add_ln813_142_fu_80720_p2   |         +|   0|  0|   16|           9|           6|
    |add_ln813_143_fu_80730_p2   |         +|   0|  0|   18|          11|          11|
    |add_ln813_144_fu_87086_p2   |         +|   0|  0|   17|          10|          10|
    |add_ln813_145_fu_87096_p2   |         +|   0|  0|   17|          12|          12|
    |add_ln813_146_fu_80736_p2   |         +|   0|  0|   17|          11|          11|
    |add_ln813_147_fu_80742_p2   |         +|   0|  0|   17|          11|          11|
    |add_ln813_148_fu_87105_p2   |         +|   0|  0|   17|          12|          12|
    |add_ln813_149_fu_87115_p2   |         +|   0|  0|   19|          12|          12|
    |add_ln813_14_fu_88553_p2    |         +|   0|  0|   16|          14|          14|
    |add_ln813_150_fu_87125_p2   |         +|   0|  0|   20|          13|          13|
    |add_ln813_151_fu_87131_p2   |         +|   0|  0|   18|          11|          11|
    |add_ln813_152_fu_87137_p2   |         +|   0|  0|   18|          11|          11|
    |add_ln813_153_fu_88762_p2   |         +|   0|  0|   19|          12|          12|
    |add_ln813_154_fu_88772_p2   |         +|   0|  0|   21|          14|          14|
    |add_ln813_155_fu_88778_p2   |         +|   0|  0|   16|          14|          14|
    |add_ln813_156_fu_87143_p2   |         +|   0|  0|   15|           8|           8|
    |add_ln813_157_fu_87153_p2   |         +|   0|  0|   16|           9|           9|
    |add_ln813_159_fu_80759_p2   |         +|   0|  0|   18|          11|          11|
    |add_ln813_15_fu_86491_p2    |         +|   0|  0|   16|           9|           9|
    |add_ln813_160_fu_87162_p2   |         +|   0|  0|   19|          12|          12|
    |add_ln813_161_fu_87172_p2   |         +|   0|  0|   19|          12|          12|
    |add_ln813_162_fu_87182_p2   |         +|   0|  0|   21|          14|          14|
    |add_ln813_163_fu_80765_p2   |         +|   0|  0|   17|          11|          11|
    |add_ln813_164_fu_80771_p2   |         +|   0|  0|   13|           6|           6|
    |add_ln813_165_fu_80781_p2   |         +|   0|  0|   17|          11|          11|
    |add_ln813_166_fu_88796_p2   |         +|   0|  0|   16|          14|          14|
    |add_ln813_167_fu_88801_p2   |         +|   0|  0|   16|          14|          14|
    |add_ln813_168_fu_88810_p2   |         +|   0|  0|   19|          12|          12|
    |add_ln813_169_fu_88820_p2   |         +|   0|  0|   22|          15|          15|
    |add_ln813_16_fu_86501_p2    |         +|   0|  0|   17|          10|          10|
    |add_ln813_170_fu_87188_p2   |         +|   0|  0|   16|           9|           9|
    |add_ln813_171_fu_87198_p2   |         +|   0|  0|   14|           7|           7|
    |add_ln813_172_fu_87208_p2   |         +|   0|  0|   17|          10|          10|
    |add_ln813_173_fu_88829_p2   |         +|   0|  0|   16|          15|          15|
    |add_ln813_175_fu_80787_p2   |         +|   0|  0|   19|          12|          12|
    |add_ln813_176_fu_80797_p2   |         +|   0|  0|   19|          12|          12|
    |add_ln813_177_fu_80807_p2   |         +|   0|  0|   20|          13|          13|
    |add_ln813_178_fu_80813_p2   |         +|   0|  0|   18|          11|          11|
    |add_ln813_179_fu_87220_p2   |         +|   0|  0|   16|          14|          14|
    |add_ln813_180_fu_80819_p2   |         +|   0|  0|   13|           6|           6|
    |add_ln813_181_fu_80829_p2   |         +|   0|  0|   15|           8|           8|
    |add_ln813_182_fu_87229_p2   |         +|   0|  0|   16|          14|          14|
    |add_ln813_183_fu_87239_p2   |         +|   0|  0|   19|          12|          12|
    |add_ln813_184_fu_87249_p2   |         +|   0|  0|   22|          15|          15|
    |add_ln813_185_fu_87255_p2   |         +|   0|  0|   19|          12|          12|
    |add_ln813_186_fu_87261_p2   |         +|   0|  0|   18|          11|          11|
    |add_ln813_187_fu_88847_p2   |         +|   0|  0|   21|          14|          14|
    |add_ln813_188_fu_88857_p2   |         +|   0|  0|   16|          15|          15|
    |add_ln813_189_fu_88862_p2   |         +|   0|  0|   16|          15|          15|
    |add_ln813_18_fu_86507_p2    |         +|   0|  0|   16|           9|           6|
    |add_ln813_190_fu_87267_p2   |         +|   0|  0|   17|          10|          10|
    |add_ln813_191_fu_88875_p2   |         +|   0|  0|   19|          12|          12|
    |add_ln813_193_fu_80835_p2   |         +|   0|  0|   19|          12|           7|
    |add_ln813_194_fu_80845_p2   |         +|   0|  0|   17|          10|          10|
    |add_ln813_195_fu_80855_p2   |         +|   0|  0|   17|          13|          13|
    |add_ln813_196_fu_80861_p2   |         +|   0|  0|   17|          13|          13|
    |add_ln813_197_fu_80867_p2   |         +|   0|  0|   20|          13|          13|
    |add_ln813_198_fu_87279_p2   |         +|   0|  0|   16|          14|          14|
    |add_ln813_199_fu_87285_p2   |         +|   0|  0|   16|          14|          14|
    |add_ln813_19_fu_86516_p2    |         +|   0|  0|   17|          10|          10|
    |add_ln813_200_fu_80873_p2   |         +|   0|  0|   18|          11|          11|
    |add_ln813_201_fu_87298_p2   |         +|   0|  0|   20|          13|          13|
    |add_ln813_202_fu_87308_p2   |         +|   0|  0|   22|          15|          15|
    |add_ln813_203_fu_87314_p2   |         +|   0|  0|   17|          10|          10|
    |add_ln813_204_fu_88894_p2   |         +|   0|  0|   18|          11|          11|
    |add_ln813_205_fu_80879_p2   |         +|   0|  0|   14|           7|           7|
    |add_ln813_206_fu_80889_p2   |         +|   0|  0|   16|           9|           9|
    |add_ln813_207_fu_88907_p2   |         +|   0|  0|   19|          12|          12|
    |add_ln813_208_fu_88917_p2   |         +|   0|  0|   16|          15|          15|
    |add_ln813_209_fu_87320_p2   |         +|   0|  0|   17|          10|          10|
    |add_ln813_211_fu_80895_p2   |         +|   0|  0|   16|           9|           7|
    |add_ln813_212_fu_80905_p2   |         +|   0|  0|   17|          11|          11|
    |add_ln813_213_fu_80911_p2   |         +|   0|  0|   16|           9|           9|
    |add_ln813_214_fu_80921_p2   |         +|   0|  0|   17|          11|          11|
    |add_ln813_215_fu_87329_p2   |         +|   0|  0|   20|          13|          13|
    |add_ln813_216_fu_80927_p2   |         +|   0|  0|   18|          11|          11|
    |add_ln813_217_fu_87342_p2   |         +|   0|  0|   19|          12|          12|
    |add_ln813_218_fu_87352_p2   |         +|   0|  0|   21|          14|          14|
    |add_ln813_219_fu_88931_p2   |         +|   0|  0|   16|          14|          14|
    |add_ln813_21_fu_76233_p2    |         +|   0|  0|   16|           9|           9|
    |add_ln813_220_fu_87358_p2   |         +|   0|  0|   19|          12|          12|
    |add_ln813_221_fu_88939_p2   |         +|   0|  0|   20|          13|          13|
    |add_ln813_222_fu_88949_p2   |         +|   0|  0|   16|          14|          14|
    |add_ln813_223_fu_87364_p2   |         +|   0|  0|   17|          10|          10|
    |add_ln813_224_fu_87374_p2   |         +|   0|  0|   17|          13|          13|
    |add_ln813_225_fu_87380_p2   |         +|   0|  0|   16|           9|           9|
    |add_ln813_226_fu_87390_p2   |         +|   0|  0|   17|          10|          10|
    |add_ln813_227_fu_87400_p2   |         +|   0|  0|   17|          13|          13|
    |add_ln813_228_fu_88962_p2   |         +|   0|  0|   16|          15|          15|
    |add_ln813_229_fu_87406_p2   |         +|   0|  0|   20|          13|          13|
    |add_ln813_22_fu_80453_p2    |         +|   0|  0|   18|          10|          10|
    |add_ln813_231_fu_80933_p2   |         +|   0|  0|   15|           8|           6|
    |add_ln813_232_fu_80943_p2   |         +|   0|  0|   16|           9|           9|
    |add_ln813_233_fu_80953_p2   |         +|   0|  0|   17|          10|          10|
    |add_ln813_234_fu_87415_p2   |         +|   0|  0|   17|          12|          12|
    |add_ln813_235_fu_80959_p2   |         +|   0|  0|   15|           8|           8|
    |add_ln813_236_fu_87424_p2   |         +|   0|  0|   17|          12|          12|
    |add_ln813_237_fu_87434_p2   |         +|   0|  0|   20|          13|          13|
    |add_ln813_238_fu_87440_p2   |         +|   0|  0|   19|          12|          12|
    |add_ln813_239_fu_88983_p2   |         +|   0|  0|   16|          14|          14|
    |add_ln813_23_fu_80459_p2    |         +|   0|  0|   18|          10|          10|
    |add_ln813_240_fu_87446_p2   |         +|   0|  0|   16|           9|           9|
    |add_ln813_241_fu_87456_p2   |         +|   0|  0|   17|          10|          10|
    |add_ln813_242_fu_88992_p2   |         +|   0|  0|   16|          14|          14|
    |add_ln813_243_fu_87462_p2   |         +|   0|  0|   20|          13|          13|
    |add_ln813_244_fu_89005_p2   |         +|   0|  0|   16|          15|          15|
    |add_ln813_245_fu_87468_p2   |         +|   0|  0|   17|          10|          10|
    |add_ln813_246_fu_87474_p2   |         +|   0|  0|   16|           9|           9|
    |add_ln813_247_fu_89017_p2   |         +|   0|  0|   18|          11|          11|
    |add_ln813_249_fu_80965_p2   |         +|   0|  0|   17|          11|          11|
    |add_ln813_24_fu_80469_p2    |         +|   0|  0|   17|          12|          12|
    |add_ln813_250_fu_80971_p2   |         +|   0|  0|   13|           6|           6|
    |add_ln813_251_fu_80993_p2   |         +|   0|  0|   17|          11|          11|
    |add_ln813_252_fu_81003_p2   |         +|   0|  0|   18|          11|          11|
    |add_ln813_253_fu_81013_p2   |         +|   0|  0|   19|          12|          12|
    |add_ln813_254_fu_87483_p2   |         +|   0|  0|   20|          13|          13|
    |add_ln813_255_fu_87493_p2   |         +|   0|  0|   15|           8|           8|
    |add_ln813_256_fu_87502_p2   |         +|   0|  0|   19|          12|          12|
    |add_ln813_257_fu_87512_p2   |         +|   0|  0|   16|          14|          14|
    |add_ln813_258_fu_87518_p2   |         +|   0|  0|   20|          13|          13|
    |add_ln813_25_fu_80475_p2    |         +|   0|  0|   17|          12|          12|
    |add_ln813_260_fu_81019_p2   |         +|   0|  0|   15|           8|           8|
    |add_ln813_261_fu_81029_p2   |         +|   0|  0|   16|           9|           9|
    |add_ln813_262_fu_81039_p2   |         +|   0|  0|   18|          11|          11|
    |add_ln813_263_fu_81045_p2   |         +|   0|  0|   18|          11|          11|
    |add_ln813_264_fu_87540_p2   |         +|   0|  0|   19|          12|          12|
    |add_ln813_265_fu_87550_p2   |         +|   0|  0|   20|          13|          13|
    |add_ln813_266_fu_81051_p2   |         +|   0|  0|   15|           8|           8|
    |add_ln813_267_fu_87563_p2   |         +|   0|  0|   20|          13|          13|
    |add_ln813_268_fu_87573_p2   |         +|   0|  0|   16|          14|          14|
    |add_ln813_269_fu_87579_p2   |         +|   0|  0|   16|          14|          14|
    |add_ln813_26_fu_80485_p2    |         +|   0|  0|   20|          13|          13|
    |add_ln813_270_fu_87585_p2   |         +|   0|  0|   19|          12|          12|
    |add_ln813_271_fu_89039_p2   |         +|   0|  0|   22|          15|          15|
    |add_ln813_272_fu_87591_p2   |         +|   0|  0|   18|          11|          11|
    |add_ln813_273_fu_87601_p2   |         +|   0|  0|   16|           9|           9|
    |add_ln813_274_fu_87611_p2   |         +|   0|  0|   17|          10|          10|
    |add_ln813_275_fu_87621_p2   |         +|   0|  0|   19|          12|          12|
    |add_ln813_276_fu_89048_p2   |         +|   0|  0|   16|          15|          15|
    |add_ln813_277_fu_87627_p2   |         +|   0|  0|   16|           9|           9|
    |add_ln813_279_fu_81057_p2   |         +|   0|  0|   17|          10|           7|
    |add_ln813_27_fu_80491_p2    |         +|   0|  0|   17|          13|          13|
    |add_ln813_280_fu_81067_p2   |         +|   0|  0|   19|          12|          12|
    |add_ln813_281_fu_87636_p2   |         +|   0|  0|   20|          13|          13|
    |add_ln813_282_fu_87642_p2   |         +|   0|  0|   17|          13|          13|
    |add_ln813_283_fu_81073_p2   |         +|   0|  0|   16|           9|           9|
    |add_ln813_284_fu_81083_p2   |         +|   0|  0|   17|          10|          10|
    |add_ln813_285_fu_87651_p2   |         +|   0|  0|   17|          13|          13|
    |add_ln813_286_fu_87661_p2   |         +|   0|  0|   21|          14|          14|
    |add_ln813_287_fu_87667_p2   |         +|   0|  0|   18|          11|          11|
    |add_ln813_288_fu_87677_p2   |         +|   0|  0|   19|          12|          12|
    |add_ln813_289_fu_89066_p2   |         +|   0|  0|   16|          14|          14|
    |add_ln813_28_fu_80497_p2    |         +|   0|  0|   17|          13|          13|
    |add_ln813_290_fu_87683_p2   |         +|   0|  0|   15|           8|           8|
    |add_ln813_291_fu_76239_p2   |         +|   0|  0|   16|           7|           7|
    |add_ln813_292_fu_76245_p2   |         +|   0|  0|   16|           7|           7|
    |add_ln813_293_fu_87696_p2   |         +|   0|  0|   16|           9|           9|
    |add_ln813_295_fu_81089_p2   |         +|   0|  0|   16|           9|           8|
    |add_ln813_296_fu_81099_p2   |         +|   0|  0|   18|          11|          11|
    |add_ln813_297_fu_87705_p2   |         +|   0|  0|   19|          12|          12|
    |add_ln813_298_fu_87715_p2   |         +|   0|  0|   17|          13|          13|
    |add_ln813_299_fu_87721_p2   |         +|   0|  0|   19|          12|          12|
    |add_ln813_29_fu_80503_p2    |         +|   0|  0|   19|          12|          12|
    |add_ln813_300_fu_87731_p2   |         +|   0|  0|   17|          13|          13|
    |add_ln813_301_fu_87737_p2   |         +|   0|  0|   20|          13|          13|
    |add_ln813_302_fu_89086_p2   |         +|   0|  0|   16|          15|          15|
    |add_ln813_303_fu_87743_p2   |         +|   0|  0|   17|          13|          13|
    |add_ln813_304_fu_87749_p2   |         +|   0|  0|   16|           9|           9|
    |add_ln813_305_fu_87759_p2   |         +|   0|  0|   17|          13|          13|
    |add_ln813_306_fu_89095_p2   |         +|   0|  0|   16|          15|          15|
    |add_ln813_307_fu_87765_p2   |         +|   0|  0|   20|          13|          13|
    |add_ln813_308_fu_89108_p2   |         +|   0|  0|   16|          16|          16|
    |add_ln813_309_fu_87771_p2   |         +|   0|  0|   13|           6|           6|
    |add_ln813_30_fu_86538_p2    |         +|   0|  0|   16|          15|          15|
    |add_ln813_310_fu_89117_p2   |         +|   0|  0|   15|           8|           8|
    |add_ln813_312_fu_81105_p2   |         +|   0|  0|   18|          11|           9|
    |add_ln813_313_fu_87780_p2   |         +|   0|  0|   20|          13|          13|
    |add_ln813_314_fu_81111_p2   |         +|   0|  0|   20|          13|          13|
    |add_ln813_315_fu_87793_p2   |         +|   0|  0|   16|          14|          14|
    |add_ln813_316_fu_87799_p2   |         +|   0|  0|   20|          13|          13|
    |add_ln813_317_fu_87809_p2   |         +|   0|  0|   16|          14|          14|
    |add_ln813_318_fu_81117_p2   |         +|   0|  0|   19|          12|          12|
    |add_ln813_319_fu_87822_p2   |         +|   0|  0|   20|          13|          13|
    |add_ln813_31_fu_80509_p2    |         +|   0|  0|   15|           8|           8|
    |add_ln813_320_fu_87832_p2   |         +|   0|  0|   22|          15|          15|
    |add_ln813_321_fu_87838_p2   |         +|   0|  0|   17|          10|          10|
    |add_ln813_322_fu_87848_p2   |         +|   0|  0|   17|          11|          11|
    |add_ln813_323_fu_87854_p2   |         +|   0|  0|   14|           7|           7|
    |add_ln813_324_fu_87864_p2   |         +|   0|  0|   14|           7|           7|
    |add_ln813_325_fu_87874_p2   |         +|   0|  0|   15|           8|           8|
    |add_ln813_326_fu_87884_p2   |         +|   0|  0|   17|          11|          11|
    |add_ln813_327_fu_89136_p2   |         +|   0|  0|   16|          15|          15|
    |add_ln813_328_fu_87890_p2   |         +|   0|  0|   20|          13|          13|
    |add_ln813_32_fu_86547_p2    |         +|   0|  0|   15|           8|           8|
    |add_ln813_330_fu_81123_p2   |         +|   0|  0|   18|          11|           9|
    |add_ln813_331_fu_81133_p2   |         +|   0|  0|   17|          12|          12|
    |add_ln813_332_fu_81139_p2   |         +|   0|  0|   17|          12|          12|
    |add_ln813_333_fu_81145_p2   |         +|   0|  0|   18|          10|          10|
    |add_ln813_334_fu_81151_p2   |         +|   0|  0|   14|           7|           7|
    |add_ln813_335_fu_81161_p2   |         +|   0|  0|   18|          10|          10|
    |add_ln813_336_fu_87902_p2   |         +|   0|  0|   20|          13|          13|
    |add_ln813_337_fu_87912_p2   |         +|   0|  0|   19|          12|          12|
    |add_ln813_338_fu_87922_p2   |         +|   0|  0|   16|          14|          14|
    |add_ln813_339_fu_81167_p2   |         +|   0|  0|   14|           7|           7|
    |add_ln813_33_fu_86557_p2    |         +|   0|  0|   16|           9|           9|
    |add_ln813_340_fu_87931_p2   |         +|   0|  0|   16|           9|           9|
    |add_ln813_341_fu_87941_p2   |         +|   0|  0|   16|          14|          14|
    |add_ln813_342_fu_87947_p2   |         +|   0|  0|   16|          14|          14|
    |add_ln813_343_fu_81173_p2   |         +|   0|  0|   14|           7|           7|
    |add_ln813_344_fu_87956_p2   |         +|   0|  0|   16|           9|           9|
    |add_ln813_346_fu_81179_p2   |         +|   0|  0|   16|           9|           6|
    |add_ln813_347_fu_81189_p2   |         +|   0|  0|   17|          10|          10|
    |add_ln813_348_fu_87975_p2   |         +|   0|  0|   18|          11|          11|
    |add_ln813_349_fu_81195_p2   |         +|   0|  0|   16|           9|           9|
    |add_ln813_350_fu_87988_p2   |         +|   0|  0|   19|          12|          12|
    |add_ln813_351_fu_87998_p2   |         +|   0|  0|   19|          12|          12|
    |add_ln813_352_fu_88008_p2   |         +|   0|  0|   17|          13|          13|
    |add_ln813_353_fu_88014_p2   |         +|   0|  0|   15|           8|           8|
    |add_ln813_354_fu_88024_p2   |         +|   0|  0|   16|           9|           9|
    |add_ln813_355_fu_88034_p2   |         +|   0|  0|   17|          13|          13|
    |add_ln813_356_fu_89153_p2   |         +|   0|  0|   16|          14|          14|
    |add_ln813_357_fu_88040_p2   |         +|   0|  0|   19|          12|          12|
    |add_ln813_358_fu_88050_p2   |         +|   0|  0|   20|          13|          13|
    |add_ln813_359_fu_89162_p2   |         +|   0|  0|   16|          14|          14|
    |add_ln813_35_fu_80515_p2    |         +|   0|  0|   17|          10|          10|
    |add_ln813_360_fu_88056_p2   |         +|   0|  0|   17|          12|          12|
    |add_ln813_361_fu_88062_p2   |         +|   0|  0|   16|           9|           9|
    |add_ln813_362_fu_88072_p2   |         +|   0|  0|   17|          10|          10|
    |add_ln813_363_fu_88082_p2   |         +|   0|  0|   17|          12|          12|
    |add_ln813_365_fu_88088_p2   |         +|   0|  0|   19|          12|          12|
    |add_ln813_366_fu_88098_p2   |         +|   0|  0|   17|          13|          13|
    |add_ln813_367_fu_88104_p2   |         +|   0|  0|   17|          13|          13|
    |add_ln813_368_fu_88114_p2   |         +|   0|  0|   17|          10|          10|
    |add_ln813_36_fu_80525_p2    |         +|   0|  0|   20|          13|          13|
    |add_ln813_370_fu_81212_p2   |         +|   0|  0|   15|           8|           8|
    |add_ln813_371_fu_81221_p2   |         +|   0|  0|   18|           9|           9|
    |add_ln813_372_fu_81227_p2   |         +|   0|  0|   18|           9|           9|
    |add_ln813_373_fu_81237_p2   |         +|   0|  0|   17|          10|          10|
    |add_ln813_374_fu_88133_p2   |         +|   0|  0|   18|          11|          11|
    |add_ln813_375_fu_81243_p2   |         +|   0|  0|   19|          12|          12|
    |add_ln813_376_fu_88146_p2   |         +|   0|  0|   20|          13|          13|
    |add_ln813_377_fu_88156_p2   |         +|   0|  0|   19|          12|          12|
    |add_ln813_378_fu_88166_p2   |         +|   0|  0|   21|          14|          14|
    |add_ln813_379_fu_88172_p2   |         +|   0|  0|   17|          11|          11|
    |add_ln813_37_fu_80535_p2    |         +|   0|  0|   20|          13|          13|
    |add_ln813_380_fu_88178_p2   |         +|   0|  0|   14|           7|           7|
    |add_ln813_381_fu_88188_p2   |         +|   0|  0|   17|          11|          11|
    |add_ln813_382_fu_89184_p2   |         +|   0|  0|   16|          14|          14|
    |add_ln813_383_fu_89189_p2   |         +|   0|  0|   16|          14|          14|
    |add_ln813_384_fu_88194_p2   |         +|   0|  0|   20|          13|          13|
    |add_ln813_385_fu_89202_p2   |         +|   0|  0|   16|          15|          15|
    |add_ln813_386_fu_88200_p2   |         +|   0|  0|   18|          11|          11|
    |add_ln813_387_fu_88206_p2   |         +|   0|  0|   15|           8|           8|
    |add_ln813_388_fu_88216_p2   |         +|   0|  0|   17|          10|          10|
    |add_ln813_389_fu_89214_p2   |         +|   0|  0|   19|          12|          12|
    |add_ln813_38_fu_80545_p2    |         +|   0|  0|   16|          14|          14|
    |add_ln813_390_fu_89224_p2   |         +|   0|  0|   16|          15|          15|
    |add_ln813_391_fu_89230_p2   |         +|   0|  0|   16|          15|          15|
    |add_ln813_392_fu_88222_p2   |         +|   0|  0|   17|          10|          10|
    |add_ln813_394_fu_81249_p2   |         +|   0|  0|   17|          10|           8|
    |add_ln813_395_fu_81255_p2   |         +|   0|  0|   18|          11|          11|
    |add_ln813_396_fu_88234_p2   |         +|   0|  0|   17|          12|          12|
    |add_ln813_397_fu_81261_p2   |         +|   0|  0|   14|           7|           7|
    |add_ln813_398_fu_81271_p2   |         +|   0|  0|   15|           8|           8|
    |add_ln813_399_fu_88243_p2   |         +|   0|  0|   17|          12|          12|
    |add_ln813_39_fu_80551_p2    |         +|   0|  0|   16|          14|          14|
    |add_ln813_400_fu_88253_p2   |         +|   0|  0|   17|          13|          13|
    |add_ln813_401_fu_81277_p2   |         +|   0|  0|   18|          11|          11|
    |add_ln813_402_fu_88262_p2   |         +|   0|  0|   17|          13|          13|
    |add_ln813_403_fu_88272_p2   |         +|   0|  0|   21|          14|          14|
    |add_ln813_404_fu_81283_p2   |         +|   0|  0|   18|          11|          11|
    |add_ln813_405_fu_88281_p2   |         +|   0|  0|   19|          12|          12|
    |add_ln813_406_fu_89248_p2   |         +|   0|  0|   16|          14|          14|
    |add_ln813_407_fu_88287_p2   |         +|   0|  0|   18|          10|          10|
    |add_ln813_408_fu_88293_p2   |         +|   0|  0|   19|           8|           8|
    |add_ln813_409_fu_88299_p2   |         +|   0|  0|   19|           8|           8|
    |add_ln813_40_fu_86576_p2    |         +|   0|  0|   19|          12|          12|
    |add_ln813_410_fu_88309_p2   |         +|   0|  0|   18|          10|          10|
    |add_ln813_411_fu_89256_p2   |         +|   0|  0|   16|          14|          14|
    |add_ln813_412_fu_89266_p2   |         +|   0|  0|   22|          15|          15|
    |add_ln813_413_fu_88315_p2   |         +|   0|  0|   18|          11|          11|
    |add_ln813_414_fu_89275_p2   |         +|   0|  0|   20|          13|          13|
    |add_ln813_415_fu_89285_p2   |         +|   0|  0|   16|          15|          15|
    |add_ln813_416_fu_88321_p2   |         +|   0|  0|   17|          10|          10|
    |add_ln813_417_fu_88327_p2   |         +|   0|  0|   14|           7|           7|
    |add_ln813_418_fu_88337_p2   |         +|   0|  0|   15|           8|           8|
    |add_ln813_419_fu_89297_p2   |         +|   0|  0|   18|          11|          11|
    |add_ln813_41_fu_86586_p2    |         +|   0|  0|   22|          15|          15|
    |add_ln813_421_fu_81289_p2   |         +|   0|  0|   16|           9|           7|
    |add_ln813_422_fu_81299_p2   |         +|   0|  0|   19|          12|          12|
    |add_ln813_423_fu_81309_p2   |         +|   0|  0|   18|          11|          11|
    |add_ln813_424_fu_81319_p2   |         +|   0|  0|   20|          13|          13|
    |add_ln813_425_fu_88346_p2   |         +|   0|  0|   20|          13|          13|
    |add_ln813_426_fu_88356_p2   |         +|   0|  0|   16|          14|          14|
    |add_ln813_427_fu_88362_p2   |         +|   0|  0|   16|          14|          14|
    |add_ln813_428_fu_88368_p2   |         +|   0|  0|   19|          12|          12|
    |add_ln813_429_fu_89319_p2   |         +|   0|  0|   22|          15|          15|
    |add_ln813_42_fu_86592_p2    |         +|   0|  0|   18|          11|          11|
    |add_ln813_430_fu_88374_p2   |         +|   0|  0|   18|          11|          11|
    |add_ln813_431_fu_81325_p2   |         +|   0|  0|   16|           9|           9|
    |add_ln813_432_fu_88383_p2   |         +|   0|  0|   18|          11|          11|
    |add_ln813_433_fu_89331_p2   |         +|   0|  0|   19|          12|          12|
    |add_ln813_434_fu_89341_p2   |         +|   0|  0|   16|          15|          15|
    |add_ln813_435_fu_88389_p2   |         +|   0|  0|   20|          13|          13|
    |add_ln813_436_fu_89350_p2   |         +|   0|  0|   16|          15|          15|
    |add_ln813_437_fu_88395_p2   |         +|   0|  0|   17|          10|          10|
    |add_ln813_438_fu_88405_p2   |         +|   0|  0|   20|          13|          13|
    |add_ln813_43_fu_86598_p2    |         +|   0|  0|   16|           9|           9|
    |add_ln813_44_fu_86608_p2    |         +|   0|  0|   17|          10|          10|
    |add_ln813_45_fu_88573_p2    |         +|   0|  0|   19|          12|          12|
    |add_ln813_46_fu_88583_p2    |         +|   0|  0|   16|          15|          15|
    |add_ln813_47_fu_86614_p2    |         +|   0|  0|   20|          13|          13|
    |add_ln813_49_fu_86620_p2    |         +|   0|  0|   19|          12|          12|
    |add_ln813_4_fu_86430_p2     |         +|   0|  0|   19|          12|          12|
    |add_ln813_50_fu_86630_p2    |         +|   0|  0|   17|          13|          13|
    |add_ln813_51_fu_86636_p2    |         +|   0|  0|   19|          12|          12|
    |add_ln813_52_fu_86646_p2    |         +|   0|  0|   17|          13|          13|
    |add_ln813_53_fu_88600_p2    |         +|   0|  0|   21|          14|          14|
    |add_ln813_54_fu_86652_p2    |         +|   0|  0|   17|          10|          10|
    |add_ln813_56_fu_80557_p2    |         +|   0|  0|   16|           9|           7|
    |add_ln813_57_fu_80567_p2    |         +|   0|  0|   19|          12|          12|
    |add_ln813_58_fu_86661_p2    |         +|   0|  0|   17|          13|          13|
    |add_ln813_59_fu_80573_p2    |         +|   0|  0|   16|           9|           9|
    |add_ln813_5_fu_86440_p2     |         +|   0|  0|   19|          12|          12|
    |add_ln813_60_fu_86670_p2    |         +|   0|  0|   19|          12|          12|
    |add_ln813_61_fu_86680_p2    |         +|   0|  0|   17|          13|          13|
    |add_ln813_62_fu_86690_p2    |         +|   0|  0|   16|          14|          14|
    |add_ln813_63_fu_86696_p2    |         +|   0|  0|   16|          14|          14|
    |add_ln813_64_fu_86702_p2    |         +|   0|  0|   20|          13|          13|
    |add_ln813_65_fu_88625_p2    |         +|   0|  0|   16|          15|          15|
    |add_ln813_66_fu_86708_p2    |         +|   0|  0|   18|          10|          10|
    |add_ln813_67_fu_86714_p2    |         +|   0|  0|   15|           8|           8|
    |add_ln813_68_fu_86724_p2    |         +|   0|  0|   16|           9|           9|
    |add_ln813_69_fu_86734_p2    |         +|   0|  0|   18|          10|          10|
    |add_ln813_71_fu_80579_p2    |         +|   0|  0|   16|           9|           9|
    |add_ln813_72_fu_80589_p2    |         +|   0|  0|   18|          11|          11|
    |add_ln813_73_fu_80595_p2    |         +|   0|  0|   18|          11|          11|
    |add_ln813_74_fu_86746_p2    |         +|   0|  0|   17|          12|          12|
    |add_ln813_75_fu_80601_p2    |         +|   0|  0|   14|           7|           7|
    |add_ln813_76_fu_86755_p2    |         +|   0|  0|   15|           8|           8|
    |add_ln813_77_fu_86765_p2    |         +|   0|  0|   17|          12|          12|
    |add_ln813_78_fu_86775_p2    |         +|   0|  0|   19|          12|          12|
    |add_ln813_7_fu_80422_p2     |         +|   0|  0|   16|           9|           9|
    |add_ln813_80_fu_80607_p2    |         +|   0|  0|   17|          11|          11|
    |add_ln813_81_fu_80624_p2    |         +|   0|  0|   17|          11|          11|
    |add_ln813_82_fu_80630_p2    |         +|   0|  0|   17|          10|          10|
    |add_ln813_83_fu_86797_p2    |         +|   0|  0|   19|          12|          12|
    |add_ln813_84_fu_86807_p2    |         +|   0|  0|   20|          13|          13|
    |add_ln813_85_fu_86813_p2    |         +|   0|  0|   17|          13|          13|
    |add_ln813_86_fu_86819_p2    |         +|   0|  0|   15|           8|           8|
    |add_ln813_87_fu_86829_p2    |         +|   0|  0|   17|          10|          10|
    |add_ln813_88_fu_86839_p2    |         +|   0|  0|   17|          13|          13|
    |add_ln813_89_fu_86845_p2    |         +|   0|  0|   17|          10|          10|
    |add_ln813_8_fu_80432_p2     |         +|   0|  0|   19|          12|          12|
    |add_ln813_91_fu_80636_p2    |         +|   0|  0|   14|           7|           7|
    |add_ln813_92_fu_80646_p2    |         +|   0|  0|   17|          13|          13|
    |add_ln813_93_fu_80652_p2    |         +|   0|  0|   17|          13|          13|
    |add_ln813_94_fu_86854_p2    |         +|   0|  0|   21|          14|          14|
    |add_ln813_95_fu_86860_p2    |         +|   0|  0|   15|           8|           8|
    |add_ln813_96_fu_86870_p2    |         +|   0|  0|   16|          14|          14|
    |add_ln813_97_fu_86876_p2    |         +|   0|  0|   16|          14|          14|
    |add_ln813_98_fu_86882_p2    |         +|   0|  0|   16|           9|           9|
    |add_ln813_99_fu_86892_p2    |         +|   0|  0|   19|          12|          12|
    |add_ln813_9_fu_80438_p2     |         +|   0|  0|   19|          12|          12|
    |add_ln813_fu_86420_p2       |         +|   0|  0|   16|           9|           9|
    |r_V_105_fu_78797_p2         |         +|   0|  0|   18|          11|          11|
    |r_V_109_fu_78913_p2         |         +|   0|  0|   17|          10|          10|
    |r_V_114_fu_78997_p2         |         +|   0|  0|   17|          10|          10|
    |r_V_130_fu_79203_p2         |         +|   0|  0|   17|          10|          10|
    |r_V_133_fu_79274_p2         |         +|   0|  0|   17|          10|          10|
    |r_V_134_fu_79290_p2         |         +|   0|  0|   16|           9|           9|
    |r_V_138_fu_79365_p2         |         +|   0|  0|   17|          10|          10|
    |r_V_139_fu_79411_p2         |         +|   0|  0|   18|          11|          11|
    |r_V_13_fu_76449_p2          |         +|   0|  0|   17|          10|          10|
    |r_V_15_fu_76500_p2          |         +|   0|  0|   18|          11|          11|
    |r_V_168_fu_82162_p2         |         +|   0|  0|   18|          11|          11|
    |r_V_177_fu_82331_p2         |         +|   0|  0|   16|           9|           9|
    |r_V_17_fu_76516_p2          |         +|   0|  0|   17|          10|          10|
    |r_V_180_fu_82361_p2         |         +|   0|  0|   18|          11|          11|
    |r_V_182_fu_79950_p2         |         +|   0|  0|   18|          11|          11|
    |r_V_184_fu_79977_p2         |         +|   0|  0|   18|          11|          11|
    |r_V_188_fu_82501_p2         |         +|   0|  0|   17|          10|          10|
    |r_V_192_fu_82584_p2         |         +|   0|  0|   16|           9|           9|
    |r_V_193_fu_82604_p2         |         +|   0|  0|   17|          10|          10|
    |r_V_199_fu_88432_p2         |         +|   0|  0|   18|          11|          11|
    |r_V_205_fu_82861_p2         |         +|   0|  0|   18|          11|          11|
    |r_V_20_fu_76592_p2          |         +|   0|  0|   17|          10|          10|
    |r_V_226_fu_83380_p2         |         +|   0|  0|   17|          10|          10|
    |r_V_230_fu_83468_p2         |         +|   0|  0|   16|           9|           9|
    |r_V_236_fu_83579_p2         |         +|   0|  0|   17|          10|          10|
    |r_V_239_fu_83653_p2         |         +|   0|  0|   17|          10|          10|
    |r_V_241_fu_83720_p2         |         +|   0|  0|   18|          11|          11|
    |r_V_243_fu_83754_p2         |         +|   0|  0|   16|           9|           9|
    |r_V_248_fu_83855_p2         |         +|   0|  0|   16|           9|           9|
    |r_V_256_fu_84064_p2         |         +|   0|  0|   17|          10|          10|
    |r_V_266_fu_84285_p2         |         +|   0|  0|   17|          10|          10|
    |r_V_273_fu_84447_p2         |         +|   0|  0|   17|          10|          10|
    |r_V_281_fu_80293_p2         |         +|   0|  0|   16|           9|           9|
    |r_V_287_fu_84633_p2         |         +|   0|  0|   17|          10|          10|
    |r_V_29_fu_76810_p2          |         +|   0|  0|   17|          10|          10|
    |r_V_308_fu_80342_p2         |         +|   0|  0|   16|           9|           9|
    |r_V_316_fu_85400_p2         |         +|   0|  0|   17|          10|          10|
    |r_V_320_fu_85481_p2         |         +|   0|  0|   18|          11|          11|
    |r_V_33_fu_76916_p2          |         +|   0|  0|   16|           9|           9|
    |r_V_350_fu_86243_p2         |         +|   0|  0|   17|          10|          10|
    |r_V_352_fu_86294_p2         |         +|   0|  0|   17|          10|          10|
    |r_V_40_fu_77059_p2          |         +|   0|  0|   16|           9|           9|
    |r_V_44_fu_77161_p2          |         +|   0|  0|   18|          11|          11|
    |r_V_48_fu_77216_p2          |         +|   0|  0|   17|          10|          10|
    |r_V_5_fu_75819_p2           |         +|   0|  0|   16|           9|           9|
    |r_V_62_fu_77589_p2          |         +|   0|  0|   17|          10|          10|
    |r_V_66_fu_77674_p2          |         +|   0|  0|   16|           9|           9|
    |r_V_68_fu_77772_p2          |         +|   0|  0|   18|          11|          11|
    |r_V_70_fu_77828_p2          |         +|   0|  0|   17|          10|          10|
    |r_V_76_fu_77998_p2          |         +|   0|  0|   16|           9|           9|
    |r_V_93_fu_78432_p2          |         +|   0|  0|   16|           9|           9|
    |r_V_9_fu_75851_p2           |         +|   0|  0|   17|          10|          10|
    |r_V_fu_76273_p2             |         +|   0|  0|   17|          10|          10|
    |res_V_10_fu_89027_p2        |         +|   0|  0|   16|          15|          15|
    |res_V_11_fu_86567_p2        |         +|   0|  0|   16|          15|          15|
    |res_V_12_fu_89175_p2        |         +|   0|  0|   22|          15|          15|
    |res_V_13_fu_88747_p2        |         +|   0|  0|   16|          14|          14|
    |res_V_14_fu_86450_p2        |         +|   0|  0|   20|          13|          13|
    |res_V_15_fu_88124_p2        |         +|   0|  0|   21|          14|          14|
    |res_V_16_fu_86785_p2        |         +|   0|  0|   20|          13|          13|
    |res_V_17_fu_89239_p2        |         +|   0|  0|   16|          15|          15|
    |res_V_18_fu_87528_p2        |         +|   0|  0|   16|          14|          14|
    |res_V_19_fu_88787_p2        |         +|   0|  0|   16|          14|          14|
    |res_V_1_fu_89127_p2         |         +|   0|  0|   16|          16|          16|
    |res_V_20_fu_89057_p2        |         +|   0|  0|   16|          15|          15|
    |res_V_21_fu_89307_p2        |         +|   0|  0|   16|          15|          15|
    |res_V_22_fu_89074_p2        |         +|   0|  0|   16|          14|          14|
    |res_V_23_fu_88591_p2        |         +|   0|  0|   16|          15|          15|
    |res_V_24_fu_88835_p2        |         +|   0|  0|   16|          15|          15|
    |res_V_25_fu_89363_p2        |         +|   0|  0|   23|          16|          16|
    |res_V_26_fu_88646_p2        |         +|   0|  0|   21|          14|          14|
    |res_V_27_fu_88885_p2        |         +|   0|  0|   23|          16|          16|
    |res_V_28_fu_88729_p2        |         +|   0|  0|   23|          16|          16|
    |res_V_2_fu_89144_p2         |         +|   0|  0|   16|          15|          15|
    |res_V_3_fu_88613_p2         |         +|   0|  0|   22|          15|          15|
    |res_V_4_fu_87966_p2         |         +|   0|  0|   16|          14|          14|
    |res_V_5_fu_86526_p2         |         +|   0|  0|   19|          12|          12|
    |res_V_6_fu_88561_p2         |         +|   0|  0|   16|          14|          14|
    |res_V_7_fu_88673_p2         |         +|   0|  0|   16|          15|          15|
    |res_V_8_fu_88971_p2         |         +|   0|  0|   16|          15|          15|
    |res_V_9_fu_88634_p2         |         +|   0|  0|   16|          15|          15|
    |res_V_fu_88925_p2           |         +|   0|  0|   16|          15|          15|
    |r_V_100_fu_78667_p2         |         -|   0|  0|   18|          11|          11|
    |r_V_101_fu_78687_p2         |         -|   0|  0|   18|          11|          11|
    |r_V_102_fu_78707_p2         |         -|   0|  0|   17|          10|          10|
    |r_V_103_fu_78763_p2         |         -|   0|  0|   18|          11|          11|
    |r_V_106_fu_78843_p2         |         -|   0|  0|   17|          10|          10|
    |r_V_107_fu_78859_p2         |         -|   0|  0|   16|           9|           9|
    |r_V_108_fu_78893_p2         |         -|   0|  0|   18|          11|          11|
    |r_V_111_fu_78970_p2         |         -|   0|  0|   16|           9|           9|
    |r_V_113_fu_81527_p2         |         -|   0|  0|   19|          12|          12|
    |r_V_116_fu_79034_p2         |         -|   0|  0|   18|          11|          11|
    |r_V_117_fu_79064_p2         |         -|   0|  0|   17|          10|          10|
    |r_V_118_fu_79084_p2         |         -|   0|  0|   18|          11|          11|
    |r_V_119_fu_79100_p2         |         -|   0|  0|   17|          10|          10|
    |r_V_11_fu_76376_p2          |         -|   0|  0|   14|           1|           7|
    |r_V_120_fu_79120_p2         |         -|   0|  0|   18|          11|          11|
    |r_V_121_fu_81576_p2         |         -|   0|  0|   16|           9|           9|
    |r_V_122_fu_81610_p2         |         -|   0|  0|   18|          11|          11|
    |r_V_123_fu_79150_p2         |         -|   0|  0|   14|           1|           7|
    |r_V_125_fu_79169_p2         |         -|   0|  0|   16|           1|           9|
    |r_V_126_fu_81662_p2         |         -|   0|  0|   17|          10|          10|
    |r_V_127_fu_81686_p2         |         -|   0|  0|   16|           9|           9|
    |r_V_128_fu_81705_p2         |         -|   0|  0|   17|           1|          10|
    |r_V_129_fu_81729_p2         |         -|   0|  0|   18|          11|          11|
    |r_V_12_fu_76407_p2          |         -|   0|  0|   16|           9|           9|
    |r_V_131_fu_81773_p2         |         -|   0|  0|   19|          12|          12|
    |r_V_132_fu_79247_p2         |         -|   0|  0|   16|           9|           9|
    |r_V_135_fu_79310_p2         |         -|   0|  0|   14|           1|           7|
    |r_V_140_fu_81829_p2         |         -|   0|  0|   15|           1|           8|
    |r_V_143_fu_79465_p2         |         -|   0|  0|   18|          11|          11|
    |r_V_144_fu_79485_p2         |         -|   0|  0|   16|           1|           9|
    |r_V_145_fu_79505_p2         |         -|   0|  0|   18|          11|          11|
    |r_V_147_fu_81852_p2         |         -|   0|  0|   18|          11|          11|
    |r_V_14_fu_76469_p2          |         -|   0|  0|   17|           1|          10|
    |r_V_151_fu_79567_p2         |         -|   0|  0|   16|           9|           9|
    |r_V_154_fu_79597_p2         |         -|   0|  0|   16|           9|           9|
    |r_V_155_fu_81942_p2         |         -|   0|  0|   17|          10|          10|
    |r_V_156_fu_79617_p2         |         -|   0|  0|   16|           1|           9|
    |r_V_157_fu_81981_p2         |         -|   0|  0|   16|           9|           9|
    |r_V_158_fu_79664_p2         |         -|   0|  0|   18|          11|          11|
    |r_V_159_fu_82007_p2         |         -|   0|  0|   16|           9|           9|
    |r_V_160_fu_79680_p2         |         -|   0|  0|   14|           1|           7|
    |r_V_161_fu_82053_p2         |         -|   0|  0|   18|          11|          11|
    |r_V_162_fu_79726_p2         |         -|   0|  0|   14|           1|           7|
    |r_V_163_fu_79746_p2         |         -|   0|  0|   15|           1|           8|
    |r_V_164_fu_82104_p2         |         -|   0|  0|   19|          12|          12|
    |r_V_165_fu_79787_p2         |         -|   0|  0|   18|          11|          11|
    |r_V_167_fu_82138_p2         |         -|   0|  0|   18|          11|          11|
    |r_V_170_fu_82216_p2         |         -|   0|  0|   17|          10|          10|
    |r_V_171_fu_79818_p2         |         -|   0|  0|   15|           1|           8|
    |r_V_173_fu_82240_p2         |         -|   0|  0|   14|           1|           7|
    |r_V_174_fu_82271_p2         |         -|   0|  0|   16|           9|           9|
    |r_V_175_fu_82301_p2         |         -|   0|  0|   16|           9|           9|
    |r_V_176_fu_79862_p2         |         -|   0|  0|   17|          10|          10|
    |r_V_179_fu_79893_p2         |         -|   0|  0|   15|           1|           8|
    |r_V_181_fu_79930_p2         |         -|   0|  0|   18|          11|          11|
    |r_V_183_fu_82409_p2         |         -|   0|  0|   17|          10|          10|
    |r_V_185_fu_82432_p2         |         -|   0|  0|   17|           1|          10|
    |r_V_187_fu_82459_p2         |         -|   0|  0|   14|           1|           7|
    |r_V_18_fu_76557_p2          |         -|   0|  0|   17|          10|          10|
    |r_V_190_fu_82560_p2         |         -|   0|  0|   17|          10|          10|
    |r_V_195_fu_80014_p2         |         -|   0|  0|   15|           1|           8|
    |r_V_197_fu_82660_p2         |         -|   0|  0|   16|           9|           9|
    |r_V_198_fu_82705_p2         |         -|   0|  0|   16|           9|           9|
    |r_V_200_fu_82757_p2         |         -|   0|  0|   18|          11|          11|
    |r_V_201_fu_82736_p2         |         -|   0|  0|   17|           1|          10|
    |r_V_202_fu_82791_p2         |         -|   0|  0|   14|           1|           7|
    |r_V_206_fu_82881_p2         |         -|   0|  0|   15|           1|           8|
    |r_V_207_fu_82912_p2         |         -|   0|  0|   16|           9|           9|
    |r_V_208_fu_82957_p2         |         -|   0|  0|   18|          11|          11|
    |r_V_209_fu_82977_p2         |         -|   0|  0|   17|          10|          10|
    |r_V_210_fu_83001_p2         |         -|   0|  0|   18|          11|          11|
    |r_V_212_fu_83039_p2         |         -|   0|  0|   18|          11|          11|
    |r_V_213_fu_83085_p2         |         -|   0|  0|   17|           1|          10|
    |r_V_214_fu_80068_p2         |         -|   0|  0|   16|           9|           9|
    |r_V_215_fu_83126_p2         |         -|   0|  0|   17|          10|          10|
    |r_V_216_fu_83161_p2         |         -|   0|  0|   18|          11|          11|
    |r_V_217_fu_83185_p2         |         -|   0|  0|   18|          11|          11|
    |r_V_218_fu_83209_p2         |         -|   0|  0|   14|           1|           7|
    |r_V_21_fu_76621_p2          |         -|   0|  0|   17|          10|          10|
    |r_V_220_fu_83254_p2         |         -|   0|  0|   19|          12|          12|
    |r_V_221_fu_83280_p2         |         -|   0|  0|   14|           1|           7|
    |r_V_222_fu_80098_p2         |         -|   0|  0|   19|          12|          12|
    |r_V_223_fu_83326_p2         |         -|   0|  0|   18|          11|          11|
    |r_V_228_fu_83403_p2         |         -|   0|  0|   18|          11|          11|
    |r_V_229_fu_83448_p2         |         -|   0|  0|   16|           9|           9|
    |r_V_22_fu_76644_p2          |         -|   0|  0|   14|           1|           7|
    |r_V_231_fu_83509_p2         |         -|   0|  0|   19|          12|          12|
    |r_V_23_fu_76675_p2          |         -|   0|  0|   15|           1|           8|
    |r_V_240_fu_83681_p2         |         -|   0|  0|   17|          10|          10|
    |r_V_245_fu_83778_p2         |         -|   0|  0|   16|           9|           9|
    |r_V_246_fu_83802_p2         |         -|   0|  0|   18|          11|          11|
    |r_V_24_fu_75903_p2          |         -|   0|  0|   17|          10|          10|
    |r_V_250_fu_83920_p2         |         -|   0|  0|   17|          10|          10|
    |r_V_252_fu_83944_p2         |         -|   0|  0|   14|           1|           7|
    |r_V_253_fu_83975_p2         |         -|   0|  0|   15|           1|           8|
    |r_V_255_fu_84026_p2         |         -|   0|  0|   19|          12|          12|
    |r_V_257_fu_84107_p2         |         -|   0|  0|   16|           9|           9|
    |r_V_258_fu_84131_p2         |         -|   0|  0|   18|          11|          11|
    |r_V_259_fu_84016_p2         |         -|   0|  0|   18|           1|          11|
    |r_V_25_fu_76716_p2          |         -|   0|  0|   18|          11|          11|
    |r_V_261_fu_84190_p2         |         -|   0|  0|   19|          12|          12|
    |r_V_263_fu_84234_p2         |         -|   0|  0|   15|           1|           8|
    |r_V_264_fu_80170_p2         |         -|   0|  0|   14|           1|           7|
    |r_V_265_fu_84269_p2         |         -|   0|  0|   17|          10|          10|
    |r_V_268_fu_84330_p2         |         -|   0|  0|   17|          10|          10|
    |r_V_269_fu_84350_p2         |         -|   0|  0|   17|          10|          10|
    |r_V_270_fu_84374_p2         |         -|   0|  0|   16|           9|           9|
    |r_V_271_fu_84394_p2         |         -|   0|  0|   16|           9|           9|
    |r_V_274_fu_80193_p2         |         -|   0|  0|   14|           1|           7|
    |r_V_276_fu_80220_p2         |         -|   0|  0|   15|           1|           8|
    |r_V_277_fu_80250_p2         |         -|   0|  0|   16|           9|           9|
    |r_V_278_fu_80266_p2         |         -|   0|  0|   16|           9|           9|
    |r_V_279_fu_84524_p2         |         -|   0|  0|   17|          10|          10|
    |r_V_283_fu_80309_p2         |         -|   0|  0|   15|           1|           8|
    |r_V_285_fu_84602_p2         |         -|   0|  0|   19|           1|          12|
    |r_V_286_fu_88471_p2         |         -|   0|  0|   14|           1|           7|
    |r_V_288_fu_84653_p2         |         -|   0|  0|   17|          10|          10|
    |r_V_28_fu_76767_p2          |         -|   0|  0|   17|          10|          10|
    |r_V_290_fu_84722_p2         |         -|   0|  0|   18|          11|          11|
    |r_V_292_fu_84756_p2         |         -|   0|  0|   15|           1|           8|
    |r_V_293_fu_84786_p2         |         -|   0|  0|   19|          12|          12|
    |r_V_295_fu_84820_p2         |         -|   0|  0|   17|          10|          10|
    |r_V_296_fu_84850_p2         |         -|   0|  0|   15|           1|           8|
    |r_V_297_fu_84870_p2         |         -|   0|  0|   14|           1|           7|
    |r_V_298_fu_84910_p2         |         -|   0|  0|   18|          11|          11|
    |r_V_299_fu_84945_p2         |         -|   0|  0|   17|           1|          10|
    |r_V_300_fu_84976_p2         |         -|   0|  0|   17|          10|          10|
    |r_V_301_fu_85007_p2         |         -|   0|  0|   16|           9|           9|
    |r_V_302_fu_85031_p2         |         -|   0|  0|   17|          10|          10|
    |r_V_303_fu_85070_p2         |         -|   0|  0|   17|           1|          10|
    |r_V_305_fu_85119_p2         |         -|   0|  0|   18|          11|          11|
    |r_V_306_fu_85154_p2         |         -|   0|  0|   19|          12|          12|
    |r_V_307_fu_85170_p2         |         -|   0|  0|   17|          10|          10|
    |r_V_30_fu_76826_p2          |         -|   0|  0|   14|           1|           7|
    |r_V_310_fu_85209_p2         |         -|   0|  0|   14|           1|           7|
    |r_V_312_fu_85268_p2         |         -|   0|  0|   19|          12|          12|
    |r_V_313_fu_85288_p2         |         -|   0|  0|   18|          11|          11|
    |r_V_314_fu_85323_p2         |         -|   0|  0|   17|           1|          10|
    |r_V_315_fu_85354_p2         |         -|   0|  0|   19|          12|          12|
    |r_V_318_fu_85427_p2         |         -|   0|  0|   17|           1|          10|
    |r_V_319_fu_85450_p2         |         -|   0|  0|   16|           1|           9|
    |r_V_31_fu_76872_p2          |         -|   0|  0|   18|          11|          11|
    |r_V_321_fu_85514_p2         |         -|   0|  0|   17|          10|          10|
    |r_V_322_fu_85556_p2         |         -|   0|  0|   16|           9|           9|
    |r_V_323_fu_85594_p2         |         -|   0|  0|   18|          11|          11|
    |r_V_324_fu_85614_p2         |         -|   0|  0|   16|           9|           9|
    |r_V_326_fu_85638_p2         |         -|   0|  0|   16|           1|           9|
    |r_V_327_fu_85678_p2         |         -|   0|  0|   17|          10|          10|
    |r_V_329_fu_85712_p2         |         -|   0|  0|   16|           9|           9|
    |r_V_32_fu_76892_p2          |         -|   0|  0|   18|          11|          11|
    |r_V_330_fu_80369_p2         |         -|   0|  0|   15|           1|           8|
    |r_V_331_fu_85760_p2         |         -|   0|  0|   18|          11|          11|
    |r_V_333_fu_85791_p2         |         -|   0|  0|   18|          11|          11|
    |r_V_335_fu_85839_p2         |         -|   0|  0|   16|           9|           9|
    |r_V_336_fu_85863_p2         |         -|   0|  0|   16|           9|           9|
    |r_V_337_fu_85909_p2         |         -|   0|  0|   18|          11|          11|
    |r_V_338_fu_85928_p2         |         -|   0|  0|   15|           1|           8|
    |r_V_340_fu_85968_p2         |         -|   0|  0|   17|          10|          10|
    |r_V_341_fu_86037_p2         |         -|   0|  0|   17|          10|          10|
    |r_V_344_fu_86071_p2         |         -|   0|  0|   14|           1|           7|
    |r_V_345_fu_86102_p2         |         -|   0|  0|   16|           9|           9|
    |r_V_346_fu_86132_p2         |         -|   0|  0|   18|          11|          11|
    |r_V_347_fu_86152_p2         |         -|   0|  0|   15|           1|           8|
    |r_V_349_fu_86223_p2         |         -|   0|  0|   19|          12|          12|
    |r_V_34_fu_76936_p2          |         -|   0|  0|   16|           9|           9|
    |r_V_351_fu_86263_p2         |         -|   0|  0|   19|           1|          12|
    |r_V_354_fu_86334_p2         |         -|   0|  0|   18|          11|          11|
    |r_V_355_fu_86375_p2         |         -|   0|  0|   19|          12|          12|
    |r_V_35_fu_76952_p2          |         -|   0|  0|   18|          11|          11|
    |r_V_36_fu_76990_p2          |         -|   0|  0|   17|           1|          10|
    |r_V_37_fu_77021_p2          |         -|   0|  0|   16|           9|           9|
    |r_V_39_fu_81374_p2          |         -|   0|  0|   18|          11|          11|
    |r_V_41_fu_81398_p2          |         -|   0|  0|   18|           1|          11|
    |r_V_43_fu_77119_p2          |         -|   0|  0|   17|          10|          10|
    |r_V_46_fu_77196_p2          |         -|   0|  0|   15|           1|           8|
    |r_V_49_fu_77236_p2          |         -|   0|  0|   17|          10|          10|
    |r_V_50_fu_77290_p2          |         -|   0|  0|   17|          10|          10|
    |r_V_51_fu_77336_p2          |         -|   0|  0|   17|          10|          10|
    |r_V_52_fu_77371_p2          |         -|   0|  0|   18|          11|          11|
    |r_V_53_fu_77280_p2          |         -|   0|  0|   16|           1|           9|
    |r_V_54_fu_77409_p2          |         -|   0|  0|   16|           9|           9|
    |r_V_55_fu_77433_p2          |         -|   0|  0|   16|           9|           9|
    |r_V_56_fu_77453_p2          |         -|   0|  0|   17|           1|          10|
    |r_V_58_fu_77473_p2          |         -|   0|  0|   18|          11|          11|
    |r_V_59_fu_77489_p2          |         -|   0|  0|   18|          11|          11|
    |r_V_60_fu_77545_p2          |         -|   0|  0|   17|          10|          10|
    |r_V_61_fu_77569_p2          |         -|   0|  0|   14|           1|           7|
    |r_V_63_fu_77609_p2          |         -|   0|  0|   17|          10|          10|
    |r_V_65_fu_77654_p2          |         -|   0|  0|   16|           9|           9|
    |r_V_67_fu_77716_p2          |         -|   0|  0|   17|          10|          10|
    |r_V_71_fu_77844_p2          |         -|   0|  0|   17|          10|          10|
    |r_V_72_fu_77882_p2          |         -|   0|  0|   15|           1|           8|
    |r_V_73_fu_77932_p2          |         -|   0|  0|   19|          12|          12|
    |r_V_74_fu_77963_p2          |         -|   0|  0|   18|          11|          11|
    |r_V_75_fu_77979_p2          |         -|   0|  0|   16|           9|           9|
    |r_V_77_fu_78029_p2          |         -|   0|  0|   17|           1|          10|
    |r_V_78_fu_78049_p2          |         -|   0|  0|   17|          10|          10|
    |r_V_79_fu_78086_p2          |         -|   0|  0|   18|          11|          11|
    |r_V_7_fu_76295_p2           |         -|   0|  0|   14|           1|           7|
    |r_V_80_fu_81437_p2          |         -|   0|  0|   15|           1|           8|
    |r_V_81_fu_78135_p2          |         -|   0|  0|   17|          10|          10|
    |r_V_82_fu_78176_p2          |         -|   0|  0|   17|          10|          10|
    |r_V_83_fu_78196_p2          |         -|   0|  0|   17|          10|          10|
    |r_V_84_fu_78229_p2          |         -|   0|  0|   16|           9|           9|
    |r_V_85_fu_78249_p2          |         -|   0|  0|   16|           9|           9|
    |r_V_87_fu_78287_p2          |         -|   0|  0|   17|          10|          10|
    |r_V_88_fu_78303_p2          |         -|   0|  0|   16|           1|           9|
    |r_V_89_fu_78327_p2          |         -|   0|  0|   17|          10|          10|
    |r_V_8_fu_76322_p2           |         -|   0|  0|   16|           9|           9|
    |r_V_90_fu_78371_p2          |         -|   0|  0|   17|          10|          10|
    |r_V_91_fu_78402_p2          |         -|   0|  0|   16|           9|           9|
    |r_V_94_fu_78452_p2          |         -|   0|  0|   17|           1|          10|
    |r_V_95_fu_78483_p2          |         -|   0|  0|   19|          12|          12|
    |r_V_96_fu_78503_p2          |         -|   0|  0|   19|          12|          12|
    |r_V_97_fu_78548_p2          |         -|   0|  0|   17|          10|          10|
    |r_V_98_fu_78582_p2          |         -|   0|  0|   18|          11|          11|
    |r_V_99_fu_78622_p2          |         -|   0|  0|   18|          11|          11|
    |sub_ln1273_105_fu_79852_p2  |         -|   0|  0|   16|           1|           9|
    |sub_ln1273_118_fu_82947_p2  |         -|   0|  0|   17|           1|          10|
    |sub_ln1273_133_fu_83499_p2  |         -|   0|  0|   18|           1|          11|
    |sub_ln1273_138_fu_83910_p2  |         -|   0|  0|   16|           1|           9|
    |sub_ln1273_150_fu_84320_p2  |         -|   0|  0|   16|           1|           9|
    |sub_ln1273_164_fu_84776_p2  |         -|   0|  0|   18|           1|          11|
    |sub_ln1273_179_fu_85258_p2  |         -|   0|  0|   18|           1|          11|
    |sub_ln1273_187_fu_85580_p2  |         -|   0|  0|   17|           1|          10|
    |sub_ln1273_198_fu_85958_p2  |         -|   0|  0|   16|           1|           9|
    |sub_ln1273_202_fu_86122_p2  |         -|   0|  0|   17|           1|          10|
    |sub_ln1273_207_fu_86324_p2  |         -|   0|  0|   17|           1|          10|
    |sub_ln1273_209_fu_86365_p2  |         -|   0|  0|   18|           1|          11|
    |sub_ln1273_38_fu_78166_p2   |         -|   0|  0|   16|           1|           9|
    |sub_ln1273_4_fu_75935_p2    |         -|   0|  0|   17|           1|          10|
    |sub_ln1273_51_fu_78572_p2   |         -|   0|  0|   17|           1|          10|
    |sub_ln1273_54_fu_78657_p2   |         -|   0|  0|   17|           1|          10|
    |sub_ln1273_59_fu_78883_p2   |         -|   0|  0|   17|           1|          10|
    |sub_ln1273_64_fu_79054_p2   |         -|   0|  0|   16|           1|           9|
    |sub_ln1273_6_fu_76757_p2    |         -|   0|  0|   16|           1|           9|
    |sub_ln1273_75_fu_81763_p2   |         -|   0|  0|   18|           1|          11|
    |sub_ln1273_80_fu_79455_p2   |         -|   0|  0|   17|           1|          10|
    |sub_ln1273_88_fu_79654_p2   |         -|   0|  0|   17|           1|          10|
    |sub_ln1273_95_fu_82079_p2   |         -|   0|  0|   18|           1|          11|
    |sub_ln1273_97_fu_79777_p2   |         -|   0|  0|   17|           1|          10|
    |sub_ln1273_fu_76611_p2      |         -|   0|  0|   16|           1|           9|
    |ap_block_state1             |        or|   0|  0|    2|           1|           1|
    |or_ln77_1_fu_89532_p2       |        or|   0|  0|  144|         144|         144|
    |or_ln77_2_fu_89557_p2       |        or|   0|  0|  256|         256|         256|
    |or_ln77_3_fu_89582_p2       |        or|   0|  0|   48|          48|          48|
    |or_ln77_4_fu_89606_p2       |        or|   0|  0|  207|         208|         208|
    |or_ln77_5_fu_89636_p2       |        or|   0|  0|  304|         304|         304|
    |or_ln77_6_fu_89676_p2       |        or|   0|  0|  384|         384|         384|
    |or_ln77_7_fu_89717_p2       |        or|   0|  0|  511|         512|         464|
    |or_ln77_fu_89502_p2         |        or|   0|  0|   80|          80|          80|
    |or_ln813_fu_86406_p2        |        or|   0|  0|   10|          10|           9|
    |xor_ln813_fu_80412_p2       |       xor|   0|  0|    7|           6|           7|
    +----------------------------+----------+----+---+-----+------------+------------+
    |Total                       |          |   0|  0|14530|        9245|        9860|
    +----------------------------+----------+----+---+-----+------------+------------+

    * Multiplexer: 
    +------------------+----+-----------+-----+-----------+
    |       Name       | LUT| Input Size| Bits| Total Bits|
    +------------------+----+-----------+-----+-----------+
    |ap_NS_fsm         |  31|          6|    1|          6|
    |ap_done           |   9|          2|    1|          2|
    |layer4_out_blk_n  |   9|          2|    1|          2|
    |layer5_out_blk_n  |   9|          2|    1|          2|
    |real_start        |   9|          2|    1|          2|
    +------------------+----+-----------+-----+-----------+
    |Total             |  67|         14|    5|         14|
    +------------------+----+-----------+-----+-----------+

    * Register: 
    +---------------------------+----+----+-----+-----------+
    |            Name           | FF | LUT| Bits| Const Bits|
    +---------------------------+----+----+-----+-----------+
    |add_ln813_104_reg_91214    |  10|   0|   10|          0|
    |add_ln813_110_reg_90819    |  11|   0|   11|          0|
    |add_ln813_113_reg_90824    |  10|   0|   10|          0|
    |add_ln813_115_reg_91219    |  14|   0|   14|          0|
    |add_ln813_116_reg_91224    |  12|   0|   12|          0|
    |add_ln813_118_reg_91229    |  11|   0|   11|          0|
    |add_ln813_11_reg_90754     |   8|   0|    8|          0|
    |add_ln813_120_reg_91234    |  11|   0|   11|          0|
    |add_ln813_123_reg_91239    |  11|   0|   12|          1|
    |add_ln813_127_reg_91244    |  13|   0|   13|          0|
    |add_ln813_130_reg_90829    |   9|   0|    9|          0|
    |add_ln813_132_reg_90834    |  10|   0|   10|          0|
    |add_ln813_134_reg_90839    |   7|   0|    7|          0|
    |add_ln813_137_reg_91249    |  13|   0|   13|          0|
    |add_ln813_139_reg_91254    |  11|   0|   11|          0|
    |add_ln813_13_reg_91124     |  14|   0|   14|          0|
    |add_ln813_143_reg_90844    |  11|   0|   11|          0|
    |add_ln813_147_reg_90849    |  11|   0|   11|          0|
    |add_ln813_150_reg_91259    |  13|   0|   13|          0|
    |add_ln813_151_reg_91264    |  11|   0|   11|          0|
    |add_ln813_152_reg_91269    |  11|   0|   11|          0|
    |add_ln813_157_reg_91274    |   9|   0|    9|          0|
    |add_ln813_159_reg_90854    |  11|   0|   11|          0|
    |add_ln813_162_reg_91279    |  14|   0|   14|          0|
    |add_ln813_165_reg_90859    |  11|   0|   11|          0|
    |add_ln813_16_reg_91129     |  10|   0|   10|          0|
    |add_ln813_172_reg_91284    |  10|   0|   10|          0|
    |add_ln813_177_reg_90864    |  13|   0|   13|          0|
    |add_ln813_178_reg_90869    |  11|   0|   11|          0|
    |add_ln813_181_reg_90874    |   8|   0|    8|          0|
    |add_ln813_184_reg_91289    |  15|   0|   15|          0|
    |add_ln813_185_reg_91294    |  12|   0|   12|          0|
    |add_ln813_186_reg_91299    |  11|   0|   11|          0|
    |add_ln813_190_reg_91304    |  10|   0|   10|          0|
    |add_ln813_196_reg_90879    |  13|   0|   13|          0|
    |add_ln813_197_reg_90884    |  13|   0|   13|          0|
    |add_ln813_200_reg_90889    |  11|   0|   11|          0|
    |add_ln813_202_reg_91309    |  15|   0|   15|          0|
    |add_ln813_203_reg_91314    |  10|   0|   10|          0|
    |add_ln813_206_reg_90894    |   9|   0|    9|          0|
    |add_ln813_209_reg_91319    |  10|   0|   10|          0|
    |add_ln813_214_reg_90899    |  11|   0|   11|          0|
    |add_ln813_216_reg_90904    |  11|   0|   11|          0|
    |add_ln813_218_reg_91324    |  14|   0|   14|          0|
    |add_ln813_21_reg_90479     |   9|   0|    9|          0|
    |add_ln813_220_reg_91329    |  12|   0|   12|          0|
    |add_ln813_227_reg_91334    |  13|   0|   13|          0|
    |add_ln813_229_reg_91339    |  13|   0|   13|          0|
    |add_ln813_233_reg_90909    |  10|   0|   10|          0|
    |add_ln813_235_reg_90914    |   7|   0|    8|          1|
    |add_ln813_237_reg_91344    |  13|   0|   13|          0|
    |add_ln813_238_reg_91349    |  12|   0|   12|          0|
    |add_ln813_241_reg_91354    |  10|   0|   10|          0|
    |add_ln813_243_reg_91359    |  13|   0|   13|          0|
    |add_ln813_245_reg_91364    |  10|   0|   10|          0|
    |add_ln813_246_reg_91369    |   9|   0|    9|          0|
    |add_ln813_253_reg_90919    |  12|   0|   12|          0|
    |add_ln813_262_reg_90924    |  11|   0|   11|          0|
    |add_ln813_263_reg_90929    |  11|   0|   11|          0|
    |add_ln813_266_reg_90934    |   8|   0|    8|          0|
    |add_ln813_269_reg_91379    |  14|   0|   14|          0|
    |add_ln813_270_reg_91384    |  12|   0|   12|          0|
    |add_ln813_275_reg_91389    |  12|   0|   12|          0|
    |add_ln813_277_reg_91394    |   9|   0|    9|          0|
    |add_ln813_280_reg_90939    |  12|   0|   12|          0|
    |add_ln813_284_reg_90944    |  10|   0|   10|          0|
    |add_ln813_286_reg_91399    |  14|   0|   14|          0|
    |add_ln813_288_reg_91404    |  12|   0|   12|          0|
    |add_ln813_28_reg_90759     |  13|   0|   13|          0|
    |add_ln813_292_reg_90484    |   7|   0|    7|          0|
    |add_ln813_293_reg_91409    |   9|   0|    9|          0|
    |add_ln813_296_reg_90949    |  11|   0|   11|          0|
    |add_ln813_29_reg_90764     |  12|   0|   12|          0|
    |add_ln813_300_reg_91414    |  13|   0|   13|          0|
    |add_ln813_301_reg_91419    |  13|   0|   13|          0|
    |add_ln813_305_reg_91424    |  13|   0|   13|          0|
    |add_ln813_307_reg_91429    |  13|   0|   13|          0|
    |add_ln813_309_reg_91434    |   6|   0|    6|          0|
    |add_ln813_312_reg_90954    |  11|   0|   11|          0|
    |add_ln813_314_reg_90959    |  13|   0|   13|          0|
    |add_ln813_318_reg_90964    |  12|   0|   12|          0|
    |add_ln813_31_reg_90769     |   8|   0|    8|          0|
    |add_ln813_320_reg_91439    |  15|   0|   15|          0|
    |add_ln813_326_reg_91444    |  11|   0|   11|          0|
    |add_ln813_328_reg_91449    |  13|   0|   13|          0|
    |add_ln813_332_reg_90969    |  12|   0|   12|          0|
    |add_ln813_335_reg_90974    |  10|   0|   10|          0|
    |add_ln813_339_reg_90979    |   7|   0|    7|          0|
    |add_ln813_343_reg_90984    |   7|   0|    7|          0|
    |add_ln813_347_reg_90989    |  10|   0|   10|          0|
    |add_ln813_349_reg_90994    |   9|   0|    9|          0|
    |add_ln813_355_reg_91459    |  13|   0|   13|          0|
    |add_ln813_358_reg_91464    |  13|   0|   13|          0|
    |add_ln813_363_reg_91469    |  12|   0|   12|          0|
    |add_ln813_373_reg_90999    |  10|   0|   10|          0|
    |add_ln813_375_reg_91004    |  12|   0|   12|          0|
    |add_ln813_378_reg_91479    |  14|   0|   14|          0|
    |add_ln813_381_reg_91484    |  11|   0|   11|          0|
    |add_ln813_384_reg_91489    |  13|   0|   13|          0|
    |add_ln813_386_reg_91494    |  11|   0|   11|          0|
    |add_ln813_388_reg_91499    |  10|   0|   10|          0|
    |add_ln813_392_reg_91504    |  10|   0|   10|          0|
    |add_ln813_394_reg_91009    |   8|   0|   10|          2|
    |add_ln813_395_reg_91014    |  11|   0|   11|          0|
    |add_ln813_398_reg_91019    |   8|   0|    8|          0|
    |add_ln813_39_reg_90774     |  14|   0|   14|          0|
    |add_ln813_401_reg_91024    |  11|   0|   11|          0|
    |add_ln813_403_reg_91509    |  14|   0|   14|          0|
    |add_ln813_404_reg_91029    |  11|   0|   11|          0|
    |add_ln813_405_reg_91514    |  12|   0|   12|          0|
    |add_ln813_410_reg_91519    |  10|   0|   10|          0|
    |add_ln813_413_reg_91524    |  11|   0|   11|          0|
    |add_ln813_416_reg_91529    |  10|   0|   10|          0|
    |add_ln813_418_reg_91534    |   8|   0|    8|          0|
    |add_ln813_41_reg_91144     |  15|   0|   15|          0|
    |add_ln813_424_reg_91034    |  13|   0|   13|          0|
    |add_ln813_427_reg_91539    |  14|   0|   14|          0|
    |add_ln813_428_reg_91544    |  12|   0|   12|          0|
    |add_ln813_42_reg_91149     |  11|   0|   11|          0|
    |add_ln813_430_reg_91549    |  11|   0|   11|          0|
    |add_ln813_431_reg_91039    |   9|   0|    9|          0|
    |add_ln813_432_reg_91554    |  11|   0|   11|          0|
    |add_ln813_435_reg_91559    |  13|   0|   13|          0|
    |add_ln813_438_reg_91564    |  13|   0|   13|          0|
    |add_ln813_44_reg_91154     |  10|   0|   10|          0|
    |add_ln813_47_reg_91159     |  13|   0|   13|          0|
    |add_ln813_52_reg_91164     |  13|   0|   13|          0|
    |add_ln813_54_reg_91169     |  10|   0|   10|          0|
    |add_ln813_57_reg_90779     |  12|   0|   12|          0|
    |add_ln813_59_reg_90784     |   9|   0|    9|          0|
    |add_ln813_63_reg_91174     |  14|   0|   14|          0|
    |add_ln813_64_reg_91179     |  13|   0|   13|          0|
    |add_ln813_69_reg_91184     |  10|   0|   10|          0|
    |add_ln813_72_reg_90789     |  11|   0|   11|          0|
    |add_ln813_73_reg_90794     |  11|   0|   11|          0|
    |add_ln813_75_reg_90799     |   7|   0|    7|          0|
    |add_ln813_81_reg_90804     |  11|   0|   11|          0|
    |add_ln813_82_reg_90809     |  10|   0|   10|          0|
    |add_ln813_88_reg_91194     |  13|   0|   13|          0|
    |add_ln813_89_reg_91199     |  10|   0|   10|          0|
    |add_ln813_8_reg_90744      |  12|   0|   12|          0|
    |add_ln813_93_reg_90814     |  13|   0|   13|          0|
    |add_ln813_97_reg_91204     |  14|   0|   14|          0|
    |add_ln813_99_reg_91209     |  12|   0|   12|          0|
    |add_ln813_9_reg_90749      |  12|   0|   12|          0|
    |ap_CS_fsm                  |   5|   0|    5|          0|
    |ap_done_reg                |   1|   0|    1|          0|
    |data_V_100_reg_90186       |   6|   0|    6|          0|
    |data_V_101_reg_90195       |   6|   0|    6|          0|
    |data_V_102_reg_90205       |   6|   0|    6|          0|
    |data_V_103_reg_90218       |   6|   0|    6|          0|
    |data_V_104_reg_90224       |   6|   0|    6|          0|
    |data_V_105_reg_90235       |   6|   0|    6|          0|
    |data_V_106_reg_90244       |   6|   0|    6|          0|
    |data_V_107_reg_90264       |   6|   0|    6|          0|
    |data_V_108_reg_90273       |   6|   0|    6|          0|
    |data_V_109_reg_90282       |   6|   0|    6|          0|
    |data_V_110_reg_90289       |   6|   0|    6|          0|
    |data_V_56_reg_89748        |   6|   0|    6|          0|
    |data_V_57_reg_89755        |   6|   0|    6|          0|
    |data_V_58_reg_89767        |   6|   0|    6|          0|
    |data_V_59_reg_89775        |   6|   0|    6|          0|
    |data_V_60_reg_89781        |   6|   0|    6|          0|
    |data_V_61_reg_89788        |   6|   0|    6|          0|
    |data_V_62_reg_89799        |   6|   0|    6|          0|
    |data_V_63_reg_89806        |   6|   0|    6|          0|
    |data_V_64_reg_89815        |   6|   0|    6|          0|
    |data_V_65_reg_89826        |   6|   0|    6|          0|
    |data_V_66_reg_89837        |   6|   0|    6|          0|
    |data_V_67_reg_89853        |   6|   0|    6|          0|
    |data_V_68_reg_89863        |   6|   0|    6|          0|
    |data_V_69_reg_89873        |   6|   0|    6|          0|
    |data_V_70_reg_89883        |   6|   0|    6|          0|
    |data_V_71_reg_89892        |   6|   0|    6|          0|
    |data_V_72_reg_89903        |   6|   0|    6|          0|
    |data_V_73_reg_89910        |   6|   0|    6|          0|
    |data_V_74_reg_89918        |   6|   0|    6|          0|
    |data_V_75_reg_89929        |   6|   0|    6|          0|
    |data_V_76_reg_89941        |   6|   0|    6|          0|
    |data_V_77_reg_89952        |   6|   0|    6|          0|
    |data_V_78_reg_89960        |   6|   0|    6|          0|
    |data_V_79_reg_89969        |   6|   0|    6|          0|
    |data_V_80_reg_89981        |   6|   0|    6|          0|
    |data_V_81_reg_89992        |   6|   0|    6|          0|
    |data_V_82_reg_90002        |   6|   0|    6|          0|
    |data_V_83_reg_90014        |   6|   0|    6|          0|
    |data_V_84_reg_90024        |   6|   0|    6|          0|
    |data_V_85_reg_90034        |   6|   0|    6|          0|
    |data_V_86_reg_90045        |   6|   0|    6|          0|
    |data_V_87_reg_90052        |   6|   0|    6|          0|
    |data_V_88_reg_90061        |   6|   0|    6|          0|
    |data_V_89_reg_90070        |   6|   0|    6|          0|
    |data_V_90_reg_90082        |   6|   0|    6|          0|
    |data_V_91_reg_90093        |   6|   0|    6|          0|
    |data_V_92_reg_90105        |   6|   0|    6|          0|
    |data_V_93_reg_90113        |   6|   0|    6|          0|
    |data_V_94_reg_90122        |   6|   0|    6|          0|
    |data_V_95_reg_90134        |   6|   0|    6|          0|
    |data_V_96_reg_90146        |   6|   0|    6|          0|
    |data_V_97_reg_90154        |   6|   0|    6|          0|
    |data_V_98_reg_90162        |   6|   0|    6|          0|
    |data_V_99_reg_90175        |   6|   0|    6|          0|
    |data_V_reg_89742           |   6|   0|    6|          0|
    |mult_V_103_reg_90668       |   8|   0|    8|          0|
    |mult_V_110_reg_90674       |  10|   0|   10|          0|
    |mult_V_111_reg_90421       |   5|   0|    5|          0|
    |mult_V_113_reg_91054       |  11|   0|   11|          0|
    |mult_V_117_reg_90679       |  11|   0|   11|          0|
    |mult_V_130_reg_91059       |  11|   0|   11|          0|
    |mult_V_136_reg_91069       |   9|   0|    9|          0|
    |mult_V_13_reg_90499        |   8|   0|    8|          0|
    |mult_V_142_reg_90426       |   5|   0|    5|          0|
    |mult_V_145_reg_91074       |  11|   0|   11|          0|
    |mult_V_149_reg_91084       |   9|   0|   11|          2|
    |mult_V_14_reg_90328        |   5|   0|    5|          0|
    |mult_V_150_reg_90727       |   8|   0|    8|          0|
    |mult_V_156_reg_90431       |   5|   0|    5|          0|
    |mult_V_157_reg_91089       |  10|   0|   10|          0|
    |mult_V_161_reg_90436       |   5|   0|    5|          0|
    |mult_V_163_reg_90441       |   5|   0|    5|          0|
    |mult_V_165_reg_91109       |   9|   0|    9|          0|
    |mult_V_16_reg_90334        |   5|   0|    5|          0|
    |mult_V_172_reg_91114       |  11|   0|   11|          0|
    |mult_V_25_reg_90340        |   5|   0|    5|          0|
    |mult_V_26_reg_90308        |   5|   0|    5|          0|
    |mult_V_2_reg_90489         |   9|   0|    9|          0|
    |mult_V_31_reg_90509        |   9|   0|    9|          0|
    |mult_V_33_reg_90346        |   5|   0|    5|          0|
    |mult_V_35_reg_90351        |   5|   0|    5|          0|
    |mult_V_37_reg_90544        |   9|   0|    9|          0|
    |mult_V_38_reg_90356        |   5|   0|    5|          0|
    |mult_V_43_reg_90361        |   5|   0|    5|          0|
    |mult_V_48_reg_90366        |   5|   0|    5|          0|
    |mult_V_49_reg_90372        |   5|   0|    5|          0|
    |mult_V_4_reg_90303         |   9|   0|    9|          0|
    |mult_V_50_reg_90559        |   6|   0|    8|          2|
    |mult_V_52_reg_90574        |   9|   0|    9|          0|
    |mult_V_53_reg_90580        |   9|   0|    9|          0|
    |mult_V_56_reg_90378        |   5|   0|    5|          0|
    |mult_V_58_reg_90384        |   5|   0|    5|          0|
    |mult_V_65_reg_90626        |  10|   0|   10|          0|
    |mult_V_72_reg_90389        |   5|   0|    5|          0|
    |mult_V_75_reg_90395        |   5|   0|    5|          0|
    |mult_V_81_reg_90400        |   5|   0|    5|          0|
    |mult_V_85_reg_90658        |  10|   0|   10|          0|
    |mult_V_88_reg_90663        |   9|   0|   10|          1|
    |mult_V_89_reg_90405        |   5|   0|    5|          0|
    |mult_V_93_reg_90410        |   5|   0|    5|          0|
    |mult_V_98_reg_90415        |   5|   0|    5|          0|
    |mult_V_s_reg_90313         |   5|   0|    5|          0|
    |r_V_112_reg_90569          |   6|   0|    9|          3|
    |r_V_280_reg_90706          |   6|   0|    7|          1|
    |r_V_309_reg_90721          |   6|   0|    8|          2|
    |r_V_328_reg_90733          |   6|   0|    7|          1|
    |res_V_10_reg_91629         |  15|   0|   15|          0|
    |res_V_11_reg_91139         |  15|   0|   15|          0|
    |res_V_12_reg_91654         |  15|   0|   15|          0|
    |res_V_13_reg_91604         |  14|   0|   14|          0|
    |res_V_14_reg_91119         |  13|   0|   13|          0|
    |res_V_15_reg_91474         |  14|   0|   14|          0|
    |res_V_16_reg_91189         |  13|   0|   13|          0|
    |res_V_17_reg_91659         |  15|   0|   15|          0|
    |res_V_18_reg_91374         |  14|   0|   14|          0|
    |res_V_19_reg_91609         |  14|   0|   14|          0|
    |res_V_1_reg_91644          |  16|   0|   16|          0|
    |res_V_20_reg_91634         |  15|   0|   15|          0|
    |res_V_21_reg_91664         |  15|   0|   15|          0|
    |res_V_22_reg_91639         |  14|   0|   14|          0|
    |res_V_23_reg_91574         |  15|   0|   15|          0|
    |res_V_25_reg_91669         |  16|   0|   16|          0|
    |res_V_26_reg_91589         |  14|   0|   14|          0|
    |res_V_27_reg_91614         |  16|   0|   16|          0|
    |res_V_28_reg_91599         |  16|   0|   16|          0|
    |res_V_2_reg_91649          |  15|   0|   15|          0|
    |res_V_3_reg_91579          |  15|   0|   15|          0|
    |res_V_4_reg_91454          |  14|   0|   14|          0|
    |res_V_5_reg_91134          |  12|   0|   12|          0|
    |res_V_6_reg_91569          |  14|   0|   14|          0|
    |res_V_7_reg_91594          |  15|   0|   15|          0|
    |res_V_8_reg_91624          |  15|   0|   15|          0|
    |res_V_9_reg_91584          |  15|   0|   15|          0|
    |res_V_reg_91619            |  15|   0|   15|          0|
    |shl_ln1273_35_reg_90524    |   6|   0|    7|          1|
    |start_once_reg             |   1|   0|    1|          0|
    |sub_ln1273_4_reg_90323     |   7|   0|   10|          3|
    |tmp_248_reg_91679          |  14|   0|   14|          0|
    |trunc_ln1273_1_reg_90458   |   6|   0|    6|          0|
    |trunc_ln1273_5_reg_90468   |   6|   0|    6|          0|
    |trunc_ln17_1_reg_90298     |   8|   0|    8|          0|
    |trunc_ln17_2_reg_90451     |   5|   0|    5|          0|
    |trunc_ln17_5_reg_90611     |   9|   0|    9|          0|
    |trunc_ln17_9_reg_90711     |   8|   0|    8|          0|
    |trunc_ln43_1_reg_90256     |   6|   0|    6|          0|
    |trunc_ln43_s_reg_89847     |   6|   0|    6|          0|
    |trunc_ln77_reg_91674       |   1|   0|    1|          0|
    |trunc_ln818_12_reg_90494   |   8|   0|    8|          0|
    |trunc_ln818_144_reg_91064  |   9|   0|    9|          0|
    |trunc_ln818_149_reg_90684  |   6|   0|    6|          0|
    |trunc_ln818_151_reg_90690  |   7|   0|    7|          0|
    |trunc_ln818_152_reg_90695  |   8|   0|    8|          0|
    |trunc_ln818_153_reg_90700  |   8|   0|    8|          0|
    |trunc_ln818_155_reg_90716  |   7|   0|    7|          0|
    |trunc_ln818_160_reg_91079  |   9|   0|    9|          0|
    |trunc_ln818_182_reg_91094  |   8|   0|    8|          0|
    |trunc_ln818_183_reg_90738  |   7|   0|    7|          0|
    |trunc_ln818_185_reg_91099  |  10|   0|   10|          0|
    |trunc_ln818_189_reg_91104  |  10|   0|   10|          0|
    |trunc_ln818_190_reg_90446  |   5|   0|    5|          0|
    |trunc_ln818_26_reg_90504   |   9|   0|   10|          1|
    |trunc_ln818_2_reg_90318    |   9|   0|    9|          0|
    |trunc_ln818_34_reg_90514   |   9|   0|   10|          1|
    |trunc_ln818_35_reg_90519   |   8|   0|    8|          0|
    |trunc_ln818_42_reg_90529   |   9|   0|    9|          0|
    |trunc_ln818_44_reg_90534   |   8|   0|    8|          0|
    |trunc_ln818_45_reg_90539   |   9|   0|    9|          0|
    |trunc_ln818_48_reg_90549   |   8|   0|    8|          0|
    |trunc_ln818_57_reg_90554   |   9|   0|    9|          0|
    |trunc_ln818_60_reg_90564   |   8|   0|    8|          0|
    |trunc_ln818_63_reg_90585   |   9|   0|   10|          1|
    |trunc_ln818_65_reg_90590   |  10|   0|   10|          0|
    |trunc_ln818_67_reg_90601   |   6|   0|    6|          0|
    |trunc_ln818_73_reg_90606   |   8|   0|    8|          0|
    |trunc_ln818_74_reg_90616   |   6|   0|    6|          0|
    |trunc_ln818_80_reg_90631   |  10|   0|   10|          0|
    |trunc_ln818_81_reg_90636   |   8|   0|    8|          0|
    |trunc_ln818_83_reg_91049   |   9|   0|    9|          0|
    |trunc_ln818_86_reg_90641   |  10|   0|   10|          0|
    |zext_ln1273_147_reg_90595  |   6|   0|    9|          3|
    |zext_ln1273_164_reg_90621  |   6|   0|   11|          5|
    |zext_ln1273_185_reg_90647  |   6|   0|   11|          5|
    |zext_ln1273_200_reg_90652  |   6|   0|    9|          3|
    |zext_ln17_38_reg_91044     |  11|   0|   14|          3|
    +---------------------------+----+----+-----+-----------+
    |Total                      |3121|   0| 3163|         42|
    +---------------------------+----+----+-----+-----------+



================================================================
== Interface
================================================================
* Summary: 
+---------------------------+-----+-----+------------+---------------------------------------------------------------------+--------------+
|         RTL Ports         | Dir | Bits|  Protocol  |                            Source Object                            |    C Type    |
+---------------------------+-----+-----+------------+---------------------------------------------------------------------+--------------+
|ap_clk                     |   in|    1|  ap_ctrl_hs|  dense<array<ap_ufixed,64u>,array<ap_fixed<16,6,5,3,0>,32u>,config5>|  return value|
|ap_rst                     |   in|    1|  ap_ctrl_hs|  dense<array<ap_ufixed,64u>,array<ap_fixed<16,6,5,3,0>,32u>,config5>|  return value|
|ap_start                   |   in|    1|  ap_ctrl_hs|  dense<array<ap_ufixed,64u>,array<ap_fixed<16,6,5,3,0>,32u>,config5>|  return value|
|start_full_n               |   in|    1|  ap_ctrl_hs|  dense<array<ap_ufixed,64u>,array<ap_fixed<16,6,5,3,0>,32u>,config5>|  return value|
|ap_done                    |  out|    1|  ap_ctrl_hs|  dense<array<ap_ufixed,64u>,array<ap_fixed<16,6,5,3,0>,32u>,config5>|  return value|
|ap_continue                |   in|    1|  ap_ctrl_hs|  dense<array<ap_ufixed,64u>,array<ap_fixed<16,6,5,3,0>,32u>,config5>|  return value|
|ap_idle                    |  out|    1|  ap_ctrl_hs|  dense<array<ap_ufixed,64u>,array<ap_fixed<16,6,5,3,0>,32u>,config5>|  return value|
|ap_ready                   |  out|    1|  ap_ctrl_hs|  dense<array<ap_ufixed,64u>,array<ap_fixed<16,6,5,3,0>,32u>,config5>|  return value|
|start_out                  |  out|    1|  ap_ctrl_hs|  dense<array<ap_ufixed,64u>,array<ap_fixed<16,6,5,3,0>,32u>,config5>|  return value|
|start_write                |  out|    1|  ap_ctrl_hs|  dense<array<ap_ufixed,64u>,array<ap_fixed<16,6,5,3,0>,32u>,config5>|  return value|
|layer4_out_dout            |   in|  384|     ap_fifo|                                                           layer4_out|       pointer|
|layer4_out_num_data_valid  |   in|    2|     ap_fifo|                                                           layer4_out|       pointer|
|layer4_out_fifo_cap        |   in|    2|     ap_fifo|                                                           layer4_out|       pointer|
|layer4_out_empty_n         |   in|    1|     ap_fifo|                                                           layer4_out|       pointer|
|layer4_out_read            |  out|    1|     ap_fifo|                                                           layer4_out|       pointer|
|layer5_out_din             |  out|  512|     ap_fifo|                                                           layer5_out|       pointer|
|layer5_out_num_data_valid  |   in|    2|     ap_fifo|                                                           layer5_out|       pointer|
|layer5_out_fifo_cap        |   in|    2|     ap_fifo|                                                           layer5_out|       pointer|
|layer5_out_full_n          |   in|    1|     ap_fifo|                                                           layer5_out|       pointer|
|layer5_out_write           |  out|    1|     ap_fifo|                                                           layer5_out|       pointer|
+---------------------------+-----+-----+------------+---------------------------------------------------------------------+--------------+

