

================================================================
== Vitis HLS Report for 'dense_latency_ap_ufixed_6_0_4_0_0_ap_fixed_16_6_5_3_0_config23_s'
================================================================
* Date:           Sun Mar  3 21:34:22 2024

* Version:        2022.2 (Build 3670227 on Oct 13 2022)
* Project:        alveo_hls4ml
* Solution:       solution (Vitis Kernel Flow Target)
* Product family: virtexuplus
* Target device:  xcu55c-fsvh2892-2L-e


================================================================
== Performance Estimates
================================================================
+ Timing: 
    * Summary: 
    +--------+---------+----------+------------+
    |  Clock |  Target | Estimated| Uncertainty|
    +--------+---------+----------+------------+
    |ap_clk  |  3.33 ns|  2.226 ns|     0.90 ns|
    +--------+---------+----------+------------+

+ Latency: 
    * Summary: 
    +---------+---------+----------+----------+-----+-----+---------+
    |  Latency (cycles) |  Latency (absolute) |  Interval | Pipeline|
    |   min   |   max   |    min   |    max   | min | max |   Type  |
    +---------+---------+----------+----------+-----+-----+---------+
    |        3|        3|  9.999 ns|  9.999 ns|    1|    1|      yes|
    +---------+---------+----------+----------+-----+-----+---------+

    + Detail: 
        * Instance: 
        N/A

        * Loop: 
        N/A



================================================================
== Utilization Estimates
================================================================
* Summary: 
+---------------------+---------+------+---------+---------+-----+
|         Name        | BRAM_18K|  DSP |    FF   |   LUT   | URAM|
+---------------------+---------+------+---------+---------+-----+
|DSP                  |        -|     -|        -|        -|    -|
|Expression           |        -|     -|        0|      280|    -|
|FIFO                 |        -|     -|        -|        -|    -|
|Instance             |        -|     -|        -|        -|    -|
|Memory               |        -|     -|        -|        -|    -|
|Multiplexer          |        -|     -|        -|       18|    -|
|Register             |        -|     -|      132|        -|    -|
+---------------------+---------+------+---------+---------+-----+
|Total                |        0|     0|      132|      298|    0|
+---------------------+---------+------+---------+---------+-----+
|Available SLR        |     1344|  3008|   869120|   434560|  320|
+---------------------+---------+------+---------+---------+-----+
|Utilization SLR (%)  |        0|     0|       ~0|       ~0|    0|
+---------------------+---------+------+---------+---------+-----+
|Available            |     4032|  9024|  2607360|  1303680|  960|
+---------------------+---------+------+---------+---------+-----+
|Utilization (%)      |        0|     0|       ~0|       ~0|    0|
+---------------------+---------+------+---------+---------+-----+

+ Detail: 
    * Instance: 
    N/A

    * DSP: 
    N/A

    * Memory: 
    N/A

    * FIFO: 
    N/A

    * Expression: 
    +---------------------------+----------+----+---+----+------------+------------+
    |       Variable Name       | Operation| DSP| FF| LUT| Bitwidth P0| Bitwidth P1|
    +---------------------------+----------+----+---+----+------------+------------+
    |add_ln813_10_fu_337_p2     |         +|   0|  0|  18|          11|          11|
    |add_ln813_11_fu_454_p2     |         +|   0|  0|  19|          12|          12|
    |add_ln813_12_fu_464_p2     |         +|   0|  0|  20|          13|          13|
    |add_ln813_13_fu_492_p2     |         +|   0|  0|  16|          14|          14|
    |add_ln813_14_fu_502_p2     |         +|   0|  0|  22|          15|          15|
    |add_ln813_1_fu_403_p2      |         +|   0|  0|  19|          12|          12|
    |add_ln813_2_fu_413_p2      |         +|   0|  0|  17|          13|          13|
    |add_ln813_3_fu_319_p2      |         +|   0|  0|  18|          11|          11|
    |add_ln813_4_fu_422_p2      |         +|   0|  0|  19|          12|          12|
    |add_ln813_5_fu_432_p2      |         +|   0|  0|  17|          13|          13|
    |add_ln813_6_fu_442_p2      |         +|   0|  0|  21|          14|          14|
    |add_ln813_7_fu_325_p2      |         +|   0|  0|  18|          11|          11|
    |add_ln813_8_fu_484_p2      |         +|   0|  0|  16|          14|          14|
    |add_ln813_9_fu_331_p2      |         +|   0|  0|  18|          11|          11|
    |add_ln813_fu_313_p2        |         +|   0|  0|  18|          11|          11|
    |ap_block_pp0_stage0_11001  |        or|   0|  0|   2|           1|           1|
    |ap_enable_pp0              |       xor|   0|  0|   2|           1|           2|
    +---------------------------+----------+----+---+----+------------+------------+
    |Total                      |          |   0|  0| 280|         189|         190|
    +---------------------------+----------+----+---+----+------------+------------+

    * Multiplexer: 
    +---------+----+-----------+-----+-----------+
    |   Name  | LUT| Input Size| Bits| Total Bits|
    +---------+----+-----------+-----+-----------+
    |ap_done  |   9|          2|    1|          2|
    |i_blk_n  |   9|          2|    1|          2|
    +---------+----+-----------+-----+-----------+
    |Total    |  18|          4|    2|          4|
    +---------+----+-----------+-----+-----------+

    * Register: 
    +-----------------------------------+----+----+-----+-----------+
    |                Name               | FF | LUT| Bits| Const Bits|
    +-----------------------------------+----+----+-----+-----------+
    |add_ln813_10_reg_562               |   7|   0|   11|          4|
    |add_ln813_12_reg_572               |   9|   0|   13|          4|
    |add_ln813_14_reg_582               |  11|   0|   15|          4|
    |add_ln813_3_reg_547                |   7|   0|   11|          4|
    |add_ln813_6_reg_567                |  10|   0|   14|          4|
    |add_ln813_7_reg_552                |   7|   0|   11|          4|
    |add_ln813_7_reg_552_pp0_iter1_reg  |   7|   0|   11|          4|
    |add_ln813_9_reg_557                |   7|   0|   11|          4|
    |add_ln813_reg_542                  |   7|   0|   11|          4|
    |ap_CS_fsm                          |   1|   0|    1|          0|
    |ap_done_reg                        |   1|   0|    1|          0|
    |ap_enable_reg_pp0_iter1            |   1|   0|    1|          0|
    |ap_enable_reg_pp0_iter2            |   1|   0|    1|          0|
    |ap_enable_reg_pp0_iter3            |   1|   0|    1|          0|
    |i_read_reg_577                     |  13|   0|   13|          0|
    |p_read16_reg_537                   |   6|   0|    6|          0|
    |p_read319_reg_532                  |   6|   0|    6|          0|
    |p_read420_reg_527                  |   6|   0|    6|          0|
    |p_read723_reg_522                  |   6|   0|    6|          0|
    |p_read_185_reg_512                 |   6|   0|    6|          0|
    |p_read_185_reg_512_pp0_iter1_reg   |   6|   0|    6|          0|
    |p_read_188_reg_517                 |   6|   0|    6|          0|
    +-----------------------------------+----+----+-----+-----------+
    |Total                              | 132|   0|  168|         36|
    +-----------------------------------+----+----+-----+-----------+



================================================================
== Interface
================================================================
* Summary: 
+------------------+-----+-----+------------+-----------------------------------------------------------------------------+--------------+
|     RTL Ports    | Dir | Bits|  Protocol  |                                Source Object                                |    C Type    |
+------------------+-----+-----+------------+-----------------------------------------------------------------------------+--------------+
|ap_clk            |   in|    1|  ap_ctrl_hs|  dense_latency<ap_ufixed<6, 0, 4, 0, 0>, ap_fixed<16, 6, 5, 3, 0>, config23>|  return value|
|ap_rst            |   in|    1|  ap_ctrl_hs|  dense_latency<ap_ufixed<6, 0, 4, 0, 0>, ap_fixed<16, 6, 5, 3, 0>, config23>|  return value|
|ap_start          |   in|    1|  ap_ctrl_hs|  dense_latency<ap_ufixed<6, 0, 4, 0, 0>, ap_fixed<16, 6, 5, 3, 0>, config23>|  return value|
|ap_done           |  out|    1|  ap_ctrl_hs|  dense_latency<ap_ufixed<6, 0, 4, 0, 0>, ap_fixed<16, 6, 5, 3, 0>, config23>|  return value|
|ap_continue       |   in|    1|  ap_ctrl_hs|  dense_latency<ap_ufixed<6, 0, 4, 0, 0>, ap_fixed<16, 6, 5, 3, 0>, config23>|  return value|
|ap_idle           |  out|    1|  ap_ctrl_hs|  dense_latency<ap_ufixed<6, 0, 4, 0, 0>, ap_fixed<16, 6, 5, 3, 0>, config23>|  return value|
|ap_ready          |  out|    1|  ap_ctrl_hs|  dense_latency<ap_ufixed<6, 0, 4, 0, 0>, ap_fixed<16, 6, 5, 3, 0>, config23>|  return value|
|i_dout            |   in|   13|     ap_fifo|                                                                            i|       pointer|
|i_num_data_valid  |   in|    6|     ap_fifo|                                                                            i|       pointer|
|i_fifo_cap        |   in|    6|     ap_fifo|                                                                            i|       pointer|
|i_empty_n         |   in|    1|     ap_fifo|                                                                            i|       pointer|
|i_read            |  out|    1|     ap_fifo|                                                                            i|       pointer|
|p_read            |   in|    6|     ap_none|                                                                       p_read|        scalar|
|p_read1           |   in|    6|     ap_none|                                                                      p_read1|        scalar|
|p_read2           |   in|    6|     ap_none|                                                                      p_read2|        scalar|
|p_read3           |   in|    6|     ap_none|                                                                      p_read3|        scalar|
|p_read4           |   in|    6|     ap_none|                                                                      p_read4|        scalar|
|p_read5           |   in|    6|     ap_none|                                                                      p_read5|        scalar|
|p_read6           |   in|    6|     ap_none|                                                                      p_read6|        scalar|
|p_read7           |   in|    6|     ap_none|                                                                      p_read7|        scalar|
|p_read8           |   in|    6|     ap_none|                                                                      p_read8|        scalar|
|p_read9           |   in|    6|     ap_none|                                                                      p_read9|        scalar|
|p_read10          |   in|    6|     ap_none|                                                                     p_read10|        scalar|
|p_read11          |   in|    6|     ap_none|                                                                     p_read11|        scalar|
|p_read12          |   in|    6|     ap_none|                                                                     p_read12|        scalar|
|p_read13          |   in|    6|     ap_none|                                                                     p_read13|        scalar|
|p_read14          |   in|    6|     ap_none|                                                                     p_read14|        scalar|
|p_read15          |   in|    6|     ap_none|                                                                     p_read15|        scalar|
|out_buf_address0  |  out|   13|   ap_memory|                                                                      out_buf|         array|
|out_buf_ce0       |  out|    1|   ap_memory|                                                                      out_buf|         array|
|out_buf_we0       |  out|    1|   ap_memory|                                                                      out_buf|         array|
|out_buf_d0        |  out|   15|   ap_memory|                                                                      out_buf|         array|
+------------------+-----+-----+------------+-----------------------------------------------------------------------------+--------------+

