

================================================================
== Vitis HLS Report for 'normalize_ap_fixed_16_6_5_3_0_ap_fixed_16_6_5_3_0_config5_s'
================================================================
* Date:           Sat Mar 16 03:53:21 2024

* Version:        2022.2 (Build 3670227 on Oct 13 2022)
* Project:        alveo_hls4ml
* Solution:       solution (Vitis Kernel Flow Target)
* Product family: virtexuplus
* Target device:  xcu55c-fsvh2892-2L-e


================================================================
== Performance Estimates
================================================================
+ Timing: 
    * Summary: 
    +--------+---------+----------+------------+
    |  Clock |  Target | Estimated| Uncertainty|
    +--------+---------+----------+------------+
    |ap_clk  |  3.33 ns|  0.996 ns|     0.90 ns|
    +--------+---------+----------+------------+

+ Latency: 
    * Summary: 
    +---------+---------+----------+----------+-----+-----+---------+
    |  Latency (cycles) |  Latency (absolute) |  Interval | Pipeline|
    |   min   |   max   |    min   |    max   | min | max |   Type  |
    +---------+---------+----------+----------+-----+-----+---------+
    |        3|        3|  9.999 ns|  9.999 ns|    1|    1|      yes|
    +---------+---------+----------+----------+-----+-----+---------+

    + Detail: 
        * Instance: 
        N/A

        * Loop: 
        N/A



================================================================
== Utilization Estimates
================================================================
* Summary: 
+---------------------+---------+------+---------+---------+-----+
|         Name        | BRAM_18K|  DSP |    FF   |   LUT   | URAM|
+---------------------+---------+------+---------+---------+-----+
|DSP                  |        -|    31|        -|        -|    -|
|Expression           |        -|     -|        -|        -|    -|
|FIFO                 |        -|     -|        -|        -|    -|
|Instance             |        -|     -|        -|        -|    -|
|Memory               |        -|     -|        -|        -|    -|
|Multiplexer          |        -|     -|        -|      434|    -|
|Register             |        -|     -|      962|        -|    -|
+---------------------+---------+------+---------+---------+-----+
|Total                |        0|    31|      962|      434|    0|
+---------------------+---------+------+---------+---------+-----+
|Available SLR        |     1344|  3008|   869120|   434560|  320|
+---------------------+---------+------+---------+---------+-----+
|Utilization SLR (%)  |        0|     1|       ~0|       ~0|    0|
+---------------------+---------+------+---------+---------+-----+
|Available            |     4032|  9024|  2607360|  1303680|  960|
+---------------------+---------+------+---------+---------+-----+
|Utilization (%)      |        0|    ~0|       ~0|       ~0|    0|
+---------------------+---------+------+---------+---------+-----+

+ Detail: 
    * Instance: 
    N/A

    * DSP: 
    +--------------------------------------+----------------------------------+--------------+
    |               Instance               |              Module              |  Expression  |
    +--------------------------------------+----------------------------------+--------------+
    |mac_muladd_15ns_11ns_17ns_26_4_0_U46  |mac_muladd_15ns_11ns_17ns_26_4_0  |  i0 * i1 + i2|
    |mac_muladd_15ns_11ns_18ns_26_4_0_U38  |mac_muladd_15ns_11ns_18ns_26_4_0  |  i0 * i1 + i2|
    |mac_muladd_15ns_11ns_18s_26_4_0_U27   |mac_muladd_15ns_11ns_18s_26_4_0   |  i0 * i1 + i2|
    |mac_muladd_15ns_11ns_19s_26_4_0_U25   |mac_muladd_15ns_11ns_19s_26_4_0   |  i0 * i1 + i2|
    |mac_muladd_15ns_11ns_19s_26_4_0_U32   |mac_muladd_15ns_11ns_19s_26_4_0   |  i0 * i1 + i2|
    |mac_muladd_15ns_11ns_19s_26_4_0_U45   |mac_muladd_15ns_11ns_19s_26_4_0   |  i0 * i1 + i2|
    |mac_muladd_15ns_11ns_20s_26_4_0_U28   |mac_muladd_15ns_11ns_20s_26_4_0   |  i0 * i1 + i2|
    |mac_muladd_15ns_11ns_20s_26_4_0_U29   |mac_muladd_15ns_11ns_20s_26_4_0   |  i0 * i1 + i2|
    |mac_muladd_15ns_11ns_20s_26_4_0_U30   |mac_muladd_15ns_11ns_20s_26_4_0   |  i0 * i1 + i2|
    |mac_muladd_15ns_11ns_20s_26_4_0_U37   |mac_muladd_15ns_11ns_20s_26_4_0   |  i0 * i1 + i2|
    |mac_muladd_15ns_11ns_20s_26_4_0_U41   |mac_muladd_15ns_11ns_20s_26_4_0   |  i0 * i1 + i2|
    |mac_muladd_15ns_11ns_21s_26_4_0_U23   |mac_muladd_15ns_11ns_21s_26_4_0   |  i0 * i1 + i2|
    |mac_muladd_15ns_11ns_21s_26_4_0_U24   |mac_muladd_15ns_11ns_21s_26_4_0   |  i0 * i1 + i2|
    |mac_muladd_15ns_11ns_21s_26_4_0_U26   |mac_muladd_15ns_11ns_21s_26_4_0   |  i0 * i1 + i2|
    |mac_muladd_15ns_11ns_21s_26_4_0_U31   |mac_muladd_15ns_11ns_21s_26_4_0   |  i0 * i1 + i2|
    |mac_muladd_15ns_11ns_21s_26_4_0_U40   |mac_muladd_15ns_11ns_21s_26_4_0   |  i0 * i1 + i2|
    |mac_muladd_15ns_11ns_21s_26_4_0_U49   |mac_muladd_15ns_11ns_21s_26_4_0   |  i0 * i1 + i2|
    |mac_muladd_15ns_11ns_21s_26_4_0_U50   |mac_muladd_15ns_11ns_21s_26_4_0   |  i0 * i1 + i2|
    |mac_muladd_15ns_11ns_22s_26_4_0_U33   |mac_muladd_15ns_11ns_22s_26_4_0   |  i0 * i1 + i2|
    |mac_muladd_15ns_11ns_22s_26_4_0_U34   |mac_muladd_15ns_11ns_22s_26_4_0   |  i0 * i1 + i2|
    |mac_muladd_15ns_11ns_22s_26_4_0_U36   |mac_muladd_15ns_11ns_22s_26_4_0   |  i0 * i1 + i2|
    |mac_muladd_15ns_11ns_22s_26_4_0_U44   |mac_muladd_15ns_11ns_22s_26_4_0   |  i0 * i1 + i2|
    |mac_muladd_15ns_11ns_22s_26_4_0_U52   |mac_muladd_15ns_11ns_22s_26_4_0   |  i0 * i1 + i2|
    |mac_muladd_15ns_12ns_16ns_26_4_0_U48  |mac_muladd_15ns_12ns_16ns_26_4_0  |  i0 * i1 + i2|
    |mac_muladd_15ns_12ns_18ns_26_4_0_U35  |mac_muladd_15ns_12ns_18ns_26_4_0  |  i0 * i1 + i2|
    |mac_muladd_15ns_12ns_20s_26_4_0_U43   |mac_muladd_15ns_12ns_20s_26_4_0   |  i0 * i1 + i2|
    |mac_muladd_15ns_12ns_22s_26_4_0_U51   |mac_muladd_15ns_12ns_22s_26_4_0   |  i0 * i1 + i2|
    |mac_muladd_15ns_12ns_22s_26_4_0_U53   |mac_muladd_15ns_12ns_22s_26_4_0   |  i0 * i1 + i2|
    |mac_muladd_15ns_13ns_17ns_26_4_0_U47  |mac_muladd_15ns_13ns_17ns_26_4_0  |  i0 * i1 + i2|
    |mac_muladd_15ns_13ns_19s_26_4_0_U42   |mac_muladd_15ns_13ns_19s_26_4_0   |  i0 * i1 + i2|
    |mac_muladd_15ns_13ns_21s_26_4_0_U39   |mac_muladd_15ns_13ns_21s_26_4_0   |  i0 * i1 + i2|
    +--------------------------------------+----------------------------------+--------------+

    * Memory: 
    N/A

    * FIFO: 
    N/A

    * Expression: 
    N/A

    * Multiplexer: 
    +--------------+----+-----------+-----+-----------+
    |     Name     | LUT| Input Size| Bits| Total Bits|
    +--------------+----+-----------+-----+-----------+
    |ap_return_0   |  14|          3|   16|         48|
    |ap_return_1   |  14|          3|   16|         48|
    |ap_return_10  |  14|          3|   16|         48|
    |ap_return_11  |  14|          3|   16|         48|
    |ap_return_12  |  14|          3|   16|         48|
    |ap_return_13  |  14|          3|   16|         48|
    |ap_return_14  |  14|          3|   16|         48|
    |ap_return_15  |  14|          3|   16|         48|
    |ap_return_16  |  14|          3|   16|         48|
    |ap_return_17  |  14|          3|   16|         48|
    |ap_return_18  |  14|          3|   16|         48|
    |ap_return_19  |  14|          3|   16|         48|
    |ap_return_2   |  14|          3|   16|         48|
    |ap_return_20  |  14|          3|   16|         48|
    |ap_return_21  |  14|          3|   16|         48|
    |ap_return_22  |  14|          3|   16|         48|
    |ap_return_23  |  14|          3|   16|         48|
    |ap_return_24  |  14|          3|   16|         48|
    |ap_return_25  |  14|          3|   16|         48|
    |ap_return_26  |  14|          3|   16|         48|
    |ap_return_27  |  14|          3|   16|         48|
    |ap_return_28  |  14|          3|   16|         48|
    |ap_return_29  |  14|          3|   16|         48|
    |ap_return_3   |  14|          3|   16|         48|
    |ap_return_30  |  14|          3|   16|         48|
    |ap_return_4   |  14|          3|   16|         48|
    |ap_return_5   |  14|          3|   16|         48|
    |ap_return_6   |  14|          3|   16|         48|
    |ap_return_7   |  14|          3|   16|         48|
    |ap_return_8   |  14|          3|   16|         48|
    |ap_return_9   |  14|          3|   16|         48|
    +--------------+----+-----------+-----+-----------+
    |Total         | 434|         93|  496|       1488|
    +--------------+----+-----------+-----+-----------+

    * Register: 
    +----------------------+----+----+-----+-----------+
    |         Name         | FF | LUT| Bits| Const Bits|
    +----------------------+----+----+-----+-----------+
    |ap_ce_reg             |   1|   0|    1|          0|
    |ap_return_0_int_reg   |  16|   0|   16|          0|
    |ap_return_10_int_reg  |  16|   0|   16|          0|
    |ap_return_11_int_reg  |  16|   0|   16|          0|
    |ap_return_12_int_reg  |  16|   0|   16|          0|
    |ap_return_13_int_reg  |  16|   0|   16|          0|
    |ap_return_14_int_reg  |  16|   0|   16|          0|
    |ap_return_15_int_reg  |  16|   0|   16|          0|
    |ap_return_16_int_reg  |  16|   0|   16|          0|
    |ap_return_17_int_reg  |  16|   0|   16|          0|
    |ap_return_18_int_reg  |  16|   0|   16|          0|
    |ap_return_19_int_reg  |  16|   0|   16|          0|
    |ap_return_1_int_reg   |  16|   0|   16|          0|
    |ap_return_20_int_reg  |  16|   0|   16|          0|
    |ap_return_21_int_reg  |  16|   0|   16|          0|
    |ap_return_22_int_reg  |  16|   0|   16|          0|
    |ap_return_23_int_reg  |  16|   0|   16|          0|
    |ap_return_24_int_reg  |  16|   0|   16|          0|
    |ap_return_25_int_reg  |  16|   0|   16|          0|
    |ap_return_26_int_reg  |  16|   0|   16|          0|
    |ap_return_27_int_reg  |  16|   0|   16|          0|
    |ap_return_28_int_reg  |  16|   0|   16|          0|
    |ap_return_29_int_reg  |  16|   0|   16|          0|
    |ap_return_2_int_reg   |  16|   0|   16|          0|
    |ap_return_30_int_reg  |  16|   0|   16|          0|
    |ap_return_3_int_reg   |  16|   0|   16|          0|
    |ap_return_4_int_reg   |  16|   0|   16|          0|
    |ap_return_5_int_reg   |  16|   0|   16|          0|
    |ap_return_6_int_reg   |  16|   0|   16|          0|
    |ap_return_7_int_reg   |  16|   0|   16|          0|
    |ap_return_8_int_reg   |  16|   0|   16|          0|
    |ap_return_9_int_reg   |  16|   0|   16|          0|
    |p_read10_int_reg      |  15|   0|   15|          0|
    |p_read11_int_reg      |  15|   0|   15|          0|
    |p_read12_int_reg      |  15|   0|   15|          0|
    |p_read13_int_reg      |  15|   0|   15|          0|
    |p_read14_int_reg      |  15|   0|   15|          0|
    |p_read15_int_reg      |  15|   0|   15|          0|
    |p_read16_int_reg      |  15|   0|   15|          0|
    |p_read17_int_reg      |  15|   0|   15|          0|
    |p_read18_int_reg      |  15|   0|   15|          0|
    |p_read19_int_reg      |  15|   0|   15|          0|
    |p_read1_int_reg       |  15|   0|   15|          0|
    |p_read20_int_reg      |  15|   0|   15|          0|
    |p_read21_int_reg      |  15|   0|   15|          0|
    |p_read22_int_reg      |  15|   0|   15|          0|
    |p_read23_int_reg      |  15|   0|   15|          0|
    |p_read24_int_reg      |  15|   0|   15|          0|
    |p_read25_int_reg      |  15|   0|   15|          0|
    |p_read26_int_reg      |  15|   0|   15|          0|
    |p_read27_int_reg      |  15|   0|   15|          0|
    |p_read28_int_reg      |  15|   0|   15|          0|
    |p_read29_int_reg      |  15|   0|   15|          0|
    |p_read2_int_reg       |  15|   0|   15|          0|
    |p_read30_int_reg      |  15|   0|   15|          0|
    |p_read3_int_reg       |  15|   0|   15|          0|
    |p_read4_int_reg       |  15|   0|   15|          0|
    |p_read5_int_reg       |  15|   0|   15|          0|
    |p_read6_int_reg       |  15|   0|   15|          0|
    |p_read7_int_reg       |  15|   0|   15|          0|
    |p_read8_int_reg       |  15|   0|   15|          0|
    |p_read9_int_reg       |  15|   0|   15|          0|
    |p_read_int_reg        |  15|   0|   15|          0|
    +----------------------+----+----+-----+-----------+
    |Total                 | 962|   0|  962|          0|
    +----------------------+----+----+-----+-----------+



================================================================
== Interface
================================================================
* Summary: 
+--------------+-----+-----+------------+------------------------------------------------------------------------+--------------+
|   RTL Ports  | Dir | Bits|  Protocol  |                              Source Object                             |    C Type    |
+--------------+-----+-----+------------+------------------------------------------------------------------------+--------------+
|ap_clk        |   in|    1|  ap_ctrl_hs|  normalize<ap_fixed<16, 6, 5, 3, 0>, ap_fixed<16, 6, 5, 3, 0>, config5>|  return value|
|ap_rst        |   in|    1|  ap_ctrl_hs|  normalize<ap_fixed<16, 6, 5, 3, 0>, ap_fixed<16, 6, 5, 3, 0>, config5>|  return value|
|ap_return_0   |  out|   16|  ap_ctrl_hs|  normalize<ap_fixed<16, 6, 5, 3, 0>, ap_fixed<16, 6, 5, 3, 0>, config5>|  return value|
|ap_return_1   |  out|   16|  ap_ctrl_hs|  normalize<ap_fixed<16, 6, 5, 3, 0>, ap_fixed<16, 6, 5, 3, 0>, config5>|  return value|
|ap_return_2   |  out|   16|  ap_ctrl_hs|  normalize<ap_fixed<16, 6, 5, 3, 0>, ap_fixed<16, 6, 5, 3, 0>, config5>|  return value|
|ap_return_3   |  out|   16|  ap_ctrl_hs|  normalize<ap_fixed<16, 6, 5, 3, 0>, ap_fixed<16, 6, 5, 3, 0>, config5>|  return value|
|ap_return_4   |  out|   16|  ap_ctrl_hs|  normalize<ap_fixed<16, 6, 5, 3, 0>, ap_fixed<16, 6, 5, 3, 0>, config5>|  return value|
|ap_return_5   |  out|   16|  ap_ctrl_hs|  normalize<ap_fixed<16, 6, 5, 3, 0>, ap_fixed<16, 6, 5, 3, 0>, config5>|  return value|
|ap_return_6   |  out|   16|  ap_ctrl_hs|  normalize<ap_fixed<16, 6, 5, 3, 0>, ap_fixed<16, 6, 5, 3, 0>, config5>|  return value|
|ap_return_7   |  out|   16|  ap_ctrl_hs|  normalize<ap_fixed<16, 6, 5, 3, 0>, ap_fixed<16, 6, 5, 3, 0>, config5>|  return value|
|ap_return_8   |  out|   16|  ap_ctrl_hs|  normalize<ap_fixed<16, 6, 5, 3, 0>, ap_fixed<16, 6, 5, 3, 0>, config5>|  return value|
|ap_return_9   |  out|   16|  ap_ctrl_hs|  normalize<ap_fixed<16, 6, 5, 3, 0>, ap_fixed<16, 6, 5, 3, 0>, config5>|  return value|
|ap_return_10  |  out|   16|  ap_ctrl_hs|  normalize<ap_fixed<16, 6, 5, 3, 0>, ap_fixed<16, 6, 5, 3, 0>, config5>|  return value|
|ap_return_11  |  out|   16|  ap_ctrl_hs|  normalize<ap_fixed<16, 6, 5, 3, 0>, ap_fixed<16, 6, 5, 3, 0>, config5>|  return value|
|ap_return_12  |  out|   16|  ap_ctrl_hs|  normalize<ap_fixed<16, 6, 5, 3, 0>, ap_fixed<16, 6, 5, 3, 0>, config5>|  return value|
|ap_return_13  |  out|   16|  ap_ctrl_hs|  normalize<ap_fixed<16, 6, 5, 3, 0>, ap_fixed<16, 6, 5, 3, 0>, config5>|  return value|
|ap_return_14  |  out|   16|  ap_ctrl_hs|  normalize<ap_fixed<16, 6, 5, 3, 0>, ap_fixed<16, 6, 5, 3, 0>, config5>|  return value|
|ap_return_15  |  out|   16|  ap_ctrl_hs|  normalize<ap_fixed<16, 6, 5, 3, 0>, ap_fixed<16, 6, 5, 3, 0>, config5>|  return value|
|ap_return_16  |  out|   16|  ap_ctrl_hs|  normalize<ap_fixed<16, 6, 5, 3, 0>, ap_fixed<16, 6, 5, 3, 0>, config5>|  return value|
|ap_return_17  |  out|   16|  ap_ctrl_hs|  normalize<ap_fixed<16, 6, 5, 3, 0>, ap_fixed<16, 6, 5, 3, 0>, config5>|  return value|
|ap_return_18  |  out|   16|  ap_ctrl_hs|  normalize<ap_fixed<16, 6, 5, 3, 0>, ap_fixed<16, 6, 5, 3, 0>, config5>|  return value|
|ap_return_19  |  out|   16|  ap_ctrl_hs|  normalize<ap_fixed<16, 6, 5, 3, 0>, ap_fixed<16, 6, 5, 3, 0>, config5>|  return value|
|ap_return_20  |  out|   16|  ap_ctrl_hs|  normalize<ap_fixed<16, 6, 5, 3, 0>, ap_fixed<16, 6, 5, 3, 0>, config5>|  return value|
|ap_return_21  |  out|   16|  ap_ctrl_hs|  normalize<ap_fixed<16, 6, 5, 3, 0>, ap_fixed<16, 6, 5, 3, 0>, config5>|  return value|
|ap_return_22  |  out|   16|  ap_ctrl_hs|  normalize<ap_fixed<16, 6, 5, 3, 0>, ap_fixed<16, 6, 5, 3, 0>, config5>|  return value|
|ap_return_23  |  out|   16|  ap_ctrl_hs|  normalize<ap_fixed<16, 6, 5, 3, 0>, ap_fixed<16, 6, 5, 3, 0>, config5>|  return value|
|ap_return_24  |  out|   16|  ap_ctrl_hs|  normalize<ap_fixed<16, 6, 5, 3, 0>, ap_fixed<16, 6, 5, 3, 0>, config5>|  return value|
|ap_return_25  |  out|   16|  ap_ctrl_hs|  normalize<ap_fixed<16, 6, 5, 3, 0>, ap_fixed<16, 6, 5, 3, 0>, config5>|  return value|
|ap_return_26  |  out|   16|  ap_ctrl_hs|  normalize<ap_fixed<16, 6, 5, 3, 0>, ap_fixed<16, 6, 5, 3, 0>, config5>|  return value|
|ap_return_27  |  out|   16|  ap_ctrl_hs|  normalize<ap_fixed<16, 6, 5, 3, 0>, ap_fixed<16, 6, 5, 3, 0>, config5>|  return value|
|ap_return_28  |  out|   16|  ap_ctrl_hs|  normalize<ap_fixed<16, 6, 5, 3, 0>, ap_fixed<16, 6, 5, 3, 0>, config5>|  return value|
|ap_return_29  |  out|   16|  ap_ctrl_hs|  normalize<ap_fixed<16, 6, 5, 3, 0>, ap_fixed<16, 6, 5, 3, 0>, config5>|  return value|
|ap_return_30  |  out|   16|  ap_ctrl_hs|  normalize<ap_fixed<16, 6, 5, 3, 0>, ap_fixed<16, 6, 5, 3, 0>, config5>|  return value|
|ap_ce         |   in|    1|  ap_ctrl_hs|  normalize<ap_fixed<16, 6, 5, 3, 0>, ap_fixed<16, 6, 5, 3, 0>, config5>|  return value|
|p_read        |   in|   15|     ap_none|                                                                  p_read|        scalar|
|p_read1       |   in|   15|     ap_none|                                                                 p_read1|        scalar|
|p_read2       |   in|   15|     ap_none|                                                                 p_read2|        scalar|
|p_read3       |   in|   15|     ap_none|                                                                 p_read3|        scalar|
|p_read4       |   in|   15|     ap_none|                                                                 p_read4|        scalar|
|p_read5       |   in|   15|     ap_none|                                                                 p_read5|        scalar|
|p_read6       |   in|   15|     ap_none|                                                                 p_read6|        scalar|
|p_read7       |   in|   15|     ap_none|                                                                 p_read7|        scalar|
|p_read8       |   in|   15|     ap_none|                                                                 p_read8|        scalar|
|p_read9       |   in|   15|     ap_none|                                                                 p_read9|        scalar|
|p_read10      |   in|   15|     ap_none|                                                                p_read10|        scalar|
|p_read11      |   in|   15|     ap_none|                                                                p_read11|        scalar|
|p_read12      |   in|   15|     ap_none|                                                                p_read12|        scalar|
|p_read13      |   in|   15|     ap_none|                                                                p_read13|        scalar|
|p_read14      |   in|   15|     ap_none|                                                                p_read14|        scalar|
|p_read15      |   in|   15|     ap_none|                                                                p_read15|        scalar|
|p_read16      |   in|   15|     ap_none|                                                                p_read16|        scalar|
|p_read17      |   in|   15|     ap_none|                                                                p_read17|        scalar|
|p_read18      |   in|   15|     ap_none|                                                                p_read18|        scalar|
|p_read19      |   in|   15|     ap_none|                                                                p_read19|        scalar|
|p_read20      |   in|   15|     ap_none|                                                                p_read20|        scalar|
|p_read21      |   in|   15|     ap_none|                                                                p_read21|        scalar|
|p_read22      |   in|   15|     ap_none|                                                                p_read22|        scalar|
|p_read23      |   in|   15|     ap_none|                                                                p_read23|        scalar|
|p_read24      |   in|   15|     ap_none|                                                                p_read24|        scalar|
|p_read25      |   in|   15|     ap_none|                                                                p_read25|        scalar|
|p_read26      |   in|   15|     ap_none|                                                                p_read26|        scalar|
|p_read27      |   in|   15|     ap_none|                                                                p_read27|        scalar|
|p_read28      |   in|   15|     ap_none|                                                                p_read28|        scalar|
|p_read29      |   in|   15|     ap_none|                                                                p_read29|        scalar|
|p_read30      |   in|   15|     ap_none|                                                                p_read30|        scalar|
+--------------+-----+-----+------------+------------------------------------------------------------------------+--------------+

