

================================================================
== Vitis HLS Report for 'normalize_array_ap_fixed_42u_array_ap_fixed_16_6_5_3_0_42u_config17_s'
================================================================
* Date:           Fri Mar  1 05:42:48 2024

* Version:        2022.2 (Build 3670227 on Oct 13 2022)
* Project:        alveo_hls4ml
* Solution:       solution (Vitis Kernel Flow Target)
* Product family: virtexuplus
* Target device:  xcu55c-fsvh2892-2L-e


================================================================
== Performance Estimates
================================================================
+ Timing: 
    * Summary: 
    +--------+---------+----------+------------+
    |  Clock |  Target | Estimated| Uncertainty|
    +--------+---------+----------+------------+
    |ap_clk  |  3.33 ns|  2.061 ns|     0.90 ns|
    +--------+---------+----------+------------+

+ Latency: 
    * Summary: 
    +---------+---------+----------+----------+-----+-----+---------+
    |  Latency (cycles) |  Latency (absolute) |  Interval | Pipeline|
    |   min   |   max   |    min   |    max   | min | max |   Type  |
    +---------+---------+----------+----------+-----+-----+---------+
    |        1|        1|  3.333 ns|  3.333 ns|    1|    1|       no|
    +---------+---------+----------+----------+-----+-----+---------+

    + Detail: 
        * Instance: 
        N/A

        * Loop: 
        N/A



================================================================
== Utilization Estimates
================================================================
* Summary: 
+---------------------+---------+------+---------+---------+-----+
|         Name        | BRAM_18K|  DSP |    FF   |   LUT   | URAM|
+---------------------+---------+------+---------+---------+-----+
|DSP                  |        -|     -|        -|        -|    -|
|Expression           |        -|     -|        0|     1388|    -|
|FIFO                 |        -|     -|        -|        -|    -|
|Instance             |        -|     -|        -|        -|    -|
|Memory               |        -|     -|        -|        -|    -|
|Multiplexer          |        -|     -|        -|       50|    -|
|Register             |        -|     -|      676|        -|    -|
+---------------------+---------+------+---------+---------+-----+
|Total                |        0|     0|      676|     1438|    0|
+---------------------+---------+------+---------+---------+-----+
|Available SLR        |     1344|  3008|   869120|   434560|  320|
+---------------------+---------+------+---------+---------+-----+
|Utilization SLR (%)  |        0|     0|       ~0|       ~0|    0|
+---------------------+---------+------+---------+---------+-----+
|Available            |     4032|  9024|  2607360|  1303680|  960|
+---------------------+---------+------+---------+---------+-----+
|Utilization (%)      |        0|     0|       ~0|       ~0|    0|
+---------------------+---------+------+---------+---------+-----+

+ Detail: 
    * Instance: 
    N/A

    * DSP: 
    N/A

    * Memory: 
    N/A

    * FIFO: 
    N/A

    * Expression: 
    +---------------------------+----------+----+---+----+------------+------------+
    |       Variable Name       | Operation| DSP| FF| LUT| Bitwidth P0| Bitwidth P1|
    +---------------------------+----------+----+---+----+------------+------------+
    |add_ln1347_100_fu_1489_p2  |         +|   0|  0|  33|          26|          21|
    |add_ln1347_101_fu_1512_p2  |         +|   0|  0|  33|          26|          21|
    |add_ln1347_102_fu_1535_p2  |         +|   0|  0|  33|          26|          21|
    |add_ln1347_103_fu_1558_p2  |         +|   0|  0|  33|          26|          21|
    |add_ln1347_104_fu_1581_p2  |         +|   0|  0|  33|          26|          21|
    |add_ln1347_64_fu_661_p2    |         +|   0|  0|  33|          26|          21|
    |add_ln1347_65_fu_684_p2    |         +|   0|  0|  33|          26|          21|
    |add_ln1347_66_fu_707_p2    |         +|   0|  0|  33|          26|          21|
    |add_ln1347_67_fu_730_p2    |         +|   0|  0|  33|          26|          21|
    |add_ln1347_68_fu_753_p2    |         +|   0|  0|  33|          26|          21|
    |add_ln1347_69_fu_776_p2    |         +|   0|  0|  33|          26|          21|
    |add_ln1347_70_fu_799_p2    |         +|   0|  0|  33|          26|          21|
    |add_ln1347_71_fu_822_p2    |         +|   0|  0|  33|          26|          21|
    |add_ln1347_72_fu_845_p2    |         +|   0|  0|  33|          26|          21|
    |add_ln1347_73_fu_868_p2    |         +|   0|  0|  33|          26|          21|
    |add_ln1347_74_fu_891_p2    |         +|   0|  0|  33|          26|          21|
    |add_ln1347_75_fu_914_p2    |         +|   0|  0|  33|          26|          21|
    |add_ln1347_76_fu_937_p2    |         +|   0|  0|  33|          26|          21|
    |add_ln1347_77_fu_960_p2    |         +|   0|  0|  33|          26|          21|
    |add_ln1347_78_fu_983_p2    |         +|   0|  0|  33|          26|          21|
    |add_ln1347_79_fu_1006_p2   |         +|   0|  0|  33|          26|          21|
    |add_ln1347_80_fu_1029_p2   |         +|   0|  0|  33|          26|          21|
    |add_ln1347_81_fu_1052_p2   |         +|   0|  0|  33|          26|          21|
    |add_ln1347_82_fu_1075_p2   |         +|   0|  0|  33|          26|          21|
    |add_ln1347_83_fu_1098_p2   |         +|   0|  0|  33|          26|          21|
    |add_ln1347_84_fu_1121_p2   |         +|   0|  0|  33|          26|          21|
    |add_ln1347_85_fu_1144_p2   |         +|   0|  0|  33|          26|          21|
    |add_ln1347_86_fu_1167_p2   |         +|   0|  0|  33|          26|          21|
    |add_ln1347_87_fu_1190_p2   |         +|   0|  0|  33|          26|          21|
    |add_ln1347_88_fu_1213_p2   |         +|   0|  0|  33|          26|          21|
    |add_ln1347_89_fu_1236_p2   |         +|   0|  0|  33|          26|          21|
    |add_ln1347_90_fu_1259_p2   |         +|   0|  0|  33|          26|          21|
    |add_ln1347_91_fu_1282_p2   |         +|   0|  0|  33|          26|          21|
    |add_ln1347_92_fu_1305_p2   |         +|   0|  0|  33|          26|          21|
    |add_ln1347_93_fu_1328_p2   |         +|   0|  0|  33|          26|          21|
    |add_ln1347_94_fu_1351_p2   |         +|   0|  0|  33|          26|          21|
    |add_ln1347_95_fu_1374_p2   |         +|   0|  0|  33|          26|          21|
    |add_ln1347_96_fu_1397_p2   |         +|   0|  0|  33|          26|          21|
    |add_ln1347_97_fu_1420_p2   |         +|   0|  0|  33|          26|          21|
    |add_ln1347_98_fu_1443_p2   |         +|   0|  0|  33|          26|          21|
    |add_ln1347_99_fu_1466_p2   |         +|   0|  0|  33|          26|          21|
    |add_ln1347_fu_638_p2       |         +|   0|  0|  33|          26|          21|
    |ap_block_state1            |        or|   0|  0|   2|           1|           1|
    +---------------------------+----------+----+---+----+------------+------------+
    |Total                      |          |   0|  0|1388|        1093|         883|
    +---------------------------+----------+----+---+----+------------+------------+

    * Multiplexer: 
    +-------------------+----+-----------+-----+-----------+
    |        Name       | LUT| Input Size| Bits| Total Bits|
    +-------------------+----+-----------+-----+-----------+
    |ap_NS_fsm          |  14|          3|    1|          3|
    |ap_done            |   9|          2|    1|          2|
    |layer15_out_blk_n  |   9|          2|    1|          2|
    |layer17_out_blk_n  |   9|          2|    1|          2|
    |real_start         |   9|          2|    1|          2|
    +-------------------+----+-----------+-----+-----------+
    |Total              |  50|         11|    5|         11|
    +-------------------+----+-----------+-----+-----------+

    * Register: 
    +-----------------------+----+----+-----+-----------+
    |          Name         | FF | LUT| Bits| Const Bits|
    +-----------------------+----+----+-----+-----------+
    |ap_CS_fsm              |   2|   0|    2|          0|
    |ap_done_reg            |   1|   0|    1|          0|
    |start_once_reg         |   1|   0|    1|          0|
    |tmp_117_reg_1691       |  16|   0|   16|          0|
    |tmp_118_reg_1696       |  16|   0|   16|          0|
    |tmp_119_reg_1701       |  16|   0|   16|          0|
    |tmp_120_reg_1706       |  16|   0|   16|          0|
    |tmp_121_reg_1711       |  16|   0|   16|          0|
    |tmp_122_reg_1716       |  16|   0|   16|          0|
    |tmp_123_reg_1721       |  16|   0|   16|          0|
    |tmp_124_reg_1726       |  16|   0|   16|          0|
    |tmp_125_reg_1731       |  16|   0|   16|          0|
    |tmp_126_reg_1736       |  16|   0|   16|          0|
    |tmp_127_reg_1741       |  16|   0|   16|          0|
    |tmp_128_reg_1746       |  16|   0|   16|          0|
    |tmp_129_reg_1751       |  16|   0|   16|          0|
    |tmp_130_reg_1756       |  16|   0|   16|          0|
    |tmp_131_reg_1761       |  16|   0|   16|          0|
    |tmp_132_reg_1766       |  16|   0|   16|          0|
    |tmp_133_reg_1771       |  16|   0|   16|          0|
    |tmp_134_reg_1776       |  16|   0|   16|          0|
    |tmp_135_reg_1781       |  16|   0|   16|          0|
    |tmp_136_reg_1786       |  16|   0|   16|          0|
    |tmp_137_reg_1791       |  16|   0|   16|          0|
    |tmp_138_reg_1796       |  16|   0|   16|          0|
    |tmp_139_reg_1801       |  16|   0|   16|          0|
    |tmp_140_reg_1806       |  16|   0|   16|          0|
    |tmp_141_reg_1811       |  16|   0|   16|          0|
    |tmp_142_reg_1816       |  16|   0|   16|          0|
    |tmp_143_reg_1821       |  16|   0|   16|          0|
    |tmp_144_reg_1826       |  16|   0|   16|          0|
    |tmp_145_reg_1831       |  16|   0|   16|          0|
    |tmp_146_reg_1836       |  16|   0|   16|          0|
    |tmp_147_reg_1841       |  16|   0|   16|          0|
    |tmp_148_reg_1846       |  16|   0|   16|          0|
    |tmp_149_reg_1851       |  16|   0|   16|          0|
    |tmp_150_reg_1856       |  16|   0|   16|          0|
    |tmp_151_reg_1861       |  16|   0|   16|          0|
    |tmp_152_reg_1866       |  16|   0|   16|          0|
    |tmp_153_reg_1871       |  16|   0|   16|          0|
    |tmp_154_reg_1876       |  16|   0|   16|          0|
    |tmp_155_reg_1881       |  16|   0|   16|          0|
    |tmp_156_reg_1886       |  16|   0|   16|          0|
    |tmp_157_reg_1891       |  16|   0|   16|          0|
    |trunc_ln1273_reg_1686  |  16|   0|   16|          0|
    +-----------------------+----+----+-----+-----------+
    |Total                  | 676|   0|  676|          0|
    +-----------------------+----+----+-----+-----------+



================================================================
== Interface
================================================================
* Summary: 
+----------------------------+-----+-----+------------+-------------------------------------------------------------------------+--------------+
|          RTL Ports         | Dir | Bits|  Protocol  |                              Source Object                              |    C Type    |
+----------------------------+-----+-----+------------+-------------------------------------------------------------------------+--------------+
|ap_clk                      |   in|    1|  ap_ctrl_hs|  normalize<array<ap_fixed,42u>,array<ap_fixed<16,6,5,3,0>,42u>,config17>|  return value|
|ap_rst                      |   in|    1|  ap_ctrl_hs|  normalize<array<ap_fixed,42u>,array<ap_fixed<16,6,5,3,0>,42u>,config17>|  return value|
|ap_start                    |   in|    1|  ap_ctrl_hs|  normalize<array<ap_fixed,42u>,array<ap_fixed<16,6,5,3,0>,42u>,config17>|  return value|
|start_full_n                |   in|    1|  ap_ctrl_hs|  normalize<array<ap_fixed,42u>,array<ap_fixed<16,6,5,3,0>,42u>,config17>|  return value|
|ap_done                     |  out|    1|  ap_ctrl_hs|  normalize<array<ap_fixed,42u>,array<ap_fixed<16,6,5,3,0>,42u>,config17>|  return value|
|ap_continue                 |   in|    1|  ap_ctrl_hs|  normalize<array<ap_fixed,42u>,array<ap_fixed<16,6,5,3,0>,42u>,config17>|  return value|
|ap_idle                     |  out|    1|  ap_ctrl_hs|  normalize<array<ap_fixed,42u>,array<ap_fixed<16,6,5,3,0>,42u>,config17>|  return value|
|ap_ready                    |  out|    1|  ap_ctrl_hs|  normalize<array<ap_fixed,42u>,array<ap_fixed<16,6,5,3,0>,42u>,config17>|  return value|
|start_out                   |  out|    1|  ap_ctrl_hs|  normalize<array<ap_fixed,42u>,array<ap_fixed<16,6,5,3,0>,42u>,config17>|  return value|
|start_write                 |  out|    1|  ap_ctrl_hs|  normalize<array<ap_fixed,42u>,array<ap_fixed<16,6,5,3,0>,42u>,config17>|  return value|
|layer15_out_dout            |   in|  672|     ap_fifo|                                                              layer15_out|       pointer|
|layer15_out_num_data_valid  |   in|    2|     ap_fifo|                                                              layer15_out|       pointer|
|layer15_out_fifo_cap        |   in|    2|     ap_fifo|                                                              layer15_out|       pointer|
|layer15_out_empty_n         |   in|    1|     ap_fifo|                                                              layer15_out|       pointer|
|layer15_out_read            |  out|    1|     ap_fifo|                                                              layer15_out|       pointer|
|layer17_out_din             |  out|  672|     ap_fifo|                                                              layer17_out|       pointer|
|layer17_out_num_data_valid  |   in|    2|     ap_fifo|                                                              layer17_out|       pointer|
|layer17_out_fifo_cap        |   in|    2|     ap_fifo|                                                              layer17_out|       pointer|
|layer17_out_full_n          |   in|    1|     ap_fifo|                                                              layer17_out|       pointer|
|layer17_out_write           |  out|    1|     ap_fifo|                                                              layer17_out|       pointer|
+----------------------------+-----+-----+------------+-------------------------------------------------------------------------+--------------+

