

================================================================
== Vitis HLS Report for 'pooling1d_cl_ap_ufixed_6_0_4_0_0_ap_fixed_16_6_5_3_0_config13_s'
================================================================
* Date:           Sun Mar  3 21:33:59 2024

* Version:        2022.2 (Build 3670227 on Oct 13 2022)
* Project:        alveo_hls4ml
* Solution:       solution (Vitis Kernel Flow Target)
* Product family: virtexuplus
* Target device:  xcu55c-fsvh2892-2L-e


================================================================
== Performance Estimates
================================================================
+ Timing: 
    * Summary: 
    +--------+---------+----------+------------+
    |  Clock |  Target | Estimated| Uncertainty|
    +--------+---------+----------+------------+
    |ap_clk  |  3.33 ns|  2.128 ns|     0.90 ns|
    +--------+---------+----------+------------+

+ Latency: 
    * Summary: 
    +---------+---------+----------+----------+-----+-----+---------+
    |  Latency (cycles) |  Latency (absolute) |  Interval | Pipeline|
    |   min   |   max   |    min   |    max   | min | max |   Type  |
    +---------+---------+----------+----------+-----+-----+---------+
    |        0|        0|      0 ns|      0 ns|    1|    1|      yes|
    +---------+---------+----------+----------+-----+-----+---------+

    + Detail: 
        * Instance: 
        N/A

        * Loop: 
        N/A



================================================================
== Utilization Estimates
================================================================
* Summary: 
+---------------------+---------+------+---------+---------+-----+
|         Name        | BRAM_18K|  DSP |    FF   |   LUT   | URAM|
+---------------------+---------+------+---------+---------+-----+
|DSP                  |        -|     -|        -|        -|    -|
|Expression           |        -|     -|        0|      194|    -|
|FIFO                 |        -|     -|        -|        -|    -|
|Instance             |        -|     -|        -|        -|    -|
|Memory               |        -|     -|        -|        -|    -|
|Multiplexer          |        -|     -|        -|      117|    -|
|Register             |        -|     -|       74|        -|    -|
+---------------------+---------+------+---------+---------+-----+
|Total                |        0|     0|       74|      311|    0|
+---------------------+---------+------+---------+---------+-----+
|Available SLR        |     1344|  3008|   869120|   434560|  320|
+---------------------+---------+------+---------+---------+-----+
|Utilization SLR (%)  |        0|     0|       ~0|       ~0|    0|
+---------------------+---------+------+---------+---------+-----+
|Available            |     4032|  9024|  2607360|  1303680|  960|
+---------------------+---------+------+---------+---------+-----+
|Utilization (%)      |        0|     0|       ~0|       ~0|    0|
+---------------------+---------+------+---------+---------+-----+

+ Detail: 
    * Instance: 
    N/A

    * DSP: 
    N/A

    * Memory: 
    N/A

    * FIFO: 
    N/A

    * Expression: 
    +---------------------------+----------+----+---+----+------------+------------+
    |       Variable Name       | Operation| DSP| FF| LUT| Bitwidth P0| Bitwidth P1|
    +---------------------------+----------+----+---+----+------------+------------+
    |icmp_ln1649_188_fu_230_p2  |      icmp|   0|  0|  10|           6|           6|
    |icmp_ln1649_189_fu_252_p2  |      icmp|   0|  0|  10|           6|           6|
    |icmp_ln1649_190_fu_274_p2  |      icmp|   0|  0|  10|           6|           6|
    |icmp_ln1649_191_fu_296_p2  |      icmp|   0|  0|  10|           6|           6|
    |icmp_ln1649_192_fu_318_p2  |      icmp|   0|  0|  10|           6|           6|
    |icmp_ln1649_193_fu_340_p2  |      icmp|   0|  0|  10|           6|           6|
    |icmp_ln1649_194_fu_362_p2  |      icmp|   0|  0|  10|           6|           6|
    |icmp_ln1649_195_fu_384_p2  |      icmp|   0|  0|  10|           6|           6|
    |icmp_ln1649_196_fu_406_p2  |      icmp|   0|  0|  10|           6|           6|
    |icmp_ln1649_197_fu_428_p2  |      icmp|   0|  0|  10|           6|           6|
    |icmp_ln1649_198_fu_450_p2  |      icmp|   0|  0|  10|           6|           6|
    |icmp_ln1649_fu_208_p2      |      icmp|   0|  0|  10|           6|           6|
    |ap_block_state1            |        or|   0|  0|   2|           1|           1|
    |select_ln14_47_fu_236_p3   |    select|   0|  0|   6|           1|           6|
    |select_ln14_48_fu_258_p3   |    select|   0|  0|   6|           1|           6|
    |select_ln14_49_fu_280_p3   |    select|   0|  0|   6|           1|           6|
    |select_ln14_50_fu_302_p3   |    select|   0|  0|   6|           1|           6|
    |select_ln14_51_fu_324_p3   |    select|   0|  0|   6|           1|           6|
    |select_ln14_52_fu_346_p3   |    select|   0|  0|   6|           1|           6|
    |select_ln14_53_fu_368_p3   |    select|   0|  0|   6|           1|           6|
    |select_ln14_54_fu_390_p3   |    select|   0|  0|   6|           1|           6|
    |select_ln14_55_fu_412_p3   |    select|   0|  0|   6|           1|           6|
    |select_ln14_56_fu_434_p3   |    select|   0|  0|   6|           1|           6|
    |select_ln14_57_fu_456_p3   |    select|   0|  0|   6|           1|           6|
    |select_ln14_fu_214_p3      |    select|   0|  0|   6|           1|           6|
    +---------------------------+----------+----+---+----+------------+------------+
    |Total                      |          |   0|  0| 194|          85|         145|
    +---------------------------+----------+----+---+----+------------+------------+

    * Multiplexer: 
    +--------------+----+-----------+-----+-----------+
    |     Name     | LUT| Input Size| Bits| Total Bits|
    +--------------+----+-----------+-----+-----------+
    |ap_done       |   9|          2|    1|          2|
    |ap_return_0   |   9|          2|    6|         12|
    |ap_return_1   |   9|          2|    6|         12|
    |ap_return_10  |   9|          2|    6|         12|
    |ap_return_11  |   9|          2|    6|         12|
    |ap_return_2   |   9|          2|    6|         12|
    |ap_return_3   |   9|          2|    6|         12|
    |ap_return_4   |   9|          2|    6|         12|
    |ap_return_5   |   9|          2|    6|         12|
    |ap_return_6   |   9|          2|    6|         12|
    |ap_return_7   |   9|          2|    6|         12|
    |ap_return_8   |   9|          2|    6|         12|
    |ap_return_9   |   9|          2|    6|         12|
    +--------------+----+-----------+-----+-----------+
    |Total         | 117|         26|   73|        146|
    +--------------+----+-----------+-----+-----------+

    * Register: 
    +-------------------+---+----+-----+-----------+
    |        Name       | FF| LUT| Bits| Const Bits|
    +-------------------+---+----+-----+-----------+
    |ap_CS_fsm          |  1|   0|    1|          0|
    |ap_done_reg        |  1|   0|    1|          0|
    |ap_return_0_preg   |  6|   0|   10|          4|
    |ap_return_10_preg  |  6|   0|   10|          4|
    |ap_return_11_preg  |  6|   0|   10|          4|
    |ap_return_1_preg   |  6|   0|   10|          4|
    |ap_return_2_preg   |  6|   0|   10|          4|
    |ap_return_3_preg   |  6|   0|   10|          4|
    |ap_return_4_preg   |  6|   0|   10|          4|
    |ap_return_5_preg   |  6|   0|   10|          4|
    |ap_return_6_preg   |  6|   0|   10|          4|
    |ap_return_7_preg   |  6|   0|   10|          4|
    |ap_return_8_preg   |  6|   0|   10|          4|
    |ap_return_9_preg   |  6|   0|   10|          4|
    +-------------------+---+----+-----+-----------+
    |Total              | 74|   0|  122|         48|
    +-------------------+---+----+-----+-----------+



================================================================
== Interface
================================================================
* Summary: 
+--------------+-----+-----+------------+----------------------------------------------------------------------------+--------------+
|   RTL Ports  | Dir | Bits|  Protocol  |                                Source Object                               |    C Type    |
+--------------+-----+-----+------------+----------------------------------------------------------------------------+--------------+
|ap_clk        |   in|    1|  ap_ctrl_hs|  pooling1d_cl<ap_ufixed<6, 0, 4, 0, 0>, ap_fixed<16, 6, 5, 3, 0>, config13>|  return value|
|ap_rst        |   in|    1|  ap_ctrl_hs|  pooling1d_cl<ap_ufixed<6, 0, 4, 0, 0>, ap_fixed<16, 6, 5, 3, 0>, config13>|  return value|
|ap_start      |   in|    1|  ap_ctrl_hs|  pooling1d_cl<ap_ufixed<6, 0, 4, 0, 0>, ap_fixed<16, 6, 5, 3, 0>, config13>|  return value|
|ap_done       |  out|    1|  ap_ctrl_hs|  pooling1d_cl<ap_ufixed<6, 0, 4, 0, 0>, ap_fixed<16, 6, 5, 3, 0>, config13>|  return value|
|ap_continue   |   in|    1|  ap_ctrl_hs|  pooling1d_cl<ap_ufixed<6, 0, 4, 0, 0>, ap_fixed<16, 6, 5, 3, 0>, config13>|  return value|
|ap_idle       |  out|    1|  ap_ctrl_hs|  pooling1d_cl<ap_ufixed<6, 0, 4, 0, 0>, ap_fixed<16, 6, 5, 3, 0>, config13>|  return value|
|ap_ready      |  out|    1|  ap_ctrl_hs|  pooling1d_cl<ap_ufixed<6, 0, 4, 0, 0>, ap_fixed<16, 6, 5, 3, 0>, config13>|  return value|
|ap_return_0   |  out|   10|  ap_ctrl_hs|  pooling1d_cl<ap_ufixed<6, 0, 4, 0, 0>, ap_fixed<16, 6, 5, 3, 0>, config13>|  return value|
|ap_return_1   |  out|   10|  ap_ctrl_hs|  pooling1d_cl<ap_ufixed<6, 0, 4, 0, 0>, ap_fixed<16, 6, 5, 3, 0>, config13>|  return value|
|ap_return_2   |  out|   10|  ap_ctrl_hs|  pooling1d_cl<ap_ufixed<6, 0, 4, 0, 0>, ap_fixed<16, 6, 5, 3, 0>, config13>|  return value|
|ap_return_3   |  out|   10|  ap_ctrl_hs|  pooling1d_cl<ap_ufixed<6, 0, 4, 0, 0>, ap_fixed<16, 6, 5, 3, 0>, config13>|  return value|
|ap_return_4   |  out|   10|  ap_ctrl_hs|  pooling1d_cl<ap_ufixed<6, 0, 4, 0, 0>, ap_fixed<16, 6, 5, 3, 0>, config13>|  return value|
|ap_return_5   |  out|   10|  ap_ctrl_hs|  pooling1d_cl<ap_ufixed<6, 0, 4, 0, 0>, ap_fixed<16, 6, 5, 3, 0>, config13>|  return value|
|ap_return_6   |  out|   10|  ap_ctrl_hs|  pooling1d_cl<ap_ufixed<6, 0, 4, 0, 0>, ap_fixed<16, 6, 5, 3, 0>, config13>|  return value|
|ap_return_7   |  out|   10|  ap_ctrl_hs|  pooling1d_cl<ap_ufixed<6, 0, 4, 0, 0>, ap_fixed<16, 6, 5, 3, 0>, config13>|  return value|
|ap_return_8   |  out|   10|  ap_ctrl_hs|  pooling1d_cl<ap_ufixed<6, 0, 4, 0, 0>, ap_fixed<16, 6, 5, 3, 0>, config13>|  return value|
|ap_return_9   |  out|   10|  ap_ctrl_hs|  pooling1d_cl<ap_ufixed<6, 0, 4, 0, 0>, ap_fixed<16, 6, 5, 3, 0>, config13>|  return value|
|ap_return_10  |  out|   10|  ap_ctrl_hs|  pooling1d_cl<ap_ufixed<6, 0, 4, 0, 0>, ap_fixed<16, 6, 5, 3, 0>, config13>|  return value|
|ap_return_11  |  out|   10|  ap_ctrl_hs|  pooling1d_cl<ap_ufixed<6, 0, 4, 0, 0>, ap_fixed<16, 6, 5, 3, 0>, config13>|  return value|
|p_read        |   in|    6|     ap_none|                                                                      p_read|        scalar|
|p_read1       |   in|    6|     ap_none|                                                                     p_read1|        scalar|
|p_read2       |   in|    6|     ap_none|                                                                     p_read2|        scalar|
|p_read3       |   in|    6|     ap_none|                                                                     p_read3|        scalar|
|p_read4       |   in|    6|     ap_none|                                                                     p_read4|        scalar|
|p_read5       |   in|    6|     ap_none|                                                                     p_read5|        scalar|
|p_read6       |   in|    6|     ap_none|                                                                     p_read6|        scalar|
|p_read7       |   in|    6|     ap_none|                                                                     p_read7|        scalar|
|p_read8       |   in|    6|     ap_none|                                                                     p_read8|        scalar|
|p_read9       |   in|    6|     ap_none|                                                                     p_read9|        scalar|
|p_read10      |   in|    6|     ap_none|                                                                    p_read10|        scalar|
|p_read11      |   in|    6|     ap_none|                                                                    p_read11|        scalar|
|p_read12      |   in|    6|     ap_none|                                                                    p_read12|        scalar|
|p_read13      |   in|    6|     ap_none|                                                                    p_read13|        scalar|
|p_read14      |   in|    6|     ap_none|                                                                    p_read14|        scalar|
|p_read15      |   in|    6|     ap_none|                                                                    p_read15|        scalar|
|p_read16      |   in|    6|     ap_none|                                                                    p_read16|        scalar|
|p_read17      |   in|    6|     ap_none|                                                                    p_read17|        scalar|
|p_read18      |   in|    6|     ap_none|                                                                    p_read18|        scalar|
|p_read19      |   in|    6|     ap_none|                                                                    p_read19|        scalar|
|p_read20      |   in|    6|     ap_none|                                                                    p_read20|        scalar|
|p_read21      |   in|    6|     ap_none|                                                                    p_read21|        scalar|
|p_read22      |   in|    6|     ap_none|                                                                    p_read22|        scalar|
|p_read23      |   in|    6|     ap_none|                                                                    p_read23|        scalar|
+--------------+-----+-----+------------+----------------------------------------------------------------------------+--------------+

