

================================================================
== Vitis HLS Report for 'pooling2d_cl_array_array_ap_fixed_16_6_5_3_0_16u_config9_s'
================================================================
* Date:           Mon Feb 12 06:15:17 2024

* Version:        2022.2 (Build 3670227 on Oct 13 2022)
* Project:        alveo_hls4ml
* Solution:       solution (Vitis Kernel Flow Target)
* Product family: virtexuplus
* Target device:  xcu55c-fsvh2892-2L-e


================================================================
== Performance Estimates
================================================================
+ Timing: 
    * Summary: 
    +--------+---------+----------+------------+
    |  Clock |  Target | Estimated| Uncertainty|
    +--------+---------+----------+------------+
    |ap_clk  |  3.33 ns|  2.408 ns|     0.90 ns|
    +--------+---------+----------+------------+

+ Latency: 
    * Summary: 
    +---------+---------+----------+----------+-----+-----+---------+
    |  Latency (cycles) |  Latency (absolute) |  Interval | Pipeline|
    |   min   |   max   |    min   |    max   | min | max |   Type  |
    +---------+---------+----------+----------+-----+-----+---------+
    |      172|      172|  0.573 us|  0.573 us|  172|  172|       no|
    +---------+---------+----------+----------+-----+-----+---------+

    + Detail: 
        * Instance: 
        N/A

        * Loop: 
        +----------------------------------+---------+---------+----------+-----------+-----------+------+----------+
        |                                  |  Latency (cycles) | Iteration|  Initiation Interval  | Trip |          |
        |             Loop Name            |   min   |   max   |  Latency |  achieved |   target  | Count| Pipelined|
        +----------------------------------+---------+---------+----------+-----------+-----------+------+----------+
        |- ReadInputHeight_ReadInputWidth  |      170|      170|         3|          1|          1|   169|       yes|
        +----------------------------------+---------+---------+----------+-----------+-----------+------+----------+



================================================================
== Utilization Estimates
================================================================
* Summary: 
+---------------------+---------+------+---------+---------+-----+
|         Name        | BRAM_18K|  DSP |    FF   |   LUT   | URAM|
+---------------------+---------+------+---------+---------+-----+
|DSP                  |        -|     -|        -|        -|    -|
|Expression           |        -|     -|        0|     1354|    -|
|FIFO                 |        -|     -|        -|        -|    -|
|Instance             |        -|     -|        -|        -|    -|
|Memory               |        -|     -|     1024|      512|    -|
|Multiplexer          |        -|     -|        -|      108|    -|
|Register             |        -|     -|      678|        -|    -|
+---------------------+---------+------+---------+---------+-----+
|Total                |        0|     0|     1702|     1974|    0|
+---------------------+---------+------+---------+---------+-----+
|Available SLR        |     1344|  3008|   869120|   434560|  320|
+---------------------+---------+------+---------+---------+-----+
|Utilization SLR (%)  |        0|     0|       ~0|       ~0|    0|
+---------------------+---------+------+---------+---------+-----+
|Available            |     4032|  9024|  2607360|  1303680|  960|
+---------------------+---------+------+---------+---------+-----+
|Utilization (%)      |        0|     0|       ~0|       ~0|    0|
+---------------------+---------+------+---------+---------+-----+

+ Detail: 
    * Instance: 
    N/A

    * DSP: 
    N/A

    * Memory: 
    +----------------------------------------------------------------------------------------+----------------------------------------------------------------------------------+---------+----+----+-----+------+-----+------+-------------+
    |                                         Memory                                         |                                      Module                                      | BRAM_18K| FF | LUT| URAM| Words| Bits| Banks| W*Bits*Banks|
    +----------------------------------------------------------------------------------------+----------------------------------------------------------------------------------+---------+----+----+-----+------+-----+------+-------------+
    |void_pooling2d_cl_stream_stream_array_ap_fixed_16u_0_line_buffer_9_U                    |pooling2d_cl_array_array_ap_fixed_16_6_5_3_0_16u_config9_s_void_pooling2d_cl_3i2  |        0|  64|  32|    0|    13|    6|     1|           78|
    |void_pooling2d_cl_stream_stream_array_ap_fixed_16u_0_line_buffer_8_U                    |pooling2d_cl_array_array_ap_fixed_16_6_5_3_0_16u_config9_s_void_pooling2d_cl_3i2  |        0|  64|  32|    0|    13|    6|     1|           78|
    |void_pooling2d_cl_stream_stream_array_ap_fixed_16u_0_line_buffer_7_U                    |pooling2d_cl_array_array_ap_fixed_16_6_5_3_0_16u_config9_s_void_pooling2d_cl_3i2  |        0|  64|  32|    0|    13|    6|     1|           78|
    |void_pooling2d_cl_stream_stream_array_ap_fixed_16u_0_line_buffer_6_U                    |pooling2d_cl_array_array_ap_fixed_16_6_5_3_0_16u_config9_s_void_pooling2d_cl_3i2  |        0|  64|  32|    0|    13|    6|     1|           78|
    |void_pooling2d_cl_stream_stream_array_ap_fixed_16u_0_line_buffer_5_U                    |pooling2d_cl_array_array_ap_fixed_16_6_5_3_0_16u_config9_s_void_pooling2d_cl_3i2  |        0|  64|  32|    0|    13|    6|     1|           78|
    |void_pooling2d_cl_stream_stream_array_ap_fixed_16u_0_line_buffer_4_U                    |pooling2d_cl_array_array_ap_fixed_16_6_5_3_0_16u_config9_s_void_pooling2d_cl_3i2  |        0|  64|  32|    0|    13|    6|     1|           78|
    |void_pooling2d_cl_stream_stream_array_ap_fixed_16u_0_line_buffer_3_U                    |pooling2d_cl_array_array_ap_fixed_16_6_5_3_0_16u_config9_s_void_pooling2d_cl_3i2  |        0|  64|  32|    0|    13|    6|     1|           78|
    |void_pooling2d_cl_stream_stream_array_ap_fixed_16u_0_line_buffer_2_U                    |pooling2d_cl_array_array_ap_fixed_16_6_5_3_0_16u_config9_s_void_pooling2d_cl_3i2  |        0|  64|  32|    0|    13|    6|     1|           78|
    |void_pooling2d_cl_stream_stream_array_ap_fixed_16u_0_line_buffer_1_U                    |pooling2d_cl_array_array_ap_fixed_16_6_5_3_0_16u_config9_s_void_pooling2d_cl_3i2  |        0|  64|  32|    0|    13|    6|     1|           78|
    |void_pooling2d_cl_stream_stream_array_ap_fixed_16u_0_line_buffer_U                      |pooling2d_cl_array_array_ap_fixed_16_6_5_3_0_16u_config9_s_void_pooling2d_cl_3i2  |        0|  64|  32|    0|    13|    6|     1|           78|
    |p_ZZN4nnet12pooling2d_clINS_5arrayI9ap_ufixedILi6ELi0EL9ap_q_mode4EL9ap_o_mode0EL_19_U  |pooling2d_cl_array_array_ap_fixed_16_6_5_3_0_16u_config9_s_void_pooling2d_cl_3i2  |        0|  64|  32|    0|    13|    6|     1|           78|
    |p_ZZN4nnet12pooling2d_clINS_5arrayI9ap_ufixedILi6ELi0EL9ap_q_mode4EL9ap_o_mode0EL_18_U  |pooling2d_cl_array_array_ap_fixed_16_6_5_3_0_16u_config9_s_void_pooling2d_cl_3i2  |        0|  64|  32|    0|    13|    6|     1|           78|
    |p_ZZN4nnet12pooling2d_clINS_5arrayI9ap_ufixedILi6ELi0EL9ap_q_mode4EL9ap_o_mode0EL_17_U  |pooling2d_cl_array_array_ap_fixed_16_6_5_3_0_16u_config9_s_void_pooling2d_cl_3i2  |        0|  64|  32|    0|    13|    6|     1|           78|
    |p_ZZN4nnet12pooling2d_clINS_5arrayI9ap_ufixedILi6ELi0EL9ap_q_mode4EL9ap_o_mode0EL_16_U  |pooling2d_cl_array_array_ap_fixed_16_6_5_3_0_16u_config9_s_void_pooling2d_cl_3i2  |        0|  64|  32|    0|    13|    6|     1|           78|
    |p_ZZN4nnet12pooling2d_clINS_5arrayI9ap_ufixedILi6ELi0EL9ap_q_mode4EL9ap_o_mode0EL_15_U  |pooling2d_cl_array_array_ap_fixed_16_6_5_3_0_16u_config9_s_void_pooling2d_cl_3i2  |        0|  64|  32|    0|    13|    6|     1|           78|
    |p_ZZN4nnet12pooling2d_clINS_5arrayI9ap_ufixedILi6ELi0EL9ap_q_mode4EL9ap_o_mode0EL_14_U  |pooling2d_cl_array_array_ap_fixed_16_6_5_3_0_16u_config9_s_void_pooling2d_cl_3i2  |        0|  64|  32|    0|    13|    6|     1|           78|
    +----------------------------------------------------------------------------------------+----------------------------------------------------------------------------------+---------+----+----+-----+------+-----+------+-------------+
    |Total                                                                                   |                                                                                  |        0|1024| 512|    0|   208|   96|    16|         1248|
    +----------------------------------------------------------------------------------------+----------------------------------------------------------------------------------+---------+----+----+-----+------+-----+------+-------------+

    * FIFO: 
    N/A

    * Expression: 
    +----------------------------------+----------+----+---+----+------------+------------+
    |           Variable Name          | Operation| DSP| FF| LUT| Bitwidth P0| Bitwidth P1|
    +----------------------------------+----------+----+---+----+------------+------------+
    |add_ln109_fu_292_p2               |         +|   0|  0|  15|           8|           1|
    |add_ln76_fu_328_p2                |         +|   0|  0|  39|          32|           1|
    |add_ln80_fu_382_p2                |         +|   0|  0|  39|          32|           1|
    |add_ln86_fu_2011_p2               |         +|   0|  0|  39|          32|          32|
    |add_ln91_fu_354_p2                |         +|   0|  0|  39|          32|          32|
    |and_ln55_2_fu_1059_p2             |       and|   0|  0|   2|           1|           1|
    |and_ln55_fu_1055_p2               |       and|   0|  0|   2|           1|           1|
    |ap_block_state3_pp0_stage0_iter2  |       and|   0|  0|   2|           1|           1|
    |ap_condition_454                  |       and|   0|  0|   2|           1|           1|
    |ap_condition_456                  |       and|   0|  0|   2|           1|           1|
    |ap_condition_480                  |       and|   0|  0|   2|           1|           1|
    |ap_condition_593                  |       and|   0|  0|   2|           1|           1|
    |ap_predicate_op395_write_state3   |       and|   0|  0|   2|           1|           1|
    |icmp_ln109_fu_286_p2              |      icmp|   0|  0|  11|           8|           8|
    |icmp_ln1651_100_fu_1503_p2        |      icmp|   0|  0|  11|           8|           8|
    |icmp_ln1651_101_fu_1509_p2        |      icmp|   0|  0|  11|           8|           8|
    |icmp_ln1651_102_fu_2322_p2        |      icmp|   0|  0|  11|           8|           8|
    |icmp_ln1651_103_fu_1561_p2        |      icmp|   0|  0|  11|           8|           8|
    |icmp_ln1651_104_fu_1567_p2        |      icmp|   0|  0|  11|           8|           8|
    |icmp_ln1651_105_fu_2363_p2        |      icmp|   0|  0|  11|           8|           8|
    |icmp_ln1651_106_fu_1619_p2        |      icmp|   0|  0|  11|           8|           8|
    |icmp_ln1651_107_fu_1625_p2        |      icmp|   0|  0|  11|           8|           8|
    |icmp_ln1651_108_fu_2404_p2        |      icmp|   0|  0|  11|           8|           8|
    |icmp_ln1651_109_fu_1677_p2        |      icmp|   0|  0|  11|           8|           8|
    |icmp_ln1651_110_fu_1683_p2        |      icmp|   0|  0|  11|           8|           8|
    |icmp_ln1651_111_fu_2445_p2        |      icmp|   0|  0|  11|           8|           8|
    |icmp_ln1651_112_fu_1735_p2        |      icmp|   0|  0|  11|           8|           8|
    |icmp_ln1651_113_fu_1741_p2        |      icmp|   0|  0|  11|           8|           8|
    |icmp_ln1651_114_fu_2486_p2        |      icmp|   0|  0|  11|           8|           8|
    |icmp_ln1651_115_fu_1793_p2        |      icmp|   0|  0|  11|           8|           8|
    |icmp_ln1651_116_fu_1799_p2        |      icmp|   0|  0|  11|           8|           8|
    |icmp_ln1651_117_fu_2527_p2        |      icmp|   0|  0|  11|           8|           8|
    |icmp_ln1651_118_fu_1851_p2        |      icmp|   0|  0|  11|           8|           8|
    |icmp_ln1651_119_fu_1857_p2        |      icmp|   0|  0|  11|           8|           8|
    |icmp_ln1651_120_fu_2568_p2        |      icmp|   0|  0|  11|           8|           8|
    |icmp_ln1651_121_fu_1909_p2        |      icmp|   0|  0|  11|           8|           8|
    |icmp_ln1651_122_fu_1915_p2        |      icmp|   0|  0|  11|           8|           8|
    |icmp_ln1651_123_fu_2609_p2        |      icmp|   0|  0|  11|           8|           8|
    |icmp_ln1651_124_fu_1967_p2        |      icmp|   0|  0|  11|           8|           8|
    |icmp_ln1651_125_fu_1973_p2        |      icmp|   0|  0|  11|           8|           8|
    |icmp_ln1651_126_fu_2650_p2        |      icmp|   0|  0|  11|           8|           8|
    |icmp_ln1651_80_fu_1103_p2         |      icmp|   0|  0|  11|           8|           8|
    |icmp_ln1651_81_fu_2035_p2         |      icmp|   0|  0|  11|           8|           8|
    |icmp_ln1651_82_fu_1155_p2         |      icmp|   0|  0|  11|           8|           8|
    |icmp_ln1651_83_fu_1161_p2         |      icmp|   0|  0|  11|           8|           8|
    |icmp_ln1651_84_fu_2076_p2         |      icmp|   0|  0|  11|           8|           8|
    |icmp_ln1651_85_fu_1213_p2         |      icmp|   0|  0|  11|           8|           8|
    |icmp_ln1651_86_fu_1219_p2         |      icmp|   0|  0|  11|           8|           8|
    |icmp_ln1651_87_fu_2117_p2         |      icmp|   0|  0|  11|           8|           8|
    |icmp_ln1651_88_fu_1271_p2         |      icmp|   0|  0|  11|           8|           8|
    |icmp_ln1651_89_fu_1277_p2         |      icmp|   0|  0|  11|           8|           8|
    |icmp_ln1651_90_fu_2158_p2         |      icmp|   0|  0|  11|           8|           8|
    |icmp_ln1651_91_fu_1329_p2         |      icmp|   0|  0|  11|           8|           8|
    |icmp_ln1651_92_fu_1335_p2         |      icmp|   0|  0|  11|           8|           8|
    |icmp_ln1651_93_fu_2199_p2         |      icmp|   0|  0|  11|           8|           8|
    |icmp_ln1651_94_fu_1387_p2         |      icmp|   0|  0|  11|           8|           8|
    |icmp_ln1651_95_fu_1393_p2         |      icmp|   0|  0|  11|           8|           8|
    |icmp_ln1651_96_fu_2240_p2         |      icmp|   0|  0|  11|           8|           8|
    |icmp_ln1651_97_fu_1445_p2         |      icmp|   0|  0|  11|           8|           8|
    |icmp_ln1651_98_fu_1451_p2         |      icmp|   0|  0|  11|           8|           8|
    |icmp_ln1651_99_fu_2281_p2         |      icmp|   0|  0|  11|           8|           8|
    |icmp_ln1651_fu_1097_p2            |      icmp|   0|  0|  11|           8|           8|
    |icmp_ln55_4_fu_1049_p2            |      icmp|   0|  0|  20|          32|           1|
    |icmp_ln55_5_fu_316_p2             |      icmp|   0|  0|  20|          32|           1|
    |icmp_ln55_6_fu_322_p2             |      icmp|   0|  0|  20|          32|           1|
    |icmp_ln55_fu_302_p2               |      icmp|   0|  0|  20|          32|           1|
    |icmp_ln76_fu_334_p2               |      icmp|   0|  0|  20|          32|           4|
    |icmp_ln80_fu_388_p2               |      icmp|   0|  0|  20|          32|           4|
    |icmp_ln86_fu_1997_p2              |      icmp|   0|  0|  20|          32|           1|
    |ap_block_pp0_stage0_01001         |        or|   0|  0|   2|           1|           1|
    |select_ln65_100_fu_2316_p3        |    select|   0|  0|   8|           1|           8|
    |select_ln65_101_fu_1521_p3        |    select|   0|  0|   8|           1|           8|
    |select_ln65_102_fu_2333_p3        |    select|   0|  0|   8|           1|           8|
    |select_ln65_103_fu_2357_p3        |    select|   0|  0|   8|           1|           8|
    |select_ln65_104_fu_1579_p3        |    select|   0|  0|   8|           1|           8|
    |select_ln65_105_fu_2374_p3        |    select|   0|  0|   8|           1|           8|
    |select_ln65_106_fu_2398_p3        |    select|   0|  0|   8|           1|           8|
    |select_ln65_107_fu_1637_p3        |    select|   0|  0|   8|           1|           8|
    |select_ln65_108_fu_2415_p3        |    select|   0|  0|   8|           1|           8|
    |select_ln65_109_fu_2439_p3        |    select|   0|  0|   8|           1|           8|
    |select_ln65_110_fu_1695_p3        |    select|   0|  0|   8|           1|           8|
    |select_ln65_111_fu_2456_p3        |    select|   0|  0|   8|           1|           8|
    |select_ln65_112_fu_2480_p3        |    select|   0|  0|   8|           1|           8|
    |select_ln65_113_fu_1753_p3        |    select|   0|  0|   8|           1|           8|
    |select_ln65_114_fu_2497_p3        |    select|   0|  0|   8|           1|           8|
    |select_ln65_115_fu_2521_p3        |    select|   0|  0|   8|           1|           8|
    |select_ln65_116_fu_1811_p3        |    select|   0|  0|   8|           1|           8|
    |select_ln65_117_fu_2538_p3        |    select|   0|  0|   8|           1|           8|
    |select_ln65_118_fu_2562_p3        |    select|   0|  0|   8|           1|           8|
    |select_ln65_119_fu_1869_p3        |    select|   0|  0|   8|           1|           8|
    |select_ln65_120_fu_2579_p3        |    select|   0|  0|   8|           1|           8|
    |select_ln65_121_fu_2603_p3        |    select|   0|  0|   8|           1|           8|
    |select_ln65_122_fu_1927_p3        |    select|   0|  0|   8|           1|           8|
    |select_ln65_123_fu_2620_p3        |    select|   0|  0|   8|           1|           8|
    |select_ln65_124_fu_2644_p3        |    select|   0|  0|   8|           1|           8|
    |select_ln65_125_fu_1985_p3        |    select|   0|  0|   8|           1|           8|
    |select_ln65_126_fu_2661_p3        |    select|   0|  0|   8|           1|           8|
    |select_ln65_80_fu_1115_p3         |    select|   0|  0|   8|           1|           8|
    |select_ln65_81_fu_2046_p3         |    select|   0|  0|   8|           1|           8|
    |select_ln65_82_fu_2070_p3         |    select|   0|  0|   8|           1|           8|
    |select_ln65_83_fu_1173_p3         |    select|   0|  0|   8|           1|           8|
    |select_ln65_84_fu_2087_p3         |    select|   0|  0|   8|           1|           8|
    |select_ln65_85_fu_2111_p3         |    select|   0|  0|   8|           1|           8|
    |select_ln65_86_fu_1231_p3         |    select|   0|  0|   8|           1|           8|
    |select_ln65_87_fu_2128_p3         |    select|   0|  0|   8|           1|           8|
    |select_ln65_88_fu_2152_p3         |    select|   0|  0|   8|           1|           8|
    |select_ln65_89_fu_1289_p3         |    select|   0|  0|   8|           1|           8|
    |select_ln65_90_fu_2169_p3         |    select|   0|  0|   8|           1|           8|
    |select_ln65_91_fu_2193_p3         |    select|   0|  0|   8|           1|           8|
    |select_ln65_92_fu_1347_p3         |    select|   0|  0|   8|           1|           8|
    |select_ln65_93_fu_2210_p3         |    select|   0|  0|   8|           1|           8|
    |select_ln65_94_fu_2234_p3         |    select|   0|  0|   8|           1|           8|
    |select_ln65_95_fu_1405_p3         |    select|   0|  0|   8|           1|           8|
    |select_ln65_96_fu_2251_p3         |    select|   0|  0|   8|           1|           8|
    |select_ln65_97_fu_2275_p3         |    select|   0|  0|   8|           1|           8|
    |select_ln65_98_fu_1463_p3         |    select|   0|  0|   8|           1|           8|
    |select_ln65_99_fu_2292_p3         |    select|   0|  0|   8|           1|           8|
    |select_ln65_fu_2029_p3            |    select|   0|  0|   8|           1|           8|
    |select_ln86_fu_2003_p3            |    select|   0|  0|   2|           1|           2|
    |select_ln91_fu_346_p3             |    select|   0|  0|   2|           1|           2|
    |ap_enable_pp0                     |       xor|   0|  0|   2|           1|           2|
    |xor_ln1651_100_fu_2311_p2         |       xor|   0|  0|   2|           1|           2|
    |xor_ln1651_101_fu_1515_p2         |       xor|   0|  0|   2|           1|           2|
    |xor_ln1651_102_fu_2327_p2         |       xor|   0|  0|   2|           1|           2|
    |xor_ln1651_103_fu_2352_p2         |       xor|   0|  0|   2|           1|           2|
    |xor_ln1651_104_fu_1573_p2         |       xor|   0|  0|   2|           1|           2|
    |xor_ln1651_105_fu_2368_p2         |       xor|   0|  0|   2|           1|           2|
    |xor_ln1651_106_fu_2393_p2         |       xor|   0|  0|   2|           1|           2|
    |xor_ln1651_107_fu_1631_p2         |       xor|   0|  0|   2|           1|           2|
    |xor_ln1651_108_fu_2409_p2         |       xor|   0|  0|   2|           1|           2|
    |xor_ln1651_109_fu_2434_p2         |       xor|   0|  0|   2|           1|           2|
    |xor_ln1651_110_fu_1689_p2         |       xor|   0|  0|   2|           1|           2|
    |xor_ln1651_111_fu_2450_p2         |       xor|   0|  0|   2|           1|           2|
    |xor_ln1651_112_fu_2475_p2         |       xor|   0|  0|   2|           1|           2|
    |xor_ln1651_113_fu_1747_p2         |       xor|   0|  0|   2|           1|           2|
    |xor_ln1651_114_fu_2491_p2         |       xor|   0|  0|   2|           1|           2|
    |xor_ln1651_115_fu_2516_p2         |       xor|   0|  0|   2|           1|           2|
    |xor_ln1651_116_fu_1805_p2         |       xor|   0|  0|   2|           1|           2|
    |xor_ln1651_117_fu_2532_p2         |       xor|   0|  0|   2|           1|           2|
    |xor_ln1651_118_fu_2557_p2         |       xor|   0|  0|   2|           1|           2|
    |xor_ln1651_119_fu_1863_p2         |       xor|   0|  0|   2|           1|           2|
    |xor_ln1651_120_fu_2573_p2         |       xor|   0|  0|   2|           1|           2|
    |xor_ln1651_121_fu_2598_p2         |       xor|   0|  0|   2|           1|           2|
    |xor_ln1651_122_fu_1921_p2         |       xor|   0|  0|   2|           1|           2|
    |xor_ln1651_123_fu_2614_p2         |       xor|   0|  0|   2|           1|           2|
    |xor_ln1651_124_fu_2639_p2         |       xor|   0|  0|   2|           1|           2|
    |xor_ln1651_125_fu_1979_p2         |       xor|   0|  0|   2|           1|           2|
    |xor_ln1651_126_fu_2655_p2         |       xor|   0|  0|   2|           1|           2|
    |xor_ln1651_80_fu_1109_p2          |       xor|   0|  0|   2|           1|           2|
    |xor_ln1651_81_fu_2040_p2          |       xor|   0|  0|   2|           1|           2|
    |xor_ln1651_82_fu_2065_p2          |       xor|   0|  0|   2|           1|           2|
    |xor_ln1651_83_fu_1167_p2          |       xor|   0|  0|   2|           1|           2|
    |xor_ln1651_84_fu_2081_p2          |       xor|   0|  0|   2|           1|           2|
    |xor_ln1651_85_fu_2106_p2          |       xor|   0|  0|   2|           1|           2|
    |xor_ln1651_86_fu_1225_p2          |       xor|   0|  0|   2|           1|           2|
    |xor_ln1651_87_fu_2122_p2          |       xor|   0|  0|   2|           1|           2|
    |xor_ln1651_88_fu_2147_p2          |       xor|   0|  0|   2|           1|           2|
    |xor_ln1651_89_fu_1283_p2          |       xor|   0|  0|   2|           1|           2|
    |xor_ln1651_90_fu_2163_p2          |       xor|   0|  0|   2|           1|           2|
    |xor_ln1651_91_fu_2188_p2          |       xor|   0|  0|   2|           1|           2|
    |xor_ln1651_92_fu_1341_p2          |       xor|   0|  0|   2|           1|           2|
    |xor_ln1651_93_fu_2204_p2          |       xor|   0|  0|   2|           1|           2|
    |xor_ln1651_94_fu_2229_p2          |       xor|   0|  0|   2|           1|           2|
    |xor_ln1651_95_fu_1399_p2          |       xor|   0|  0|   2|           1|           2|
    |xor_ln1651_96_fu_2245_p2          |       xor|   0|  0|   2|           1|           2|
    |xor_ln1651_97_fu_2270_p2          |       xor|   0|  0|   2|           1|           2|
    |xor_ln1651_98_fu_1457_p2          |       xor|   0|  0|   2|           1|           2|
    |xor_ln1651_99_fu_2286_p2          |       xor|   0|  0|   2|           1|           2|
    |xor_ln1651_fu_2024_p2             |       xor|   0|  0|   2|           1|           2|
    +----------------------------------+----------+----+---+----+------------+------------+
    |Total                             |          |   0|  0|1354|         860|         967|
    +----------------------------------+----------+----+---+----+------------+------------+

    * Multiplexer: 
    +-----------------------------------------+----+-----------+-----+-----------+
    |                   Name                  | LUT| Input Size| Bits| Total Bits|
    +-----------------------------------------+----+-----------+-----+-----------+
    |ap_done_int                              |   9|          2|    1|          2|
    |ap_enable_reg_pp0_iter1                  |   9|          2|    1|          2|
    |ap_phi_mux_storemerge_phi_fu_271_p4      |   9|          2|   32|         64|
    |ap_phi_reg_pp0_iter1_storemerge_reg_267  |   9|          2|   32|         64|
    |ap_sig_allocacmp_indvar_flatten_load     |   9|          2|    8|         16|
    |indvar_flatten_fu_250                    |   9|          2|    8|         16|
    |layer8_out_blk_n                         |   9|          2|    1|          2|
    |layer9_out_blk_n                         |   9|          2|    1|          2|
    |pX_1                                     |   9|          2|   32|         64|
    |pY_1                                     |   9|          2|   32|         64|
    |real_start                               |   9|          2|    1|          2|
    |sX_1                                     |   9|          2|   32|         64|
    +-----------------------------------------+----+-----------+-----+-----------+
    |Total                                    | 108|         24|  181|        362|
    +-----------------------------------------+----+-----------+-----+-----------+

    * Register: 
    +--------------------------------------------------------------------------------------+----+----+-----+-----------+
    |                                         Name                                         | FF | LUT| Bits| Const Bits|
    +--------------------------------------------------------------------------------------+----+----+-----+-----------+
    |and_ln55_2_reg_2744                                                                   |   1|   0|    1|          0|
    |ap_CS_fsm                                                                             |   1|   0|    1|          0|
    |ap_done_reg                                                                           |   1|   0|    1|          0|
    |ap_enable_reg_pp0_iter1                                                               |   1|   0|    1|          0|
    |ap_enable_reg_pp0_iter2                                                               |   1|   0|    1|          0|
    |ap_loop_exit_ready_pp0_iter1_reg                                                      |   1|   0|    1|          0|
    |ap_phi_reg_pp0_iter1_storemerge_reg_267                                               |  32|   0|   32|          0|
    |icmp_ln109_reg_2718                                                                   |   1|   0|    1|          0|
    |icmp_ln1651_100_reg_2905                                                              |   1|   0|    1|          0|
    |icmp_ln1651_103_reg_2926                                                              |   1|   0|    1|          0|
    |icmp_ln1651_106_reg_2947                                                              |   1|   0|    1|          0|
    |icmp_ln1651_109_reg_2968                                                              |   1|   0|    1|          0|
    |icmp_ln1651_112_reg_2989                                                              |   1|   0|    1|          0|
    |icmp_ln1651_115_reg_3010                                                              |   1|   0|    1|          0|
    |icmp_ln1651_118_reg_3031                                                              |   1|   0|    1|          0|
    |icmp_ln1651_121_reg_3052                                                              |   1|   0|    1|          0|
    |icmp_ln1651_124_reg_3073                                                              |   1|   0|    1|          0|
    |icmp_ln1651_82_reg_2779                                                               |   1|   0|    1|          0|
    |icmp_ln1651_85_reg_2800                                                               |   1|   0|    1|          0|
    |icmp_ln1651_88_reg_2821                                                               |   1|   0|    1|          0|
    |icmp_ln1651_91_reg_2842                                                               |   1|   0|    1|          0|
    |icmp_ln1651_94_reg_2863                                                               |   1|   0|    1|          0|
    |icmp_ln1651_97_reg_2884                                                               |   1|   0|    1|          0|
    |icmp_ln1651_reg_2758                                                                  |   1|   0|    1|          0|
    |icmp_ln55_5_reg_2726                                                                  |   1|   0|    1|          0|
    |icmp_ln55_6_reg_2731                                                                  |   1|   0|    1|          0|
    |icmp_ln55_reg_2722                                                                    |   1|   0|    1|          0|
    |icmp_ln55_reg_2722_pp0_iter1_reg                                                      |   1|   0|    1|          0|
    |icmp_ln76_reg_2736                                                                    |   1|   0|    1|          0|
    |icmp_ln80_reg_2740                                                                    |   1|   0|    1|          0|
    |indvar_flatten_fu_250                                                                 |   8|   0|    8|          0|
    |pX_1                                                                                  |  32|   0|   32|          0|
    |pY_1                                                                                  |  32|   0|   32|          0|
    |p_ZZN4nnet22compute_pool_buffer_2dINS_5arrayI9ap_ufixedILi6ELi0EL9ap_q_mode4EL9ap_48  |   6|   0|    6|          0|
    |p_ZZN4nnet22compute_pool_buffer_2dINS_5arrayI9ap_ufixedILi6ELi0EL9ap_q_mode4EL9ap_49  |   6|   0|    6|          0|
    |p_ZZN4nnet22compute_pool_buffer_2dINS_5arrayI9ap_ufixedILi6ELi0EL9ap_q_mode4EL9ap_50  |   6|   0|    6|          0|
    |p_ZZN4nnet22compute_pool_buffer_2dINS_5arrayI9ap_ufixedILi6ELi0EL9ap_q_mode4EL9ap_51  |   6|   0|    6|          0|
    |p_ZZN4nnet22compute_pool_buffer_2dINS_5arrayI9ap_ufixedILi6ELi0EL9ap_q_mode4EL9ap_52  |   6|   0|    6|          0|
    |p_ZZN4nnet22compute_pool_buffer_2dINS_5arrayI9ap_ufixedILi6ELi0EL9ap_q_mode4EL9ap_53  |   6|   0|    6|          0|
    |p_ZZN4nnet22compute_pool_buffer_2dINS_5arrayI9ap_ufixedILi6ELi0EL9ap_q_mode4EL9ap_54  |   6|   0|    6|          0|
    |p_ZZN4nnet22compute_pool_buffer_2dINS_5arrayI9ap_ufixedILi6ELi0EL9ap_q_mode4EL9ap_55  |   6|   0|    6|          0|
    |p_ZZN4nnet22compute_pool_buffer_2dINS_5arrayI9ap_ufixedILi6ELi0EL9ap_q_mode4EL9ap_56  |   6|   0|    6|          0|
    |p_ZZN4nnet22compute_pool_buffer_2dINS_5arrayI9ap_ufixedILi6ELi0EL9ap_q_mode4EL9ap_57  |   6|   0|    6|          0|
    |p_ZZN4nnet22compute_pool_buffer_2dINS_5arrayI9ap_ufixedILi6ELi0EL9ap_q_mode4EL9ap_58  |   6|   0|    6|          0|
    |p_ZZN4nnet22compute_pool_buffer_2dINS_5arrayI9ap_ufixedILi6ELi0EL9ap_q_mode4EL9ap_59  |   6|   0|    6|          0|
    |p_ZZN4nnet22compute_pool_buffer_2dINS_5arrayI9ap_ufixedILi6ELi0EL9ap_q_mode4EL9ap_60  |   6|   0|    6|          0|
    |p_ZZN4nnet22compute_pool_buffer_2dINS_5arrayI9ap_ufixedILi6ELi0EL9ap_q_mode4EL9ap_61  |   6|   0|    6|          0|
    |p_ZZN4nnet22compute_pool_buffer_2dINS_5arrayI9ap_ufixedILi6ELi0EL9ap_q_mode4EL9ap_62  |   6|   0|    6|          0|
    |p_ZZN4nnet22compute_pool_buffer_2dINS_5arrayI9ap_ufixedILi6ELi0EL9ap_q_mode4EL9ap_63  |   6|   0|    6|          0|
    |p_ZZN4nnet22compute_pool_buffer_2dINS_5arrayI9ap_ufixedILi6ELi0EL9ap_q_mode4EL9ap_64  |   6|   0|    6|          0|
    |p_ZZN4nnet22compute_pool_buffer_2dINS_5arrayI9ap_ufixedILi6ELi0EL9ap_q_mode4EL9ap_65  |   6|   0|    6|          0|
    |p_ZZN4nnet22compute_pool_buffer_2dINS_5arrayI9ap_ufixedILi6ELi0EL9ap_q_mode4EL9ap_66  |   6|   0|    6|          0|
    |p_ZZN4nnet22compute_pool_buffer_2dINS_5arrayI9ap_ufixedILi6ELi0EL9ap_q_mode4EL9ap_67  |   6|   0|    6|          0|
    |p_ZZN4nnet22compute_pool_buffer_2dINS_5arrayI9ap_ufixedILi6ELi0EL9ap_q_mode4EL9ap_68  |   6|   0|    6|          0|
    |p_ZZN4nnet22compute_pool_buffer_2dINS_5arrayI9ap_ufixedILi6ELi0EL9ap_q_mode4EL9ap_69  |   6|   0|    6|          0|
    |p_ZZN4nnet22compute_pool_buffer_2dINS_5arrayI9ap_ufixedILi6ELi0EL9ap_q_mode4EL9ap_70  |   6|   0|    6|          0|
    |p_ZZN4nnet22compute_pool_buffer_2dINS_5arrayI9ap_ufixedILi6ELi0EL9ap_q_mode4EL9ap_71  |   6|   0|    6|          0|
    |p_ZZN4nnet22compute_pool_buffer_2dINS_5arrayI9ap_ufixedILi6ELi0EL9ap_q_mode4EL9ap_72  |   6|   0|    6|          0|
    |p_ZZN4nnet22compute_pool_buffer_2dINS_5arrayI9ap_ufixedILi6ELi0EL9ap_q_mode4EL9ap_73  |   6|   0|    6|          0|
    |p_ZZN4nnet22compute_pool_buffer_2dINS_5arrayI9ap_ufixedILi6ELi0EL9ap_q_mode4EL9ap_74  |   6|   0|    6|          0|
    |p_ZZN4nnet22compute_pool_buffer_2dINS_5arrayI9ap_ufixedILi6ELi0EL9ap_q_mode4EL9ap_75  |   6|   0|    6|          0|
    |p_ZZN4nnet22compute_pool_buffer_2dINS_5arrayI9ap_ufixedILi6ELi0EL9ap_q_mode4EL9ap_76  |   6|   0|    6|          0|
    |p_ZZN4nnet22compute_pool_buffer_2dINS_5arrayI9ap_ufixedILi6ELi0EL9ap_q_mode4EL9ap_77  |   6|   0|    6|          0|
    |p_ZZN4nnet22compute_pool_buffer_2dINS_5arrayI9ap_ufixedILi6ELi0EL9ap_q_mode4EL9ap_78  |   6|   0|    6|          0|
    |p_ZZN4nnet22compute_pool_buffer_2dINS_5arrayI9ap_ufixedILi6ELi0EL9ap_q_mode4EL9ap_79  |   6|   0|    6|          0|
    |pool_window_V_100_reg_2774                                                            |   6|   0|    8|          2|
    |pool_window_V_103_reg_2790                                                            |   6|   0|    8|          2|
    |pool_window_V_104_reg_2795                                                            |   6|   0|    8|          2|
    |pool_window_V_107_reg_2811                                                            |   6|   0|    8|          2|
    |pool_window_V_108_reg_2816                                                            |   6|   0|    8|          2|
    |pool_window_V_111_reg_2832                                                            |   6|   0|    8|          2|
    |pool_window_V_112_reg_2837                                                            |   6|   0|    8|          2|
    |pool_window_V_115_reg_2853                                                            |   6|   0|    8|          2|
    |pool_window_V_116_reg_2858                                                            |   6|   0|    8|          2|
    |pool_window_V_119_reg_2874                                                            |   6|   0|    8|          2|
    |pool_window_V_120_reg_2879                                                            |   6|   0|    8|          2|
    |pool_window_V_123_reg_2895                                                            |   6|   0|    8|          2|
    |pool_window_V_124_reg_2900                                                            |   6|   0|    8|          2|
    |pool_window_V_127_reg_2916                                                            |   6|   0|    8|          2|
    |pool_window_V_128_reg_2921                                                            |   6|   0|    8|          2|
    |pool_window_V_131_reg_2937                                                            |   6|   0|    8|          2|
    |pool_window_V_132_reg_2942                                                            |   6|   0|    8|          2|
    |pool_window_V_135_reg_2958                                                            |   6|   0|    8|          2|
    |pool_window_V_136_reg_2963                                                            |   6|   0|    8|          2|
    |pool_window_V_139_reg_2979                                                            |   6|   0|    8|          2|
    |pool_window_V_140_reg_2984                                                            |   6|   0|    8|          2|
    |pool_window_V_143_reg_3000                                                            |   6|   0|    8|          2|
    |pool_window_V_144_reg_3005                                                            |   6|   0|    8|          2|
    |pool_window_V_147_reg_3021                                                            |   6|   0|    8|          2|
    |pool_window_V_148_reg_3026                                                            |   6|   0|    8|          2|
    |pool_window_V_151_reg_3042                                                            |   6|   0|    8|          2|
    |pool_window_V_152_reg_3047                                                            |   6|   0|    8|          2|
    |pool_window_V_155_reg_3063                                                            |   6|   0|    8|          2|
    |pool_window_V_156_reg_3068                                                            |   6|   0|    8|          2|
    |pool_window_V_96_reg_2753                                                             |   6|   0|    8|          2|
    |pool_window_V_99_reg_2769                                                             |   6|   0|    8|          2|
    |pool_window_V_reg_2748                                                                |   6|   0|    8|          2|
    |sX_1                                                                                  |  32|   0|   32|          0|
    |sY_1                                                                                  |  32|   0|   32|          0|
    |select_ln65_101_reg_2910                                                              |   6|   0|    8|          2|
    |select_ln65_104_reg_2931                                                              |   6|   0|    8|          2|
    |select_ln65_107_reg_2952                                                              |   6|   0|    8|          2|
    |select_ln65_110_reg_2973                                                              |   6|   0|    8|          2|
    |select_ln65_113_reg_2994                                                              |   6|   0|    8|          2|
    |select_ln65_116_reg_3015                                                              |   6|   0|    8|          2|
    |select_ln65_119_reg_3036                                                              |   6|   0|    8|          2|
    |select_ln65_122_reg_3057                                                              |   6|   0|    8|          2|
    |select_ln65_125_reg_3078                                                              |   6|   0|    8|          2|
    |select_ln65_80_reg_2763                                                               |   6|   0|    8|          2|
    |select_ln65_83_reg_2784                                                               |   6|   0|    8|          2|
    |select_ln65_86_reg_2805                                                               |   6|   0|    8|          2|
    |select_ln65_89_reg_2826                                                               |   6|   0|    8|          2|
    |select_ln65_92_reg_2847                                                               |   6|   0|    8|          2|
    |select_ln65_95_reg_2868                                                               |   6|   0|    8|          2|
    |select_ln65_98_reg_2889                                                               |   6|   0|    8|          2|
    |start_once_reg                                                                        |   1|   0|    1|          0|
    +--------------------------------------------------------------------------------------+----+----+-----+-----------+
    |Total                                                                                 | 678|   0|  774|         96|
    +--------------------------------------------------------------------------------------+----+----+-----+-----------+



================================================================
== Interface
================================================================
* Summary: 
+---------------------------+-----+-----+------------+-------------------------------------------------------------+--------------+
|         RTL Ports         | Dir | Bits|  Protocol  |                        Source Object                        |    C Type    |
+---------------------------+-----+-----+------------+-------------------------------------------------------------+--------------+
|ap_clk                     |   in|    1|  ap_ctrl_hs|  pooling2d_cl<array,array<ap_fixed<16,6,5,3,0>,16u>,config9>|  return value|
|ap_rst                     |   in|    1|  ap_ctrl_hs|  pooling2d_cl<array,array<ap_fixed<16,6,5,3,0>,16u>,config9>|  return value|
|ap_start                   |   in|    1|  ap_ctrl_hs|  pooling2d_cl<array,array<ap_fixed<16,6,5,3,0>,16u>,config9>|  return value|
|start_full_n               |   in|    1|  ap_ctrl_hs|  pooling2d_cl<array,array<ap_fixed<16,6,5,3,0>,16u>,config9>|  return value|
|ap_done                    |  out|    1|  ap_ctrl_hs|  pooling2d_cl<array,array<ap_fixed<16,6,5,3,0>,16u>,config9>|  return value|
|ap_continue                |   in|    1|  ap_ctrl_hs|  pooling2d_cl<array,array<ap_fixed<16,6,5,3,0>,16u>,config9>|  return value|
|ap_idle                    |  out|    1|  ap_ctrl_hs|  pooling2d_cl<array,array<ap_fixed<16,6,5,3,0>,16u>,config9>|  return value|
|ap_ready                   |  out|    1|  ap_ctrl_hs|  pooling2d_cl<array,array<ap_fixed<16,6,5,3,0>,16u>,config9>|  return value|
|start_out                  |  out|    1|  ap_ctrl_hs|  pooling2d_cl<array,array<ap_fixed<16,6,5,3,0>,16u>,config9>|  return value|
|start_write                |  out|    1|  ap_ctrl_hs|  pooling2d_cl<array,array<ap_fixed<16,6,5,3,0>,16u>,config9>|  return value|
|layer8_out_dout            |   in|   96|     ap_fifo|                                                   layer8_out|       pointer|
|layer8_out_num_data_valid  |   in|    9|     ap_fifo|                                                   layer8_out|       pointer|
|layer8_out_fifo_cap        |   in|    9|     ap_fifo|                                                   layer8_out|       pointer|
|layer8_out_empty_n         |   in|    1|     ap_fifo|                                                   layer8_out|       pointer|
|layer8_out_read            |  out|    1|     ap_fifo|                                                   layer8_out|       pointer|
|layer9_out_din             |  out|  256|     ap_fifo|                                                   layer9_out|       pointer|
|layer9_out_num_data_valid  |   in|    7|     ap_fifo|                                                   layer9_out|       pointer|
|layer9_out_fifo_cap        |   in|    7|     ap_fifo|                                                   layer9_out|       pointer|
|layer9_out_full_n          |   in|    1|     ap_fifo|                                                   layer9_out|       pointer|
|layer9_out_write           |  out|    1|     ap_fifo|                                                   layer9_out|       pointer|
+---------------------------+-----+-----+------------+-------------------------------------------------------------+--------------+

