

================================================================
== Vitis HLS Report for 'conv_1d_latency_cl_ap_fixed_16_6_5_3_0_ap_fixed_16_6_5_3_0_config6_s'
================================================================
* Date:           Sun Mar  3 21:33:24 2024

* Version:        2022.2 (Build 3670227 on Oct 13 2022)
* Project:        alveo_hls4ml
* Solution:       solution (Vitis Kernel Flow Target)
* Product family: virtexuplus
* Target device:  xcu55c-fsvh2892-2L-e


================================================================
== Performance Estimates
================================================================
+ Timing: 
    * Summary: 
    +--------+---------+----------+------------+
    |  Clock |  Target | Estimated| Uncertainty|
    +--------+---------+----------+------------+
    |ap_clk  |  3.33 ns|  2.255 ns|     0.90 ns|
    +--------+---------+----------+------------+

+ Latency: 
    * Summary: 
    +---------+---------+-----------+-----------+-----+-----+------------------------------------------+
    |  Latency (cycles) |   Latency (absolute)  |  Interval |                 Pipeline                 |
    |   min   |   max   |    min    |    max    | min | max |                   Type                   |
    +---------+---------+-----------+-----------+-----+-----+------------------------------------------+
    |        5|        6|  16.665 ns|  19.998 ns|    4|    4|  loop rewind stp(delay=0 clock cycles(s))|
    +---------+---------+-----------+-----------+-----+-----+------------------------------------------+

    + Detail: 
        * Instance: 
        N/A

        * Loop: 
        +-----------------+---------+---------+----------+-----------+-----------+------+----------+
        |                 |  Latency (cycles) | Iteration|  Initiation Interval  | Trip |          |
        |    Loop Name    |   min   |   max   |  Latency |  achieved |   target  | Count| Pipelined|
        +-----------------+---------+---------+----------+-----------+-----------+------+----------+
        |- PartitionLoop  |        5|        5|         3|          1|          1|     4|       yes|
        +-----------------+---------+---------+----------+-----------+-----------+------+----------+



================================================================
== Utilization Estimates
================================================================
* Summary: 
+---------------------+---------+------+---------+---------+-----+
|         Name        | BRAM_18K|  DSP |    FF   |   LUT   | URAM|
+---------------------+---------+------+---------+---------+-----+
|DSP                  |        -|     -|        -|        -|    -|
|Expression           |        -|     -|        0|     1381|    -|
|FIFO                 |        -|     -|        -|        -|    -|
|Instance             |        -|     -|        -|        -|    -|
|Memory               |        -|     -|        -|        -|    -|
|Multiplexer          |        -|     -|        -|     1639|    -|
|Register             |        -|     -|      770|        -|    -|
+---------------------+---------+------+---------+---------+-----+
|Total                |        0|     0|      770|     3020|    0|
+---------------------+---------+------+---------+---------+-----+
|Available SLR        |     1344|  3008|   869120|   434560|  320|
+---------------------+---------+------+---------+---------+-----+
|Utilization SLR (%)  |        0|     0|       ~0|       ~0|    0|
+---------------------+---------+------+---------+---------+-----+
|Available            |     4032|  9024|  2607360|  1303680|  960|
+---------------------+---------+------+---------+---------+-----+
|Utilization (%)      |        0|     0|       ~0|       ~0|    0|
+---------------------+---------+------+---------+---------+-----+

+ Detail: 
    * Instance: 
    N/A

    * DSP: 
    N/A

    * Memory: 
    N/A

    * FIFO: 
    N/A

    * Expression: 
    +-------------------------+----------+----+---+----+------------+------------+
    |      Variable Name      | Operation| DSP| FF| LUT| Bitwidth P0| Bitwidth P1|
    +-------------------------+----------+----+---+----+------------+------------+
    |add_ln813_33_fu_3075_p2  |         +|   0|  0|  19|          12|          12|
    |add_ln813_34_fu_3085_p2  |         +|   0|  0|  20|          13|          13|
    |add_ln813_35_fu_3091_p2  |         +|   0|  0|  19|          12|          12|
    |add_ln813_36_fu_3101_p2  |         +|   0|  0|  19|          12|          12|
    |add_ln813_37_fu_3111_p2  |         +|   0|  0|  20|          13|          13|
    |add_ln813_38_fu_3275_p2  |         +|   0|  0|  21|          14|          14|
    |add_ln813_39_fu_3117_p2  |         +|   0|  0|  19|          12|          12|
    |add_ln813_40_fu_3127_p2  |         +|   0|  0|  19|          12|          12|
    |add_ln813_41_fu_3137_p2  |         +|   0|  0|  20|          13|          13|
    |add_ln813_42_fu_3143_p2  |         +|   0|  0|  19|          12|          12|
    |add_ln813_43_fu_3153_p2  |         +|   0|  0|  19|          12|          12|
    |add_ln813_44_fu_3163_p2  |         +|   0|  0|  20|          13|          13|
    |add_ln813_45_fu_3291_p2  |         +|   0|  0|  21|          14|          14|
    |add_ln813_46_fu_3301_p2  |         +|   0|  0|  22|          15|          15|
    |add_ln813_47_fu_3169_p2  |         +|   0|  0|  19|          12|          12|
    |add_ln813_48_fu_3179_p2  |         +|   0|  0|  19|          12|          12|
    |add_ln813_49_fu_3189_p2  |         +|   0|  0|  20|          13|          13|
    |add_ln813_50_fu_3195_p2  |         +|   0|  0|  19|          12|          12|
    |add_ln813_51_fu_3205_p2  |         +|   0|  0|  19|          12|          12|
    |add_ln813_52_fu_3215_p2  |         +|   0|  0|  20|          13|          13|
    |add_ln813_53_fu_3317_p2  |         +|   0|  0|  21|          14|          14|
    |add_ln813_54_fu_3221_p2  |         +|   0|  0|  19|          12|          12|
    |add_ln813_55_fu_3231_p2  |         +|   0|  0|  19|          12|          12|
    |add_ln813_56_fu_3241_p2  |         +|   0|  0|  20|          13|          13|
    |add_ln813_57_fu_3247_p2  |         +|   0|  0|  19|          12|          12|
    |add_ln813_58_fu_3253_p2  |         +|   0|  0|  19|          12|          12|
    |add_ln813_59_fu_3263_p2  |         +|   0|  0|  20|          13|          13|
    |add_ln813_60_fu_3336_p2  |         +|   0|  0|  21|          14|          14|
    |add_ln813_61_fu_3346_p2  |         +|   0|  0|  22|          15|          15|
    |add_ln813_62_fu_3356_p2  |         +|   0|  0|  16|          16|          16|
    |add_ln813_63_fu_3362_p2  |         +|   0|  0|  16|          16|          16|
    |add_ln813_fu_3065_p2     |         +|   0|  0|  19|          12|          12|
    |i_part_fu_2029_p2        |         +|   0|  0|   9|           2|           1|
    |r_V_101_fu_2949_p2       |         -|   0|  0|  23|           1|          16|
    |r_V_103_fu_2981_p2       |         -|   0|  0|  23|           1|          16|
    |r_V_105_fu_3013_p2       |         -|   0|  0|  23|           1|          16|
    |r_V_107_fu_3045_p2       |         -|   0|  0|  23|           1|          16|
    |r_V_45_fu_2053_p2        |         -|   0|  0|  23|           1|          16|
    |r_V_47_fu_2085_p2        |         -|   0|  0|  23|           1|          16|
    |r_V_49_fu_2117_p2        |         -|   0|  0|  23|           1|          16|
    |r_V_51_fu_2149_p2        |         -|   0|  0|  23|           1|          16|
    |r_V_53_fu_2181_p2        |         -|   0|  0|  23|           1|          16|
    |r_V_55_fu_2213_p2        |         -|   0|  0|  23|           1|          16|
    |r_V_57_fu_2245_p2        |         -|   0|  0|  23|           1|          16|
    |r_V_59_fu_2277_p2        |         -|   0|  0|  23|           1|          16|
    |r_V_61_fu_2309_p2        |         -|   0|  0|  23|           1|          16|
    |r_V_63_fu_2341_p2        |         -|   0|  0|  23|           1|          16|
    |r_V_65_fu_2373_p2        |         -|   0|  0|  23|           1|          16|
    |r_V_67_fu_2405_p2        |         -|   0|  0|  23|           1|          16|
    |r_V_69_fu_2437_p2        |         -|   0|  0|  23|           1|          16|
    |r_V_71_fu_2469_p2        |         -|   0|  0|  23|           1|          16|
    |r_V_73_fu_2501_p2        |         -|   0|  0|  23|           1|          16|
    |r_V_75_fu_2533_p2        |         -|   0|  0|  23|           1|          16|
    |r_V_77_fu_2565_p2        |         -|   0|  0|  23|           1|          16|
    |r_V_79_fu_2597_p2        |         -|   0|  0|  23|           1|          16|
    |r_V_81_fu_2629_p2        |         -|   0|  0|  23|           1|          16|
    |r_V_83_fu_2661_p2        |         -|   0|  0|  23|           1|          16|
    |r_V_85_fu_2693_p2        |         -|   0|  0|  23|           1|          16|
    |r_V_87_fu_2725_p2        |         -|   0|  0|  23|           1|          16|
    |r_V_89_fu_2757_p2        |         -|   0|  0|  23|           1|          16|
    |r_V_91_fu_2789_p2        |         -|   0|  0|  23|           1|          16|
    |r_V_93_fu_2821_p2        |         -|   0|  0|  23|           1|          16|
    |r_V_95_fu_2853_p2        |         -|   0|  0|  23|           1|          16|
    |r_V_97_fu_2885_p2        |         -|   0|  0|  23|           1|          16|
    |r_V_99_fu_2917_p2        |         -|   0|  0|  23|           1|          16|
    |ap_condition_350         |       and|   0|  0|   2|           1|           1|
    |icmp_ln34_fu_2035_p2     |      icmp|   0|  0|   8|           2|           2|
    |ap_enable_pp0            |       xor|   0|  0|   2|           1|           2|
    +-------------------------+----------+----+---+----+------------+------------+
    |Total                    |          |   0|  0|1381|         452|         932|
    +-------------------------+----------+----+---+----+------------+------------+

    * Multiplexer: 
    +---------------------------------------------+----+-----------+-----+-----------+
    |                     Name                    | LUT| Input Size| Bits| Total Bits|
    +---------------------------------------------+----+-----------+-----+-----------+
    |ap_done_int                                  |   9|          2|    1|          2|
    |ap_loop_exit_ready_pp0_iter2_reg             |   9|          2|    1|          2|
    |ap_phi_mux_do_init_phi_fu_603_p6             |  14|          3|    1|          3|
    |ap_phi_mux_p_read1042_phi_phi_fu_1179_p4     |  14|          3|   10|         30|
    |ap_phi_mux_p_read1143_phi_phi_fu_1192_p4     |  14|          3|   10|         30|
    |ap_phi_mux_p_read1244_phi_phi_fu_1205_p4     |  14|          3|   10|         30|
    |ap_phi_mux_p_read133_phi_phi_fu_1062_p4      |  14|          3|   10|         30|
    |ap_phi_mux_p_read1345_phi_phi_fu_1218_p4     |  14|          3|   10|         30|
    |ap_phi_mux_p_read1446_phi_phi_fu_1231_p4     |  14|          3|   10|         30|
    |ap_phi_mux_p_read1547_phi_phi_fu_1244_p4     |  14|          3|   10|         30|
    |ap_phi_mux_p_read1648_phi_phi_fu_1257_p4     |  14|          3|   10|         30|
    |ap_phi_mux_p_read1749_phi_phi_fu_1270_p4     |  14|          3|   10|         30|
    |ap_phi_mux_p_read1850_phi_phi_fu_1283_p4     |  14|          3|   10|         30|
    |ap_phi_mux_p_read1951_phi_phi_fu_1296_p4     |  14|          3|   10|         30|
    |ap_phi_mux_p_read2052_phi_phi_fu_1309_p4     |  14|          3|   10|         30|
    |ap_phi_mux_p_read2153_phi_phi_fu_1322_p4     |  14|          3|   10|         30|
    |ap_phi_mux_p_read2254_phi_phi_fu_1335_p4     |  14|          3|   10|         30|
    |ap_phi_mux_p_read234_phi_phi_fu_1075_p4      |  14|          3|   10|         30|
    |ap_phi_mux_p_read2355_phi_phi_fu_1348_p4     |  14|          3|   10|         30|
    |ap_phi_mux_p_read2456_phi_phi_fu_1361_p4     |  14|          3|   10|         30|
    |ap_phi_mux_p_read2557_phi_phi_fu_1374_p4     |  14|          3|   10|         30|
    |ap_phi_mux_p_read2658_phi_phi_fu_1387_p4     |  14|          3|   10|         30|
    |ap_phi_mux_p_read2759_phi_phi_fu_1400_p4     |  14|          3|   10|         30|
    |ap_phi_mux_p_read2860_phi_phi_fu_1413_p4     |  14|          3|   10|         30|
    |ap_phi_mux_p_read2961_phi_phi_fu_1426_p4     |  14|          3|   10|         30|
    |ap_phi_mux_p_read3062_phi_phi_fu_1439_p4     |  14|          3|   10|         30|
    |ap_phi_mux_p_read3163_phi_phi_fu_1452_p4     |  14|          3|   10|         30|
    |ap_phi_mux_p_read32_phi_phi_fu_1049_p4       |  14|          3|   10|         30|
    |ap_phi_mux_p_read335_phi_phi_fu_1088_p4      |  14|          3|   10|         30|
    |ap_phi_mux_p_read436_phi_phi_fu_1101_p4      |  14|          3|   10|         30|
    |ap_phi_mux_p_read537_phi_phi_fu_1114_p4      |  14|          3|   10|         30|
    |ap_phi_mux_p_read638_phi_phi_fu_1127_p4      |  14|          3|   10|         30|
    |ap_phi_mux_p_read739_phi_phi_fu_1140_p4      |  14|          3|   10|         30|
    |ap_phi_mux_p_read840_phi_phi_fu_1153_p4      |  14|          3|   10|         30|
    |ap_phi_mux_p_read941_phi_phi_fu_1166_p4      |  14|          3|   10|         30|
    |ap_phi_mux_partition_phi_fu_1034_p6          |  14|          3|    2|          6|
    |ap_phi_reg_pp0_iter1_data_buf_V_32_reg_1993  |  14|          3|   10|         30|
    |ap_phi_reg_pp0_iter1_data_buf_V_33_reg_1975  |  14|          3|   10|         30|
    |ap_phi_reg_pp0_iter1_data_buf_V_34_reg_1957  |  14|          3|   10|         30|
    |ap_phi_reg_pp0_iter1_data_buf_V_35_reg_1939  |  14|          3|   10|         30|
    |ap_phi_reg_pp0_iter1_data_buf_V_36_reg_1921  |  14|          3|   10|         30|
    |ap_phi_reg_pp0_iter1_data_buf_V_37_reg_1903  |  14|          3|   10|         30|
    |ap_phi_reg_pp0_iter1_data_buf_V_38_reg_1885  |  14|          3|   10|         30|
    |ap_phi_reg_pp0_iter1_data_buf_V_39_reg_1867  |  20|          4|   10|         40|
    |ap_phi_reg_pp0_iter1_data_buf_V_40_reg_1849  |  20|          4|   10|         40|
    |ap_phi_reg_pp0_iter1_data_buf_V_41_reg_1831  |  20|          4|   10|         40|
    |ap_phi_reg_pp0_iter1_data_buf_V_42_reg_1813  |  20|          4|   10|         40|
    |ap_phi_reg_pp0_iter1_data_buf_V_43_reg_1795  |  20|          4|   10|         40|
    |ap_phi_reg_pp0_iter1_data_buf_V_44_reg_1777  |  20|          4|   10|         40|
    |ap_phi_reg_pp0_iter1_data_buf_V_45_reg_1759  |  20|          4|   10|         40|
    |ap_phi_reg_pp0_iter1_data_buf_V_46_reg_1741  |  20|          4|   10|         40|
    |ap_phi_reg_pp0_iter1_data_buf_V_47_reg_1723  |  26|          5|   10|         50|
    |ap_phi_reg_pp0_iter1_data_buf_V_48_reg_1705  |  26|          5|   10|         50|
    |ap_phi_reg_pp0_iter1_data_buf_V_49_reg_1687  |  26|          5|   10|         50|
    |ap_phi_reg_pp0_iter1_data_buf_V_50_reg_1669  |  26|          5|   10|         50|
    |ap_phi_reg_pp0_iter1_data_buf_V_51_reg_1651  |  26|          5|   10|         50|
    |ap_phi_reg_pp0_iter1_data_buf_V_52_reg_1633  |  26|          5|   10|         50|
    |ap_phi_reg_pp0_iter1_data_buf_V_53_reg_1615  |  26|          5|   10|         50|
    |ap_phi_reg_pp0_iter1_data_buf_V_54_reg_1597  |  26|          5|   10|         50|
    |ap_phi_reg_pp0_iter1_data_buf_V_55_reg_1580  |  26|          5|   10|         50|
    |ap_phi_reg_pp0_iter1_data_buf_V_56_reg_1563  |  26|          5|   10|         50|
    |ap_phi_reg_pp0_iter1_data_buf_V_57_reg_1546  |  26|          5|   10|         50|
    |ap_phi_reg_pp0_iter1_data_buf_V_58_reg_1529  |  26|          5|   10|         50|
    |ap_phi_reg_pp0_iter1_data_buf_V_59_reg_1512  |  26|          5|   10|         50|
    |ap_phi_reg_pp0_iter1_data_buf_V_60_reg_1495  |  26|          5|   10|         50|
    |ap_phi_reg_pp0_iter1_data_buf_V_61_reg_1478  |  26|          5|   10|         50|
    |ap_phi_reg_pp0_iter1_data_buf_V_62_reg_1461  |  26|          5|   10|         50|
    |ap_phi_reg_pp0_iter1_data_buf_V_reg_2011     |  14|          3|   10|         30|
    |p_read1042_phi_reg_1175                      |  14|          3|   10|         30|
    |p_read1143_phi_reg_1188                      |  14|          3|   10|         30|
    |p_read1244_phi_reg_1201                      |  14|          3|   10|         30|
    |p_read133_phi_reg_1058                       |  14|          3|   10|         30|
    |p_read1345_phi_reg_1214                      |  14|          3|   10|         30|
    |p_read1446_phi_reg_1227                      |  14|          3|   10|         30|
    |p_read1547_phi_reg_1240                      |  14|          3|   10|         30|
    |p_read1648_phi_reg_1253                      |  14|          3|   10|         30|
    |p_read1749_phi_reg_1266                      |  14|          3|   10|         30|
    |p_read1850_phi_reg_1279                      |  14|          3|   10|         30|
    |p_read1951_phi_reg_1292                      |  14|          3|   10|         30|
    |p_read2052_phi_reg_1305                      |  14|          3|   10|         30|
    |p_read2153_phi_reg_1318                      |  14|          3|   10|         30|
    |p_read2254_phi_reg_1331                      |  14|          3|   10|         30|
    |p_read234_phi_reg_1071                       |  14|          3|   10|         30|
    |p_read2355_phi_reg_1344                      |  14|          3|   10|         30|
    |p_read2456_phi_reg_1357                      |  14|          3|   10|         30|
    |p_read2557_phi_reg_1370                      |  14|          3|   10|         30|
    |p_read2658_phi_reg_1383                      |  14|          3|   10|         30|
    |p_read2759_phi_reg_1396                      |  14|          3|   10|         30|
    |p_read2860_phi_reg_1409                      |  14|          3|   10|         30|
    |p_read2961_phi_reg_1422                      |  14|          3|   10|         30|
    |p_read3062_phi_reg_1435                      |  14|          3|   10|         30|
    |p_read3163_phi_reg_1448                      |  14|          3|   10|         30|
    |p_read32_phi_reg_1045                        |  14|          3|   10|         30|
    |p_read335_phi_reg_1084                       |  14|          3|   10|         30|
    |p_read436_phi_reg_1097                       |  14|          3|   10|         30|
    |p_read537_phi_reg_1110                       |  14|          3|   10|         30|
    |p_read638_phi_reg_1123                       |  14|          3|   10|         30|
    |p_read739_phi_reg_1136                       |  14|          3|   10|         30|
    |p_read840_phi_reg_1149                       |  14|          3|   10|         30|
    |p_read941_phi_reg_1162                       |  14|          3|   10|         30|
    |partition_reg_1031                           |   9|          2|    2|          4|
    +---------------------------------------------+----+-----------+-----+-----------+
    |Total                                        |1639|        340|  967|       3297|
    +---------------------------------------------+----+-----------+-----+-----------+

    * Register: 
    +---------------------------------------------+----+----+-----+-----------+
    |                     Name                    | FF | LUT| Bits| Const Bits|
    +---------------------------------------------+----+----+-----+-----------+
    |add_ln813_34_reg_3411                        |  13|   0|   13|          0|
    |add_ln813_37_reg_3416                        |  13|   0|   13|          0|
    |add_ln813_41_reg_3421                        |  13|   0|   13|          0|
    |add_ln813_44_reg_3426                        |  13|   0|   13|          0|
    |add_ln813_49_reg_3431                        |  13|   0|   13|          0|
    |add_ln813_52_reg_3436                        |  13|   0|   13|          0|
    |add_ln813_56_reg_3441                        |  13|   0|   13|          0|
    |add_ln813_57_reg_3446                        |  12|   0|   12|          0|
    |add_ln813_59_reg_3451                        |  13|   0|   13|          0|
    |ap_CS_fsm                                    |   1|   0|    1|          0|
    |ap_done_reg                                  |   1|   0|    1|          0|
    |ap_enable_reg_pp0_iter1                      |   1|   0|    1|          0|
    |ap_enable_reg_pp0_iter2                      |   1|   0|    1|          0|
    |ap_loop_exit_ready_pp0_iter1_reg             |   1|   0|    1|          0|
    |ap_loop_exit_ready_pp0_iter2_reg             |   1|   0|    1|          0|
    |ap_phi_reg_pp0_iter1_data_buf_V_32_reg_1993  |  10|   0|   10|          0|
    |ap_phi_reg_pp0_iter1_data_buf_V_33_reg_1975  |  10|   0|   10|          0|
    |ap_phi_reg_pp0_iter1_data_buf_V_34_reg_1957  |  10|   0|   10|          0|
    |ap_phi_reg_pp0_iter1_data_buf_V_35_reg_1939  |  10|   0|   10|          0|
    |ap_phi_reg_pp0_iter1_data_buf_V_36_reg_1921  |  10|   0|   10|          0|
    |ap_phi_reg_pp0_iter1_data_buf_V_37_reg_1903  |  10|   0|   10|          0|
    |ap_phi_reg_pp0_iter1_data_buf_V_38_reg_1885  |  10|   0|   10|          0|
    |ap_phi_reg_pp0_iter1_data_buf_V_39_reg_1867  |  10|   0|   10|          0|
    |ap_phi_reg_pp0_iter1_data_buf_V_40_reg_1849  |  10|   0|   10|          0|
    |ap_phi_reg_pp0_iter1_data_buf_V_41_reg_1831  |  10|   0|   10|          0|
    |ap_phi_reg_pp0_iter1_data_buf_V_42_reg_1813  |  10|   0|   10|          0|
    |ap_phi_reg_pp0_iter1_data_buf_V_43_reg_1795  |  10|   0|   10|          0|
    |ap_phi_reg_pp0_iter1_data_buf_V_44_reg_1777  |  10|   0|   10|          0|
    |ap_phi_reg_pp0_iter1_data_buf_V_45_reg_1759  |  10|   0|   10|          0|
    |ap_phi_reg_pp0_iter1_data_buf_V_46_reg_1741  |  10|   0|   10|          0|
    |ap_phi_reg_pp0_iter1_data_buf_V_47_reg_1723  |  10|   0|   10|          0|
    |ap_phi_reg_pp0_iter1_data_buf_V_48_reg_1705  |  10|   0|   10|          0|
    |ap_phi_reg_pp0_iter1_data_buf_V_49_reg_1687  |  10|   0|   10|          0|
    |ap_phi_reg_pp0_iter1_data_buf_V_50_reg_1669  |  10|   0|   10|          0|
    |ap_phi_reg_pp0_iter1_data_buf_V_51_reg_1651  |  10|   0|   10|          0|
    |ap_phi_reg_pp0_iter1_data_buf_V_52_reg_1633  |  10|   0|   10|          0|
    |ap_phi_reg_pp0_iter1_data_buf_V_53_reg_1615  |  10|   0|   10|          0|
    |ap_phi_reg_pp0_iter1_data_buf_V_54_reg_1597  |  10|   0|   10|          0|
    |ap_phi_reg_pp0_iter1_data_buf_V_55_reg_1580  |  10|   0|   10|          0|
    |ap_phi_reg_pp0_iter1_data_buf_V_56_reg_1563  |  10|   0|   10|          0|
    |ap_phi_reg_pp0_iter1_data_buf_V_57_reg_1546  |  10|   0|   10|          0|
    |ap_phi_reg_pp0_iter1_data_buf_V_58_reg_1529  |  10|   0|   10|          0|
    |ap_phi_reg_pp0_iter1_data_buf_V_59_reg_1512  |  10|   0|   10|          0|
    |ap_phi_reg_pp0_iter1_data_buf_V_60_reg_1495  |  10|   0|   10|          0|
    |ap_phi_reg_pp0_iter1_data_buf_V_61_reg_1478  |  10|   0|   10|          0|
    |ap_phi_reg_pp0_iter1_data_buf_V_62_reg_1461  |  10|   0|   10|          0|
    |ap_phi_reg_pp0_iter1_data_buf_V_reg_2011     |  10|   0|   10|          0|
    |do_init_reg_600                              |   1|   0|    1|          0|
    |i_part_reg_3402                              |   2|   0|    2|          0|
    |icmp_ln34_reg_3407                           |   1|   0|    1|          0|
    |p_read1042_phi_reg_1175                      |  10|   0|   10|          0|
    |p_read1143_phi_reg_1188                      |  10|   0|   10|          0|
    |p_read1244_phi_reg_1201                      |  10|   0|   10|          0|
    |p_read133_phi_reg_1058                       |  10|   0|   10|          0|
    |p_read1345_phi_reg_1214                      |  10|   0|   10|          0|
    |p_read1446_phi_reg_1227                      |  10|   0|   10|          0|
    |p_read1547_phi_reg_1240                      |  10|   0|   10|          0|
    |p_read1648_phi_reg_1253                      |  10|   0|   10|          0|
    |p_read1749_phi_reg_1266                      |  10|   0|   10|          0|
    |p_read1850_phi_reg_1279                      |  10|   0|   10|          0|
    |p_read1951_phi_reg_1292                      |  10|   0|   10|          0|
    |p_read2052_phi_reg_1305                      |  10|   0|   10|          0|
    |p_read2153_phi_reg_1318                      |  10|   0|   10|          0|
    |p_read2254_phi_reg_1331                      |  10|   0|   10|          0|
    |p_read234_phi_reg_1071                       |  10|   0|   10|          0|
    |p_read2355_phi_reg_1344                      |  10|   0|   10|          0|
    |p_read2456_phi_reg_1357                      |  10|   0|   10|          0|
    |p_read2557_phi_reg_1370                      |  10|   0|   10|          0|
    |p_read2658_phi_reg_1383                      |  10|   0|   10|          0|
    |p_read2759_phi_reg_1396                      |  10|   0|   10|          0|
    |p_read2860_phi_reg_1409                      |  10|   0|   10|          0|
    |p_read2961_phi_reg_1422                      |  10|   0|   10|          0|
    |p_read3062_phi_reg_1435                      |  10|   0|   10|          0|
    |p_read3163_phi_reg_1448                      |  10|   0|   10|          0|
    |p_read32_phi_reg_1045                        |  10|   0|   10|          0|
    |p_read335_phi_reg_1084                       |  10|   0|   10|          0|
    |p_read436_phi_reg_1097                       |  10|   0|   10|          0|
    |p_read537_phi_reg_1110                       |  10|   0|   10|          0|
    |p_read638_phi_reg_1123                       |  10|   0|   10|          0|
    |p_read739_phi_reg_1136                       |  10|   0|   10|          0|
    |p_read840_phi_reg_1149                       |  10|   0|   10|          0|
    |p_read941_phi_reg_1162                       |  10|   0|   10|          0|
    |partition_reg_1031                           |   2|   0|    2|          0|
    |partition_reg_1031_pp0_iter1_reg             |   2|   0|    2|          0|
    +---------------------------------------------+----+----+-----+-----------+
    |Total                                        | 770|   0|  770|          0|
    +---------------------------------------------+----+----+-----+-----------+



================================================================
== Interface
================================================================
* Summary: 
+---------------+-----+-----+------------+---------------------------------------------------------------------------------+--------------+
|   RTL Ports   | Dir | Bits|  Protocol  |                                  Source Object                                  |    C Type    |
+---------------+-----+-----+------------+---------------------------------------------------------------------------------+--------------+
|ap_clk         |   in|    1|  ap_ctrl_hs|  conv_1d_latency_cl<ap_fixed<16, 6, 5, 3, 0>, ap_fixed<16, 6, 5, 3, 0>, config6>|  return value|
|ap_rst         |   in|    1|  ap_ctrl_hs|  conv_1d_latency_cl<ap_fixed<16, 6, 5, 3, 0>, ap_fixed<16, 6, 5, 3, 0>, config6>|  return value|
|ap_start       |   in|    1|  ap_ctrl_hs|  conv_1d_latency_cl<ap_fixed<16, 6, 5, 3, 0>, ap_fixed<16, 6, 5, 3, 0>, config6>|  return value|
|ap_done        |  out|    1|  ap_ctrl_hs|  conv_1d_latency_cl<ap_fixed<16, 6, 5, 3, 0>, ap_fixed<16, 6, 5, 3, 0>, config6>|  return value|
|ap_idle        |  out|    1|  ap_ctrl_hs|  conv_1d_latency_cl<ap_fixed<16, 6, 5, 3, 0>, ap_fixed<16, 6, 5, 3, 0>, config6>|  return value|
|ap_ready       |  out|    1|  ap_ctrl_hs|  conv_1d_latency_cl<ap_fixed<16, 6, 5, 3, 0>, ap_fixed<16, 6, 5, 3, 0>, config6>|  return value|
|p_read         |   in|   10|     ap_none|                                                                           p_read|        scalar|
|p_read1        |   in|   10|     ap_none|                                                                          p_read1|        scalar|
|p_read2        |   in|   10|     ap_none|                                                                          p_read2|        scalar|
|p_read3        |   in|   10|     ap_none|                                                                          p_read3|        scalar|
|p_read4        |   in|   10|     ap_none|                                                                          p_read4|        scalar|
|p_read5        |   in|   10|     ap_none|                                                                          p_read5|        scalar|
|p_read6        |   in|   10|     ap_none|                                                                          p_read6|        scalar|
|p_read7        |   in|   10|     ap_none|                                                                          p_read7|        scalar|
|p_read8        |   in|   10|     ap_none|                                                                          p_read8|        scalar|
|p_read9        |   in|   10|     ap_none|                                                                          p_read9|        scalar|
|p_read10       |   in|   10|     ap_none|                                                                         p_read10|        scalar|
|p_read11       |   in|   10|     ap_none|                                                                         p_read11|        scalar|
|p_read12       |   in|   10|     ap_none|                                                                         p_read12|        scalar|
|p_read13       |   in|   10|     ap_none|                                                                         p_read13|        scalar|
|p_read14       |   in|   10|     ap_none|                                                                         p_read14|        scalar|
|p_read15       |   in|   10|     ap_none|                                                                         p_read15|        scalar|
|p_read16       |   in|   10|     ap_none|                                                                         p_read16|        scalar|
|p_read17       |   in|   10|     ap_none|                                                                         p_read17|        scalar|
|p_read18       |   in|   10|     ap_none|                                                                         p_read18|        scalar|
|p_read19       |   in|   10|     ap_none|                                                                         p_read19|        scalar|
|p_read20       |   in|   10|     ap_none|                                                                         p_read20|        scalar|
|p_read21       |   in|   10|     ap_none|                                                                         p_read21|        scalar|
|p_read22       |   in|   10|     ap_none|                                                                         p_read22|        scalar|
|p_read23       |   in|   10|     ap_none|                                                                         p_read23|        scalar|
|p_read24       |   in|   10|     ap_none|                                                                         p_read24|        scalar|
|p_read25       |   in|   10|     ap_none|                                                                         p_read25|        scalar|
|p_read26       |   in|   10|     ap_none|                                                                         p_read26|        scalar|
|p_read27       |   in|   10|     ap_none|                                                                         p_read27|        scalar|
|p_read28       |   in|   10|     ap_none|                                                                         p_read28|        scalar|
|p_read29       |   in|   10|     ap_none|                                                                         p_read29|        scalar|
|p_read30       |   in|   10|     ap_none|                                                                         p_read30|        scalar|
|p_read31       |   in|   10|     ap_none|                                                                         p_read31|        scalar|
|res_0          |  out|   16|      ap_vld|                                                                            res_0|       pointer|
|res_0_ap_vld   |  out|    1|      ap_vld|                                                                            res_0|       pointer|
|res_1          |  out|   16|      ap_vld|                                                                            res_1|       pointer|
|res_1_ap_vld   |  out|    1|      ap_vld|                                                                            res_1|       pointer|
|res_2          |  out|   16|      ap_vld|                                                                            res_2|       pointer|
|res_2_ap_vld   |  out|    1|      ap_vld|                                                                            res_2|       pointer|
|res_3          |  out|   16|      ap_vld|                                                                            res_3|       pointer|
|res_3_ap_vld   |  out|    1|      ap_vld|                                                                            res_3|       pointer|
|res_4          |  out|   16|      ap_vld|                                                                            res_4|       pointer|
|res_4_ap_vld   |  out|    1|      ap_vld|                                                                            res_4|       pointer|
|res_5          |  out|   16|      ap_vld|                                                                            res_5|       pointer|
|res_5_ap_vld   |  out|    1|      ap_vld|                                                                            res_5|       pointer|
|res_6          |  out|   16|      ap_vld|                                                                            res_6|       pointer|
|res_6_ap_vld   |  out|    1|      ap_vld|                                                                            res_6|       pointer|
|res_7          |  out|   16|      ap_vld|                                                                            res_7|       pointer|
|res_7_ap_vld   |  out|    1|      ap_vld|                                                                            res_7|       pointer|
|res_8          |  out|   16|      ap_vld|                                                                            res_8|       pointer|
|res_8_ap_vld   |  out|    1|      ap_vld|                                                                            res_8|       pointer|
|res_9          |  out|   16|      ap_vld|                                                                            res_9|       pointer|
|res_9_ap_vld   |  out|    1|      ap_vld|                                                                            res_9|       pointer|
|res_10         |  out|   16|      ap_vld|                                                                           res_10|       pointer|
|res_10_ap_vld  |  out|    1|      ap_vld|                                                                           res_10|       pointer|
|res_11         |  out|   16|      ap_vld|                                                                           res_11|       pointer|
|res_11_ap_vld  |  out|    1|      ap_vld|                                                                           res_11|       pointer|
|res_12         |  out|   16|      ap_vld|                                                                           res_12|       pointer|
|res_12_ap_vld  |  out|    1|      ap_vld|                                                                           res_12|       pointer|
|res_13         |  out|   16|      ap_vld|                                                                           res_13|       pointer|
|res_13_ap_vld  |  out|    1|      ap_vld|                                                                           res_13|       pointer|
|res_14         |  out|   16|      ap_vld|                                                                           res_14|       pointer|
|res_14_ap_vld  |  out|    1|      ap_vld|                                                                           res_14|       pointer|
|res_15         |  out|   16|      ap_vld|                                                                           res_15|       pointer|
|res_15_ap_vld  |  out|    1|      ap_vld|                                                                           res_15|       pointer|
|res_16         |  out|   16|      ap_vld|                                                                           res_16|       pointer|
|res_16_ap_vld  |  out|    1|      ap_vld|                                                                           res_16|       pointer|
|res_17         |  out|   16|      ap_vld|                                                                           res_17|       pointer|
|res_17_ap_vld  |  out|    1|      ap_vld|                                                                           res_17|       pointer|
|res_18         |  out|   16|      ap_vld|                                                                           res_18|       pointer|
|res_18_ap_vld  |  out|    1|      ap_vld|                                                                           res_18|       pointer|
|res_19         |  out|   16|      ap_vld|                                                                           res_19|       pointer|
|res_19_ap_vld  |  out|    1|      ap_vld|                                                                           res_19|       pointer|
|res_20         |  out|   16|      ap_vld|                                                                           res_20|       pointer|
|res_20_ap_vld  |  out|    1|      ap_vld|                                                                           res_20|       pointer|
|res_21         |  out|   16|      ap_vld|                                                                           res_21|       pointer|
|res_21_ap_vld  |  out|    1|      ap_vld|                                                                           res_21|       pointer|
|res_22         |  out|   16|      ap_vld|                                                                           res_22|       pointer|
|res_22_ap_vld  |  out|    1|      ap_vld|                                                                           res_22|       pointer|
|res_23         |  out|   16|      ap_vld|                                                                           res_23|       pointer|
|res_23_ap_vld  |  out|    1|      ap_vld|                                                                           res_23|       pointer|
|res_24         |  out|   16|      ap_vld|                                                                           res_24|       pointer|
|res_24_ap_vld  |  out|    1|      ap_vld|                                                                           res_24|       pointer|
|res_25         |  out|   16|      ap_vld|                                                                           res_25|       pointer|
|res_25_ap_vld  |  out|    1|      ap_vld|                                                                           res_25|       pointer|
|res_26         |  out|   16|      ap_vld|                                                                           res_26|       pointer|
|res_26_ap_vld  |  out|    1|      ap_vld|                                                                           res_26|       pointer|
|res_27         |  out|   16|      ap_vld|                                                                           res_27|       pointer|
|res_27_ap_vld  |  out|    1|      ap_vld|                                                                           res_27|       pointer|
|res_28         |  out|   16|      ap_vld|                                                                           res_28|       pointer|
|res_28_ap_vld  |  out|    1|      ap_vld|                                                                           res_28|       pointer|
|res_29         |  out|   16|      ap_vld|                                                                           res_29|       pointer|
|res_29_ap_vld  |  out|    1|      ap_vld|                                                                           res_29|       pointer|
|res_30         |  out|   16|      ap_vld|                                                                           res_30|       pointer|
|res_30_ap_vld  |  out|    1|      ap_vld|                                                                           res_30|       pointer|
|res_31         |  out|   16|      ap_vld|                                                                           res_31|       pointer|
|res_31_ap_vld  |  out|    1|      ap_vld|                                                                           res_31|       pointer|
+---------------+-----+-----+------------+---------------------------------------------------------------------------------+--------------+

