

================================================================
== Vitis HLS Report for 'dense_array_ap_ufixed_32u_array_ap_fixed_16_6_5_3_0_32u_config8_s'
================================================================
* Date:           Sat Mar  2 01:09:21 2024

* Version:        2022.2 (Build 3670227 on Oct 13 2022)
* Project:        alveo_hls4ml
* Solution:       solution (Vitis Kernel Flow Target)
* Product family: virtexuplus
* Target device:  xcu55c-fsvh2892-2L-e


================================================================
== Performance Estimates
================================================================
+ Timing: 
    * Summary: 
    +--------+---------+----------+------------+
    |  Clock |  Target | Estimated| Uncertainty|
    +--------+---------+----------+------------+
    |ap_clk  |  3.33 ns|  2.291 ns|     0.90 ns|
    +--------+---------+----------+------------+

+ Latency: 
    * Summary: 
    +---------+---------+-----------+-----------+-----+-----+---------+
    |  Latency (cycles) |   Latency (absolute)  |  Interval | Pipeline|
    |   min   |   max   |    min    |    max    | min | max |   Type  |
    +---------+---------+-----------+-----------+-----+-----+---------+
    |        4|        4|  13.332 ns|  13.332 ns|    4|    4|       no|
    +---------+---------+-----------+-----------+-----+-----+---------+

    + Detail: 
        * Instance: 
        N/A

        * Loop: 
        N/A



================================================================
== Utilization Estimates
================================================================
* Summary: 
+---------------------+---------+------+---------+---------+-----+
|         Name        | BRAM_18K|  DSP |    FF   |   LUT   | URAM|
+---------------------+---------+------+---------+---------+-----+
|DSP                  |        -|     -|        -|        -|    -|
|Expression           |        -|     -|        0|     8268|    -|
|FIFO                 |        -|     -|        -|        -|    -|
|Instance             |        -|     0|        0|     1242|    -|
|Memory               |        -|     -|        -|        -|    -|
|Multiplexer          |        -|     -|        -|       67|    -|
|Register             |        -|     -|     1831|        -|    -|
+---------------------+---------+------+---------+---------+-----+
|Total                |        0|     0|     1831|     9577|    0|
+---------------------+---------+------+---------+---------+-----+
|Available SLR        |     1344|  3008|   869120|   434560|  320|
+---------------------+---------+------+---------+---------+-----+
|Utilization SLR (%)  |        0|     0|       ~0|        2|    0|
+---------------------+---------+------+---------+---------+-----+
|Available            |     4032|  9024|  2607360|  1303680|  960|
+---------------------+---------+------+---------+---------+-----+
|Utilization (%)      |        0|     0|       ~0|       ~0|    0|
+---------------------+---------+------+---------+---------+-----+

+ Detail: 
    * Instance: 
    +-------------------------+--------------------+---------+----+---+----+-----+
    |         Instance        |       Module       | BRAM_18K| DSP| FF| LUT| URAM|
    +-------------------------+--------------------+---------+----+---+----+-----+
    |mul_6ns_5ns_10_1_1_U102  |mul_6ns_5ns_10_1_1  |        0|   0|  0|  23|    0|
    |mul_6ns_5ns_10_1_1_U104  |mul_6ns_5ns_10_1_1  |        0|   0|  0|  23|    0|
    |mul_6ns_5ns_10_1_1_U108  |mul_6ns_5ns_10_1_1  |        0|   0|  0|  23|    0|
    |mul_6ns_5ns_10_1_1_U113  |mul_6ns_5ns_10_1_1  |        0|   0|  0|  23|    0|
    |mul_6ns_5ns_10_1_1_U135  |mul_6ns_5ns_10_1_1  |        0|   0|  0|  23|    0|
    |mul_6ns_5ns_10_1_1_U142  |mul_6ns_5ns_10_1_1  |        0|   0|  0|  23|    0|
    |mul_6ns_5ns_10_1_1_U143  |mul_6ns_5ns_10_1_1  |        0|   0|  0|  23|    0|
    |mul_6ns_5ns_10_1_1_U147  |mul_6ns_5ns_10_1_1  |        0|   0|  0|  23|    0|
    |mul_6ns_5ns_10_1_1_U150  |mul_6ns_5ns_10_1_1  |        0|   0|  0|  23|    0|
    |mul_6ns_5s_11_1_1_U99    |mul_6ns_5s_11_1_1   |        0|   0|  0|  23|    0|
    |mul_6ns_5s_11_1_1_U111   |mul_6ns_5s_11_1_1   |        0|   0|  0|  23|    0|
    |mul_6ns_5s_11_1_1_U112   |mul_6ns_5s_11_1_1   |        0|   0|  0|  23|    0|
    |mul_6ns_5s_11_1_1_U121   |mul_6ns_5s_11_1_1   |        0|   0|  0|  23|    0|
    |mul_6ns_5s_11_1_1_U136   |mul_6ns_5s_11_1_1   |        0|   0|  0|  23|    0|
    |mul_6ns_5s_11_1_1_U137   |mul_6ns_5s_11_1_1   |        0|   0|  0|  23|    0|
    |mul_6ns_5s_11_1_1_U139   |mul_6ns_5s_11_1_1   |        0|   0|  0|  23|    0|
    |mul_6ns_5s_11_1_1_U141   |mul_6ns_5s_11_1_1   |        0|   0|  0|  23|    0|
    |mul_6ns_6ns_11_1_1_U101  |mul_6ns_6ns_11_1_1  |        0|   0|  0|  23|    0|
    |mul_6ns_6ns_11_1_1_U107  |mul_6ns_6ns_11_1_1  |        0|   0|  0|  23|    0|
    |mul_6ns_6ns_11_1_1_U110  |mul_6ns_6ns_11_1_1  |        0|   0|  0|  23|    0|
    |mul_6ns_6ns_11_1_1_U114  |mul_6ns_6ns_11_1_1  |        0|   0|  0|  23|    0|
    |mul_6ns_6ns_11_1_1_U115  |mul_6ns_6ns_11_1_1  |        0|   0|  0|  23|    0|
    |mul_6ns_6ns_11_1_1_U117  |mul_6ns_6ns_11_1_1  |        0|   0|  0|  23|    0|
    |mul_6ns_6ns_11_1_1_U118  |mul_6ns_6ns_11_1_1  |        0|   0|  0|  23|    0|
    |mul_6ns_6ns_11_1_1_U119  |mul_6ns_6ns_11_1_1  |        0|   0|  0|  23|    0|
    |mul_6ns_6ns_11_1_1_U120  |mul_6ns_6ns_11_1_1  |        0|   0|  0|  23|    0|
    |mul_6ns_6ns_11_1_1_U123  |mul_6ns_6ns_11_1_1  |        0|   0|  0|  23|    0|
    |mul_6ns_6ns_11_1_1_U124  |mul_6ns_6ns_11_1_1  |        0|   0|  0|  23|    0|
    |mul_6ns_6ns_11_1_1_U126  |mul_6ns_6ns_11_1_1  |        0|   0|  0|  23|    0|
    |mul_6ns_6ns_11_1_1_U127  |mul_6ns_6ns_11_1_1  |        0|   0|  0|  23|    0|
    |mul_6ns_6ns_11_1_1_U128  |mul_6ns_6ns_11_1_1  |        0|   0|  0|  23|    0|
    |mul_6ns_6ns_11_1_1_U131  |mul_6ns_6ns_11_1_1  |        0|   0|  0|  23|    0|
    |mul_6ns_6ns_11_1_1_U132  |mul_6ns_6ns_11_1_1  |        0|   0|  0|  23|    0|
    |mul_6ns_6ns_11_1_1_U133  |mul_6ns_6ns_11_1_1  |        0|   0|  0|  23|    0|
    |mul_6ns_6ns_11_1_1_U138  |mul_6ns_6ns_11_1_1  |        0|   0|  0|  23|    0|
    |mul_6ns_6ns_11_1_1_U144  |mul_6ns_6ns_11_1_1  |        0|   0|  0|  23|    0|
    |mul_6ns_6ns_11_1_1_U146  |mul_6ns_6ns_11_1_1  |        0|   0|  0|  23|    0|
    |mul_6ns_6ns_11_1_1_U148  |mul_6ns_6ns_11_1_1  |        0|   0|  0|  23|    0|
    |mul_6ns_6ns_11_1_1_U149  |mul_6ns_6ns_11_1_1  |        0|   0|  0|  23|    0|
    |mul_6ns_6s_12_1_1_U100   |mul_6ns_6s_12_1_1   |        0|   0|  0|  23|    0|
    |mul_6ns_6s_12_1_1_U103   |mul_6ns_6s_12_1_1   |        0|   0|  0|  23|    0|
    |mul_6ns_6s_12_1_1_U105   |mul_6ns_6s_12_1_1   |        0|   0|  0|  23|    0|
    |mul_6ns_6s_12_1_1_U106   |mul_6ns_6s_12_1_1   |        0|   0|  0|  23|    0|
    |mul_6ns_6s_12_1_1_U109   |mul_6ns_6s_12_1_1   |        0|   0|  0|  23|    0|
    |mul_6ns_6s_12_1_1_U116   |mul_6ns_6s_12_1_1   |        0|   0|  0|  23|    0|
    |mul_6ns_6s_12_1_1_U122   |mul_6ns_6s_12_1_1   |        0|   0|  0|  23|    0|
    |mul_6ns_6s_12_1_1_U125   |mul_6ns_6s_12_1_1   |        0|   0|  0|  23|    0|
    |mul_6ns_6s_12_1_1_U129   |mul_6ns_6s_12_1_1   |        0|   0|  0|  23|    0|
    |mul_6ns_6s_12_1_1_U130   |mul_6ns_6s_12_1_1   |        0|   0|  0|  23|    0|
    |mul_6ns_6s_12_1_1_U134   |mul_6ns_6s_12_1_1   |        0|   0|  0|  23|    0|
    |mul_6ns_6s_12_1_1_U140   |mul_6ns_6s_12_1_1   |        0|   0|  0|  23|    0|
    |mul_6ns_6s_12_1_1_U145   |mul_6ns_6s_12_1_1   |        0|   0|  0|  23|    0|
    |mul_6ns_6s_12_1_1_U151   |mul_6ns_6s_12_1_1   |        0|   0|  0|  23|    0|
    |mul_6ns_6s_12_1_1_U152   |mul_6ns_6s_12_1_1   |        0|   0|  0|  23|    0|
    +-------------------------+--------------------+---------+----+---+----+-----+
    |Total                    |                    |        0|   0|  0|1242|    0|
    +-------------------------+--------------------+---------+----+---+----+-----+

    * DSP: 
    N/A

    * Memory: 
    N/A

    * FIFO: 
    N/A

    * Expression: 
    +----------------------------+----------+----+---+-----+------------+------------+
    |        Variable Name       | Operation| DSP| FF| LUT | Bitwidth P0| Bitwidth P1|
    +----------------------------+----------+----+---+-----+------------+------------+
    |add_ln813_479_fu_56200_p2   |         +|   0|  0|   16|           9|           8|
    |add_ln813_480_fu_56210_p2   |         +|   0|  0|   19|          12|          12|
    |add_ln813_481_fu_58439_p2   |         +|   0|  0|   20|          13|          13|
    |add_ln813_482_fu_56216_p2   |         +|   0|  0|   18|          11|          11|
    |add_ln813_483_fu_58452_p2   |         +|   0|  0|   20|          13|          13|
    |add_ln813_484_fu_58462_p2   |         +|   0|  0|   16|          14|          14|
    |add_ln813_486_fu_56222_p2   |         +|   0|  0|   19|          12|           6|
    |add_ln813_487_fu_56232_p2   |         +|   0|  0|   20|          13|          13|
    |add_ln813_488_fu_56238_p2   |         +|   0|  0|   19|          12|          12|
    |add_ln813_489_fu_58480_p2   |         +|   0|  0|   21|          14|          14|
    |add_ln813_490_fu_56244_p2   |         +|   0|  0|   17|          10|          10|
    |add_ln813_491_fu_56254_p2   |         +|   0|  0|   18|          11|          11|
    |add_ln813_492_fu_58489_p2   |         +|   0|  0|   16|          14|          14|
    |add_ln813_494_fu_56260_p2   |         +|   0|  0|   18|          11|           9|
    |add_ln813_495_fu_56270_p2   |         +|   0|  0|   19|          12|          12|
    |add_ln813_496_fu_56280_p2   |         +|   0|  0|   19|          12|          12|
    |add_ln813_497_fu_56290_p2   |         +|   0|  0|   20|          13|          13|
    |add_ln813_498_fu_58504_p2   |         +|   0|  0|   21|          14|          14|
    |add_ln813_499_fu_58514_p2   |         +|   0|  0|   16|          15|          15|
    |add_ln813_500_fu_58520_p2   |         +|   0|  0|   16|           9|           9|
    |add_ln813_501_fu_58530_p2   |         +|   0|  0|   18|          11|          11|
    |add_ln813_503_fu_56296_p2   |         +|   0|  0|   17|          12|           8|
    |add_ln813_504_fu_56302_p2   |         +|   0|  0|   17|          12|          12|
    |add_ln813_505_fu_56308_p2   |         +|   0|  0|   20|          13|          13|
    |add_ln813_506_fu_58552_p2   |         +|   0|  0|   16|          14|          14|
    |add_ln813_507_fu_56314_p2   |         +|   0|  0|   16|           9|           9|
    |add_ln813_508_fu_58561_p2   |         +|   0|  0|   18|          11|          11|
    |add_ln813_510_fu_56320_p2   |         +|   0|  0|   18|          11|          11|
    |add_ln813_511_fu_56326_p2   |         +|   0|  0|   18|          11|          11|
    |add_ln813_512_fu_58583_p2   |         +|   0|  0|   19|          12|          12|
    |add_ln813_513_fu_58593_p2   |         +|   0|  0|   17|          13|          13|
    |add_ln813_514_fu_56332_p2   |         +|   0|  0|   18|          11|          11|
    |add_ln813_515_fu_58602_p2   |         +|   0|  0|   19|          12|          12|
    |add_ln813_516_fu_58612_p2   |         +|   0|  0|   17|          13|          13|
    |add_ln813_517_fu_58622_p2   |         +|   0|  0|   20|          13|          13|
    |add_ln813_519_fu_56338_p2   |         +|   0|  0|   18|          11|          10|
    |add_ln813_520_fu_56348_p2   |         +|   0|  0|   19|          12|          12|
    |add_ln813_521_fu_56358_p2   |         +|   0|  0|   17|          13|          13|
    |add_ln813_522_fu_56364_p2   |         +|   0|  0|   17|          13|          13|
    |add_ln813_523_fu_58641_p2   |         +|   0|  0|   19|          12|          12|
    |add_ln813_524_fu_58651_p2   |         +|   0|  0|   16|          14|          14|
    |add_ln813_525_fu_58657_p2   |         +|   0|  0|   16|          14|          14|
    |add_ln813_526_fu_58667_p2   |         +|   0|  0|   19|          12|          12|
    |add_ln813_528_fu_56370_p2   |         +|   0|  0|   17|          10|           9|
    |add_ln813_529_fu_56380_p2   |         +|   0|  0|   18|          11|          11|
    |add_ln813_530_fu_58686_p2   |         +|   0|  0|   19|          12|          12|
    |add_ln813_531_fu_58696_p2   |         +|   0|  0|   20|          13|          13|
    |add_ln813_532_fu_56386_p2   |         +|   0|  0|   18|          11|          11|
    |add_ln813_533_fu_58709_p2   |         +|   0|  0|   19|          12|          12|
    |add_ln813_534_fu_58719_p2   |         +|   0|  0|   16|          14|          14|
    |add_ln813_535_fu_58725_p2   |         +|   0|  0|   19|          12|          12|
    |add_ln813_537_fu_56392_p2   |         +|   0|  0|   17|          10|           8|
    |add_ln813_538_fu_56402_p2   |         +|   0|  0|   19|          12|          12|
    |add_ln813_539_fu_56412_p2   |         +|   0|  0|   20|          13|          13|
    |add_ln813_540_fu_58744_p2   |         +|   0|  0|   16|          14|          14|
    |add_ln813_541_fu_56418_p2   |         +|   0|  0|   19|          12|          12|
    |add_ln813_542_fu_58753_p2   |         +|   0|  0|   16|          14|          14|
    |add_ln813_543_fu_59524_p2   |         +|   0|  0|   16|          15|          15|
    |add_ln813_544_fu_58759_p2   |         +|   0|  0|   18|          11|          11|
    |add_ln813_546_fu_56424_p2   |         +|   0|  0|   17|          12|          12|
    |add_ln813_547_fu_56430_p2   |         +|   0|  0|   14|           7|           6|
    |add_ln813_548_fu_56440_p2   |         +|   0|  0|   16|           9|           9|
    |add_ln813_549_fu_56450_p2   |         +|   0|  0|   17|          12|          12|
    |add_ln813_550_fu_58768_p2   |         +|   0|  0|   20|          13|          13|
    |add_ln813_551_fu_58778_p2   |         +|   0|  0|   16|          14|          14|
    |add_ln813_552_fu_56456_p2   |         +|   0|  0|   15|           8|           8|
    |add_ln813_553_fu_58787_p2   |         +|   0|  0|   17|          10|          10|
    |add_ln813_555_fu_58803_p2   |         +|   0|  0|   18|          11|           9|
    |add_ln813_556_fu_58813_p2   |         +|   0|  0|   19|          12|          12|
    |add_ln813_557_fu_58823_p2   |         +|   0|  0|   16|          14|          14|
    |add_ln813_558_fu_56462_p2   |         +|   0|  0|   17|          10|          10|
    |add_ln813_559_fu_56472_p2   |         +|   0|  0|   18|          11|          11|
    |add_ln813_561_fu_52269_p2   |         +|   0|  0|   17|          10|           9|
    |add_ln813_562_fu_56481_p2   |         +|   0|  0|   18|          11|          11|
    |add_ln813_563_fu_56491_p2   |         +|   0|  0|   19|          12|          12|
    |add_ln813_564_fu_56501_p2   |         +|   0|  0|   21|          14|          14|
    |add_ln813_565_fu_56507_p2   |         +|   0|  0|   17|          10|          10|
    |add_ln813_566_fu_58841_p2   |         +|   0|  0|   18|          11|          11|
    |add_ln813_567_fu_58851_p2   |         +|   0|  0|   16|          14|          14|
    |add_ln813_568_fu_58856_p2   |         +|   0|  0|   16|          14|          14|
    |add_ln813_569_fu_58866_p2   |         +|   0|  0|   20|          13|          13|
    |add_ln813_571_fu_56513_p2   |         +|   0|  0|   19|          12|           9|
    |add_ln813_572_fu_56523_p2   |         +|   0|  0|   20|          13|          13|
    |add_ln813_573_fu_58885_p2   |         +|   0|  0|   20|          13|          13|
    |add_ln813_574_fu_58895_p2   |         +|   0|  0|   16|          14|          14|
    |add_ln813_575_fu_56529_p2   |         +|   0|  0|   17|          10|          10|
    |add_ln813_576_fu_56539_p2   |         +|   0|  0|   18|          11|          11|
    |add_ln813_577_fu_58904_p2   |         +|   0|  0|   16|          14|          14|
    |add_ln813_578_fu_58914_p2   |         +|   0|  0|   19|          12|          12|
    |add_ln813_579_fu_58924_p2   |         +|   0|  0|   16|          15|          15|
    |add_ln813_580_fu_56545_p2   |         +|   0|  0|   17|          10|          10|
    |add_ln813_581_fu_56555_p2   |         +|   0|  0|   18|          11|          11|
    |add_ln813_583_fu_56561_p2   |         +|   0|  0|   16|           9|           8|
    |add_ln813_584_fu_56571_p2   |         +|   0|  0|   19|          12|          12|
    |add_ln813_585_fu_58942_p2   |         +|   0|  0|   20|          13|          13|
    |add_ln813_586_fu_56577_p2   |         +|   0|  0|   20|          13|          13|
    |add_ln813_587_fu_58955_p2   |         +|   0|  0|   16|          14|          14|
    |add_ln813_588_fu_56583_p2   |         +|   0|  0|   16|           9|           9|
    |add_ln813_589_fu_56593_p2   |         +|   0|  0|   16|           9|           9|
    |add_ln813_590_fu_56603_p2   |         +|   0|  0|   17|          10|          10|
    |add_ln813_591_fu_58964_p2   |         +|   0|  0|   16|          14|          14|
    |add_ln813_592_fu_58970_p2   |         +|   0|  0|   19|          12|          12|
    |add_ln813_594_fu_56609_p2   |         +|   0|  0|   19|          12|           8|
    |add_ln813_595_fu_56619_p2   |         +|   0|  0|   20|          13|          13|
    |add_ln813_596_fu_58979_p2   |         +|   0|  0|   21|          14|          14|
    |add_ln813_597_fu_56625_p2   |         +|   0|  0|   17|          10|          10|
    |add_ln813_598_fu_56635_p2   |         +|   0|  0|   19|          12|          12|
    |add_ln813_599_fu_58988_p2   |         +|   0|  0|   16|          14|          14|
    |add_ln813_601_fu_56641_p2   |         +|   0|  0|   18|          11|           6|
    |add_ln813_602_fu_56651_p2   |         +|   0|  0|   19|          12|          12|
    |add_ln813_603_fu_56661_p2   |         +|   0|  0|   20|          13|          13|
    |add_ln813_604_fu_59003_p2   |         +|   0|  0|   21|          14|          14|
    |add_ln813_605_fu_56667_p2   |         +|   0|  0|   16|           9|           9|
    |add_ln813_606_fu_56677_p2   |         +|   0|  0|   17|          10|          10|
    |add_ln813_607_fu_59012_p2   |         +|   0|  0|   16|          14|          14|
    |add_ln813_609_fu_56683_p2   |         +|   0|  0|   17|          10|           7|
    |add_ln813_610_fu_56693_p2   |         +|   0|  0|   19|          12|          12|
    |add_ln813_611_fu_56703_p2   |         +|   0|  0|   20|          13|          13|
    |add_ln813_612_fu_59027_p2   |         +|   0|  0|   21|          14|          14|
    |add_ln813_613_fu_56709_p2   |         +|   0|  0|   17|          10|          10|
    |add_ln813_614_fu_59036_p2   |         +|   0|  0|   16|          14|          14|
    |add_ln813_615_fu_59042_p2   |         +|   0|  0|   16|          14|          14|
    |add_ln813_616_fu_59052_p2   |         +|   0|  0|   20|          13|          13|
    |add_ln813_617_fu_59062_p2   |         +|   0|  0|   16|          15|          15|
    |add_ln813_618_fu_56715_p2   |         +|   0|  0|   17|          10|          10|
    |add_ln813_619_fu_52275_p2   |         +|   0|  0|   13|           6|           6|
    |add_ln813_620_fu_52285_p2   |         +|   0|  0|   16|           9|           9|
    |add_ln813_621_fu_56728_p2   |         +|   0|  0|   18|          11|          11|
    |add_ln813_623_fu_52291_p2   |         +|   0|  0|   15|           8|           6|
    |add_ln813_624_fu_52301_p2   |         +|   0|  0|   17|          10|          10|
    |add_ln813_625_fu_56737_p2   |         +|   0|  0|   20|          13|          13|
    |add_ln813_626_fu_56747_p2   |         +|   0|  0|   19|          12|          12|
    |add_ln813_627_fu_56757_p2   |         +|   0|  0|   21|          14|          14|
    |add_ln813_628_fu_59080_p2   |         +|   0|  0|   19|          12|          12|
    |add_ln813_629_fu_59090_p2   |         +|   0|  0|   16|          15|          15|
    |add_ln813_630_fu_56763_p2   |         +|   0|  0|   17|          10|          10|
    |add_ln813_631_fu_56773_p2   |         +|   0|  0|   19|          12|          12|
    |add_ln813_633_fu_56779_p2   |         +|   0|  0|   17|          10|           8|
    |add_ln813_634_fu_56789_p2   |         +|   0|  0|   17|          12|          12|
    |add_ln813_635_fu_56795_p2   |         +|   0|  0|   17|          12|          12|
    |add_ln813_636_fu_56801_p2   |         +|   0|  0|   15|           8|           8|
    |add_ln813_637_fu_56811_p2   |         +|   0|  0|   17|          10|          10|
    |add_ln813_638_fu_59111_p2   |         +|   0|  0|   17|          13|          13|
    |add_ln813_639_fu_59117_p2   |         +|   0|  0|   17|          13|          13|
    |add_ln813_640_fu_56817_p2   |         +|   0|  0|   18|          11|          11|
    |add_ln813_641_fu_56827_p2   |         +|   0|  0|   19|          12|          12|
    |add_ln813_643_fu_56833_p2   |         +|   0|  0|   18|          11|          11|
    |add_ln813_644_fu_59149_p2   |         +|   0|  0|   19|          12|          12|
    |add_ln813_645_fu_59159_p2   |         +|   0|  0|   19|          12|          12|
    |add_ln813_646_fu_59169_p2   |         +|   0|  0|   20|          13|          13|
    |add_ln813_647_fu_59175_p2   |         +|   0|  0|   18|          11|          11|
    |add_ln813_648_fu_59185_p2   |         +|   0|  0|   19|          12|          12|
    |add_ln813_650_fu_56839_p2   |         +|   0|  0|   18|           9|           9|
    |add_ln813_651_fu_56845_p2   |         +|   0|  0|   18|           9|           9|
    |add_ln813_652_fu_56855_p2   |         +|   0|  0|   17|          12|          12|
    |add_ln813_653_fu_56861_p2   |         +|   0|  0|   17|          12|          12|
    |add_ln813_654_fu_59194_p2   |         +|   0|  0|   16|          14|          14|
    |add_ln813_655_fu_56867_p2   |         +|   0|  0|   18|          11|          11|
    |add_ln813_656_fu_56877_p2   |         +|   0|  0|   19|          12|          12|
    |add_ln813_657_fu_59203_p2   |         +|   0|  0|   16|          14|          14|
    |add_ln813_658_fu_59213_p2   |         +|   0|  0|   19|          12|          12|
    |add_ln813_659_fu_59223_p2   |         +|   0|  0|   22|          15|          15|
    |add_ln813_660_fu_59229_p2   |         +|   0|  0|   17|          12|          12|
    |add_ln813_661_fu_56883_p2   |         +|   0|  0|   16|           9|           9|
    |add_ln813_662_fu_59238_p2   |         +|   0|  0|   17|          12|          12|
    |add_ln813_663_fu_59570_p2   |         +|   0|  0|   16|          15|          15|
    |add_ln813_665_fu_56889_p2   |         +|   0|  0|   17|          12|           8|
    |add_ln813_666_fu_56895_p2   |         +|   0|  0|   17|          12|          12|
    |add_ln813_667_fu_56901_p2   |         +|   0|  0|   19|          12|          12|
    |add_ln813_668_fu_59250_p2   |         +|   0|  0|   20|          13|          13|
    |add_ln813_669_fu_59256_p2   |         +|   0|  0|   17|          13|          13|
    |add_ln813_670_fu_59262_p2   |         +|   0|  0|   17|          10|          10|
    |add_ln813_672_fu_56907_p2   |         +|   0|  0|   17|          12|           8|
    |add_ln813_673_fu_56913_p2   |         +|   0|  0|   18|          11|          11|
    |add_ln813_674_fu_56923_p2   |         +|   0|  0|   17|          12|          12|
    |add_ln813_675_fu_56929_p2   |         +|   0|  0|   18|          11|          11|
    |add_ln813_676_fu_59284_p2   |         +|   0|  0|   20|          13|          13|
    |add_ln813_677_fu_59294_p2   |         +|   0|  0|   17|          13|          13|
    |add_ln813_678_fu_59300_p2   |         +|   0|  0|   17|          13|          13|
    |add_ln813_679_fu_59310_p2   |         +|   0|  0|   21|          14|          14|
    |add_ln813_680_fu_59316_p2   |         +|   0|  0|   19|          12|          12|
    |add_ln813_681_fu_59326_p2   |         +|   0|  0|   16|          14|          14|
    |add_ln813_682_fu_56935_p2   |         +|   0|  0|   16|           9|           9|
    |add_ln813_683_fu_56945_p2   |         +|   0|  0|   17|          10|          10|
    |add_ln813_685_fu_56951_p2   |         +|   0|  0|   19|          12|           8|
    |add_ln813_686_fu_56961_p2   |         +|   0|  0|   20|          13|          13|
    |add_ln813_687_fu_59344_p2   |         +|   0|  0|   16|          14|          14|
    |add_ln813_688_fu_56967_p2   |         +|   0|  0|   18|          11|          11|
    |add_ln813_689_fu_59353_p2   |         +|   0|  0|   20|          13|          13|
    |add_ln813_690_fu_59363_p2   |         +|   0|  0|   16|          14|          14|
    |add_ln813_692_fu_56973_p2   |         +|   0|  0|   16|           9|           8|
    |add_ln813_693_fu_56982_p2   |         +|   0|  0|   19|          12|          12|
    |add_ln813_694_fu_56988_p2   |         +|   0|  0|   19|          12|          12|
    |add_ln813_695_fu_59385_p2   |         +|   0|  0|   20|          13|          13|
    |add_ln813_696_fu_59395_p2   |         +|   0|  0|   21|          14|          14|
    |add_ln813_697_fu_56994_p2   |         +|   0|  0|   17|          10|          10|
    |add_ln813_698_fu_59404_p2   |         +|   0|  0|   18|          11|          11|
    |add_ln813_699_fu_59414_p2   |         +|   0|  0|   16|          14|          14|
    |add_ln813_700_fu_59420_p2   |         +|   0|  0|   20|          13|          13|
    |add_ln813_702_fu_57000_p2   |         +|   0|  0|   17|          10|           8|
    |add_ln813_703_fu_57009_p2   |         +|   0|  0|   19|          12|          12|
    |add_ln813_704_fu_57019_p2   |         +|   0|  0|   20|          13|          13|
    |add_ln813_705_fu_57025_p2   |         +|   0|  0|   19|          12|          12|
    |add_ln813_706_fu_59442_p2   |         +|   0|  0|   16|          14|          14|
    |add_ln813_707_fu_57031_p2   |         +|   0|  0|   16|           9|           9|
    |add_ln813_708_fu_57041_p2   |         +|   0|  0|   18|          11|          11|
    |add_ln813_709_fu_59451_p2   |         +|   0|  0|   16|          14|          14|
    |add_ln813_710_fu_59457_p2   |         +|   0|  0|   19|          12|          12|
    |add_ln813_712_fu_57047_p2   |         +|   0|  0|   15|           8|           7|
    |add_ln813_713_fu_57057_p2   |         +|   0|  0|   19|          12|          12|
    |add_ln813_714_fu_57063_p2   |         +|   0|  0|   19|          12|          12|
    |add_ln813_715_fu_59469_p2   |         +|   0|  0|   20|          13|          13|
    |add_ln813_716_fu_59479_p2   |         +|   0|  0|   16|          14|          14|
    |add_ln813_717_fu_59485_p2   |         +|   0|  0|   15|           8|           8|
    |add_ln813_718_fu_59495_p2   |         +|   0|  0|   17|          10|          10|
    |r_V_438_fu_53022_p2         |         +|   0|  0|   18|          11|          11|
    |r_V_454_fu_53368_p2         |         +|   0|  0|   18|          11|          11|
    |r_V_455_fu_53388_p2         |         +|   0|  0|   18|          11|          11|
    |r_V_456_fu_53408_p2         |         +|   0|  0|   16|           9|           9|
    |r_V_470_fu_53793_p2         |         +|   0|  0|   18|          11|          11|
    |r_V_477_fu_53986_p2         |         +|   0|  0|   17|          10|          10|
    |r_V_482_fu_54113_p2         |         +|   0|  0|   18|          11|          11|
    |r_V_487_fu_54210_p2         |         +|   0|  0|   17|          10|          10|
    |r_V_490_fu_54291_p2         |         +|   0|  0|   17|          10|          10|
    |r_V_491_fu_54321_p2         |         +|   0|  0|   18|          11|          11|
    |r_V_494_fu_54382_p2         |         +|   0|  0|   17|          10|          10|
    |r_V_505_fu_54651_p2         |         +|   0|  0|   16|           9|           9|
    |r_V_507_fu_54717_p2         |         +|   0|  0|   18|          11|          11|
    |r_V_508_fu_54733_p2         |         +|   0|  0|   18|          11|          11|
    |r_V_511_fu_54814_p2         |         +|   0|  0|   16|           9|           9|
    |r_V_516_fu_54887_p2         |         +|   0|  0|   17|          10|          10|
    |r_V_520_fu_55002_p2         |         +|   0|  0|   16|           9|           9|
    |r_V_523_fu_55095_p2         |         +|   0|  0|   17|          10|          10|
    |r_V_542_fu_55392_p2         |         +|   0|  0|   18|          11|          11|
    |r_V_543_fu_55419_p2         |         +|   0|  0|   16|           9|           9|
    |r_V_554_fu_55580_p2         |         +|   0|  0|   18|          11|          11|
    |r_V_565_fu_55653_p2         |         +|   0|  0|   17|          10|          10|
    |r_V_572_fu_55714_p2         |         +|   0|  0|   16|           9|           9|
    |r_V_573_fu_55760_p2         |         +|   0|  0|   16|           9|           9|
    |r_V_576_fu_55840_p2         |         +|   0|  0|   18|          11|          11|
    |r_V_589_fu_57927_p2         |         +|   0|  0|   18|          11|          11|
    |r_V_599_fu_56039_p2         |         +|   0|  0|   17|          10|          10|
    |r_V_604_fu_56081_p2         |         +|   0|  0|   16|           9|           9|
    |r_V_613_fu_58341_p2         |         +|   0|  0|   17|          10|          10|
    |res_V_33_fu_58797_p2        |         +|   0|  0|   16|          14|          14|
    |res_V_34_fu_58832_p2        |         +|   0|  0|   16|          14|          14|
    |res_V_35_fu_58876_p2        |         +|   0|  0|   22|          15|          15|
    |res_V_36_fu_58933_p2        |         +|   0|  0|   16|          15|          15|
    |res_V_37_fu_59549_p2        |         +|   0|  0|   22|          15|          15|
    |res_V_38_fu_58495_p2        |         +|   0|  0|   16|          14|          14|
    |res_V_39_fu_58540_p2        |         +|   0|  0|   16|          15|          15|
    |res_V_40_fu_58994_p2        |         +|   0|  0|   16|          14|          14|
    |res_V_41_fu_58632_p2        |         +|   0|  0|   21|          14|          14|
    |res_V_42_fu_59018_p2        |         +|   0|  0|   16|          14|          14|
    |res_V_43_fu_59071_p2        |         +|   0|  0|   16|          15|          15|
    |res_V_44_fu_59099_p2        |         +|   0|  0|   16|          15|          15|
    |res_V_45_fu_59130_p2        |         +|   0|  0|   21|          14|          14|
    |res_V_46_fu_58468_p2        |         +|   0|  0|   16|          14|          14|
    |res_V_47_fu_59561_p2        |         +|   0|  0|   21|          14|          14|
    |res_V_48_fu_59575_p2        |         +|   0|  0|   16|          15|          15|
    |res_V_49_fu_58430_p2        |         +|   0|  0|   18|          11|          11|
    |res_V_50_fu_59272_p2        |         +|   0|  0|   17|          13|          13|
    |res_V_51_fu_58571_p2        |         +|   0|  0|   16|          14|          14|
    |res_V_52_fu_58677_p2        |         +|   0|  0|   22|          15|          15|
    |res_V_53_fu_59335_p2        |         +|   0|  0|   16|          14|          14|
    |res_V_54_fu_59373_p2        |         +|   0|  0|   22|          15|          15|
    |res_V_55_fu_59430_p2        |         +|   0|  0|   16|          14|          14|
    |res_V_56_fu_59587_p2        |         +|   0|  0|   22|          15|          15|
    |res_V_57_fu_58735_p2        |         +|   0|  0|   16|          14|          14|
    |res_V_58_fu_59505_p2        |         +|   0|  0|   16|          14|          14|
    |res_V_fu_59533_p2           |         +|   0|  0|   16|          15|          15|
    |r_V_407_fu_52377_p2         |         -|   0|  0|   17|          10|          10|
    |r_V_408_fu_52422_p2         |         -|   0|  0|   19|          12|          12|
    |r_V_409_fu_52442_p2         |         -|   0|  0|   16|           1|           9|
    |r_V_411_fu_52476_p2         |         -|   0|  0|   18|          11|          11|
    |r_V_412_fu_52500_p2         |         -|   0|  0|   19|          12|          12|
    |r_V_415_fu_52552_p2         |         -|   0|  0|   19|          12|          12|
    |r_V_416_fu_52583_p2         |         -|   0|  0|   16|           9|           9|
    |r_V_417_fu_52603_p2         |         -|   0|  0|   17|          10|          10|
    |r_V_419_fu_52629_p2         |         -|   0|  0|   17|          10|          10|
    |r_V_420_fu_52663_p2         |         -|   0|  0|   18|          11|          11|
    |r_V_421_fu_52697_p2         |         -|   0|  0|   19|          12|          12|
    |r_V_425_fu_52770_p2         |         -|   0|  0|   17|          10|          10|
    |r_V_426_fu_52803_p2         |         -|   0|  0|   18|          11|          11|
    |r_V_427_fu_52097_p2         |         -|   0|  0|   15|           1|           8|
    |r_V_428_fu_52827_p2         |         -|   0|  0|   17|          10|          10|
    |r_V_429_fu_52858_p2         |         -|   0|  0|   16|           9|           9|
    |r_V_431_fu_52903_p2         |         -|   0|  0|   19|          12|          12|
    |r_V_434_fu_52141_p2         |         -|   0|  0|   17|          10|          10|
    |r_V_435_fu_52168_p2         |         -|   0|  0|   17|           1|          10|
    |r_V_436_fu_52971_p2         |         -|   0|  0|   15|           1|           8|
    |r_V_437_fu_53002_p2         |         -|   0|  0|   18|          11|          11|
    |r_V_442_fu_53076_p2         |         -|   0|  0|   14|           1|           7|
    |r_V_444_fu_53103_p2         |         -|   0|  0|   16|           9|           9|
    |r_V_445_fu_53127_p2         |         -|   0|  0|   17|          10|          10|
    |r_V_446_fu_53151_p2         |         -|   0|  0|   16|           1|           9|
    |r_V_447_fu_53182_p2         |         -|   0|  0|   18|          11|          11|
    |r_V_450_fu_53230_p2         |         -|   0|  0|   18|          11|          11|
    |r_V_451_fu_53280_p2         |         -|   0|  0|   18|          11|          11|
    |r_V_458_fu_53442_p2         |         -|   0|  0|   16|           1|           9|
    |r_V_459_fu_53473_p2         |         -|   0|  0|   17|          10|          10|
    |r_V_460_fu_53525_p2         |         -|   0|  0|   17|          10|          10|
    |r_V_462_fu_53579_p2         |         -|   0|  0|   18|          11|          11|
    |r_V_463_fu_53609_p2         |         -|   0|  0|   19|          12|          12|
    |r_V_464_fu_53639_p2         |         -|   0|  0|   18|          11|          11|
    |r_V_467_fu_53714_p2         |         -|   0|  0|   18|          11|          11|
    |r_V_468_fu_53738_p2         |         -|   0|  0|   18|          11|          11|
    |r_V_469_fu_53766_p2         |         -|   0|  0|   17|          10|          10|
    |r_V_472_fu_53845_p2         |         -|   0|  0|   19|          12|          12|
    |r_V_473_fu_53865_p2         |         -|   0|  0|   19|          12|          12|
    |r_V_474_fu_53881_p2         |         -|   0|  0|   19|          12|          12|
    |r_V_475_fu_53920_p2         |         -|   0|  0|   18|          11|          11|
    |r_V_476_fu_53959_p2         |         -|   0|  0|   18|          11|          11|
    |r_V_479_fu_57091_p2         |         -|   0|  0|   17|          10|          10|
    |r_V_481_fu_54086_p2         |         -|   0|  0|   18|          11|          11|
    |r_V_483_fu_54144_p2         |         -|   0|  0|   18|          11|          11|
    |r_V_484_fu_54160_p2         |         -|   0|  0|   17|          10|          10|
    |r_V_485_fu_54176_p2         |         -|   0|  0|   18|          11|          11|
    |r_V_488_fu_54230_p2         |         -|   0|  0|   18|          11|          11|
    |r_V_489_fu_54275_p2         |         -|   0|  0|   19|          12|          12|
    |r_V_495_fu_54432_p2         |         -|   0|  0|   19|          12|          12|
    |r_V_496_fu_54477_p2         |         -|   0|  0|   19|          12|          12|
    |r_V_503_fu_54574_p2         |         -|   0|  0|   18|          11|          11|
    |r_V_504_fu_54631_p2         |         -|   0|  0|   17|          10|          10|
    |r_V_506_fu_54682_p2         |         -|   0|  0|   17|          10|          10|
    |r_V_509_fu_54753_p2         |         -|   0|  0|   14|           1|           7|
    |r_V_510_fu_54787_p2         |         -|   0|  0|   17|          10|          10|
    |r_V_512_fu_54849_p2         |         -|   0|  0|   15|           1|           8|
    |r_V_518_fu_54955_p2         |         -|   0|  0|   18|          11|          11|
    |r_V_519_fu_54975_p2         |         -|   0|  0|   17|          10|          10|
    |r_V_524_fu_57195_p2         |         -|   0|  0|   19|          12|          12|
    |r_V_526_fu_57218_p2         |         -|   0|  0|   18|           1|          11|
    |r_V_528_fu_57237_p2         |         -|   0|  0|   18|          11|          11|
    |r_V_529_fu_55150_p2         |         -|   0|  0|   18|          11|          11|
    |r_V_530_fu_55170_p2         |         -|   0|  0|   17|          10|          10|
    |r_V_533_fu_55196_p2         |         -|   0|  0|   14|           1|           7|
    |r_V_536_fu_55258_p2         |         -|   0|  0|   16|           9|           9|
    |r_V_538_fu_55299_p2         |         -|   0|  0|   17|          10|          10|
    |r_V_539_fu_55329_p2         |         -|   0|  0|   18|          11|          11|
    |r_V_544_fu_57301_p2         |         -|   0|  0|   19|           1|          12|
    |r_V_545_fu_57321_p2         |         -|   0|  0|   19|          12|          12|
    |r_V_546_fu_57367_p2         |         -|   0|  0|   19|          12|          12|
    |r_V_547_fu_55470_p2         |         -|   0|  0|   17|          10|          10|
    |r_V_548_fu_57387_p2         |         -|   0|  0|   17|          10|          10|
    |r_V_549_fu_55490_p2         |         -|   0|  0|   16|           9|           9|
    |r_V_550_fu_57421_p2         |         -|   0|  0|   19|          12|          12|
    |r_V_552_fu_57463_p2         |         -|   0|  0|   19|          12|          12|
    |r_V_553_fu_55538_p2         |         -|   0|  0|   16|           9|           9|
    |r_V_555_fu_57486_p2         |         -|   0|  0|   19|           1|          12|
    |r_V_557_fu_57510_p2         |         -|   0|  0|   19|          12|          12|
    |r_V_558_fu_57556_p2         |         -|   0|  0|   18|          11|          11|
    |r_V_559_fu_57576_p2         |         -|   0|  0|   18|          11|          11|
    |r_V_560_fu_57611_p2         |         -|   0|  0|   19|           1|          12|
    |r_V_566_fu_55684_p2         |         -|   0|  0|   16|           1|           9|
    |r_V_568_fu_57702_p2         |         -|   0|  0|   18|          11|          11|
    |r_V_570_fu_57726_p2         |         -|   0|  0|   18|           1|          11|
    |r_V_571_fu_57757_p2         |         -|   0|  0|   19|          12|          12|
    |r_V_575_fu_55809_p2         |         -|   0|  0|   18|          11|          11|
    |r_V_579_fu_55866_p2         |         -|   0|  0|   16|           9|           9|
    |r_V_580_fu_55914_p2         |         -|   0|  0|   18|          11|          11|
    |r_V_584_fu_55968_p2         |         -|   0|  0|   18|          11|          11|
    |r_V_586_fu_57829_p2         |         -|   0|  0|   16|           9|           9|
    |r_V_587_fu_57849_p2         |         -|   0|  0|   16|           9|           9|
    |r_V_588_fu_57884_p2         |         -|   0|  0|   19|           1|          12|
    |r_V_590_fu_57979_p2         |         -|   0|  0|   18|          11|          11|
    |r_V_591_fu_57999_p2         |         -|   0|  0|   17|          10|          10|
    |r_V_593_fu_58034_p2         |         -|   0|  0|   16|           9|           9|
    |r_V_594_fu_58058_p2         |         -|   0|  0|   18|          11|          11|
    |r_V_595_fu_58082_p2         |         -|   0|  0|   18|          11|          11|
    |r_V_596_fu_58124_p2         |         -|   0|  0|   19|          12|          12|
    |r_V_597_fu_56008_p2         |         -|   0|  0|   17|           1|          10|
    |r_V_598_fu_58151_p2         |         -|   0|  0|   16|           1|           9|
    |r_V_601_fu_58188_p2         |         -|   0|  0|   19|          12|          12|
    |r_V_605_fu_56105_p2         |         -|   0|  0|   16|           9|           9|
    |r_V_606_fu_58247_p2         |         -|   0|  0|   19|          12|          12|
    |r_V_607_fu_56136_p2         |         -|   0|  0|   18|          11|          11|
    |r_V_611_fu_58306_p2         |         -|   0|  0|   18|          11|          11|
    |r_V_612_fu_56173_p2         |         -|   0|  0|   16|           9|           9|
    |r_V_614_fu_58364_p2         |         -|   0|  0|   19|          12|          12|
    |r_V_615_fu_58384_p2         |         -|   0|  0|   18|          11|          11|
    |r_V_fu_52342_p2             |         -|   0|  0|   19|          12|          12|
    |sub_ln1273_218_fu_52687_p2  |         -|   0|  0|   18|           1|          11|
    |sub_ln1273_225_fu_52131_p2  |         -|   0|  0|   16|           1|           9|
    |sub_ln1273_241_fu_53599_p2  |         -|   0|  0|   18|           1|          11|
    |sub_ln1273_243_fu_53629_p2  |         -|   0|  0|   17|           1|          10|
    |sub_ln1273_253_fu_54027_p2  |         -|   0|  0|   16|           1|           9|
    |sub_ln1273_255_fu_54065_p2  |         -|   0|  0|   17|           1|          10|
    |sub_ln1273_263_fu_54459_p2  |         -|   0|  0|   18|           1|          11|
    |sub_ln1273_266_fu_54621_p2  |         -|   0|  0|   16|           1|           9|
    |sub_ln1273_272_fu_54934_p2  |         -|   0|  0|   17|           1|          10|
    |sub_ln1273_280_fu_55289_p2  |         -|   0|  0|   16|           1|           9|
    |sub_ln1273_282_fu_55319_p2  |         -|   0|  0|   17|           1|          10|
    |sub_ln1273_287_fu_55460_p2  |         -|   0|  0|   16|           1|           9|
    |sub_ln1273_307_fu_57958_p2  |         -|   0|  0|   17|           1|          10|
    |sub_ln1273_318_fu_56167_p2  |         -|   0|  0|   17|           1|          10|
    |sub_ln1273_fu_52412_p2      |         -|   0|  0|   18|           1|          11|
    |ap_block_state1             |        or|   0|  0|    2|           1|           1|
    |or_ln77_10_fu_59797_p2      |        or|   0|  0|  304|         304|         304|
    |or_ln77_11_fu_59875_p2      |        or|   0|  0|  509|         510|          71|
    |or_ln77_8_fu_59711_p2       |        or|   0|  0|  144|         144|         144|
    |or_ln77_9_fu_59732_p2       |        or|   0|  0|  192|         192|         192|
    |or_ln77_fu_59697_p2         |        or|   0|  0|  112|         112|         112|
    |xor_ln813_fu_59136_p2       |       xor|   0|  0|   10|           9|          10|
    +----------------------------+----------+----+---+-----+------------+------------+
    |Total                       |          |   0|  0| 8268|        5526|        5326|
    +----------------------------+----------+----+---+-----+------------+------------+

    * Multiplexer: 
    +------------------+----+-----------+-----+-----------+
    |       Name       | LUT| Input Size| Bits| Total Bits|
    +------------------+----+-----------+-----+-----------+
    |ap_NS_fsm         |  31|          6|    1|          6|
    |ap_done           |   9|          2|    1|          2|
    |layer7_out_blk_n  |   9|          2|    1|          2|
    |layer8_out_blk_n  |   9|          2|    1|          2|
    |real_start        |   9|          2|    1|          2|
    +------------------+----+-----------+-----+-----------+
    |Total             |  67|         14|    5|         14|
    +------------------+----+-----------+-----+-----------+

    * Register: 
    +---------------------------+----+----+-----+-----------+
    |            Name           | FF | LUT| Bits| Const Bits|
    +---------------------------+----+----+-----+-----------+
    |add_ln813_480_reg_60536    |  12|   0|   12|          0|
    |add_ln813_482_reg_60541    |  11|   0|   11|          0|
    |add_ln813_487_reg_60546    |  13|   0|   13|          0|
    |add_ln813_488_reg_60551    |  12|   0|   12|          0|
    |add_ln813_491_reg_60556    |  11|   0|   11|          0|
    |add_ln813_497_reg_60561    |  13|   0|   13|          0|
    |add_ln813_504_reg_60566    |  11|   0|   12|          1|
    |add_ln813_505_reg_60571    |  13|   0|   13|          0|
    |add_ln813_507_reg_60576    |   9|   0|    9|          0|
    |add_ln813_510_reg_60581    |  11|   0|   11|          0|
    |add_ln813_511_reg_60586    |  11|   0|   11|          0|
    |add_ln813_514_reg_60591    |  11|   0|   11|          0|
    |add_ln813_522_reg_60596    |  13|   0|   13|          0|
    |add_ln813_529_reg_60601    |  11|   0|   11|          0|
    |add_ln813_532_reg_60606    |  11|   0|   11|          0|
    |add_ln813_539_reg_60611    |  13|   0|   13|          0|
    |add_ln813_541_reg_60616    |  12|   0|   12|          0|
    |add_ln813_542_reg_60876    |  14|   0|   14|          0|
    |add_ln813_544_reg_60881    |  11|   0|   11|          0|
    |add_ln813_549_reg_60621    |  12|   0|   12|          0|
    |add_ln813_552_reg_60626    |   8|   0|    8|          0|
    |add_ln813_559_reg_60631    |  11|   0|   11|          0|
    |add_ln813_561_reg_60311    |  10|   0|   10|          0|
    |add_ln813_564_reg_60636    |  14|   0|   14|          0|
    |add_ln813_565_reg_60641    |  10|   0|   10|          0|
    |add_ln813_572_reg_60646    |  13|   0|   13|          0|
    |add_ln813_576_reg_60651    |  11|   0|   11|          0|
    |add_ln813_581_reg_60656    |  11|   0|   11|          0|
    |add_ln813_584_reg_60661    |  12|   0|   12|          0|
    |add_ln813_586_reg_60666    |  13|   0|   13|          0|
    |add_ln813_590_reg_60671    |  10|   0|   10|          0|
    |add_ln813_591_reg_60906    |  14|   0|   14|          0|
    |add_ln813_592_reg_60911    |  12|   0|   12|          0|
    |add_ln813_595_reg_60676    |  13|   0|   13|          0|
    |add_ln813_598_reg_60681    |  12|   0|   12|          0|
    |add_ln813_603_reg_60686    |  13|   0|   13|          0|
    |add_ln813_606_reg_60691    |  10|   0|   10|          0|
    |add_ln813_611_reg_60696    |  13|   0|   13|          0|
    |add_ln813_613_reg_60701    |  10|   0|   10|          0|
    |add_ln813_620_reg_60316    |   9|   0|    9|          0|
    |add_ln813_621_reg_60706    |  11|   0|   11|          0|
    |add_ln813_624_reg_60321    |  10|   0|   10|          0|
    |add_ln813_627_reg_60711    |  14|   0|   14|          0|
    |add_ln813_631_reg_60716    |  12|   0|   12|          0|
    |add_ln813_635_reg_60721    |  12|   0|   12|          0|
    |add_ln813_637_reg_60726    |  10|   0|   10|          0|
    |add_ln813_641_reg_60731    |  12|   0|   12|          0|
    |add_ln813_643_reg_60736    |  11|   0|   11|          0|
    |add_ln813_646_reg_60941    |  13|   0|   13|          0|
    |add_ln813_648_reg_60946    |  12|   0|   12|          0|
    |add_ln813_653_reg_60741    |  12|   0|   12|          0|
    |add_ln813_656_reg_60746    |  12|   0|   12|          0|
    |add_ln813_659_reg_60951    |  15|   0|   15|          0|
    |add_ln813_661_reg_60751    |   9|   0|    9|          0|
    |add_ln813_662_reg_60956    |  12|   0|   12|          0|
    |add_ln813_666_reg_60756    |  12|   0|   12|          0|
    |add_ln813_667_reg_60761    |  12|   0|   12|          0|
    |add_ln813_674_reg_60766    |  12|   0|   12|          0|
    |add_ln813_675_reg_60771    |  11|   0|   11|          0|
    |add_ln813_683_reg_60776    |  10|   0|   10|          0|
    |add_ln813_686_reg_60781    |  13|   0|   13|          0|
    |add_ln813_688_reg_60786    |  11|   0|   11|          0|
    |add_ln813_693_reg_60791    |  12|   0|   12|          0|
    |add_ln813_694_reg_60796    |  12|   0|   12|          0|
    |add_ln813_697_reg_60801    |  10|   0|   10|          0|
    |add_ln813_704_reg_60806    |  13|   0|   13|          0|
    |add_ln813_705_reg_60811    |  12|   0|   12|          0|
    |add_ln813_708_reg_60816    |  11|   0|   11|          0|
    |add_ln813_709_reg_60981    |  14|   0|   14|          0|
    |add_ln813_710_reg_60986    |  12|   0|   12|          0|
    |add_ln813_713_reg_60821    |  12|   0|   12|          0|
    |add_ln813_714_reg_60826    |  12|   0|   12|          0|
    |ap_CS_fsm                  |   5|   0|    5|          0|
    |ap_done_reg                |   1|   0|    1|          0|
    |data_V_123_reg_59917       |   6|   0|    6|          0|
    |data_V_124_reg_59929       |   6|   0|    6|          0|
    |data_V_125_reg_59941       |   6|   0|    6|          0|
    |data_V_126_reg_59951       |   6|   0|    6|          0|
    |data_V_127_reg_59963       |   6|   0|    6|          0|
    |data_V_128_reg_59970       |   6|   0|    6|          0|
    |data_V_129_reg_59982       |   6|   0|    6|          0|
    |data_V_130_reg_59992       |   6|   0|    6|          0|
    |data_V_131_reg_60003       |   6|   0|    6|          0|
    |data_V_132_reg_60013       |   6|   0|    6|          0|
    |data_V_133_reg_60023       |   6|   0|    6|          0|
    |data_V_134_reg_60032       |   6|   0|    6|          0|
    |data_V_135_reg_60043       |   6|   0|    6|          0|
    |data_V_136_reg_60054       |   6|   0|    6|          0|
    |data_V_137_reg_60063       |   6|   0|    6|          0|
    |data_V_138_reg_60073       |   6|   0|    6|          0|
    |data_V_139_reg_60079       |   6|   0|    6|          0|
    |data_V_140_reg_60092       |   6|   0|    6|          0|
    |data_V_141_reg_60102       |   6|   0|    6|          0|
    |data_V_142_reg_60113       |   6|   0|    6|          0|
    |data_V_143_reg_60123       |   6|   0|    6|          0|
    |data_V_144_reg_60134       |   6|   0|    6|          0|
    |data_V_145_reg_60144       |   6|   0|    6|          0|
    |data_V_146_reg_60156       |   6|   0|    6|          0|
    |data_V_147_reg_60167       |   6|   0|    6|          0|
    |data_V_148_reg_60178       |   6|   0|    6|          0|
    |data_V_reg_59904           |   6|   0|    6|          0|
    |mult_V_176_reg_60243       |  10|   0|   10|          0|
    |mult_V_192_reg_60281       |  10|   0|   10|          0|
    |mult_V_194_reg_60286       |  10|   0|   10|          0|
    |mult_V_195_reg_60291       |  10|   0|   10|          0|
    |mult_V_207_reg_60195       |   5|   0|    5|          0|
    |mult_V_210_reg_60337       |  11|   0|   11|          0|
    |mult_V_217_reg_60377       |   9|   0|   11|          2|
    |mult_V_223_reg_60382       |   9|   0|   11|          2|
    |mult_V_231_reg_60387       |  10|   0|   10|          0|
    |mult_V_233_reg_60397       |   9|   0|    9|          0|
    |mult_V_238_reg_60402       |  10|   0|   10|          0|
    |mult_V_239_reg_60200       |   5|   0|    5|          0|
    |mult_V_243_reg_60412       |   6|   0|    7|          1|
    |mult_V_246_reg_60418       |  10|   0|   10|          0|
    |mult_V_247_reg_60434       |  11|   0|   11|          0|
    |mult_V_262_reg_60205       |   5|   0|    5|          0|
    |mult_V_275_reg_60475       |  10|   0|   10|          0|
    |mult_V_276_reg_60481       |  11|   0|   11|          0|
    |mult_V_278_reg_60491       |  11|   0|   11|          0|
    |mult_V_279_reg_60496       |  10|   0|   10|          0|
    |mult_V_280_reg_60210       |   5|   0|    5|          0|
    |mult_V_281_reg_60506       |  10|   0|   10|          0|
    |mult_V_285_reg_60216       |   5|   0|    5|          0|
    |mult_V_286_reg_60831       |   9|   0|   11|          2|
    |mult_V_287_reg_60516       |   6|   0|    7|          1|
    |mult_V_s_reg_60190         |   5|   0|    5|          0|
    |r_V_602_reg_60511          |   6|   0|    9|          3|
    |res_V_33_reg_60886         |  14|   0|   14|          0|
    |res_V_34_reg_60891         |  14|   0|   14|          0|
    |res_V_35_reg_60896         |  15|   0|   15|          0|
    |res_V_36_reg_60901         |  15|   0|   15|          0|
    |res_V_38_reg_60846         |  14|   0|   14|          0|
    |res_V_39_reg_60851         |  15|   0|   15|          0|
    |res_V_40_reg_60916         |  14|   0|   14|          0|
    |res_V_41_reg_60861         |  14|   0|   14|          0|
    |res_V_42_reg_60921         |  14|   0|   14|          0|
    |res_V_43_reg_60926         |  15|   0|   15|          0|
    |res_V_44_reg_60931         |  15|   0|   15|          0|
    |res_V_45_reg_60936         |  14|   0|   14|          0|
    |res_V_46_reg_60841         |  14|   0|   14|          0|
    |res_V_49_reg_60836         |  11|   0|   11|          0|
    |res_V_50_reg_60961         |  13|   0|   13|          0|
    |res_V_51_reg_60856         |  14|   0|   14|          0|
    |res_V_52_reg_60866         |  15|   0|   15|          0|
    |res_V_53_reg_60966         |  14|   0|   14|          0|
    |res_V_54_reg_60971         |  15|   0|   15|          0|
    |res_V_55_reg_60976         |  14|   0|   14|          0|
    |res_V_57_reg_60871         |  14|   0|   14|          0|
    |res_V_58_reg_60991         |  14|   0|   14|          0|
    |shl_ln1273_166_reg_60264   |   6|   0|    7|          1|
    |shl_ln1273_169_reg_60271   |   6|   0|    8|          2|
    |shl_ln1273_209_reg_60444   |   6|   0|    8|          2|
    |shl_ln1273_218_reg_60459   |   6|   0|    7|          1|
    |start_once_reg             |   1|   0|    1|          0|
    |sub_ln1273_253_reg_60352   |   7|   0|    9|          2|
    |sub_ln1273_318_reg_60526   |   7|   0|   10|          3|
    |trunc_ln1273_s_reg_60230   |   6|   0|    6|          0|
    |trunc_ln17_3_reg_60306     |   9|   0|    9|          0|
    |trunc_ln4_reg_60259        |  10|   0|   10|          0|
    |trunc_ln5_reg_60221        |   6|   0|    6|          0|
    |trunc_ln818_200_reg_60254  |  10|   0|   10|          0|
    |trunc_ln818_206_reg_60276  |   9|   0|    9|          0|
    |trunc_ln818_215_reg_60296  |  10|   0|   10|          0|
    |trunc_ln818_222_reg_60326  |  10|   0|   10|          0|
    |trunc_ln818_226_reg_60331  |  10|   0|   10|          0|
    |trunc_ln818_228_reg_60347  |  10|   0|   10|          0|
    |trunc_ln818_230_reg_60357  |  10|   0|   10|          0|
    |trunc_ln818_231_reg_60362  |   9|   0|   10|          1|
    |trunc_ln818_232_reg_60367  |   9|   0|    9|          0|
    |trunc_ln818_234_reg_60372  |  10|   0|   10|          0|
    |trunc_ln818_239_reg_60392  |   6|   0|    6|          0|
    |trunc_ln818_242_reg_60407  |   9|   0|    9|          0|
    |trunc_ln818_247_reg_60429  |   9|   0|    9|          0|
    |trunc_ln818_249_reg_60439  |   8|   0|    8|          0|
    |trunc_ln818_254_reg_60454  |   8|   0|    8|          0|
    |trunc_ln818_258_reg_60470  |   7|   0|    8|          1|
    |trunc_ln818_263_reg_60486  |   8|   0|    8|          0|
    |trunc_ln818_266_reg_60501  |  10|   0|   10|          0|
    |trunc_ln818_281_reg_60531  |   8|   0|    8|          0|
    |zext_ln1273_431_reg_60248  |   6|   0|   10|          4|
    |zext_ln1273_488_reg_60342  |   6|   0|   10|          4|
    |zext_ln1273_501_reg_60301  |   6|   0|   10|          4|
    |zext_ln1273_545_reg_60423  |   6|   0|   11|          5|
    |zext_ln1273_556_reg_60449  |   6|   0|   10|          4|
    |zext_ln1273_624_reg_60521  |   6|   0|   10|          4|
    |zext_ln1273_89_reg_60464   |   6|   0|   12|          6|
    +---------------------------+----+----+-----+-----------+
    |Total                      |1831|   0| 1887|         56|
    +---------------------------+----+----+-----+-----------+



================================================================
== Interface
================================================================
* Summary: 
+---------------------------+-----+-----+------------+---------------------------------------------------------------------+--------------+
|         RTL Ports         | Dir | Bits|  Protocol  |                            Source Object                            |    C Type    |
+---------------------------+-----+-----+------------+---------------------------------------------------------------------+--------------+
|ap_clk                     |   in|    1|  ap_ctrl_hs|  dense<array<ap_ufixed,32u>,array<ap_fixed<16,6,5,3,0>,32u>,config8>|  return value|
|ap_rst                     |   in|    1|  ap_ctrl_hs|  dense<array<ap_ufixed,32u>,array<ap_fixed<16,6,5,3,0>,32u>,config8>|  return value|
|ap_start                   |   in|    1|  ap_ctrl_hs|  dense<array<ap_ufixed,32u>,array<ap_fixed<16,6,5,3,0>,32u>,config8>|  return value|
|start_full_n               |   in|    1|  ap_ctrl_hs|  dense<array<ap_ufixed,32u>,array<ap_fixed<16,6,5,3,0>,32u>,config8>|  return value|
|ap_done                    |  out|    1|  ap_ctrl_hs|  dense<array<ap_ufixed,32u>,array<ap_fixed<16,6,5,3,0>,32u>,config8>|  return value|
|ap_continue                |   in|    1|  ap_ctrl_hs|  dense<array<ap_ufixed,32u>,array<ap_fixed<16,6,5,3,0>,32u>,config8>|  return value|
|ap_idle                    |  out|    1|  ap_ctrl_hs|  dense<array<ap_ufixed,32u>,array<ap_fixed<16,6,5,3,0>,32u>,config8>|  return value|
|ap_ready                   |  out|    1|  ap_ctrl_hs|  dense<array<ap_ufixed,32u>,array<ap_fixed<16,6,5,3,0>,32u>,config8>|  return value|
|start_out                  |  out|    1|  ap_ctrl_hs|  dense<array<ap_ufixed,32u>,array<ap_fixed<16,6,5,3,0>,32u>,config8>|  return value|
|start_write                |  out|    1|  ap_ctrl_hs|  dense<array<ap_ufixed,32u>,array<ap_fixed<16,6,5,3,0>,32u>,config8>|  return value|
|layer7_out_dout            |   in|  192|     ap_fifo|                                                           layer7_out|       pointer|
|layer7_out_num_data_valid  |   in|    2|     ap_fifo|                                                           layer7_out|       pointer|
|layer7_out_fifo_cap        |   in|    2|     ap_fifo|                                                           layer7_out|       pointer|
|layer7_out_empty_n         |   in|    1|     ap_fifo|                                                           layer7_out|       pointer|
|layer7_out_read            |  out|    1|     ap_fifo|                                                           layer7_out|       pointer|
|layer8_out_din             |  out|  512|     ap_fifo|                                                           layer8_out|       pointer|
|layer8_out_num_data_valid  |   in|    2|     ap_fifo|                                                           layer8_out|       pointer|
|layer8_out_fifo_cap        |   in|    2|     ap_fifo|                                                           layer8_out|       pointer|
|layer8_out_full_n          |   in|    1|     ap_fifo|                                                           layer8_out|       pointer|
|layer8_out_write           |  out|    1|     ap_fifo|                                                           layer8_out|       pointer|
+---------------------------+-----+-----+------------+---------------------------------------------------------------------+--------------+

