

================================================================
== Vitis HLS Report for 'dense_array_array_ap_fixed_16_6_5_3_0_42u_config15_Pipeline_DataPrepare'
================================================================
* Date:           Fri Mar  8 19:13:55 2024

* Version:        2022.2 (Build 3670227 on Oct 13 2022)
* Project:        alveo_hls4ml
* Solution:       solution (Vitis Kernel Flow Target)
* Product family: virtexuplus
* Target device:  xcu55c-fsvh2892-2L-e


================================================================
== Performance Estimates
================================================================
+ Timing: 
    * Summary: 
    +--------+---------+----------+------------+
    |  Clock |  Target | Estimated| Uncertainty|
    +--------+---------+----------+------------+
    |ap_clk  |  3.33 ns|  1.206 ns|     0.90 ns|
    +--------+---------+----------+------------+

+ Latency: 
    * Summary: 
    +---------+---------+-----------+-----------+-----+-----+---------+
    |  Latency (cycles) |   Latency (absolute)  |  Interval | Pipeline|
    |   min   |   max   |    min    |    max    | min | max |   Type  |
    +---------+---------+-----------+-----------+-----+-----+---------+
    |        6|        6|  19.998 ns|  19.998 ns|    6|    6|       no|
    +---------+---------+-----------+-----------+-----+-----+---------+

    + Detail: 
        * Instance: 
        N/A

        * Loop: 
        +---------------+---------+---------+----------+-----------+-----------+------+----------+
        |               |  Latency (cycles) | Iteration|  Initiation Interval  | Trip |          |
        |   Loop Name   |   min   |   max   |  Latency |  achieved |   target  | Count| Pipelined|
        +---------------+---------+---------+----------+-----------+-----------+------+----------+
        |- DataPrepare  |        4|        4|         2|          1|          1|     4|       yes|
        +---------------+---------+---------+----------+-----------+-----------+------+----------+



================================================================
== Utilization Estimates
================================================================
* Summary: 
+---------------------+---------+------+---------+---------+-----+
|         Name        | BRAM_18K|  DSP |    FF   |   LUT   | URAM|
+---------------------+---------+------+---------+---------+-----+
|DSP                  |        -|     -|        -|        -|    -|
|Expression           |        -|     -|        0|       23|    -|
|FIFO                 |        -|     -|        -|        -|    -|
|Instance             |        -|     -|        -|        -|    -|
|Memory               |        -|     -|        -|        -|    -|
|Multiplexer          |        -|     -|        -|       45|    -|
|Register             |        -|     -|     1528|        -|    -|
+---------------------+---------+------+---------+---------+-----+
|Total                |        0|     0|     1528|       68|    0|
+---------------------+---------+------+---------+---------+-----+
|Available SLR        |     1344|  3008|   869120|   434560|  320|
+---------------------+---------+------+---------+---------+-----+
|Utilization SLR (%)  |        0|     0|       ~0|       ~0|    0|
+---------------------+---------+------+---------+---------+-----+
|Available            |     4032|  9024|  2607360|  1303680|  960|
+---------------------+---------+------+---------+---------+-----+
|Utilization (%)      |        0|     0|       ~0|       ~0|    0|
+---------------------+---------+------+---------+---------+-----+

+ Detail: 
    * Instance: 
    N/A

    * DSP: 
    N/A

    * Memory: 
    N/A

    * FIFO: 
    N/A

    * Expression: 
    +---------------------------+----------+----+---+----+------------+------------+
    |       Variable Name       | Operation| DSP| FF| LUT| Bitwidth P0| Bitwidth P1|
    +---------------------------+----------+----+---+----+------------+------------+
    |add_ln33_fu_1393_p2        |         +|   0|  0|  10|           3|           1|
    |ap_block_pp0_stage0_01001  |       and|   0|  0|   2|           1|           1|
    |icmp_ln33_fu_1387_p2       |      icmp|   0|  0|   9|           3|           4|
    |ap_enable_pp0              |       xor|   0|  0|   2|           1|           2|
    +---------------------------+----------+----+---+----+------------+------------+
    |Total                      |          |   0|  0|  23|           8|           8|
    +---------------------------+----------+----+---+----+------------+------------+

    * Multiplexer: 
    +-------------------------+----+-----------+-----+-----------+
    |           Name          | LUT| Input Size| Bits| Total Bits|
    +-------------------------+----+-----------+-----+-----------+
    |ap_done_int              |   9|          2|    1|          2|
    |ap_enable_reg_pp0_iter1  |   9|          2|    1|          2|
    |ap_sig_allocacmp_i_in_1  |   9|          2|    3|          6|
    |i_in_fu_324              |   9|          2|    3|          6|
    |layer13_out_blk_n        |   9|          2|    1|          2|
    +-------------------------+----+-----------+-----+-----------+
    |Total                    |  45|         10|    9|         18|
    +-------------------------+----+-----------+-----+-----------+

    * Register: 
    +-------------------------+----+----+-----+-----------+
    |           Name          | FF | LUT| Bits| Const Bits|
    +-------------------------+----+----+-----+-----------+
    |ap_CS_fsm                |   1|   0|    1|          0|
    |ap_done_reg              |   1|   0|    1|          0|
    |ap_enable_reg_pp0_iter1  |   1|   0|    1|          0|
    |data_V_163_fu_392        |  16|   0|   16|          0|
    |data_V_164_fu_488        |  16|   0|   16|          0|
    |data_V_165_fu_584        |  16|   0|   16|          0|
    |data_V_296_fu_328        |  16|   0|   16|          0|
    |data_V_297_fu_332        |  16|   0|   16|          0|
    |data_V_298_fu_336        |  16|   0|   16|          0|
    |data_V_299_fu_340        |  16|   0|   16|          0|
    |data_V_300_fu_344        |  16|   0|   16|          0|
    |data_V_301_fu_348        |  16|   0|   16|          0|
    |data_V_302_fu_352        |  16|   0|   16|          0|
    |data_V_303_fu_356        |  16|   0|   16|          0|
    |data_V_304_fu_360        |  16|   0|   16|          0|
    |data_V_305_fu_364        |  16|   0|   16|          0|
    |data_V_306_fu_368        |  16|   0|   16|          0|
    |data_V_307_fu_372        |  16|   0|   16|          0|
    |data_V_308_fu_376        |  16|   0|   16|          0|
    |data_V_309_fu_380        |  16|   0|   16|          0|
    |data_V_310_fu_384        |  16|   0|   16|          0|
    |data_V_311_fu_388        |  16|   0|   16|          0|
    |data_V_313_fu_396        |  16|   0|   16|          0|
    |data_V_314_fu_400        |  16|   0|   16|          0|
    |data_V_315_fu_404        |  16|   0|   16|          0|
    |data_V_316_fu_408        |  16|   0|   16|          0|
    |data_V_317_fu_412        |  16|   0|   16|          0|
    |data_V_318_fu_416        |  16|   0|   16|          0|
    |data_V_319_fu_420        |  16|   0|   16|          0|
    |data_V_320_fu_424        |  16|   0|   16|          0|
    |data_V_321_fu_428        |  16|   0|   16|          0|
    |data_V_322_fu_432        |  16|   0|   16|          0|
    |data_V_323_fu_436        |  16|   0|   16|          0|
    |data_V_324_fu_440        |  16|   0|   16|          0|
    |data_V_325_fu_444        |  16|   0|   16|          0|
    |data_V_326_fu_448        |  16|   0|   16|          0|
    |data_V_327_fu_452        |  16|   0|   16|          0|
    |data_V_328_fu_456        |  16|   0|   16|          0|
    |data_V_329_fu_460        |  16|   0|   16|          0|
    |data_V_330_fu_464        |  16|   0|   16|          0|
    |data_V_331_fu_468        |  16|   0|   16|          0|
    |data_V_332_fu_472        |  16|   0|   16|          0|
    |data_V_333_fu_476        |  16|   0|   16|          0|
    |data_V_334_fu_480        |  16|   0|   16|          0|
    |data_V_335_fu_484        |  16|   0|   16|          0|
    |data_V_337_fu_492        |  16|   0|   16|          0|
    |data_V_338_fu_496        |  16|   0|   16|          0|
    |data_V_339_fu_500        |  16|   0|   16|          0|
    |data_V_340_fu_504        |  16|   0|   16|          0|
    |data_V_341_fu_508        |  16|   0|   16|          0|
    |data_V_342_fu_512        |  16|   0|   16|          0|
    |data_V_343_fu_516        |  16|   0|   16|          0|
    |data_V_344_fu_520        |  16|   0|   16|          0|
    |data_V_345_fu_524        |  16|   0|   16|          0|
    |data_V_346_fu_528        |  16|   0|   16|          0|
    |data_V_347_fu_532        |  16|   0|   16|          0|
    |data_V_348_fu_536        |  16|   0|   16|          0|
    |data_V_349_fu_540        |  16|   0|   16|          0|
    |data_V_350_fu_544        |  16|   0|   16|          0|
    |data_V_351_fu_548        |  16|   0|   16|          0|
    |data_V_352_fu_552        |  16|   0|   16|          0|
    |data_V_353_fu_556        |  16|   0|   16|          0|
    |data_V_354_fu_560        |  16|   0|   16|          0|
    |data_V_355_fu_564        |  16|   0|   16|          0|
    |data_V_356_fu_568        |  16|   0|   16|          0|
    |data_V_357_fu_572        |  16|   0|   16|          0|
    |data_V_358_fu_576        |  16|   0|   16|          0|
    |data_V_359_fu_580        |  16|   0|   16|          0|
    |data_V_361_fu_588        |  16|   0|   16|          0|
    |data_V_362_fu_592        |  16|   0|   16|          0|
    |data_V_363_fu_596        |  16|   0|   16|          0|
    |data_V_364_fu_600        |  16|   0|   16|          0|
    |data_V_365_fu_604        |  16|   0|   16|          0|
    |data_V_366_fu_608        |  16|   0|   16|          0|
    |data_V_367_fu_612        |  16|   0|   16|          0|
    |data_V_368_fu_616        |  16|   0|   16|          0|
    |data_V_369_fu_620        |  16|   0|   16|          0|
    |data_V_370_fu_624        |  16|   0|   16|          0|
    |data_V_371_fu_628        |  16|   0|   16|          0|
    |data_V_372_fu_632        |  16|   0|   16|          0|
    |data_V_373_fu_636        |  16|   0|   16|          0|
    |data_V_374_fu_640        |  16|   0|   16|          0|
    |data_V_375_fu_644        |  16|   0|   16|          0|
    |data_V_376_fu_648        |  16|   0|   16|          0|
    |data_V_377_fu_652        |  16|   0|   16|          0|
    |data_V_378_fu_656        |  16|   0|   16|          0|
    |data_V_379_fu_660        |  16|   0|   16|          0|
    |data_V_380_fu_664        |  16|   0|   16|          0|
    |data_V_381_fu_668        |  16|   0|   16|          0|
    |data_V_382_fu_672        |  16|   0|   16|          0|
    |data_V_383_fu_676        |  16|   0|   16|          0|
    |data_V_384_fu_680        |  16|   0|   16|          0|
    |data_V_385_fu_684        |  16|   0|   16|          0|
    |data_V_386_fu_688        |  16|   0|   16|          0|
    |data_V_387_fu_692        |  16|   0|   16|          0|
    |data_V_388_fu_696        |  16|   0|   16|          0|
    |data_V_389_fu_700        |  16|   0|   16|          0|
    |data_V_390_fu_704        |  16|   0|   16|          0|
    |i_in_fu_324              |   3|   0|    3|          0|
    |trunc_ln39_reg_3077      |   2|   0|    2|          0|
    +-------------------------+----+----+-----+-----------+
    |Total                    |1528|   0| 1528|          0|
    +-------------------------+----+----+-----+-----------+



================================================================
== Interface
================================================================
* Summary: 
+----------------------------+-----+-----+------------+----------------------------------------------------------------------------+--------------+
|          RTL Ports         | Dir | Bits|  Protocol  |                                Source Object                               |    C Type    |
+----------------------------+-----+-----+------------+----------------------------------------------------------------------------+--------------+
|ap_clk                      |   in|    1|  ap_ctrl_hs|  dense<array,array<ap_fixed<16,6,5,3,0>,42u>,config15>_Pipeline_DataPrepare|  return value|
|ap_rst                      |   in|    1|  ap_ctrl_hs|  dense<array,array<ap_fixed<16,6,5,3,0>,42u>,config15>_Pipeline_DataPrepare|  return value|
|ap_start                    |   in|    1|  ap_ctrl_hs|  dense<array,array<ap_fixed<16,6,5,3,0>,42u>,config15>_Pipeline_DataPrepare|  return value|
|ap_done                     |  out|    1|  ap_ctrl_hs|  dense<array,array<ap_fixed<16,6,5,3,0>,42u>,config15>_Pipeline_DataPrepare|  return value|
|ap_idle                     |  out|    1|  ap_ctrl_hs|  dense<array,array<ap_fixed<16,6,5,3,0>,42u>,config15>_Pipeline_DataPrepare|  return value|
|ap_ready                    |  out|    1|  ap_ctrl_hs|  dense<array,array<ap_fixed<16,6,5,3,0>,42u>,config15>_Pipeline_DataPrepare|  return value|
|layer13_out_dout            |   in|  384|     ap_fifo|                                                                 layer13_out|       pointer|
|layer13_out_num_data_valid  |   in|    3|     ap_fifo|                                                                 layer13_out|       pointer|
|layer13_out_fifo_cap        |   in|    3|     ap_fifo|                                                                 layer13_out|       pointer|
|layer13_out_empty_n         |   in|    1|     ap_fifo|                                                                 layer13_out|       pointer|
|layer13_out_read            |  out|    1|     ap_fifo|                                                                 layer13_out|       pointer|
|data_V_390_out              |  out|   16|      ap_vld|                                                              data_V_390_out|       pointer|
|data_V_390_out_ap_vld       |  out|    1|      ap_vld|                                                              data_V_390_out|       pointer|
|data_V_389_out              |  out|   16|      ap_vld|                                                              data_V_389_out|       pointer|
|data_V_389_out_ap_vld       |  out|    1|      ap_vld|                                                              data_V_389_out|       pointer|
|data_V_388_out              |  out|   16|      ap_vld|                                                              data_V_388_out|       pointer|
|data_V_388_out_ap_vld       |  out|    1|      ap_vld|                                                              data_V_388_out|       pointer|
|data_V_387_out              |  out|   16|      ap_vld|                                                              data_V_387_out|       pointer|
|data_V_387_out_ap_vld       |  out|    1|      ap_vld|                                                              data_V_387_out|       pointer|
|data_V_386_out              |  out|   16|      ap_vld|                                                              data_V_386_out|       pointer|
|data_V_386_out_ap_vld       |  out|    1|      ap_vld|                                                              data_V_386_out|       pointer|
|data_V_385_out              |  out|   16|      ap_vld|                                                              data_V_385_out|       pointer|
|data_V_385_out_ap_vld       |  out|    1|      ap_vld|                                                              data_V_385_out|       pointer|
|data_V_384_out              |  out|   16|      ap_vld|                                                              data_V_384_out|       pointer|
|data_V_384_out_ap_vld       |  out|    1|      ap_vld|                                                              data_V_384_out|       pointer|
|data_V_383_out              |  out|   16|      ap_vld|                                                              data_V_383_out|       pointer|
|data_V_383_out_ap_vld       |  out|    1|      ap_vld|                                                              data_V_383_out|       pointer|
|data_V_382_out              |  out|   16|      ap_vld|                                                              data_V_382_out|       pointer|
|data_V_382_out_ap_vld       |  out|    1|      ap_vld|                                                              data_V_382_out|       pointer|
|data_V_381_out              |  out|   16|      ap_vld|                                                              data_V_381_out|       pointer|
|data_V_381_out_ap_vld       |  out|    1|      ap_vld|                                                              data_V_381_out|       pointer|
|data_V_380_out              |  out|   16|      ap_vld|                                                              data_V_380_out|       pointer|
|data_V_380_out_ap_vld       |  out|    1|      ap_vld|                                                              data_V_380_out|       pointer|
|data_V_379_out              |  out|   16|      ap_vld|                                                              data_V_379_out|       pointer|
|data_V_379_out_ap_vld       |  out|    1|      ap_vld|                                                              data_V_379_out|       pointer|
|data_V_378_out              |  out|   16|      ap_vld|                                                              data_V_378_out|       pointer|
|data_V_378_out_ap_vld       |  out|    1|      ap_vld|                                                              data_V_378_out|       pointer|
|data_V_377_out              |  out|   16|      ap_vld|                                                              data_V_377_out|       pointer|
|data_V_377_out_ap_vld       |  out|    1|      ap_vld|                                                              data_V_377_out|       pointer|
|data_V_376_out              |  out|   16|      ap_vld|                                                              data_V_376_out|       pointer|
|data_V_376_out_ap_vld       |  out|    1|      ap_vld|                                                              data_V_376_out|       pointer|
|data_V_375_out              |  out|   16|      ap_vld|                                                              data_V_375_out|       pointer|
|data_V_375_out_ap_vld       |  out|    1|      ap_vld|                                                              data_V_375_out|       pointer|
|data_V_374_out              |  out|   16|      ap_vld|                                                              data_V_374_out|       pointer|
|data_V_374_out_ap_vld       |  out|    1|      ap_vld|                                                              data_V_374_out|       pointer|
|data_V_373_out              |  out|   16|      ap_vld|                                                              data_V_373_out|       pointer|
|data_V_373_out_ap_vld       |  out|    1|      ap_vld|                                                              data_V_373_out|       pointer|
|data_V_372_out              |  out|   16|      ap_vld|                                                              data_V_372_out|       pointer|
|data_V_372_out_ap_vld       |  out|    1|      ap_vld|                                                              data_V_372_out|       pointer|
|data_V_371_out              |  out|   16|      ap_vld|                                                              data_V_371_out|       pointer|
|data_V_371_out_ap_vld       |  out|    1|      ap_vld|                                                              data_V_371_out|       pointer|
|data_V_370_out              |  out|   16|      ap_vld|                                                              data_V_370_out|       pointer|
|data_V_370_out_ap_vld       |  out|    1|      ap_vld|                                                              data_V_370_out|       pointer|
|data_V_369_out              |  out|   16|      ap_vld|                                                              data_V_369_out|       pointer|
|data_V_369_out_ap_vld       |  out|    1|      ap_vld|                                                              data_V_369_out|       pointer|
|data_V_368_out              |  out|   16|      ap_vld|                                                              data_V_368_out|       pointer|
|data_V_368_out_ap_vld       |  out|    1|      ap_vld|                                                              data_V_368_out|       pointer|
|data_V_367_out              |  out|   16|      ap_vld|                                                              data_V_367_out|       pointer|
|data_V_367_out_ap_vld       |  out|    1|      ap_vld|                                                              data_V_367_out|       pointer|
|data_V_366_out              |  out|   16|      ap_vld|                                                              data_V_366_out|       pointer|
|data_V_366_out_ap_vld       |  out|    1|      ap_vld|                                                              data_V_366_out|       pointer|
|data_V_365_out              |  out|   16|      ap_vld|                                                              data_V_365_out|       pointer|
|data_V_365_out_ap_vld       |  out|    1|      ap_vld|                                                              data_V_365_out|       pointer|
|data_V_364_out              |  out|   16|      ap_vld|                                                              data_V_364_out|       pointer|
|data_V_364_out_ap_vld       |  out|    1|      ap_vld|                                                              data_V_364_out|       pointer|
|data_V_363_out              |  out|   16|      ap_vld|                                                              data_V_363_out|       pointer|
|data_V_363_out_ap_vld       |  out|    1|      ap_vld|                                                              data_V_363_out|       pointer|
|data_V_362_out              |  out|   16|      ap_vld|                                                              data_V_362_out|       pointer|
|data_V_362_out_ap_vld       |  out|    1|      ap_vld|                                                              data_V_362_out|       pointer|
|data_V_361_out              |  out|   16|      ap_vld|                                                              data_V_361_out|       pointer|
|data_V_361_out_ap_vld       |  out|    1|      ap_vld|                                                              data_V_361_out|       pointer|
|data_V_360_out              |  out|   16|      ap_vld|                                                              data_V_360_out|       pointer|
|data_V_360_out_ap_vld       |  out|    1|      ap_vld|                                                              data_V_360_out|       pointer|
|data_V_359_out              |  out|   16|      ap_vld|                                                              data_V_359_out|       pointer|
|data_V_359_out_ap_vld       |  out|    1|      ap_vld|                                                              data_V_359_out|       pointer|
|data_V_358_out              |  out|   16|      ap_vld|                                                              data_V_358_out|       pointer|
|data_V_358_out_ap_vld       |  out|    1|      ap_vld|                                                              data_V_358_out|       pointer|
|data_V_357_out              |  out|   16|      ap_vld|                                                              data_V_357_out|       pointer|
|data_V_357_out_ap_vld       |  out|    1|      ap_vld|                                                              data_V_357_out|       pointer|
|data_V_356_out              |  out|   16|      ap_vld|                                                              data_V_356_out|       pointer|
|data_V_356_out_ap_vld       |  out|    1|      ap_vld|                                                              data_V_356_out|       pointer|
|data_V_355_out              |  out|   16|      ap_vld|                                                              data_V_355_out|       pointer|
|data_V_355_out_ap_vld       |  out|    1|      ap_vld|                                                              data_V_355_out|       pointer|
|data_V_354_out              |  out|   16|      ap_vld|                                                              data_V_354_out|       pointer|
|data_V_354_out_ap_vld       |  out|    1|      ap_vld|                                                              data_V_354_out|       pointer|
|data_V_353_out              |  out|   16|      ap_vld|                                                              data_V_353_out|       pointer|
|data_V_353_out_ap_vld       |  out|    1|      ap_vld|                                                              data_V_353_out|       pointer|
|data_V_352_out              |  out|   16|      ap_vld|                                                              data_V_352_out|       pointer|
|data_V_352_out_ap_vld       |  out|    1|      ap_vld|                                                              data_V_352_out|       pointer|
|data_V_351_out              |  out|   16|      ap_vld|                                                              data_V_351_out|       pointer|
|data_V_351_out_ap_vld       |  out|    1|      ap_vld|                                                              data_V_351_out|       pointer|
|data_V_350_out              |  out|   16|      ap_vld|                                                              data_V_350_out|       pointer|
|data_V_350_out_ap_vld       |  out|    1|      ap_vld|                                                              data_V_350_out|       pointer|
|data_V_349_out              |  out|   16|      ap_vld|                                                              data_V_349_out|       pointer|
|data_V_349_out_ap_vld       |  out|    1|      ap_vld|                                                              data_V_349_out|       pointer|
|data_V_348_out              |  out|   16|      ap_vld|                                                              data_V_348_out|       pointer|
|data_V_348_out_ap_vld       |  out|    1|      ap_vld|                                                              data_V_348_out|       pointer|
|data_V_347_out              |  out|   16|      ap_vld|                                                              data_V_347_out|       pointer|
|data_V_347_out_ap_vld       |  out|    1|      ap_vld|                                                              data_V_347_out|       pointer|
|data_V_346_out              |  out|   16|      ap_vld|                                                              data_V_346_out|       pointer|
|data_V_346_out_ap_vld       |  out|    1|      ap_vld|                                                              data_V_346_out|       pointer|
|data_V_345_out              |  out|   16|      ap_vld|                                                              data_V_345_out|       pointer|
|data_V_345_out_ap_vld       |  out|    1|      ap_vld|                                                              data_V_345_out|       pointer|
|data_V_344_out              |  out|   16|      ap_vld|                                                              data_V_344_out|       pointer|
|data_V_344_out_ap_vld       |  out|    1|      ap_vld|                                                              data_V_344_out|       pointer|
|data_V_343_out              |  out|   16|      ap_vld|                                                              data_V_343_out|       pointer|
|data_V_343_out_ap_vld       |  out|    1|      ap_vld|                                                              data_V_343_out|       pointer|
|data_V_342_out              |  out|   16|      ap_vld|                                                              data_V_342_out|       pointer|
|data_V_342_out_ap_vld       |  out|    1|      ap_vld|                                                              data_V_342_out|       pointer|
|data_V_341_out              |  out|   16|      ap_vld|                                                              data_V_341_out|       pointer|
|data_V_341_out_ap_vld       |  out|    1|      ap_vld|                                                              data_V_341_out|       pointer|
|data_V_340_out              |  out|   16|      ap_vld|                                                              data_V_340_out|       pointer|
|data_V_340_out_ap_vld       |  out|    1|      ap_vld|                                                              data_V_340_out|       pointer|
|data_V_339_out              |  out|   16|      ap_vld|                                                              data_V_339_out|       pointer|
|data_V_339_out_ap_vld       |  out|    1|      ap_vld|                                                              data_V_339_out|       pointer|
|data_V_338_out              |  out|   16|      ap_vld|                                                              data_V_338_out|       pointer|
|data_V_338_out_ap_vld       |  out|    1|      ap_vld|                                                              data_V_338_out|       pointer|
|data_V_337_out              |  out|   16|      ap_vld|                                                              data_V_337_out|       pointer|
|data_V_337_out_ap_vld       |  out|    1|      ap_vld|                                                              data_V_337_out|       pointer|
|data_V_336_out              |  out|   16|      ap_vld|                                                              data_V_336_out|       pointer|
|data_V_336_out_ap_vld       |  out|    1|      ap_vld|                                                              data_V_336_out|       pointer|
|data_V_335_out              |  out|   16|      ap_vld|                                                              data_V_335_out|       pointer|
|data_V_335_out_ap_vld       |  out|    1|      ap_vld|                                                              data_V_335_out|       pointer|
|data_V_334_out              |  out|   16|      ap_vld|                                                              data_V_334_out|       pointer|
|data_V_334_out_ap_vld       |  out|    1|      ap_vld|                                                              data_V_334_out|       pointer|
|data_V_333_out              |  out|   16|      ap_vld|                                                              data_V_333_out|       pointer|
|data_V_333_out_ap_vld       |  out|    1|      ap_vld|                                                              data_V_333_out|       pointer|
|data_V_332_out              |  out|   16|      ap_vld|                                                              data_V_332_out|       pointer|
|data_V_332_out_ap_vld       |  out|    1|      ap_vld|                                                              data_V_332_out|       pointer|
|data_V_331_out              |  out|   16|      ap_vld|                                                              data_V_331_out|       pointer|
|data_V_331_out_ap_vld       |  out|    1|      ap_vld|                                                              data_V_331_out|       pointer|
|data_V_330_out              |  out|   16|      ap_vld|                                                              data_V_330_out|       pointer|
|data_V_330_out_ap_vld       |  out|    1|      ap_vld|                                                              data_V_330_out|       pointer|
|data_V_329_out              |  out|   16|      ap_vld|                                                              data_V_329_out|       pointer|
|data_V_329_out_ap_vld       |  out|    1|      ap_vld|                                                              data_V_329_out|       pointer|
|data_V_328_out              |  out|   16|      ap_vld|                                                              data_V_328_out|       pointer|
|data_V_328_out_ap_vld       |  out|    1|      ap_vld|                                                              data_V_328_out|       pointer|
|data_V_327_out              |  out|   16|      ap_vld|                                                              data_V_327_out|       pointer|
|data_V_327_out_ap_vld       |  out|    1|      ap_vld|                                                              data_V_327_out|       pointer|
|data_V_326_out              |  out|   16|      ap_vld|                                                              data_V_326_out|       pointer|
|data_V_326_out_ap_vld       |  out|    1|      ap_vld|                                                              data_V_326_out|       pointer|
|data_V_325_out              |  out|   16|      ap_vld|                                                              data_V_325_out|       pointer|
|data_V_325_out_ap_vld       |  out|    1|      ap_vld|                                                              data_V_325_out|       pointer|
|data_V_324_out              |  out|   16|      ap_vld|                                                              data_V_324_out|       pointer|
|data_V_324_out_ap_vld       |  out|    1|      ap_vld|                                                              data_V_324_out|       pointer|
|data_V_323_out              |  out|   16|      ap_vld|                                                              data_V_323_out|       pointer|
|data_V_323_out_ap_vld       |  out|    1|      ap_vld|                                                              data_V_323_out|       pointer|
|data_V_322_out              |  out|   16|      ap_vld|                                                              data_V_322_out|       pointer|
|data_V_322_out_ap_vld       |  out|    1|      ap_vld|                                                              data_V_322_out|       pointer|
|data_V_321_out              |  out|   16|      ap_vld|                                                              data_V_321_out|       pointer|
|data_V_321_out_ap_vld       |  out|    1|      ap_vld|                                                              data_V_321_out|       pointer|
|data_V_320_out              |  out|   16|      ap_vld|                                                              data_V_320_out|       pointer|
|data_V_320_out_ap_vld       |  out|    1|      ap_vld|                                                              data_V_320_out|       pointer|
|data_V_319_out              |  out|   16|      ap_vld|                                                              data_V_319_out|       pointer|
|data_V_319_out_ap_vld       |  out|    1|      ap_vld|                                                              data_V_319_out|       pointer|
|data_V_318_out              |  out|   16|      ap_vld|                                                              data_V_318_out|       pointer|
|data_V_318_out_ap_vld       |  out|    1|      ap_vld|                                                              data_V_318_out|       pointer|
|data_V_317_out              |  out|   16|      ap_vld|                                                              data_V_317_out|       pointer|
|data_V_317_out_ap_vld       |  out|    1|      ap_vld|                                                              data_V_317_out|       pointer|
|data_V_316_out              |  out|   16|      ap_vld|                                                              data_V_316_out|       pointer|
|data_V_316_out_ap_vld       |  out|    1|      ap_vld|                                                              data_V_316_out|       pointer|
|data_V_315_out              |  out|   16|      ap_vld|                                                              data_V_315_out|       pointer|
|data_V_315_out_ap_vld       |  out|    1|      ap_vld|                                                              data_V_315_out|       pointer|
|data_V_314_out              |  out|   16|      ap_vld|                                                              data_V_314_out|       pointer|
|data_V_314_out_ap_vld       |  out|    1|      ap_vld|                                                              data_V_314_out|       pointer|
|data_V_313_out              |  out|   16|      ap_vld|                                                              data_V_313_out|       pointer|
|data_V_313_out_ap_vld       |  out|    1|      ap_vld|                                                              data_V_313_out|       pointer|
|data_V_312_out              |  out|   16|      ap_vld|                                                              data_V_312_out|       pointer|
|data_V_312_out_ap_vld       |  out|    1|      ap_vld|                                                              data_V_312_out|       pointer|
|data_V_311_out              |  out|   16|      ap_vld|                                                              data_V_311_out|       pointer|
|data_V_311_out_ap_vld       |  out|    1|      ap_vld|                                                              data_V_311_out|       pointer|
|data_V_310_out              |  out|   16|      ap_vld|                                                              data_V_310_out|       pointer|
|data_V_310_out_ap_vld       |  out|    1|      ap_vld|                                                              data_V_310_out|       pointer|
|data_V_309_out              |  out|   16|      ap_vld|                                                              data_V_309_out|       pointer|
|data_V_309_out_ap_vld       |  out|    1|      ap_vld|                                                              data_V_309_out|       pointer|
|data_V_308_out              |  out|   16|      ap_vld|                                                              data_V_308_out|       pointer|
|data_V_308_out_ap_vld       |  out|    1|      ap_vld|                                                              data_V_308_out|       pointer|
|data_V_307_out              |  out|   16|      ap_vld|                                                              data_V_307_out|       pointer|
|data_V_307_out_ap_vld       |  out|    1|      ap_vld|                                                              data_V_307_out|       pointer|
|data_V_306_out              |  out|   16|      ap_vld|                                                              data_V_306_out|       pointer|
|data_V_306_out_ap_vld       |  out|    1|      ap_vld|                                                              data_V_306_out|       pointer|
|data_V_305_out              |  out|   16|      ap_vld|                                                              data_V_305_out|       pointer|
|data_V_305_out_ap_vld       |  out|    1|      ap_vld|                                                              data_V_305_out|       pointer|
|data_V_304_out              |  out|   16|      ap_vld|                                                              data_V_304_out|       pointer|
|data_V_304_out_ap_vld       |  out|    1|      ap_vld|                                                              data_V_304_out|       pointer|
|data_V_303_out              |  out|   16|      ap_vld|                                                              data_V_303_out|       pointer|
|data_V_303_out_ap_vld       |  out|    1|      ap_vld|                                                              data_V_303_out|       pointer|
|data_V_302_out              |  out|   16|      ap_vld|                                                              data_V_302_out|       pointer|
|data_V_302_out_ap_vld       |  out|    1|      ap_vld|                                                              data_V_302_out|       pointer|
|data_V_301_out              |  out|   16|      ap_vld|                                                              data_V_301_out|       pointer|
|data_V_301_out_ap_vld       |  out|    1|      ap_vld|                                                              data_V_301_out|       pointer|
|data_V_300_out              |  out|   16|      ap_vld|                                                              data_V_300_out|       pointer|
|data_V_300_out_ap_vld       |  out|    1|      ap_vld|                                                              data_V_300_out|       pointer|
|data_V_299_out              |  out|   16|      ap_vld|                                                              data_V_299_out|       pointer|
|data_V_299_out_ap_vld       |  out|    1|      ap_vld|                                                              data_V_299_out|       pointer|
|data_V_298_out              |  out|   16|      ap_vld|                                                              data_V_298_out|       pointer|
|data_V_298_out_ap_vld       |  out|    1|      ap_vld|                                                              data_V_298_out|       pointer|
|data_V_297_out              |  out|   16|      ap_vld|                                                              data_V_297_out|       pointer|
|data_V_297_out_ap_vld       |  out|    1|      ap_vld|                                                              data_V_297_out|       pointer|
|data_V_296_out              |  out|   16|      ap_vld|                                                              data_V_296_out|       pointer|
|data_V_296_out_ap_vld       |  out|    1|      ap_vld|                                                              data_V_296_out|       pointer|
+----------------------------+-----+-----+------------+----------------------------------------------------------------------------+--------------+

