

================================================================
== Vitis HLS Report for 'myproject'
================================================================
* Date:           Fri Feb  9 01:17:28 2024

* Version:        2022.2 (Build 3670227 on Oct 13 2022)
* Project:        alveo_hls4ml
* Solution:       solution (Vitis Kernel Flow Target)
* Product family: virtexuplus
* Target device:  xcu55c-fsvh2892-2L-e


================================================================
== Performance Estimates
================================================================
+ Timing: 
    * Summary: 
    +--------+---------+----------+------------+
    |  Clock |  Target | Estimated| Uncertainty|
    +--------+---------+----------+------------+
    |ap_clk  |  3.33 ns|  2.425 ns|     0.90 ns|
    +--------+---------+----------+------------+

+ Latency: 
    * Summary: 
    +---------+---------+-----------+-----------+------+------+----------+
    |  Latency (cycles) |   Latency (absolute)  |   Interval  | Pipeline |
    |   min   |   max   |    min    |    max    |  min |  max |   Type   |
    +---------+---------+-----------+-----------+------+------+----------+
    |     3099|     3099|  10.329 us|  10.329 us|  3076|  3076|  dataflow|
    +---------+---------+-----------+-----------+------+------+----------+

    + Detail: 
        * Instance: 
        +-------------------------------------------------------------------------+------------------------------------------------------------------------+---------+---------+-----------+-----------+------+------+---------+
        |                                                                         |                                                                        |  Latency (cycles) |   Latency (absolute)  |   Interval  | Pipeline|
        |                                 Instance                                |                                 Module                                 |   min   |   max   |    min    |    max    |  min |  max |   Type  |
        +-------------------------------------------------------------------------+------------------------------------------------------------------------+---------+---------+-----------+-----------+------+------+---------+
        |conv_2d_cl_array_ap_fixed_3u_array_ap_fixed_16_6_5_3_0_16u_config2_U0    |conv_2d_cl_array_ap_fixed_3u_array_ap_fixed_16_6_5_3_0_16u_config2_s    |     3075|     3075|  10.249 us|  10.249 us|  3075|  3075|       no|
        |relu_array_ap_fixed_16u_array_ap_ufixed_6_0_4_0_0_16u_relu_config4_U0    |relu_array_ap_fixed_16u_array_ap_ufixed_6_0_4_0_0_16u_relu_config4_s    |      903|      903|   3.010 us|   3.010 us|   903|   903|       no|
        |pooling2d_cl_array_array_ap_fixed_16_6_5_3_0_16u_config5_U0              |pooling2d_cl_array_array_ap_fixed_16_6_5_3_0_16u_config5_s              |      903|      903|   3.010 us|   3.010 us|   903|   903|       no|
        |conv_2d_cl_array_ap_fixed_16u_array_ap_fixed_16_6_5_3_0_16u_config6_U0   |conv_2d_cl_array_ap_fixed_16u_array_ap_fixed_16_6_5_3_0_16u_config6_s   |     1128|     1128|   3.760 us|   3.760 us|  1128|  1128|       no|
        |relu_array_ap_fixed_16u_array_ap_ufixed_6_0_4_0_0_16u_relu_config8_U0    |relu_array_ap_fixed_16u_array_ap_ufixed_6_0_4_0_0_16u_relu_config8_s    |      172|      172|   0.573 us|   0.573 us|   172|   172|       no|
        |pooling2d_cl_array_array_ap_fixed_16_6_5_3_0_16u_config9_U0              |pooling2d_cl_array_array_ap_fixed_16_6_5_3_0_16u_config9_s              |      172|      172|   0.573 us|   0.573 us|   172|   172|       no|
        |conv_2d_cl_array_ap_fixed_16u_array_ap_fixed_16_6_5_3_0_24u_config10_U0  |conv_2d_cl_array_ap_fixed_16u_array_ap_fixed_16_6_5_3_0_24u_config10_s  |      183|      183|   0.610 us|   0.610 us|   183|   183|       no|
        |relu_array_ap_fixed_24u_array_ap_ufixed_6_0_4_0_0_24u_relu_config12_U0   |relu_array_ap_fixed_24u_array_ap_ufixed_6_0_4_0_0_24u_relu_config12_s   |       19|       19|  63.327 ns|  63.327 ns|    19|    19|       no|
        |pooling2d_cl_array_array_ap_fixed_16_6_5_3_0_24u_config13_U0             |pooling2d_cl_array_array_ap_fixed_16_6_5_3_0_24u_config13_s             |       19|       19|  63.327 ns|  63.327 ns|    19|    19|       no|
        |dense_array_ap_fixed_24u_array_ap_fixed_16_6_5_3_0_42u_config15_U0       |dense_array_ap_fixed_24u_array_ap_fixed_16_6_5_3_0_42u_config15_s       |       10|       10|  33.330 ns|  33.330 ns|    10|    10|       no|
        |normalize_array_ap_fixed_42u_array_ap_fixed_16_6_5_3_0_42u_config17_U0   |normalize_array_ap_fixed_42u_array_ap_fixed_16_6_5_3_0_42u_config17_s   |        2|        2|   6.666 ns|   6.666 ns|     2|     2|       no|
        |relu_array_ap_fixed_42u_array_ap_ufixed_6_0_4_0_0_42u_relu_config18_U0   |relu_array_ap_fixed_42u_array_ap_ufixed_6_0_4_0_0_42u_relu_config18_s   |        1|        1|   3.333 ns|   3.333 ns|     1|     1|       no|
        |dense_array_ap_ufixed_42u_array_ap_fixed_16_6_5_3_0_64u_config19_U0      |dense_array_ap_ufixed_42u_array_ap_fixed_16_6_5_3_0_64u_config19_s      |        5|        5|  16.665 ns|  16.665 ns|     5|     5|       no|
        |normalize_array_ap_fixed_64u_array_ap_fixed_16_6_5_3_0_64u_config21_U0   |normalize_array_ap_fixed_64u_array_ap_fixed_16_6_5_3_0_64u_config21_s   |        2|        2|   6.666 ns|   6.666 ns|     2|     2|       no|
        |relu_array_ap_fixed_64u_array_ap_ufixed_6_0_4_0_0_64u_relu_config22_U0   |relu_array_ap_fixed_64u_array_ap_ufixed_6_0_4_0_0_64u_relu_config22_s   |        1|        1|   3.333 ns|   3.333 ns|     1|     1|       no|
        |dense_array_ap_ufixed_64u_array_ap_fixed_16_6_5_3_0_10u_config23_U0      |dense_array_ap_ufixed_64u_array_ap_fixed_16_6_5_3_0_10u_config23_s      |        4|        4|  13.332 ns|  13.332 ns|     4|     4|       no|
        |softmax_array_array_ap_fixed_16_6_5_3_0_10u_softmax_config25_U0          |softmax_array_array_ap_fixed_16_6_5_3_0_10u_softmax_config25_s          |       11|       11|  36.663 ns|  36.663 ns|    11|    11|       no|
        +-------------------------------------------------------------------------+------------------------------------------------------------------------+---------+---------+-----------+-----------+------+------+---------+

        * Loop: 
        N/A



================================================================
== Utilization Estimates
================================================================
* Summary: 
+---------------------+---------+------+---------+---------+-----+
|         Name        | BRAM_18K|  DSP |    FF   |   LUT   | URAM|
+---------------------+---------+------+---------+---------+-----+
|DSP                  |        -|     -|        -|        -|    -|
|Expression           |        -|     -|        0|        2|    -|
|FIFO                 |       40|     -|    16905|     8773|    -|
|Instance             |       10|   454|    74954|   248037|    -|
|Memory               |        -|     -|        -|        -|    -|
|Multiplexer          |        -|     -|        -|        -|    -|
|Register             |        -|     -|        -|        -|    -|
+---------------------+---------+------+---------+---------+-----+
|Total                |       50|   454|    91859|   256812|    0|
+---------------------+---------+------+---------+---------+-----+
|Available SLR        |     1344|  3008|   869120|   434560|  320|
+---------------------+---------+------+---------+---------+-----+
|Utilization SLR (%)  |        3|    15|       10|       59|    0|
+---------------------+---------+------+---------+---------+-----+
|Available            |     4032|  9024|  2607360|  1303680|  960|
+---------------------+---------+------+---------+---------+-----+
|Utilization (%)      |        1|     5|        3|       19|    0|
+---------------------+---------+------+---------+---------+-----+

+ Detail: 
    * Instance: 
    +-------------------------------------------------------------------------+------------------------------------------------------------------------+---------+-----+-------+-------+-----+
    |                                 Instance                                |                                 Module                                 | BRAM_18K| DSP |   FF  |  LUT  | URAM|
    +-------------------------------------------------------------------------+------------------------------------------------------------------------+---------+-----+-------+-------+-----+
    |conv_2d_cl_array_ap_fixed_16u_array_ap_fixed_16_6_5_3_0_16u_config6_U0   |conv_2d_cl_array_ap_fixed_16u_array_ap_fixed_16_6_5_3_0_16u_config6_s   |        0|  113|  16122|  40762|    0|
    |conv_2d_cl_array_ap_fixed_16u_array_ap_fixed_16_6_5_3_0_24u_config10_U0  |conv_2d_cl_array_ap_fixed_16u_array_ap_fixed_16_6_5_3_0_24u_config10_s  |        0|   24|  15922|  49089|    0|
    |conv_2d_cl_array_ap_fixed_3u_array_ap_fixed_16_6_5_3_0_16u_config2_U0    |conv_2d_cl_array_ap_fixed_3u_array_ap_fixed_16_6_5_3_0_16u_config2_s    |        0|   17|   2922|   7690|    0|
    |dense_array_ap_fixed_24u_array_ap_fixed_16_6_5_3_0_42u_config15_U0       |dense_array_ap_fixed_24u_array_ap_fixed_16_6_5_3_0_42u_config15_s       |        0|   18|  12288|  49896|    0|
    |dense_array_ap_ufixed_42u_array_ap_fixed_16_6_5_3_0_64u_config19_U0      |dense_array_ap_ufixed_42u_array_ap_fixed_16_6_5_3_0_64u_config19_s      |        0|    0|   6871|  38965|    0|
    |dense_array_ap_ufixed_64u_array_ap_fixed_16_6_5_3_0_10u_config23_U0      |dense_array_ap_ufixed_64u_array_ap_fixed_16_6_5_3_0_10u_config23_s      |        0|  166|   5671|  36697|    0|
    |normalize_array_ap_fixed_42u_array_ap_fixed_16_6_5_3_0_42u_config17_U0   |normalize_array_ap_fixed_42u_array_ap_fixed_16_6_5_3_0_42u_config17_s   |        0|   42|   1769|   1654|    0|
    |normalize_array_ap_fixed_64u_array_ap_fixed_16_6_5_3_0_64u_config21_U0   |normalize_array_ap_fixed_64u_array_ap_fixed_16_6_5_3_0_64u_config21_s   |        0|   64|   2693|   2490|    0|
    |pooling2d_cl_array_array_ap_fixed_16_6_5_3_0_16u_config5_U0              |pooling2d_cl_array_array_ap_fixed_16_6_5_3_0_16u_config5_s              |        0|    0|   1704|   1976|    0|
    |pooling2d_cl_array_array_ap_fixed_16_6_5_3_0_16u_config9_U0              |pooling2d_cl_array_array_ap_fixed_16_6_5_3_0_16u_config9_s              |        0|    0|   1702|   1974|    0|
    |pooling2d_cl_array_array_ap_fixed_16_6_5_3_0_24u_config13_U0             |pooling2d_cl_array_array_ap_fixed_16_6_5_3_0_24u_config13_s             |        0|    0|   2459|   2730|    0|
    |relu_array_ap_fixed_16u_array_ap_ufixed_6_0_4_0_0_16u_relu_config4_U0    |relu_array_ap_fixed_16u_array_ap_ufixed_6_0_4_0_0_16u_relu_config4_s    |        0|    0|    416|   1281|    0|
    |relu_array_ap_fixed_16u_array_ap_ufixed_6_0_4_0_0_16u_relu_config8_U0    |relu_array_ap_fixed_16u_array_ap_ufixed_6_0_4_0_0_16u_relu_config8_s    |        0|    0|    414|   1279|    0|
    |relu_array_ap_fixed_24u_array_ap_ufixed_6_0_4_0_0_24u_relu_config12_U0   |relu_array_ap_fixed_24u_array_ap_ufixed_6_0_4_0_0_24u_relu_config12_s   |        0|    0|    611|   1867|    0|
    |relu_array_ap_fixed_42u_array_ap_ufixed_6_0_4_0_0_42u_relu_config18_U0   |relu_array_ap_fixed_42u_array_ap_ufixed_6_0_4_0_0_42u_relu_config18_s   |        0|    0|   1054|   3160|    0|
    |relu_array_ap_fixed_64u_array_ap_ufixed_6_0_4_0_0_64u_relu_config22_U0   |relu_array_ap_fixed_64u_array_ap_ufixed_6_0_4_0_0_64u_relu_config22_s   |        0|    0|   1604|   4788|    0|
    |softmax_array_array_ap_fixed_16_6_5_3_0_10u_softmax_config25_U0          |softmax_array_array_ap_fixed_16_6_5_3_0_10u_softmax_config25_s          |       10|   10|    732|   1739|    0|
    +-------------------------------------------------------------------------+------------------------------------------------------------------------+---------+-----+-------+-------+-----+
    |Total                                                                    |                                                                        |       10|  454|  74954| 248037|    0|
    +-------------------------------------------------------------------------+------------------------------------------------------------------------+---------+-----+-------+-------+-----+

    * DSP: 
    N/A

    * Memory: 
    N/A

    * FIFO: 
    +---------------+---------+------+----+-----+------+------+---------+
    |      Name     | BRAM_18K|  FF  | LUT| URAM| Depth| Bits | Size:D*B|
    +---------------+---------+------+----+-----+------+------+---------+
    |layer10_out_U  |        0|  1552|   0|    -|    16|   384|     6144|
    |layer12_out_U  |        0|   784|   0|    -|    16|   144|     2304|
    |layer13_out_U  |        0|  1547|   0|    -|     4|   384|     1536|
    |layer15_out_U  |        0|  2058|   0|    -|     1|   672|      672|
    |layer17_out_U  |        0|  2058|   0|    -|     1|   672|      672|
    |layer18_out_U  |        0|   516|   0|    -|     1|   252|      252|
    |layer19_out_U  |        0|  2058|   0|    -|     1|  1024|     1024|
    |layer21_out_U  |        0|  2058|   0|    -|     1|  1024|     1024|
    |layer22_out_U  |        0|  1028|   0|    -|     1|   384|      384|
    |layer23_out_U  |        0|   516|   0|    -|     1|   160|      160|
    |layer2_out_U   |        8|   543|   0|    -|   900|   256|   230400|
    |layer4_out_U   |        4|   287|   0|    -|   900|    96|    86400|
    |layer5_out_U   |        8|   541|   0|    -|   225|   256|    57600|
    |layer6_out_U   |        8|   541|   0|    -|   169|   256|    43264|
    |layer8_out_U   |        4|   284|   0|    -|   169|    96|    16224|
    |layer9_out_U   |        8|   534|   0|    -|    36|   256|     9216|
    +---------------+---------+------+----+-----+------+------+---------+
    |Total          |       40| 16905|   0|    0|  2442|  6316|   457276|
    +---------------+---------+------+----+-----+------+------+---------+

    * Expression: 
    +--------------+----------+----+---+----+------------+------------+
    | Variable Name| Operation| DSP| FF| LUT| Bitwidth P0| Bitwidth P1|
    +--------------+----------+----+---+----+------------+------------+
    |ap_idle       |       and|   0|  0|   2|           1|           1|
    +--------------+----------+----+---+----+------------+------------+
    |Total         |          |   0|  0|   2|           1|           1|
    +--------------+----------+----+---+----+------------+------------+

    * Multiplexer: 
    N/A

    * Register: 
    N/A



================================================================
== Interface
================================================================
* Summary: 
+-----------------+-----+-----+------------+--------------+--------------+
|    RTL Ports    | Dir | Bits|  Protocol  | Source Object|    C Type    |
+-----------------+-----+-----+------------+--------------+--------------+
|input_r_dout     |   in|   48|     ap_fifo|       input_r|       pointer|
|input_r_empty_n  |   in|    1|     ap_fifo|       input_r|       pointer|
|input_r_read     |  out|    1|     ap_fifo|       input_r|       pointer|
|output_r_din     |  out|  160|     ap_fifo|      output_r|       pointer|
|output_r_full_n  |   in|    1|     ap_fifo|      output_r|       pointer|
|output_r_write   |  out|    1|     ap_fifo|      output_r|       pointer|
|ap_clk           |   in|    1|  ap_ctrl_hs|     myproject|  return value|
|ap_rst           |   in|    1|  ap_ctrl_hs|     myproject|  return value|
|ap_start         |   in|    1|  ap_ctrl_hs|     myproject|  return value|
|ap_done          |  out|    1|  ap_ctrl_hs|     myproject|  return value|
|ap_ready         |  out|    1|  ap_ctrl_hs|     myproject|  return value|
|ap_idle          |  out|    1|  ap_ctrl_hs|     myproject|  return value|
|ap_continue      |   in|    1|  ap_ctrl_hs|     myproject|  return value|
+-----------------+-----+-----+------------+--------------+--------------+

