

================================================================
== Vitis HLS Report for 'pooling1d_cl_ap_ufixed_6_0_4_0_0_ap_fixed_16_6_5_3_0_config9_s'
================================================================
* Date:           Sun Mar  3 21:33:39 2024

* Version:        2022.2 (Build 3670227 on Oct 13 2022)
* Project:        alveo_hls4ml
* Solution:       solution (Vitis Kernel Flow Target)
* Product family: virtexuplus
* Target device:  xcu55c-fsvh2892-2L-e


================================================================
== Performance Estimates
================================================================
+ Timing: 
    * Summary: 
    +--------+---------+----------+------------+
    |  Clock |  Target | Estimated| Uncertainty|
    +--------+---------+----------+------------+
    |ap_clk  |  3.33 ns|  2.128 ns|     0.90 ns|
    +--------+---------+----------+------------+

+ Latency: 
    * Summary: 
    +---------+---------+----------+----------+-----+-----+---------+
    |  Latency (cycles) |  Latency (absolute) |  Interval | Pipeline|
    |   min   |   max   |    min   |    max   | min | max |   Type  |
    +---------+---------+----------+----------+-----+-----+---------+
    |        0|        0|      0 ns|      0 ns|    1|    1|      yes|
    +---------+---------+----------+----------+-----+-----+---------+

    + Detail: 
        * Instance: 
        N/A

        * Loop: 
        N/A



================================================================
== Utilization Estimates
================================================================
* Summary: 
+---------------------+---------+------+---------+---------+-----+
|         Name        | BRAM_18K|  DSP |    FF   |   LUT   | URAM|
+---------------------+---------+------+---------+---------+-----+
|DSP                  |        -|     -|        -|        -|    -|
|Expression           |        -|     -|        0|      258|    -|
|FIFO                 |        -|     -|        -|        -|    -|
|Instance             |        -|     -|        -|        -|    -|
|Memory               |        -|     -|        -|        -|    -|
|Multiplexer          |        -|     -|        -|      153|    -|
|Register             |        -|     -|       98|        -|    -|
+---------------------+---------+------+---------+---------+-----+
|Total                |        0|     0|       98|      411|    0|
+---------------------+---------+------+---------+---------+-----+
|Available SLR        |     1344|  3008|   869120|   434560|  320|
+---------------------+---------+------+---------+---------+-----+
|Utilization SLR (%)  |        0|     0|       ~0|       ~0|    0|
+---------------------+---------+------+---------+---------+-----+
|Available            |     4032|  9024|  2607360|  1303680|  960|
+---------------------+---------+------+---------+---------+-----+
|Utilization (%)      |        0|     0|       ~0|       ~0|    0|
+---------------------+---------+------+---------+---------+-----+

+ Detail: 
    * Instance: 
    N/A

    * DSP: 
    N/A

    * Memory: 
    N/A

    * FIFO: 
    N/A

    * Expression: 
    +---------------------------+----------+----+---+----+------------+------------+
    |       Variable Name       | Operation| DSP| FF| LUT| Bitwidth P0| Bitwidth P1|
    +---------------------------+----------+----+---+----+------------+------------+
    |icmp_ln1649_142_fu_294_p2  |      icmp|   0|  0|  10|           6|           6|
    |icmp_ln1649_143_fu_316_p2  |      icmp|   0|  0|  10|           6|           6|
    |icmp_ln1649_144_fu_338_p2  |      icmp|   0|  0|  10|           6|           6|
    |icmp_ln1649_145_fu_360_p2  |      icmp|   0|  0|  10|           6|           6|
    |icmp_ln1649_146_fu_382_p2  |      icmp|   0|  0|  10|           6|           6|
    |icmp_ln1649_147_fu_404_p2  |      icmp|   0|  0|  10|           6|           6|
    |icmp_ln1649_148_fu_426_p2  |      icmp|   0|  0|  10|           6|           6|
    |icmp_ln1649_149_fu_448_p2  |      icmp|   0|  0|  10|           6|           6|
    |icmp_ln1649_150_fu_470_p2  |      icmp|   0|  0|  10|           6|           6|
    |icmp_ln1649_151_fu_492_p2  |      icmp|   0|  0|  10|           6|           6|
    |icmp_ln1649_152_fu_514_p2  |      icmp|   0|  0|  10|           6|           6|
    |icmp_ln1649_153_fu_536_p2  |      icmp|   0|  0|  10|           6|           6|
    |icmp_ln1649_154_fu_558_p2  |      icmp|   0|  0|  10|           6|           6|
    |icmp_ln1649_155_fu_580_p2  |      icmp|   0|  0|  10|           6|           6|
    |icmp_ln1649_156_fu_602_p2  |      icmp|   0|  0|  10|           6|           6|
    |icmp_ln1649_fu_272_p2      |      icmp|   0|  0|  10|           6|           6|
    |ap_block_state1            |        or|   0|  0|   2|           1|           1|
    |select_ln14_10_fu_498_p3   |    select|   0|  0|   6|           1|           6|
    |select_ln14_11_fu_520_p3   |    select|   0|  0|   6|           1|           6|
    |select_ln14_12_fu_542_p3   |    select|   0|  0|   6|           1|           6|
    |select_ln14_13_fu_564_p3   |    select|   0|  0|   6|           1|           6|
    |select_ln14_14_fu_586_p3   |    select|   0|  0|   6|           1|           6|
    |select_ln14_15_fu_608_p3   |    select|   0|  0|   6|           1|           6|
    |select_ln14_1_fu_300_p3    |    select|   0|  0|   6|           1|           6|
    |select_ln14_2_fu_322_p3    |    select|   0|  0|   6|           1|           6|
    |select_ln14_3_fu_344_p3    |    select|   0|  0|   6|           1|           6|
    |select_ln14_4_fu_366_p3    |    select|   0|  0|   6|           1|           6|
    |select_ln14_5_fu_388_p3    |    select|   0|  0|   6|           1|           6|
    |select_ln14_6_fu_410_p3    |    select|   0|  0|   6|           1|           6|
    |select_ln14_7_fu_432_p3    |    select|   0|  0|   6|           1|           6|
    |select_ln14_8_fu_454_p3    |    select|   0|  0|   6|           1|           6|
    |select_ln14_9_fu_476_p3    |    select|   0|  0|   6|           1|           6|
    |select_ln14_fu_278_p3      |    select|   0|  0|   6|           1|           6|
    +---------------------------+----------+----+---+----+------------+------------+
    |Total                      |          |   0|  0| 258|         113|         193|
    +---------------------------+----------+----+---+----+------------+------------+

    * Multiplexer: 
    +--------------+----+-----------+-----+-----------+
    |     Name     | LUT| Input Size| Bits| Total Bits|
    +--------------+----+-----------+-----+-----------+
    |ap_done       |   9|          2|    1|          2|
    |ap_return_0   |   9|          2|    6|         12|
    |ap_return_1   |   9|          2|    6|         12|
    |ap_return_10  |   9|          2|    6|         12|
    |ap_return_11  |   9|          2|    6|         12|
    |ap_return_12  |   9|          2|    6|         12|
    |ap_return_13  |   9|          2|    6|         12|
    |ap_return_14  |   9|          2|    6|         12|
    |ap_return_15  |   9|          2|    6|         12|
    |ap_return_2   |   9|          2|    6|         12|
    |ap_return_3   |   9|          2|    6|         12|
    |ap_return_4   |   9|          2|    6|         12|
    |ap_return_5   |   9|          2|    6|         12|
    |ap_return_6   |   9|          2|    6|         12|
    |ap_return_7   |   9|          2|    6|         12|
    |ap_return_8   |   9|          2|    6|         12|
    |ap_return_9   |   9|          2|    6|         12|
    +--------------+----+-----------+-----+-----------+
    |Total         | 153|         34|   97|        194|
    +--------------+----+-----------+-----+-----------+

    * Register: 
    +-------------------+---+----+-----+-----------+
    |        Name       | FF| LUT| Bits| Const Bits|
    +-------------------+---+----+-----+-----------+
    |ap_CS_fsm          |  1|   0|    1|          0|
    |ap_done_reg        |  1|   0|    1|          0|
    |ap_return_0_preg   |  6|   0|   10|          4|
    |ap_return_10_preg  |  6|   0|   10|          4|
    |ap_return_11_preg  |  6|   0|   10|          4|
    |ap_return_12_preg  |  6|   0|   10|          4|
    |ap_return_13_preg  |  6|   0|   10|          4|
    |ap_return_14_preg  |  6|   0|   10|          4|
    |ap_return_15_preg  |  6|   0|   10|          4|
    |ap_return_1_preg   |  6|   0|   10|          4|
    |ap_return_2_preg   |  6|   0|   10|          4|
    |ap_return_3_preg   |  6|   0|   10|          4|
    |ap_return_4_preg   |  6|   0|   10|          4|
    |ap_return_5_preg   |  6|   0|   10|          4|
    |ap_return_6_preg   |  6|   0|   10|          4|
    |ap_return_7_preg   |  6|   0|   10|          4|
    |ap_return_8_preg   |  6|   0|   10|          4|
    |ap_return_9_preg   |  6|   0|   10|          4|
    +-------------------+---+----+-----+-----------+
    |Total              | 98|   0|  162|         64|
    +-------------------+---+----+-----+-----------+



================================================================
== Interface
================================================================
* Summary: 
+--------------+-----+-----+------------+---------------------------------------------------------------------------+--------------+
|   RTL Ports  | Dir | Bits|  Protocol  |                               Source Object                               |    C Type    |
+--------------+-----+-----+------------+---------------------------------------------------------------------------+--------------+
|ap_clk        |   in|    1|  ap_ctrl_hs|  pooling1d_cl<ap_ufixed<6, 0, 4, 0, 0>, ap_fixed<16, 6, 5, 3, 0>, config9>|  return value|
|ap_rst        |   in|    1|  ap_ctrl_hs|  pooling1d_cl<ap_ufixed<6, 0, 4, 0, 0>, ap_fixed<16, 6, 5, 3, 0>, config9>|  return value|
|ap_start      |   in|    1|  ap_ctrl_hs|  pooling1d_cl<ap_ufixed<6, 0, 4, 0, 0>, ap_fixed<16, 6, 5, 3, 0>, config9>|  return value|
|ap_done       |  out|    1|  ap_ctrl_hs|  pooling1d_cl<ap_ufixed<6, 0, 4, 0, 0>, ap_fixed<16, 6, 5, 3, 0>, config9>|  return value|
|ap_continue   |   in|    1|  ap_ctrl_hs|  pooling1d_cl<ap_ufixed<6, 0, 4, 0, 0>, ap_fixed<16, 6, 5, 3, 0>, config9>|  return value|
|ap_idle       |  out|    1|  ap_ctrl_hs|  pooling1d_cl<ap_ufixed<6, 0, 4, 0, 0>, ap_fixed<16, 6, 5, 3, 0>, config9>|  return value|
|ap_ready      |  out|    1|  ap_ctrl_hs|  pooling1d_cl<ap_ufixed<6, 0, 4, 0, 0>, ap_fixed<16, 6, 5, 3, 0>, config9>|  return value|
|ap_return_0   |  out|   10|  ap_ctrl_hs|  pooling1d_cl<ap_ufixed<6, 0, 4, 0, 0>, ap_fixed<16, 6, 5, 3, 0>, config9>|  return value|
|ap_return_1   |  out|   10|  ap_ctrl_hs|  pooling1d_cl<ap_ufixed<6, 0, 4, 0, 0>, ap_fixed<16, 6, 5, 3, 0>, config9>|  return value|
|ap_return_2   |  out|   10|  ap_ctrl_hs|  pooling1d_cl<ap_ufixed<6, 0, 4, 0, 0>, ap_fixed<16, 6, 5, 3, 0>, config9>|  return value|
|ap_return_3   |  out|   10|  ap_ctrl_hs|  pooling1d_cl<ap_ufixed<6, 0, 4, 0, 0>, ap_fixed<16, 6, 5, 3, 0>, config9>|  return value|
|ap_return_4   |  out|   10|  ap_ctrl_hs|  pooling1d_cl<ap_ufixed<6, 0, 4, 0, 0>, ap_fixed<16, 6, 5, 3, 0>, config9>|  return value|
|ap_return_5   |  out|   10|  ap_ctrl_hs|  pooling1d_cl<ap_ufixed<6, 0, 4, 0, 0>, ap_fixed<16, 6, 5, 3, 0>, config9>|  return value|
|ap_return_6   |  out|   10|  ap_ctrl_hs|  pooling1d_cl<ap_ufixed<6, 0, 4, 0, 0>, ap_fixed<16, 6, 5, 3, 0>, config9>|  return value|
|ap_return_7   |  out|   10|  ap_ctrl_hs|  pooling1d_cl<ap_ufixed<6, 0, 4, 0, 0>, ap_fixed<16, 6, 5, 3, 0>, config9>|  return value|
|ap_return_8   |  out|   10|  ap_ctrl_hs|  pooling1d_cl<ap_ufixed<6, 0, 4, 0, 0>, ap_fixed<16, 6, 5, 3, 0>, config9>|  return value|
|ap_return_9   |  out|   10|  ap_ctrl_hs|  pooling1d_cl<ap_ufixed<6, 0, 4, 0, 0>, ap_fixed<16, 6, 5, 3, 0>, config9>|  return value|
|ap_return_10  |  out|   10|  ap_ctrl_hs|  pooling1d_cl<ap_ufixed<6, 0, 4, 0, 0>, ap_fixed<16, 6, 5, 3, 0>, config9>|  return value|
|ap_return_11  |  out|   10|  ap_ctrl_hs|  pooling1d_cl<ap_ufixed<6, 0, 4, 0, 0>, ap_fixed<16, 6, 5, 3, 0>, config9>|  return value|
|ap_return_12  |  out|   10|  ap_ctrl_hs|  pooling1d_cl<ap_ufixed<6, 0, 4, 0, 0>, ap_fixed<16, 6, 5, 3, 0>, config9>|  return value|
|ap_return_13  |  out|   10|  ap_ctrl_hs|  pooling1d_cl<ap_ufixed<6, 0, 4, 0, 0>, ap_fixed<16, 6, 5, 3, 0>, config9>|  return value|
|ap_return_14  |  out|   10|  ap_ctrl_hs|  pooling1d_cl<ap_ufixed<6, 0, 4, 0, 0>, ap_fixed<16, 6, 5, 3, 0>, config9>|  return value|
|ap_return_15  |  out|   10|  ap_ctrl_hs|  pooling1d_cl<ap_ufixed<6, 0, 4, 0, 0>, ap_fixed<16, 6, 5, 3, 0>, config9>|  return value|
|p_read        |   in|    6|     ap_none|                                                                     p_read|        scalar|
|p_read1       |   in|    6|     ap_none|                                                                    p_read1|        scalar|
|p_read2       |   in|    6|     ap_none|                                                                    p_read2|        scalar|
|p_read3       |   in|    6|     ap_none|                                                                    p_read3|        scalar|
|p_read4       |   in|    6|     ap_none|                                                                    p_read4|        scalar|
|p_read5       |   in|    6|     ap_none|                                                                    p_read5|        scalar|
|p_read6       |   in|    6|     ap_none|                                                                    p_read6|        scalar|
|p_read7       |   in|    6|     ap_none|                                                                    p_read7|        scalar|
|p_read8       |   in|    6|     ap_none|                                                                    p_read8|        scalar|
|p_read9       |   in|    6|     ap_none|                                                                    p_read9|        scalar|
|p_read10      |   in|    6|     ap_none|                                                                   p_read10|        scalar|
|p_read11      |   in|    6|     ap_none|                                                                   p_read11|        scalar|
|p_read12      |   in|    6|     ap_none|                                                                   p_read12|        scalar|
|p_read13      |   in|    6|     ap_none|                                                                   p_read13|        scalar|
|p_read14      |   in|    6|     ap_none|                                                                   p_read14|        scalar|
|p_read15      |   in|    6|     ap_none|                                                                   p_read15|        scalar|
|p_read16      |   in|    6|     ap_none|                                                                   p_read16|        scalar|
|p_read17      |   in|    6|     ap_none|                                                                   p_read17|        scalar|
|p_read18      |   in|    6|     ap_none|                                                                   p_read18|        scalar|
|p_read19      |   in|    6|     ap_none|                                                                   p_read19|        scalar|
|p_read20      |   in|    6|     ap_none|                                                                   p_read20|        scalar|
|p_read21      |   in|    6|     ap_none|                                                                   p_read21|        scalar|
|p_read22      |   in|    6|     ap_none|                                                                   p_read22|        scalar|
|p_read23      |   in|    6|     ap_none|                                                                   p_read23|        scalar|
|p_read24      |   in|    6|     ap_none|                                                                   p_read24|        scalar|
|p_read25      |   in|    6|     ap_none|                                                                   p_read25|        scalar|
|p_read26      |   in|    6|     ap_none|                                                                   p_read26|        scalar|
|p_read27      |   in|    6|     ap_none|                                                                   p_read27|        scalar|
|p_read28      |   in|    6|     ap_none|                                                                   p_read28|        scalar|
|p_read29      |   in|    6|     ap_none|                                                                   p_read29|        scalar|
|p_read30      |   in|    6|     ap_none|                                                                   p_read30|        scalar|
|p_read31      |   in|    6|     ap_none|                                                                   p_read31|        scalar|
+--------------+-----+-----+------------+---------------------------------------------------------------------------+--------------+

