

================================================================
== Vitis HLS Report for 'VITIS_LOOP_50_1_proc_Pipeline_VITIS_LOOP_50_1'
================================================================
* Date:           Tue Feb  6 21:41:12 2024

* Version:        2022.2 (Build 3670227 on Oct 13 2022)
* Project:        alveo_hls4ml
* Solution:       solution (Vitis Kernel Flow Target)
* Product family: virtexuplus
* Target device:  xcu55c-fsvh2892-2L-e


================================================================
== Performance Estimates
================================================================
+ Timing: 
    * Summary: 
    +--------+---------+----------+------------+
    |  Clock |  Target | Estimated| Uncertainty|
    +--------+---------+----------+------------+
    |ap_clk  |  3.33 ns|  2.433 ns|     0.90 ns|
    +--------+---------+----------+------------+

+ Latency: 
    * Summary: 
    +---------+---------+----------+----------+--------+--------+---------+
    |  Latency (cycles) |  Latency (absolute) |     Interval    | Pipeline|
    |   min   |   max   |    min   |    max   |   min  |   max  |   Type  |
    +---------+---------+----------+----------+--------+--------+---------+
    |   131075|   131075|  0.437 ms|  0.437 ms|  131075|  131075|       no|
    +---------+---------+----------+----------+--------+--------+---------+

    + Detail: 
        * Instance: 
        N/A

        * Loop: 
        +-------------------+---------+---------+----------+-----------+-----------+------+----------+
        |                   |  Latency (cycles) | Iteration|  Initiation Interval  | Trip |          |
        |     Loop Name     |   min   |   max   |  Latency |  achieved |   target  | Count| Pipelined|
        +-------------------+---------+---------+----------+-----------+-----------+------+----------+
        |- VITIS_LOOP_50_1  |   131073|   131073|        18|         16|          1|  8192|       yes|
        +-------------------+---------+---------+----------+-----------+-----------+------+----------+



================================================================
== Utilization Estimates
================================================================
* Summary: 
+---------------------+---------+------+---------+---------+-----+
|         Name        | BRAM_18K|  DSP |    FF   |   LUT   | URAM|
+---------------------+---------+------+---------+---------+-----+
|DSP                  |        -|     -|        -|        -|    -|
|Expression           |        -|     -|        0|       41|    -|
|FIFO                 |        -|     -|        -|        -|    -|
|Instance             |        -|     -|        -|        -|    -|
|Memory               |        -|     -|        -|        -|    -|
|Multiplexer          |        -|     -|        -|      144|    -|
|Register             |        -|     -|      318|        -|    -|
+---------------------+---------+------+---------+---------+-----+
|Total                |        0|     0|      318|      185|    0|
+---------------------+---------+------+---------+---------+-----+
|Available SLR        |     1344|  3008|   869120|   434560|  320|
+---------------------+---------+------+---------+---------+-----+
|Utilization SLR (%)  |        0|     0|       ~0|       ~0|    0|
+---------------------+---------+------+---------+---------+-----+
|Available            |     4032|  9024|  2607360|  1303680|  960|
+---------------------+---------+------+---------+---------+-----+
|Utilization (%)      |        0|     0|       ~0|       ~0|    0|
+---------------------+---------+------+---------+---------+-----+

+ Detail: 
    * Instance: 
    N/A

    * DSP: 
    N/A

    * Memory: 
    N/A

    * FIFO: 
    N/A

    * Expression: 
    +-----------------------------------+----------+----+---+----+------------+------------+
    |           Variable Name           | Operation| DSP| FF| LUT| Bitwidth P0| Bitwidth P1|
    +-----------------------------------+----------+----+---+----+------------+------------+
    |add_ln50_fu_102_p2                 |         +|   0|  0|  21|          14|           1|
    |ap_block_pp0_stage0_11001          |       and|   0|  0|   2|           1|           1|
    |ap_block_pp0_stage10_11001         |       and|   0|  0|   2|           1|           1|
    |ap_block_state10_pp0_stage9_iter0  |       and|   0|  0|   2|           1|           1|
    |icmp_ln50_fu_96_p2                 |      icmp|   0|  0|  12|          14|          15|
    |ap_enable_pp0                      |       xor|   0|  0|   2|           1|           2|
    +-----------------------------------+----------+----+---+----+------------+------------+
    |Total                              |          |   0|  0|  41|          32|          21|
    +-----------------------------------+----------+----+---+----+------------+------------+

    * Multiplexer: 
    +-----------------------------+----+-----------+-----+-----------+
    |             Name            | LUT| Input Size| Bits| Total Bits|
    +-----------------------------+----+-----------+-----+-----------+
    |ap_NS_fsm                    |  81|         17|    1|         17|
    |ap_done_int                  |   9|          2|    1|          2|
    |ap_enable_reg_pp0_iter0      |   9|          2|    1|          2|
    |ap_enable_reg_pp0_iter0_reg  |   9|          2|    1|          2|
    |ap_enable_reg_pp0_iter1      |   9|          2|    1|          2|
    |ap_sig_allocacmp_i_2         |   9|          2|   14|         28|
    |gmem0_blk_n_R                |   9|          2|    1|          2|
    |i_fu_50                      |   9|          2|   14|         28|
    +-----------------------------+----+-----------+-----+-----------+
    |Total                        | 144|         31|   34|         83|
    +-----------------------------+----+-----------+-----+-----------+

    * Register: 
    +-----------------------------+----+----+-----+-----------+
    |             Name            | FF | LUT| Bits| Const Bits|
    +-----------------------------+----+----+-----+-----------+
    |ap_CS_fsm                    |  16|   0|   16|          0|
    |ap_done_reg                  |   1|   0|    1|          0|
    |ap_enable_reg_pp0_iter0_reg  |   1|   0|    1|          0|
    |ap_enable_reg_pp0_iter1      |   1|   0|    1|          0|
    |gmem0_addr_read_10_reg_209   |  16|   0|   16|          0|
    |gmem0_addr_read_11_reg_214   |  16|   0|   16|          0|
    |gmem0_addr_read_12_reg_219   |  16|   0|   16|          0|
    |gmem0_addr_read_13_reg_224   |  16|   0|   16|          0|
    |gmem0_addr_read_14_reg_229   |  16|   0|   16|          0|
    |gmem0_addr_read_15_reg_234   |  16|   0|   16|          0|
    |gmem0_addr_read_1_reg_164    |  16|   0|   16|          0|
    |gmem0_addr_read_2_reg_169    |  16|   0|   16|          0|
    |gmem0_addr_read_3_reg_174    |  16|   0|   16|          0|
    |gmem0_addr_read_4_reg_179    |  16|   0|   16|          0|
    |gmem0_addr_read_5_reg_184    |  16|   0|   16|          0|
    |gmem0_addr_read_6_reg_189    |  16|   0|   16|          0|
    |gmem0_addr_read_7_reg_194    |  16|   0|   16|          0|
    |gmem0_addr_read_8_reg_199    |  16|   0|   16|          0|
    |gmem0_addr_read_9_reg_204    |  16|   0|   16|          0|
    |gmem0_addr_read_reg_159      |  16|   0|   16|          0|
    |i_2_reg_145                  |  14|   0|   14|          0|
    |i_2_reg_145_pp0_iter1_reg    |  14|   0|   14|          0|
    |i_fu_50                      |  14|   0|   14|          0|
    |icmp_ln50_reg_155            |   1|   0|    1|          0|
    +-----------------------------+----+----+-----+-----------+
    |Total                        | 318|   0|  318|          0|
    +-----------------------------+----+----+-----+-----------+



================================================================
== Interface
================================================================
* Summary: 
+----------------------+-----+-----+------------+-----------------------------------------------+--------------+
|       RTL Ports      | Dir | Bits|  Protocol  |                 Source Object                 |    C Type    |
+----------------------+-----+-----+------------+-----------------------------------------------+--------------+
|ap_clk                |   in|    1|  ap_ctrl_hs|  VITIS_LOOP_50_1_proc_Pipeline_VITIS_LOOP_50_1|  return value|
|ap_rst                |   in|    1|  ap_ctrl_hs|  VITIS_LOOP_50_1_proc_Pipeline_VITIS_LOOP_50_1|  return value|
|ap_start              |   in|    1|  ap_ctrl_hs|  VITIS_LOOP_50_1_proc_Pipeline_VITIS_LOOP_50_1|  return value|
|ap_done               |  out|    1|  ap_ctrl_hs|  VITIS_LOOP_50_1_proc_Pipeline_VITIS_LOOP_50_1|  return value|
|ap_idle               |  out|    1|  ap_ctrl_hs|  VITIS_LOOP_50_1_proc_Pipeline_VITIS_LOOP_50_1|  return value|
|ap_ready              |  out|    1|  ap_ctrl_hs|  VITIS_LOOP_50_1_proc_Pipeline_VITIS_LOOP_50_1|  return value|
|m_axi_gmem0_AWVALID   |  out|    1|       m_axi|                                          gmem0|       pointer|
|m_axi_gmem0_AWREADY   |   in|    1|       m_axi|                                          gmem0|       pointer|
|m_axi_gmem0_AWADDR    |  out|   64|       m_axi|                                          gmem0|       pointer|
|m_axi_gmem0_AWID      |  out|    1|       m_axi|                                          gmem0|       pointer|
|m_axi_gmem0_AWLEN     |  out|   32|       m_axi|                                          gmem0|       pointer|
|m_axi_gmem0_AWSIZE    |  out|    3|       m_axi|                                          gmem0|       pointer|
|m_axi_gmem0_AWBURST   |  out|    2|       m_axi|                                          gmem0|       pointer|
|m_axi_gmem0_AWLOCK    |  out|    2|       m_axi|                                          gmem0|       pointer|
|m_axi_gmem0_AWCACHE   |  out|    4|       m_axi|                                          gmem0|       pointer|
|m_axi_gmem0_AWPROT    |  out|    3|       m_axi|                                          gmem0|       pointer|
|m_axi_gmem0_AWQOS     |  out|    4|       m_axi|                                          gmem0|       pointer|
|m_axi_gmem0_AWREGION  |  out|    4|       m_axi|                                          gmem0|       pointer|
|m_axi_gmem0_AWUSER    |  out|    1|       m_axi|                                          gmem0|       pointer|
|m_axi_gmem0_WVALID    |  out|    1|       m_axi|                                          gmem0|       pointer|
|m_axi_gmem0_WREADY    |   in|    1|       m_axi|                                          gmem0|       pointer|
|m_axi_gmem0_WDATA     |  out|   16|       m_axi|                                          gmem0|       pointer|
|m_axi_gmem0_WSTRB     |  out|    2|       m_axi|                                          gmem0|       pointer|
|m_axi_gmem0_WLAST     |  out|    1|       m_axi|                                          gmem0|       pointer|
|m_axi_gmem0_WID       |  out|    1|       m_axi|                                          gmem0|       pointer|
|m_axi_gmem0_WUSER     |  out|    1|       m_axi|                                          gmem0|       pointer|
|m_axi_gmem0_ARVALID   |  out|    1|       m_axi|                                          gmem0|       pointer|
|m_axi_gmem0_ARREADY   |   in|    1|       m_axi|                                          gmem0|       pointer|
|m_axi_gmem0_ARADDR    |  out|   64|       m_axi|                                          gmem0|       pointer|
|m_axi_gmem0_ARID      |  out|    1|       m_axi|                                          gmem0|       pointer|
|m_axi_gmem0_ARLEN     |  out|   32|       m_axi|                                          gmem0|       pointer|
|m_axi_gmem0_ARSIZE    |  out|    3|       m_axi|                                          gmem0|       pointer|
|m_axi_gmem0_ARBURST   |  out|    2|       m_axi|                                          gmem0|       pointer|
|m_axi_gmem0_ARLOCK    |  out|    2|       m_axi|                                          gmem0|       pointer|
|m_axi_gmem0_ARCACHE   |  out|    4|       m_axi|                                          gmem0|       pointer|
|m_axi_gmem0_ARPROT    |  out|    3|       m_axi|                                          gmem0|       pointer|
|m_axi_gmem0_ARQOS     |  out|    4|       m_axi|                                          gmem0|       pointer|
|m_axi_gmem0_ARREGION  |  out|    4|       m_axi|                                          gmem0|       pointer|
|m_axi_gmem0_ARUSER    |  out|    1|       m_axi|                                          gmem0|       pointer|
|m_axi_gmem0_RVALID    |   in|    1|       m_axi|                                          gmem0|       pointer|
|m_axi_gmem0_RREADY    |  out|    1|       m_axi|                                          gmem0|       pointer|
|m_axi_gmem0_RDATA     |   in|   16|       m_axi|                                          gmem0|       pointer|
|m_axi_gmem0_RLAST     |   in|    1|       m_axi|                                          gmem0|       pointer|
|m_axi_gmem0_RID       |   in|    1|       m_axi|                                          gmem0|       pointer|
|m_axi_gmem0_RFIFONUM  |   in|   10|       m_axi|                                          gmem0|       pointer|
|m_axi_gmem0_RUSER     |   in|    1|       m_axi|                                          gmem0|       pointer|
|m_axi_gmem0_RRESP     |   in|    2|       m_axi|                                          gmem0|       pointer|
|m_axi_gmem0_BVALID    |   in|    1|       m_axi|                                          gmem0|       pointer|
|m_axi_gmem0_BREADY    |  out|    1|       m_axi|                                          gmem0|       pointer|
|m_axi_gmem0_BRESP     |   in|    2|       m_axi|                                          gmem0|       pointer|
|m_axi_gmem0_BID       |   in|    1|       m_axi|                                          gmem0|       pointer|
|m_axi_gmem0_BUSER     |   in|    1|       m_axi|                                          gmem0|       pointer|
|sext_ln50             |   in|   63|     ap_none|                                      sext_ln50|        scalar|
|in_buf_V_address0     |  out|   13|   ap_memory|                                       in_buf_V|         array|
|in_buf_V_ce0          |  out|    1|   ap_memory|                                       in_buf_V|         array|
|in_buf_V_we0          |  out|    1|   ap_memory|                                       in_buf_V|         array|
|in_buf_V_d0           |  out|  256|   ap_memory|                                       in_buf_V|         array|
+----------------------+-----+-----+------------+-----------------------------------------------+--------------+

